		Time			Cycle	PC		Insn	Decoded instruction	Register and memory contents
         65.000 ns	         5	80000000	f14022f3	csrrs	x5,mhartid,x0	  x0:0x00000000  x5=0xffffff14
         75.000 ns	         6	80000004	00000313	addi	x6,x0,0	  x0:0x00000000  x6=0x00000000
         85.000 ns	         7	80000008	00628263	beq	x5,x6,8000000c	  x5:0x00000000  x6:0x00000000
         95.000 ns	         8	8000000c	00000b97	auipc	x23,0x0	 x23=0x8000000c
        105.000 ns	         9	80000010	00cb8b93	addi	x23,x23,12	 x23:0x00000000 x23=0x80000018
        115.000 ns	        10	80000014	000b8067	jalr	x0,x23,0	 x23:0x00000000
        165.000 ns	        15	80000018	40001fb7	lui	x31,0x40001	 x31=0x40001000
        175.000 ns	        16	8000001c	120f8f93	addi	x31,x31,288	 x31:0x00000000 x31=0x40001120
        185.000 ns	        17	80000020	301f9073	csrrw	x0,misa,x31	 x31:0x00000000
        195.000 ns	        18	80000024	00041997	auipc	x19,0x41	 x19=0x80041024
        205.000 ns	        19	80000028	00098993	addi	x19,x19,0	 x19:0x00000000 x19=0x80041024
        215.000 ns	        20	8000002c	0000af97	auipc	x31,0xa	 x31=0x8000a02c
        225.000 ns	        21	80000030	e90f8f93	addi	x31,x31,-368	 x31:0x40001120 x31=0x80009ebc
        235.000 ns	        22	80000034	000fef93	ori	x31,x31,0	 x31:0x40001120 x31=0x80009ebc
        245.000 ns	        23	80000038	305f9073	csrrw	x0,mtvec,x31	 x31:0x8000a02c
        255.000 ns	        24	8000003c	00000f97	auipc	x31,0x0	 x31=0x8000003c
        265.000 ns	        25	80000040	028f8f93	addi	x31,x31,40	 x31:0x80009ebc x31=0x80000064
        275.000 ns	        26	80000044	341f9073	csrrw	x0,mepc,x31	 x31:0x80009ebc
        285.000 ns	        27	80000048	00000013	addi	x0,x0,0	  x0:0x00000000
        295.000 ns	        28	8000004c	00004fb7	lui	x31,0x4	 x31=0x00004000
        305.000 ns	        29	80000050	800f8f93	addi	x31,x31,-2048	 x31:0x80000064 x31=0x00003800
        315.000 ns	        30	80000054	300f9073	csrrw	x0,mstatus,x31	 x31:0x80000064
        325.000 ns	        31	80000058	00000f93	addi	x31,x0,0	  x0:0x00000000 x31=0x00000000
        335.000 ns	        32	8000005c	304f9073	csrrw	x0,mie,x31	 x31:0x00003800
        345.000 ns	        33	80000060	30200073	mret	
        355.000 ns	        34	80000064	80000fb7	lui	x31,0x80000	 x31=0x80000000
        375.000 ns	        36	80000068	f00f8053	fmv.w.x	f0,x31	 x31:0x00000000  f0=0x80000000
        395.000 ns	        38	8000006c	7f800fb7	lui	x31,0x7f800	 x31=0x7f800000
        405.000 ns	        39	80000070	ffff8f93	addi	x31,x31,-1	 x31:0x80000000 x31=0x7f7fffff
        425.000 ns	        41	80000074	f00f80d3	fmv.w.x	f1,x31	 x31:0x80000000  f1=0x7f7fffff
        445.000 ns	        43	80000078	80000fb7	lui	x31,0x80000	 x31=0x80000000
        465.000 ns	        45	8000007c	f00f8153	fmv.w.x	f2,x31	 x31:0x7f7fffff  f2=0x80000000
        485.000 ns	        47	80000080	ff800fb7	lui	x31,0xff800	 x31=0xff800000
        495.000 ns	        48	80000084	ffff8f93	addi	x31,x31,-1	 x31:0x80000000 x31=0xff7fffff
        515.000 ns	        50	80000088	f00f81d3	fmv.w.x	f3,x31	 x31:0x80000000  f3=0xff7fffff
        535.000 ns	        52	8000008c	7f800fb7	lui	x31,0x7f800	 x31=0x7f800000
        545.000 ns	        53	80000090	001f8f93	addi	x31,x31,1	 x31:0xff7fffff x31=0x7f800001
        565.000 ns	        55	80000094	f00f8253	fmv.w.x	f4,x31	 x31:0xff7fffff  f4=0x7f800001
        585.000 ns	        57	80000098	80757fb7	lui	x31,0x80757	 x31=0x80757000
        595.000 ns	        58	8000009c	12af8f93	addi	x31,x31,298	 x31:0x7f800001 x31=0x8075712a
        615.000 ns	        60	800000a0	f00f82d3	fmv.w.x	f5,x31	 x31:0x7f800001  f5=0x8075712a
        635.000 ns	        62	800000a4	00169fb7	lui	x31,0x169	 x31=0x00169000
        645.000 ns	        63	800000a8	7c6f8f93	addi	x31,x31,1990	 x31:0x8075712a x31=0x001697c6
        665.000 ns	        65	800000ac	f00f8353	fmv.w.x	f6,x31	 x31:0x8075712a  f6=0x001697c6
        685.000 ns	        67	800000b0	c5094fb7	lui	x31,0xc5094	 x31=0xc5094000
        695.000 ns	        68	800000b4	dedf8f93	addi	x31,x31,-531	 x31:0x001697c6 x31=0xc5093ded
        715.000 ns	        70	800000b8	f00f83d3	fmv.w.x	f7,x31	 x31:0x001697c6  f7=0xc5093ded
        735.000 ns	        72	800000bc	7f800fb7	lui	x31,0x7f800	 x31=0x7f800000
        755.000 ns	        74	800000c0	f00f8453	fmv.w.x	f8,x31	 x31:0xc5093ded  f8=0x7f800000
        775.000 ns	        76	800000c4	7fc00fb7	lui	x31,0x7fc00	 x31=0x7fc00000
        795.000 ns	        78	800000c8	f00f84d3	fmv.w.x	f9,x31	 x31:0x7f800000  f9=0x7fc00000
        815.000 ns	        80	800000cc	80000fb7	lui	x31,0x80000	 x31=0x80000000
        835.000 ns	        82	800000d0	f00f8553	fmv.w.x	f10,x31	 x31:0x7fc00000 f10=0x80000000
        855.000 ns	        84	800000d4	1ecc6fb7	lui	x31,0x1ecc6	 x31=0x1ecc6000
        865.000 ns	        85	800000d8	b98f8f93	addi	x31,x31,-1128	 x31:0x80000000 x31=0x1ecc5b98
        885.000 ns	        87	800000dc	f00f85d3	fmv.w.x	f11,x31	 x31:0x80000000 f11=0x1ecc5b98
        905.000 ns	        89	800000e0	7f800fb7	lui	x31,0x7f800	 x31=0x7f800000
        915.000 ns	        90	800000e4	001f8f93	addi	x31,x31,1	 x31:0x1ecc5b98 x31=0x7f800001
        935.000 ns	        92	800000e8	f00f8653	fmv.w.x	f12,x31	 x31:0x1ecc5b98 f12=0x7f800001
        955.000 ns	        94	800000ec	7fc00fb7	lui	x31,0x7fc00	 x31=0x7fc00000
        975.000 ns	        96	800000f0	f00f86d3	fmv.w.x	f13,x31	 x31:0x7f800001 f13=0x7fc00000
        995.000 ns	        98	800000f4	00000f93	addi	x31,x0,0	  x0:0x00000000 x31=0x00000000
       1015.000 ns	       100	800000f8	f00f8753	fmv.w.x	f14,x31	 x31:0x7fc00000 f14=0x00000000
       1035.000 ns	       102	800000fc	2145efb7	lui	x31,0x2145e	 x31=0x2145e000
       1045.000 ns	       103	80000100	809f8f93	addi	x31,x31,-2039	 x31:0x00000000 x31=0x2145d809
       1065.000 ns	       105	80000104	f00f87d3	fmv.w.x	f15,x31	 x31:0x00000000 f15=0x2145d809
       1085.000 ns	       107	80000108	80000fb7	lui	x31,0x80000	 x31=0x80000000
       1105.000 ns	       109	8000010c	f00f8853	fmv.w.x	f16,x31	 x31:0x2145d809 f16=0x80000000
       1125.000 ns	       111	80000110	7f800fb7	lui	x31,0x7f800	 x31=0x7f800000
       1135.000 ns	       112	80000114	001f8f93	addi	x31,x31,1	 x31:0x80000000 x31=0x7f800001
       1155.000 ns	       114	80000118	f00f88d3	fmv.w.x	f17,x31	 x31:0x80000000 f17=0x7f800001
       1175.000 ns	       116	8000011c	7f800fb7	lui	x31,0x7f800	 x31=0x7f800000
       1185.000 ns	       117	80000120	001f8f93	addi	x31,x31,1	 x31:0x7f800001 x31=0x7f800001
       1205.000 ns	       119	80000124	f00f8953	fmv.w.x	f18,x31	 x31:0x7f800001 f18=0x7f800001
       1225.000 ns	       121	80000128	7f800fb7	lui	x31,0x7f800	 x31=0x7f800000
       1235.000 ns	       122	8000012c	001f8f93	addi	x31,x31,1	 x31:0x7f800001 x31=0x7f800001
       1255.000 ns	       124	80000130	f00f89d3	fmv.w.x	f19,x31	 x31:0x7f800001 f19=0x7f800001
       1275.000 ns	       126	80000134	80276fb7	lui	x31,0x80276	 x31=0x80276000
       1285.000 ns	       127	80000138	599f8f93	addi	x31,x31,1433	 x31:0x7f800001 x31=0x80276599
       1305.000 ns	       129	8000013c	f00f8a53	fmv.w.x	f20,x31	 x31:0x7f800001 f20=0x80276599
       1325.000 ns	       131	80000140	e4f24fb7	lui	x31,0xe4f24	 x31=0xe4f24000
       1335.000 ns	       132	80000144	b8ef8f93	addi	x31,x31,-1138	 x31:0x80276599 x31=0xe4f23b8e
       1355.000 ns	       134	80000148	f00f8ad3	fmv.w.x	f21,x31	 x31:0x80276599 f21=0xe4f23b8e
       1375.000 ns	       136	8000014c	6844afb7	lui	x31,0x6844a	 x31=0x6844a000
       1385.000 ns	       137	80000150	235f8f93	addi	x31,x31,565	 x31:0xe4f23b8e x31=0x6844a235
       1405.000 ns	       139	80000154	f00f8b53	fmv.w.x	f22,x31	 x31:0xe4f23b8e f22=0x6844a235
       1425.000 ns	       141	80000158	00775fb7	lui	x31,0x775	 x31=0x00775000
       1435.000 ns	       142	8000015c	80ff8f93	addi	x31,x31,-2033	 x31:0x6844a235 x31=0x0077480f
       1455.000 ns	       144	80000160	f00f8bd3	fmv.w.x	f23,x31	 x31:0x6844a235 f23=0x0077480f
       1475.000 ns	       146	80000164	00000f93	addi	x31,x0,0	  x0:0x00000000 x31=0x00000000
       1495.000 ns	       148	80000168	f00f8c53	fmv.w.x	f24,x31	 x31:0x0077480f f24=0x00000000
       1515.000 ns	       150	8000016c	7f800fb7	lui	x31,0x7f800	 x31=0x7f800000
       1535.000 ns	       152	80000170	f00f8cd3	fmv.w.x	f25,x31	 x31:0x00000000 f25=0x7f800000
       1555.000 ns	       154	80000174	7f800fb7	lui	x31,0x7f800	 x31=0x7f800000
       1575.000 ns	       156	80000178	f00f8d53	fmv.w.x	f26,x31	 x31:0x7f800000 f26=0x7f800000
       1595.000 ns	       158	8000017c	7fc00fb7	lui	x31,0x7fc00	 x31=0x7fc00000
       1615.000 ns	       160	80000180	f00f8dd3	fmv.w.x	f27,x31	 x31:0x7f800000 f27=0x7fc00000
       1635.000 ns	       162	80000184	80000fb7	lui	x31,0x80000	 x31=0x80000000
       1655.000 ns	       164	80000188	f00f8e53	fmv.w.x	f28,x31	 x31:0x7fc00000 f28=0x80000000
       1675.000 ns	       166	8000018c	8e644fb7	lui	x31,0x8e644	 x31=0x8e644000
       1685.000 ns	       167	80000190	8d9f8f93	addi	x31,x31,-1831	 x31:0x80000000 x31=0x8e6438d9
       1705.000 ns	       169	80000194	f00f8ed3	fmv.w.x	f29,x31	 x31:0x80000000 f29=0x8e6438d9
       1725.000 ns	       171	80000198	7f800fb7	lui	x31,0x7f800	 x31=0x7f800000
       1735.000 ns	       172	8000019c	ffff8f93	addi	x31,x31,-1	 x31:0x8e6438d9 x31=0x7f7fffff
       1755.000 ns	       174	800001a0	f00f8f53	fmv.w.x	f30,x31	 x31:0x8e6438d9 f30=0x7f7fffff
       1775.000 ns	       176	800001a4	00143fb7	lui	x31,0x143	 x31=0x00143000
       1785.000 ns	       177	800001a8	e0ef8f93	addi	x31,x31,-498	 x31:0x7f7fffff x31=0x00142e0e
       1805.000 ns	       179	800001ac	f00f8fd3	fmv.w.x	f31,x31	 x31:0x7f7fffff f31=0x00142e0e
       1825.000 ns	       181	800001b0	00225073	csrrwi	x0,frm,4	
       1835.000 ns	       182	800001b4	0fed8037	lui	x0,0xfed8	
       1845.000 ns	       183	800001b8	f2200013	addi	x0,x0,-222	  x0:0x00000000
       1855.000 ns	       184	800001bc	46e4e0b7	lui	x1,0x46e4e	  x1=0x46e4e000
       1865.000 ns	       185	800001c0	87408093	addi	x1,x1,-1932	  x1:0x00000000  x1=0x46e4d874
       1875.000 ns	       186	800001c4	00800113	addi	x2,x0,8	  x0:0x00000000  x2=0x00000008
       1885.000 ns	       187	800001c8	800001b7	lui	x3,0x80000	  x3=0x80000000
       1895.000 ns	       188	800001cc	00000213	addi	x4,x0,0	  x0:0x00000000  x4=0x00000000
       1905.000 ns	       189	800001d0	00000293	addi	x5,x0,0	  x0:0x00000000  x5=0x00000000
       1915.000 ns	       190	800001d4	f3e5b337	lui	x6,0xf3e5b	  x6=0xf3e5b000
       1925.000 ns	       191	800001d8	c1030313	addi	x6,x6,-1008	  x6:0x00000000  x6=0xf3e5ac10
       1935.000 ns	       192	800001dc	00300393	addi	x7,x0,3	  x0:0x00000000  x7=0x00000003
       1945.000 ns	       193	800001e0	00000413	addi	x8,x0,0	  x0:0x00000000  x8=0x00000000
       1955.000 ns	       194	800001e4	00000493	addi	x9,x0,0	  x0:0x00000000  x9=0x00000000
       1965.000 ns	       195	800001e8	f840c537	lui	x10,0xf840c	 x10=0xf840c000
       1975.000 ns	       196	800001ec	f7150513	addi	x10,x10,-143	 x10:0x00000000 x10=0xf840bf71
       1985.000 ns	       197	800001f0	1a5f55b7	lui	x11,0x1a5f5	 x11=0x1a5f5000
       1995.000 ns	       198	800001f4	dc658593	addi	x11,x11,-570	 x11:0x00000000 x11=0x1a5f4dc6
       2005.000 ns	       199	800001f8	80000637	lui	x12,0x80000	 x12=0x80000000
       2015.000 ns	       200	800001fc	00200693	addi	x13,x0,2	  x0:0x00000000 x13=0x00000002
       2025.000 ns	       201	80000200	a2b92737	lui	x14,0xa2b92	 x14=0xa2b92000
       2035.000 ns	       202	80000204	f5970713	addi	x14,x14,-167	 x14:0x00000000 x14=0xa2b91f59
       2045.000 ns	       203	80000208	00800793	addi	x15,x0,8	  x0:0x00000000 x15=0x00000008
       2055.000 ns	       204	8000020c	00000813	addi	x16,x0,0	  x0:0x00000000 x16=0x00000000
       2065.000 ns	       205	80000210	00000893	addi	x17,x0,0	  x0:0x00000000 x17=0x00000000
       2075.000 ns	       206	80000214	f4f37937	lui	x18,0xf4f37	 x18=0xf4f37000
       2085.000 ns	       207	80000218	9a790913	addi	x18,x18,-1625	 x18:0x00000000 x18=0xf4f369a7
       2095.000 ns	       208	8000021c	06ec7a37	lui	x20,0x6ec7	 x20=0x06ec7000
       2105.000 ns	       209	80000220	3baa0a13	addi	x20,x20,954	 x20:0x00000000 x20=0x06ec73ba
       2115.000 ns	       210	80000224	00000a93	addi	x21,x0,0	  x0:0x00000000 x21=0x00000000
       2125.000 ns	       211	80000228	fe333b37	lui	x22,0xfe333	 x22=0xfe333000
       2135.000 ns	       212	8000022c	b8eb0b13	addi	x22,x22,-1138	 x22:0x00000000 x22=0xfe332b8e
       2145.000 ns	       213	80000230	80000bb7	lui	x23,0x80000	 x23=0x80000000
       2155.000 ns	       214	80000234	00400c13	addi	x24,x0,4	  x0:0x00000000 x24=0x00000004
       2165.000 ns	       215	80000238	00000c93	addi	x25,x0,0	  x0:0x00000000 x25=0x00000000
       2175.000 ns	       216	8000023c	00000d13	addi	x26,x0,0	  x0:0x00000000 x26=0x00000000
       2185.000 ns	       217	80000240	80000db7	lui	x27,0x80000	 x27=0x80000000
       2195.000 ns	       218	80000244	00600e93	addi	x29,x0,6	  x0:0x00000000 x29=0x00000006
       2205.000 ns	       219	80000248	00000f13	addi	x30,x0,0	  x0:0x00000000 x30=0x00000000
       2215.000 ns	       220	8000024c	00000f93	addi	x31,x0,0	  x0:0x00000000 x31=0x00000000
       2225.000 ns	       221	80000250	00041e17	auipc	x28,0x41	 x28=0x80041250
       2235.000 ns	       222	80000254	d94e0e13	addi	x28,x28,-620	 x28:0x00000000 x28=0x80040fe4
       2255.000 ns	       224	80000258	a01b1553	flt.s	x10,f22,f1	 f22:0x6844a235  f1:0x7f7fffff x10=0x00000001
       2285.000 ns	       227	8000025c	022120b3	mulhsu	x1,x2,x2	  x2:0x00000008  x2:0x00000008  x1=0x00000000
       2305.000 ns	       229	80000260	005b0333	add	x6,x22,x5	 x22:0xfe332b8e  x5:0x00000000  x6=0xfe332b8e
       2315.000 ns	       230	80000264	1d147793	andi	x15,x8,465	  x8:0x00000000 x15=0x00000000
       2335.000 ns	       232	80000268	03164633	div	x12,x12,x17	 x12:0x80000000 x17:0x00000000 x12=0xffffffff
       2365.000 ns	       235	8000026c	297b9053	fmax.s	f0,f23,f23	 f23:0x0077480f f23:0x0077480f  f0=0x0077480f
       2395.000 ns	       238	80000270	02125233	divu	x4,x4,x1	  x4:0x00000000  x1:0x00000000  x4=0xffffffff
       2425.000 ns	       241	80000274	e0051fd3	fclass.s	x31,f10	 f10:0x80000000 x31=0x00000008
       2465.000 ns	       245	80000278	1124fed3	fmul.s	f29,f9,f18	  f9:0x7fc00000 f18:0x7f800001 f29=0x7fc00000
       2515.000 ns	       250	8000027c	095c38d3	fsub.s	f17,f24,f21	 f24:0x00000000 f21:0xe4f23b8e f17=0x64f23b8e
       2555.000 ns	       254	80000280	10b97b53	fmul.s	f22,f18,f11	 f18:0x7f800001 f11:0x1ecc5b98 f22=0x7fc00000
       2575.000 ns	       256	80000284	40228fb3	sub	x31,x5,x2	  x5:0x00000000  x2:0x00000008 x31=0xfffffff8
       2595.000 ns	       258	80000288	29a81fd3	fmax.s	f31,f16,f26	 f16:0x80000000 f26:0x7f800000 f31=0x7f800000
       2615.000 ns	       260	8000028c	ed0b8a37	lui	x20,0xed0b8	 x20=0xed0b8000
       2625.000 ns	       261	80000290	41ac5ab3	sra	x21,x24,x26	 x24:0x00000004 x26:0x00000000 x21=0x00000004
       2635.000 ns	       262	80000294	2ebfaf13	slti	x30,x31,747	 x31:0xfffffff8 x30=0x00000001
       2655.000 ns	       264	80000298	02408933	mul	x18,x1,x4	  x1:0x00000000  x4:0xffffffff x18=0x00000000
       2675.000 ns	       266	8000029c	a13f7d13	andi	x26,x30,-1517	 x30:0x00000000 x26=0x00000001
       2705.000 ns	       269	800002a0	58077153	fsqrt.s	f2,f14	 f14:0x00000000  f2=0x00000000
       2735.000 ns	       272	800002a4	c0084cd3	fcvt.w.s	x25,f16	 f16:0x80000000 x25=0x00000000
       2765.000 ns	       275	800002a8	21ad2253	fsgnjx.s	f4,f26,f26	 f26:0x7f800000 f26:0x7f800000  f4=0x7f800000
       2785.000 ns	       277	800002ac	0178bf33	sltu	x30,x17,x23	 x17:0x00000000 x23:0x80000000 x30=0x00000001
       2795.000 ns	       278	800002b0	e2a26613	ori	x12,x4,-470	  x4:0xffffffff x12=0xffffffff
       3125.000 ns	       311	800002b4	194f3f53	fdiv.s	f30,f30,f20	 f30:0x7f7fffff f20:0x80276599 f30=0xff800000
       3155.000 ns	       314	800002b8	20bf25d3	fsgnjx.s	f11,f30,f11	 f30:0x7f7fffff f11:0x1ecc5b98 f11=0xff800000
       3175.000 ns	       316	800002bc	c2274893	xori	x17,x14,-990	 x14:0xa2b91f59 x17=0x5d46e37b
       3195.000 ns	       318	800002c0	21610d53	fsgnj.s	f26,f2,f22	  f2:0x00000000 f22:0x7fc00000 f26=0x00000000
       3565.000 ns	       355	800002c4	02dcfb33	remu	x22,x25,x13	 x25:0x00000000 x13:0x00000002 x22=0x00000000
       3605.000 ns	       359	800002c8	114f7753	fmul.s	f14,f30,f20	 f30:0xff800000 f20:0x80276599 f14=0x7f800000
       3625.000 ns	       361	800002cc	2985b213	sltiu	x4,x11,664	 x11:0x1a5f4dc6  x4=0x00000000
       3635.000 ns	       362	800002d0	bed1e037	lui	x0,0xbed1e	
       3665.000 ns	       365	800002d4	11b375d3	fmul.s	f11,f6,f27	  f6:0x001697c6 f27:0x7fc00000 f11=0x7fc00000
       4845.000 ns	       483	800002d8	5800f4d3	fsqrt.s	f9,f1	  f1:0x7f7fffff  f9=0x5f350461
       4865.000 ns	       485	800002dc	06447c13	andi	x24,x8,100	  x8:0x00000000 x24=0x00000000
       4875.000 ns	       486	800002e0	825ebe93	sltiu	x29,x29,-2011	 x29:0x00000006 x29=0x00000001
       4895.000 ns	       488	800002e4	c00b34d3	fcvt.w.s	x9,f22	 f22:0x7fc00000  x9=0x7fffffff
       4915.000 ns	       490	800002e8	57ad2213	slti	x4,x26,1402	 x26:0x00000001  x4=0x00000001
       4925.000 ns	       491	800002ec	b57f0613	addi	x12,x30,-1193	 x30:0x00000001 x12=0xfffffb58
       4935.000 ns	       492	800002f0	014b2333	slt	x6,x22,x20	 x22:0x00000000 x20:0xed0b8000  x6=0x00000000
       4945.000 ns	       493	800002f4	01e1f533	and	x10,x3,x30	  x3:0x80000000 x30:0x00000001 x10=0x00000000
       4965.000 ns	       495	800002f8	c01e46d3	fcvt.wu.s	x13,f28	 f28:0x80000000 x13=0x00000000
       4995.000 ns	       498	800002fc	d01c73d3	fcvt.s.wu	f7,x24	 x24:0x00000000  f7=0x00000000
       5045.000 ns	       503	80000300	007ff4d3	fadd.s	f9,f31,f7	 f31:0x7f800000  f7:0xc5093ded  f9=0x7f800000
       5065.000 ns	       505	80000304	00b337b3	sltu	x15,x6,x11	  x6:0x00000000 x11:0x1a5f4dc6 x15=0x00000001
       5075.000 ns	       506	80000308	413c0d33	sub	x26,x24,x19	 x24:0x00000000 x19:0x80041024 x26=0x7ffbefdc
       5085.000 ns	       507	8000030c	8ce12313	slti	x6,x2,-1842	  x2:0x00000008  x6=0x00000000
       5095.000 ns	       508	80000310	00000013	addi	x0,x0,0	  x0:0x00000000
       5115.000 ns	       510	80000314	03730033	mul	x0,x6,x23	  x6:0x00000000 x23:0x80000000
       5145.000 ns	       513	80000318	28f69d53	fmax.s	f26,f13,f15	 f13:0x7fc00000 f15:0x2145d809 f26=0x2145d809
       5175.000 ns	       516	8000031c	038562b3	rem	x5,x10,x24	 x10:0x00000000 x24:0x00000000  x5=0x00000000
       5205.000 ns	       519	80000320	20af9e53	fsgnjn.s	f28,f31,f10	 f31:0x7f800000 f10:0x80000000 f28=0x7f800000
       5225.000 ns	       521	80000324	5a10c893	xori	x17,x1,1441	  x1:0x00000000 x17=0x000005a1
       5245.000 ns	       523	80000328	d01e7353	fcvt.s.wu	f6,x28	 x28:0x80040fe4  f6=0x4f00040f
       5275.000 ns	       526	8000032c	f00007d3	fmv.w.x	f15,x0	  x0:0x00000000 f15=0x00000000
       5295.000 ns	       528	80000330	41158433	sub	x8,x11,x17	 x11:0x1a5f4dc6 x17:0x000005a1  x8=0x1a5f4825
       5315.000 ns	       530	80000334	d00b7f53	fcvt.s.w	f30,x22	 x22:0x00000000 f30=0x00000000
       5335.000 ns	       532	80000338	5601f293	andi	x5,x3,1376	  x3:0x80000000  x5=0x00000000
       5345.000 ns	       533	8000033c	770fe793	ori	x15,x31,1904	 x31:0xfffffff8 x15=0xfffffff8
       5365.000 ns	       535	80000340	28939a53	fmax.s	f20,f7,f9	  f7:0x00000000  f9:0x7f800000 f20=0x7f800000
       5395.000 ns	       538	80000344	210b05d3	fsgnj.s	f11,f22,f16	 f22:0x7fc00000 f16:0x80000000 f11=0xffc00000
       5415.000 ns	       540	80000348	00d8d4b3	srl	x9,x17,x13	 x17:0x000005a1 x13:0x00000000  x9=0x000005a1
       5435.000 ns	       542	8000034c	f0058ed3	fmv.w.x	f29,x11	 x11:0x1a5f4dc6 f29=0x1a5f4dc6
       5465.000 ns	       545	80000350	02a49cb3	mulh	x25,x9,x10	  x9:0x7fffffff x10:0x00000000 x25=0x00000000
       5485.000 ns	       547	80000354	001c2fb3	slt	x31,x24,x1	 x24:0x00000000  x1:0x00000000 x31=0x00000000
       5495.000 ns	       548	80000358	b447b413	sltiu	x8,x15,-1212	 x15:0xfffffff8  x8=0x00000000
       5515.000 ns	       550	8000035c	02a9e133	rem	x2,x19,x10	 x19:0x80041024 x10:0x00000000  x2=0x80041024
       5535.000 ns	       552	80000360	bb4e3413	sltiu	x8,x28,-1100	 x28:0x80040fe4  x8=0x00000001
       5545.000 ns	       553	80000364	006dad33	slt	x26,x27,x6	 x27:0x80000000  x6:0x00000000 x26=0x00000001
       6715.000 ns	       670	80000368	5808c4d3	fsqrt.s	f9,f17	 f17:0x64f23b8e  f9=0x5230159e
       7085.000 ns	       707	8000036c	0347c7b3	div	x15,x15,x20	 x15:0xfffffff8 x20:0xed0b8000 x15=0x00000000
       7115.000 ns	       710	80000370	a13c1ed3	flt.s	x29,f24,f19	 f24:0x00000000 f19:0x7f800001 x29=0x00000000
       7135.000 ns	       712	80000374	00e2fab3	and	x21,x5,x14	  x5:0x00000000 x14:0xa2b91f59 x21=0x00000000
       7165.000 ns	       715	80000378	109ead53	fmul.s	f26,f29,f9	 f29:0x1a5f4dc6  f9:0x5230159e f26=0x2d199853
       7185.000 ns	       717	8000037c	008ca6b3	slt	x13,x25,x8	 x25:0x00000000  x8:0x00000001 x13=0x00000001
       7195.000 ns	       718	80000380	7f3cad13	slti	x26,x25,2035	 x25:0x00000000 x26=0x00000001
       7555.000 ns	       754	80000384	03437433	remu	x8,x6,x20	  x6:0x00000000 x20:0xed0b8000  x8=0x00000000
       7585.000 ns	       757	80000388	c002bf53	fcvt.w.s	x30,f5	  f5:0x8075712a x30=0x00000000
       7605.000 ns	       759	8000038c	ac3fc893	xori	x17,x31,-1341	 x31:0x00000000 x17=0xfffffac3
       7615.000 ns	       760	80000390	306472b7	lui	x5,0x30647	  x5=0x30647000
       7635.000 ns	       762	80000394	03271233	mulh	x4,x14,x18	 x14:0xa2b91f59 x18:0x00000000  x4=0x00000000
       7655.000 ns	       764	80000398	00002db3	slt	x27,x0,x0	  x0:0x00000000  x0:0x00000000 x27=0x00000000
       7665.000 ns	       765	8000039c	01759113	slli	x2,x11,0x17	 x11:0x1a5f4dc6  x2=0xe3000000
       7705.000 ns	       769	800003a0	00723cd3	fadd.s	f25,f4,f7	  f4:0x7f800000  f7:0x00000000 f25=0x7f800000
       7735.000 ns	       772	800003a4	205a0a53	fsgnj.s	f20,f20,f5	 f20:0x7f800000  f5:0x8075712a f20=0xff800000
       7765.000 ns	       775	800003a8	02aef0b3	remu	x1,x29,x10	 x29:0x00000000 x10:0x00000000  x1=0x00000000
       7785.000 ns	       777	800003ac	00bd6fb3	or	x31,x26,x11	 x26:0x00000001 x11:0x1a5f4dc6 x31=0x1a5f4dc7
       7795.000 ns	       778	800003b0	00b360b3	or	x1,x6,x11	  x6:0x00000000 x11:0x1a5f4dc6  x1=0x1a5f4dc6
       7815.000 ns	       780	800003b4	03debfb3	mulhu	x31,x29,x29	 x29:0x00000000 x29:0x00000000 x31=0x00000000
       7845.000 ns	       783	800003b8	295b9ad3	fmax.s	f21,f23,f21	 f23:0x0077480f f21:0xe4f23b8e f21=0x0077480f
       7875.000 ns	       786	800003bc	f0038ed3	fmv.w.x	f29,x7	  x7:0x00000003 f29=0x00000003
       7895.000 ns	       788	800003c0	00360ab3	add	x21,x12,x3	 x12:0xfffffb58  x3:0x80000000 x21=0x7ffffb58
       7905.000 ns	       789	800003c4	416e5a93	srai	x21,x28,0x16	 x28:0x80040fe4 x21=0xfffffe00
       7915.000 ns	       790	800003c8	01c502b3	add	x5,x10,x28	 x10:0x00000000 x28:0x80040fe4  x5=0x80040fe4
       7935.000 ns	       792	800003cc	e0050d53	fmv.x.w	x26,f10	 f10:0x80000000 x26=0x80000000
       7955.000 ns	       794	800003d0	40c68233	sub	x4,x13,x12	 x13:0x00000001 x12:0xfffffb58  x4=0x000004a9
       7975.000 ns	       796	800003d4	e00f0553	fmv.x.w	x10,f30	 f30:0x00000000 x10=0x00000000
       8005.000 ns	       799	800003d8	d019abd3	fcvt.s.wu	f23,x19	 x19:0x80041024 f23=0x4f000411
       8025.000 ns	       801	800003dc	0052c533	xor	x10,x5,x5	  x5:0x80040fe4  x5:0x80040fe4 x10=0x00000000
       8035.000 ns	       802	800003e0	4052dfb3	sra	x31,x5,x5	  x5:0x80040fe4  x5:0x80040fe4 x31=0xf80040fe
       8045.000 ns	       803	800003e4	4948aa13	slti	x20,x17,1172	 x17:0xfffffac3 x20=0x00000001
       8065.000 ns	       805	800003e8	21bb2753	fsgnjx.s	f14,f22,f27	 f22:0x7fc00000 f27:0x7fc00000 f14=0x7fc00000
       8085.000 ns	       807	800003ec	00b9a8b3	slt	x17,x19,x11	 x19:0x80041024 x11:0x1a5f4dc6 x17=0x00000001
       8095.000 ns	       808	800003f0	019ce933	or	x18,x25,x25	 x25:0x00000000 x25:0x00000000 x18=0x00000000
       9265.000 ns	       925	800003f4	5800f1d3	fsqrt.s	f3,f1	  f1:0x7f7fffff  f3=0x5f350461
       9295.000 ns	       928	800003f8	036e9fb3	mulh	x31,x29,x22	 x29:0x00000000 x22:0x00000000 x31=0x00000000
       9315.000 ns	       930	800003fc	405057b3	sra	x15,x0,x5	  x0:0x00000000  x5:0x80040fe4 x15=0x00000000
       9325.000 ns	       931	80000400	4bca2f93	slti	x31,x20,1212	 x20:0x00000001 x31=0x00000001
       9355.000 ns	       934	80000404	11ee71d3	fmul.s	f3,f28,f30	 f28:0x7f800000 f30:0x00000000  f3=0x7fc00000
       9385.000 ns	       937	80000408	20fe1153	fsgnjn.s	f2,f28,f15	 f28:0x7f800000 f15:0x00000000  f2=0xff800000
       9435.000 ns	       942	8000040c	00048a53	fadd.s	f20,f9,f0	  f9:0x5230159e  f0:0x0077480f f20=0x5230159e
       9455.000 ns	       944	80000410	009ae033	or	x0,x21,x9	 x21:0xfffffe00  x9:0x000005a1
       9475.000 ns	       946	80000414	03e1a6b3	mulhsu	x13,x3,x30	  x3:0x80000000 x30:0x00000000 x13=0x00000000
       9495.000 ns	       948	80000418	e88ff893	andi	x17,x31,-376	 x31:0x00000001 x17=0x00000000
       9505.000 ns	       949	8000041c	012687b3	add	x15,x13,x18	 x13:0x00000000 x18:0x00000000 x15=0x00000000
       9525.000 ns	       951	80000420	c01113d3	fcvt.wu.s	x7,f2	  f2:0xff800000  x7=0x00000000
       9555.000 ns	       954	80000424	20028e53	fsgnj.s	f28,f5,f0	  f5:0x8075712a  f0:0x0077480f f28=0x0075712a
       9575.000 ns	       956	80000428	00eba033	slt	x0,x23,x14	 x23:0x80000000 x14:0xa2b91f59
       9585.000 ns	       957	8000042c	bb5ec693	xori	x13,x29,-1099	 x29:0x00000000 x13=0xfffffbb5
       9595.000 ns	       958	80000430	01e153b3	srl	x7,x2,x30	  x2:0xe3000000 x30:0x00000000  x7=0xe3000000
       9615.000 ns	       960	80000434	02be3d33	mulhu	x26,x28,x11	 x28:0x80040fe4 x11:0x1a5f4dc6 x26=0x0d301203
       9645.000 ns	       963	80000438	a1500b53	fle.s	x22,f0,f21	  f0:0x0077480f f21:0x0077480f x22=0x00000001
       9695.000 ns	       968	8000043c	01e77753	fadd.s	f14,f14,f30	 f14:0x7fc00000 f30:0x00000000 f14=0x7fc00000
       9725.000 ns	       971	80000440	f00c8e53	fmv.w.x	f28,x25	 x25:0x00000000 f28=0x00000000
       9745.000 ns	       973	80000444	44a38193	addi	x3,x7,1098	  x7:0xe3000000  x3=0xe300044a
       9755.000 ns	       974	80000448	4084d633	sra	x12,x9,x8	  x9:0x000005a1  x8:0x00000000 x12=0x000005a1
       9775.000 ns	       976	8000044c	c012b453	fcvt.wu.s	x8,f5	  f5:0x8075712a  x8=0x00000000
       9795.000 ns	       978	80000450	0010cf33	xor	x30,x1,x1	  x1:0x1a5f4dc6  x1:0x1a5f4dc6 x30=0x00000000
      10155.000 ns	      1014	80000454	035762b3	rem	x5,x14,x21	 x14:0xa2b91f59 x21:0xfffffe00  x5=0xffffff59
      10175.000 ns	      1016	80000458	411e8333	sub	x6,x29,x17	 x29:0x00000000 x17:0x00000000  x6=0x00000000
      10195.000 ns	      1018	8000045c	d01688d3	fcvt.s.wu	f17,x13	 x13:0xfffffbb5 f17=0x4f7ffffc
      10225.000 ns	      1021	80000460	e0021353	fclass.s	x6,f4	  f4:0x7f800000  x6=0x00000080
      10255.000 ns	      1024	80000464	c0177953	fcvt.wu.s	x18,f14	 f14:0x7fc00000 x18=0xffffffff
      10275.000 ns	      1026	80000468	00000013	addi	x0,x0,0	  x0:0x00000000
      10305.000 ns	      1029	8000046c	5809c9d3	fsqrt.s	f19,f19	 f19:0x7f800001 f19=0x7fc00000
      10325.000 ns	      1031	80000470	00000013	addi	x0,x0,0	  x0:0x00000000
      11445.000 ns	      1143	80000474	580ea3d3	fsqrt.s	f7,f29	 f29:0x00000003  f7=0x1f350488
      11465.000 ns	      1145	80000478	45340893	addi	x17,x8,1107	  x8:0x00000000 x17=0x00000453
      11485.000 ns	      1147	8000047c	21301b53	fsgnjn.s	f22,f0,f19	  f0:0x0077480f f19:0x7fc00000 f22=0x8077480f
      11505.000 ns	      1149	80000480	00c19913	slli	x18,x3,0xc	  x3:0xe300044a x18=0x0044a000
      11515.000 ns	      1150	80000484	f83d4413	xori	x8,x26,-125	 x26:0x0d301203  x8=0xf2cfed80
      11535.000 ns	      1152	80000488	21278953	fsgnj.s	f18,f15,f18	 f15:0x00000000 f18:0x7f800001 f18=0x00000000
      11565.000 ns	      1155	8000048c	c0107dd3	fcvt.wu.s	x27,f0	  f0:0x0077480f x27=0x00000000
      11595.000 ns	      1158	80000490	f0000bd3	fmv.w.x	f23,x0	  x0:0x00000000 f23=0x00000000
      11615.000 ns	      1160	80000494	001031b3	sltu	x3,x0,x1	  x0:0x00000000  x1:0x1a5f4dc6  x3=0x00000001
      11625.000 ns	      1161	80000498	41280c33	sub	x24,x16,x18	 x16:0x00000000 x18:0x0044a000 x24=0xffbb6000
      11635.000 ns	      1162	8000049c	01f84533	xor	x10,x16,x31	 x16:0x00000000 x31:0x00000001 x10=0x00000001
      11655.000 ns	      1164	800004a0	02dc23b3	mulhsu	x7,x24,x13	 x24:0x00000000 x13:0xfffffbb5  x7=0xffbb6001
      11685.000 ns	      1167	800004a4	0372b4b3	mulhu	x9,x5,x23	  x5:0xffffff59 x23:0x80000000  x9=0x7fffffac
      11715.000 ns	      1170	800004a8	a0252a53	feq.s	x20,f10,f2	 f10:0x80000000  f2:0xff800000 x20=0x00000000
      11745.000 ns	      1173	800004ac	a19a84d3	fle.s	x9,f21,f25	 f21:0x0077480f f25:0x7f800000  x9=0x00000001
      11765.000 ns	      1175	800004b0	41f40733	sub	x14,x8,x31	  x8:0xf2cfed80 x31:0x00000001 x14=0xf2cfed7f
      11805.000 ns	      1179	800004b4	084badd3	fsub.s	f27,f23,f4	 f23:0x00000000  f4:0x7f800000 f27=0xff800000
      11835.000 ns	      1182	800004b8	298a15d3	fmax.s	f11,f20,f24	 f20:0x5230159e f24:0x00000000 f11=0x5230159e
      11865.000 ns	      1185	800004bc	e00a9453	fclass.s	x8,f21	 f21:0x0077480f  x8=0x00000020
      11895.000 ns	      1188	800004c0	201682d3	fsgnj.s	f5,f13,f1	 f13:0x7fc00000  f1:0x7f7fffff  f5=0x7fc00000
      11915.000 ns	      1190	800004c4	41c547b7	lui	x15,0x41c54	 x15=0x41c54000
      11925.000 ns	      1191	800004c8	01360433	add	x8,x12,x19	 x12:0x000005a1 x19:0x80041024  x8=0x800415c5
      11935.000 ns	      1192	800004cc	019bc7b3	xor	x15,x23,x25	 x23:0x80000000 x25:0x00000000 x15=0x80000000
      11945.000 ns	      1193	800004d0	00afc033	xor	x0,x31,x10	 x31:0x00000001 x10:0x00000001
      12305.000 ns	      1229	800004d4	037253b3	divu	x7,x4,x23	  x4:0x000004a9 x23:0x80000000  x7=0x00000000
      12335.000 ns	      1232	800004d8	208c1cd3	fsgnjn.s	f25,f24,f8	 f24:0x00000000  f8:0x7f800000 f25=0x80000000
      12365.000 ns	      1235	800004dc	03b96933	rem	x18,x18,x27	 x18:0x0044a000 x27:0x00000000 x18=0x0044a000
      12415.000 ns	      1240	800004e0	098574d3	fsub.s	f9,f10,f24	 f10:0x80000000 f24:0x00000000  f9=0x80000000
      12435.000 ns	      1242	800004e4	a2e78f13	addi	x30,x15,-1490	 x15:0x80000000 x30=0x7ffffa2e
      12455.000 ns	      1244	800004e8	e00d0553	fmv.x.w	x10,f26	 f26:0x2d199853 x10=0x2d199853
      12475.000 ns	      1246	800004ec	00b5dfb3	srl	x31,x11,x11	 x11:0x1a5f4dc6 x11:0x1a5f4dc6 x31=0x00697d37
      12485.000 ns	      1247	800004f0	a57cbf93	sltiu	x31,x25,-1449	 x25:0x00000000 x31=0x00000001
      12505.000 ns	      1249	800004f4	036d3c33	mulhu	x24,x26,x22	 x26:0x0d301203 x22:0x00000001 x24=0x00000000
      12535.000 ns	      1252	800004f8	201482d3	fsgnj.s	f5,f9,f1	  f9:0x80000000  f1:0x7f7fffff  f5=0x00000000
      12565.000 ns	      1255	800004fc	f00108d3	fmv.w.x	f17,x2	  x2:0xe3000000 f17=0xe3000000
      12585.000 ns	      1257	80000500	0106ed33	or	x26,x13,x16	 x13:0xfffffbb5 x16:0x00000000 x26=0xfffffbb5
      12615.000 ns	      1260	80000504	19c39353	fdiv.s	f6,f7,f28	  f7:0x1f350488 f28:0x00000000  f6=0x7f800000
      12635.000 ns	      1262	80000508	019a3433	sltu	x8,x20,x25	 x20:0x00000000 x25:0x00000000  x8=0x00000000
      12675.000 ns	      1266	8000050c	000974d3	fadd.s	f9,f18,f0	 f18:0x00000000  f0:0x0077480f  f9=0x0077480f
      12695.000 ns	      1268	80000510	00d06db3	or	x27,x0,x13	  x0:0x00000000 x13:0xfffffbb5 x27=0xfffffbb5
      12705.000 ns	      1269	80000514	c76cf893	andi	x17,x25,-906	 x25:0x00000000 x17=0x00000000
      12725.000 ns	      1271	80000518	d011cbd3	fcvt.s.wu	f23,x3	  x3:0x00000001 f23=0x3f800000
      12745.000 ns	      1273	8000051c	a8655917	auipc	x18,0xa8655	 x18=0x2865551c
      12755.000 ns	      1274	80000520	9570ac13	slti	x24,x1,-1705	  x1:0x1a5f4dc6 x24=0x00000000
      12775.000 ns	      1276	80000524	03006db3	rem	x27,x0,x16	  x0:0x00000000 x16:0x00000000 x27=0x00000000
      12795.000 ns	      1278	80000528	0030a7b3	slt	x15,x1,x3	  x1:0x1a5f4dc6  x3:0x00000001 x15=0x00000000
      12825.000 ns	      1281	8000052c	19fa7cd3	fdiv.s	f25,f20,f31	 f20:0x5230159e f31:0x7f800000 f25=0x00000000
      12865.000 ns	      1285	80000530	182e2953	fdiv.s	f18,f28,f2	 f28:0x00000000  f2:0xff800000 f18=0x80000000
      12895.000 ns	      1288	80000534	a0381f53	flt.s	x30,f16,f3	 f16:0x80000000  f3:0x7fc00000 x30=0x00000000
      12935.000 ns	      1292	80000538	18137653	fdiv.s	f12,f6,f1	  f6:0x7f800000  f1:0x7f7fffff f12=0x7f800000
      12965.000 ns	      1295	8000053c	d007fe53	fcvt.s.w	f28,x15	 x15:0x00000000 f28=0x00000000
      12985.000 ns	      1297	80000540	40afd233	sra	x4,x31,x10	 x31:0x00000001 x10:0x2d199853  x4=0x00000000
      13005.000 ns	      1299	80000544	214886d3	fsgnj.s	f13,f17,f20	 f17:0xe3000000 f20:0x5230159e f13=0x63000000
      13045.000 ns	      1303	80000548	11e699d3	fmul.s	f19,f13,f30	 f13:0x7fc00000 f30:0x00000000 f19=0x00000000
      13075.000 ns	      1306	8000054c	29291953	fmax.s	f18,f18,f18	 f18:0x80000000 f18:0x80000000 f18=0x80000000
      13125.000 ns	      1311	80000550	0063ff53	fadd.s	f30,f7,f6	  f7:0x1f350488  f6:0x7f800000 f30=0x7f800000
      13155.000 ns	      1314	80000554	e00e9153	fclass.s	x2,f29	 f29:0x00000003  x2=0x00000020
      13185.000 ns	      1317	80000558	03570333	mul	x6,x14,x21	 x14:0xf2cfed7f x21:0xfffffe00  x6=0x60250200
      13215.000 ns	      1320	8000055c	28039cd3	fmax.s	f25,f7,f0	  f7:0x1f350488  f0:0x0077480f f25=0x1f350488
      13235.000 ns	      1322	80000560	4a348eb7	lui	x29,0x4a348	 x29=0x4a348000
      13245.000 ns	      1323	80000564	87ceae93	slti	x29,x29,-1924	 x29:0x00000000 x29=0x00000000
      13255.000 ns	      1324	80000568	01cdb533	sltu	x10,x27,x28	 x27:0x00000000 x28:0x80040fe4 x10=0x00000001
      13275.000 ns	      1326	8000056c	027a33b3	mulhu	x7,x20,x7	 x20:0x00000000  x7:0x00000000  x7=0x00000000
      13305.000 ns	      1329	80000570	21352cd3	fsgnjx.s	f25,f10,f19	 f10:0x80000000 f19:0x00000000 f25=0x80000000
      13335.000 ns	      1332	80000574	f0088153	fmv.w.x	f2,x17	 x17:0x00000000  f2=0x00000000
      13365.000 ns	      1335	80000578	a03783d3	fle.s	x7,f15,f3	 f15:0x00000000  f3:0x7fc00000  x7=0x00000000
      13395.000 ns	      1338	8000057c	020af833	remu	x16,x21,x0	 x21:0xfffffe00  x0:0x00000000 x16=0xfffffe00
      13415.000 ns	      1340	80000580	01c85c33	srl	x24,x16,x28	 x16:0x00000000 x28:0x80040fe4 x24=0x0fffffe0
      13425.000 ns	      1341	80000584	00ab6733	or	x14,x22,x10	 x22:0x00000001 x10:0x00000001 x14=0x00000001
      13445.000 ns	      1343	80000588	28828053	fmin.s	f0,f5,f8	  f5:0x00000000  f8:0x7f800000  f0=0x00000000
      13465.000 ns	      1345	8000058c	5b36cf13	xori	x30,x13,1459	 x13:0xfffffbb5 x30=0xfffffe06
      13475.000 ns	      1346	80000590	76233c13	sltiu	x24,x6,1890	  x6:0x60250200 x24=0x00000000
      13485.000 ns	      1347	80000594	01a91a33	sll	x20,x18,x26	 x18:0x2865551c x26:0xfffffbb5 x20=0xa3800000
      13525.000 ns	      1351	80000598	01fc7d53	fadd.s	f26,f24,f31	 f24:0x00000000 f31:0x7f800000 f26=0x7f800000
      13545.000 ns	      1353	8000059c	40dbe417	auipc	x8,0x40dbe	  x8=0xc0dbe59c
      13555.000 ns	      1354	800005a0	00206133	or	x2,x0,x2	  x0:0x00000000  x2:0x00000020  x2=0x00000020
      13565.000 ns	      1355	800005a4	40435213	srai	x4,x6,0x4	  x6:0x60250200  x4=0x06025020
      13585.000 ns	      1357	800005a8	200a1fd3	fsgnjn.s	f31,f20,f0	 f20:0x5230159e  f0:0x00000000 f31=0xd230159e
      13605.000 ns	      1359	800005ac	0ce34f93	xori	x31,x6,206	  x6:0x60250200 x31=0x602502ce
      13965.000 ns	      1395	800005b0	033dffb3	remu	x31,x27,x19	 x27:0x00000000 x19:0x80041024 x31=0x00000000
      13985.000 ns	      1397	800005b4	010bd193	srli	x3,x23,0x10	 x23:0x80000000  x3=0x00008000
      13995.000 ns	      1398	800005b8	008a4fb3	xor	x31,x20,x8	 x20:0xa3800000  x8:0xc0dbe59c x31=0x635be59c
      14015.000 ns	      1400	800005bc	03fc26b3	mulhsu	x13,x24,x31	 x24:0x00000000 x31:0x00000000 x13=0x00000000
      14045.000 ns	      1403	800005c0	28be8353	fmin.s	f6,f29,f11	 f29:0x00000003 f11:0x5230159e  f6=0x00000003
      14065.000 ns	      1405	800005c4	41cfdeb3	sra	x29,x31,x28	 x31:0x635be59c x28:0x80040fe4 x29=0x0635be59
      15235.000 ns	      1522	800005c8	5803ac53	fsqrt.s	f24,f7	  f7:0x1f350488 f24=0x2effff2c
      15255.000 ns	      1524	800005cc	3524d7b7	lui	x15,0x3524d	 x15=0x3524d000
      15265.000 ns	      1525	800005d0	703fe293	ori	x5,x31,1795	 x31:0x635be59c  x5=0x635be79f
      15275.000 ns	      1526	800005d4	72974393	xori	x7,x14,1833	 x14:0x00000001  x7=0x00000728
      15285.000 ns	      1527	800005d8	00fe1813	slli	x16,x28,0xf	 x28:0x80040fe4 x16=0x07f20000
      15295.000 ns	      1528	800005dc	01d40d33	add	x26,x8,x29	  x8:0xc0dbe59c x29:0x0635be59 x26=0xc711a3f5
      15335.000 ns	      1532	800005e0	09a67353	fsub.s	f6,f12,f26	 f12:0x7f800000 f26:0x7f800000  f6=0x80000000
      15365.000 ns	      1535	800005e4	2188a7d3	fsgnjx.s	f15,f17,f24	 f17:0xe3000000 f24:0x2effff2c f15=0xe3000000
      15385.000 ns	      1537	800005e8	013e57b3	srl	x15,x28,x19	 x28:0x80040fe4 x19:0x80041024 x15=0x080040fe
      15405.000 ns	      1539	800005ec	027a26b3	mulhsu	x13,x20,x7	 x20:0xa3800000  x7:0x00000728 x13=0xfffffd6a
      15775.000 ns	      1576	800005f0	02497f33	remu	x30,x18,x4	 x18:0x2865551c  x4:0x06025020 x30=0x0457745c
      15795.000 ns	      1578	800005f4	00fc9593	slli	x11,x25,0xf	 x25:0x00000000 x11=0x00000000
      15825.000 ns	      1581	800005f8	18302653	fdiv.s	f12,f0,f3	  f0:0x00000000  f3:0x7fc00000 f12=0x7fc00000
      15855.000 ns	      1584	800005fc	03cb1233	mulh	x4,x22,x28	 x22:0x00000001 x28:0x80040fe4  x4=0xffffffff
      15885.000 ns	      1587	80000600	201a9453	fsgnjn.s	f8,f21,f1	 f21:0x0077480f  f1:0x7f7fffff  f8=0x8077480f
      16255.000 ns	      1624	80000604	0361ceb3	div	x29,x3,x22	  x3:0x00008000 x22:0x00000001 x29=0x00008000
      16275.000 ns	      1626	80000608	41f80133	sub	x2,x16,x31	 x16:0x07f20000 x31:0x635be59c  x2=0xa4961a64
      16605.000 ns	      1659	8000060c	197442d3	fdiv.s	f5,f8,f23	  f8:0x8077480f f23:0x3f800000  f5=0x80000000
      16635.000 ns	      1662	80000610	039a74b3	remu	x9,x20,x25	 x20:0xa3800000 x25:0x00000000  x9=0xa3800000
      16655.000 ns	      1664	80000614	403e82b3	sub	x5,x29,x3	 x29:0x00008000  x3:0x00008000  x5=0x00000000
      16685.000 ns	      1667	80000618	580cffd3	fsqrt.s	f31,f25	 f25:0x80000000 f31=0x80000000
      16715.000 ns	      1670	8000061c	030a3333	mulhu	x6,x20,x16	 x20:0xa3800000 x16:0x07f20000  x6=0x05130f00
      16735.000 ns	      1672	80000620	8cf8a737	lui	x14,0x8cf8a	 x14=0x8cf8a000
      16745.000 ns	      1673	80000624	b6fb3937	lui	x18,0xb6fb3	 x18=0xb6fb3000
      16765.000 ns	      1675	80000628	211f98d3	fsgnjn.s	f17,f31,f17	 f31:0x80000000 f17:0xe3000000 f17=0x00000000
      16795.000 ns	      1678	8000062c	e0089b53	fclass.s	x22,f17	 f17:0xe3000000 x22=0x00000010
      16825.000 ns	      1681	80000630	21f91cd3	fsgnjn.s	f25,f18,f31	 f18:0x80000000 f31:0x80000000 f25=0x00000000
      16855.000 ns	      1684	80000634	21f308d3	fsgnj.s	f17,f6,f31	  f6:0x80000000 f31:0x80000000 f17=0x80000000
      16875.000 ns	      1686	80000638	00f00cb3	add	x25,x0,x15	  x0:0x00000000 x15:0x080040fe x25=0x080040fe
      16885.000 ns	      1687	8000063c	87e94293	xori	x5,x18,-1922	 x18:0xb6fb3000  x5=0x4904c87e
      16905.000 ns	      1689	80000640	d0107a53	fcvt.s.wu	f20,x0	  x0:0x00000000 f20=0x00000000
      16945.000 ns	      1693	80000644	19b17053	fdiv.s	f0,f2,f27	  f2:0x00000000 f27:0xff800000  f0=0x80000000
      16975.000 ns	      1696	80000648	d01e7b53	fcvt.s.wu	f22,x28	 x28:0x80040fe4 f22=0x4f00040f
      17005.000 ns	      1699	8000064c	29c989d3	fmin.s	f19,f19,f28	 f19:0x00000000 f28:0x00000000 f19=0x00000000
      17025.000 ns	      1701	80000650	005d43b3	xor	x7,x26,x5	 x26:0xc711a3f5  x5:0x4904c87e  x7=0x8e156b8b
      17035.000 ns	      1702	80000654	678a3c13	sltiu	x24,x20,1656	 x20:0xa3800000 x24=0x00000000
      17065.000 ns	      1705	80000658	19512e53	fdiv.s	f28,f2,f21	  f2:0x00000000 f21:0x0077480f f28=0x00000000
      17095.000 ns	      1708	8000065c	293905d3	fmin.s	f11,f18,f19	 f18:0x80000000 f19:0x00000000 f11=0x80000000
      17125.000 ns	      1711	80000660	d01c28d3	fcvt.s.wu	f17,x24	 x24:0x00000000 f17=0x00000000
      17145.000 ns	      1713	80000664	404054b3	sra	x9,x0,x4	  x0:0x00000000  x4:0xffffffff  x9=0x00000000
      17155.000 ns	      1714	80000668	00be4833	xor	x16,x28,x11	 x28:0x80040fe4 x11:0x00000000 x16=0x80040fe4
      17175.000 ns	      1716	8000066c	28608ad3	fmin.s	f21,f1,f6	  f1:0x7f7fffff  f6:0x80000000 f21=0x80000000
      17205.000 ns	      1719	80000670	a0fa9253	flt.s	x4,f21,f15	 f21:0x0077480f f15:0xe3000000  x4=0x00000000
      17225.000 ns	      1721	80000674	2ce22113	slti	x2,x4,718	  x4:0xffffffff  x2=0x00000001
      17235.000 ns	      1722	80000678	00fe58b3	srl	x17,x28,x15	 x28:0x80040fe4 x15:0x080040fe x17=0x00000002
      17255.000 ns	      1724	8000067c	03461533	mulh	x10,x12,x20	 x12:0x000005a1 x20:0xa3800000 x10=0xfffffdf7
      17275.000 ns	      1726	80000680	0018c233	xor	x4,x17,x1	 x17:0x00000000  x1:0x1a5f4dc6  x4=0x1a5f4dc4
      17295.000 ns	      1728	80000684	02f8a4b3	mulhsu	x9,x17,x15	 x17:0x00000002 x15:0x080040fe  x9=0x00000000
      17325.000 ns	      1731	80000688	28948bd3	fmin.s	f23,f9,f9	  f9:0x0077480f  f9:0x0077480f f23=0x0077480f
      17355.000 ns	      1734	8000068c	a1740d53	fle.s	x26,f8,f23	  f8:0x8077480f f23:0x3f800000 x26=0x00000001
      17385.000 ns	      1737	80000690	c0097953	fcvt.w.s	x18,f18	 f18:0x80000000 x18=0x00000000
      17405.000 ns	      1739	80000694	005cca33	xor	x20,x25,x5	 x25:0x080040fe  x5:0x4904c87e x20=0x41048880
      17425.000 ns	      1741	80000698	a15d0d53	fle.s	x26,f26,f21	 f26:0x7f800000 f21:0x80000000 x26=0x00000000
      17455.000 ns	      1744	8000069c	e00783d3	fmv.x.w	x7,f15	 f15:0xe3000000  x7=0xe3000000
      17485.000 ns	      1747	800006a0	02d686b3	mul	x13,x13,x13	 x13:0xfffffd6a x13:0xfffffd6a x13=0x0006afe4
      17505.000 ns	      1749	800006a4	00bd0f33	add	x30,x26,x11	 x26:0x00000000 x11:0x00000000 x30=0x00000000
      17535.000 ns	      1752	800006a8	11e0bf53	fmul.s	f30,f1,f30	  f1:0x7f7fffff f30:0x7f800000 f30=0x7f800000
      17585.000 ns	      1757	800006ac	08b5fe53	fsub.s	f28,f11,f11	 f11:0x80000000 f11:0x80000000 f28=0x00000000
      17615.000 ns	      1760	800006b0	d01e1153	fcvt.s.wu	f2,x28	 x28:0x80040fe4  f2=0x4f00040f
      17645.000 ns	      1763	800006b4	e0051d53	fclass.s	x26,f10	 f10:0x80000000 x26=0x00000008
      18015.000 ns	      1800	800006b8	03a1d0b3	divu	x1,x3,x26	  x3:0x00008000 x26:0x00000000  x1=0x00001000
      18045.000 ns	      1803	800006bc	035792b3	mulh	x5,x15,x21	 x15:0x080040fe x21:0xfffffe00  x5=0xffffffef
      18085.000 ns	      1807	800006c0	11167e53	fmul.s	f28,f12,f17	 f12:0x7fc00000 f17:0x00000000 f28=0x7fc00000
      18105.000 ns	      1809	800006c4	00059433	sll	x8,x11,x0	 x11:0x00000000  x0:0x00000000  x8=0x00000000
      18145.000 ns	      1813	800006c8	098b9ed3	fsub.s	f29,f23,f24	 f23:0x0077480f f24:0x2effff2c f29=0xaeffff2c
      18175.000 ns	      1816	800006cc	21b91cd3	fsgnjn.s	f25,f18,f27	 f18:0x80000000 f27:0xff800000 f25=0x00000000
      18205.000 ns	      1819	800006d0	20ac96d3	fsgnjn.s	f13,f25,f10	 f25:0x00000000 f10:0x80000000 f13=0x00000000
      18235.000 ns	      1822	800006d4	e0091ed3	fclass.s	x29,f18	 f18:0x80000000 x29=0x00000008
      18265.000 ns	      1825	800006d8	02bc3cb3	mulhu	x25,x24,x11	 x24:0x00000000 x11:0x00000000 x25=0x00000000
      18285.000 ns	      1827	800006dc	f579f313	andi	x6,x19,-169	 x19:0x80041024  x6=0x80041004
      18305.000 ns	      1829	800006e0	027b0133	mul	x2,x22,x7	 x22:0x00000010  x7:0xe3000000  x2=0x30000000
      18335.000 ns	      1832	800006e4	a1bf83d3	fle.s	x7,f31,f27	 f31:0x80000000 f27:0xff800000  x7=0x00000000
      18355.000 ns	      1834	800006e8	0197c2b3	xor	x5,x15,x25	 x15:0x080040fe x25:0x00000000  x5=0x080040fe
      18365.000 ns	      1835	800006ec	00f32733	slt	x14,x6,x15	  x6:0x80041004 x15:0x080040fe x14=0x00000001
      18375.000 ns	      1836	800006f0	544cbd93	sltiu	x27,x25,1348	 x25:0x00000000 x27=0x00000001
      18735.000 ns	      1872	800006f4	03b9cfb3	div	x31,x19,x27	 x19:0x80041024 x27:0x00000000 x31=0x80041024
      18755.000 ns	      1874	800006f8	000c7ab3	and	x21,x24,x0	 x24:0x00000000  x0:0x00000000 x21=0x00000000
      18765.000 ns	      1875	800006fc	01fe75b3	and	x11,x28,x31	 x28:0x80040fe4 x31:0x80041024 x11=0x80040024
      18775.000 ns	      1876	80000700	9a4a8313	addi	x6,x21,-1628	 x21:0xfffffe00  x6=0xfffff9a4
      18785.000 ns	      1877	80000704	65e2e613	ori	x12,x5,1630	  x5:0x080040fe x12=0x080046fe
      18805.000 ns	      1879	80000708	a1038d53	fle.s	x26,f7,f16	  f7:0x1f350488 f16:0x80000000 x26=0x00000000
      19175.000 ns	      1916	8000070c	03365833	divu	x16,x12,x19	 x12:0x000005a1 x19:0x80041024 x16=0x00000000
      19195.000 ns	      1918	80000710	4836aa13	slti	x20,x13,1155	 x13:0x0006afe4 x20=0x00000000
      19215.000 ns	      1920	80000714	d0000fd3	fcvt.s.w	f31,x0	  x0:0x00000000 f31=0x00000000
      19235.000 ns	      1922	80000718	e2f52d93	slti	x27,x10,-465	 x10:0xfffffdf7 x27=0x00000001
      19255.000 ns	      1924	8000071c	c0138553	fcvt.wu.s	x10,f7	  f7:0x1f350488 x10=0x00000000
      19285.000 ns	      1927	80000720	a06e82d3	fle.s	x5,f29,f6	 f29:0xaeffff2c  f6:0x80000000  x5=0x00000001
      19315.000 ns	      1930	80000724	a14d8ad3	fle.s	x21,f27,f20	 f27:0xff800000 f20:0x00000000 x21=0x00000001
      19335.000 ns	      1932	80000728	269e4c97	auipc	x25,0x269e4	 x25=0xa69e4728
      19345.000 ns	      1933	8000072c	00000013	addi	x0,x0,0	  x0:0x00000000
      19355.000 ns	      1934	80000730	400e8ab3	sub	x21,x29,x0	 x29:0x00000008  x0:0x00000000 x21=0x00000008
      19365.000 ns	      1935	80000734	32fd0b13	addi	x22,x26,815	 x26:0x00000000 x22=0x0000032f
      19385.000 ns	      1937	80000738	03b68233	mul	x4,x13,x27	 x13:0x0006afe4 x27:0x00000001  x4=0x0006afe4
      19405.000 ns	      1939	8000073c	01a0db33	srl	x22,x1,x26	  x1:0x00001000 x26:0x00000000 x22=0x00001000
      19415.000 ns	      1940	80000740	e503b113	sltiu	x2,x7,-432	  x7:0x00000000  x2=0x00000001
      19435.000 ns	      1942	80000744	a0339c53	flt.s	x24,f7,f3	  f7:0x1f350488  f3:0x7fc00000 x24=0x00000000
      19465.000 ns	      1945	80000748	21822bd3	fsgnjx.s	f23,f4,f24	  f4:0x7f800000 f24:0x2effff2c f23=0x7f800000
      19485.000 ns	      1947	8000074c	41f10fb3	sub	x31,x2,x31	  x2:0x00000001 x31:0x80041024 x31=0x7ffbefdd
      19845.000 ns	      1983	80000750	02bacf33	div	x30,x21,x11	 x21:0x00000008 x11:0x80040024 x30=0x00000000
      19865.000 ns	      1985	80000754	40738233	sub	x4,x7,x7	  x7:0x00000000  x7:0x00000000  x4=0x00000000
      19875.000 ns	      1986	80000758	e4b01697	auipc	x13,0xe4b01	 x13=0x64b01758
      19885.000 ns	      1987	8000075c	5cd68893	addi	x17,x13,1485	 x13:0x0006afe4 x17=0x64b01d25
      19895.000 ns	      1988	80000760	a92eb013	sltiu	x0,x29,-1390	 x29:0x00000008
      19905.000 ns	      1989	80000764	360bc113	xori	x2,x23,864	 x23:0x80000000  x2=0x80000360
      19925.000 ns	      1991	80000768	28678b53	fmin.s	f22,f15,f6	 f15:0xe3000000  f6:0x80000000 f22=0xe3000000
      19955.000 ns	      1994	8000076c	c01bc253	fcvt.wu.s	x4,f23	 f23:0x7f800000  x4=0xffffffff
      19975.000 ns	      1996	80000770	12286a93	ori	x21,x16,290	 x16:0x00000000 x21=0x00000122
      19995.000 ns	      1998	80000774	e0008153	fmv.x.w	x2,f1	  f1:0x7f7fffff  x2=0x7f7fffff
      20015.000 ns	      2000	80000778	01eacdb3	xor	x27,x21,x30	 x21:0x00000008 x30:0x00000000 x27=0x00000122
      20035.000 ns	      2002	8000077c	a1602253	feq.s	x4,f0,f22	  f0:0x80000000 f22:0xe3000000  x4=0x00000000
      20065.000 ns	      2005	80000780	e00b94d3	fclass.s	x9,f23	 f23:0x7f800000  x9=0x00000080
      20085.000 ns	      2007	80000784	a9400b13	addi	x22,x0,-1388	  x0:0x00000000 x22=0xfffffa94
      20095.000 ns	      2008	80000788	e37cedb7	lui	x27,0xe37ce	 x27=0xe37ce000
      20115.000 ns	      2010	8000078c	291f8bd3	fmin.s	f23,f31,f17	 f31:0x00000000 f17:0x00000000 f23=0x00000000
      20485.000 ns	      2047	80000790	021fcb33	div	x22,x31,x1	 x31:0x7ffbefdd  x1:0x00001000 x22=0x0007ffbe
      20515.000 ns	      2050	80000794	a01d0653	fle.s	x12,f26,f1	 f26:0x7f800000  f1:0x7f7fffff x12=0x00000000
      20545.000 ns	      2053	80000798	03d98433	mul	x8,x19,x29	 x19:0x80041024 x29:0x00000008  x8=0x00208120
      20585.000 ns	      2057	8000079c	1916c0d3	fdiv.s	f1,f13,f17	 f13:0x00000000 f17:0x00000000  f1=0x7fc00000
      20605.000 ns	      2059	800007a0	bb8e0613	addi	x12,x28,-1096	 x28:0x80040fe4 x12=0x80040b9c
      20625.000 ns	      2061	800007a4	e00f0053	fmv.x.w	x0,f30	 f30:0x7f800000
      20645.000 ns	      2063	800007a8	00000013	addi	x0,x0,0	  x0:0x00000000
      20665.000 ns	      2065	800007ac	02ab92b3	mulh	x5,x23,x10	 x23:0x80000000 x10:0x00000000  x5=0x00000000
      20695.000 ns	      2068	800007b0	c00af3d3	fcvt.w.s	x7,f21	 f21:0x80000000  x7=0x00000000
      20715.000 ns	      2070	800007b4	e6d798b7	lui	x17,0xe6d79	 x17=0xe6d79000
      20735.000 ns	      2072	800007b8	28308053	fmin.s	f0,f1,f3	  f1:0x7fc00000  f3:0x7fc00000  f0=0x7fc00000
      20755.000 ns	      2074	800007bc	00521d33	sll	x26,x4,x5	  x4:0x00000000  x5:0x00000000 x26=0x00000000
      20765.000 ns	      2075	800007c0	011981b3	add	x3,x19,x17	 x19:0x80041024 x17:0xe6d79000  x3=0x66dba024
      20775.000 ns	      2076	800007c4	002d9c33	sll	x24,x27,x2	 x27:0xe37ce000  x2:0x7f7fffff x24=0x00000000
      20785.000 ns	      2077	800007c8	20bbd4b7	lui	x9,0x20bbd	  x9=0x20bbd000
      20795.000 ns	      2078	800007cc	f215c393	xori	x7,x11,-223	 x11:0x80040024  x7=0x7ffbff05
      20805.000 ns	      2079	800007d0	00a69013	slli	x0,x13,0xa	 x13:0x64b01758
      20825.000 ns	      2081	800007d4	a11b1dd3	flt.s	x27,f22,f17	 f22:0xe3000000 f17:0x00000000 x27=0x00000001
      21195.000 ns	      2118	800007d8	033dd433	divu	x8,x27,x19	 x27:0xe37ce000 x19:0x80041024  x8=0x00000000
      21215.000 ns	      2120	800007dc	41c6d413	srai	x8,x13,0x1c	 x13:0x64b01758  x8=0x00000006
      21235.000 ns	      2122	800007e0	209e0c53	fsgnj.s	f24,f28,f9	 f28:0x7fc00000  f9:0x0077480f f24=0x7fc00000
      21265.000 ns	      2125	800007e4	2199a4d3	fsgnjx.s	f9,f19,f25	 f19:0x00000000 f25:0x00000000  f9=0x00000000
      21295.000 ns	      2128	800007e8	e0030853	fmv.x.w	x16,f6	  f6:0x80000000 x16=0x80000000
      21325.000 ns	      2131	800007ec	03f43633	mulhu	x12,x8,x31	  x8:0x00000006 x31:0x7ffbefdd x12=0x00000002
      21355.000 ns	      2134	800007f0	a0c81353	flt.s	x6,f16,f12	 f16:0x80000000 f12:0x7fc00000  x6=0x00000000
      21375.000 ns	      2136	800007f4	7883f013	andi	x0,x7,1928	  x7:0x7ffbff05
      21395.000 ns	      2138	800007f8	21712c53	fsgnjx.s	f24,f2,f23	  f2:0x4f00040f f23:0x00000000 f24=0x4f00040f
      21425.000 ns	      2141	800007fc	02f91d33	mulh	x26,x18,x15	 x18:0x00000000 x15:0x080040fe x26=0x00000000
      21455.000 ns	      2144	80000800	023410b3	mulh	x1,x8,x3	  x8:0x00000006  x3:0x66dba024  x1=0x00000002
      21485.000 ns	      2147	80000804	e0069953	fclass.s	x18,f13	 f13:0x00000000 x18=0x00000010
      21515.000 ns	      2150	80000808	d0057653	fcvt.s.w	f12,x10	 x10:0x00000000 f12=0x00000000
      21545.000 ns	      2153	8000080c	f00d08d3	fmv.w.x	f17,x26	 x26:0x00000000 f17=0x00000000
      21575.000 ns	      2156	80000810	20e52c53	fsgnjx.s	f24,f10,f14	 f10:0x80000000 f14:0x7fc00000 f24=0x80000000
      21595.000 ns	      2158	80000814	01951533	sll	x10,x10,x25	 x10:0x00000000 x25:0xa69e4728 x10=0x00000000
      21615.000 ns	      2160	80000818	28e810d3	fmax.s	f1,f16,f14	 f16:0x80000000 f14:0x7fc00000  f1=0x80000000
      21665.000 ns	      2165	8000081c	09cb7953	fsub.s	f18,f22,f28	 f22:0xe3000000 f28:0x7fc00000 f18=0x7fc00000
      21715.000 ns	      2170	80000820	00c572d3	fadd.s	f5,f10,f12	 f10:0x80000000 f12:0x00000000  f5=0x00000000
      21735.000 ns	      2172	80000824	00e3e033	or	x0,x7,x14	  x7:0x7ffbff05 x14:0x00000001
      21745.000 ns	      2173	80000828	00000013	addi	x0,x0,0	  x0:0x00000000
      21765.000 ns	      2175	8000082c	e00d8d53	fmv.x.w	x26,f27	 f27:0xff800000 x26=0xff800000
      21785.000 ns	      2177	80000830	404c88b3	sub	x17,x25,x4	 x25:0xa69e4728  x4:0x00000000 x17=0xa69e4728
      21805.000 ns	      2179	80000834	a1ef13d3	flt.s	x7,f30,f30	 f30:0x7f800000 f30:0x7f800000  x7=0x00000000
      21825.000 ns	      2181	80000838	00000013	addi	x0,x0,0	  x0:0x00000000
      21845.000 ns	      2183	8000083c	d00ccf53	fcvt.s.w	f30,x25	 x25:0xa69e4728 f30=0xceb2c372
      21875.000 ns	      2186	80000840	038c3d33	mulhu	x26,x24,x24	 x24:0x00000000 x24:0x00000000 x26=0x00000000
      21895.000 ns	      2188	80000844	41e88fb3	sub	x31,x17,x30	 x17:0xa69e4728 x30:0x00000000 x31=0xa69e4728
      21905.000 ns	      2189	80000848	00000013	addi	x0,x0,0	  x0:0x00000000
      21915.000 ns	      2190	8000084c	986cfa97	auipc	x21,0x986cf	 x21=0x186cf84c
      21935.000 ns	      2192	80000850	02766f33	rem	x30,x12,x7	 x12:0x00000002  x7:0x00000000 x30=0x00000002
      21965.000 ns	      2195	80000854	028d84b3	mul	x9,x27,x8	 x27:0x00000001  x8:0x00000006  x9=0x00000006
      21995.000 ns	      2198	80000858	203e9253	fsgnjn.s	f4,f29,f3	 f29:0xaeffff2c  f3:0x7fc00000  f4=0xaeffff2c
      22025.000 ns	      2201	8000085c	02cf1833	mulh	x16,x30,x12	 x30:0x00000002 x12:0x00000002 x16=0x00000000
      22045.000 ns	      2203	80000860	370d3293	sltiu	x5,x26,880	 x26:0x00000000  x5=0x00000001
      22055.000 ns	      2204	80000864	0ac0df17	auipc	x30,0xac0d	 x30=0x8ac0d864
      22065.000 ns	      2205	80000868	011584b3	add	x9,x11,x17	 x11:0x80040024 x17:0xa69e4728  x9=0x26a2474c
      22075.000 ns	      2206	8000086c	a4993c13	sltiu	x24,x18,-1463	 x18:0x00000010 x24=0x00000001
      22085.000 ns	      2207	80000870	41b1d393	srai	x7,x3,0x1b	  x3:0x66dba024  x7=0x0000000c
      22445.000 ns	      2243	80000874	0315f033	remu	x0,x11,x17	 x11:0x80040024 x17:0xa69e4728
      22785.000 ns	      2277	80000878	18f79653	fdiv.s	f12,f15,f15	 f15:0xe3000000 f15:0xe3000000 f12=0x3f000000
      22815.000 ns	      2280	8000087c	a0c40f53	fle.s	x30,f8,f12	  f8:0x8077480f f12:0x00000000 x30=0x00000001
      22845.000 ns	      2283	80000880	0330a0b3	mulhsu	x1,x1,x19	  x1:0x00000002 x19:0x80041024  x1=0x00000001
      22875.000 ns	      2286	80000884	217817d3	fsgnjn.s	f15,f16,f23	 f16:0x80000000 f23:0x00000000 f15=0x80000000
      22895.000 ns	      2288	80000888	007918b3	sll	x17,x18,x7	 x18:0x00000010  x7:0x0000000c x17=0x00010000
      22915.000 ns	      2290	8000088c	023108b3	mul	x17,x2,x3	  x2:0x7f7fffff  x3:0x66dba024 x17=0x87245fdc
      22945.000 ns	      2293	80000890	0311a933	mulhsu	x18,x3,x17	  x3:0x66dba024 x17:0xa69e4728 x18=0x364c6ed9
      22975.000 ns	      2296	80000894	02d31ab3	mulh	x21,x6,x13	  x6:0x00000000 x13:0x64b01758 x21=0x00000000
      22995.000 ns	      2298	80000898	750ce113	ori	x2,x25,1872	 x25:0xa69e4728  x2=0xa69e4778
      23035.000 ns	      2302	8000089c	0814ff53	fsub.s	f30,f9,f1	  f9:0x00000000  f1:0x80000000 f30=0x00000000
      23055.000 ns	      2304	800008a0	8ea14a17	auipc	x20,0x8ea14	 x20=0x0ea148a0
      23075.000 ns	      2306	800008a4	21aa99d3	fsgnjn.s	f19,f21,f26	 f21:0x80000000 f26:0x7f800000 f19=0x80000000
      23095.000 ns	      2308	800008a8	be72ed13	ori	x26,x5,-1049	  x5:0x00000001 x26=0xfffffbe7
      23105.000 ns	      2309	800008ac	b7dc3213	sltiu	x4,x24,-1155	 x24:0x00000001  x4=0x00000001
      23125.000 ns	      2311	800008b0	c00e0f53	fcvt.w.s	x30,f28	 f28:0x7fc00000 x30=0x7fffffff
      23145.000 ns	      2313	800008b4	404502b3	sub	x5,x10,x4	 x10:0x00000000  x4:0x00000000  x5=0xffffffff
      23155.000 ns	      2314	800008b8	00252d33	slt	x26,x10,x2	 x10:0x00000000  x2:0xa69e4778 x26=0x00000000
      23165.000 ns	      2315	800008bc	0f27ab13	slti	x22,x15,242	 x15:0x080040fe x22=0x00000000
      23185.000 ns	      2317	800008c0	29cf8e53	fmin.s	f28,f31,f28	 f31:0x00000000 f28:0x7fc00000 f28=0x00000000
      23205.000 ns	      2319	800008c4	3769e113	ori	x2,x19,886	 x19:0x80041024  x2=0x80041376
      23235.000 ns	      2322	800008c8	580475d3	fsqrt.s	f11,f8	  f8:0x8077480f f11=0x7fc00000
      23265.000 ns	      2325	800008cc	e00b8553	fmv.x.w	x10,f23	 f23:0x00000000 x10=0x00000000
      23285.000 ns	      2327	800008d0	01d6cc33	xor	x24,x13,x29	 x13:0x64b01758 x29:0x00000008 x24=0x64b01750
      23305.000 ns	      2329	800008d4	0359a833	mulhsu	x16,x19,x21	 x19:0x80041024 x21:0x00000000 x16=0x00000000
      23335.000 ns	      2332	800008d8	d012f6d3	fcvt.s.wu	f13,x5	  x5:0xffffffff f13=0x4f7fffff
      23365.000 ns	      2335	800008dc	298514d3	fmax.s	f9,f10,f24	 f10:0x80000000 f24:0x80000000  f9=0x80000000
      23385.000 ns	      2337	800008e0	00515c93	srli	x25,x2,0x5	  x2:0x80041376 x25=0x0400209b
      23405.000 ns	      2339	800008e4	d005f0d3	fcvt.s.w	f1,x11	 x11:0x80040024  f1=0xcefff7ff
      23445.000 ns	      2343	800008e8	18b53dd3	fdiv.s	f27,f10,f11	 f10:0x80000000 f11:0x7fc00000 f27=0x7fc00000
      23815.000 ns	      2380	800008ec	025775b3	remu	x11,x14,x5	 x14:0x00000001  x5:0xffffffff x11=0x00000001
      23845.000 ns	      2383	800008f0	d00b7bd3	fcvt.s.w	f23,x22	 x22:0x00000000 f23=0x00000000
      24215.000 ns	      2420	800008f4	02def733	remu	x14,x29,x13	 x29:0x00000008 x13:0x64b01758 x14=0x00000008
      24235.000 ns	      2422	800008f8	a52a6213	ori	x4,x20,-1454	 x20:0x0ea148a0  x4=0xfffffaf2
      24245.000 ns	      2423	800008fc	85e88893	addi	x17,x17,-1954	 x17:0x87245fdc x17=0x8724583a
      24265.000 ns	      2425	80000900	d0078053	fcvt.s.w	f0,x15	 x15:0x080040fe  f0=0x4d00040f
      24285.000 ns	      2427	80000904	bdea7e93	andi	x29,x20,-1058	 x20:0x0ea148a0 x29=0x0ea14880
      24305.000 ns	      2429	80000908	02b004b3	mul	x9,x0,x11	  x0:0x00000000 x11:0x00000001  x9=0x00000000
      24325.000 ns	      2431	8000090c	c0b8da17	auipc	x20,0xc0b8d	 x20=0x40b8d90c
      24345.000 ns	      2433	80000910	20b695d3	fsgnjn.s	f11,f13,f11	 f13:0x4f7fffff f11:0x7fc00000 f11=0xcf7fffff
      24365.000 ns	      2435	80000914	0138fb33	and	x22,x17,x19	 x17:0x8724583a x19:0x80041024 x22=0x80041020
      24375.000 ns	      2436	80000918	85027f93	andi	x31,x4,-1968	  x4:0xfffffaf2 x31=0xfffff850
      24395.000 ns	      2438	8000091c	a0b68cd3	fle.s	x25,f13,f11	 f13:0x4f7fffff f11:0xcf7fffff x25=0x00000000
      24765.000 ns	      2475	80000920	024b58b3	divu	x17,x22,x4	 x22:0x80041020  x4:0xfffffaf2 x17=0x00000000
      24795.000 ns	      2478	80000924	c001f353	fcvt.w.s	x6,f3	  f3:0x7fc00000  x6=0x7fffffff
      24825.000 ns	      2481	80000928	e0090353	fmv.x.w	x6,f18	 f18:0x7fc00000  x6=0x7fc00000
      24845.000 ns	      2483	8000092c	00c07933	and	x18,x0,x12	  x0:0x00000000 x12:0x00000002 x18=0x00000000
      24855.000 ns	      2484	80000930	6e997813	andi	x16,x18,1769	 x18:0x364c6ed9 x16=0x00000000
      24885.000 ns	      2487	80000934	580b18d3	fsqrt.s	f17,f22	 f22:0xe3000000 f17=0x7fc00000
      24905.000 ns	      2489	80000938	00d7aa33	slt	x20,x15,x13	 x15:0x080040fe x13:0x64b01758 x20=0x00000001
      24915.000 ns	      2490	8000093c	5b8f0193	addi	x3,x30,1464	 x30:0x7fffffff  x3=0x800005b7
      24925.000 ns	      2491	80000940	ba06c0b7	lui	x1,0xba06c	  x1=0xba06c000
      24935.000 ns	      2492	80000944	00000013	addi	x0,x0,0	  x0:0x00000000
      24945.000 ns	      2493	80000948	412404b3	sub	x9,x8,x18	  x8:0x00000006 x18:0x00000000  x9=0x00000006
      24955.000 ns	      2494	8000094c	01030b33	add	x22,x6,x16	  x6:0x7fc00000 x16:0x00000000 x22=0x7fc00000
      24965.000 ns	      2495	80000950	4d3ec193	xori	x3,x29,1235	 x29:0x0ea14880  x3=0x0ea14c53
      24985.000 ns	      2497	80000954	02970433	mul	x8,x14,x9	 x14:0x00000008  x9:0x00000006  x8=0x00000030
      25025.000 ns	      2501	80000958	5807f053	fsqrt.s	f0,f15	 f15:0x80000000  f0=0x80000000
      25045.000 ns	      2503	8000095c	0103e8b3	or	x17,x7,x16	  x7:0x0000000c x16:0x00000000 x17=0x0000000c
      25075.000 ns	      2506	80000960	18684cd3	fdiv.s	f25,f16,f6	 f16:0x80000000  f6:0x80000000 f25=0x7fc00000
      25105.000 ns	      2509	80000964	f00e8853	fmv.w.x	f16,x29	 x29:0x0ea14880 f16=0x0ea14880
      25135.000 ns	      2512	80000968	a0d31553	flt.s	x10,f6,f13	  f6:0x80000000 f13:0x4f7fffff x10=0x00000001
      25165.000 ns	      2515	8000096c	039e26b3	mulhsu	x13,x28,x25	 x28:0x80040fe4 x25:0x00000000 x13=0x00000000
      25195.000 ns	      2518	80000970	0335a0b3	mulhsu	x1,x11,x19	 x11:0x00000001 x19:0x80041024  x1=0x00000000
      25225.000 ns	      2521	80000974	a14f9d53	flt.s	x26,f31,f20	 f31:0x00000000 f20:0x00000000 x26=0x00000000
      25255.000 ns	      2524	80000978	20cd9bd3	fsgnjn.s	f23,f27,f12	 f27:0x7fc00000 f12:0x3f000000 f23=0xffc00000
      25285.000 ns	      2527	8000097c	02dc7933	remu	x18,x24,x13	 x24:0x64b01750 x13:0x00000000 x18=0x64b01750
      25305.000 ns	      2529	80000980	c060e613	ori	x12,x1,-1018	  x1:0x00000000 x12=0xfffffc06
      25315.000 ns	      2530	80000984	00905d33	srl	x26,x0,x9	  x0:0x00000000  x9:0x00000006 x26=0x00000000
      25325.000 ns	      2531	80000988	00ae9eb3	sll	x29,x29,x10	 x29:0x0ea14880 x10:0x00000001 x29=0x1d429100
      25345.000 ns	      2533	8000098c	e00e8953	fmv.x.w	x18,f29	 f29:0xaeffff2c x18=0xaeffff2c
      25365.000 ns	      2535	80000990	014f5133	srl	x2,x30,x20	 x30:0x7fffffff x20:0x00000001  x2=0x3fffffff
      25385.000 ns	      2537	80000994	e0059f53	fclass.s	x30,f11	 f11:0xcf7fffff x30=0x00000002
      25415.000 ns	      2540	80000998	215fad53	fsgnjx.s	f26,f31,f21	 f31:0x00000000 f21:0x80000000 f26=0x80000000
      25455.000 ns	      2544	8000099c	580cbbd3	fsqrt.s	f23,f25	 f25:0x7fc00000 f23=0x7fc00000
      25485.000 ns	      2547	800009a0	e0041253	fclass.s	x4,f8	  f8:0x8077480f  x4=0x00000004
      25505.000 ns	      2549	800009a4	8ed3ba37	lui	x20,0x8ed3b	 x20=0x8ed3b000
      25535.000 ns	      2552	800009a8	580c4f53	fsqrt.s	f30,f24	 f24:0x80000000 f30=0x80000000
      25565.000 ns	      2555	800009ac	c0083cd3	fcvt.w.s	x25,f16	 f16:0x0ea14880 x25=0x00000000
      25595.000 ns	      2558	800009b0	204f2ad3	fsgnjx.s	f21,f30,f4	 f30:0x80000000  f4:0xaeffff2c f21=0x00000000
      25615.000 ns	      2560	800009b4	00000013	addi	x0,x0,0	  x0:0x00000000
      25635.000 ns	      2562	800009b8	a1388153	fle.s	x2,f17,f19	 f17:0x7fc00000 f19:0x80000000  x2=0x00000000
      25655.000 ns	      2564	800009bc	932eba13	sltiu	x20,x29,-1742	 x29:0x1d429100 x20=0x00000001
      25665.000 ns	      2565	800009c0	57aa2b13	slti	x22,x20,1402	 x20:0x8ed3b000 x22=0x00000001
      25685.000 ns	      2567	800009c4	20a09dd3	fsgnjn.s	f27,f1,f10	  f1:0xcefff7ff f10:0x80000000 f27=0x4efff7ff
      25715.000 ns	      2570	800009c8	d00df053	fcvt.s.w	f0,x27	 x27:0x00000001  f0=0x3f800000
      25745.000 ns	      2573	800009cc	21fc0b53	fsgnj.s	f22,f24,f31	 f24:0x80000000 f31:0x00000000 f22=0x00000000
      25775.000 ns	      2576	800009d0	a10728d3	feq.s	x17,f14,f16	 f14:0x7fc00000 f16:0x0ea14880 x17=0x00000000
      25795.000 ns	      2578	800009d4	012422b3	slt	x5,x8,x18	  x8:0x00000030 x18:0xaeffff2c  x5=0x00000000
      25805.000 ns	      2579	800009d8	00000013	addi	x0,x0,0	  x0:0x00000000
      25815.000 ns	      2580	800009dc	01af54b3	srl	x9,x30,x26	 x30:0x00000002 x26:0x00000000  x9=0x00000002
      25835.000 ns	      2582	800009e0	28318053	fmin.s	f0,f3,f3	  f3:0x7fc00000  f3:0x7fc00000  f0=0x7fc00000
      25865.000 ns	      2585	800009e4	c0010a53	fcvt.w.s	x20,f2	  f2:0x4f00040f x20=0x7fffffff
      25885.000 ns	      2587	800009e8	65b0e693	ori	x13,x1,1627	  x1:0x00000000 x13=0x0000065b
      25895.000 ns	      2588	800009ec	01fa37b3	sltu	x15,x20,x31	 x20:0x7fffffff x31:0xfffff850 x15=0x00000001
      27065.000 ns	      2705	800009f0	58017ad3	fsqrt.s	f21,f2	  f2:0x4f00040f f21=0x46b50a40
      27085.000 ns	      2707	800009f4	01f924b3	slt	x9,x18,x31	 x18:0xaeffff2c x31:0xfffff850  x9=0x00000001
      27105.000 ns	      2709	800009f8	c01206d3	fcvt.wu.s	x13,f4	  f4:0xaeffff2c x13=0x00000000
      27135.000 ns	      2712	800009fc	c003f7d3	fcvt.w.s	x15,f7	  f7:0x1f350488 x15=0x00000000
      27165.000 ns	      2715	80000a00	21760253	fsgnj.s	f4,f12,f23	 f12:0x3f000000 f23:0x7fc00000  f4=0x3f000000
      27185.000 ns	      2717	80000a04	6f56f613	andi	x12,x13,1781	 x13:0x00000000 x12=0x00000000
      27205.000 ns	      2719	80000a08	29688cd3	fmin.s	f25,f17,f22	 f17:0x7fc00000 f22:0x00000000 f25=0x00000000
      27225.000 ns	      2721	80000a0c	01b73933	sltu	x18,x14,x27	 x14:0x00000008 x27:0x00000001 x18=0x00000000
      27265.000 ns	      2725	80000a10	00a54dd3	fadd.s	f27,f10,f10	 f10:0x80000000 f10:0x80000000 f27=0x80000000
      27285.000 ns	      2727	80000a14	760214b7	lui	x9,0x76021	  x9=0x76021000
      27295.000 ns	      2728	80000a18	01eac8b3	xor	x17,x21,x30	 x21:0x00000000 x30:0x00000002 x17=0x00000002
      27315.000 ns	      2730	80000a1c	02f77133	remu	x2,x14,x15	 x14:0x00000008 x15:0x00000000  x2=0x00000008
      27335.000 ns	      2732	80000a20	64526513	ori	x10,x4,1605	  x4:0x00000004 x10=0x00000645
      27355.000 ns	      2734	80000a24	a1e312d3	flt.s	x5,f6,f30	  f6:0x80000000 f30:0x80000000  x5=0x00000000
      27375.000 ns	      2736	80000a28	f9e91217	auipc	x4,0xf9e91	  x4=0x79e91a28
      27395.000 ns	      2738	80000a2c	d01b87d3	fcvt.s.wu	f15,x23	 x23:0x80000000 f15=0x4f000000
      27415.000 ns	      2740	80000a30	015c5693	srli	x13,x24,0x15	 x24:0x64b01750 x13=0x00000325
      27425.000 ns	      2741	80000a34	015d37b3	sltu	x15,x26,x21	 x26:0x00000000 x21:0x00000000 x15=0x00000000
      27435.000 ns	      2742	80000a38	00bd2c33	slt	x24,x26,x11	 x26:0x00000000 x11:0x00000001 x24=0x00000001
      27455.000 ns	      2744	80000a3c	02c3a5b3	mulhsu	x11,x7,x12	  x7:0x0000000c x12:0x00000000 x11=0x00000000
      27475.000 ns	      2746	80000a40	00f0a0b3	slt	x1,x1,x15	  x1:0x00000000 x15:0x00000000  x1=0x00000000
      27495.000 ns	      2748	80000a44	a1129953	flt.s	x18,f5,f17	  f5:0x00000000 f17:0x7fc00000 x18=0x00000000
      27515.000 ns	      2750	80000a48	634db593	sltiu	x11,x27,1588	 x27:0x00000001 x11=0x00000001
      27525.000 ns	      2751	80000a4c	007f1093	slli	x1,x30,0x7	 x30:0x00000002  x1=0x00000100
      27535.000 ns	      2752	80000a50	561a4a97	auipc	x21,0x561a4	 x21=0xd61a4a50
      27555.000 ns	      2754	80000a54	d0171253	fcvt.s.wu	f4,x14	 x14:0x00000008  f4=0x41000000
      27585.000 ns	      2757	80000a58	d00e7253	fcvt.s.w	f4,x28	 x28:0x80040fe4  f4=0xcefff7e0
      27615.000 ns	      2760	80000a5c	c00675d3	fcvt.w.s	x11,f12	 f12:0x3f000000 x11=0x00000000
      27645.000 ns	      2763	80000a60	20919e53	fsgnjn.s	f28,f3,f9	  f3:0x7fc00000  f9:0x80000000 f28=0x7fc00000
      27675.000 ns	      2766	80000a64	209c29d3	fsgnjx.s	f19,f24,f9	 f24:0x80000000  f9:0x80000000 f19=0x00000000
      27705.000 ns	      2769	80000a68	028315b3	mulh	x11,x6,x8	  x6:0x7fc00000  x8:0x00000030 x11=0x00000017
      27725.000 ns	      2771	80000a6c	c7dfef93	ori	x31,x31,-899	 x31:0xfffff850 x31=0xfffffc7d
      27765.000 ns	      2775	80000a70	09f1c6d3	fsub.s	f13,f3,f31	  f3:0x7fc00000 f31:0x00000000 f13=0x7fc00000
      27795.000 ns	      2778	80000a74	d00dff53	fcvt.s.w	f30,x27	 x27:0x00000001 f30=0x3f800000
      27825.000 ns	      2781	80000a78	d018b353	fcvt.s.wu	f6,x17	 x17:0x00000002  f6=0x40000000
      27855.000 ns	      2784	80000a7c	03a01433	mulh	x8,x0,x26	  x0:0x00000000 x26:0x00000000  x8=0x00000000
      28225.000 ns	      2821	80000a80	0238d0b3	divu	x1,x17,x3	 x17:0x00000002  x3:0x0ea14c53  x1=0x00000000
      28245.000 ns	      2823	80000a84	a2106d93	ori	x27,x0,-1503	  x0:0x00000000 x27=0xfffffa21
      28255.000 ns	      2824	80000a88	005a4433	xor	x8,x20,x5	 x20:0x7fffffff  x5:0x00000000  x8=0x7fffffff
      28285.000 ns	      2827	80000a8c	10771f53	fmul.s	f30,f14,f7	 f14:0x7fc00000  f7:0x1f350488 f30=0x7fc00000
      28305.000 ns	      2829	80000a90	e19f5197	auipc	x3,0xe19f5	  x3=0x619f5a90
      28315.000 ns	      2830	80000a94	0128c233	xor	x4,x17,x18	 x17:0x00000002 x18:0x00000000  x4=0x00000002
      28325.000 ns	      2831	80000a98	cc147d13	andi	x26,x8,-831	  x8:0x7fffffff x26=0x7ffffcc1
      28335.000 ns	      2832	80000a9c	003507b3	add	x15,x10,x3	 x10:0x00000645  x3:0x619f5a90 x15=0x619f60d5
      28345.000 ns	      2833	80000aa0	013d3eb3	sltu	x29,x26,x19	 x26:0x00000000 x19:0x80041024 x29=0x00000001
      28355.000 ns	      2834	80000aa4	013e5db3	srl	x27,x28,x19	 x28:0x80040fe4 x19:0x80041024 x27=0x080040fe
      28375.000 ns	      2836	80000aa8	21619853	fsgnjn.s	f16,f3,f22	  f3:0x7fc00000 f22:0x00000000 f16=0xffc00000
      29555.000 ns	      2954	80000aac	58014c53	fsqrt.s	f24,f2	  f2:0x4f00040f f24=0x46b50a40
      29585.000 ns	      2957	80000ab0	20b3a253	fsgnjx.s	f4,f7,f11	  f7:0x1f350488 f11:0xcf7fffff  f4=0x9f350488
      29605.000 ns	      2959	80000ab4	c155f813	andi	x16,x11,-1003	 x11:0x00000017 x16=0x00000015
      29965.000 ns	      2995	80000ab8	022245b3	div	x11,x4,x2	  x4:0x00000002  x2:0x00000008 x11=0x00000000
      29995.000 ns	      2998	80000abc	d0023a53	fcvt.s.w	f20,x4	  x4:0x00000002 f20=0x40000000
      30015.000 ns	      3000	80000ac0	01db1a93	slli	x21,x22,0x1d	 x22:0x00000001 x21=0x20000000
      30025.000 ns	      3001	80000ac4	019bad33	slt	x26,x23,x25	 x23:0x80000000 x25:0x00000000 x26=0x00000001
      30035.000 ns	      3002	80000ac8	40ed58b3	sra	x17,x26,x14	 x26:0x7ffffcc1 x14:0x00000008 x17=0x00000000
      30055.000 ns	      3004	80000acc	284d98d3	fmax.s	f17,f27,f4	 f27:0x80000000  f4:0x9f350488 f17=0x80000000
      30085.000 ns	      3007	80000ad0	e00d9b53	fclass.s	x22,f27	 f27:0x80000000 x22=0x00000008
      30105.000 ns	      3009	80000ad4	002ef6b3	and	x13,x29,x2	 x29:0x00000001  x2:0x00000008 x13=0x00000000
      30125.000 ns	      3011	80000ad8	c0023ad3	fcvt.w.s	x21,f4	  f4:0x9f350488 x21=0x00000000
      30155.000 ns	      3014	80000adc	02ef0333	mul	x6,x30,x14	 x30:0x00000002 x14:0x00000008  x6=0x00000010
      30175.000 ns	      3016	80000ae0	9ce96b13	ori	x22,x18,-1586	 x18:0x00000000 x22=0xfffff9ce
      30185.000 ns	      3017	80000ae4	01c881b3	add	x3,x17,x28	 x17:0x00000000 x28:0x80040fe4  x3=0x80040fe4
      30205.000 ns	      3019	80000ae8	e0059553	fclass.s	x10,f11	 f11:0xcf7fffff x10=0x00000002
      30225.000 ns	      3021	80000aec	00806133	or	x2,x0,x8	  x0:0x00000000  x8:0x7fffffff  x2=0x7fffffff
      30235.000 ns	      3022	80000af0	ce38e513	ori	x10,x17,-797	 x17:0x00000000 x10=0xfffffce3
      30245.000 ns	      3023	80000af4	00e42ab3	slt	x21,x8,x14	  x8:0x7fffffff x14:0x00000008 x21=0x00000000
      30255.000 ns	      3024	80000af8	01e2dc13	srli	x24,x5,0x1e	  x5:0x00000000 x24=0x00000000
      30265.000 ns	      3025	80000afc	01114033	xor	x0,x2,x17	  x2:0x7fffffff x17:0x00000000
      30275.000 ns	      3026	80000b00	41865f93	srai	x31,x12,0x18	 x12:0x00000000 x31=0x00000000
      30285.000 ns	      3027	80000b04	41b58633	sub	x12,x11,x27	 x11:0x00000000 x27:0x080040fe x12=0xf7ffbf02
      30295.000 ns	      3028	80000b08	7d0dbc13	sltiu	x24,x27,2000	 x27:0x080040fe x24=0x00000000
      30315.000 ns	      3030	80000b0c	02af3f33	mulhu	x30,x30,x10	 x30:0x00000002 x10:0xfffffce3 x30=0x00000001
      30335.000 ns	      3032	80000b10	00ef5433	srl	x8,x30,x14	 x30:0x00000002 x14:0x00000008  x8=0x00000000
      30345.000 ns	      3033	80000b14	53e0ec13	ori	x24,x1,1342	  x1:0x00000000 x24=0x0000053e
      30365.000 ns	      3035	80000b18	21d50653	fsgnj.s	f12,f10,f29	 f10:0x80000000 f29:0xaeffff2c f12=0x80000000
      30385.000 ns	      3037	80000b1c	f6e3e793	ori	x15,x7,-146	  x7:0x0000000c x15=0xffffff6e
      30745.000 ns	      3073	80000b20	03a95eb3	divu	x29,x18,x26	 x18:0x00000000 x26:0x00000001 x29=0x00000000
      30785.000 ns	      3077	80000b24	580ef453	fsqrt.s	f8,f29	 f29:0xaeffff2c  f8=0x7fc00000
      30805.000 ns	      3079	80000b28	b2754eb7	lui	x29,0xb2754	 x29=0xb2754000
      30835.000 ns	      3082	80000b2c	1091a753	fmul.s	f14,f3,f9	  f3:0x7fc00000  f9:0x80000000 f14=0x7fc00000
      30865.000 ns	      3085	80000b30	f0060a53	fmv.w.x	f20,x12	 x12:0xf7ffbf02 f20=0xf7ffbf02
      30885.000 ns	      3087	80000b34	00b15033	srl	x0,x2,x11	  x2:0x7fffffff x11:0x00000000
      30895.000 ns	      3088	80000b38	41e15ab3	sra	x21,x2,x30	  x2:0x7fffffff x30:0x00000001 x21=0x3fffffff
      30915.000 ns	      3090	80000b3c	a1f88a53	fle.s	x20,f17,f31	 f17:0x80000000 f31:0x00000000 x20=0x00000001
      30955.000 ns	      3094	80000b40	111f2dd3	fmul.s	f27,f30,f17	 f30:0x7fc00000 f17:0x80000000 f27=0x7fc00000
      31005.000 ns	      3099	80000b44	00b60753	fadd.s	f14,f12,f11	 f12:0x80000000 f11:0xcf7fffff f14=0xcf7fffff
      31035.000 ns	      3102	80000b48	21468f53	fsgnj.s	f30,f13,f20	 f13:0x7fc00000 f20:0xf7ffbf02 f30=0xffc00000
      31055.000 ns	      3104	80000b4c	413b5393	srai	x7,x22,0x13	 x22:0xfffff9ce  x7=0xffffffff
      31075.000 ns	      3106	80000b50	28bb8753	fmin.s	f14,f23,f11	 f23:0x7fc00000 f11:0xcf7fffff f14=0xcf7fffff
      31105.000 ns	      3109	80000b54	e0030b53	fmv.x.w	x22,f6	  f6:0x40000000 x22=0x40000000
      31125.000 ns	      3111	80000b58	0116ff33	and	x30,x13,x17	 x13:0x00000000 x17:0x00000000 x30=0x00000000
      31135.000 ns	      3112	80000b5c	00283833	sltu	x16,x16,x2	 x16:0x00000015  x2:0x7fffffff x16=0x00000001
      31155.000 ns	      3114	80000b60	d00a7dd3	fcvt.s.w	f27,x20	 x20:0x00000001 f27=0x3f800000
      31175.000 ns	      3116	80000b64	3e91f213	andi	x4,x3,1001	  x3:0x80040fe4  x4=0x000003e0
      31185.000 ns	      3117	80000b68	0114d193	srli	x3,x9,0x11	  x9:0x76021000  x3=0x00003b01
      31205.000 ns	      3119	80000b6c	20452d53	fsgnjx.s	f26,f10,f4	 f10:0x80000000  f4:0x9f350488 f26=0x00000000
      31235.000 ns	      3122	80000b70	03eceab3	rem	x21,x25,x30	 x25:0x00000000 x30:0x00000000 x21=0x00000000
      31255.000 ns	      3124	80000b74	0112e1b3	or	x3,x5,x17	  x5:0x00000000 x17:0x00000000  x3=0x00000000
      31265.000 ns	      3125	80000b78	40b155b3	sra	x11,x2,x11	  x2:0x7fffffff x11:0x00000000 x11=0x7fffffff
      31275.000 ns	      3126	80000b7c	00000013	addi	x0,x0,0	  x0:0x00000000
      31295.000 ns	      3128	80000b80	020e91b3	mulh	x3,x29,x0	 x29:0xb2754000  x0:0x00000000  x3=0x00000000
      31315.000 ns	      3130	80000b84	00fb1cb3	sll	x25,x22,x15	 x22:0x40000000 x15:0xffffff6e x25=0x00000000
      31335.000 ns	      3132	80000b88	21bb0353	fsgnj.s	f6,f22,f27	 f22:0x00000000 f27:0x3f800000  f6=0x00000000
      31385.000 ns	      3137	80000b8c	08583ad3	fsub.s	f21,f16,f5	 f16:0xffc00000  f5:0x00000000 f21=0x7fc00000
      31415.000 ns	      3140	80000b90	f00b0f53	fmv.w.x	f30,x22	 x22:0x40000000 f30=0x40000000
      31435.000 ns	      3142	80000b94	78fc2493	slti	x9,x24,1935	 x24:0x0000053e  x9=0x00000001
      31455.000 ns	      3144	80000b98	e00a83d3	fmv.x.w	x7,f21	 f21:0x7fc00000  x7=0x7fc00000
      31485.000 ns	      3147	80000b9c	2124a5d3	fsgnjx.s	f11,f9,f18	  f9:0x80000000 f18:0x7fc00000 f11=0x80000000
      31525.000 ns	      3151	80000ba0	1052ae53	fmul.s	f28,f5,f5	  f5:0x00000000  f5:0x00000000 f28=0x00000000
      31555.000 ns	      3154	80000ba4	f00f8dd3	fmv.w.x	f27,x31	 x31:0x00000000 f27=0x00000000
      31585.000 ns	      3157	80000ba8	28be0fd3	fmin.s	f31,f28,f11	 f28:0x00000000 f11:0x80000000 f31=0x80000000
      31605.000 ns	      3159	80000bac	00aad393	srli	x7,x21,0xa	 x21:0x00000000  x7=0x00000000
      31615.000 ns	      3160	80000bb0	e55cb3b7	lui	x7,0xe55cb	  x7=0xe55cb000
      31975.000 ns	      3196	80000bb4	027dc2b3	div	x5,x27,x7	 x27:0x080040fe  x7:0x7fc00000  x5=0x00000000
      31995.000 ns	      3198	80000bb8	014cf433	and	x8,x25,x20	 x25:0x00000000 x20:0x00000001  x8=0x00000000
      32005.000 ns	      3199	80000bbc	008feeb3	or	x29,x31,x8	 x31:0x00000000  x8:0x00000000 x29=0x00000000
      32015.000 ns	      3200	80000bc0	30129cb7	lui	x25,0x30129	 x25=0x30129000
      32025.000 ns	      3201	80000bc4	412cd5b3	sra	x11,x25,x18	 x25:0x00000000 x18:0x00000000 x11=0x30129000
      32035.000 ns	      3202	80000bc8	413ad0b3	sra	x1,x21,x19	 x21:0x00000000 x19:0x80041024  x1=0x00000000
      32075.000 ns	      3206	80000bcc	00b20ad3	fadd.s	f21,f4,f11	  f4:0x9f350488 f11:0x80000000 f21=0x9f350488
      32095.000 ns	      3208	80000bd0	418f84b3	sub	x9,x31,x24	 x31:0x00000000 x24:0x0000053e  x9=0xfffffac2
      32125.000 ns	      3211	80000bd4	1850f053	fdiv.s	f0,f1,f5	  f1:0xcefff7ff  f5:0x00000000  f0=0xff800000
      32495.000 ns	      3248	80000bd8	03a2c0b3	div	x1,x5,x26	  x5:0x00000000 x26:0x00000001  x1=0x00000000
      32865.000 ns	      3285	80000bdc	030ad5b3	divu	x11,x21,x16	 x21:0x00000000 x16:0x00000001 x11=0x00000000
      33235.000 ns	      3322	80000be0	02e6eab3	rem	x21,x13,x14	 x13:0x00000000 x14:0x00000008 x21=0x00000000
      33265.000 ns	      3325	80000be4	f00a83d3	fmv.w.x	f7,x21	 x21:0x00000000  f7=0x00000000
      33285.000 ns	      3327	80000be8	0182ceb3	xor	x29,x5,x24	  x5:0x00000000 x24:0x0000053e x29=0x0000053e
      33295.000 ns	      3328	80000bec	e4564913	xori	x18,x12,-443	 x12:0xf7ffbf02 x18=0x08004147
      33315.000 ns	      3330	80000bf0	02dda5b3	mulhsu	x11,x27,x13	 x27:0x080040fe x13:0x00000000 x11=0x00000000
      33335.000 ns	      3332	80000bf4	002be6b3	or	x13,x23,x2	 x23:0x80000000  x2:0x7fffffff x13=0xffffffff
      33345.000 ns	      3333	80000bf8	40a9d413	srai	x8,x19,0xa	 x19:0x80041024  x8=0xffe00104
      33355.000 ns	      3334	80000bfc	78693717	auipc	x14,0x78693	 x14=0xf8693bfc
      33365.000 ns	      3335	80000c00	00ef8a33	add	x20,x31,x14	 x31:0x00000000 x14:0x00000008 x20=0xf8693bfc
      33375.000 ns	      3336	80000c04	00cf5913	srli	x18,x30,0xc	 x30:0x00000000 x18=0x00000000
      33395.000 ns	      3338	80000c08	02054833	div	x16,x10,x0	 x10:0xfffffce3  x0:0x00000000 x16=0xffffffff
      33415.000 ns	      3340	80000c0c	01698db3	add	x27,x19,x22	 x19:0x80041024 x22:0x40000000 x27=0xc0041024
      33425.000 ns	      3341	80000c10	01269c33	sll	x24,x13,x18	 x13:0xffffffff x18:0x00000000 x24=0xffffffff
      33785.000 ns	      3377	80000c14	02dfe6b3	rem	x13,x31,x13	 x31:0x00000000 x13:0xffffffff x13=0x00000000
      33815.000 ns	      3380	80000c18	289808d3	fmin.s	f17,f16,f9	 f16:0xffc00000  f9:0x80000000 f17=0x80000000
      33865.000 ns	      3385	80000c1c	004433d3	fadd.s	f7,f8,f4	  f8:0x7fc00000  f4:0x9f350488  f7=0x7fc00000
      33895.000 ns	      3388	80000c20	e00f0053	fmv.x.w	x0,f30	 f30:0x40000000
      33915.000 ns	      3390	80000c24	006114b3	sll	x9,x2,x6	  x2:0x7fffffff  x6:0x00000010  x9=0xffff0000
      33925.000 ns	      3391	80000c28	40c65893	srai	x17,x12,0xc	 x12:0xf7ffbf02 x17=0xffff7ffb
      33935.000 ns	      3392	80000c2c	7c43fd37	lui	x26,0x7c43f	 x26=0x7c43f000
      33965.000 ns	      3395	80000c30	18c43253	fdiv.s	f4,f8,f12	  f8:0x7fc00000 f12:0x80000000  f4=0x7fc00000
      33985.000 ns	      3397	80000c34	00115b13	srli	x22,x2,0x1	  x2:0x7fffffff x22=0x3fffffff
      34005.000 ns	      3399	80000c38	298d0653	fmin.s	f12,f26,f24	 f26:0x00000000 f24:0x46b50a40 f12=0x00000000
      34035.000 ns	      3402	80000c3c	0233acb3	mulhsu	x25,x7,x3	  x7:0xe55cb000  x3:0x00000000 x25=0x00000000
      34055.000 ns	      3404	80000c40	d8f04213	xori	x4,x0,-625	  x0:0x00000000  x4=0xfffffd8f
      34065.000 ns	      3405	80000c44	01a78fb3	add	x31,x15,x26	 x15:0xffffff6e x26:0x7c43f000 x31=0x7c43ef6e
      34085.000 ns	      3407	80000c48	e0049753	fclass.s	x14,f9	  f9:0x80000000 x14=0x00000008
      34115.000 ns	      3410	80000c4c	214a22d3	fsgnjx.s	f5,f20,f20	 f20:0xf7ffbf02 f20:0xf7ffbf02  f5=0x77ffbf02
      34135.000 ns	      3412	80000c50	9e7a55b7	lui	x11,0x9e7a5	 x11=0x9e7a5000
      34155.000 ns	      3414	80000c54	286989d3	fmin.s	f19,f19,f6	 f19:0x00000000  f6:0x00000000 f19=0x00000000
      34185.000 ns	      3417	80000c58	f00c0fd3	fmv.w.x	f31,x24	 x24:0xffffffff f31=0xffffffff
      34555.000 ns	      3454	80000c5c	03ba7fb3	remu	x31,x20,x27	 x20:0xf8693bfc x27:0xc0041024 x31=0x38652bd8
      34585.000 ns	      3457	80000c60	c003f5d3	fcvt.w.s	x11,f7	  f7:0x7fc00000 x11=0x7fffffff
      34625.000 ns	      3461	80000c64	5806c153	fsqrt.s	f2,f13	 f13:0x7fc00000  f2=0x7fc00000
      34655.000 ns	      3464	80000c68	29fe91d3	fmax.s	f3,f29,f31	 f29:0xaeffff2c f31:0xffffffff  f3=0xaeffff2c
      34685.000 ns	      3467	80000c6c	03b820b3	mulhsu	x1,x16,x27	 x16:0xffffffff x27:0xc0041024  x1=0xffffffff
      34705.000 ns	      3469	80000c70	00000013	addi	x0,x0,0	  x0:0x00000000
      34715.000 ns	      3470	80000c74	00ddeb33	or	x22,x27,x13	 x27:0xc0041024 x13:0x00000000 x22=0xc0041024
      35075.000 ns	      3506	80000c78	03b0feb3	remu	x29,x1,x27	  x1:0xffffffff x27:0xc0041024 x29=0x3ffbefdb
      35445.000 ns	      3543	80000c7c	02c6c433	div	x8,x13,x12	 x13:0x00000000 x12:0xf7ffbf02  x8=0x00000000
      35475.000 ns	      3546	80000c80	0398f833	remu	x16,x17,x25	 x17:0xffff7ffb x25:0x00000000 x16=0xffff7ffb
      35495.000 ns	      3548	80000c84	afbb2f13	slti	x30,x22,-1285	 x22:0xc0041024 x30=0x00000001
      35515.000 ns	      3550	80000c88	03ce1fb3	mulh	x31,x28,x28	 x28:0x80040fe4 x28:0x80040fe4 x31=0x3ffbf02c
      35545.000 ns	      3553	80000c8c	d008f5d3	fcvt.s.w	f11,x17	 x17:0xffff7ffb f11=0xc7000500
      35565.000 ns	      3555	80000c90	002c1a93	slli	x21,x24,0x2	 x24:0xffffffff x21=0xfffffffc
      35585.000 ns	      3557	80000c94	212a0653	fsgnj.s	f12,f20,f18	 f20:0xf7ffbf02 f18:0x7fc00000 f12=0x77ffbf02
      35635.000 ns	      3562	80000c98	08a23e53	fsub.s	f28,f4,f10	  f4:0x7fc00000 f10:0x80000000 f28=0x7fc00000
      36005.000 ns	      3599	80000c9c	02e8c833	div	x16,x17,x14	 x17:0xffff7ffb x14:0x00000008 x16=0xfffff000
      36035.000 ns	      3602	80000ca0	a0fd0f53	fle.s	x30,f26,f15	 f26:0x00000000 f15:0x4f000000 x30=0x00000001
      36085.000 ns	      3607	80000ca4	084d73d3	fsub.s	f7,f26,f4	 f26:0x00000000  f4:0x7fc00000  f7=0x7fc00000
      36105.000 ns	      3609	80000ca8	411b5833	sra	x16,x22,x17	 x22:0xc0041024 x17:0xffff7ffb x16=0xfffffff8
      36115.000 ns	      3610	80000cac	00e2ac33	slt	x24,x5,x14	  x5:0x00000000 x14:0x00000008 x24=0x00000001
      36475.000 ns	      3646	80000cb0	022cf0b3	remu	x1,x25,x2	 x25:0x00000000  x2:0x7fffffff  x1=0x00000000
      36495.000 ns	      3648	80000cb4	ae1a6c17	auipc	x24,0xae1a6	 x24=0x2e1a6cb4
      36505.000 ns	      3649	80000cb8	41b22693	slti	x13,x4,1051	  x4:0xfffffd8f x13=0x00000001
      36515.000 ns	      3650	80000cbc	00a90933	add	x18,x18,x10	 x18:0x00000000 x10:0xfffffce3 x18=0xfffffce3
      36525.000 ns	      3651	80000cc0	00144f33	xor	x30,x8,x1	  x8:0x00000000  x1:0x00000000 x30=0x00000000
      36545.000 ns	      3653	80000cc4	032db933	mulhu	x18,x27,x18	 x27:0xc0041024 x18:0x00000000 x18=0xc0040dce
      36565.000 ns	      3655	80000cc8	db7f0c13	addi	x24,x30,-585	 x30:0x00000001 x24=0xfffffdb7
      36585.000 ns	      3657	80000ccc	c0159153	fcvt.wu.s	x2,f11	 f11:0xc7000500  x2=0x00008005
      36625.000 ns	      3661	80000cd0	580bf0d3	fsqrt.s	f1,f23	 f23:0x7fc00000  f1=0x7fc00000
      36995.000 ns	      3698	80000cd4	03426233	rem	x4,x4,x20	  x4:0xfffffd8f x20:0xf8693bfc  x4=0xfffffd8f
      37025.000 ns	      3701	80000cd8	e0008753	fmv.x.w	x14,f1	  f1:0x7fc00000 x14=0x7fc00000
      37055.000 ns	      3704	80000cdc	0231d6b3	divu	x13,x3,x3	  x3:0x00000000  x3:0x00000000 x13=0xffffffff
      37075.000 ns	      3706	80000ce0	e9a32213	slti	x4,x6,-358	  x6:0x00000010  x4=0x00000000
      37095.000 ns	      3708	80000ce4	a0208a53	fle.s	x20,f1,f2	  f1:0x7fc00000  f2:0x7fc00000 x20=0x00000000
      37125.000 ns	      3711	80000ce8	028defb3	rem	x31,x27,x8	 x27:0xc0041024  x8:0x00000000 x31=0xc0041024
      37155.000 ns	      3714	80000cec	28301953	fmax.s	f18,f0,f3	  f0:0xff800000  f3:0xaeffff2c f18=0xaeffff2c
      37185.000 ns	      3717	80000cf0	03a98eb3	mul	x29,x19,x26	 x19:0x80041024 x26:0x7c43f000 x29=0x788dc000
      37235.000 ns	      3722	80000cf4	09b7af53	fsub.s	f30,f15,f27	 f15:0x4f000000 f27:0x00000000 f30=0x4f000000
      37255.000 ns	      3724	80000cf8	011aa0b3	slt	x1,x21,x17	 x21:0xfffffffc x17:0xffff7ffb  x1=0x00000000
      37615.000 ns	      3760	80000cfc	02f06533	rem	x10,x0,x15	  x0:0x00000000 x15:0xffffff6e x10=0x00000000
      37645.000 ns	      3763	80000d00	a1b20ed3	fle.s	x29,f4,f27	  f4:0x7fc00000 f27:0x00000000 x29=0x00000000
      37665.000 ns	      3765	80000d04	00000013	addi	x0,x0,0	  x0:0x00000000
      37675.000 ns	      3766	80000d08	0141f8b3	and	x17,x3,x20	  x3:0x00000000 x20:0x00000000 x17=0x00000000
      37695.000 ns	      3768	80000d0c	02abd333	divu	x6,x23,x10	 x23:0x80000000 x10:0x00000000  x6=0xffffffff
      37725.000 ns	      3771	80000d10	03fb37b3	mulhu	x15,x22,x31	 x22:0xc0041024 x31:0xc0041024 x15=0x90061846
      37755.000 ns	      3774	80000d14	02f7acb3	mulhsu	x25,x15,x15	 x15:0xffffff6e x15:0xffffff6e x25=0xc100c32d
      37795.000 ns	      3778	80000d18	18238a53	fdiv.s	f20,f7,f2	  f7:0x7fc00000  f2:0x7fc00000 f20=0x7fc00000
      37815.000 ns	      3780	80000d1c	c5dd2813	slti	x16,x26,-931	 x26:0x7c43f000 x16=0x00000000
      37825.000 ns	      3781	80000d20	d7304d13	xori	x26,x0,-653	  x0:0x00000000 x26=0xfffffd73
      37835.000 ns	      3782	80000d24	665f6617	auipc	x12,0x665f6	 x12=0xe65f6d24
      37855.000 ns	      3784	80000d28	c01d3d53	fcvt.wu.s	x26,f26	 f26:0x00000000 x26=0x00000000
      37885.000 ns	      3787	80000d2c	d00cfd53	fcvt.s.w	f26,x25	 x25:0xc100c32d f26=0xce7bfcf3
      37905.000 ns	      3789	80000d30	007adf33	srl	x30,x21,x7	 x21:0xfffffffc  x7:0xe55cb000 x30=0xfffffffc
      37925.000 ns	      3791	80000d34	29da0253	fmin.s	f4,f20,f29	 f20:0x7fc00000 f29:0xaeffff2c  f4=0xaeffff2c
      37955.000 ns	      3794	80000d38	f00e0c53	fmv.w.x	f24,x28	 x28:0x80040fe4 f24=0x80040fe4
      37985.000 ns	      3797	80000d3c	209887d3	fsgnj.s	f15,f17,f9	 f17:0x80000000  f9:0x80000000 f15=0x80000000
      38005.000 ns	      3799	80000d40	00000013	addi	x0,x0,0	  x0:0x00000000
      38365.000 ns	      3835	80000d44	03b075b3	remu	x11,x0,x27	  x0:0x00000000 x27:0xc0041024 x11=0x00000000
      38735.000 ns	      3872	80000d48	03cbd6b3	divu	x13,x23,x28	 x23:0x80000000 x28:0x80040fe4 x13=0x00000000
      38765.000 ns	      3875	80000d4c	298f0753	fmin.s	f14,f30,f24	 f30:0x4f000000 f24:0x80040fe4 f14=0x80040fe4
      38785.000 ns	      3877	80000d50	413d85b3	sub	x11,x27,x19	 x27:0xc0041024 x19:0x80041024 x11=0x40000000
      38795.000 ns	      3878	80000d54	a0007137	lui	x2,0xa0007	  x2=0xa0007000
      38815.000 ns	      3880	80000d58	219ca5d3	fsgnjx.s	f11,f25,f25	 f25:0x00000000 f25:0x00000000 f11=0x00000000
      38835.000 ns	      3882	80000d5c	001f1a93	slli	x21,x30,0x1	 x30:0xfffffffc x21=0xfffffff8
      38865.000 ns	      3885	80000d60	11eaf753	fmul.s	f14,f21,f30	 f21:0x9f350488 f30:0x4f000000 f14=0xaeb50488
      38895.000 ns	      3888	80000d64	03401cb3	mulh	x25,x0,x20	  x0:0x00000000 x20:0x00000000 x25=0x00000000
      38925.000 ns	      3891	80000d68	286d88d3	fmin.s	f17,f27,f6	 f27:0x00000000  f6:0x00000000 f17=0x00000000
      38975.000 ns	      3896	80000d6c	00d9f753	fadd.s	f14,f19,f13	 f19:0x00000000 f13:0x7fc00000 f14=0x7fc00000
      38995.000 ns	      3898	80000d70	0142f933	and	x18,x5,x20	  x5:0x00000000 x20:0x00000000 x18=0x00000000
      39005.000 ns	      3899	80000d74	01b9b433	sltu	x8,x19,x27	 x19:0x80041024 x27:0xc0041024  x8=0x00000001
      39015.000 ns	      3900	80000d78	79658213	addi	x4,x11,1942	 x11:0x40000000  x4=0x40000796
      39025.000 ns	      3901	80000d7c	89424193	xori	x3,x4,-1900	  x4:0x00000000  x3=0xbfffff02
      39035.000 ns	      3902	80000d80	00827db3	and	x27,x4,x8	  x4:0x00000000  x8:0x00000001 x27=0x00000000
      39055.000 ns	      3904	80000d84	21ea12d3	fsgnjn.s	f5,f20,f30	 f20:0x7fc00000 f30:0x4f000000  f5=0xffc00000
      39085.000 ns	      3907	80000d88	02419433	mulh	x8,x3,x4	  x3:0xbfffff02  x4:0x40000796  x8=0xeffffdda
      39455.000 ns	      3944	80000d8c	02907ab3	remu	x21,x0,x9	  x0:0x00000000  x9:0xffff0000 x21=0x00000000
      39485.000 ns	      3947	80000d90	c014f553	fcvt.wu.s	x10,f9	  f9:0x80000000 x10=0x00000000
      39535.000 ns	      3952	80000d94	08ef9dd3	fsub.s	f27,f31,f14	 f31:0xffffffff f14:0x7fc00000 f27=0x7fc00000
      39565.000 ns	      3955	80000d98	02f52733	mulhsu	x14,x10,x15	 x10:0x00000000 x15:0x90061846 x14=0x00000000
      39585.000 ns	      3957	80000d9c	40e4d813	srai	x16,x9,0xe	  x9:0xffff0000 x16=0xfffffffc
      39595.000 ns	      3958	80000da0	40095933	sra	x18,x18,x0	 x18:0x00000000  x0:0x00000000 x18=0x00000000
      39605.000 ns	      3959	80000da4	01d0eeb3	or	x29,x1,x29	  x1:0x00000000 x29:0x00000000 x29=0x00000000
      39625.000 ns	      3961	80000da8	023d2c33	mulhsu	x24,x26,x3	 x26:0x00000000  x3:0xbfffff02 x24=0x00000000
      39645.000 ns	      3963	80000dac	01063f33	sltu	x30,x12,x16	 x12:0xe65f6d24 x16:0xfffffffc x30=0x00000001
      39665.000 ns	      3965	80000db0	02361db3	mulh	x27,x12,x3	 x12:0xe65f6d24  x3:0xbfffff02 x27=0x066824d0
      39695.000 ns	      3968	80000db4	21b82453	fsgnjx.s	f8,f16,f27	 f16:0xffc00000 f27:0x7fc00000  f8=0xffc00000
      39715.000 ns	      3970	80000db8	bf080213	addi	x4,x16,-1040	 x16:0xfffffffc  x4=0xfffffbec
      39735.000 ns	      3972	80000dbc	02efe933	rem	x18,x31,x14	 x31:0xc0041024 x14:0x00000000 x18=0xc0041024
      39765.000 ns	      3975	80000dc0	e0048753	fmv.x.w	x14,f9	  f9:0x80000000 x14=0x80000000
      39795.000 ns	      3978	80000dc4	c01bff53	fcvt.wu.s	x30,f23	 f23:0x7fc00000 x30=0xffffffff
      39815.000 ns	      3980	80000dc8	f567d737	lui	x14,0xf567d	 x14=0xf567d000
      39825.000 ns	      3981	80000dcc	01a41013	slli	x0,x8,0x1a	  x8:0xeffffdda
      39835.000 ns	      3982	80000dd0	2c658237	lui	x4,0x2c658	  x4=0x2c658000
      39845.000 ns	      3983	80000dd4	016fb933	sltu	x18,x31,x22	 x31:0xc0041024 x22:0xc0041024 x18=0x00000000
      39865.000 ns	      3985	80000dd8	a0e39d53	flt.s	x26,f7,f14	  f7:0x7fc00000 f14:0x7fc00000 x26=0x00000000
      39885.000 ns	      3987	80000ddc	00d1e6b3	or	x13,x3,x13	  x3:0xbfffff02 x13:0x00000000 x13=0xbfffff02
      39905.000 ns	      3989	80000de0	a15083d3	fle.s	x7,f1,f21	  f1:0x7fc00000 f21:0x9f350488  x7=0x00000000
      39925.000 ns	      3991	80000de4	65f8a513	slti	x10,x17,1631	 x17:0x00000000 x10=0x00000001
      39965.000 ns	      3995	80000de8	088e7d53	fsub.s	f26,f28,f8	 f28:0x7fc00000  f8:0xffc00000 f26=0x7fc00000
      40335.000 ns	      4032	80000dec	033cc733	div	x14,x25,x19	 x25:0x00000000 x19:0x80041024 x14=0x00000000
      40365.000 ns	      4035	80000df0	212f1553	fsgnjn.s	f10,f30,f18	 f30:0x4f000000 f18:0xaeffff2c f10=0x4f000000
      40395.000 ns	      4038	80000df4	203015d3	fsgnjn.s	f11,f0,f3	  f0:0xff800000  f3:0xaeffff2c f11=0x7f800000
      40415.000 ns	      4040	80000df8	01d39a33	sll	x20,x7,x29	  x7:0x00000000 x29:0x00000000 x20=0x00000000
      40425.000 ns	      4041	80000dfc	004dd493	srli	x9,x27,0x4	 x27:0x066824d0  x9=0x0066824d
      40435.000 ns	      4042	80000e00	005a9a33	sll	x20,x21,x5	 x21:0x00000000  x5:0x00000000 x20=0x00000000
      40455.000 ns	      4044	80000e04	03a06eb3	rem	x29,x0,x26	  x0:0x00000000 x26:0x00000000 x29=0x00000000
      40485.000 ns	      4047	80000e08	a106a8d3	feq.s	x17,f13,f16	 f13:0x7fc00000 f16:0xffc00000 x17=0x00000000
      40505.000 ns	      4049	80000e0c	006a8333	add	x6,x21,x6	 x21:0x00000000  x6:0xffffffff  x6=0xffffffff
      40515.000 ns	      4050	80000e10	01272eb3	slt	x29,x14,x18	 x14:0x00000000 x18:0x00000000 x29=0x00000000
      40555.000 ns	      4054	80000e14	01a9a453	fadd.s	f8,f19,f26	 f19:0x00000000 f26:0x7fc00000  f8=0x7fc00000
      40575.000 ns	      4056	80000e18	00808333	add	x6,x1,x8	  x1:0x00000000  x8:0xeffffdda  x6=0xeffffdda
      40595.000 ns	      4058	80000e1c	c00c2a53	fcvt.w.s	x20,f24	 f24:0x80040fe4 x20=0x00000000
      40625.000 ns	      4061	80000e20	03ff8633	mul	x12,x31,x31	 x31:0xc0041024 x31:0xc0041024 x12=0x82248510
      40655.000 ns	      4064	80000e24	a1371653	flt.s	x12,f14,f19	 f14:0x7fc00000 f19:0x00000000 x12=0x00000000
      40675.000 ns	      4066	80000e28	009c67b3	or	x15,x24,x9	 x24:0x00000000  x9:0x0066824d x15=0x0066824d
      40695.000 ns	      4068	80000e2c	e0011253	fclass.s	x4,f2	  f2:0x7fc00000  x4=0x00000200
      40715.000 ns	      4070	80000e30	5dd7ac93	slti	x25,x15,1501	 x15:0x90061846 x25=0x00000000
      40735.000 ns	      4072	80000e34	21d79053	fsgnjn.s	f0,f15,f29	 f15:0x80000000 f29:0xaeffff2c  f0=0x00000000
      40755.000 ns	      4074	80000e38	8ad57c93	andi	x25,x10,-1875	 x10:0x00000001 x25=0x00000001
      40765.000 ns	      4075	80000e3c	0090fdb3	and	x27,x1,x9	  x1:0x00000000  x9:0x0066824d x27=0x00000000
      40775.000 ns	      4076	80000e40	01245eb3	srl	x29,x8,x18	  x8:0xeffffdda x18:0x00000000 x29=0xeffffdda
      40785.000 ns	      4077	80000e44	000e9113	slli	x2,x29,0x0	 x29:0x00000000  x2=0xeffffdda
      40805.000 ns	      4079	80000e48	a18a0153	fle.s	x2,f20,f24	 f20:0x7fc00000 f24:0x80040fe4  x2=0x00000000
      40825.000 ns	      4081	80000e4c	00ef0f33	add	x30,x30,x14	 x30:0xffffffff x14:0x00000000 x30=0xffffffff
      40865.000 ns	      4085	80000e50	08631dd3	fsub.s	f27,f6,f6	  f6:0x00000000  f6:0x00000000 f27=0x80000000
      40915.000 ns	      4090	80000e54	01b971d3	fadd.s	f3,f18,f27	 f18:0xaeffff2c f27:0x7fc00000  f3=0xaeffff2c
      40935.000 ns	      4092	80000e58	411dd4b3	sra	x9,x27,x17	 x27:0x00000000 x17:0x00000000  x9=0x00000000
      40965.000 ns	      4095	80000e5c	10881553	fmul.s	f10,f16,f8	 f16:0xffc00000  f8:0x7fc00000 f10=0x7fc00000
      41335.000 ns	      4132	80000e60	03dd67b3	rem	x15,x26,x29	 x26:0x00000000 x29:0xeffffdda x15=0x00000000
      41365.000 ns	      4135	80000e64	02e547b3	div	x15,x10,x14	 x10:0x00000001 x14:0x00000000 x15=0xffffffff
      41395.000 ns	      4138	80000e68	03542433	mulhsu	x8,x8,x21	  x8:0xeffffdda x21:0x00000000  x8=0x00000000
      41765.000 ns	      4175	80000e6c	033c6eb3	rem	x29,x24,x19	 x24:0x00000000 x19:0x80041024 x29=0x00000000
      41785.000 ns	      4177	80000e70	01c13d33	sltu	x26,x2,x28	  x2:0x00000000 x28:0x80040fe4 x26=0x00000001
      41805.000 ns	      4179	80000e74	03739633	mulh	x12,x7,x23	  x7:0x00000000 x23:0x80000000 x12=0x00000000
      41825.000 ns	      4181	80000e78	57e7ea13	ori	x20,x15,1406	 x15:0xffffffff x20=0xffffffff
      41835.000 ns	      4182	80000e7c	8a010797	auipc	x15,0x8a010	 x15=0x0a010e7c
      41845.000 ns	      4183	80000e80	309a8893	addi	x17,x21,777	 x21:0x00000000 x17=0x00000309
      41855.000 ns	      4184	80000e84	d9d2ac17	auipc	x24,0xd9d2a	 x24=0x59d2ae84
      41875.000 ns	      4186	80000e88	03948a33	mul	x20,x9,x25	  x9:0x00000000 x25:0x00000001 x20=0x00000000
      41895.000 ns	      4188	80000e8c	007ddd93	srli	x27,x27,0x7	 x27:0x00000000 x27=0x00000000
      41905.000 ns	      4189	80000e90	00b5b633	sltu	x12,x11,x11	 x11:0x40000000 x11:0x40000000 x12=0x00000000
      41925.000 ns	      4191	80000e94	c01fc6d3	fcvt.wu.s	x13,f31	 f31:0xffffffff x13=0xffffffff
      41945.000 ns	      4193	80000e98	01f6d813	srli	x16,x13,0x1f	 x13:0xbfffff02 x16=0x00000001
      41965.000 ns	      4195	80000e9c	0332bfb3	mulhu	x31,x5,x19	  x5:0x00000000 x19:0x80041024 x31=0x00000000
      41985.000 ns	      4197	80000ea0	011dd893	srli	x17,x27,0x11	 x27:0x00000000 x17=0x00000000
      41995.000 ns	      4198	80000ea4	018a3833	sltu	x16,x20,x24	 x20:0x00000000 x24:0x59d2ae84 x16=0x00000001
      42015.000 ns	      4200	80000ea8	280e01d3	fmin.s	f3,f28,f0	 f28:0x7fc00000  f0:0x00000000  f3=0x00000000
      42045.000 ns	      4203	80000eac	02aa37b3	mulhu	x15,x20,x10	 x20:0x00000000 x10:0x00000001 x15=0x00000000
      42065.000 ns	      4205	80000eb0	00242433	slt	x8,x8,x2	  x8:0x00000000  x2:0x00000000  x8=0x00000000
      42085.000 ns	      4207	80000eb4	e0090cd3	fmv.x.w	x25,f18	 f18:0xaeffff2c x25=0xaeffff2c
      42115.000 ns	      4210	80000eb8	f0060bd3	fmv.w.x	f23,x12	 x12:0x00000000 f23=0x00000000
      42145.000 ns	      4213	80000ebc	21f18bd3	fsgnj.s	f23,f3,f31	  f3:0x00000000 f31:0xffffffff f23=0x80000000
      42165.000 ns	      4215	80000ec0	00e06833	or	x16,x0,x14	  x0:0x00000000 x14:0x00000000 x16=0x00000000
      42205.000 ns	      4219	80000ec4	085c7fd3	fsub.s	f31,f24,f5	 f24:0x80040fe4  f5:0xffc00000 f31=0x7fc00000
      42225.000 ns	      4221	80000ec8	ed1b7293	andi	x5,x22,-303	 x22:0xc0041024  x5=0xc0041000
      42235.000 ns	      4222	80000ecc	40755893	srai	x17,x10,0x7	 x10:0x00000001 x17=0x00000000
      42245.000 ns	      4223	80000ed0	58d56217	auipc	x4,0x58d56	  x4=0xd8d56ed0
      42255.000 ns	      4224	80000ed4	00f15b13	srli	x22,x2,0xf	  x2:0x00000000 x22=0x00000000
      42265.000 ns	      4225	80000ed8	9e54ea13	ori	x20,x9,-1563	  x9:0x00000000 x20=0xfffff9e5
      42275.000 ns	      4226	80000edc	4170df13	srai	x30,x1,0x17	  x1:0x00000000 x30=0x00000000
      42635.000 ns	      4262	80000ee0	02acda33	divu	x20,x25,x10	 x25:0xaeffff2c x10:0x00000001 x20=0xaeffff2c
      42665.000 ns	      4265	80000ee4	a0030b53	fle.s	x22,f6,f0	  f6:0x00000000  f0:0x00000000 x22=0x00000001
      42695.000 ns	      4268	80000ee8	f0048fd3	fmv.w.x	f31,x9	  x9:0x00000000 f31=0x00000000
      42735.000 ns	      4272	80000eec	580fb8d3	fsqrt.s	f17,f31	 f31:0x7fc00000 f17=0x00000000
      42755.000 ns	      4274	80000ef0	00fc1eb3	sll	x29,x24,x15	 x24:0x59d2ae84 x15:0x00000000 x29=0x59d2ae84
      42765.000 ns	      4275	80000ef4	0957b293	sltiu	x5,x15,149	 x15:0x00000000  x5=0x00000001
      42785.000 ns	      4277	80000ef8	f00787d3	fmv.w.x	f15,x15	 x15:0x00000000 f15=0x00000000
      42815.000 ns	      4280	80000efc	c01c10d3	fcvt.wu.s	x1,f24	 f24:0x80040fe4  x1=0x00000000
      42855.000 ns	      4284	80000f00	580af653	fsqrt.s	f12,f21	 f21:0x9f350488 f12=0x7fc00000
      43225.000 ns	      4321	80000f04	026e4a33	div	x20,x28,x6	 x28:0x80040fe4  x6:0xeffffdda x20=0x00000007
      43245.000 ns	      4323	80000f08	00121433	sll	x8,x4,x1	  x4:0xd8d56ed0  x1:0x00000000  x8=0xd8d56ed0
      43255.000 ns	      4324	80000f0c	00c81233	sll	x4,x16,x12	 x16:0x00000000 x12:0x00000000  x4=0x00000000
      43275.000 ns	      4326	80000f10	d0022253	fcvt.s.w	f4,x4	  x4:0xd8d56ed0  f4=0x00000000
      43295.000 ns	      4328	80000f14	3667c693	xori	x13,x15,870	 x15:0x00000000 x13=0x00000366
      43305.000 ns	      4329	80000f18	41b8de93	srai	x29,x17,0x1b	 x17:0x00000000 x29=0x00000000
      43325.000 ns	      4331	80000f1c	204e0b53	fsgnj.s	f22,f28,f4	 f28:0x7fc00000  f4:0x00000000 f22=0x7fc00000
      43345.000 ns	      4333	80000f20	00de3733	sltu	x14,x28,x13	 x28:0x80040fe4 x13:0x00000366 x14=0x00000000
      43355.000 ns	      4334	80000f24	409b0733	sub	x14,x22,x9	 x22:0x00000001  x9:0x00000000 x14=0x00000001
      43375.000 ns	      4336	80000f28	21379353	fsgnjn.s	f6,f15,f19	 f15:0x00000000 f19:0x00000000  f6=0x80000000
      43395.000 ns	      4338	80000f2c	404ed613	srai	x12,x29,0x4	 x29:0x00000000 x12=0x00000000
      43415.000 ns	      4340	80000f30	0212cb33	div	x22,x5,x1	  x5:0x00000001  x1:0x00000000 x22=0xffffffff
      43435.000 ns	      4342	80000f34	014e5933	srl	x18,x28,x20	 x28:0x80040fe4 x20:0x00000007 x18=0x0100081f
      43455.000 ns	      4344	80000f38	215f8dd3	fsgnj.s	f27,f31,f21	 f31:0x00000000 f21:0x9f350488 f27=0x80000000
      43475.000 ns	      4346	80000f3c	00a0b433	sltu	x8,x1,x10	  x1:0x00000000 x10:0x00000001  x8=0x00000001
      43495.000 ns	      4348	80000f40	291300d3	fmin.s	f1,f6,f17	  f6:0x80000000 f17:0x00000000  f1=0x80000000
      43525.000 ns	      4351	80000f44	e0080053	fmv.x.w	x0,f16	 f16:0xffc00000
      43545.000 ns	      4353	80000f48	e5ca67b7	lui	x15,0xe5ca6	 x15=0xe5ca6000
      43555.000 ns	      4354	80000f4c	4082dc93	srai	x25,x5,0x8	  x5:0x00000001 x25=0x00000000
      43565.000 ns	      4355	80000f50	009728b3	slt	x17,x14,x9	 x14:0x00000001  x9:0x00000000 x17=0x00000000
      43575.000 ns	      4356	80000f54	00b38f33	add	x30,x7,x11	  x7:0x00000000 x11:0x40000000 x30=0x40000000
      43585.000 ns	      4357	80000f58	a0402413	slti	x8,x0,-1532	  x0:0x00000000  x8=0x00000000
      43615.000 ns	      4360	80000f5c	18c077d3	fdiv.s	f15,f0,f12	  f0:0x00000000 f12:0x7fc00000 f15=0x7fc00000
      43645.000 ns	      4363	80000f60	0394e0b3	rem	x1,x9,x25	  x9:0x00000000 x25:0x00000000  x1=0x00000000
      43675.000 ns	      4366	80000f64	03c28433	mul	x8,x5,x28	  x5:0x00000001 x28:0x80040fe4  x8=0x80040fe4
      43695.000 ns	      4368	80000f68	401e8533	sub	x10,x29,x1	 x29:0x00000000  x1:0x00000000 x10=0x00000000
      43705.000 ns	      4369	80000f6c	00461d13	slli	x26,x12,0x4	 x12:0x00000000 x26=0x00000000
      43725.000 ns	      4371	80000f70	02c240b3	div	x1,x4,x12	  x4:0x00000000 x12:0x00000000  x1=0xffffffff
      43745.000 ns	      4373	80000f74	01493333	sltu	x6,x18,x20	 x18:0x0100081f x20:0x00000007  x6=0x00000000
      43755.000 ns	      4374	80000f78	a072b237	lui	x4,0xa072b	  x4=0xa072b000
      43765.000 ns	      4375	80000f7c	67a7e937	lui	x18,0x67a7e	 x18=0x67a7e000
      43785.000 ns	      4377	80000f80	032d2b33	mulhsu	x22,x26,x18	 x26:0x00000000 x18:0x0100081f x22=0x00000000
      43815.000 ns	      4380	80000f84	a11c9dd3	flt.s	x27,f25,f17	 f25:0x00000000 f17:0x00000000 x27=0x00000000
      43845.000 ns	      4383	80000f88	a0512653	feq.s	x12,f2,f5	  f2:0x7fc00000  f5:0xffc00000 x12=0x00000000
      43865.000 ns	      4385	80000f8c	00069c33	sll	x24,x13,x0	 x13:0x00000366  x0:0x00000000 x24=0x00000366
      43875.000 ns	      4386	80000f90	01041933	sll	x18,x8,x16	  x8:0x80040fe4 x16:0x00000000 x18=0x80040fe4
      43885.000 ns	      4387	80000f94	9c834413	xori	x8,x6,-1592	  x6:0x00000000  x8=0xfffff9c8
      43895.000 ns	      4388	80000f98	00a25513	srli	x10,x4,0xa	  x4:0xa072b000 x10=0x00281cac
      43905.000 ns	      4389	80000f9c	73579697	auipc	x13,0x73579	 x13=0xf3579f9c
      43925.000 ns	      4391	80000fa0	e00d9fd3	fclass.s	x31,f27	 f27:0x80000000 x31=0x00000008
      43945.000 ns	      4393	80000fa4	56e92c93	slti	x25,x18,1390	 x18:0x80040fe4 x25=0x00000001
      43965.000 ns	      4395	80000fa8	a1418953	fle.s	x18,f3,f20	  f3:0x00000000 f20:0x7fc00000 x18=0x00000000
      43985.000 ns	      4397	80000fac	00e31513	slli	x10,x6,0xe	  x6:0x00000000 x10=0x00000000
      44005.000 ns	      4399	80000fb0	212408d3	fsgnj.s	f17,f8,f18	  f8:0x7fc00000 f18:0xaeffff2c f17=0xffc00000
      44035.000 ns	      4402	80000fb4	02ae5cb3	divu	x25,x28,x10	 x28:0x80040fe4 x10:0x00281cac x25=0xffffffff
      44055.000 ns	      4404	80000fb8	b14baa13	slti	x20,x23,-1260	 x23:0x80000000 x20=0x00000001
      44065.000 ns	      4405	80000fbc	01d8a733	slt	x14,x17,x29	 x17:0x00000000 x29:0x00000000 x14=0x00000000
      44105.000 ns	      4409	80000fc0	01b299d3	fadd.s	f19,f5,f27	  f5:0xffc00000 f27:0x80000000 f19=0x7fc00000
      44135.000 ns	      4412	80000fc4	e0038753	fmv.x.w	x14,f7	  f7:0x7fc00000 x14=0x7fc00000
      44165.000 ns	      4415	80000fc8	03d08b33	mul	x22,x1,x29	  x1:0xffffffff x29:0x00000000 x22=0x00000000
      44205.000 ns	      4419	80000fcc	10b912d3	fmul.s	f5,f18,f11	 f18:0xaeffff2c f11:0x7f800000  f5=0xff800000
      44235.000 ns	      4422	80000fd0	c01f7953	fcvt.wu.s	x18,f30	 f30:0x4f000000 x18=0x80000000
      44265.000 ns	      4425	80000fd4	a10502d3	fle.s	x5,f10,f16	 f10:0x7fc00000 f16:0xffc00000  x5=0x00000000
      44285.000 ns	      4427	80000fd8	4113d933	sra	x18,x7,x17	  x7:0x00000000 x17:0x00000000 x18=0x00000000
      44645.000 ns	      4463	80000fdc	02fdca33	div	x20,x27,x15	 x27:0x00000000 x15:0xe5ca6000 x20=0x00000000
      44675.000 ns	      4466	80000fe0	21cea3d3	fsgnjx.s	f7,f29,f28	 f29:0xaeffff2c f28:0x7fc00000  f7=0xaeffff2c
      44695.000 ns	      4468	80000fe4	d454ae93	slti	x29,x9,-699	  x9:0x00000000 x29=0x00000000
      44715.000 ns	      4470	80000fe8	c01aff53	fcvt.wu.s	x30,f21	 f21:0x9f350488 x30=0x00000000
      44735.000 ns	      4472	80000fec	00905d13	srli	x26,x0,0x9	  x0:0x00000000 x26=0x00000000
      44755.000 ns	      4474	80000ff0	03293533	mulhu	x10,x18,x18	 x18:0x00000000 x18:0x00000000 x10=0x00000000
      44775.000 ns	      4476	80000ff4	ab8ebe93	sltiu	x29,x29,-1352	 x29:0x00000000 x29=0x00000001
      45135.000 ns	      4512	80000ff8	023c7633	remu	x12,x24,x3	 x24:0x00000366  x3:0xbfffff02 x12=0x00000366
      45165.000 ns	      4515	80000ffc	21251f53	fsgnjn.s	f30,f10,f18	 f10:0x7fc00000 f18:0xaeffff2c f30=0x7fc00000
      45185.000 ns	      4517	80001000	7bc36493	ori	x9,x6,1980	  x6:0x00000000  x9=0x000007bc
      45545.000 ns	      4553	80001004	021df833	remu	x16,x27,x1	 x27:0x00000000  x1:0xffffffff x16=0x00000000
      45565.000 ns	      4555	80001008	00085513	srli	x10,x16,0x0	 x16:0x00000000 x10=0x00000000
      45575.000 ns	      4556	8000100c	01352933	slt	x18,x10,x19	 x10:0x00000000 x19:0x80041024 x18=0x00000000
      45585.000 ns	      4557	80001010	41748013	addi	x0,x9,1047	  x9:0x000007bc
      45605.000 ns	      4559	80001014	a12f87d3	fle.s	x15,f31,f18	 f31:0x00000000 f18:0xaeffff2c x15=0x00000000
      45625.000 ns	      4561	80001018	01cc9133	sll	x2,x25,x28	 x25:0xffffffff x28:0x80040fe4  x2=0xfffffff0
      45645.000 ns	      4563	8000101c	20130dd3	fsgnj.s	f27,f6,f1	  f6:0x80000000  f1:0x80000000 f27=0x80000000
      45665.000 ns	      4565	80001020	9ce18497	auipc	x9,0x9ce18	  x9=0x1ce19020
      45675.000 ns	      4566	80001024	8bb84d97	auipc	x27,0x8bb84	 x27=0x0bb85024
      46035.000 ns	      4602	80001028	02bcd1b3	divu	x3,x25,x11	 x25:0xffffffff x11:0x40000000  x3=0x00000003
      46055.000 ns	      4604	8000102c	def9a793	slti	x15,x19,-529	 x19:0x80041024 x15=0x00000001
      46065.000 ns	      4605	80001030	69c83d93	sltiu	x27,x16,1692	 x16:0x00000000 x27=0x00000001
      46085.000 ns	      4607	80001034	03778cb3	mul	x25,x15,x23	 x15:0x00000000 x23:0x80000000 x25=0x80000000
      46105.000 ns	      4609	80001038	04d64793	xori	x15,x12,77	 x12:0x00000366 x15=0x0000032b
      46135.000 ns	      4612	8000103c	1004f1d3	fmul.s	f3,f9,f0	  f9:0x80000000  f0:0x00000000  f3=0x80000000
      46155.000 ns	      4614	80001040	01ba2433	slt	x8,x20,x27	 x20:0x00000000 x27:0x00000001  x8=0x00000001
      46165.000 ns	      4615	80001044	408fd313	srai	x6,x31,0x8	 x31:0x00000008  x6=0x00000000
      46185.000 ns	      4617	80001048	204aa7d3	fsgnjx.s	f15,f21,f4	 f21:0x9f350488  f4:0x00000000 f15=0x9f350488
      46205.000 ns	      4619	8000104c	aed87c13	andi	x24,x16,-1299	 x16:0x00000000 x24=0x00000000
      46225.000 ns	      4621	80001050	02ec8933	mul	x18,x25,x14	 x25:0x80000000 x14:0x7fc00000 x18=0x00000000
      46255.000 ns	      4624	80001054	035cb1b3	mulhu	x3,x25,x21	 x25:0x80000000 x21:0x00000000  x3=0x00000000
      46295.000 ns	      4628	80001058	19b47253	fdiv.s	f4,f8,f27	  f8:0x7fc00000 f27:0x80000000  f4=0x7fc00000
      46325.000 ns	      4631	8000105c	f0068dd3	fmv.w.x	f27,x13	 x13:0xf3579f9c f27=0xf3579f9c
      46365.000 ns	      4635	80001060	1865b153	fdiv.s	f2,f11,f6	 f11:0x7f800000  f6:0x80000000  f2=0xff800000
      46385.000 ns	      4637	80001064	4a00f197	auipc	x3,0x4a00f	  x3=0xca010064
      46395.000 ns	      4638	80001068	00daa633	slt	x12,x21,x13	 x21:0x00000000 x13:0xf3579f9c x12=0x00000000
      46415.000 ns	      4640	8000106c	a18e0953	fle.s	x18,f28,f24	 f28:0x7fc00000 f24:0x80040fe4 x18=0x00000000
      46435.000 ns	      4642	80001070	00afed33	or	x26,x31,x10	 x31:0x00000008 x10:0x00000000 x26=0x00000008
      46455.000 ns	      4644	80001074	28c80353	fmin.s	f6,f16,f12	 f16:0xffc00000 f12:0x7fc00000  f6=0x7fc00000
      46485.000 ns	      4647	80001078	e00c9053	fclass.s	x0,f25	 f25:0x00000000
      46505.000 ns	      4649	8000107c	66925e97	auipc	x29,0x66925	 x29=0xe692607c
      46515.000 ns	      4650	80001080	00c30833	add	x16,x6,x12	  x6:0x00000000 x12:0x00000000 x16=0x00000000
      46535.000 ns	      4652	80001084	029922b3	mulhsu	x5,x18,x9	 x18:0x00000000  x9:0x1ce19020  x5=0x00000000
      46565.000 ns	      4655	80001088	28bc0b53	fmin.s	f22,f24,f11	 f24:0x80040fe4 f11:0x7f800000 f22=0x80040fe4
      46935.000 ns	      4692	8000108c	02b9ca33	div	x20,x19,x11	 x19:0x80041024 x11:0x40000000 x20=0xffffffff
      46955.000 ns	      4694	80001090	68088913	addi	x18,x17,1664	 x17:0x00000000 x18=0x00000680
      46965.000 ns	      4695	80001094	f66a9817	auipc	x16,0xf66a9	 x16=0x766aa094
      46975.000 ns	      4696	80001098	53c00c37	lui	x24,0x53c00	 x24=0x53c00000
      47335.000 ns	      4732	8000109c	024064b3	rem	x9,x0,x4	  x0:0x00000000  x4:0xa072b000  x9=0x00000000
      47365.000 ns	      4735	800010a0	21f52ad3	fsgnjx.s	f21,f10,f31	 f10:0x7fc00000 f31:0x00000000 f21=0x7fc00000
      47395.000 ns	      4738	800010a4	e0060cd3	fmv.x.w	x25,f12	 f12:0x7fc00000 x25=0x7fc00000
      47425.000 ns	      4741	800010a8	c0109a53	fcvt.wu.s	x20,f1	  f1:0x80000000 x20=0x00000000
      47445.000 ns	      4743	800010ac	01ec60b3	or	x1,x24,x30	 x24:0x53c00000 x30:0x00000000  x1=0x53c00000
      47465.000 ns	      4745	800010b0	03c8b933	mulhu	x18,x17,x28	 x17:0x00000000 x28:0x80040fe4 x18=0x00000000
      47835.000 ns	      4782	800010b4	028bc433	div	x8,x23,x8	 x23:0x80000000  x8:0x00000001  x8=0x80000000
      47865.000 ns	      4785	800010b8	c00073d3	fcvt.w.s	x7,f0	  f0:0x00000000  x7=0x00000000
      47885.000 ns	      4787	800010bc	40720533	sub	x10,x4,x7	  x4:0xa072b000  x7:0x00000000 x10=0xa072b000
      47895.000 ns	      4788	800010c0	81f22493	slti	x9,x4,-2017	  x4:0xa072b000  x9=0x00000001
      47905.000 ns	      4789	800010c4	a4090513	addi	x10,x18,-1472	 x18:0x00000000 x10=0xfffffa40
      47925.000 ns	      4791	800010c8	a1afa553	feq.s	x10,f31,f26	 f31:0x00000000 f26:0x7fc00000 x10=0x00000000
      47955.000 ns	      4794	800010cc	02b58433	mul	x8,x11,x11	 x11:0x40000000 x11:0x40000000  x8=0x00000000
      47975.000 ns	      4796	800010d0	419f5cb3	sra	x25,x30,x25	 x30:0x00000000 x25:0x7fc00000 x25=0x00000000
      47985.000 ns	      4797	800010d4	01e89093	slli	x1,x17,0x1e	 x17:0x00000000  x1=0x00000000
      48005.000 ns	      4799	800010d8	d01992d3	fcvt.s.wu	f5,x19	 x19:0x80041024  f5=0x4f000410
      48025.000 ns	      4801	800010dc	126a8313	addi	x6,x21,294	 x21:0x00000000  x6=0x00000126
      48035.000 ns	      4802	800010e0	00074433	xor	x8,x14,x0	 x14:0x7fc00000  x0:0x00000000  x8=0x7fc00000
      48055.000 ns	      4804	800010e4	f00a09d3	fmv.w.x	f19,x20	 x20:0x00000000 f19=0x00000000
      48075.000 ns	      4806	800010e8	46040793	addi	x15,x8,1120	  x8:0x00000000 x15=0x7fc00460
      49245.000 ns	      4923	800010ec	5802bcd3	fsqrt.s	f25,f5	  f5:0x4f000410 f25=0x46b50a40
      49265.000 ns	      4925	800010f0	0107fdb3	and	x27,x15,x16	 x15:0x0000032b x16:0x766aa094 x27=0x76400000
      49285.000 ns	      4927	800010f4	291b0dd3	fmin.s	f27,f22,f17	 f22:0x80040fe4 f17:0xffc00000 f27=0x80040fe4
      49305.000 ns	      4929	800010f8	405bd533	sra	x10,x23,x5	 x23:0x80000000  x5:0x00000000 x10=0x80000000
      49325.000 ns	      4931	800010fc	e0009b53	fclass.s	x22,f1	  f1:0x80000000 x22=0x00000008
      49355.000 ns	      4934	80001100	d00783d3	fcvt.s.w	f7,x15	 x15:0x7fc00460  f7=0x4eff8008
      49375.000 ns	      4936	80001104	01c6d2b3	srl	x5,x13,x28	 x13:0xf3579f9c x28:0x80040fe4  x5=0x0f3579f9
      49385.000 ns	      4937	80001108	6f3b9217	auipc	x4,0x6f3b9	  x4=0xef3ba108
      49405.000 ns	      4939	8000110c	20d92f53	fsgnjx.s	f30,f18,f13	 f18:0xaeffff2c f13:0x7fc00000 f30=0xaeffff2c
      49455.000 ns	      4944	80001110	089945d3	fsub.s	f11,f18,f9	 f18:0xaeffff2c  f9:0x80000000 f11=0xaeffff2c
      49505.000 ns	      4949	80001114	09b94fd3	fsub.s	f31,f18,f27	 f18:0xaeffff2c f27:0x80040fe4 f31=0xaeffff2c
      49555.000 ns	      4954	80001118	087e4353	fsub.s	f6,f28,f7	 f28:0x7fc00000  f7:0x4eff8008  f6=0x7fc00000
      49585.000 ns	      4957	8000111c	a1d42953	feq.s	x18,f8,f29	  f8:0x7fc00000 f29:0xaeffff2c x18=0x00000000
      49605.000 ns	      4959	80001120	00bc7633	and	x12,x24,x11	 x24:0x53c00000 x11:0x40000000 x12=0x40000000
      49615.000 ns	      4960	80001124	004df933	and	x18,x27,x4	 x27:0x76400000  x4:0xef3ba108 x18=0x66000000
      49625.000 ns	      4961	80001128	17df8013	addi	x0,x31,381	 x31:0x00000008
      49635.000 ns	      4962	8000112c	006ab6b3	sltu	x13,x21,x6	 x21:0x00000000  x6:0x00000126 x13=0x00000001
      49645.000 ns	      4963	80001130	013fe7b3	or	x15,x31,x19	 x31:0x00000008 x19:0x80041024 x15=0x8004102c
      49655.000 ns	      4964	80001134	d3e32437	lui	x8,0xd3e32	  x8=0xd3e32000
      49695.000 ns	      4968	80001138	003e4153	fadd.s	f2,f28,f3	 f28:0x7fc00000  f3:0x80000000  f2=0x7fc00000
      49725.000 ns	      4971	8000113c	21c59d53	fsgnjn.s	f26,f11,f28	 f11:0xaeffff2c f28:0x7fc00000 f26=0xaeffff2c
      49745.000 ns	      4973	80001140	00efec33	or	x24,x31,x14	 x31:0x00000008 x14:0x7fc00000 x24=0x7fc00008
      50105.000 ns	      5009	80001144	03215333	divu	x6,x2,x18	  x2:0xfffffff0 x18:0x66000000  x6=0x00000002
      50135.000 ns	      5012	80001148	0349d633	divu	x12,x19,x20	 x19:0x80041024 x20:0x00000000 x12=0xffffffff
      50165.000 ns	      5015	8000114c	281b19d3	fmax.s	f19,f22,f1	 f22:0x80040fe4  f1:0x80000000 f19=0x80000000
      50195.000 ns	      5018	80001150	c007fb53	fcvt.w.s	x22,f15	 f15:0x9f350488 x22=0x00000000
      50225.000 ns	      5021	80001154	21c597d3	fsgnjn.s	f15,f11,f28	 f11:0xaeffff2c f28:0x7fc00000 f15=0xaeffff2c
      50595.000 ns	      5058	80001158	02fa4c33	div	x24,x20,x15	 x20:0x00000000 x15:0x8004102c x24=0x00000000
      50615.000 ns	      5060	8000115c	409c82b3	sub	x5,x25,x9	 x25:0x00000000  x9:0x00000001  x5=0xffffffff
      50625.000 ns	      5061	80001160	23d9ac13	slti	x24,x19,573	 x19:0x80041024 x24=0x00000001
      50645.000 ns	      5063	80001164	20831553	fsgnjn.s	f10,f6,f8	  f6:0x7fc00000  f8:0x7fc00000 f10=0xffc00000
      50675.000 ns	      5066	80001168	034178b3	remu	x17,x2,x20	  x2:0xfffffff0 x20:0x00000000 x17=0xfffffff0
      50695.000 ns	      5068	8000116c	107960b7	lui	x1,0x10796	  x1=0x10796000
      50715.000 ns	      5070	80001170	e0061753	fclass.s	x14,f12	 f12:0x7fc00000 x14=0x00000200
      50765.000 ns	      5075	80001174	003c7e53	fadd.s	f28,f24,f3	 f24:0x80040fe4  f3:0x80000000 f28=0x80040fe4
      50795.000 ns	      5078	80001178	c001fd53	fcvt.w.s	x26,f3	  f3:0x80000000 x26=0x00000000
      50825.000 ns	      5081	8000117c	0280aeb3	mulhsu	x29,x1,x8	  x1:0x10796000  x8:0xd3e32000 x29=0x0da2a7cf
      50855.000 ns	      5084	80001180	c00397d3	fcvt.w.s	x15,f7	  f7:0x4eff8008 x15=0x7fc00400
      50885.000 ns	      5087	80001184	e00192d3	fclass.s	x5,f3	  f3:0x80000000  x5=0x00000008
      50905.000 ns	      5089	80001188	012e0533	add	x10,x28,x18	 x28:0x80040fe4 x18:0x66000000 x10=0xe6040fe4
      50915.000 ns	      5090	8000118c	01df9b13	slli	x22,x31,0x1d	 x31:0x00000008 x22=0x00000000
      50925.000 ns	      5091	80001190	dc09fb13	andi	x22,x19,-576	 x19:0x80041024 x22=0x80041000
      50955.000 ns	      5094	80001194	184c9653	fdiv.s	f12,f25,f4	 f25:0x46b50a40  f4:0x7fc00000 f12=0x7fc00000
      50985.000 ns	      5097	80001198	03c632b3	mulhu	x5,x12,x28	 x12:0xffffffff x28:0x80040fe4  x5=0x80040fe3
      51015.000 ns	      5100	8000119c	0379bf33	mulhu	x30,x19,x23	 x19:0x80041024 x23:0x80000000 x30=0x40020812
      51045.000 ns	      5103	800011a0	02c8b033	mulhu	x0,x17,x12	 x17:0xfffffff0 x12:0xffffffff
      51075.000 ns	      5106	800011a4	024208b3	mul	x17,x4,x4	  x4:0xef3ba108  x4:0xef3ba108 x17=0x8efb1040
      51095.000 ns	      5108	800011a8	00e77333	and	x6,x14,x14	 x14:0x00000200 x14:0x00000200  x6=0x00000200
      51105.000 ns	      5109	800011ac	40bf5093	srai	x1,x30,0xb	 x30:0x40020812  x1=0x00080041
      51465.000 ns	      5145	800011b0	02a355b3	divu	x11,x6,x10	  x6:0x00000002 x10:0xe6040fe4 x11=0x00000000
      51495.000 ns	      5148	800011b4	021fb6b3	mulhu	x13,x31,x1	 x31:0x00000008  x1:0x10796000 x13=0x00000000
      51515.000 ns	      5150	800011b8	e190c013	xori	x0,x1,-487	  x1:0x00080041
      51525.000 ns	      5151	800011bc	a34e7913	andi	x18,x28,-1484	 x28:0x80040fe4 x18=0x80040a24
      51545.000 ns	      5153	800011c0	20df0a53	fsgnj.s	f20,f30,f13	 f30:0xaeffff2c f13:0x7fc00000 f20=0x2effff2c
      51565.000 ns	      5155	800011c4	5a468e93	addi	x29,x13,1444	 x13:0x00000000 x29=0x000005a4
      51575.000 ns	      5156	800011c8	67d60a17	auipc	x20,0x67d60	 x20=0xe7d611c8
      51935.000 ns	      5192	800011cc	03f2fdb3	remu	x27,x5,x31	  x5:0x80040fe3 x31:0x00000008 x27=0x00000003
      51955.000 ns	      5194	800011d0	3533f613	andi	x12,x7,851	  x7:0x00000000 x12=0x00000000
      51975.000 ns	      5196	800011d4	297f9953	fmax.s	f18,f31,f23	 f31:0xaeffff2c f23:0x80000000 f18=0x80000000
      51995.000 ns	      5198	800011d8	38ab3017	auipc	x0,0x38ab3	
      52015.000 ns	      5200	800011dc	201e9b53	fsgnjn.s	f22,f29,f1	 f29:0xaeffff2c  f1:0x80000000 f22=0x2effff2c
      52035.000 ns	      5202	800011e0	00688533	add	x10,x17,x6	 x17:0x8efb1040  x6:0x00000200 x10=0x8efb1240
      52045.000 ns	      5203	800011e4	00c65213	srli	x4,x12,0xc	 x12:0x00000000  x4=0x00000000
      52065.000 ns	      5205	800011e8	02a42733	mulhsu	x14,x8,x10	  x8:0xd3e32000 x10:0xe6040fe4 x14=0xe75cb84b
      52085.000 ns	      5207	800011ec	0c145f37	lui	x30,0xc145	 x30=0x0c145000
      52105.000 ns	      5209	800011f0	03e0b3b3	mulhu	x7,x1,x30	  x1:0x00080041 x30:0x40020812  x7=0x000060a5
      52125.000 ns	      5211	800011f4	01dbc5b3	xor	x11,x23,x29	 x23:0x80000000 x29:0x000005a4 x11=0x800005a4
      52145.000 ns	      5213	800011f8	29e59853	fmax.s	f16,f11,f30	 f11:0xaeffff2c f30:0xaeffff2c f16=0xaeffff2c
      52175.000 ns	      5216	800011fc	c00902d3	fcvt.w.s	x5,f18	 f18:0x80000000  x5=0x00000000
      52205.000 ns	      5219	80001200	a0a482d3	fle.s	x5,f9,f10	  f9:0x80000000 f10:0xffc00000  x5=0x00000000
      52225.000 ns	      5221	80001204	d0dc7093	andi	x1,x24,-755	 x24:0x00000001  x1=0x00000001
      52235.000 ns	      5222	80001208	0144b3b3	sltu	x7,x9,x20	  x9:0x00000001 x20:0xe7d611c8  x7=0x00000001
      52255.000 ns	      5224	8000120c	02c93d33	mulhu	x26,x18,x12	 x18:0x80040a24 x12:0x00000000 x26=0x00000000
      52275.000 ns	      5226	80001210	012de433	or	x8,x27,x18	 x27:0x00000003 x18:0x80040a24  x8=0x80040a27
      52295.000 ns	      5228	80001214	e0000fd3	fmv.x.w	x31,f0	  f0:0x00000000 x31=0x00000000
      52325.000 ns	      5231	80001218	03288733	mul	x14,x17,x18	 x17:0x8efb1040 x18:0x80040a24 x14=0x2af0c900
      52375.000 ns	      5236	8000121c	00042d53	fadd.s	f26,f8,f0	  f8:0x7fc00000  f0:0x00000000 f26=0x7fc00000
      52405.000 ns	      5239	80001220	d0002ed3	fcvt.s.w	f29,x0	  x0:0x00000000 f29=0x00000000
      52775.000 ns	      5276	80001224	03b25c33	divu	x24,x4,x27	  x4:0x00000000 x27:0x00000003 x24=0x00000000
      52795.000 ns	      5278	80001228	01c5d293	srli	x5,x11,0x1c	 x11:0x800005a4  x5=0x00000008
      52815.000 ns	      5280	8000122c	d01ef053	fcvt.s.wu	f0,x29	 x29:0x000005a4  f0=0x44b48000
      52835.000 ns	      5282	80001230	303ac013	xori	x0,x21,771	 x21:0x00000000
      52845.000 ns	      5283	80001234	0094d413	srli	x8,x9,0x9	  x9:0x00000001  x8=0x00000000
      52855.000 ns	      5284	80001238	e2f0e213	ori	x4,x1,-465	  x1:0x00000001  x4=0xfffffe2f
      52865.000 ns	      5285	8000123c	0135a3b3	slt	x7,x11,x19	 x11:0x800005a4 x19:0x80041024  x7=0x00000001
      52885.000 ns	      5287	80001240	a0d701d3	fle.s	x3,f14,f13	 f14:0x7fc00000 f13:0x7fc00000  x3=0x00000000
      53255.000 ns	      5324	80001244	03bfdeb3	divu	x29,x31,x27	 x31:0x00000000 x27:0x00000003 x29=0x00000000
      53275.000 ns	      5326	80001248	00c45193	srli	x3,x8,0xc	  x8:0x00000000  x3=0x00000000
      53295.000 ns	      5328	8000124c	28121253	fmax.s	f4,f4,f1	  f4:0x7fc00000  f1:0x80000000  f4=0x80000000
      53315.000 ns	      5330	80001250	00000013	addi	x0,x0,0	  x0:0x00000000
      53325.000 ns	      5331	80001254	ec590c93	addi	x25,x18,-315	 x18:0x80040a24 x25=0x800408e9
      53335.000 ns	      5332	80001258	00000013	addi	x0,x0,0	  x0:0x00000000
      53345.000 ns	      5333	8000125c	5c9b7013	andi	x0,x22,1481	 x22:0x80041000
      53355.000 ns	      5334	80001260	d8450d93	addi	x27,x10,-636	 x10:0x8efb1240 x27=0x8efb0fc4
      53375.000 ns	      5336	80001264	a1ed2453	feq.s	x8,f26,f30	 f26:0x7fc00000 f30:0xaeffff2c  x8=0x00000000
      53395.000 ns	      5338	80001268	01d01513	slli	x10,x0,0x1d	  x0:0x00000000 x10=0x00000000
      53405.000 ns	      5339	8000126c	018e4cb3	xor	x25,x28,x24	 x28:0x80040fe4 x24:0x00000000 x25=0x80040fe4
      53435.000 ns	      5342	80001270	11d6f353	fmul.s	f6,f13,f29	 f13:0x7fc00000 f29:0x00000000  f6=0x7fc00000
      53455.000 ns	      5344	80001274	00ca3433	sltu	x8,x20,x12	 x20:0xe7d611c8 x12:0x00000000  x8=0x00000000
      53815.000 ns	      5380	80001278	03c4fcb3	remu	x25,x9,x28	  x9:0x00000001 x28:0x80040fe4 x25=0x00000001
      53835.000 ns	      5382	8000127c	2fe57013	andi	x0,x10,766	 x10:0x00000000
      53845.000 ns	      5383	80001280	0124d833	srl	x16,x9,x18	  x9:0x00000001 x18:0x80040a24 x16=0x00000000
      53855.000 ns	      5384	80001284	01aa2ab3	slt	x21,x20,x26	 x20:0xe7d611c8 x26:0x00000000 x21=0x00000001
      54215.000 ns	      5420	80001288	02636eb3	rem	x29,x6,x6	  x6:0x00000200  x6:0x00000200 x29=0x00000000
      54235.000 ns	      5422	8000128c	41775113	srai	x2,x14,0x17	 x14:0x2af0c900  x2=0x00000055
      54245.000 ns	      5423	80001290	40d05c13	srai	x24,x0,0xd	  x0:0x00000000 x24=0x00000000
      54265.000 ns	      5425	80001294	023fedb3	rem	x27,x31,x3	 x31:0x00000000  x3:0x00000000 x27=0x00000000
      54295.000 ns	      5428	80001298	d01e7d53	fcvt.s.wu	f26,x28	 x28:0x80040fe4 f26=0x4f00040f
      54315.000 ns	      5430	8000129c	4dc93693	sltiu	x13,x18,1244	 x18:0x80040a24 x13=0x00000000
      54325.000 ns	      5431	800012a0	002f7ab3	and	x21,x30,x2	 x30:0x0c145000  x2:0x00000055 x21=0x00000000
      54335.000 ns	      5432	800012a4	750abe93	sltiu	x29,x21,1872	 x21:0x00000001 x29=0x00000001
      54345.000 ns	      5433	800012a8	400ad213	srai	x4,x21,0x0	 x21:0x00000001  x4=0x00000000
      54365.000 ns	      5435	800012ac	d01f7b53	fcvt.s.wu	f22,x30	 x30:0x0c145000 f22=0x4d414500
      54385.000 ns	      5437	800012b0	00d3ef33	or	x30,x7,x13	  x7:0x00000001 x13:0x00000000 x30=0x00000001
      54745.000 ns	      5473	800012b4	02fd7a33	remu	x20,x26,x15	 x26:0x00000000 x15:0x7fc00400 x20=0x00000000
      54775.000 ns	      5476	800012b8	e00518d3	fclass.s	x17,f10	 f10:0xffc00000 x17=0x00000200
      54795.000 ns	      5478	800012bc	00629233	sll	x4,x5,x6	  x5:0x00000008  x6:0x00000200  x4=0x00000008
      54805.000 ns	      5479	800012c0	9891c813	xori	x16,x3,-1655	  x3:0x00000000 x16=0xfffff989
      54825.000 ns	      5481	800012c4	e00b8a53	fmv.x.w	x20,f23	 f23:0x80000000 x20=0x80000000
      54845.000 ns	      5483	800012c8	01691d13	slli	x26,x18,0x16	 x18:0x80040a24 x26=0x89000000
      54855.000 ns	      5484	800012cc	01f01233	sll	x4,x0,x31	  x0:0x00000000 x31:0x00000000  x4=0x00000000
      54875.000 ns	      5486	800012d0	c003a953	fcvt.w.s	x18,f7	  f7:0x4eff8008 x18=0x7fc00400
      54895.000 ns	      5488	800012d4	00ec17b3	sll	x15,x24,x14	 x24:0x00000000 x14:0x2af0c900 x15=0x00000000
      54935.000 ns	      5492	800012d8	008ca753	fadd.s	f14,f25,f8	 f25:0x46b50a40  f8:0x7fc00000 f14=0x7fc00000
      54955.000 ns	      5494	800012dc	4b4ac017	auipc	x0,0x4b4ac	
      54965.000 ns	      5495	800012e0	7a24e513	ori	x10,x9,1954	  x9:0x00000001 x10=0x000007a3
      54975.000 ns	      5496	800012e4	01f80733	add	x14,x16,x31	 x16:0xfffff989 x31:0x00000000 x14=0xfffff989
      55335.000 ns	      5532	800012e8	03aa6ab3	rem	x21,x20,x26	 x20:0x80000000 x26:0x89000000 x21=0xf7000000
      55365.000 ns	      5535	800012ec	a0309553	flt.s	x10,f1,f3	  f1:0x80000000  f3:0x80000000 x10=0x00000000
      55385.000 ns	      5537	800012f0	01a61693	slli	x13,x12,0x1a	 x12:0x00000000 x13=0x00000000
      55395.000 ns	      5538	800012f4	af47ce93	xori	x29,x15,-1292	 x15:0x00000000 x29=0xfffffaf4
      55405.000 ns	      5539	800012f8	01cb23b3	slt	x7,x22,x28	 x22:0x80041000 x28:0x80040fe4  x7=0x00000000
      55425.000 ns	      5541	800012fc	214691d3	fsgnjn.s	f3,f13,f20	 f13:0x7fc00000 f20:0x2effff2c  f3=0xffc00000
      55455.000 ns	      5544	80001300	f00c08d3	fmv.w.x	f17,x24	 x24:0x00000000 f17=0x00000000
      55485.000 ns	      5547	80001304	02789ab3	mulh	x21,x17,x7	 x17:0x00000200  x7:0x00000000 x21=0x00000000
      55505.000 ns	      5549	80001308	957d6b13	ori	x22,x26,-1705	 x26:0x89000000 x22=0xfffff957
      55515.000 ns	      5550	8000130c	40bcd533	sra	x10,x25,x11	 x25:0x00000001 x11:0x800005a4 x10=0x00000000
      55525.000 ns	      5551	80001310	016994b3	sll	x9,x19,x22	 x19:0x80041024 x22:0x80041000  x9=0x12000000
      55545.000 ns	      5553	80001314	29ca11d3	fmax.s	f3,f20,f28	 f20:0x2effff2c f28:0x80040fe4  f3=0x2effff2c
      55575.000 ns	      5556	80001318	c01596d3	fcvt.wu.s	x13,f11	 f11:0xaeffff2c x13=0x00000000
      55945.000 ns	      5593	8000131c	0264ceb3	div	x29,x9,x6	  x9:0x12000000  x6:0x00000200 x29=0x00090000
      55965.000 ns	      5595	80001320	00acd8b3	srl	x17,x25,x10	 x25:0x00000001 x10:0x00000000 x17=0x00000001
      55985.000 ns	      5597	80001324	0350e333	rem	x6,x1,x21	  x1:0x00000001 x21:0x00000000  x6=0x00000001
      56015.000 ns	      5600	80001328	03524733	div	x14,x4,x21	  x4:0x00000000 x21:0x00000000 x14=0xffffffff
      56045.000 ns	      5603	8000132c	e00b10d3	fclass.s	x1,f22	 f22:0x4d414500  x1=0x00000040
      56075.000 ns	      5606	80001330	f0090653	fmv.w.x	f12,x18	 x18:0x7fc00400 f12=0x7fc00400
      56095.000 ns	      5608	80001334	03bb7597	auipc	x11,0x3bb7	 x11=0x83bb8334
      56125.000 ns	      5611	80001338	1193b053	fmul.s	f0,f7,f25	  f7:0x4eff8008 f25:0x46b50a40  f0=0x5634afc1
      56155.000 ns	      5614	8000133c	e00e03d3	fmv.x.w	x7,f28	 f28:0x80040fe4  x7=0x80040fe4
      56185.000 ns	      5617	80001340	217f0353	fsgnj.s	f6,f30,f23	 f30:0xaeffff2c f23:0x80000000  f6=0xaeffff2c
      56215.000 ns	      5620	80001344	a0c58053	fle.s	x0,f11,f12	 f11:0xaeffff2c f12:0x7fc00400
      56235.000 ns	      5622	80001348	6ef0f497	auipc	x9,0x6ef0f	  x9=0xeef10348
      56245.000 ns	      5623	8000134c	40d38133	sub	x2,x7,x13	  x7:0x80040fe4 x13:0x00000000  x2=0x80040fe4
      56265.000 ns	      5625	80001350	e00208d3	fmv.x.w	x17,f4	  f4:0x80000000 x17=0x80000000
      56285.000 ns	      5627	80001354	e9986093	ori	x1,x16,-359	 x16:0xfffff989  x1=0xffffff99
      56295.000 ns	      5628	80001358	009a7833	and	x16,x20,x9	 x20:0x80000000  x9:0xeef10348 x16=0x80000000
      56325.000 ns	      5631	8000135c	58008fd3	fsqrt.s	f31,f1	  f1:0x80000000 f31=0x80000000
      56355.000 ns	      5634	80001360	02f785b3	mul	x11,x15,x15	 x15:0x00000000 x15:0x00000000 x11=0x00000000
      56375.000 ns	      5636	80001364	01e42733	slt	x14,x8,x30	  x8:0x00000000 x30:0x00000001 x14=0x00000001
      56385.000 ns	      5637	80001368	006e6eb3	or	x29,x28,x6	 x28:0x80040fe4  x6:0x00000001 x29=0x80040fe5
      56395.000 ns	      5638	8000136c	00000013	addi	x0,x0,0	  x0:0x00000000
      56415.000 ns	      5640	80001370	f00987d3	fmv.w.x	f15,x19	 x19:0x80041024 f15=0x80041024
      56785.000 ns	      5677	80001374	036af1b3	remu	x3,x21,x22	 x21:0x00000000 x22:0xfffff957  x3=0x00000000
      56805.000 ns	      5679	80001378	819fea13	ori	x20,x31,-2023	 x31:0x00000000 x20=0xfffff819
      56825.000 ns	      5681	8000137c	29fe8d53	fmin.s	f26,f29,f31	 f29:0x00000000 f31:0x80000000 f26=0x80000000
      56845.000 ns	      5683	80001380	00259313	slli	x6,x11,0x2	 x11:0x00000000  x6=0x00000000
      56855.000 ns	      5684	80001384	005f78b3	and	x17,x30,x5	 x30:0x00000001  x5:0x00000008 x17=0x00000000
      56865.000 ns	      5685	80001388	8e903713	sltiu	x14,x0,-1815	  x0:0x00000000 x14=0x00000001
      56885.000 ns	      5687	8000138c	f0038cd3	fmv.w.x	f25,x7	  x7:0x80040fe4 f25=0x80040fe4
      56915.000 ns	      5690	80001390	023fc2b3	div	x5,x31,x3	 x31:0x00000000  x3:0x00000000  x5=0xffffffff
      56945.000 ns	      5693	80001394	023621b3	mulhsu	x3,x12,x3	 x12:0x00000000  x3:0x00000000  x3=0x00000000
      56975.000 ns	      5696	80001398	02dcc2b3	div	x5,x25,x13	 x25:0x00000001 x13:0x00000000  x5=0xffffffff
      57005.000 ns	      5699	8000139c	f00a8353	fmv.w.x	f6,x21	 x21:0x00000000  f6=0x00000000
      57025.000 ns	      5701	800013a0	016a0a33	add	x20,x20,x22	 x20:0xfffff819 x22:0xfffff957 x20=0xfffff170
      57065.000 ns	      5705	800013a4	00437353	fadd.s	f6,f6,f4	  f6:0x00000000  f4:0x80000000  f6=0x80000000
      57095.000 ns	      5708	800013a8	03ce8fb3	mul	x31,x29,x28	 x29:0x80040fe5 x28:0x80040fe4 x31=0x002092f4
      57115.000 ns	      5710	800013ac	00000013	addi	x0,x0,0	  x0:0x00000000
      57125.000 ns	      5711	800013b0	011dd533	srl	x10,x27,x17	 x27:0x00000000 x17:0x00000000 x10=0x00000000
      57135.000 ns	      5712	800013b4	00000013	addi	x0,x0,0	  x0:0x00000000
      57145.000 ns	      5713	800013b8	416557b3	sra	x15,x10,x22	 x10:0x00000000 x22:0xfffff957 x15=0x00000000
      57165.000 ns	      5715	800013bc	e00388d3	fmv.x.w	x17,f7	  f7:0x4eff8008 x17=0x4eff8008
      57185.000 ns	      5717	800013c0	8097c013	xori	x0,x15,-2039	 x15:0x00000000
      57205.000 ns	      5719	800013c4	c01bfd53	fcvt.wu.s	x26,f23	 f23:0x80000000 x26=0x00000000
      57225.000 ns	      5721	800013c8	3c21ca93	xori	x21,x3,962	  x3:0x00000000 x21=0x000003c2
      57235.000 ns	      5722	800013cc	4050d813	srai	x16,x1,0x5	  x1:0xffffff99 x16=0xfffffffc
      57245.000 ns	      5723	800013d0	2486aa93	slti	x21,x13,584	 x13:0x00000000 x21=0x00000001
      57255.000 ns	      5724	800013d4	01ecc1b3	xor	x3,x25,x30	 x25:0x00000001 x30:0x00000001  x3=0x00000000
      57275.000 ns	      5726	800013d8	e00492d3	fclass.s	x5,f9	  f9:0x80000000  x5=0x00000008
      57295.000 ns	      5728	800013dc	656ab513	sltiu	x10,x21,1622	 x21:0x00000001 x10=0x00000001
      57305.000 ns	      5729	800013e0	01362133	slt	x2,x12,x19	 x12:0x00000000 x19:0x80041024  x2=0x00000000
      57325.000 ns	      5731	800013e4	a18014d3	flt.s	x9,f0,f24	  f0:0x5634afc1 f24:0x80040fe4  x9=0x00000000
      57355.000 ns	      5734	800013e8	28eb0e53	fmin.s	f28,f22,f14	 f22:0x4d414500 f14:0x7fc00000 f28=0x4d414500
      57385.000 ns	      5737	800013ec	c00eb453	fcvt.w.s	x8,f29	 f29:0x00000000  x8=0x00000000
      57405.000 ns	      5739	800013f0	00435eb3	srl	x29,x6,x4	  x6:0x00000000  x4:0x00000000 x29=0x00000000
      57415.000 ns	      5740	800013f4	2a6aa893	slti	x17,x21,678	 x21:0x00000001 x17=0x00000001
      57425.000 ns	      5741	800013f8	404c87b3	sub	x15,x25,x4	 x25:0x00000001  x4:0x00000000 x15=0x00000001
      57435.000 ns	      5742	800013fc	01a440b3	xor	x1,x8,x26	  x8:0x00000000 x26:0x00000000  x1=0x00000000
      57445.000 ns	      5743	80001400	0017fab3	and	x21,x15,x1	 x15:0x00000000  x1:0xffffff99 x21=0x00000000
      57455.000 ns	      5744	80001404	617dc113	xori	x2,x27,1559	 x27:0x00000000  x2=0x00000617
      57465.000 ns	      5745	80001408	00ddff33	and	x30,x27,x13	 x27:0x00000000 x13:0x00000000 x30=0x00000000
      57475.000 ns	      5746	8000140c	09f0d797	auipc	x15,0x9f0d	 x15=0x89f0e40c
      57495.000 ns	      5748	80001410	20981853	fsgnjn.s	f16,f16,f9	 f16:0xaeffff2c  f9:0x80000000 f16=0x2effff2c
      57515.000 ns	      5750	80001414	00480133	add	x2,x16,x4	 x16:0xfffffffc  x4:0x00000000  x2=0xfffffffc
      57525.000 ns	      5751	80001418	f757c813	xori	x16,x15,-139	 x15:0x89f0e40c x16=0x760f1b79
      57545.000 ns	      5753	8000141c	02069233	mulh	x4,x13,x0	 x13:0x00000000  x0:0x00000000  x4=0x00000000
      57575.000 ns	      5756	80001420	d019ff53	fcvt.s.wu	f30,x19	 x19:0x80041024 f30=0x4f000410
      57595.000 ns	      5758	80001424	00f1c7b3	xor	x15,x3,x15	  x3:0x00000000 x15:0x89f0e40c x15=0x89f0e40c
      57605.000 ns	      5759	80001428	685af913	andi	x18,x21,1669	 x21:0x00000000 x18=0x00000000
      57625.000 ns	      5761	8000142c	f0038653	fmv.w.x	f12,x7	  x7:0x80040fe4 f12=0x80040fe4
      57645.000 ns	      5763	80001430	68f2ad17	auipc	x26,0x68f2a	 x26=0xe8f2b430
      57655.000 ns	      5764	80001434	40fc0ab3	sub	x21,x24,x15	 x24:0x00000000 x15:0x89f0e40c x21=0x760f1bf4
      57665.000 ns	      5765	80001438	014fbfb3	sltu	x31,x31,x20	 x31:0x002092f4 x20:0xfffff170 x31=0x00000001
      57705.000 ns	      5769	8000143c	08802c53	fsub.s	f24,f0,f8	  f0:0x5634afc1  f8:0x7fc00000 f24=0x7fc00000
      57725.000 ns	      5771	80001440	015862b3	or	x5,x16,x21	 x16:0x760f1b79 x21:0x760f1bf4  x5=0x760f1bfd
      58085.000 ns	      5807	80001444	0369d333	divu	x6,x19,x22	 x19:0x80041024 x22:0xfffff957  x6=0x00000000
      58115.000 ns	      5810	80001448	02b90fb3	mul	x31,x18,x11	 x18:0x00000000 x11:0x00000000 x31=0x00000000
      58135.000 ns	      5812	8000144c	46754013	xori	x0,x10,1127	 x10:0x00000001
      58155.000 ns	      5814	80001450	02120333	mul	x6,x4,x1	  x4:0x00000000  x1:0x00000000  x6=0x00000000
      58175.000 ns	      5816	80001454	00add713	srli	x14,x27,0xa	 x27:0x00000000 x14=0x00000000
      58185.000 ns	      5817	80001458	0152a3b3	slt	x7,x5,x21	  x5:0x760f1bfd x21:0x760f1bf4  x7=0x00000000
      58195.000 ns	      5818	8000145c	01e9d693	srli	x13,x19,0x1e	 x19:0x80041024 x13=0x00000002
      58215.000 ns	      5820	80001460	02809933	mulh	x18,x1,x8	  x1:0x00000000  x8:0x00000000 x18=0x00000000
      58235.000 ns	      5822	80001464	013556b3	srl	x13,x10,x19	 x10:0x00000001 x19:0x80041024 x13=0x00000000
      58255.000 ns	      5824	80001468	e00a05d3	fmv.x.w	x11,f20	 f20:0x2effff2c x11=0x2effff2c
      58285.000 ns	      5827	8000146c	a0799853	flt.s	x16,f19,f7	 f19:0x80000000  f7:0x4eff8008 x16=0x00000001
      58305.000 ns	      5829	80001470	135401b7	lui	x3,0x13540	  x3=0x13540000
      58665.000 ns	      5865	80001474	02f07033	remu	x0,x0,x15	  x0:0x00000000 x15:0x89f0e40c
      58695.000 ns	      5868	80001478	c00dfb53	fcvt.w.s	x22,f27	 f27:0x80040fe4 x22=0x00000000
      58715.000 ns	      5870	8000147c	40835893	srai	x17,x6,0x8	  x6:0x00000000 x17=0x00000000
      58735.000 ns	      5872	80001480	037236b3	mulhu	x13,x4,x23	  x4:0x00000000 x23:0x80000000 x13=0x00000000
      59915.000 ns	      5990	80001484	58087953	fsqrt.s	f18,f16	 f16:0x2effff2c f18=0x36b50460
      59945.000 ns	      5993	80001488	023e9433	mulh	x8,x29,x3	 x29:0x00000000  x3:0x13540000  x8=0x00000000
      59975.000 ns	      5996	8000148c	d0030253	fcvt.s.w	f4,x6	  x6:0x00000000  f4=0x00000000
      60015.000 ns	      6000	80001490	108acf53	fmul.s	f30,f21,f8	 f21:0x7fc00000  f8:0x7fc00000 f30=0x7fc00000
      60045.000 ns	      6003	80001494	02e60633	mul	x12,x12,x14	 x12:0x00000000 x14:0x00000000 x12=0x00000000
      60075.000 ns	      6006	80001498	290b9a53	fmax.s	f20,f23,f16	 f23:0x80000000 f16:0x2effff2c f20=0x2effff2c
      60095.000 ns	      6008	8000149c	501e01b7	lui	x3,0x501e0	  x3=0x501e0000
      60105.000 ns	      6009	800014a0	db4e3493	sltiu	x9,x28,-588	 x28:0x80040fe4  x9=0x00000001
      60125.000 ns	      6011	800014a4	21c8a4d3	fsgnjx.s	f9,f17,f28	 f17:0x00000000 f28:0x4d414500  f9=0x00000000
      60165.000 ns	      6015	800014a8	58042bd3	fsqrt.s	f23,f8	  f8:0x7fc00000 f23=0x7fc00000
      60195.000 ns	      6018	800014ac	02c37333	remu	x6,x6,x12	  x6:0x00000000 x12:0x00000000  x6=0x00000000
      60215.000 ns	      6020	800014b0	01eb1393	slli	x7,x22,0x1e	 x22:0x00000000  x7=0x00000000
      60235.000 ns	      6022	800014b4	a14fa753	feq.s	x14,f31,f20	 f31:0x80000000 f20:0x2effff2c x14=0x00000000
      60285.000 ns	      6027	800014b8	09182353	fsub.s	f6,f16,f17	 f16:0x2effff2c f17:0x00000000  f6=0x2effff2c
      60305.000 ns	      6029	800014bc	0047ddb3	srl	x27,x15,x4	 x15:0x89f0e40c  x4:0x00000000 x27=0x89f0e40c
      60315.000 ns	      6030	800014c0	40425a33	sra	x20,x4,x4	  x4:0x00000000  x4:0x00000000 x20=0x00000000
      60325.000 ns	      6031	800014c4	7a1ac917	auipc	x18,0x7a1ac	 x18=0xfa1ad4c4
      60335.000 ns	      6032	800014c8	40178933	sub	x18,x15,x1	 x15:0x89f0e40c  x1:0x00000000 x18=0x89f0e40c
      60355.000 ns	      6034	800014cc	a04aa453	feq.s	x8,f21,f4	 f21:0x7fc00000  f4:0x00000000  x8=0x00000000
      60385.000 ns	      6037	800014d0	024567b3	rem	x15,x10,x4	 x10:0x00000001  x4:0x00000000 x15=0x00000001
      60415.000 ns	      6040	800014d4	f0058dd3	fmv.w.x	f27,x11	 x11:0x2effff2c f27=0x2effff2c
      60445.000 ns	      6043	800014d8	02df18b3	mulh	x17,x30,x13	 x30:0x00000000 x13:0x00000000 x17=0x00000000
      60475.000 ns	      6046	800014dc	a0560353	fle.s	x6,f12,f5	 f12:0x80040fe4  f5:0x4f000410  x6=0x00000001
      60505.000 ns	      6049	800014e0	c012c3d3	fcvt.wu.s	x7,f5	  f5:0x4f000410  x7=0x80041000
      60525.000 ns	      6051	800014e4	29160593	addi	x11,x12,657	 x12:0x00000000 x11=0x00000291
      60545.000 ns	      6053	800014e8	28e08dd3	fmin.s	f27,f1,f14	  f1:0x80000000 f14:0x7fc00000 f27=0x80000000
      60915.000 ns	      6090	800014ec	0220e733	rem	x14,x1,x2	  x1:0x00000000  x2:0xfffffffc x14=0x00000000
      60935.000 ns	      6092	800014f0	b5592793	slti	x15,x18,-1195	 x18:0x89f0e40c x15=0x00000001
      60955.000 ns	      6094	800014f4	20978853	fsgnj.s	f16,f15,f9	 f15:0x80041024  f9:0x00000000 f16=0x00041024
      60985.000 ns	      6097	800014f8	a0e08153	fle.s	x2,f1,f14	  f1:0x80000000 f14:0x7fc00000  x2=0x00000000
      61005.000 ns	      6099	800014fc	73286813	ori	x16,x16,1842	 x16:0x00000001 x16=0x00000733
      61045.000 ns	      6103	80001500	0106fc53	fadd.s	f24,f13,f16	 f13:0x7fc00000 f16:0x00041024 f24=0x7fc00000
      61085.000 ns	      6107	80001504	105b4153	fmul.s	f2,f22,f5	 f22:0x4d414500  f5:0x4f000410  f2=0x5cc14b22
      61105.000 ns	      6109	80001508	917e2613	slti	x12,x28,-1769	 x28:0x80040fe4 x12=0x00000001
      61115.000 ns	      6110	8000150c	6b0e7413	andi	x8,x28,1712	 x28:0x80040fe4  x8=0x000006a0
      61135.000 ns	      6112	80001510	20c6a7d3	fsgnjx.s	f15,f13,f12	 f13:0x7fc00000 f12:0x80040fe4 f15=0xffc00000
      61155.000 ns	      6114	80001514	0021e033	or	x0,x3,x2	  x3:0x501e0000  x2:0x00000000
      61165.000 ns	      6115	80001518	a53fc213	xori	x4,x31,-1453	 x31:0x00000000  x4=0xfffffa53
      61175.000 ns	      6116	8000151c	406bd393	srai	x7,x23,0x6	 x23:0x80000000  x7=0xfe000000
      61195.000 ns	      6118	80001520	28c18bd3	fmin.s	f23,f3,f12	  f3:0x2effff2c f12:0x80040fe4 f23=0x80040fe4
      61215.000 ns	      6120	80001524	40d6d533	sra	x10,x13,x13	 x13:0x00000000 x13:0x00000000 x10=0x00000000
      61225.000 ns	      6121	80001528	00429533	sll	x10,x5,x4	  x5:0x760f1bfd  x4:0xfffffa53 x10=0xdfe80000
      61255.000 ns	      6124	8000152c	10f0bd53	fmul.s	f26,f1,f15	  f1:0x80000000 f15:0xffc00000 f26=0x7fc00000
      61285.000 ns	      6127	80001530	e0028453	fmv.x.w	x8,f5	  f5:0x4f000410  x8=0x4f000410
      61325.000 ns	      6131	80001534	11999d53	fmul.s	f26,f19,f25	 f19:0x80000000 f25:0x80040fe4 f26=0x00000000
      61345.000 ns	      6133	80001538	288ea613	slti	x12,x29,648	 x29:0x00000000 x12=0x00000001
      61355.000 ns	      6134	8000153c	d627a693	slti	x13,x15,-670	 x15:0x00000001 x13=0x00000000
      61375.000 ns	      6136	80001540	a06686d3	fle.s	x13,f13,f6	 f13:0x7fc00000  f6:0x2effff2c x13=0x00000000
      61395.000 ns	      6138	80001544	0144feb3	and	x29,x9,x20	  x9:0x00000001 x20:0x00000000 x29=0x00000000
      61405.000 ns	      6139	80001548	008105b3	add	x11,x2,x8	  x2:0x00000000  x8:0x4f000410 x11=0x4f000410
      61415.000 ns	      6140	8000154c	01de4ab3	xor	x21,x28,x29	 x28:0x80040fe4 x29:0x00000000 x21=0x80040fe4
      62585.000 ns	      6257	80001550	5803fed3	fsqrt.s	f29,f7	  f7:0x4eff8008 f29=0x4734d76b
      62615.000 ns	      6260	80001554	02d8ac33	mulhsu	x24,x17,x13	 x17:0x00000000 x13:0x00000000 x24=0x00000000
      62645.000 ns	      6263	80001558	e0041dd3	fclass.s	x27,f8	  f8:0x7fc00000 x27=0x00000200
      62665.000 ns	      6265	8000155c	d27e8793	addi	x15,x29,-729	 x29:0x00000000 x15=0xfffffd27
      62675.000 ns	      6266	80001560	015948b3	xor	x17,x18,x21	 x18:0x89f0e40c x21:0x80040fe4 x17=0x09f4ebe8
      62705.000 ns	      6269	80001564	10037b53	fmul.s	f22,f6,f0	  f6:0x2effff2c  f0:0x5634afc1 f22=0x45b4af2b
      62735.000 ns	      6272	80001568	e00c9fd3	fclass.s	x31,f25	 f25:0x80040fe4 x31=0x00000004
      62755.000 ns	      6274	8000156c	00ea8fb3	add	x31,x21,x14	 x21:0x80040fe4 x14:0x00000000 x31=0x80040fe4
      62775.000 ns	      6276	80001570	c0049553	fcvt.w.s	x10,f9	  f9:0x00000000 x10=0x00000000
      62805.000 ns	      6279	80001574	21510553	fsgnj.s	f10,f2,f21	  f2:0x5cc14b22 f21:0x7fc00000 f10=0x5cc14b22
      62835.000 ns	      6282	80001578	020fac33	mulhsu	x24,x31,x0	 x31:0x80040fe4  x0:0x00000000 x24=0x00000000
      62865.000 ns	      6285	8000157c	a0a88f53	fle.s	x30,f17,f10	 f17:0x00000000 f10:0x5cc14b22 x30=0x00000001
      62895.000 ns	      6288	80001580	21c80b53	fsgnj.s	f22,f16,f28	 f16:0x00041024 f28:0x4d414500 f22=0x00041024
      62925.000 ns	      6291	80001584	d0199753	fcvt.s.wu	f14,x19	 x19:0x80041024 f14=0x4f000410
      62945.000 ns	      6293	80001588	01980fb3	add	x31,x16,x25	 x16:0x00000733 x25:0x00000001 x31=0x00000734
      62955.000 ns	      6294	8000158c	01286b33	or	x22,x16,x18	 x16:0x00000733 x18:0x89f0e40c x22=0x89f0e73f
      62965.000 ns	      6295	80001590	41685593	srai	x11,x16,0x16	 x16:0x00000733 x11=0x00000000
      62985.000 ns	      6297	80001594	03a416b3	mulh	x13,x8,x26	  x8:0x4f000410 x26:0xe8f2b430 x13=0xf8e2e53d
      63035.000 ns	      6302	80001598	003d8e53	fadd.s	f28,f27,f3	 f27:0x80000000  f3:0x2effff2c f28=0x2effff2c
      63065.000 ns	      6305	8000159c	d01e7753	fcvt.s.wu	f14,x28	 x28:0x80040fe4 f14=0x4f00040f
      63085.000 ns	      6307	800015a0	00000013	addi	x0,x0,0	  x0:0x00000000
      63105.000 ns	      6309	800015a4	d00ab453	fcvt.s.w	f8,x21	 x21:0x80040fe4  f8=0xcefff7e1
      63125.000 ns	      6311	800015a8	00c82fb3	slt	x31,x16,x12	 x16:0x00000733 x12:0x00000001 x31=0x00000000
      63145.000 ns	      6313	800015ac	03589f33	mulh	x30,x17,x21	 x17:0x09f4ebe8 x21:0x80040fe4 x30=0xfb05b27d
      63165.000 ns	      6315	800015b0	011c9213	slli	x4,x25,0x11	 x25:0x00000001  x4=0x00020000
      63185.000 ns	      6317	800015b4	a1718753	fle.s	x14,f3,f23	  f3:0x2effff2c f23:0x80040fe4 x14=0x00000000
      63225.000 ns	      6321	800015b8	195c7dd3	fdiv.s	f27,f24,f21	 f24:0x7fc00000 f21:0x7fc00000 f27=0x7fc00000
      63245.000 ns	      6323	800015bc	00748f33	add	x30,x9,x7	  x9:0x00000001  x7:0xfe000000 x30=0xfe000001
      63265.000 ns	      6325	800015c0	20f88153	fsgnj.s	f2,f17,f15	 f17:0x00000000 f15:0xffc00000  f2=0x80000000
      63285.000 ns	      6327	800015c4	c5ab3893	sltiu	x17,x22,-934	 x22:0x89f0e73f x17=0x00000001
      63305.000 ns	      6329	800015c8	03efa133	mulhsu	x2,x31,x30	 x31:0x00000000 x30:0xfe000001  x2=0x00000000
      63325.000 ns	      6331	800015cc	b19b1497	auipc	x9,0xb19b1	  x9=0x319b25cc
      63335.000 ns	      6332	800015d0	38f0bf13	sltiu	x30,x1,911	  x1:0x00000000 x30=0x00000001
      63695.000 ns	      6368	800015d4	03a2fa33	remu	x20,x5,x26	  x5:0x760f1bfd x26:0xe8f2b430 x20=0x760f1bfd
      63725.000 ns	      6371	800015d8	28388653	fmin.s	f12,f17,f3	 f17:0x00000000  f3:0x2effff2c f12=0x00000000
      63755.000 ns	      6374	800015dc	03d30fb3	mul	x31,x6,x29	  x6:0x00000001 x29:0x00000000 x31=0x00000000
      63775.000 ns	      6376	800015e0	40dc5a33	sra	x20,x24,x13	 x24:0x00000000 x13:0xf8e2e53d x20=0x00000000
      63795.000 ns	      6378	800015e4	03e2b5b3	mulhu	x11,x5,x30	  x5:0x760f1bfd x30:0x00000001 x11=0x00000000
      63815.000 ns	      6380	800015e8	015ca1b3	slt	x3,x25,x21	 x25:0x00000001 x21:0x80040fe4  x3=0x00000000
      63835.000 ns	      6382	800015ec	a1c08ed3	fle.s	x29,f1,f28	  f1:0x80000000 f28:0x2effff2c x29=0x00000001
      63885.000 ns	      6387	800015f0	01bf35d3	fadd.s	f11,f30,f27	 f30:0x7fc00000 f27:0x7fc00000 f11=0x7fc00000
      63915.000 ns	      6390	800015f4	a1d884d3	fle.s	x9,f17,f29	 f17:0x00000000 f29:0x4734d76b  x9=0x00000001
      64285.000 ns	      6427	800015f8	02c4e8b3	rem	x17,x9,x12	  x9:0x319b25cc x12:0x00000001 x17=0x00000000
      64305.000 ns	      6429	800015fc	7b80e713	ori	x14,x1,1976	  x1:0x00000000 x14=0x000007b8
      64315.000 ns	      6430	80001600	00662033	slt	x0,x12,x6	 x12:0x00000001  x6:0x00000001
      64675.000 ns	      6466	80001604	02e448b3	div	x17,x8,x14	  x8:0x4f000410 x14:0x00000000 x17=0x000a3c1d
      64695.000 ns	      6468	80001608	405b51b3	sra	x3,x22,x5	 x22:0x89f0e73f  x5:0x760f1bfd  x3=0xfffffffc
      65055.000 ns	      6504	8000160c	03c0eeb3	rem	x29,x1,x28	  x1:0x00000000 x28:0x80040fe4 x29=0x00000000
      65105.000 ns	      6509	80001610	09e981d3	fsub.s	f3,f19,f30	 f19:0x80000000 f30:0x7fc00000  f3=0x7fc00000
      65135.000 ns	      6512	80001614	032f08b3	mul	x17,x30,x18	 x30:0x00000001 x18:0x89f0e40c x17=0x89f0e40c
      65165.000 ns	      6515	80001618	f0028e53	fmv.w.x	f28,x5	  x5:0x760f1bfd f28=0x760f1bfd
      65185.000 ns	      6517	8000161c	017a4433	xor	x8,x20,x23	 x20:0x00000000 x23:0x80000000  x8=0x80000000
      65205.000 ns	      6519	80001620	03d2a7b3	mulhsu	x15,x5,x29	  x5:0x760f1bfd x29:0x00000000 x15=0x00000000
      65225.000 ns	      6521	80001624	4105d293	srai	x5,x11,0x10	 x11:0x00000000  x5=0x00000000
      65245.000 ns	      6523	80001628	e00d96d3	fclass.s	x13,f27	 f27:0x7fc00000 x13=0x00000200
      65265.000 ns	      6525	8000162c	41915513	srai	x10,x2,0x19	  x2:0x00000000 x10=0x00000000
      65285.000 ns	      6527	80001630	c01cfd53	fcvt.wu.s	x26,f25	 f25:0x80040fe4 x26=0x00000000
      65315.000 ns	      6530	80001634	e00a9753	fclass.s	x14,f21	 f21:0x7fc00000 x14=0x00000200
      65335.000 ns	      6532	80001638	000105b3	add	x11,x2,x0	  x2:0x00000000  x0:0x00000000 x11=0x00000000
      65345.000 ns	      6533	8000163c	fbb7f713	andi	x14,x15,-69	 x15:0x00000000 x14=0x00000000
      65705.000 ns	      6569	80001640	0283dc33	divu	x24,x7,x8	  x7:0xfe000000  x8:0x80000000 x24=0x00000001
      65745.000 ns	      6573	80001644	5809cad3	fsqrt.s	f21,f19	 f19:0x80000000 f21=0x80000000
      66115.000 ns	      6610	80001648	037252b3	divu	x5,x4,x23	  x4:0x00020000 x23:0x80000000  x5=0x00000000
      66145.000 ns	      6613	8000164c	035d95b3	mulh	x11,x27,x21	 x27:0x00000200 x21:0x80040fe4 x11=0xffffff00
      66195.000 ns	      6618	80001650	017a0fd3	fadd.s	f31,f20,f23	 f20:0x2effff2c f23:0x80040fe4 f31=0x2effff2c
      67375.000 ns	      6736	80001654	580ea1d3	fsqrt.s	f3,f29	 f29:0x4734d76b  f3=0x42ffbf60
      67745.000 ns	      6773	80001658	02325f33	divu	x30,x4,x3	  x4:0x00020000  x3:0xfffffffc x30=0x00000000
      67775.000 ns	      6776	8000165c	03d5aab3	mulhsu	x21,x11,x29	 x11:0xffffff00 x29:0x00000000 x21=0x00000000
      67805.000 ns	      6779	80001660	21d68f53	fsgnj.s	f30,f13,f29	 f13:0x7fc00000 f29:0x4734d76b f30=0x7fc00000
      67825.000 ns	      6781	80001664	41290f33	sub	x30,x18,x18	 x18:0x89f0e40c x18:0x89f0e40c x30=0x00000000
      67835.000 ns	      6782	80001668	01231933	sll	x18,x6,x18	  x6:0x00000001 x18:0x89f0e40c x18=0x00001000
      67845.000 ns	      6783	8000166c	001e1b33	sll	x22,x28,x1	 x28:0x80040fe4  x1:0x00000000 x22=0x80040fe4
      68205.000 ns	      6819	80001670	03ca54b3	divu	x9,x20,x28	 x20:0x00000000 x28:0x80040fe4  x9=0x00000000
      68255.000 ns	      6824	80001674	08f697d3	fsub.s	f15,f13,f15	 f13:0x7fc00000 f15:0xffc00000 f15=0x7fc00000
      68285.000 ns	      6827	80001678	03d3ca33	div	x20,x7,x29	  x7:0xfe000000 x29:0x00000000 x20=0xffffffff
      68315.000 ns	      6830	8000167c	023e2233	mulhsu	x4,x28,x3	 x28:0x80040fe4  x3:0xfffffffc  x4=0x80040fe5
      68345.000 ns	      6833	80001680	03d56133	rem	x2,x10,x29	 x10:0x00000000 x29:0x00000000  x2=0x00000000
      68375.000 ns	      6836	80001684	025b4d33	div	x26,x22,x5	 x22:0x80040fe4  x5:0x00000000 x26=0xffffffff
      68405.000 ns	      6839	80001688	e0041d53	fclass.s	x26,f8	  f8:0xcefff7e1 x26=0x00000002
      68445.000 ns	      6843	8000168c	11987653	fmul.s	f12,f16,f25	 f16:0x00041024 f25:0x80040fe4 f12=0x80000000
      68475.000 ns	      6846	80001690	28251a53	fmax.s	f20,f10,f2	 f10:0x5cc14b22  f2:0x80000000 f20=0x5cc14b22
      68505.000 ns	      6849	80001694	02448733	mul	x14,x9,x4	  x9:0x00000000  x4:0x80040fe5 x14=0x00000000
      68525.000 ns	      6851	80001698	0001d3b3	srl	x7,x3,x0	  x3:0xfffffffc  x0:0x00000000  x7=0xfffffffc
      68535.000 ns	      6852	8000169c	3b6a5237	lui	x4,0x3b6a5	  x4=0x3b6a5000
      68555.000 ns	      6854	800016a0	03ffc3b3	div	x7,x31,x31	 x31:0x00000000 x31:0x00000000  x7=0xffffffff
      68575.000 ns	      6856	800016a4	00c4df33	srl	x30,x9,x12	  x9:0x00000000 x12:0x00000001 x30=0x00000000
      68605.000 ns	      6859	800016a8	11aa49d3	fmul.s	f19,f20,f26	 f20:0x5cc14b22 f26:0x00000000 f19=0x00000000
      68635.000 ns	      6862	800016ac	a159a553	feq.s	x10,f19,f21	 f19:0x80000000 f21:0x80000000 x10=0x00000001
      68665.000 ns	      6865	800016b0	c00d7453	fcvt.w.s	x8,f26	 f26:0x00000000  x8=0x00000000
      68715.000 ns	      6870	800016b4	094ec553	fsub.s	f10,f29,f20	 f29:0x4734d76b f20:0x5cc14b22 f10=0xdcc14b22
      68755.000 ns	      6874	800016b8	10f814d3	fmul.s	f9,f16,f15	 f16:0x00041024 f15:0x7fc00000  f9=0x7fc00000
      68775.000 ns	      6876	800016bc	00000013	addi	x0,x0,0	  x0:0x00000000
      68795.000 ns	      6878	800016c0	29760753	fmin.s	f14,f12,f23	 f12:0x80000000 f23:0x80040fe4 f14=0x80040fe4
      69165.000 ns	      6915	800016c4	02476fb3	rem	x31,x14,x4	 x14:0x00000000  x4:0x3b6a5000 x31=0x00000000
      69205.000 ns	      6919	800016c8	580bb5d3	fsqrt.s	f11,f23	 f23:0x80040fe4 f11=0x7fc00000
      69235.000 ns	      6922	800016cc	023e8fb3	mul	x31,x29,x3	 x29:0x00000000  x3:0xfffffffc x31=0x00000000
      69605.000 ns	      6959	800016d0	03cac133	div	x2,x21,x28	 x21:0x00000000 x28:0x80040fe4  x2=0x00000000
      69625.000 ns	      6961	800016d4	00000013	addi	x0,x0,0	  x0:0x00000000
      69635.000 ns	      6962	800016d8	00867d33	and	x26,x12,x8	 x12:0x00000001  x8:0x00000000 x26=0x00000000
      69645.000 ns	      6963	800016dc	00000013	addi	x0,x0,0	  x0:0x00000000
      69665.000 ns	      6965	800016e0	03f0ef33	rem	x30,x1,x31	  x1:0x00000000 x31:0x00000000 x30=0x00000000
      69695.000 ns	      6968	800016e4	a1f4a253	feq.s	x4,f9,f31	  f9:0x7fc00000 f31:0x2effff2c  x4=0x00000000
      69715.000 ns	      6970	800016e8	fd604b13	xori	x22,x0,-42	  x0:0x00000000 x22=0xffffffd6
      70075.000 ns	      7006	800016ec	0324c8b3	div	x17,x9,x18	  x9:0x00000000 x18:0x00001000 x17=0x00000000
      70105.000 ns	      7009	800016f0	d01577d3	fcvt.s.wu	f15,x10	 x10:0x00000001 f15=0x3f800000
      70125.000 ns	      7011	800016f4	012affb3	and	x31,x21,x18	 x21:0x00000000 x18:0x00001000 x31=0x00000000
      70145.000 ns	      7013	800016f8	d0060fd3	fcvt.s.w	f31,x12	 x12:0x00000001 f31=0x3f800000
      70175.000 ns	      7016	800016fc	e0050c53	fmv.x.w	x24,f10	 f10:0xdcc14b22 x24=0xdcc14b22
      70195.000 ns	      7018	80001700	010c1913	slli	x18,x24,0x10	 x24:0x00000001 x18=0x4b220000
      70205.000 ns	      7019	80001704	003ce833	or	x16,x25,x3	 x25:0x00000001  x3:0xfffffffc x16=0xfffffffd
      70215.000 ns	      7020	80001708	00463d33	sltu	x26,x12,x4	 x12:0x00000001  x4:0x00000000 x26=0x00000000
      70255.000 ns	      7024	8000170c	00339ad3	fadd.s	f21,f7,f3	  f7:0x4eff8008  f3:0x42ffbf60 f21=0x4eff8008
      70285.000 ns	      7027	80001710	213f9853	fsgnjn.s	f16,f31,f19	 f31:0x3f800000 f19:0x00000000 f16=0xbf800000
      70305.000 ns	      7029	80001714	74c3e513	ori	x10,x7,1868	  x7:0xffffffff x10=0xffffffff
      70315.000 ns	      7030	80001718	00bad4b3	srl	x9,x21,x11	 x21:0x00000000 x11:0xffffff00  x9=0x00000000
      70335.000 ns	      7032	8000171c	029bd433	divu	x8,x23,x9	 x23:0x80000000  x9:0x00000000  x8=0xffffffff
      70355.000 ns	      7034	80001720	0168ccb3	xor	x25,x17,x22	 x17:0x00000000 x22:0xffffffd6 x25=0xffffffd6
      70375.000 ns	      7036	80001724	037fb933	mulhu	x18,x31,x23	 x31:0x00000000 x23:0x80000000 x18=0x00000000
      70405.000 ns	      7039	80001728	025e41b3	div	x3,x28,x5	 x28:0x80040fe4  x5:0x00000000  x3=0xffffffff
      70435.000 ns	      7042	8000172c	02e58a33	mul	x20,x11,x14	 x11:0xffffff00 x14:0x00000000 x20=0x00000000
      70485.000 ns	      7047	80001730	016d7253	fadd.s	f4,f26,f22	 f26:0x00000000 f22:0x00041024  f4=0x00041024
      70505.000 ns	      7049	80001734	41850793	addi	x15,x10,1048	 x10:0xffffffff x15=0x00000417
      70525.000 ns	      7051	80001738	a17510d3	flt.s	x1,f10,f23	 f10:0xdcc14b22 f23:0x80040fe4  x1=0x00000001
      70545.000 ns	      7053	8000173c	f042a0b7	lui	x1,0xf042a	  x1=0xf042a000
      70575.000 ns	      7056	80001740	5800f753	fsqrt.s	f14,f1	  f1:0x80000000 f14=0x80000000
      70595.000 ns	      7058	80001744	01d58433	add	x8,x11,x29	 x11:0xffffff00 x29:0x00000000  x8=0xffffff00
      70605.000 ns	      7059	80001748	2903b813	sltiu	x16,x7,656	  x7:0xffffffff x16=0x00000000
      70635.000 ns	      7062	8000174c	18bb8dd3	fdiv.s	f27,f23,f11	 f23:0x80040fe4 f11:0x7fc00000 f27=0x7fc00000
      70655.000 ns	      7064	80001750	01e48cb3	add	x25,x9,x30	  x9:0x00000000 x30:0x00000000 x25=0x00000000
      70665.000 ns	      7065	80001754	01e301b3	add	x3,x6,x30	  x6:0x00000001 x30:0x00000000  x3=0x00000001
      71025.000 ns	      7101	80001758	03776d33	rem	x26,x14,x23	 x14:0x00000000 x23:0x80000000 x26=0x00000000
      71045.000 ns	      7103	8000175c	feb64e93	xori	x29,x12,-21	 x12:0x00000001 x29=0xffffffea
      71055.000 ns	      7104	80001760	00d0f233	and	x4,x1,x13	  x1:0xf042a000 x13:0x00000200  x4=0x00000000
      71075.000 ns	      7106	80001764	a15688d3	fle.s	x17,f13,f21	 f13:0x7fc00000 f21:0x4eff8008 x17=0x00000000
      71095.000 ns	      7108	80001768	00bad293	srli	x5,x21,0xb	 x21:0x00000000  x5=0x00000000
      71115.000 ns	      7110	8000176c	028480b3	mul	x1,x9,x8	  x9:0x00000000  x8:0xffffff00  x1=0x00000000
      71135.000 ns	      7112	80001770	28530a17	auipc	x20,0x28530	 x20=0xa8531770
      71145.000 ns	      7113	80001774	99ffbc17	auipc	x24,0x99ffb	 x24=0x19ffc774
      71165.000 ns	      7115	80001778	28088053	fmin.s	f0,f17,f0	 f17:0x00000000  f0:0x5634afc1  f0=0x00000000
      71185.000 ns	      7117	8000177c	30386593	ori	x11,x16,771	 x16:0x00000000 x11=0x00000303
      71195.000 ns	      7118	80001780	5f2df317	auipc	x6,0x5f2df	  x6=0xdf2e0780
      71205.000 ns	      7119	80001784	00af7b33	and	x22,x30,x10	 x30:0x00000000 x10:0xffffffff x22=0x00000000
      71215.000 ns	      7120	80001788	e19f3713	sltiu	x14,x30,-487	 x30:0x00000000 x14=0x00000001
      71225.000 ns	      7121	8000178c	a93e8293	addi	x5,x29,-1389	 x29:0xffffffea  x5=0xfffffa7d
      71235.000 ns	      7122	80001790	2db06113	ori	x2,x0,731	  x0:0x00000000  x2=0x000002db
      71255.000 ns	      7124	80001794	a00506d3	fle.s	x13,f10,f0	 f10:0xdcc14b22  f0:0x00000000 x13=0x00000001
      71275.000 ns	      7126	80001798	0084d333	srl	x6,x9,x8	  x9:0x00000000  x8:0xffffff00  x6=0x00000000
      71635.000 ns	      7162	8000179c	0226e1b3	rem	x3,x13,x2	 x13:0x00000001  x2:0x000002db  x3=0x00000001
      71655.000 ns	      7164	800017a0	60847493	andi	x9,x8,1544	  x8:0xffffff00  x9=0x00000600
      71665.000 ns	      7165	800017a4	00000013	addi	x0,x0,0	  x0:0x00000000
      71685.000 ns	      7167	800017a8	a0e12753	feq.s	x14,f2,f14	  f2:0x80000000 f14:0x80000000 x14=0x00000001
      71725.000 ns	      7171	800017ac	58041853	fsqrt.s	f16,f8	  f8:0xcefff7e1 f16=0x7fc00000
      71755.000 ns	      7174	800017b0	218b08d3	fsgnj.s	f17,f22,f24	 f22:0x00041024 f24:0x7fc00000 f17=0x00041024
      71785.000 ns	      7177	800017b4	21461d53	fsgnjn.s	f26,f12,f20	 f12:0x80000000 f20:0x5cc14b22 f26=0x80000000
      71815.000 ns	      7180	800017b8	a04725d3	feq.s	x11,f14,f4	 f14:0x80000000  f4:0x00041024 x11=0x00000000
      71845.000 ns	      7183	800017bc	c01cbfd3	fcvt.wu.s	x31,f25	 f25:0x80040fe4 x31=0x00000000
      71865.000 ns	      7185	800017c0	410105b3	sub	x11,x2,x16	  x2:0x000002db x16:0x00000000 x11=0x000002db
      71885.000 ns	      7187	800017c4	02029eb3	mulh	x29,x5,x0	  x5:0xfffffa7d  x0:0x00000000 x29=0x00000000
      71915.000 ns	      7190	800017c8	d00e1f53	fcvt.s.w	f30,x28	 x28:0x80040fe4 f30=0xcefff7e0
      71935.000 ns	      7192	800017cc	0191adb3	slt	x27,x3,x25	  x3:0x00000001 x25:0x00000000 x27=0x00000000
      71955.000 ns	      7194	800017d0	a06b8d53	fle.s	x26,f23,f6	 f23:0x80040fe4  f6:0x2effff2c x26=0x00000001
      71975.000 ns	      7196	800017d4	00fc5093	srli	x1,x24,0xf	 x24:0x19ffc774  x1=0x000033ff
      71995.000 ns	      7198	800017d8	d0067bd3	fcvt.s.w	f23,x12	 x12:0x00000001 f23=0x3f800000
      72015.000 ns	      7200	800017dc	1478c313	xori	x6,x17,327	 x17:0x00000000  x6=0x00000147
      72035.000 ns	      7202	800017e0	20cfac53	fsgnjx.s	f24,f31,f12	 f31:0x3f800000 f12:0x80000000 f24=0xbf800000
      72055.000 ns	      7204	800017e4	c04430b7	lui	x1,0xc0443	  x1=0xc0443000
      72075.000 ns	      7206	800017e8	f00c8b53	fmv.w.x	f22,x25	 x25:0x00000000 f22=0x00000000
      72095.000 ns	      7208	800017ec	00000013	addi	x0,x0,0	  x0:0x00000000
      72105.000 ns	      7209	800017f0	00000013	addi	x0,x0,0	  x0:0x00000000
      72115.000 ns	      7210	800017f4	000b1333	sll	x6,x22,x0	 x22:0x00000000  x0:0x00000000  x6=0x00000000
      72125.000 ns	      7211	800017f8	01d0e5b3	or	x11,x1,x29	  x1:0xc0443000 x29:0x00000000 x11=0xc0443000
      72145.000 ns	      7213	800017fc	a11aafd3	feq.s	x31,f21,f17	 f21:0x4eff8008 f17:0x00041024 x31=0x00000000
      72165.000 ns	      7215	80001800	01acd013	srli	x0,x25,0x1a	 x25:0x00000000
      72175.000 ns	      7216	80001804	01e0e733	or	x14,x1,x30	  x1:0xc0443000 x30:0x00000000 x14=0xc0443000
      72185.000 ns	      7217	80001808	41d75f13	srai	x30,x14,0x1d	 x14:0x00000001 x30=0xfffffffe
      72205.000 ns	      7219	8000180c	03a20ab3	mul	x21,x4,x26	  x4:0x00000000 x26:0x00000001 x21=0x00000000
      72225.000 ns	      7221	80001810	238e2397	auipc	x7,0x238e2	  x7=0xa38e3810
      72235.000 ns	      7222	80001814	01113db3	sltu	x27,x2,x17	  x2:0x000002db x17:0x00000000 x27=0x00000000
      72275.000 ns	      7226	80001818	0814f453	fsub.s	f8,f9,f1	  f9:0x7fc00000  f1:0x80000000  f8=0x7fc00000
      72325.000 ns	      7231	8000181c	08600cd3	fsub.s	f25,f0,f6	  f0:0x00000000  f6:0x2effff2c f25=0xaeffff2c
      72345.000 ns	      7233	80001820	354c0613	addi	x12,x24,852	 x24:0x19ffc774 x12=0x19ffcac8
      72365.000 ns	      7235	80001824	e00793d3	fclass.s	x7,f15	 f15:0x3f800000  x7=0x00000040
      72395.000 ns	      7238	80001828	d006af53	fcvt.s.w	f30,x13	 x13:0x00000001 f30=0x3f800000
      72415.000 ns	      7240	8000182c	00a3b4b3	sltu	x9,x7,x10	  x7:0x00000040 x10:0xffffffff  x9=0x00000001
      72425.000 ns	      7241	80001830	c7f36713	ori	x14,x6,-897	  x6:0x00000000 x14=0xfffffc7f
      72445.000 ns	      7243	80001834	e0059b53	fclass.s	x22,f11	 f11:0x7fc00000 x22=0x00000200
      72815.000 ns	      7280	80001838	02e86d33	rem	x26,x16,x14	 x16:0x00000000 x14:0xc0443000 x26=0x00000000
      72855.000 ns	      7284	8000183c	58071a53	fsqrt.s	f20,f14	 f14:0x80000000 f20=0x80000000
      72885.000 ns	      7287	80001840	28dd1753	fmax.s	f14,f26,f13	 f26:0x80000000 f13:0x7fc00000 f14=0x80000000
      72915.000 ns	      7290	80001844	28811a53	fmax.s	f20,f2,f8	  f2:0x80000000  f8:0x7fc00000 f20=0x80000000
      73285.000 ns	      7327	80001848	023467b3	rem	x15,x8,x3	  x8:0xffffff00  x3:0x00000001 x15=0x00000000
      73305.000 ns	      7329	8000184c	009b1893	slli	x17,x22,0x9	 x22:0x00000200 x17=0x00040000
      73325.000 ns	      7331	80001850	02ff2433	mulhsu	x8,x30,x15	 x30:0xfffffffe x15:0x00000000  x8=0x00000000
      74505.000 ns	      7449	80001854	580e9c53	fsqrt.s	f24,f29	 f29:0x4734d76b f24=0x42ffbf60
      74525.000 ns	      7451	80001858	00597033	and	x0,x18,x5	 x18:0x00000000  x5:0xfffffa7d
      74545.000 ns	      7453	8000185c	03ac5133	divu	x2,x24,x26	 x24:0x19ffc774 x26:0x00000000  x2=0xffffffff
      74565.000 ns	      7455	80001860	006a61b3	or	x3,x20,x6	 x20:0xa8531770  x6:0x00000000  x3=0xa8531770
      74585.000 ns	      7457	80001864	214010d3	fsgnjn.s	f1,f0,f20	  f0:0x00000000 f20:0x80000000  f1=0x00000000
      74605.000 ns	      7459	80001868	0101ceb3	xor	x29,x3,x16	  x3:0x00000001 x16:0x00000000 x29=0xa8531770
      74625.000 ns	      7461	8000186c	e0049253	fclass.s	x4,f9	  f9:0x7fc00000  x4=0x00000200
      74645.000 ns	      7463	80001870	011508b3	add	x17,x10,x17	 x10:0xffffffff x17:0x00040000 x17=0x0003ffff
      75005.000 ns	      7499	80001874	02a0f433	remu	x8,x1,x10	  x1:0xc0443000 x10:0xffffffff  x8=0xc0443000
      75025.000 ns	      7501	80001878	001cdc13	srli	x24,x25,0x1	 x25:0x00000000 x24=0x00000000
      75035.000 ns	      7502	8000187c	00355db3	srl	x27,x10,x3	 x10:0xffffffff  x3:0xa8531770 x27=0x0000ffff
      75045.000 ns	      7503	80001880	e56e8a93	addi	x21,x29,-426	 x29:0xa8531770 x21=0xa85315c6
      75065.000 ns	      7505	80001884	a1d108d3	fle.s	x17,f2,f29	  f2:0x80000000 f29:0x4734d76b x17=0x00000001
      75085.000 ns	      7507	80001888	0b31ab13	slti	x22,x3,179	  x3:0xa8531770 x22=0x00000001
      75105.000 ns	      7509	8000188c	c019f253	fcvt.wu.s	x4,f19	 f19:0x00000000  x4=0x00000000
      75135.000 ns	      7512	80001890	29a21e53	fmax.s	f28,f4,f26	  f4:0x00041024 f26:0x80000000 f28=0x00041024
      75505.000 ns	      7549	80001894	03d1ddb3	divu	x27,x3,x29	  x3:0xa8531770 x29:0xa8531770 x27=0x00000001
      75525.000 ns	      7551	80001898	25406337	lui	x6,0x25406	  x6=0x25406000
      75555.000 ns	      7554	8000189c	10d8a2d3	fmul.s	f5,f17,f13	 f17:0x00041024 f13:0x7fc00000  f5=0x7fc00000
      75585.000 ns	      7557	800018a0	21d7a153	fsgnjx.s	f2,f15,f29	 f15:0x3f800000 f29:0x4734d76b  f2=0x3f800000
      75605.000 ns	      7559	800018a4	00ed2b33	slt	x22,x26,x14	 x26:0x00000000 x14:0xfffffc7f x22=0x00000000
      75615.000 ns	      7560	800018a8	00000013	addi	x0,x0,0	  x0:0x00000000
      75635.000 ns	      7562	800018ac	022320b3	mulhsu	x1,x6,x2	  x6:0x25406000  x2:0xffffffff  x1=0x25405fff
      75665.000 ns	      7565	800018b0	e0081453	fclass.s	x8,f16	 f16:0x7fc00000  x8=0x00000200
      75695.000 ns	      7568	800018b4	e00e0fd3	fmv.x.w	x31,f28	 f28:0x00041024 x31=0x00041024
      75715.000 ns	      7570	800018b8	0055ef33	or	x30,x11,x5	 x11:0xc0443000  x5:0xfffffa7d x30=0xfffffa7d
      75725.000 ns	      7571	800018bc	5fb4a417	auipc	x8,0x5fb4a	  x8=0xdfb4b8bc
      76085.000 ns	      7607	800018c0	03c77433	remu	x8,x14,x28	 x14:0xfffffc7f x28:0x80040fe4  x8=0x7ffbec9b
      76115.000 ns	      7610	800018c4	a0a22453	feq.s	x8,f4,f10	  f4:0x00041024 f10:0xdcc14b22  x8=0x00000000
      76135.000 ns	      7612	800018c8	3f6aff97	auipc	x31,0x3f6af	 x31=0xbf6b08c8
      76155.000 ns	      7614	800018cc	287a06d3	fmin.s	f13,f20,f7	 f20:0x80000000  f7:0x4eff8008 f13=0x80000000
      76525.000 ns	      7651	800018d0	027447b3	div	x15,x8,x7	  x8:0x00000000  x7:0x00000040 x15=0x00000000
      76555.000 ns	      7654	800018d4	d00c7953	fcvt.s.w	f18,x24	 x24:0x00000000 f18=0x00000000
      76575.000 ns	      7656	800018d8	001cb133	sltu	x2,x25,x1	 x25:0x00000000  x1:0x25405fff  x2=0x00000001
      76585.000 ns	      7657	800018dc	01e0efb3	or	x31,x1,x30	  x1:0x25405fff x30:0xfffffa7d x31=0xffffffff
      76615.000 ns	      7660	800018e0	10d28553	fmul.s	f10,f5,f13	  f5:0x7fc00000 f13:0x80000000 f10=0x7fc00000
      76635.000 ns	      7662	800018e4	01171013	slli	x0,x14,0x11	 x14:0xfffffc7f
      76645.000 ns	      7663	800018e8	01e41933	sll	x18,x8,x30	  x8:0x00000000 x30:0xfffffa7d x18=0x00000000
      76675.000 ns	      7666	800018ec	10eff4d3	fmul.s	f9,f31,f14	 f31:0x3f800000 f14:0x80000000  f9=0x80000000
      76705.000 ns	      7669	800018f0	024086b3	mul	x13,x1,x4	  x1:0x25405fff  x4:0x00000000 x13=0x00000000
      76735.000 ns	      7672	800018f4	d005bb53	fcvt.s.w	f22,x11	 x11:0xc0443000 f22=0xce7eef40
      76755.000 ns	      7674	800018f8	196f2c93	slti	x25,x30,406	 x30:0xfffffa7d x25=0x00000001
      76785.000 ns	      7677	800018fc	580d2ed3	fsqrt.s	f29,f26	 f26:0x80000000 f29=0x80000000
      76805.000 ns	      7679	80001900	00000013	addi	x0,x0,0	  x0:0x00000000
      76825.000 ns	      7681	80001904	20f409d3	fsgnj.s	f19,f8,f15	  f8:0x7fc00000 f15:0x3f800000 f19=0x7fc00000
      77925.000 ns	      7791	80001908	580a82d3	fsqrt.s	f5,f21	 f21:0x4eff8008  f5=0x4734d76b
      77955.000 ns	      7794	8000190c	a0a687d3	fle.s	x15,f13,f10	 f13:0x80000000 f10:0x7fc00000 x15=0x00000000
      77985.000 ns	      7797	80001910	289f1dd3	fmax.s	f27,f30,f9	 f30:0x3f800000  f9:0x80000000 f27=0x3f800000
      78355.000 ns	      7834	80001914	022f42b3	div	x5,x30,x2	 x30:0xfffffa7d  x2:0x00000001  x5=0xfffffa7d
      78375.000 ns	      7836	80001918	0b707d93	andi	x27,x0,183	  x0:0x00000000 x27=0x00000000
      78395.000 ns	      7838	8000191c	c014f853	fcvt.wu.s	x16,f9	  f9:0x80000000 x16=0x00000000
      79575.000 ns	      7956	80001920	580d94d3	fsqrt.s	f9,f27	 f27:0x3f800000  f9=0x3f7fffae
      79605.000 ns	      7959	80001924	201baad3	fsgnjx.s	f21,f23,f1	 f23:0x3f800000  f1:0x00000000 f21=0x3f800000
      79635.000 ns	      7962	80001928	f00d0ad3	fmv.w.x	f21,x26	 x26:0x00000000 f21=0x00000000
      79655.000 ns	      7964	8000192c	0013fc33	and	x24,x7,x1	  x7:0x00000040  x1:0x25405fff x24=0x00000040
      79675.000 ns	      7966	80001930	28f010d3	fmax.s	f1,f0,f15	  f0:0x00000000 f15:0x3f800000  f1=0x3f800000
      79705.000 ns	      7969	80001934	02870a33	mul	x20,x14,x8	 x14:0xfffffc7f  x8:0x00000000 x20=0x00000000
      79725.000 ns	      7971	80001938	4b6f6713	ori	x14,x30,1206	 x30:0xfffffa7d x14=0xfffffeff
      79735.000 ns	      7972	8000193c	6df86313	ori	x6,x16,1759	 x16:0x00000000  x6=0x000006df
      79755.000 ns	      7974	80001940	a0159253	flt.s	x4,f11,f1	 f11:0x7fc00000  f1:0x3f800000  x4=0x00000000
      79785.000 ns	      7977	80001944	0282e8b3	rem	x17,x5,x8	  x5:0xfffffa7d  x8:0x00000000 x17=0xfffffa7d
      79805.000 ns	      7979	80001948	00139733	sll	x14,x7,x1	  x7:0x00000040  x1:0x25405fff x14=0x00000000
      79815.000 ns	      7980	8000194c	0134d893	srli	x17,x9,0x13	  x9:0x00000001 x17=0x00000000
      79825.000 ns	      7981	80001950	01bfdd13	srli	x26,x31,0x1b	 x31:0xffffffff x26=0x0000001f
      79835.000 ns	      7982	80001954	0144d813	srli	x16,x9,0x14	  x9:0x00000001 x16=0x00000000
      80195.000 ns	      8018	80001958	03f34cb3	div	x25,x6,x31	  x6:0x000006df x31:0xffffffff x25=0xfffff921
      80565.000 ns	      8055	8000195c	02b0ea33	rem	x20,x1,x11	  x1:0x25405fff x11:0xc0443000 x20=0x25405fff
      80585.000 ns	      8057	80001960	41318933	sub	x18,x3,x19	  x3:0xa8531770 x19:0x80041024 x18=0x284f074c
      80605.000 ns	      8059	80001964	20ca80d3	fsgnj.s	f1,f21,f12	 f21:0x00000000 f12:0x80000000  f1=0x80000000
      80635.000 ns	      8062	80001968	03e721b3	mulhsu	x3,x14,x30	 x14:0x00000000 x30:0xfffffa7d  x3=0x00000000
      80655.000 ns	      8064	8000196c	015bfc33	and	x24,x23,x21	 x23:0x80000000 x21:0xa85315c6 x24=0x80000000
      80675.000 ns	      8066	80001970	02e29533	mulh	x10,x5,x14	  x5:0xfffffa7d x14:0x00000000 x10=0x00000000
      80695.000 ns	      8068	80001974	004210b3	sll	x1,x4,x4	  x4:0x00000000  x4:0x00000000  x1=0x00000000
      80715.000 ns	      8070	80001978	02a4e433	rem	x8,x9,x10	  x9:0x00000001 x10:0x00000000  x8=0x00000001
      80745.000 ns	      8073	8000197c	28e79fd3	fmax.s	f31,f15,f14	 f15:0x3f800000 f14:0x80000000 f31=0x3f800000
      80765.000 ns	      8075	80001980	09bda713	slti	x14,x27,155	 x27:0x00000000 x14=0x00000001
      80785.000 ns	      8077	80001984	031147b3	div	x15,x2,x17	  x2:0x00000001 x17:0x00000000 x15=0xffffffff
      80815.000 ns	      8080	80001988	d01a7dd3	fcvt.s.wu	f27,x20	 x20:0x25405fff f27=0x4e15017f
      80845.000 ns	      8083	8000198c	03418433	mul	x8,x3,x20	  x3:0x00000000 x20:0x25405fff  x8=0x00000000
      80885.000 ns	      8087	80001990	580e8253	fsqrt.s	f4,f29	 f29:0x80000000  f4=0x80000000
      80925.000 ns	      8091	80001994	10ad0053	fmul.s	f0,f26,f10	 f26:0x80000000 f10:0x7fc00000  f0=0x7fc00000
      80955.000 ns	      8094	80001998	290a1ed3	fmax.s	f29,f20,f16	 f20:0x80000000 f16:0x7fc00000 f29=0x80000000
      80985.000 ns	      8097	8000199c	e0009a53	fclass.s	x20,f1	  f1:0x80000000 x20=0x00000008
      81015.000 ns	      8100	800019a0	c01af6d3	fcvt.wu.s	x13,f21	 f21:0x00000000 x13=0x00000000
      81035.000 ns	      8102	800019a4	f8522513	slti	x10,x4,-123	  x4:0x00000000 x10=0x00000000
      81055.000 ns	      8104	800019a8	e0081f53	fclass.s	x30,f16	 f16:0x7fc00000 x30=0x00000200
      81085.000 ns	      8107	800019ac	028b7d33	remu	x26,x22,x8	 x22:0x00000000  x8:0x00000000 x26=0x00000000
      81115.000 ns	      8110	800019b0	f00b0cd3	fmv.w.x	f25,x22	 x22:0x00000000 f25=0x00000000
      81135.000 ns	      8112	800019b4	3df0c513	xori	x10,x1,991	  x1:0x00000000 x10=0x000003df
      81155.000 ns	      8114	800019b8	036f8133	mul	x2,x31,x22	 x31:0xffffffff x22:0x00000000  x2=0x00000000
      81205.000 ns	      8119	800019bc	0966b0d3	fsub.s	f1,f13,f22	 f13:0x80000000 f22:0xce7eef40  f1=0x4e7eef40
      81575.000 ns	      8156	800019c0	038cc5b3	div	x11,x25,x24	 x25:0xfffff921 x24:0x80000000 x11=0x00000000
      81595.000 ns	      8158	800019c4	00a524b3	slt	x9,x10,x10	 x10:0x000003df x10:0x000003df  x9=0x00000000
      81605.000 ns	      8159	800019c8	01f3acb3	slt	x25,x7,x31	  x7:0x00000040 x31:0xffffffff x25=0x00000000
      81625.000 ns	      8161	800019cc	02367733	remu	x14,x12,x3	 x12:0x19ffcac8  x3:0x00000000 x14=0x19ffcac8
      81655.000 ns	      8164	800019d0	c0158753	fcvt.wu.s	x14,f11	 f11:0x7fc00000 x14=0xffffffff
      81705.000 ns	      8169	800019d4	010a70d3	fadd.s	f1,f20,f16	 f20:0x80000000 f16:0x7fc00000  f1=0x7fc00000
      81735.000 ns	      8172	800019d8	02668eb3	mul	x29,x13,x6	 x13:0x00000000  x6:0x000006df x29=0x00000000
      82105.000 ns	      8209	800019dc	0340f533	remu	x10,x1,x20	  x1:0x00000000 x20:0x00000008 x10=0x00000000
      82125.000 ns	      8211	800019e0	69580d13	addi	x26,x16,1685	 x16:0x00000000 x26=0x00000695
      82135.000 ns	      8212	800019e4	debf7693	andi	x13,x30,-533	 x30:0x00000200 x13=0x00000000
      82145.000 ns	      8213	800019e8	006c1313	slli	x6,x24,0x6	 x24:0x80000000  x6=0x00000000
      82155.000 ns	      8214	800019ec	411250b3	sra	x1,x4,x17	  x4:0x00000000 x17:0x00000000  x1=0x00000000
      82175.000 ns	      8216	800019f0	f0010dd3	fmv.w.x	f27,x2	  x2:0x00000000 f27=0x00000000
      82215.000 ns	      8220	800019f4	18ab7bd3	fdiv.s	f23,f22,f10	 f22:0xce7eef40 f10:0x7fc00000 f23=0x7fc00000
      82245.000 ns	      8223	800019f8	20091153	fsgnjn.s	f2,f18,f0	 f18:0x00000000  f0:0x7fc00000  f2=0x80000000
      82265.000 ns	      8225	800019fc	9eaa6513	ori	x10,x20,-1558	 x20:0x00000008 x10=0xfffff9ea
      82275.000 ns	      8226	80001a00	001ad033	srl	x0,x21,x1	 x21:0xa85315c6  x1:0x00000000
      82285.000 ns	      8227	80001a04	00000013	addi	x0,x0,0	  x0:0x00000000
      82305.000 ns	      8229	80001a08	02a213b3	mulh	x7,x4,x10	  x4:0x00000000 x10:0xfffff9ea  x7=0x00000000
      82335.000 ns	      8232	80001a0c	208da453	fsgnjx.s	f8,f27,f8	 f27:0x00000000  f8:0x7fc00000  f8=0x00000000
      82355.000 ns	      8234	80001a10	1084a193	slti	x3,x9,264	  x9:0x00000000  x3=0x00000001
      82375.000 ns	      8236	80001a14	a0739d53	flt.s	x26,f7,f7	  f7:0x4eff8008  f7:0x4eff8008 x26=0x00000000
      82405.000 ns	      8239	80001a18	031457b3	divu	x15,x8,x17	  x8:0x00000000 x17:0x00000000 x15=0xffffffff
      82425.000 ns	      8241	80001a1c	41e3d0b3	sra	x1,x7,x30	  x7:0x00000000 x30:0x00000200  x1=0x00000000
      82455.000 ns	      8244	80001a20	580276d3	fsqrt.s	f13,f4	  f4:0x80000000 f13=0x80000000
      82475.000 ns	      8246	80001a24	530a3093	sltiu	x1,x20,1328	 x20:0x00000008  x1=0x00000001
      82485.000 ns	      8247	80001a28	df4c6393	ori	x7,x24,-524	 x24:0x80000000  x7=0xfffffdf4
      82495.000 ns	      8248	80001a2c	a928f817	auipc	x16,0xa928f	 x16=0x29290a2c
      82515.000 ns	      8250	80001a30	d0017d53	fcvt.s.w	f26,x2	  x2:0x00000000 f26=0x00000000
      82535.000 ns	      8252	80001a34	01c17633	and	x12,x2,x28	  x2:0x00000000 x28:0x80040fe4 x12=0x00000000
      82545.000 ns	      8253	80001a38	a21fa137	lui	x2,0xa21fa	  x2=0xa21fa000
      82565.000 ns	      8255	80001a3c	02fb9fb3	mulh	x31,x23,x15	 x23:0x80000000 x15:0xffffffff x31=0x00000000
      82595.000 ns	      8258	80001a40	d0067fd3	fcvt.s.w	f31,x12	 x12:0x00000000 f31=0x00000000
      82615.000 ns	      8260	80001a44	4e237913	andi	x18,x6,1250	  x6:0x00000000 x18=0x00000000
      82635.000 ns	      8262	80001a48	03b9ef33	rem	x30,x19,x27	 x19:0x80041024 x27:0x00000000 x30=0x80041024
      82655.000 ns	      8264	80001a4c	a78d6b13	ori	x22,x26,-1416	 x26:0x00000000 x22=0xfffffa78
      82695.000 ns	      8268	80001a50	0029bc53	fadd.s	f24,f19,f2	 f19:0x7fc00000  f2:0x80000000 f24=0x7fc00000
      82715.000 ns	      8270	80001a54	006bf133	and	x2,x23,x6	 x23:0x80000000  x6:0x00000000  x2=0x00000000
      82735.000 ns	      8272	80001a58	20a62a53	fsgnjx.s	f20,f12,f10	 f12:0x80000000 f10:0x7fc00000 f20=0x80000000
      82765.000 ns	      8275	80001a5c	21382dd3	fsgnjx.s	f27,f16,f19	 f16:0x7fc00000 f19:0x7fc00000 f27=0x7fc00000
      82795.000 ns	      8278	80001a60	02e911b3	mulh	x3,x18,x14	 x18:0x00000000 x14:0xffffffff  x3=0x00000000
      82815.000 ns	      8280	80001a64	b65e8a93	addi	x21,x29,-1179	 x29:0x00000000 x21=0xfffffb65
      82835.000 ns	      8282	80001a68	a1962553	feq.s	x10,f12,f25	 f12:0x80000000 f25:0x00000000 x10=0x00000001
      82855.000 ns	      8284	80001a6c	110326b7	lui	x13,0x11032	 x13=0x11032000
      82865.000 ns	      8285	80001a70	01161593	slli	x11,x12,0x11	 x12:0x00000000 x11=0x00000000
      82885.000 ns	      8287	80001a74	29aa8bd3	fmin.s	f23,f21,f26	 f21:0x00000000 f26:0x00000000 f23=0x00000000
      82905.000 ns	      8289	80001a78	00000013	addi	x0,x0,0	  x0:0x00000000
      82915.000 ns	      8290	80001a7c	9224a413	slti	x8,x9,-1758	  x9:0x00000000  x8=0x00000000
      82925.000 ns	      8291	80001a80	75f62b13	slti	x22,x12,1887	 x12:0x00000000 x22=0x00000001
      82945.000 ns	      8293	80001a84	218c2253	fsgnjx.s	f4,f24,f24	 f24:0x7fc00000 f24:0x7fc00000  f4=0x7fc00000
      82965.000 ns	      8295	80001a88	41b3d5b3	sra	x11,x7,x27	  x7:0xfffffdf4 x27:0x00000000 x11=0xfffffdf4
      82975.000 ns	      8296	80001a8c	51e7c297	auipc	x5,0x51e7c	  x5=0xd1e7da8c
      82995.000 ns	      8298	80001a90	f00b09d3	fmv.w.x	f19,x22	 x22:0x00000001 f19=0x00000001
      83045.000 ns	      8303	80001a94	09bcaed3	fsub.s	f29,f25,f27	 f25:0x00000000 f27:0x7fc00000 f29=0x7fc00000
      83065.000 ns	      8305	80001a98	5f7ba917	auipc	x18,0x5f7ba	 x18=0xdf7bba98
      83085.000 ns	      8307	80001a9c	21329fd3	fsgnjn.s	f31,f5,f19	  f5:0x4734d76b f19:0x00000001 f31=0xc734d76b
      83115.000 ns	      8310	80001aa0	02d320b3	mulhsu	x1,x6,x13	  x6:0x00000000 x13:0x11032000  x1=0x00000000
      83135.000 ns	      8312	80001aa4	4297fc13	andi	x24,x15,1065	 x15:0xffffffff x24=0x00000429
      83155.000 ns	      8314	80001aa8	036d9f33	mulh	x30,x27,x22	 x27:0x00000000 x22:0x00000001 x30=0x00000000
      83185.000 ns	      8317	80001aac	03fcceb3	div	x29,x25,x31	 x25:0x00000000 x31:0x00000000 x29=0xffffffff
      83205.000 ns	      8319	80001ab0	01f11533	sll	x10,x2,x31	  x2:0x00000000 x31:0x00000000 x10=0x00000000
      83565.000 ns	      8355	80001ab4	03c47333	remu	x6,x8,x28	  x8:0x00000000 x28:0x80040fe4  x6=0x00000000
      83585.000 ns	      8357	80001ab8	00f70ab3	add	x21,x14,x15	 x14:0xffffffff x15:0xffffffff x21=0xfffffffe
      83595.000 ns	      8358	80001abc	00f64eb3	xor	x29,x12,x15	 x12:0x00000000 x15:0xffffffff x29=0xffffffff
      83605.000 ns	      8359	80001ac0	00056933	or	x18,x10,x0	 x10:0x00000000  x0:0x00000000 x18=0x00000000
      83615.000 ns	      8360	80001ac4	66712737	lui	x14,0x66712	 x14=0x66712000
      83625.000 ns	      8361	80001ac8	01fbfa33	and	x20,x23,x31	 x23:0x80000000 x31:0x00000000 x20=0x00000000
      83645.000 ns	      8363	80001acc	a1ba98d3	flt.s	x17,f21,f27	 f21:0x00000000 f27:0x7fc00000 x17=0x00000000
      83695.000 ns	      8368	80001ad0	09aaf1d3	fsub.s	f3,f21,f26	 f21:0x00000000 f26:0x00000000  f3=0x80000000
      83725.000 ns	      8371	80001ad4	21e10a53	fsgnj.s	f20,f2,f30	  f2:0x80000000 f30:0x3f800000 f20=0x00000000
      83765.000 ns	      8375	80001ad8	182ff5d3	fdiv.s	f11,f31,f2	 f31:0xc734d76b  f2:0x80000000 f11=0x7f800000
      83795.000 ns	      8378	80001adc	e00896d3	fclass.s	x13,f17	 f17:0x00041024 x13=0x00000020
      83825.000 ns	      8381	80001ae0	a11d02d3	fle.s	x5,f26,f17	 f26:0x00000000 f17:0x00041024  x5=0x00000001
      83865.000 ns	      8385	80001ae4	18b77b53	fdiv.s	f22,f14,f11	 f14:0x80000000 f11:0x7f800000 f22=0x80000000
      83885.000 ns	      8387	80001ae8	a29b7d37	lui	x26,0xa29b7	 x26=0xa29b7000
      83925.000 ns	      8391	80001aec	09cfbed3	fsub.s	f29,f31,f28	 f31:0xc734d76b f28:0x00041024 f29=0xc734d76b
      83945.000 ns	      8393	80001af0	015bd093	srli	x1,x23,0x15	 x23:0x80000000  x1=0x00000400
      83955.000 ns	      8394	80001af4	003ad833	srl	x16,x21,x3	 x21:0xfffffffe  x3:0x00000000 x16=0xfffffffe
      83965.000 ns	      8395	80001af8	00fda7b3	slt	x15,x27,x15	 x27:0x00000000 x15:0xffffffff x15=0x00000000
      83975.000 ns	      8396	80001afc	405fd493	srai	x9,x31,0x5	 x31:0x00000000  x9=0x00000000
      84335.000 ns	      8432	80001b00	02b1e2b3	rem	x5,x3,x11	  x3:0x00000000 x11:0xfffffdf4  x5=0x00000000
      84705.000 ns	      8469	80001b04	03df7f33	remu	x30,x30,x29	 x30:0x00000000 x29:0xffffffff x30=0x00000000
      84725.000 ns	      8471	80001b08	26280d13	addi	x26,x16,610	 x16:0xfffffffe x26=0x00000260
      84735.000 ns	      8472	80001b0c	38bb0613	addi	x12,x22,907	 x22:0x00000001 x12=0x0000038c
      84755.000 ns	      8474	80001b10	a08324d3	feq.s	x9,f6,f8	  f6:0x2effff2c  f8:0x00000000  x9=0x00000000
      84775.000 ns	      8476	80001b14	010102b3	add	x5,x2,x16	  x2:0x00000000 x16:0xfffffffe  x5=0xfffffffe
      84795.000 ns	      8478	80001b18	293d1f53	fmax.s	f30,f26,f19	 f26:0x00000000 f19:0x00000001 f30=0x00000001
      84815.000 ns	      8480	80001b1c	007b9f13	slli	x30,x23,0x7	 x23:0x80000000 x30=0x00000000
      85175.000 ns	      8516	80001b20	0357d333	divu	x6,x15,x21	 x15:0x00000000 x21:0xfffffffe  x6=0x00000000
      85205.000 ns	      8519	80001b24	c012f153	fcvt.wu.s	x2,f5	  f5:0x4734d76b  x2=0x0000b4d7
      85225.000 ns	      8521	80001b28	00000013	addi	x0,x0,0	  x0:0x00000000
      85245.000 ns	      8523	80001b2c	d0014f53	fcvt.s.w	f30,x2	  x2:0x0000b4d7 f30=0x4734d700
      85265.000 ns	      8525	80001b30	878b8413	addi	x8,x23,-1928	 x23:0x80000000  x8=0x7ffff878
      85285.000 ns	      8527	80001b34	f0040853	fmv.w.x	f16,x8	  x8:0x00000000 f16=0x7ffff878
      85325.000 ns	      8531	80001b38	199afd53	fdiv.s	f26,f21,f25	 f21:0x00000000 f25:0x00000000 f26=0x7fc00000
      85345.000 ns	      8533	80001b3c	402356b3	sra	x13,x6,x2	  x6:0x00000000  x2:0x0000b4d7 x13=0x00000000
      85365.000 ns	      8535	80001b40	29c69a53	fmax.s	f20,f13,f28	 f13:0x80000000 f28:0x00041024 f20=0x00041024
      85385.000 ns	      8537	80001b44	41920eb3	sub	x29,x4,x25	  x4:0x00000000 x25:0x00000000 x29=0x00000000
      85395.000 ns	      8538	80001b48	1d5c08b7	lui	x17,0x1d5c0	 x17=0x1d5c0000
      85755.000 ns	      8574	80001b4c	03c2c6b3	div	x13,x5,x28	  x5:0xfffffffe x28:0x80040fe4 x13=0x00000000
      86125.000 ns	      8611	80001b50	02efcab3	div	x21,x31,x14	 x31:0x00000000 x14:0x66712000 x21=0x00000000
      86145.000 ns	      8613	80001b54	01a653b3	srl	x7,x12,x26	 x12:0x0000038c x26:0x00000260  x7=0x0000038c
      86165.000 ns	      8615	80001b58	03ec8cb3	mul	x25,x25,x30	 x25:0x00000000 x30:0x00000000 x25=0x00000000
      86195.000 ns	      8618	80001b5c	a0790153	fle.s	x2,f18,f7	 f18:0x00000000  f7:0x4eff8008  x2=0x00000001
      86225.000 ns	      8621	80001b60	03be8733	mul	x14,x29,x27	 x29:0x00000000 x27:0x00000000 x14=0x00000000
      86245.000 ns	      8623	80001b64	74a64793	xori	x15,x12,1866	 x12:0x0000038c x15=0x000004c6
      86255.000 ns	      8624	80001b68	1ffb8893	addi	x17,x23,511	 x23:0x80000000 x17=0x800001ff
      86265.000 ns	      8625	80001b6c	01f57733	and	x14,x10,x31	 x10:0x00000000 x31:0x00000000 x14=0x00000000
      86285.000 ns	      8627	80001b70	20468b53	fsgnj.s	f22,f13,f4	 f13:0x80000000  f4:0x7fc00000 f22=0x00000000
      86305.000 ns	      8629	80001b74	00077c33	and	x24,x14,x0	 x14:0x00000000  x0:0x00000000 x24=0x00000000
      86315.000 ns	      8630	80001b78	013b9b33	sll	x22,x23,x19	 x23:0x80000000 x19:0x80041024 x22=0x00000000
      86325.000 ns	      8631	80001b7c	016f12b3	sll	x5,x30,x22	 x30:0x00000000 x22:0x00000001  x5=0x00000000
      86345.000 ns	      8633	80001b80	d0147053	fcvt.s.wu	f0,x8	  x8:0x7ffff878  f0=0x4efffff0
      86375.000 ns	      8636	80001b84	e0048453	fmv.x.w	x8,f9	  f9:0x3f7fffae  x8=0x3f7fffae
      86395.000 ns	      8638	80001b88	7bcb4293	xori	x5,x22,1980	 x22:0x00000000  x5=0x000007bc
      87565.000 ns	      8755	80001b8c	580014d3	fsqrt.s	f9,f0	  f0:0x4efffff0  f9=0x473504a5
      87585.000 ns	      8757	80001b90	014c6fb3	or	x31,x24,x20	 x24:0x00000000 x20:0x00000000 x31=0x00000000
      87625.000 ns	      8761	80001b94	018f7bd3	fadd.s	f23,f30,f24	 f30:0x4734d700 f24:0x7fc00000 f23=0x7fc00000
      87655.000 ns	      8764	80001b98	d001f5d3	fcvt.s.w	f11,x3	  x3:0x00000000 f11=0x00000000
      87685.000 ns	      8767	80001b9c	d00c8153	fcvt.s.w	f2,x25	 x25:0x00000000  f2=0x00000000
      87715.000 ns	      8770	80001ba0	28cb8cd3	fmin.s	f25,f23,f12	 f23:0x7fc00000 f12:0x80000000 f25=0x80000000
      87745.000 ns	      8773	80001ba4	0237b433	mulhu	x8,x15,x3	 x15:0x000004c6  x3:0x00000000  x8=0x00000000
      87775.000 ns	      8776	80001ba8	035a11b3	mulh	x3,x20,x21	 x20:0x00000000 x21:0x00000000  x3=0x00000000
      87805.000 ns	      8779	80001bac	c01afcd3	fcvt.wu.s	x25,f21	 f21:0x00000000 x25=0x00000000
      87835.000 ns	      8782	80001bb0	21968c53	fsgnj.s	f24,f13,f25	 f13:0x80000000 f25:0x80000000 f24=0x80000000
      87865.000 ns	      8785	80001bb4	d0047e53	fcvt.s.w	f28,x8	  x8:0x00000000 f28=0x00000000
      87895.000 ns	      8788	80001bb8	e00b8753	fmv.x.w	x14,f23	 f23:0x7fc00000 x14=0x7fc00000
      87915.000 ns	      8790	80001bbc	00245cb3	srl	x25,x8,x2	  x8:0x00000000  x2:0x00000001 x25=0x00000000
      87935.000 ns	      8792	80001bc0	d00947d3	fcvt.s.w	f15,x18	 x18:0x00000000 f15=0x00000000
      87985.000 ns	      8797	80001bc4	00fb70d3	fadd.s	f1,f22,f15	 f22:0x00000000 f15:0x3f800000  f1=0x00000000
      88015.000 ns	      8800	80001bc8	025b3233	mulhu	x4,x22,x5	 x22:0x00000000  x5:0x000007bc  x4=0x00000000
      88045.000 ns	      8803	80001bcc	022bb8b3	mulhu	x17,x23,x2	 x23:0x80000000  x2:0x00000001 x17=0x00000000
      88075.000 ns	      8806	80001bd0	f0070c53	fmv.w.x	f24,x14	 x14:0x7fc00000 f24=0x7fc00000
      88105.000 ns	      8809	80001bd4	a14d0a53	fle.s	x20,f26,f20	 f26:0x7fc00000 f20:0x00041024 x20=0x00000000
      88125.000 ns	      8811	80001bd8	01e83a33	sltu	x20,x16,x30	 x16:0xfffffffe x30:0x00000000 x20=0x00000000
      88145.000 ns	      8813	80001bdc	20c5a053	fsgnjx.s	f0,f11,f12	 f11:0x00000000 f12:0x80000000  f0=0x80000000
      88165.000 ns	      8815	80001be0	40dbd713	srai	x14,x23,0xd	 x23:0x80000000 x14=0xfffc0000
      88195.000 ns	      8818	80001be4	11e53ed3	fmul.s	f29,f10,f30	 f10:0x7fc00000 f30:0x4734d700 f29=0x7fc00000
      88215.000 ns	      8820	80001be8	002cd713	srli	x14,x25,0x2	 x25:0x00000000 x14=0x00000000
      88225.000 ns	      8821	80001bec	010c0133	add	x2,x24,x16	 x24:0x00000000 x16:0xfffffffe  x2=0xfffffffe
      89395.000 ns	      8938	80001bf0	5808ced3	fsqrt.s	f29,f17	 f17:0x00041024 f29=0x1f3ac36a
      89425.000 ns	      8941	80001bf4	03090133	mul	x2,x18,x16	 x18:0x00000000 x16:0xfffffffe  x2=0x00000000
      89455.000 ns	      8944	80001bf8	032535b3	mulhu	x11,x10,x18	 x10:0x00000000 x18:0x00000000 x11=0x00000000
      89485.000 ns	      8947	80001bfc	20ad0ed3	fsgnj.s	f29,f26,f10	 f26:0x7fc00000 f10:0x7fc00000 f29=0x7fc00000
      89515.000 ns	      8950	80001c00	c0018dd3	fcvt.w.s	x27,f3	  f3:0x80000000 x27=0x00000000
      89545.000 ns	      8953	80001c04	218a14d3	fsgnjn.s	f9,f20,f24	 f20:0x00041024 f24:0x7fc00000  f9=0x80041024
      89575.000 ns	      8956	80001c08	0234aab3	mulhsu	x21,x9,x3	  x9:0x00000000  x3:0x00000000 x21=0x00000000
      89595.000 ns	      8958	80001c0c	01308b33	add	x22,x1,x19	  x1:0x00000400 x19:0x80041024 x22=0x80041424
      89615.000 ns	      8960	80001c10	20a39f53	fsgnjn.s	f30,f7,f10	  f7:0x4eff8008 f10:0x7fc00000 f30=0xceff8008
      89635.000 ns	      8962	80001c14	01d4c0b3	xor	x1,x9,x29	  x9:0x00000000 x29:0x00000000  x1=0x00000000
      89655.000 ns	      8964	80001c18	03e815b3	mulh	x11,x16,x30	 x16:0xfffffffe x30:0x00000000 x11=0x00000000
      89675.000 ns	      8966	80001c1c	00c82eb3	slt	x29,x16,x12	 x16:0xfffffffe x12:0x0000038c x29=0x00000001
      89695.000 ns	      8968	80001c20	21d02953	fsgnjx.s	f18,f0,f29	  f0:0x80000000 f29:0x7fc00000 f18=0x80000000
      89715.000 ns	      8970	80001c24	392db193	sltiu	x3,x27,914	 x27:0x00000000  x3=0x00000001
      89735.000 ns	      8972	80001c28	f0018ed3	fmv.w.x	f29,x3	  x3:0x00000000 f29=0x00000001
      89765.000 ns	      8975	80001c2c	d011f4d3	fcvt.s.wu	f9,x3	  x3:0x00000000  f9=0x3f800000
      89795.000 ns	      8978	80001c30	284e98d3	fmax.s	f17,f29,f4	 f29:0x00000001  f4:0x7fc00000 f17=0x00000001
      89825.000 ns	      8981	80001c34	d01570d3	fcvt.s.wu	f1,x10	 x10:0x00000000  f1=0x00000000
      89855.000 ns	      8984	80001c38	20e5a753	fsgnjx.s	f14,f11,f14	 f11:0x00000000 f14:0x80000000 f14=0x80000000
      89885.000 ns	      8987	80001c3c	033e08b3	mul	x17,x28,x19	 x28:0x80040fe4 x19:0x80041024 x17=0x81207c10
      89905.000 ns	      8989	80001c40	00139f33	sll	x30,x7,x1	  x7:0x0000038c  x1:0x00000000 x30=0x0000038c
      89925.000 ns	      8991	80001c44	0393f033	remu	x0,x7,x25	  x7:0x0000038c x25:0x00000000
      89945.000 ns	      8993	80001c48	00450833	add	x16,x10,x4	 x10:0x00000000  x4:0x00000000 x16=0x00000000
      89965.000 ns	      8995	80001c4c	0336b333	mulhu	x6,x13,x19	 x13:0x00000000 x19:0x80041024  x6=0x00000000
      89985.000 ns	      8997	80001c50	a536a397	auipc	x7,0xa536a	  x7=0x2536bc50
      90015.000 ns	      9000	80001c54	10587753	fmul.s	f14,f16,f5	 f16:0x7ffff878  f5:0x4734d76b f14=0x7fc00000
      90035.000 ns	      9002	80001c58	0058a533	slt	x10,x17,x5	 x17:0x81207c10  x5:0x000007bc x10=0x00000001
      90055.000 ns	      9004	80001c5c	029cacb3	mulhsu	x25,x25,x9	 x25:0x00000000  x9:0x00000000 x25=0x00000000
      90075.000 ns	      9006	80001c60	01ffecb3	or	x25,x31,x31	 x31:0x00000000 x31:0x00000000 x25=0x00000000
      90085.000 ns	      9007	80001c64	4c757f13	andi	x30,x10,1223	 x10:0x00000001 x30=0x00000001
      90445.000 ns	      9043	80001c68	02536a33	rem	x20,x6,x5	  x6:0x00000000  x5:0x000007bc x20=0x00000000
      90475.000 ns	      9046	80001c6c	21f00653	fsgnj.s	f12,f0,f31	  f0:0x80000000 f31:0xc734d76b f12=0x80000000
      90495.000 ns	      9048	80001c70	0cab6c13	ori	x24,x22,202	 x22:0x80041424 x24=0x800414ee
      90505.000 ns	      9049	80001c74	01846533	or	x10,x8,x24	  x8:0x00000000 x24:0x00000000 x10=0x800414ee
      90515.000 ns	      9050	80001c78	01758033	add	x0,x11,x23	 x11:0x00000000 x23:0x80000000
      90525.000 ns	      9051	80001c7c	0123dfb3	srl	x31,x7,x18	  x7:0x2536bc50 x18:0x00000000 x31=0x2536bc50
      90545.000 ns	      9053	80001c80	030fb6b3	mulhu	x13,x31,x16	 x31:0x00000000 x16:0x00000000 x13=0x00000000
      90575.000 ns	      9056	80001c84	02e95233	divu	x4,x18,x14	 x18:0x00000000 x14:0x00000000  x4=0xffffffff
      90605.000 ns	      9059	80001c88	a0f00a53	fle.s	x20,f0,f15	  f0:0x80000000 f15:0x00000000 x20=0x00000001
      90625.000 ns	      9061	80001c8c	00f3da13	srli	x20,x7,0xf	  x7:0x2536bc50 x20=0x00004a6d
      90645.000 ns	      9063	80001c90	033d2233	mulhsu	x4,x26,x19	 x26:0x00000260 x19:0x80041024  x4=0x00000130
      90675.000 ns	      9066	80001c94	216b9a53	fsgnjn.s	f20,f23,f22	 f23:0x7fc00000 f22:0x00000000 f20=0xffc00000
      90705.000 ns	      9069	80001c98	c01ac0d3	fcvt.wu.s	x1,f21	 f21:0x00000000  x1=0x00000000
      90735.000 ns	      9072	80001c9c	a01222d3	feq.s	x5,f4,f1	  f4:0x7fc00000  f1:0x00000000  x5=0x00000000
      90755.000 ns	      9074	80001ca0	64a1a893	slti	x17,x3,1610	  x3:0x00000001 x17=0x00000001
      90775.000 ns	      9076	80001ca4	03138833	mul	x16,x7,x17	  x7:0x2536bc50 x17:0x81207c10 x16=0x2536bc50
      90795.000 ns	      9078	80001ca8	de28c893	xori	x17,x17,-542	 x17:0x81207c10 x17=0xfffffde3
      90815.000 ns	      9080	80001cac	f00f8153	fmv.w.x	f2,x31	 x31:0x2536bc50  f2=0x2536bc50
      90835.000 ns	      9082	80001cb0	408e5f13	srai	x30,x28,0x8	 x28:0x80040fe4 x30=0xff80040f
      90855.000 ns	      9084	80001cb4	f00c03d3	fmv.w.x	f7,x24	 x24:0x800414ee  f7=0x800414ee
      90895.000 ns	      9088	80001cb8	58067853	fsqrt.s	f16,f12	 f12:0x80000000 f16=0x80000000
      90915.000 ns	      9090	80001cbc	012832b3	sltu	x5,x16,x18	 x16:0x2536bc50 x18:0x00000000  x5=0x00000000
      90955.000 ns	      9094	80001cc0	000b7dd3	fadd.s	f27,f22,f0	 f22:0x00000000  f0:0x80000000 f27=0x80000000
      90985.000 ns	      9097	80001cc4	a16d2653	feq.s	x12,f26,f22	 f26:0x7fc00000 f22:0x00000000 x12=0x00000000
      91015.000 ns	      9100	80001cc8	03916eb3	rem	x29,x2,x25	  x2:0x00000000 x25:0x00000000 x29=0x00000000
      91035.000 ns	      9102	80001ccc	015cf5b3	and	x11,x25,x21	 x25:0x00000000 x21:0x00000000 x11=0x00000000
      91045.000 ns	      9103	80001cd0	00caf533	and	x10,x21,x12	 x21:0x00000000 x12:0x00000000 x10=0x00000000
      91055.000 ns	      9104	80001cd4	00fee3b3	or	x7,x29,x15	 x29:0x00000000 x15:0x000004c6  x7=0x000004c6
      91065.000 ns	      9105	80001cd8	11b28213	addi	x4,x5,283	  x5:0x00000000  x4=0x0000011b
      91085.000 ns	      9107	80001cdc	03e88c33	mul	x24,x17,x30	 x17:0xfffffde3 x30:0xff80040f x24=0x0e776c4d
      91115.000 ns	      9110	80001ce0	02e73a33	mulhu	x20,x14,x14	 x14:0x00000000 x14:0x00000000 x20=0x00000000
      91135.000 ns	      9112	80001ce4	01357033	and	x0,x10,x19	 x10:0x00000000 x19:0x80041024
      91155.000 ns	      9114	80001ce8	0391a333	mulhsu	x6,x3,x25	  x3:0x00000001 x25:0x00000000  x6=0x00000000
      91185.000 ns	      9117	80001cec	21438ed3	fsgnj.s	f29,f7,f20	  f7:0x800414ee f20:0xffc00000 f29=0x800414ee
      91225.000 ns	      9121	80001cf0	199d7853	fdiv.s	f16,f26,f25	 f26:0x7fc00000 f25:0x80000000 f16=0x7fc00000
      91245.000 ns	      9123	80001cf4	847ee213	ori	x4,x29,-1977	 x29:0x00000000  x4=0xfffff847
      91285.000 ns	      9127	80001cf8	018d2ad3	fadd.s	f21,f26,f24	 f26:0x7fc00000 f24:0x7fc00000 f21=0x7fc00000
      91315.000 ns	      9130	80001cfc	a0f621d3	feq.s	x3,f12,f15	 f12:0x80000000 f15:0x00000000  x3=0x00000001
      91335.000 ns	      9132	80001d00	e1077713	andi	x14,x14,-496	 x14:0x00000000 x14=0x00000000
      91375.000 ns	      9136	80001d04	01c77253	fadd.s	f4,f14,f28	 f14:0x7fc00000 f28:0x00000000  f4=0x7fc00000
      91415.000 ns	      9140	80001d08	19477ed3	fdiv.s	f29,f14,f20	 f14:0x7fc00000 f20:0xffc00000 f29=0x7fc00000
      91445.000 ns	      9143	80001d0c	a1d08253	fle.s	x4,f1,f29	  f1:0x00000000 f29:0x800414ee  x4=0x00000000
      91475.000 ns	      9146	80001d10	21458453	fsgnj.s	f8,f11,f20	 f11:0x00000000 f20:0xffc00000  f8=0x80000000
      91505.000 ns	      9149	80001d14	03be2f33	mulhsu	x30,x28,x27	 x28:0x80040fe4 x27:0x00000000 x30=0x00000000
      91535.000 ns	      9152	80001d18	a08ea653	feq.s	x12,f29,f8	 f29:0x7fc00000  f8:0x80000000 x12=0x00000000
      91565.000 ns	      9155	80001d1c	c0027b53	fcvt.w.s	x22,f4	  f4:0x7fc00000 x22=0x7fffffff
      91585.000 ns	      9157	80001d20	13655397	auipc	x7,0x13655	  x7=0x93656d20
      91605.000 ns	      9159	80001d24	e0001d53	fclass.s	x26,f0	  f0:0x80000000 x26=0x00000008
      91635.000 ns	      9162	80001d28	03a934b3	mulhu	x9,x18,x26	 x18:0x00000000 x26:0x00000260  x9=0x00000000
      91665.000 ns	      9165	80001d2c	283e9ad3	fmax.s	f21,f29,f3	 f29:0x7fc00000  f3:0x80000000 f21=0x80000000
      92035.000 ns	      9202	80001d30	023fcd33	div	x26,x31,x3	 x31:0x2536bc50  x3:0x00000001 x26=0x2536bc50
      92065.000 ns	      9205	80001d34	e00f9953	fclass.s	x18,f31	 f31:0xc734d76b x18=0x00000002
      92095.000 ns	      9208	80001d38	02dd67b3	rem	x15,x26,x13	 x26:0x2536bc50 x13:0x00000000 x15=0x2536bc50
      92115.000 ns	      9210	80001d3c	00552b33	slt	x22,x10,x5	 x10:0x00000000  x5:0x00000000 x22=0x00000000
      92475.000 ns	      9246	80001d40	03f7ecb3	rem	x25,x15,x31	 x15:0x2536bc50 x31:0x2536bc50 x25=0x00000000
      92495.000 ns	      9248	80001d44	00000013	addi	x0,x0,0	  x0:0x00000000
      92505.000 ns	      9249	80001d48	011a2633	slt	x12,x20,x17	 x20:0x00000000 x17:0xfffffde3 x12=0x00000000
      92515.000 ns	      9250	80001d4c	84b2a093	slti	x1,x5,-1973	  x5:0x00000000  x1=0x00000000
      92875.000 ns	      9286	80001d50	033be733	rem	x14,x23,x19	 x23:0x80000000 x19:0x80041024 x14=0xfffbefdc
      92905.000 ns	      9289	80001d54	02caef33	rem	x30,x21,x12	 x21:0x00000000 x12:0x00000000 x30=0x00000000
      92935.000 ns	      9292	80001d58	28630453	fmin.s	f8,f6,f6	  f6:0x2effff2c  f6:0x2effff2c  f8=0x2effff2c
      92965.000 ns	      9295	80001d5c	022e36b3	mulhu	x13,x28,x2	 x28:0x80040fe4  x2:0x00000000 x13=0x00000000
      92985.000 ns	      9297	80001d60	00b28fb3	add	x31,x5,x11	  x5:0x00000000 x11:0x00000000 x31=0x00000000
      93005.000 ns	      9299	80001d64	208003d3	fsgnj.s	f7,f0,f8	  f0:0x80000000  f8:0x2effff2c  f7=0x00000000
      93025.000 ns	      9301	80001d68	aaa74813	xori	x16,x14,-1366	 x14:0xfffbefdc x16=0x00041576
      93055.000 ns	      9304	80001d6c	19a689d3	fdiv.s	f19,f13,f26	 f13:0x80000000 f26:0x7fc00000 f19=0x7fc00000
      93085.000 ns	      9307	80001d70	032506b3	mul	x13,x10,x18	 x10:0x00000000 x18:0x00000002 x13=0x00000000
      93115.000 ns	      9310	80001d74	a07aaed3	feq.s	x29,f21,f7	 f21:0x80000000  f7:0x00000000 x29=0x00000001
      93135.000 ns	      9312	80001d78	01ecaf33	slt	x30,x25,x30	 x25:0x00000000 x30:0x00000000 x30=0x00000000
      93165.000 ns	      9315	80001d7c	19892d53	fdiv.s	f26,f18,f24	 f18:0x80000000 f24:0x7fc00000 f26=0x7fc00000
      93185.000 ns	      9317	80001d80	002f14b3	sll	x9,x30,x2	 x30:0x00000000  x2:0x00000000  x9=0x00000000
      93205.000 ns	      9319	80001d84	e00f94d3	fclass.s	x9,f31	 f31:0xc734d76b  x9=0x00000002
      93225.000 ns	      9321	80001d88	00e872b3	and	x5,x16,x14	 x16:0x00041576 x14:0xfffbefdc  x5=0x00000554
      93245.000 ns	      9323	80001d8c	c019fdd3	fcvt.wu.s	x27,f19	 f19:0x7fc00000 x27=0xffffffff
      93265.000 ns	      9325	80001d90	00a8f6b3	and	x13,x17,x10	 x17:0xfffffde3 x10:0x00000000 x13=0x00000000
      93275.000 ns	      9326	80001d94	63d16813	ori	x16,x2,1597	  x2:0x00000000 x16=0x0000063d
      93285.000 ns	      9327	80001d98	c9f59437	lui	x8,0xc9f59	  x8=0xc9f59000
      93295.000 ns	      9328	80001d9c	0018ef33	or	x30,x17,x1	 x17:0xfffffde3  x1:0x00000000 x30=0xfffffde3
      93325.000 ns	      9331	80001da0	18a5bf53	fdiv.s	f30,f11,f10	 f11:0x00000000 f10:0x7fc00000 f30=0x7fc00000
      93355.000 ns	      9334	80001da4	e0060ad3	fmv.x.w	x21,f12	 f12:0x80000000 x21=0x80000000
      93375.000 ns	      9336	80001da8	1b7ee913	ori	x18,x29,439	 x29:0x00000001 x18=0x000001b7
      93385.000 ns	      9337	80001dac	01c241b3	xor	x3,x4,x28	  x4:0x00000000 x28:0x80040fe4  x3=0x80040fe4
      93395.000 ns	      9338	80001db0	01a3bd33	sltu	x26,x7,x26	  x7:0x93656d20 x26:0x2536bc50 x26=0x00000000
      93405.000 ns	      9339	80001db4	40505913	srai	x18,x0,0x5	  x0:0x00000000 x18=0x00000000
      93435.000 ns	      9342	80001db8	101bbcd3	fmul.s	f25,f23,f1	 f23:0x7fc00000  f1:0x00000000 f25=0x7fc00000
      93805.000 ns	      9379	80001dbc	02f2d6b3	divu	x13,x5,x15	  x5:0x00000554 x15:0x2536bc50 x13=0x00000000
      93825.000 ns	      9381	80001dc0	00291233	sll	x4,x18,x2	 x18:0x00000000  x2:0x00000000  x4=0x00000000
      93845.000 ns	      9383	80001dc4	03b288b3	mul	x17,x5,x27	  x5:0x00000554 x27:0xffffffff x17=0xfffffaac
      93875.000 ns	      9386	80001dc8	d003fa53	fcvt.s.w	f20,x7	  x7:0x93656d20 f20=0xced93525
      93895.000 ns	      9388	80001dcc	11685017	auipc	x0,0x11685	
      93905.000 ns	      9389	80001dd0	01027fb3	and	x31,x4,x16	  x4:0x00000000 x16:0x0000063d x31=0x00000000
      93925.000 ns	      9391	80001dd4	f0040853	fmv.w.x	f16,x8	  x8:0xc9f59000 f16=0xc9f59000
      93955.000 ns	      9394	80001dd8	0398a833	mulhsu	x16,x17,x25	 x17:0xfffffaac x25:0x00000000 x16=0x00000000
      93985.000 ns	      9397	80001ddc	0240bf33	mulhu	x30,x1,x4	  x1:0x00000000  x4:0x00000000 x30=0x00000000
      94035.000 ns	      9402	80001de0	0830a9d3	fsub.s	f19,f1,f3	  f1:0x00000000  f3:0x80000000 f19=0x00000000
      94065.000 ns	      9405	80001de4	a03c8853	fle.s	x16,f25,f3	 f25:0x7fc00000  f3:0x80000000 x16=0x00000000
      94095.000 ns	      9408	80001de8	a0208ed3	fle.s	x29,f1,f2	  f1:0x00000000  f2:0x2536bc50 x29=0x00000001
      94115.000 ns	      9410	80001dec	c564aa13	slti	x20,x9,-938	  x9:0x00000002 x20=0x00000000
      94135.000 ns	      9412	80001df0	02d4bab3	mulhu	x21,x9,x13	  x9:0x00000002 x13:0x00000000 x21=0x00000000
      94165.000 ns	      9415	80001df4	e00982d3	fmv.x.w	x5,f19	 f19:0x00000000  x5=0x00000000
      94195.000 ns	      9418	80001df8	21bf9353	fsgnjn.s	f6,f31,f27	 f31:0xc734d76b f27:0x80000000  f6=0x4734d76b
      94225.000 ns	      9421	80001dfc	e00012d3	fclass.s	x5,f0	  f0:0x80000000  x5=0x00000008
      94255.000 ns	      9424	80001e00	a1f58153	fle.s	x2,f11,f31	 f11:0x00000000 f31:0xc734d76b  x2=0x00000000
      94275.000 ns	      9426	80001e04	81cd3a13	sltiu	x20,x26,-2020	 x26:0x00000000 x20=0x00000001
      94285.000 ns	      9427	80001e08	367b4093	xori	x1,x22,871	 x22:0x00000000  x1=0x00000367
      94315.000 ns	      9430	80001e0c	10f37dd3	fmul.s	f27,f6,f15	  f6:0x4734d76b f15:0x00000000 f27=0x00000000
      94345.000 ns	      9433	80001e10	f0000b53	fmv.w.x	f22,x0	  x0:0x00000000 f22=0x00000000
      94365.000 ns	      9435	80001e14	00000013	addi	x0,x0,0	  x0:0x00000000
      94385.000 ns	      9437	80001e18	a11023d3	feq.s	x7,f0,f17	  f0:0x80000000 f17:0x00000001  x7=0x00000000
      94415.000 ns	      9440	80001e1c	f0050bd3	fmv.w.x	f23,x10	 x10:0x00000000 f23=0x00000000
      94445.000 ns	      9443	80001e20	02d1d8b3	divu	x17,x3,x13	  x3:0x80040fe4 x13:0x00000000 x17=0xffffffff
      94465.000 ns	      9445	80001e24	00000013	addi	x0,x0,0	  x0:0x00000000
      94475.000 ns	      9446	80001e28	2286cf13	xori	x30,x13,552	 x13:0x00000000 x30=0x00000228
      94485.000 ns	      9447	80001e2c	018d6733	or	x14,x26,x24	 x26:0x00000000 x24:0x0e776c4d x14=0x0e776c4d
      94495.000 ns	      9448	80001e30	b7142237	lui	x4,0xb7142	  x4=0xb7142000
      94515.000 ns	      9450	80001e34	03094cb3	div	x25,x18,x16	 x18:0x00000000 x16:0x00000000 x25=0xffffffff
      94885.000 ns	      9487	80001e38	02ff73b3	remu	x7,x30,x15	 x30:0x00000228 x15:0x2536bc50  x7=0x00000228
      94905.000 ns	      9489	80001e3c	0138a433	slt	x8,x17,x19	 x17:0xffffffff x19:0x80041024  x8=0x00000000
      94915.000 ns	      9490	80001e40	404c8533	sub	x10,x25,x4	 x25:0xffffffff  x4:0xb7142000 x10=0x48ebdfff
      94925.000 ns	      9491	80001e44	7287a313	slti	x6,x15,1832	 x15:0x2536bc50  x6=0x00000000
      94935.000 ns	      9492	80001e48	007befb3	or	x31,x23,x7	 x23:0x80000000  x7:0x00000228 x31=0x80000228
      94945.000 ns	      9493	80001e4c	00a3df93	srli	x31,x7,0xa	  x7:0x00000228 x31=0x00000000
      94965.000 ns	      9495	80001e50	026721b3	mulhsu	x3,x14,x6	 x14:0x0e776c4d  x6:0x00000000  x3=0x00000000
      95335.000 ns	      9532	80001e54	0317d0b3	divu	x1,x15,x17	 x15:0x2536bc50 x17:0xffffffff  x1=0x00000000
      95355.000 ns	      9534	80001e58	00f23233	sltu	x4,x4,x15	  x4:0xb7142000 x15:0x2536bc50  x4=0x00000000
      95375.000 ns	      9536	80001e5c	c006f353	fcvt.w.s	x6,f13	 f13:0x80000000  x6=0x00000000
      95405.000 ns	      9539	80001e60	e00413d3	fclass.s	x7,f8	  f8:0x2effff2c  x7=0x00000040
      95435.000 ns	      9542	80001e64	a13b8a53	fle.s	x20,f23,f19	 f23:0x00000000 f19:0x00000000 x20=0x00000001
      95465.000 ns	      9545	80001e68	0305f933	remu	x18,x11,x16	 x11:0x00000000 x16:0x00000000 x18=0x00000000
      95485.000 ns	      9547	80001e6c	408382b3	sub	x5,x7,x8	  x7:0x00000040  x8:0x00000000  x5=0x00000040
      95495.000 ns	      9548	80001e70	01dd5d33	srl	x26,x26,x29	 x26:0x00000000 x29:0x00000001 x26=0x00000000
      95515.000 ns	      9550	80001e74	d0002853	fcvt.s.w	f16,x0	  x0:0x00000000 f16=0x00000000
      96695.000 ns	      9668	80001e78	580171d3	fsqrt.s	f3,f2	  f2:0x2536bc50  f3=0x32013692
      96725.000 ns	      9671	80001e7c	20759cd3	fsgnjn.s	f25,f11,f7	 f11:0x00000000  f7:0x00000000 f25=0x80000000
      97065.000 ns	      9705	80001e80	183ffb53	fdiv.s	f22,f31,f3	 f31:0xc734d76b  f3:0x32013692 f22=0xd47f4e3a
      97085.000 ns	      9707	80001e84	e37d7793	andi	x15,x26,-457	 x26:0x00000000 x15=0x00000000
      97125.000 ns	      9711	80001e88	08d1a5d3	fsub.s	f11,f3,f13	  f3:0x32013692 f13:0x80000000 f11=0x32013692
      97165.000 ns	      9715	80001e8c	1165fd53	fmul.s	f26,f11,f22	 f11:0x00000000 f22:0xd47f4e3a f26=0xc700dcd7
      97195.000 ns	      9718	80001e90	02573633	mulhu	x12,x14,x5	 x14:0x0e776c4d  x5:0x00000040 x12=0x00000003
      97215.000 ns	      9720	80001e94	01e75133	srl	x2,x14,x30	 x14:0x0e776c4d x30:0x00000228  x2=0x000e776c
      97235.000 ns	      9722	80001e98	291a9553	fmax.s	f10,f21,f17	 f21:0x80000000 f17:0x00000001 f10=0x00000001
      97605.000 ns	      9759	80001e9c	037bd633	divu	x12,x23,x23	 x23:0x80000000 x23:0x80000000 x12=0x00000001
      97635.000 ns	      9762	80001ea0	21cc2d53	fsgnjx.s	f26,f24,f28	 f24:0x7fc00000 f28:0x00000000 f26=0x7fc00000
      97655.000 ns	      9764	80001ea4	868aa693	slti	x13,x21,-1944	 x21:0x00000000 x13=0x00000000
      97665.000 ns	      9765	80001ea8	00000013	addi	x0,x0,0	  x0:0x00000000
      97675.000 ns	      9766	80001eac	401c51b3	sra	x3,x24,x1	 x24:0x0e776c4d  x1:0x00000000  x3=0x0e776c4d
      97705.000 ns	      9769	80001eb0	10778f53	fmul.s	f30,f15,f7	 f15:0x00000000  f7:0x00000000 f30=0x00000000
      97735.000 ns	      9772	80001eb4	c0137a53	fcvt.wu.s	x20,f6	  f6:0x4734d76b x20=0x0000b4d7
      97755.000 ns	      9774	80001eb8	557a7593	andi	x11,x20,1367	 x20:0x00000001 x11=0x00000457
      97765.000 ns	      9775	80001ebc	00509593	slli	x11,x1,0x5	  x1:0x00000000 x11=0x00000000
      97775.000 ns	      9776	80001ec0	001da633	slt	x12,x27,x1	 x27:0xffffffff  x1:0x00000000 x12=0x00000001
      97785.000 ns	      9777	80001ec4	4076d833	sra	x16,x13,x7	 x13:0x00000000  x7:0x00000040 x16=0x00000000
      97795.000 ns	      9778	80001ec8	41588233	sub	x4,x17,x21	 x17:0xffffffff x21:0x00000000  x4=0xffffffff
      97815.000 ns	      9780	80001ecc	20c89153	fsgnjn.s	f2,f17,f12	 f17:0x00000001 f12:0x80000000  f2=0x00000001
      97845.000 ns	      9783	80001ed0	f0048e53	fmv.w.x	f28,x9	  x9:0x00000002 f28=0x00000002
      97875.000 ns	      9786	80001ed4	03fb50b3	divu	x1,x22,x31	 x22:0x00000000 x31:0x00000000  x1=0xffffffff
      97895.000 ns	      9788	80001ed8	ed484013	xori	x0,x16,-300	 x16:0x00000000
      97905.000 ns	      9789	80001edc	40175a13	srai	x20,x14,0x1	 x14:0x0e776c4d x20=0x073bb626
      97925.000 ns	      9791	80001ee0	21b11fd3	fsgnjn.s	f31,f2,f27	  f2:0x00000001 f27:0x00000000 f31=0x80000001
      97955.000 ns	      9794	80001ee4	a16c10d3	flt.s	x1,f24,f22	 f24:0x7fc00000 f22:0xd47f4e3a  x1=0x00000000
      97975.000 ns	      9796	80001ee8	018017b3	sll	x15,x0,x24	  x0:0x00000000 x24:0x0e776c4d x15=0x00000000
      97985.000 ns	      9797	80001eec	b3a47593	andi	x11,x8,-1222	  x8:0x00000000 x11=0x00000000
      97995.000 ns	      9798	80001ef0	338fc293	xori	x5,x31,824	 x31:0x00000000  x5=0x00000338
      98015.000 ns	      9800	80001ef4	03a91333	mulh	x6,x18,x26	 x18:0x00000000 x26:0x00000000  x6=0x00000000
      98035.000 ns	      9802	80001ef8	00be1133	sll	x2,x28,x11	 x28:0x80040fe4 x11:0x00000000  x2=0x80040fe4
      98045.000 ns	      9803	80001efc	00418533	add	x10,x3,x4	  x3:0x0e776c4d  x4:0xffffffff x10=0x0e776c4c
      98055.000 ns	      9804	80001f00	48f7a013	slti	x0,x15,1167	 x15:0x00000000
      98075.000 ns	      9806	80001f04	d017c453	fcvt.s.wu	f8,x15	 x15:0x00000000  f8=0x00000000
      98105.000 ns	      9809	80001f08	f0078fd3	fmv.w.x	f31,x15	 x15:0x00000000 f31=0x00000000
      98135.000 ns	      9812	80001f0c	20b29d53	fsgnjn.s	f26,f5,f11	  f5:0x4734d76b f11:0x32013692 f26=0xc734d76b
      98165.000 ns	      9815	80001f10	c007f4d3	fcvt.w.s	x9,f15	 f15:0x00000000  x9=0x00000000
      98195.000 ns	      9818	80001f14	d01178d3	fcvt.s.wu	f17,x2	  x2:0x80040fe4 f17=0x4f00040f
      98215.000 ns	      9820	80001f18	005f9a93	slli	x21,x31,0x5	 x31:0x00000000 x21=0x00000000
      98225.000 ns	      9821	80001f1c	0107cab3	xor	x21,x15,x16	 x15:0x00000000 x16:0x00000000 x21=0x00000000
      98245.000 ns	      9823	80001f20	20cb83d3	fsgnj.s	f7,f23,f12	 f23:0x00000000 f12:0x80000000  f7=0x80000000
      98265.000 ns	      9825	80001f24	4137d493	srai	x9,x15,0x13	 x15:0x00000000  x9=0x00000000
      98275.000 ns	      9826	80001f28	00099d33	sll	x26,x19,x0	 x19:0x80041024  x0:0x00000000 x26=0x80041024
      98285.000 ns	      9827	80001f2c	00000013	addi	x0,x0,0	  x0:0x00000000
      98315.000 ns	      9830	80001f30	19c6ffd3	fdiv.s	f31,f13,f28	 f13:0x80000000 f28:0x00000002 f31=0x80000000
      98345.000 ns	      9833	80001f34	a03d9fd3	flt.s	x31,f27,f3	 f27:0x00000000  f3:0x32013692 x31=0x00000001
      98365.000 ns	      9835	80001f38	40ce5413	srai	x8,x28,0xc	 x28:0x80040fe4  x8=0xfff80040
      98395.000 ns	      9838	80001f3c	193ba5d3	fdiv.s	f11,f23,f19	 f23:0x00000000 f19:0x00000000 f11=0x7fc00000
      98415.000 ns	      9840	80001f40	00c71c93	slli	x25,x14,0xc	 x14:0x0e776c4d x25=0x76c4d000
      98775.000 ns	      9876	80001f44	031066b3	rem	x13,x0,x17	  x0:0x00000000 x17:0xffffffff x13=0x00000000
      98805.000 ns	      9879	80001f48	f00e8053	fmv.w.x	f0,x29	 x29:0x00000001  f0=0x00000001
      98825.000 ns	      9881	80001f4c	40355cb3	sra	x25,x10,x3	 x10:0x0e776c4c  x3:0x0e776c4d x25=0x000073bb
      98855.000 ns	      9884	80001f50	11aab6d3	fmul.s	f13,f21,f26	 f21:0x80000000 f26:0xc734d76b f13=0x00000000
      98885.000 ns	      9887	80001f54	298b1d53	fmax.s	f26,f22,f24	 f22:0xd47f4e3a f24:0x7fc00000 f26=0xd47f4e3a
      98905.000 ns	      9889	80001f58	01f25fb3	srl	x31,x4,x31	  x4:0xffffffff x31:0x00000001 x31=0x7fffffff
      98915.000 ns	      9890	80001f5c	8b9bb713	sltiu	x14,x23,-1863	 x23:0x80000000 x14=0x00000001
      98955.000 ns	      9894	80001f60	012a7053	fadd.s	f0,f20,f18	 f20:0xced93525 f18:0x80000000  f0=0xced93525
      98985.000 ns	      9897	80001f64	d00ffcd3	fcvt.s.w	f25,x31	 x31:0x7fffffff f25=0x4effffff
      99005.000 ns	      9899	80001f68	01d32db3	slt	x27,x6,x29	  x6:0x00000000 x29:0x00000001 x27=0x00000001
      99365.000 ns	      9935	80001f6c	03c950b3	divu	x1,x18,x28	 x18:0x00000000 x28:0x80040fe4  x1=0x00000000
      99385.000 ns	      9937	80001f70	01c3d5b3	srl	x11,x7,x28	  x7:0x00000040 x28:0x80040fe4 x11=0x00000004
      99405.000 ns	      9939	80001f74	a0c42b53	feq.s	x22,f8,f12	  f8:0x00000000 f12:0x80000000 x22=0x00000001
      99445.000 ns	      9943	80001f78	1863fdd3	fdiv.s	f27,f7,f6	  f7:0x80000000  f6:0x4734d76b f27=0x80000000
      99475.000 ns	      9946	80001f7c	03331933	mulh	x18,x6,x19	  x6:0x00000000 x19:0x80041024 x18=0x00000000
      99495.000 ns	      9948	80001f80	001f3d33	sltu	x26,x30,x1	 x30:0x00000228  x1:0x00000000 x26=0x00000000
      99505.000 ns	      9949	80001f84	02972797	auipc	x15,0x2972	 x15=0x82973f84
      99515.000 ns	      9950	80001f88	f6c2a893	slti	x17,x5,-148	  x5:0x00000338 x17=0x00000000
      99525.000 ns	      9951	80001f8c	0134f8b3	and	x17,x9,x19	  x9:0x00000000 x19:0x80041024 x17=0x00000000
      99535.000 ns	      9952	80001f90	00350533	add	x10,x10,x3	 x10:0x0e776c4c  x3:0x0e776c4d x10=0x1ceed899
      99545.000 ns	      9953	80001f94	007258b3	srl	x17,x4,x7	  x4:0xffffffff  x7:0x00000040 x17=0xffffffff
      99565.000 ns	      9955	80001f98	a02017d3	flt.s	x15,f0,f2	  f0:0xced93525  f2:0x00000001 x15=0x00000001
      99615.000 ns	      9960	80001f9c	08b5ba53	fsub.s	f20,f11,f11	 f11:0x7fc00000 f11:0x7fc00000 f20=0x7fc00000
      99645.000 ns	      9963	80001fa0	026457b3	divu	x15,x8,x6	  x8:0xfff80040  x6:0x00000000 x15=0xffffffff
      99685.000 ns	      9967	80001fa4	580b49d3	fsqrt.s	f19,f22	 f22:0xd47f4e3a f19=0x7fc00000
      99715.000 ns	      9970	80001fa8	29f30353	fmin.s	f6,f6,f31	  f6:0x4734d76b f31:0x80000000  f6=0x80000000
      99735.000 ns	      9972	80001fac	414d5593	srai	x11,x26,0x14	 x26:0x00000000 x11=0x00000000
      99745.000 ns	      9973	80001fb0	019ced33	or	x26,x25,x25	 x25:0x000073bb x25:0x000073bb x26=0x000073bb
      99755.000 ns	      9974	80001fb4	40b4d493	srai	x9,x9,0xb	  x9:0x00000000  x9=0x00000000
      99765.000 ns	      9975	80001fb8	4100db13	srai	x22,x1,0x10	  x1:0x00000000 x22=0x00000000
      99775.000 ns	      9976	80001fbc	538e0513	addi	x10,x28,1336	 x28:0x80040fe4 x10=0x8004151c
      99795.000 ns	      9978	80001fc0	0321d833	divu	x16,x3,x18	  x3:0x0e776c4d x18:0x00000000 x16=0xffffffff
      99825.000 ns	      9981	80001fc4	c0150a53	fcvt.wu.s	x20,f10	 f10:0x00000001 x20=0x00000000
      99845.000 ns	      9983	80001fc8	41da2a37	lui	x20,0x41da2	 x20=0x41da2000
      99865.000 ns	      9985	80001fcc	029c0933	mul	x18,x24,x9	 x24:0x0e776c4d  x9:0x00000000 x18=0x00000000
      99885.000 ns	      9987	80001fd0	413bd8b3	sra	x17,x23,x19	 x23:0x80000000 x19:0x80041024 x17=0xf8000000
      99895.000 ns	      9988	80001fd4	0be42713	slti	x14,x8,190	  x8:0xfff80040 x14=0x00000001
      99915.000 ns	      9990	80001fd8	a1631cd3	flt.s	x25,f6,f22	  f6:0x80000000 f22:0xd47f4e3a x25=0x00000000
      99935.000 ns	      9992	80001fdc	15292593	slti	x11,x18,338	 x18:0x00000000 x11=0x00000001
      99955.000 ns	      9994	80001fe0	02dd2a33	mulhsu	x20,x26,x13	 x26:0x000073bb x13:0x00000000 x20=0x00000000
      99975.000 ns	      9996	80001fe4	012c5a33	srl	x20,x24,x18	 x24:0x0e776c4d x18:0x00000000 x20=0x0e776c4d
     100005.000 ns	      9999	80001fe8	580fbad3	fsqrt.s	f21,f31	 f31:0x80000000 f21=0x80000000
     100035.000 ns	     10002	80001fec	c01fb253	fcvt.wu.s	x4,f31	 f31:0x80000000  x4=0x00000000
     100405.000 ns	     10039	80001ff0	03884d33	div	x26,x16,x24	 x16:0xffffffff x24:0x0e776c4d x26=0x00000000
     100425.000 ns	     10041	80001ff4	00000013	addi	x0,x0,0	  x0:0x00000000
     100445.000 ns	     10043	80001ff8	290b1253	fmax.s	f4,f22,f16	 f22:0xd47f4e3a f16:0x00000000  f4=0x00000000
     100475.000 ns	     10046	80001ffc	c00a1ed3	fcvt.w.s	x29,f20	 f20:0x7fc00000 x29=0x7fffffff
     100495.000 ns	     10048	80002000	00bea333	slt	x6,x29,x11	 x29:0x00000001 x11:0x00000001  x6=0x00000000
     100515.000 ns	     10050	80002004	c00d0ad3	fcvt.w.s	x21,f26	 f26:0xd47f4e3a x21=0x80000000
     100535.000 ns	     10052	80002008	a5fc4713	xori	x14,x24,-1441	 x24:0x0e776c4d x14=0xf1889612
     100545.000 ns	     10053	8000200c	e5a8b093	sltiu	x1,x17,-422	 x17:0xf8000000  x1=0x00000001
     100565.000 ns	     10055	80002010	025328b3	mulhsu	x17,x6,x5	  x6:0x00000000  x5:0x00000338 x17=0x00000000
     100585.000 ns	     10057	80002014	d2f1b217	auipc	x4,0xd2f1b	  x4=0x52f1d014
     100605.000 ns	     10059	80002018	e0091753	fclass.s	x14,f18	 f18:0x80000000 x14=0x00000008
     100625.000 ns	     10061	8000201c	00a66fb3	or	x31,x12,x10	 x12:0x00000001 x10:0x8004151c x31=0x8004151d
     100635.000 ns	     10062	80002020	a4bd8a93	addi	x21,x27,-1461	 x27:0x00000001 x21=0xfffffa4c
     100645.000 ns	     10063	80002024	ce143b13	sltiu	x22,x8,-799	  x8:0xfff80040 x22=0x00000001
     100655.000 ns	     10064	80002028	82330e93	addi	x29,x6,-2013	  x6:0x00000000 x29=0xfffff823
     100665.000 ns	     10065	8000202c	41320133	sub	x2,x4,x19	  x4:0x52f1d014 x19:0x80041024  x2=0xd2edbff0
     100675.000 ns	     10066	80002030	01840f33	add	x30,x8,x24	  x8:0xfff80040 x24:0x0e776c4d x30=0x0e6f6c8d
     100685.000 ns	     10067	80002034	016c1db3	sll	x27,x24,x22	 x24:0x0e776c4d x22:0x00000001 x27=0x1ceed89a
     101045.000 ns	     10103	80002038	021accb3	div	x25,x21,x1	 x21:0xfffffa4c  x1:0x00000001 x25=0xfffffa4c
     101075.000 ns	     10106	8000203c	a19e96d3	flt.s	x13,f29,f25	 f29:0x7fc00000 f25:0x4effffff x13=0x00000000
     101105.000 ns	     10109	80002040	02189933	mulh	x18,x17,x1	 x17:0x00000000  x1:0x00000001 x18=0x00000000
     101125.000 ns	     10111	80002044	41e601b3	sub	x3,x12,x30	 x12:0x00000001 x30:0x0e6f6c8d  x3=0xf1909374
     101135.000 ns	     10112	80002048	003d7fb3	and	x31,x26,x3	 x26:0x00000000  x3:0x0e776c4d x31=0x00000000
     101155.000 ns	     10114	8000204c	d00576d3	fcvt.s.w	f13,x10	 x10:0x8004151c f13=0xcefff7d5
     101175.000 ns	     10116	80002050	e03efa13	andi	x20,x29,-509	 x29:0xfffff823 x20=0xfffff803
     101195.000 ns	     10118	80002054	e00b1353	fclass.s	x6,f22	 f22:0xd47f4e3a  x6=0x00000002
     101215.000 ns	     10120	80002058	01173833	sltu	x16,x14,x17	 x14:0x00000008 x17:0x00000000 x16=0x00000000
     101235.000 ns	     10122	8000205c	a0d12cd3	feq.s	x25,f2,f13	  f2:0x00000001 f13:0xcefff7d5 x25=0x00000000
     101265.000 ns	     10125	80002060	03182f33	mulhsu	x30,x16,x17	 x16:0xffffffff x17:0x00000000 x30=0x00000000
     101295.000 ns	     10128	80002064	d01bc553	fcvt.s.wu	f10,x23	 x23:0x80000000 f10=0x4f000000
     101315.000 ns	     10130	80002068	40da5c13	srai	x24,x20,0xd	 x20:0xfffff803 x24=0xffffffff
     101325.000 ns	     10131	8000206c	004d0a33	add	x20,x26,x4	 x26:0x00000000  x4:0x52f1d014 x20=0x52f1d014
     101345.000 ns	     10133	80002070	02f39eb3	mulh	x29,x7,x15	  x7:0x00000040 x15:0xffffffff x29=0xffffffff
     101375.000 ns	     10136	80002074	03fd7f33	remu	x30,x26,x31	 x26:0x00000000 x31:0x00000000 x30=0x00000000
     101395.000 ns	     10138	80002078	01f29a33	sll	x20,x5,x31	  x5:0x00000338 x31:0x00000000 x20=0x00000338
     101435.000 ns	     10142	8000207c	09937dd3	fsub.s	f27,f6,f25	  f6:0x80000000 f25:0x4effffff f27=0xceffffff
     101465.000 ns	     10145	80002080	e00394d3	fclass.s	x9,f7	  f7:0x80000000  x9=0x00000008
     101485.000 ns	     10147	80002084	eee38213	addi	x4,x7,-274	  x7:0x00000040  x4=0xffffff2e
     101505.000 ns	     10149	80002088	a0ca1c53	flt.s	x24,f20,f12	 f20:0x7fc00000 f12:0x80000000 x24=0x00000000
     101535.000 ns	     10152	8000208c	d01cbd53	fcvt.s.wu	f26,x25	 x25:0x00000000 f26=0x00000000
     101555.000 ns	     10154	80002090	0180dd13	srli	x26,x1,0x18	  x1:0x00000001 x26=0x00000000
     101565.000 ns	     10155	80002094	9dac6693	ori	x13,x24,-1574	 x24:0x00000000 x13=0xfffff9da
     101575.000 ns	     10156	80002098	00000013	addi	x0,x0,0	  x0:0x00000000
     101585.000 ns	     10157	8000209c	bda18213	addi	x4,x3,-1062	  x3:0xf1909374  x4=0xf1908f4e
     101605.000 ns	     10159	800020a0	21ec9e53	fsgnjn.s	f28,f25,f30	 f25:0x4effffff f30:0x00000000 f28=0xceffffff
     101655.000 ns	     10164	800020a4	01da7ad3	fadd.s	f21,f20,f29	 f20:0x7fc00000 f29:0x7fc00000 f21=0x7fc00000
     101675.000 ns	     10166	800020a8	2a2cf197	auipc	x3,0x2a2cf	  x3=0xaa2d10a8
     102035.000 ns	     10202	800020ac	029c4ab3	div	x21,x24,x9	 x24:0x00000000  x9:0x00000008 x21=0x00000000
     102065.000 ns	     10205	800020b0	c01b2253	fcvt.wu.s	x4,f22	 f22:0xd47f4e3a  x4=0x00000000
     102095.000 ns	     10208	800020b4	28ad9ad3	fmax.s	f21,f27,f10	 f27:0xceffffff f10:0x4f000000 f21=0x4f000000
     102125.000 ns	     10211	800020b8	f0078053	fmv.w.x	f0,x15	 x15:0xffffffff  f0=0xffffffff
     102145.000 ns	     10213	800020bc	417d04b3	sub	x9,x26,x23	 x26:0x00000000 x23:0x80000000  x9=0x80000000
     102165.000 ns	     10215	800020c0	a1dda753	feq.s	x14,f27,f29	 f27:0xceffffff f29:0x7fc00000 x14=0x00000000
     102185.000 ns	     10217	800020c4	0131d3b3	srl	x7,x3,x19	  x3:0xaa2d10a8 x19:0x80041024  x7=0x0aa2d10a
     102205.000 ns	     10219	800020c8	a06e07d3	fle.s	x15,f28,f6	 f28:0xceffffff  f6:0x80000000 x15=0x00000001
     102235.000 ns	     10222	800020cc	e00f93d3	fclass.s	x7,f31	 f31:0x80000000  x7=0x00000008
     102265.000 ns	     10225	800020d0	0201a133	mulhsu	x2,x3,x0	  x3:0xaa2d10a8  x0:0x00000000  x2=0x00000000
     102285.000 ns	     10227	800020d4	40b2d8b3	sra	x17,x5,x11	  x5:0x00000338 x11:0x00000001 x17=0x0000019c
     102295.000 ns	     10228	800020d8	00135a93	srli	x21,x6,0x1	  x6:0x00000002 x21=0x00000001
     102315.000 ns	     10230	800020dc	d012fad3	fcvt.s.wu	f21,x5	  x5:0x00000338 f21=0x444e0000
     102685.000 ns	     10267	800020e0	034fe833	rem	x16,x31,x20	 x31:0x00000000 x20:0x00000338 x16=0x00000000
     102715.000 ns	     10270	800020e4	214502d3	fsgnj.s	f5,f10,f20	 f10:0x4f000000 f20:0x7fc00000  f5=0x4f000000
     102735.000 ns	     10272	800020e8	018c4cb3	xor	x25,x24,x24	 x24:0x00000000 x24:0x00000000 x25=0x00000000
     102755.000 ns	     10274	800020ec	02990433	mul	x8,x18,x9	 x18:0x00000000  x9:0x80000000  x8=0x00000000
     102785.000 ns	     10277	800020f0	03b995b3	mulh	x11,x19,x27	 x19:0x80041024 x27:0x1ceed89a x11=0xf1890941
     102815.000 ns	     10280	800020f4	0212b733	mulhu	x14,x5,x1	  x5:0x00000338  x1:0x00000001 x14=0x00000000
     102835.000 ns	     10282	800020f8	0184dab3	srl	x21,x9,x24	  x9:0x80000000 x24:0x00000000 x21=0x80000000
     102865.000 ns	     10285	800020fc	11882e53	fmul.s	f28,f16,f24	 f16:0x00000000 f24:0x7fc00000 f28=0x7fc00000
     102885.000 ns	     10287	80002100	00000013	addi	x0,x0,0	  x0:0x00000000
     102905.000 ns	     10289	80002104	e00b01d3	fmv.x.w	x3,f22	 f22:0xd47f4e3a  x3=0xd47f4e3a
     102935.000 ns	     10292	80002108	03513733	mulhu	x14,x2,x21	  x2:0x00000000 x21:0x80000000 x14=0x00000000
     102965.000 ns	     10295	8000210c	a0f314d3	flt.s	x9,f6,f15	  f6:0x80000000 f15:0x00000000  x9=0x00000000
     103005.000 ns	     10299	80002110	18b68953	fdiv.s	f18,f13,f11	 f13:0xcefff7d5 f11:0x7fc00000 f18=0x7fc00000
     103375.000 ns	     10336	80002114	03637733	remu	x14,x6,x22	  x6:0x00000002 x22:0x00000001 x14=0x00000000
     103405.000 ns	     10339	80002118	210d2d53	fsgnjx.s	f26,f26,f16	 f26:0x00000000 f16:0x00000000 f26=0x00000000
     103425.000 ns	     10341	8000211c	68795a17	auipc	x20,0x68795	 x20=0xe879711c
     103445.000 ns	     10343	80002120	d00678d3	fcvt.s.w	f17,x12	 x12:0x00000001 f17=0x3f800000
     103465.000 ns	     10345	80002124	413c8233	sub	x4,x25,x19	 x25:0x00000000 x19:0x80041024  x4=0x7ffbefdc
     103495.000 ns	     10348	80002128	107679d3	fmul.s	f19,f12,f7	 f12:0x80000000  f7:0x80000000 f19=0x00000000
     103515.000 ns	     10350	8000212c	41de0cb3	sub	x25,x28,x29	 x28:0x80040fe4 x29:0xffffffff x25=0x80040fe5
     103555.000 ns	     10354	80002130	01a970d3	fadd.s	f1,f18,f26	 f18:0x7fc00000 f26:0x00000000  f1=0x7fc00000
     103585.000 ns	     10357	80002134	d004fa53	fcvt.s.w	f20,x9	  x9:0x00000000 f20=0x00000000
     103605.000 ns	     10359	80002138	01afdfb3	srl	x31,x31,x26	 x31:0x00000000 x26:0x00000000 x31=0x00000000
     103625.000 ns	     10361	8000213c	211419d3	fsgnjn.s	f19,f8,f17	  f8:0x00000000 f17:0x3f800000 f19=0x80000000
     103645.000 ns	     10363	80002140	50980093	addi	x1,x16,1289	 x16:0x00000000  x1=0x00000509
     103655.000 ns	     10364	80002144	0098aa33	slt	x20,x17,x9	 x17:0x0000019c  x9:0x00000000 x20=0x00000000
     103665.000 ns	     10365	80002148	06b27c13	andi	x24,x4,107	  x4:0x7ffbefdc x24=0x00000048
     103675.000 ns	     10366	8000214c	4a7e7e93	andi	x29,x28,1191	 x28:0x80040fe4 x29=0x000004a4
     103695.000 ns	     10368	80002150	03d23eb3	mulhu	x29,x4,x29	  x4:0x7ffbefdc x29:0xffffffff x29=0x00000251
     103715.000 ns	     10370	80002154	011230b3	sltu	x1,x4,x17	  x4:0x7ffbefdc x17:0x0000019c  x1=0x00000000
     103735.000 ns	     10372	80002158	21f8aed3	fsgnjx.s	f29,f17,f31	 f17:0x3f800000 f31:0x80000000 f29=0xbf800000
     103755.000 ns	     10374	8000215c	00731cb3	sll	x25,x6,x7	  x6:0x00000002  x7:0x00000008 x25=0x00000200
     103765.000 ns	     10375	80002160	41b30c33	sub	x24,x6,x27	  x6:0x00000002 x27:0x1ceed89a x24=0xe3112768
     103785.000 ns	     10377	80002164	e0021ad3	fclass.s	x21,f4	  f4:0x00000000 x21=0x00000010
     103815.000 ns	     10380	80002168	d00f9753	fcvt.s.w	f14,x31	 x31:0x00000000 f14=0x00000000
     103845.000 ns	     10383	8000216c	d01074d3	fcvt.s.wu	f9,x0	  x0:0x00000000  f9=0x00000000
     103865.000 ns	     10385	80002170	01242eb3	slt	x29,x8,x18	  x8:0x00000000 x18:0x00000000 x29=0x00000000
     103875.000 ns	     10386	80002174	ba2bf737	lui	x14,0xba2bf	 x14=0xba2bf000
     103895.000 ns	     10388	80002178	28099653	fmax.s	f12,f19,f0	 f19:0x80000000  f0:0xffffffff f12=0x80000000
     103915.000 ns	     10390	8000217c	29de7213	andi	x4,x28,669	 x28:0x80040fe4  x4=0x00000284
     103935.000 ns	     10392	80002180	035a8fb3	mul	x31,x21,x21	 x21:0x00000010 x21:0x00000010 x31=0x00000100
     103965.000 ns	     10395	80002184	036f98b3	mulh	x17,x31,x22	 x31:0x00000000 x22:0x00000001 x17=0x00000000
     103985.000 ns	     10397	80002188	00c86ab3	or	x21,x16,x12	 x16:0x00000000 x12:0x00000001 x21=0x00000001
     103995.000 ns	     10398	8000218c	01472db3	slt	x27,x14,x20	 x14:0xba2bf000 x20:0x00000000 x27=0x00000001
     104025.000 ns	     10401	80002190	18e779d3	fdiv.s	f19,f14,f14	 f14:0x00000000 f14:0x00000000 f19=0x7fc00000
     104055.000 ns	     10404	80002194	28b99653	fmax.s	f12,f19,f11	 f19:0x80000000 f11:0x7fc00000 f12=0x7fc00000
     104075.000 ns	     10406	80002198	01831593	slli	x11,x6,0x18	  x6:0x00000002 x11=0x02000000
     104085.000 ns	     10407	8000219c	4158d513	srai	x10,x17,0x15	 x17:0x00000000 x10=0x00000000
     104445.000 ns	     10443	800021a0	0263ff33	remu	x30,x7,x6	  x7:0x00000008  x6:0x00000002 x30=0x00000000
     104475.000 ns	     10446	800021a4	e00f9cd3	fclass.s	x25,f31	 f31:0x80000000 x25=0x00000008
     104495.000 ns	     10448	800021a8	2ea84c97	auipc	x25,0x2ea84	 x25=0xaea861a8
     104515.000 ns	     10450	800021ac	28e19053	fmax.s	f0,f3,f14	  f3:0x32013692 f14:0x00000000  f0=0x32013692
     104545.000 ns	     10453	800021b0	209197d3	fsgnjn.s	f15,f3,f9	  f3:0x32013692  f9:0x00000000 f15=0xb2013692
     104575.000 ns	     10456	800021b4	a12006d3	fle.s	x13,f0,f18	  f0:0x32013692 f18:0x7fc00000 x13=0x00000000
     104605.000 ns	     10459	800021b8	03421a33	mulh	x20,x4,x20	  x4:0x00000284 x20:0x00000000 x20=0x00000000
     104625.000 ns	     10461	800021bc	fc4d3797	auipc	x15,0xfc4d3	 x15=0x7c4d51bc
     104645.000 ns	     10463	800021c0	29851c53	fmax.s	f24,f10,f24	 f10:0x4f000000 f24:0x7fc00000 f24=0x4f000000
     105015.000 ns	     10500	800021c4	039971b3	remu	x3,x18,x25	 x18:0x00000000 x25:0xaea861a8  x3=0x00000000
     105045.000 ns	     10503	800021c8	03051c33	mulh	x24,x10,x16	 x10:0x00000000 x16:0x00000000 x24=0x00000000
     105075.000 ns	     10506	800021cc	03580933	mul	x18,x16,x21	 x16:0x00000000 x21:0x00000001 x18=0x00000000
     105105.000 ns	     10509	800021d0	a0bb28d3	feq.s	x17,f22,f11	 f22:0xd47f4e3a f11:0x7fc00000 x17=0x00000000
     105135.000 ns	     10512	800021d4	0235eb33	rem	x22,x11,x3	 x11:0x02000000  x3:0x00000000 x22=0x02000000
     105165.000 ns	     10515	800021d8	21cb0cd3	fsgnj.s	f25,f22,f28	 f22:0xd47f4e3a f28:0x7fc00000 f25=0x547f4e3a
     105185.000 ns	     10517	800021dc	01bd8cb3	add	x25,x27,x27	 x27:0x00000001 x27:0x00000001 x25=0x00000002
     105225.000 ns	     10521	800021e0	08697653	fsub.s	f12,f18,f6	 f18:0x7fc00000  f6:0x80000000 f12=0x7fc00000
     105255.000 ns	     10524	800021e4	0258a033	mulhsu	x0,x17,x5	 x17:0x00000000  x5:0x00000338
     105275.000 ns	     10526	800021e8	00a18933	add	x18,x3,x10	  x3:0x00000000 x10:0x00000000 x18=0x00000000
     105305.000 ns	     10529	800021ec	19284b53	fdiv.s	f22,f16,f18	 f16:0x00000000 f18:0x7fc00000 f22=0x7fc00000
     105335.000 ns	     10532	800021f0	030268b3	rem	x17,x4,x16	  x4:0x00000284 x16:0x00000000 x17=0x00000284
     105365.000 ns	     10535	800021f4	02c18db3	mul	x27,x3,x12	  x3:0x00000000 x12:0x00000001 x27=0x00000000
     105385.000 ns	     10537	800021f8	01c59c93	slli	x25,x11,0x1c	 x11:0x02000000 x25=0x00000000
     105405.000 ns	     10539	800021fc	03fba7b3	mulhsu	x15,x23,x31	 x23:0x80000000 x31:0x00000100 x15=0xffffff80
     105435.000 ns	     10542	80002200	03550233	mul	x4,x10,x21	 x10:0x00000000 x21:0x00000001  x4=0x00000000
     105455.000 ns	     10544	80002204	00035c33	srl	x24,x6,x0	  x6:0x00000002  x0:0x00000000 x24=0x00000002
     105475.000 ns	     10546	80002208	e0031053	fclass.s	x0,f6	  f6:0x80000000
     105845.000 ns	     10583	8000220c	0339cfb3	div	x31,x19,x19	 x19:0x80041024 x19:0x80041024 x31=0x00000001
     105865.000 ns	     10585	80002210	c745fd93	andi	x27,x11,-908	 x11:0x02000000 x27=0x02000000
     105885.000 ns	     10587	80002214	216597d3	fsgnjn.s	f15,f11,f22	 f11:0x7fc00000 f22:0x7fc00000 f15=0xffc00000
     105905.000 ns	     10589	80002218	00000013	addi	x0,x0,0	  x0:0x00000000
     105915.000 ns	     10590	8000221c	6b127c13	andi	x24,x4,1713	  x4:0x00000000 x24=0x00000000
     105925.000 ns	     10591	80002220	00000013	addi	x0,x0,0	  x0:0x00000000
     105945.000 ns	     10593	80002224	0244c4b3	div	x9,x9,x4	  x9:0x00000000  x4:0x00000000  x9=0xffffffff
     105975.000 ns	     10596	80002228	c017f953	fcvt.wu.s	x18,f15	 f15:0xffc00000 x18=0xffffffff
     105995.000 ns	     10598	8000222c	5d7fed13	ori	x26,x31,1495	 x31:0x00000001 x26=0x000005d7
     106015.000 ns	     10600	80002230	a0f98653	fle.s	x12,f19,f15	 f19:0x7fc00000 f15:0xffc00000 x12=0x00000000
     106045.000 ns	     10603	80002234	f0070a53	fmv.w.x	f20,x14	 x14:0xba2bf000 f20=0xba2bf000
     106065.000 ns	     10605	80002238	00000013	addi	x0,x0,0	  x0:0x00000000
     106075.000 ns	     10606	8000223c	c9c4d8b7	lui	x17,0xc9c4d	 x17=0xc9c4d000
     106095.000 ns	     10608	80002240	c0169953	fcvt.wu.s	x18,f13	 f13:0xcefff7d5 x18=0x7ffbea80
     106465.000 ns	     10645	80002244	031dc433	div	x8,x27,x17	 x27:0x02000000 x17:0x00000284  x8=0x00000000
     106495.000 ns	     10648	80002248	d01af1d3	fcvt.s.wu	f3,x21	 x21:0x00000001  f3=0x3f800000
     106525.000 ns	     10651	8000224c	28291bd3	fmax.s	f23,f18,f2	 f18:0x7fc00000  f2:0x00000001 f23=0x00000001
     106545.000 ns	     10653	80002250	01546ab3	or	x21,x8,x21	  x8:0x00000000 x21:0x00000001 x21=0x00000001
     106565.000 ns	     10655	80002254	03ec01b3	mul	x3,x24,x30	 x24:0x00000000 x30:0x00000000  x3=0x00000000
     106585.000 ns	     10657	80002258	0037dc93	srli	x25,x15,0x3	 x15:0xffffff80 x25=0x1ffffff0
     106605.000 ns	     10659	8000225c	29de8bd3	fmin.s	f23,f29,f29	 f29:0xbf800000 f29:0xbf800000 f23=0xbf800000
     106635.000 ns	     10662	80002260	a1441f53	flt.s	x30,f8,f20	  f8:0x00000000 f20:0xba2bf000 x30=0x00000000
     106655.000 ns	     10664	80002264	01e446b3	xor	x13,x8,x30	  x8:0x00000000 x30:0x00000000 x13=0x00000000
     106665.000 ns	     10665	80002268	01471213	slli	x4,x14,0x14	 x14:0xba2bf000  x4=0x00000000
     106685.000 ns	     10667	8000226c	f00780d3	fmv.w.x	f1,x15	 x15:0xffffff80  f1=0xffffff80
     106725.000 ns	     10671	80002270	10e6c7d3	fmul.s	f15,f13,f14	 f13:0xcefff7d5 f14:0x00000000 f15=0x80000000
     106745.000 ns	     10673	80002274	00325593	srli	x11,x4,0x3	  x4:0x00000000 x11=0x00000000
     107915.000 ns	     10790	80002278	580aa153	fsqrt.s	f2,f21	 f21:0x444e0000  f2=0x4191a9fa
     108285.000 ns	     10827	8000227c	0271ddb3	divu	x27,x3,x7	  x3:0x00000000  x7:0x00000008 x27=0x00000000
     108305.000 ns	     10829	80002280	71e64893	xori	x17,x12,1822	 x12:0x00000000 x17=0x0000071e
     108315.000 ns	     10830	80002284	41645113	srai	x2,x8,0x16	  x8:0x00000000  x2=0x00000000
     108345.000 ns	     10833	80002288	11157ed3	fmul.s	f29,f10,f17	 f10:0x4f000000 f17:0x3f800000 f29=0x4f000000
     108715.000 ns	     10870	8000228c	02555733	divu	x14,x10,x5	 x10:0x00000000  x5:0x00000338 x14=0x00000000
     108735.000 ns	     10872	80002290	06d21337	lui	x6,0x6d21	  x6=0x06d21000
     108755.000 ns	     10874	80002294	c01787d3	fcvt.wu.s	x15,f15	 f15:0x80000000 x15=0x00000000
     108785.000 ns	     10877	80002298	21bc19d3	fsgnjn.s	f19,f24,f27	 f24:0x4f000000 f27:0xceffffff f19=0x4f000000
     108805.000 ns	     10879	8000229c	01d80433	add	x8,x16,x29	 x16:0x00000000 x29:0x00000000  x8=0x00000000
     108825.000 ns	     10881	800022a0	a0541553	flt.s	x10,f8,f5	  f8:0x00000000  f5:0x4f000000 x10=0x00000001
     108845.000 ns	     10883	800022a4	013cd433	srl	x8,x25,x19	 x25:0x1ffffff0 x19:0x80041024  x8=0x01ffffff
     108875.000 ns	     10886	800022a8	1131f5d3	fmul.s	f11,f3,f19	  f3:0x3f800000 f19:0x4f000000 f11=0x4f000000
     108895.000 ns	     10888	800022ac	015fc2b3	xor	x5,x31,x21	 x31:0x00000001 x21:0x00000001  x5=0x00000000
     108915.000 ns	     10890	800022b0	21faa753	fsgnjx.s	f14,f21,f31	 f21:0x444e0000 f31:0x80000000 f14=0xc44e0000
     108935.000 ns	     10892	800022b4	5b66ea13	ori	x20,x13,1462	 x13:0x00000000 x20=0x000005b6
     108945.000 ns	     10893	800022b8	00350cb3	add	x25,x10,x3	 x10:0x00000001  x3:0x00000000 x25=0x00000001
     108955.000 ns	     10894	800022bc	6e223713	sltiu	x14,x4,1762	  x4:0x00000000 x14=0x00000001
     108965.000 ns	     10895	800022c0	0169e5b3	or	x11,x19,x22	 x19:0x80041024 x22:0x02000000 x11=0x82041024
     108985.000 ns	     10897	800022c4	a0762953	feq.s	x18,f12,f7	 f12:0x7fc00000  f7:0x80000000 x18=0x00000000
     109005.000 ns	     10899	800022c8	01971f33	sll	x30,x14,x25	 x14:0x00000001 x25:0x00000001 x30=0x00000002
     109015.000 ns	     10900	800022cc	0183d593	srli	x11,x7,0x18	  x7:0x00000008 x11=0x00000000
     109055.000 ns	     10904	800022d0	09864c53	fsub.s	f24,f12,f24	 f12:0x7fc00000 f24:0x4f000000 f24=0x7fc00000
     109105.000 ns	     10909	800022d4	014e3dd3	fadd.s	f27,f28,f20	 f28:0x7fc00000 f20:0xba2bf000 f27=0x7fc00000
     109125.000 ns	     10911	800022d8	00cd1c13	slli	x24,x26,0xc	 x26:0x000005d7 x24=0x005d7000
     109145.000 ns	     10913	800022dc	29848753	fmin.s	f14,f9,f24	  f9:0x00000000 f24:0x7fc00000 f14=0x00000000
     109165.000 ns	     10915	800022e0	89062237	lui	x4,0x89062	  x4=0x89062000
     109185.000 ns	     10917	800022e4	a0ed11d3	flt.s	x3,f26,f14	 f26:0x00000000 f14:0x00000000  x3=0x00000000
     109215.000 ns	     10920	800022e8	d01e7a53	fcvt.s.wu	f20,x28	 x28:0x80040fe4 f20=0x4f00040f
     109235.000 ns	     10922	800022ec	01c886b3	add	x13,x17,x28	 x17:0x0000071e x28:0x80040fe4 x13=0x80041702
     109245.000 ns	     10923	800022f0	003f88b3	add	x17,x31,x3	 x31:0x00000001  x3:0x00000000 x17=0x00000001
     109265.000 ns	     10925	800022f4	025b0eb3	mul	x29,x22,x5	 x22:0x02000000  x5:0x00000000 x29=0x00000000
     109285.000 ns	     10927	800022f8	01921633	sll	x12,x4,x25	  x4:0x89062000 x25:0x00000001 x12=0x120c4000
     109305.000 ns	     10929	800022fc	28a30fd3	fmin.s	f31,f6,f10	  f6:0x80000000 f10:0x4f000000 f31=0x80000000
     109335.000 ns	     10932	80002300	e00c90d3	fclass.s	x1,f25	 f25:0x547f4e3a  x1=0x00000040
     109365.000 ns	     10935	80002304	e0071b53	fclass.s	x22,f14	 f14:0x00000000 x22=0x00000010
     109415.000 ns	     10940	80002308	08880353	fsub.s	f6,f16,f8	 f16:0x00000000  f8:0x00000000  f6=0x80000000
     109445.000 ns	     10943	8000230c	e0011ed3	fclass.s	x29,f2	  f2:0x4191a9fa x29=0x00000040
     109465.000 ns	     10945	80002310	41c9d213	srai	x4,x19,0x1c	 x19:0x80041024  x4=0xfffffff8
     109475.000 ns	     10946	80002314	01b6cdb3	xor	x27,x13,x27	 x13:0x80041702 x27:0x00000000 x27=0x80041702
     109485.000 ns	     10947	80002318	405d58b3	sra	x17,x26,x5	 x26:0x000005d7  x5:0x00000000 x17=0x000005d7
     109495.000 ns	     10948	8000231c	e76d3c97	auipc	x25,0xe76d3	 x25=0x676d531c
     109515.000 ns	     10950	80002320	a08c2653	feq.s	x12,f24,f8	 f24:0x7fc00000  f8:0x00000000 x12=0x00000000
     109535.000 ns	     10952	80002324	003ddc13	srli	x24,x27,0x3	 x27:0x80041702 x24=0x100082e0
     109545.000 ns	     10953	80002328	a8454893	xori	x17,x10,-1404	 x10:0x00000001 x17=0xfffffa85
     109585.000 ns	     10957	8000232c	08e5f953	fsub.s	f18,f11,f14	 f11:0x4f000000 f14:0x00000000 f18=0x4f000000
     109605.000 ns	     10959	80002330	7a47ca93	xori	x21,x15,1956	 x15:0x00000000 x21=0x000007a4
     109615.000 ns	     10960	80002334	70147f93	andi	x31,x8,1793	  x8:0x01ffffff x31=0x00000701
     109625.000 ns	     10961	80002338	180fe093	ori	x1,x31,384	 x31:0x00000001  x1=0x00000781
     109665.000 ns	     10965	8000233c	0942c7d3	fsub.s	f15,f5,f20	  f5:0x4f000000 f20:0x4f00040f f15=0xc881e000
     110035.000 ns	     11002	80002340	02e24733	div	x14,x4,x14	  x4:0xfffffff8 x14:0x00000001 x14=0xfffffff8
     110055.000 ns	     11004	80002344	41ef5213	srai	x4,x30,0x1e	 x30:0x00000002  x4=0x00000000
     110075.000 ns	     11006	80002348	03a030b3	mulhu	x1,x0,x26	  x0:0x00000000 x26:0x000005d7  x1=0x00000000
     110095.000 ns	     11008	8000234c	7de94213	xori	x4,x18,2014	 x18:0x00000000  x4=0x000007de
     110105.000 ns	     11009	80002350	af8da613	slti	x12,x27,-1288	 x27:0x80041702 x12=0x00000001
     110115.000 ns	     11010	80002354	3df6b293	sltiu	x5,x13,991	 x13:0x80041702  x5=0x00000000
     110145.000 ns	     11013	80002358	1080f753	fmul.s	f14,f1,f8	  f1:0xffffff80  f8:0x00000000 f14=0x7fc00000
     110515.000 ns	     11050	8000235c	03b17c33	remu	x24,x2,x27	  x2:0x00000000 x27:0x80041702 x24=0x00000000
     110535.000 ns	     11052	80002360	0037e633	or	x12,x15,x3	 x15:0x00000000  x3:0x00000000 x12=0x00000000
     110565.000 ns	     11055	80002364	19847053	fdiv.s	f0,f8,f24	  f8:0x00000000 f24:0x7fc00000  f0=0x7fc00000
     110595.000 ns	     11058	80002368	02fa0433	mul	x8,x20,x15	 x20:0x000005b6 x15:0x00000000  x8=0x00000000
     110615.000 ns	     11060	8000236c	009e54b3	srl	x9,x28,x9	 x28:0x80040fe4  x9:0xffffffff  x9=0x00000001
     110625.000 ns	     11061	80002370	01f3eb33	or	x22,x7,x31	  x7:0x00000008 x31:0x00000701 x22=0x00000709
     110645.000 ns	     11063	80002374	d0083753	fcvt.s.w	f14,x16	 x16:0x00000000 f14=0x00000000
     110675.000 ns	     11066	80002378	288012d3	fmax.s	f5,f0,f8	  f0:0x7fc00000  f8:0x00000000  f5=0x00000000
     110705.000 ns	     11069	8000237c	e00a9453	fclass.s	x8,f21	 f21:0x444e0000  x8=0x00000040
     110735.000 ns	     11072	80002380	f0000f53	fmv.w.x	f30,x0	  x0:0x00000000 f30=0x00000000
     110755.000 ns	     11074	80002384	491b3393	sltiu	x7,x22,1169	 x22:0x00000709  x7=0x00000000
     110775.000 ns	     11076	80002388	a1f28353	fle.s	x6,f5,f31	  f5:0x00000000 f31:0x80000000  x6=0x00000001
     111145.000 ns	     11113	8000238c	03725cb3	divu	x25,x4,x23	  x4:0x000007de x23:0x80000000 x25=0x00000000
     111175.000 ns	     11116	80002390	d011f5d3	fcvt.s.wu	f11,x3	  x3:0x00000000 f11=0x00000000
     111205.000 ns	     11119	80002394	214d82d3	fsgnj.s	f5,f27,f20	 f27:0x7fc00000 f20:0x4f00040f  f5=0x7fc00000
     111235.000 ns	     11122	80002398	02085933	divu	x18,x16,x0	 x16:0x00000000  x0:0x00000000 x18=0xffffffff
     111255.000 ns	     11124	8000239c	882d6f13	ori	x30,x26,-1918	 x26:0x000005d7 x30=0xfffffdd7
     111265.000 ns	     11125	800023a0	40ced493	srai	x9,x29,0xc	 x29:0x00000040  x9=0x00000000
     111275.000 ns	     11126	800023a4	dd0ec917	auipc	x18,0xdd0ec	 x18=0x5d0ee3a4
     111295.000 ns	     11128	800023a8	29dc8653	fmin.s	f12,f25,f29	 f25:0x547f4e3a f29:0x4f000000 f12=0x4f000000
     111315.000 ns	     11130	800023ac	00497b33	and	x22,x18,x4	 x18:0xffffffff  x4:0x000007de x22=0x00000384
     111335.000 ns	     11132	800023b0	a1f88dd3	fle.s	x27,f17,f31	 f17:0x3f800000 f31:0x80000000 x27=0x00000000
     111385.000 ns	     11137	800023b4	0014fad3	fadd.s	f21,f9,f1	  f9:0x00000000  f1:0xffffff80 f21=0x7fc00000
     111405.000 ns	     11139	800023b8	94aac6b7	lui	x13,0x94aac	 x13=0x94aac000
     111425.000 ns	     11141	800023bc	023b85b3	mul	x11,x23,x3	 x23:0x80000000  x3:0x00000000 x11=0x00000000
     111445.000 ns	     11143	800023c0	01637a33	and	x20,x6,x22	  x6:0x00000001 x22:0x00000384 x20=0x00000000
     111465.000 ns	     11145	800023c4	f0008bd3	fmv.w.x	f23,x1	  x1:0x00000000 f23=0x00000000
     111485.000 ns	     11147	800023c8	0178a333	slt	x6,x17,x23	 x17:0xfffffa85 x23:0x80000000  x6=0x00000000
     111495.000 ns	     11148	800023cc	00000013	addi	x0,x0,0	  x0:0x00000000
     111505.000 ns	     11149	800023d0	007bbdb3	sltu	x27,x23,x7	 x23:0x80000000  x7:0x00000000 x27=0x00000000
     111515.000 ns	     11150	800023d4	e3b8e713	ori	x14,x17,-453	 x17:0xfffffa85 x14=0xfffffebf
     111525.000 ns	     11151	800023d8	419ed713	srai	x14,x29,0x19	 x29:0x00000040 x14=0x00000000
     111565.000 ns	     11155	800023dc	0960fb53	fsub.s	f22,f1,f22	  f1:0xffffff80 f22:0x7fc00000 f22=0x7fc00000
     111585.000 ns	     11157	800023e0	00459593	slli	x11,x11,0x4	 x11:0x00000000 x11=0x00000000
     111595.000 ns	     11158	800023e4	01519133	sll	x2,x3,x21	  x3:0x00000000 x21:0x000007a4  x2=0x00000000
     111925.000 ns	     11191	800023e8	18c994d3	fdiv.s	f9,f19,f12	 f19:0x4f000000 f12:0x4f000000  f9=0x3f000000
     112265.000 ns	     11225	800023ec	18319d53	fdiv.s	f26,f3,f3	  f3:0x3f800000  f3:0x3f800000 f26=0x3f7fff38
     112285.000 ns	     11227	800023f0	01b2e933	or	x18,x5,x27	  x5:0x00000000 x27:0x00000000 x18=0x00000000
     112295.000 ns	     11228	800023f4	00183fb3	sltu	x31,x16,x1	 x16:0x00000000  x1:0x00000000 x31=0x00000000
     112305.000 ns	     11229	800023f8	4bf24313	xori	x6,x4,1215	  x4:0x000007de  x6=0x00000361
     112665.000 ns	     11265	800023fc	03df4433	div	x8,x30,x29	 x30:0xfffffdd7 x29:0x00000040  x8=0xfffffff8
     112695.000 ns	     11268	80002400	f0000453	fmv.w.x	f8,x0	  x0:0x00000000  f8=0x00000000
     112715.000 ns	     11270	80002404	012cda33	srl	x20,x25,x18	 x25:0x00000000 x18:0x00000000 x20=0x00000000
     112725.000 ns	     11271	80002408	400f5093	srai	x1,x30,0x0	 x30:0xfffffdd7  x1=0xfffffdd7
     112745.000 ns	     11273	8000240c	207a0353	fsgnj.s	f6,f20,f7	 f20:0x4f00040f  f7:0x80000000  f6=0xcf00040f
     112765.000 ns	     11275	80002410	01c46a33	or	x20,x8,x28	  x8:0xfffffff8 x28:0x80040fe4 x20=0xfffffffc
     112785.000 ns	     11277	80002414	c00dff53	fcvt.w.s	x30,f27	 f27:0x7fc00000 x30=0x7fffffff
     112815.000 ns	     11280	80002418	a15fab53	feq.s	x22,f31,f21	 f31:0x80000000 f21:0x7fc00000 x22=0x00000000
     112835.000 ns	     11282	8000241c	007c81b3	add	x3,x25,x7	 x25:0x00000000  x7:0x00000000  x3=0x00000000
     112845.000 ns	     11283	80002420	012085b3	add	x11,x1,x18	  x1:0xfffffdd7 x18:0x00000000 x11=0xfffffdd7
     112855.000 ns	     11284	80002424	01f78633	add	x12,x15,x31	 x15:0x00000000 x31:0x00000000 x12=0x00000000
     113215.000 ns	     11320	80002428	02afc333	div	x6,x31,x10	 x31:0x00000000 x10:0x00000001  x6=0x00000000
     113245.000 ns	     11323	8000242c	02e74633	div	x12,x14,x14	 x14:0x00000000 x14:0x00000000 x12=0xffffffff
     113275.000 ns	     11326	80002430	c01f77d3	fcvt.wu.s	x15,f30	 f30:0x00000000 x15=0x00000000
     113295.000 ns	     11328	80002434	00c0dfb3	srl	x31,x1,x12	  x1:0xfffffdd7 x12:0xffffffff x31=0x00000001
     113655.000 ns	     11364	80002438	02845a33	divu	x20,x8,x8	  x8:0xfffffff8  x8:0xfffffff8 x20=0x00000001
     113685.000 ns	     11367	8000243c	d0112bd3	fcvt.s.wu	f23,x2	  x2:0x00000000 f23=0x00000000
     113715.000 ns	     11370	80002440	a0e9afd3	feq.s	x31,f19,f14	 f19:0x4f000000 f14:0x00000000 x31=0x00000000
     113735.000 ns	     11372	80002444	d4b97f93	andi	x31,x18,-693	 x18:0x00000000 x31=0x00000000
     113755.000 ns	     11374	80002448	02708833	mul	x16,x1,x7	  x1:0xfffffdd7  x7:0x00000000 x16=0x00000000
     113785.000 ns	     11377	8000244c	e00f1fd3	fclass.s	x31,f30	 f30:0x00000000 x31=0x00000010
     113815.000 ns	     11380	80002450	02e3aeb3	mulhsu	x29,x7,x14	  x7:0x00000000 x14:0x00000000 x29=0x00000000
     114185.000 ns	     11417	80002454	02816f33	rem	x30,x2,x8	  x2:0x00000000  x8:0xfffffff8 x30=0x00000000
     114215.000 ns	     11420	80002458	21f02253	fsgnjx.s	f4,f0,f31	  f0:0x7fc00000 f31:0x80000000  f4=0xffc00000
     114245.000 ns	     11423	8000245c	0368c3b3	div	x7,x17,x22	 x17:0xfffffa85 x22:0x00000000  x7=0xffffffff
     114265.000 ns	     11425	80002460	3802dab7	lui	x21,0x3802d	 x21=0x3802d000
     114295.000 ns	     11428	80002464	19bca153	fdiv.s	f2,f25,f27	 f25:0x547f4e3a f27:0x7fc00000  f2=0x7fc00000
     114315.000 ns	     11430	80002468	1be1c113	xori	x2,x3,446	  x3:0x00000000  x2=0x000001be
     114345.000 ns	     11433	8000246c	112b49d3	fmul.s	f19,f22,f18	 f22:0x7fc00000 f18:0x4f000000 f19=0x7fc00000
     114365.000 ns	     11435	80002470	7761b493	sltiu	x9,x3,1910	  x3:0x00000000  x9=0x00000001
     114395.000 ns	     11438	80002474	11b1cd53	fmul.s	f26,f3,f27	  f3:0x3f800000 f27:0x7fc00000 f26=0x7fc00000
     114425.000 ns	     11441	80002478	03dcdfb3	divu	x31,x25,x29	 x25:0x00000000 x29:0x00000000 x31=0xffffffff
     114445.000 ns	     11443	8000247c	581ce013	ori	x0,x25,1409	 x25:0x00000000
     114455.000 ns	     11444	80002480	010a17b3	sll	x15,x20,x16	 x20:0x00000001 x16:0x00000000 x15=0x00000001
     114465.000 ns	     11445	80002484	8a8e3293	sltiu	x5,x28,-1880	 x28:0x80040fe4  x5=0x00000001
     114475.000 ns	     11446	80002488	010192b3	sll	x5,x3,x16	  x3:0x00000000 x16:0x00000000  x5=0x00000000
     114485.000 ns	     11447	8000248c	4a24fc93	andi	x25,x9,1186	  x9:0x00000001 x25=0x00000000
     114495.000 ns	     11448	80002490	01d2c5b3	xor	x11,x5,x29	  x5:0x00000001 x29:0x00000000 x11=0x00000000
     114505.000 ns	     11449	80002494	a4593593	sltiu	x11,x18,-1467	 x18:0x00000000 x11=0x00000001
     114525.000 ns	     11451	80002498	d006b9d3	fcvt.s.w	f19,x13	 x13:0x94aac000 f19=0xced6aa80
     114545.000 ns	     11453	8000249c	419b5133	sra	x2,x22,x25	 x22:0x00000000 x25:0x00000000  x2=0x00000000
     114565.000 ns	     11455	800024a0	c01a28d3	fcvt.wu.s	x17,f20	 f20:0x4f00040f x17=0x80040f00
     114585.000 ns	     11457	800024a4	419355b3	sra	x11,x6,x25	  x6:0x00000000 x25:0x00000000 x11=0x00000000
     114595.000 ns	     11458	800024a8	0f5f2913	slti	x18,x30,245	 x30:0x00000000 x18=0x00000001
     114615.000 ns	     11460	800024ac	0262b1b3	mulhu	x3,x5,x6	  x5:0x00000000  x6:0x00000000  x3=0x00000000
     114635.000 ns	     11462	800024b0	83d25f37	lui	x30,0x83d25	 x30=0x83d25000
     114655.000 ns	     11464	800024b4	28bd18d3	fmax.s	f17,f26,f11	 f26:0x7fc00000 f11:0x00000000 f17=0x00000000
     114675.000 ns	     11466	800024b8	00000013	addi	x0,x0,0	  x0:0x00000000
     114695.000 ns	     11468	800024bc	29458753	fmin.s	f14,f11,f20	 f11:0x00000000 f20:0x4f00040f f14=0x00000000
     114725.000 ns	     11471	800024c0	207b2353	fsgnjx.s	f6,f22,f7	 f22:0x7fc00000  f7:0x80000000  f6=0xffc00000
     114755.000 ns	     11474	800024c4	c004bad3	fcvt.w.s	x21,f9	  f9:0x3f000000 x21=0x00000001
     114775.000 ns	     11476	800024c8	00199193	slli	x3,x19,0x1	 x19:0x80041024  x3=0x00082048
     114795.000 ns	     11478	800024cc	21d093d3	fsgnjn.s	f7,f1,f29	  f1:0xffffff80 f29:0x4f000000  f7=0xffffff80
     114815.000 ns	     11480	800024d0	411004b3	sub	x9,x0,x17	  x0:0x00000000 x17:0x80040f00  x9=0x7ffbf100
     114835.000 ns	     11482	800024d4	e0031453	fclass.s	x8,f6	  f6:0xffc00000  x8=0x00000200
     114865.000 ns	     11485	800024d8	02bcd2b3	divu	x5,x25,x11	 x25:0x00000000 x11:0x00000000  x5=0xffffffff
     114895.000 ns	     11488	800024dc	20cd1653	fsgnjn.s	f12,f26,f12	 f26:0x7fc00000 f12:0x4f000000 f12=0xffc00000
     114925.000 ns	     11491	800024e0	f0008cd3	fmv.w.x	f25,x1	  x1:0xfffffdd7 f25=0xfffffdd7
     114955.000 ns	     11494	800024e4	02792333	mulhsu	x6,x18,x7	 x18:0x00000001  x7:0xffffffff  x6=0x00000000
     114985.000 ns	     11497	800024e8	0360fd33	remu	x26,x1,x22	  x1:0xfffffdd7 x22:0x00000000 x26=0xfffffdd7
     115015.000 ns	     11500	800024ec	c001fad3	fcvt.w.s	x21,f3	  f3:0x3f800000 x21=0x00000001
     115035.000 ns	     11502	800024f0	bbdac313	xori	x6,x21,-1091	 x21:0x00000001  x6=0xfffffbbc
     115055.000 ns	     11504	800024f4	a19d81d3	fle.s	x3,f27,f25	 f27:0x7fc00000 f25:0xfffffdd7  x3=0x00000000
     115075.000 ns	     11506	800024f8	01b766b3	or	x13,x14,x27	 x14:0x00000000 x27:0x00000000 x13=0x00000000
     115085.000 ns	     11507	800024fc	8ec08513	addi	x10,x1,-1812	  x1:0xfffffdd7 x10=0xfffff6c3
     115105.000 ns	     11509	80002500	a0c38fd3	fle.s	x31,f7,f12	  f7:0xffffff80 f12:0xffc00000 x31=0x00000000
     115125.000 ns	     11511	80002504	43b6b393	sltiu	x7,x13,1083	 x13:0x00000000  x7=0x00000001
     115165.000 ns	     11515	80002508	011d19d3	fadd.s	f19,f26,f17	 f26:0x7fc00000 f17:0x00000000 f19=0x7fc00000
     115185.000 ns	     11517	8000250c	9345f813	andi	x16,x11,-1740	 x11:0x00000000 x16=0x00000000
     115195.000 ns	     11518	80002510	019a1e93	slli	x29,x20,0x19	 x20:0x00000001 x29=0x02000000
     115555.000 ns	     11554	80002514	0244d5b3	divu	x11,x9,x4	  x9:0x7ffbf100  x4:0x000007de x11=0x001044a1
     115575.000 ns	     11556	80002518	d1483913	sltiu	x18,x16,-748	 x16:0x00000000 x18=0x00000001
     115595.000 ns	     11558	8000251c	d01e75d3	fcvt.s.wu	f11,x28	 x28:0x80040fe4 f11=0x4f00040f
     115615.000 ns	     11560	80002520	4152d293	srai	x5,x5,0x15	  x5:0xffffffff  x5=0xffffffff
     115625.000 ns	     11561	80002524	714c4537	lui	x10,0x714c4	 x10=0x714c4000
     115985.000 ns	     11597	80002528	02ffd833	divu	x16,x31,x15	 x31:0x00000000 x15:0x00000001 x16=0x00000000
     116005.000 ns	     11599	8000252c	00945893	srli	x17,x8,0x9	  x8:0x00000200 x17=0x00000001
     116025.000 ns	     11601	80002530	a0fe92d3	flt.s	x5,f29,f15	 f29:0x4f000000 f15:0xc881e000  x5=0x00000000
     116055.000 ns	     11604	80002534	0277b633	mulhu	x12,x15,x7	 x15:0x00000001  x7:0x00000001 x12=0x00000000
     116095.000 ns	     11608	80002538	10a57cd3	fmul.s	f25,f10,f10	 f10:0x4f000000 f10:0x4f000000 f25=0x5e800000
     116115.000 ns	     11610	8000253c	019096b3	sll	x13,x1,x25	  x1:0xfffffdd7 x25:0x00000000 x13=0xfffffdd7
     116125.000 ns	     11611	80002540	00a3f5b3	and	x11,x7,x10	  x7:0x00000001 x10:0x714c4000 x11=0x00000000
     116145.000 ns	     11613	80002544	21ca1053	fsgnjn.s	f0,f20,f28	 f20:0x4f00040f f28:0x7fc00000  f0=0xcf00040f
     116165.000 ns	     11615	80002548	e6b43793	sltiu	x15,x8,-405	  x8:0x00000200 x15=0x00000001
     116525.000 ns	     11651	8000254c	02467833	remu	x16,x12,x4	 x12:0x00000000  x4:0x000007de x16=0x00000000
     116545.000 ns	     11653	80002550	a7a94613	xori	x12,x18,-1414	 x18:0x00000001 x12=0xfffffa7b
     116555.000 ns	     11654	80002554	01585013	srli	x0,x16,0x15	 x16:0x00000000
     116575.000 ns	     11656	80002558	a0a51553	flt.s	x10,f10,f10	 f10:0x4f000000 f10:0x4f000000 x10=0x00000000
     116595.000 ns	     11658	8000255c	cce63313	sltiu	x6,x12,-818	 x12:0xfffffa7b  x6=0x00000001
     116615.000 ns	     11660	80002560	218186d3	fsgnj.s	f13,f3,f24	  f3:0x3f800000 f24:0x7fc00000 f13=0x3f800000
     116635.000 ns	     11662	80002564	ca7cb1b7	lui	x3,0xca7cb	  x3=0xca7cb000
     116645.000 ns	     11663	80002568	00fa1c13	slli	x24,x20,0xf	 x20:0x00000001 x24=0x00008000
     116655.000 ns	     11664	8000256c	007c2033	slt	x0,x24,x7	 x24:0x00000000  x7:0x00000001
     116665.000 ns	     11665	80002570	01f4f433	and	x8,x9,x31	  x9:0x7ffbf100 x31:0x00000000  x8=0x00000000
     116675.000 ns	     11666	80002574	492e8a93	addi	x21,x29,1170	 x29:0x02000000 x21=0x02000492
     116685.000 ns	     11667	80002578	09062e93	slti	x29,x12,144	 x12:0xfffffa7b x29=0x00000001
     116705.000 ns	     11669	8000257c	d0013d53	fcvt.s.w	f26,x2	  x2:0x00000000 f26=0x00000000
     116735.000 ns	     11672	80002580	03079d33	mulh	x26,x15,x16	 x15:0x00000001 x16:0x00000000 x26=0x00000000
     116755.000 ns	     11674	80002584	41e25c33	sra	x24,x4,x30	  x4:0x000007de x30:0x83d25000 x24=0x000007de
     116765.000 ns	     11675	80002588	9ab58313	addi	x6,x11,-1621	 x11:0x00000000  x6=0xfffff9ab
     116775.000 ns	     11676	8000258c	0b218c93	addi	x25,x3,178	  x3:0xca7cb000 x25=0xca7cb0b2
     116795.000 ns	     11678	80002590	20708ad3	fsgnj.s	f21,f1,f7	  f1:0xffffff80  f7:0xffffff80 f21=0xffffff80
     116825.000 ns	     11681	80002594	e00415d3	fclass.s	x11,f8	  f8:0x00000000 x11=0x00000010
     116855.000 ns	     11684	80002598	03bd7933	remu	x18,x26,x27	 x26:0x00000000 x27:0x00000000 x18=0x00000000
     116885.000 ns	     11687	8000259c	038e25b3	mulhsu	x11,x28,x24	 x28:0x80040fe4 x24:0x000007de x11=0xfffffc11
     116915.000 ns	     11690	800025a0	0382a033	mulhsu	x0,x5,x24	  x5:0x00000000 x24:0x000007de
     116945.000 ns	     11693	800025a4	297e0d53	fmin.s	f26,f28,f23	 f28:0x7fc00000 f23:0x00000000 f26=0x00000000
     116975.000 ns	     11696	800025a8	02e90fb3	mul	x31,x18,x14	 x18:0x00000000 x14:0x00000000 x31=0x00000000
     117005.000 ns	     11699	800025ac	f00a8053	fmv.w.x	f0,x21	 x21:0x02000492  f0=0x02000492
     117035.000 ns	     11702	800025b0	02fe20b3	mulhsu	x1,x28,x15	 x28:0x80040fe4 x15:0x00000001  x1=0xffffffff
     117055.000 ns	     11704	800025b4	92bcf293	andi	x5,x25,-1749	 x25:0xca7cb0b2  x5=0xca7cb022
     117075.000 ns	     11706	800025b8	f00b0253	fmv.w.x	f4,x22	 x22:0x00000000  f4=0x00000000
     117095.000 ns	     11708	800025bc	01725c33	srl	x24,x4,x23	  x4:0x000007de x23:0x80000000 x24=0x000007de
     117115.000 ns	     11710	800025c0	03d89f33	mulh	x30,x17,x29	 x17:0x00000001 x29:0x00000001 x30=0x00000000
     117455.000 ns	     11744	800025c4	18d5f0d3	fdiv.s	f1,f11,f13	 f11:0x4f00040f f13:0x3f800000  f1=0x4f0003ab
     117485.000 ns	     11747	800025c8	03493a33	mulhu	x20,x18,x20	 x18:0x00000000 x20:0x00000001 x20=0x00000000
     117515.000 ns	     11750	800025cc	20572ad3	fsgnjx.s	f21,f14,f5	 f14:0x00000000  f5:0x7fc00000 f21=0x00000000
     117535.000 ns	     11752	800025d0	41115f13	srai	x30,x2,0x11	  x2:0x00000000 x30=0x00000000
     117895.000 ns	     11788	800025d4	025f4eb3	div	x29,x30,x5	 x30:0x00000000  x5:0xca7cb022 x29=0x00000000
     117915.000 ns	     11790	800025d8	a414fc13	andi	x24,x9,-1471	  x9:0x7ffbf100 x24=0x7ffbf000
     117925.000 ns	     11791	800025dc	936bc693	xori	x13,x23,-1738	 x23:0x80000000 x13=0x7ffff936
     117935.000 ns	     11792	800025e0	303e4e97	auipc	x29,0x303e4	 x29=0xb03e65e0
     117955.000 ns	     11794	800025e4	d00ef253	fcvt.s.w	f4,x29	 x29:0x00000000  f4=0xce9f8334
     117975.000 ns	     11796	800025e8	0082d3b3	srl	x7,x5,x8	  x5:0xca7cb022  x8:0x00000000  x7=0xca7cb022
     117985.000 ns	     11797	800025ec	00ddb3b3	sltu	x7,x27,x13	 x27:0x00000000 x13:0x7ffff936  x7=0x00000001
     117995.000 ns	     11798	800025f0	01829f33	sll	x30,x5,x24	  x5:0xca7cb022 x24:0x7ffbf000 x30=0xca7cb022
     118015.000 ns	     11800	800025f4	03b766b3	rem	x13,x14,x27	 x14:0x00000000 x27:0x00000000 x13=0x00000000
     118035.000 ns	     11802	800025f8	00269193	slli	x3,x13,0x2	 x13:0x7ffff936  x3=0x00000000
     118045.000 ns	     11803	800025fc	59953893	sltiu	x17,x10,1433	 x10:0x00000000 x17=0x00000001
     118055.000 ns	     11804	80002600	0021a733	slt	x14,x3,x2	  x3:0xca7cb000  x2:0x00000000 x14=0x00000000
     118065.000 ns	     11805	80002604	0027cdb3	xor	x27,x15,x2	 x15:0x00000001  x2:0x00000000 x27=0x00000001
     118085.000 ns	     11807	80002608	d018fad3	fcvt.s.wu	f21,x17	 x17:0x00000001 f21=0x3f800000
     118105.000 ns	     11809	8000260c	77832397	auipc	x7,0x77832	  x7=0xf783460c
     118115.000 ns	     11810	80002610	8ad4b493	sltiu	x9,x9,-1875	  x9:0x7ffbf100  x9=0x00000001
     118125.000 ns	     11811	80002614	40320533	sub	x10,x4,x3	  x4:0x000007de  x3:0x00000000 x10=0x000007de
     118485.000 ns	     11847	80002618	02116033	rem	x0,x2,x1	  x2:0x00000000  x1:0xffffffff
     118515.000 ns	     11850	8000261c	02448933	mul	x18,x9,x4	  x9:0x00000001  x4:0x000007de x18=0x000007de
     118545.000 ns	     11853	80002620	291107d3	fmin.s	f15,f2,f17	  f2:0x7fc00000 f17:0x00000000 f15=0x00000000
     118575.000 ns	     11856	80002624	c00476d3	fcvt.w.s	x13,f8	  f8:0x00000000 x13=0x00000000
     118595.000 ns	     11858	80002628	01735013	srli	x0,x6,0x17	  x6:0xfffff9ab
     118605.000 ns	     11859	8000262c	77bcc793	xori	x15,x25,1915	 x25:0xca7cb0b2 x15=0xca7cb7c9
     118625.000 ns	     11861	80002630	03a77533	remu	x10,x14,x26	 x14:0x00000000 x26:0x00000000 x10=0x00000000
     118645.000 ns	     11863	80002634	003fddb3	srl	x27,x31,x3	 x31:0x00000000  x3:0x00000000 x27=0x00000000
     118655.000 ns	     11864	80002638	00533133	sltu	x2,x6,x5	  x6:0xfffff9ab  x5:0xca7cb022  x2=0x00000000
     118675.000 ns	     11866	8000263c	d01070d3	fcvt.s.wu	f1,x0	  x0:0x00000000  f1=0x00000000
     118695.000 ns	     11868	80002640	4f6750b7	lui	x1,0x4f675	  x1=0x4f675000
     118705.000 ns	     11869	80002644	0068e033	or	x0,x17,x6	 x17:0x00000001  x6:0xfffff9ab
     118745.000 ns	     11873	80002648	01ddf8d3	fadd.s	f17,f27,f29	 f27:0x7fc00000 f29:0x4f000000 f17=0x7fc00000
     118765.000 ns	     11875	8000264c	9c01e713	ori	x14,x3,-1600	  x3:0x00000000 x14=0xfffff9c0
     118785.000 ns	     11877	80002650	218a2ed3	fsgnjx.s	f29,f20,f24	 f20:0x4f00040f f24:0x7fc00000 f29=0x4f00040f
     119155.000 ns	     11914	80002654	021f68b3	rem	x17,x30,x1	 x30:0xca7cb022  x1:0x4f675000 x17=0xca7cb022
     119185.000 ns	     11917	80002658	c0188453	fcvt.wu.s	x8,f17	 f17:0x7fc00000  x8=0xffffffff
     119215.000 ns	     11920	8000265c	207106d3	fsgnj.s	f13,f2,f7	  f2:0x7fc00000  f7:0xffffff80 f13=0xffc00000
     119245.000 ns	     11923	80002660	02340d33	mul	x26,x8,x3	  x8:0xffffffff  x3:0x00000000 x26=0x00000000
     119265.000 ns	     11925	80002664	010225b3	slt	x11,x4,x16	  x4:0x000007de x16:0x00000000 x11=0x00000000
     119275.000 ns	     11926	80002668	001602b3	add	x5,x12,x1	 x12:0xfffffa7b  x1:0x4f675000  x5=0x4f674a7b
     119285.000 ns	     11927	8000266c	1c053593	sltiu	x11,x10,448	 x10:0x00000000 x11=0x00000001
     119295.000 ns	     11928	80002670	003e5113	srli	x2,x28,0x3	 x28:0x80040fe4  x2=0x100081fc
     119315.000 ns	     11930	80002674	288b1ed3	fmax.s	f29,f22,f8	 f22:0x7fc00000  f8:0x00000000 f29=0x00000000
     119345.000 ns	     11933	80002678	213f8dd3	fsgnj.s	f27,f31,f19	 f31:0x80000000 f19:0x7fc00000 f27=0x00000000
     119375.000 ns	     11936	8000267c	d0149ed3	fcvt.s.wu	f29,x9	  x9:0x00000001 f29=0x3f800000
     119405.000 ns	     11939	80002680	036d9fb3	mulh	x31,x27,x22	 x27:0x00000000 x22:0x00000000 x31=0x00000000
     119455.000 ns	     11944	80002684	00e77953	fadd.s	f18,f14,f14	 f14:0x00000000 f14:0x00000000 f18=0x00000000
     119475.000 ns	     11946	80002688	01832fb3	slt	x31,x6,x24	  x6:0xfffff9ab x24:0x7ffbf000 x31=0x00000001
     119495.000 ns	     11948	8000268c	21909353	fsgnjn.s	f6,f1,f25	  f1:0x00000000 f25:0x5e800000  f6=0x80000000
     119525.000 ns	     11951	80002690	c016f8d3	fcvt.wu.s	x17,f13	 f13:0xffc00000 x17=0xffffffff
     119555.000 ns	     11954	80002694	e00b12d3	fclass.s	x5,f22	 f22:0x7fc00000  x5=0x00000200
     119585.000 ns	     11957	80002698	d0189353	fcvt.s.wu	f6,x17	 x17:0xffffffff  f6=0x4f7fffff
     119615.000 ns	     11960	8000269c	a04fa953	feq.s	x18,f31,f4	 f31:0x80000000  f4:0xce9f8334 x18=0x00000000
     119955.000 ns	     11994	800026a0	1841a6d3	fdiv.s	f13,f3,f4	  f3:0x3f800000  f4:0xce9f8334 f13=0xb0000000
     119975.000 ns	     11996	800026a4	00839293	slli	x5,x7,0x8	  x7:0xf783460c  x5=0x83460c00
     119985.000 ns	     11997	800026a8	01d1efb3	or	x31,x3,x29	  x3:0x00000000 x29:0xb03e65e0 x31=0xb03e65e0
     119995.000 ns	     11998	800026ac	0043b8b3	sltu	x17,x7,x4	  x7:0xf783460c  x4:0x000007de x17=0x00000000
     120035.000 ns	     12002	800026b0	011711d3	fadd.s	f3,f14,f17	 f14:0x00000000 f17:0x7fc00000  f3=0x7fc00000
     120075.000 ns	     12006	800026b4	10777fd3	fmul.s	f31,f14,f7	 f14:0x00000000  f7:0xffffff80 f31=0x7fc00000
     120105.000 ns	     12009	800026b8	f0008ed3	fmv.w.x	f29,x1	  x1:0x4f675000 f29=0x4f675000
     120125.000 ns	     12011	800026bc	00000013	addi	x0,x0,0	  x0:0x00000000
     120145.000 ns	     12013	800026c0	026a1fb3	mulh	x31,x20,x6	 x20:0x00000000  x6:0xfffff9ab x31=0x00000000
     120175.000 ns	     12016	800026c4	03a2a8b3	mulhsu	x17,x5,x26	  x5:0x83460c00 x26:0x00000000 x17=0x00000000
     120205.000 ns	     12019	800026c8	02eabcb3	mulhu	x25,x21,x14	 x21:0x02000492 x14:0xfffff9c0 x25=0x02000485
     120235.000 ns	     12022	800026cc	020ad1b3	divu	x3,x21,x0	 x21:0x02000492  x0:0x00000000  x3=0xffffffff
     120265.000 ns	     12025	800026d0	02f312b3	mulh	x5,x6,x15	  x6:0xfffff9ab x15:0xca7cb7c9  x5=0x00000152
     120305.000 ns	     12029	800026d4	19eab8d3	fdiv.s	f17,f21,f30	 f21:0x3f800000 f30:0x00000000 f17=0x7f800000
     120335.000 ns	     12032	800026d8	c009f5d3	fcvt.w.s	x11,f19	 f19:0x7fc00000 x11=0x7fffffff
     120675.000 ns	     12066	800026dc	18950f53	fdiv.s	f30,f10,f9	 f10:0x4f000000  f9:0x3f000000 f30=0x4f7fff38
     120705.000 ns	     12069	800026e0	a1550a53	fle.s	x20,f10,f21	 f10:0x4f000000 f21:0x3f800000 x20=0x00000000
     120735.000 ns	     12072	800026e4	286f0cd3	fmin.s	f25,f30,f6	 f30:0x4f7fff38  f6:0x4f7fffff f25=0x4f7fff38
     120765.000 ns	     12075	800026e8	a1640ed3	fle.s	x29,f8,f22	  f8:0x00000000 f22:0x7fc00000 x29=0x00000000
     120785.000 ns	     12077	800026ec	955e4093	xori	x1,x28,-1707	 x28:0x80040fe4  x1=0x7ffbf6b1
     120805.000 ns	     12079	800026f0	20cf0f53	fsgnj.s	f30,f30,f12	 f30:0x4f7fff38 f12:0xffc00000 f30=0xcf7fff38
     120835.000 ns	     12082	800026f4	e00d82d3	fmv.x.w	x5,f27	 f27:0x00000000  x5=0x00000000
     120865.000 ns	     12085	800026f8	c0077cd3	fcvt.w.s	x25,f14	 f14:0x00000000 x25=0x00000000
     120895.000 ns	     12088	800026fc	c014fd53	fcvt.wu.s	x26,f9	  f9:0x3f000000 x26=0x00000000
     120915.000 ns	     12090	80002700	01cb2fb3	slt	x31,x22,x28	 x22:0x00000000 x28:0x80040fe4 x31=0x00000000
     120925.000 ns	     12091	80002704	00000013	addi	x0,x0,0	  x0:0x00000000
     120935.000 ns	     12092	80002708	49ad0a13	addi	x20,x26,1178	 x26:0x00000000 x20=0x0000049a
     120955.000 ns	     12094	8000270c	a0ec04d3	fle.s	x9,f24,f14	 f24:0x7fc00000 f14:0x00000000  x9=0x00000000
     120985.000 ns	     12097	80002710	f0088753	fmv.w.x	f14,x17	 x17:0x00000000 f14=0x00000000
     121015.000 ns	     12100	80002714	a0ed2253	feq.s	x4,f26,f14	 f26:0x00000000 f14:0x00000000  x4=0x00000001
     121035.000 ns	     12102	80002718	00f69833	sll	x16,x13,x15	 x13:0x00000000 x15:0xca7cb7c9 x16=0x00000000
     121045.000 ns	     12103	8000271c	0046b933	sltu	x18,x13,x4	 x13:0x00000000  x4:0x00000001 x18=0x00000001
     121055.000 ns	     12104	80002720	415f5cb3	sra	x25,x30,x21	 x30:0xca7cb022 x21:0x02000492 x25=0xfffff29f
     121065.000 ns	     12105	80002724	01e90333	add	x6,x18,x30	 x18:0x00000000 x30:0xca7cb022  x6=0xca7cb023
     121085.000 ns	     12107	80002728	a07a2fd3	feq.s	x31,f20,f7	 f20:0x4f00040f  f7:0xffffff80 x31=0x00000000
     121105.000 ns	     12109	8000272c	00b3c033	xor	x0,x7,x11	  x7:0xf783460c x11:0x7fffffff
     121135.000 ns	     12112	80002730	10cd2cd3	fmul.s	f25,f26,f12	 f26:0x00000000 f12:0xffc00000 f25=0x7fc00000
     121185.000 ns	     12117	80002734	0046f0d3	fadd.s	f1,f13,f4	 f13:0xb0000000  f4:0xce9f8334  f1=0xce9f8334
     121215.000 ns	     12120	80002738	a1370253	fle.s	x4,f14,f19	 f14:0x00000000 f19:0x7fc00000  x4=0x00000000
     121235.000 ns	     12122	8000273c	4dcf7f97	auipc	x31,0x4dcf7	 x31=0xcdcf973c
     121255.000 ns	     12124	80002740	e00d94d3	fclass.s	x9,f27	 f27:0x00000000  x9=0x00000010
     121285.000 ns	     12127	80002744	21620f53	fsgnj.s	f30,f4,f22	  f4:0xce9f8334 f22:0x7fc00000 f30=0x4e9f8334
     121305.000 ns	     12129	80002748	01a39f33	sll	x30,x7,x26	  x7:0xf783460c x26:0x00000000 x30=0xf783460c
     121315.000 ns	     12130	8000274c	00000013	addi	x0,x0,0	  x0:0x00000000
     121335.000 ns	     12132	80002750	219f1d53	fsgnjn.s	f26,f30,f25	 f30:0x4e9f8334 f25:0x7fc00000 f26=0xce9f8334
     121355.000 ns	     12134	80002754	01068b33	add	x22,x13,x16	 x13:0x00000000 x16:0x00000000 x22=0x00000000
     121365.000 ns	     12135	80002758	40498433	sub	x8,x19,x4	 x19:0x80041024  x4:0x00000000  x8=0x80041024
     121385.000 ns	     12137	8000275c	c00348d3	fcvt.w.s	x17,f6	  f6:0x4f7fffff x17=0x7fffffff
     121415.000 ns	     12140	80002760	e00898d3	fclass.s	x17,f17	 f17:0x7f800000 x17=0x00000080
     121435.000 ns	     12142	80002764	7f898c93	addi	x25,x19,2040	 x19:0x80041024 x25=0x8004181c
     121455.000 ns	     12144	80002768	29ac9753	fmax.s	f14,f25,f26	 f25:0x7fc00000 f26:0xce9f8334 f14=0xce9f8334
     121475.000 ns	     12146	8000276c	29ddc513	xori	x10,x27,669	 x27:0x00000000 x10=0x0000029d
     121485.000 ns	     12147	80002770	e5a22293	slti	x5,x4,-422	  x4:0x00000000  x5=0x00000000
     121495.000 ns	     12148	80002774	40fddd93	srai	x27,x27,0xf	 x27:0x00000000 x27=0x00000000
     121515.000 ns	     12150	80002778	03d0bd33	mulhu	x26,x1,x29	  x1:0x7ffbf6b1 x29:0x00000000 x26=0x00000000
     121535.000 ns	     12152	8000277c	0048f433	and	x8,x17,x4	 x17:0x00000080  x4:0x00000000  x8=0x00000000
     121555.000 ns	     12154	80002780	03ae6cb3	rem	x25,x28,x26	 x28:0x80040fe4 x26:0x00000000 x25=0x80040fe4
     121575.000 ns	     12156	80002784	3689f193	andi	x3,x19,872	 x19:0x80041024  x3=0x00000020
     121615.000 ns	     12160	80002788	000d0553	fadd.s	f10,f26,f0	 f26:0xce9f8334  f0:0x02000492 f10=0xce9f8334
     121635.000 ns	     12162	8000278c	01b2c3b3	xor	x7,x5,x27	  x5:0x00000000 x27:0x00000000  x7=0x00000000
     121645.000 ns	     12163	80002790	4b8efd13	andi	x26,x29,1208	 x29:0x00000000 x26=0x00000000
     121655.000 ns	     12164	80002794	0a16fc93	andi	x25,x13,161	 x13:0x00000000 x25=0x00000000
     121675.000 ns	     12166	80002798	d0167b53	fcvt.s.wu	f22,x12	 x12:0xfffffa7b f22=0x4f7ffffa
     121695.000 ns	     12168	8000279c	d3c7af13	slti	x30,x15,-708	 x15:0xca7cb7c9 x30=0x00000001
     121715.000 ns	     12170	800027a0	210302d3	fsgnj.s	f5,f6,f16	  f6:0x4f7fffff f16:0x00000000  f5=0x4f7fffff
     121745.000 ns	     12173	800027a4	c00336d3	fcvt.w.s	x13,f6	  f6:0x4f7fffff x13=0x7fffffff
     121765.000 ns	     12175	800027a8	56e8c513	xori	x10,x17,1390	 x17:0x00000080 x10=0x000005ee
     121775.000 ns	     12176	800027ac	00907c33	and	x24,x0,x9	  x0:0x00000000  x9:0x00000010 x24=0x00000000
     121785.000 ns	     12177	800027b0	00054fb3	xor	x31,x10,x0	 x10:0x0000029d  x0:0x00000000 x31=0x000005ee
     121805.000 ns	     12179	800027b4	03a713b3	mulh	x7,x14,x26	 x14:0xfffff9c0 x26:0x00000000  x7=0x00000000
     121825.000 ns	     12181	800027b8	014211b3	sll	x3,x4,x20	  x4:0x00000000 x20:0x0000049a  x3=0x00000000
     121835.000 ns	     12182	800027bc	61d53697	auipc	x13,0x61d53	 x13=0xe1d557bc
     121855.000 ns	     12184	800027c0	a11a0a53	fle.s	x20,f20,f17	 f20:0x4f00040f f17:0x7f800000 x20=0x00000001
     121885.000 ns	     12187	800027c4	c008a8d3	fcvt.w.s	x17,f17	 f17:0x7f800000 x17=0x7fffffff
     121905.000 ns	     12189	800027c8	2acd2413	slti	x8,x26,684	 x26:0x00000000  x8=0x00000001
     121915.000 ns	     12190	800027cc	01169c93	slli	x25,x13,0x11	 x13:0xe1d557bc x25=0xaf780000
     121925.000 ns	     12191	800027d0	1e304c17	auipc	x24,0x1e304	 x24=0x9e3067d0
     121935.000 ns	     12192	800027d4	00000013	addi	x0,x0,0	  x0:0x00000000
     121955.000 ns	     12194	800027d8	292e1953	fmax.s	f18,f28,f18	 f28:0x7fc00000 f18:0x00000000 f18=0x00000000
     122325.000 ns	     12231	800027dc	022c4533	div	x10,x24,x2	 x24:0x9e3067d0  x2:0x100081fc x10=0xfffffffa
     122345.000 ns	     12233	800027e0	01c9d133	srl	x2,x19,x28	 x19:0x80041024 x28:0x80040fe4  x2=0x08004102
     122355.000 ns	     12234	800027e4	0000fc33	and	x24,x1,x0	  x1:0x7ffbf6b1  x0:0x00000000 x24=0x00000000
     122365.000 ns	     12235	800027e8	24162093	slti	x1,x12,577	 x12:0xfffffa7b  x1=0x00000001
     122375.000 ns	     12236	800027ec	00f6da33	srl	x20,x13,x15	 x13:0xe1d557bc x15:0xca7cb7c9 x20=0x0070eaab
     122395.000 ns	     12238	800027f0	0302e8b3	rem	x17,x5,x16	  x5:0x00000000 x16:0x00000000 x17=0x00000000
     122415.000 ns	     12240	800027f4	76d03d13	sltiu	x26,x0,1901	  x0:0x00000000 x26=0x00000001
     122425.000 ns	     12241	800027f8	a7db0c13	addi	x24,x22,-1411	 x22:0x00000000 x24=0xfffffa7d
     122445.000 ns	     12243	800027fc	20e08553	fsgnj.s	f10,f1,f14	  f1:0xce9f8334 f14:0xce9f8334 f10=0xce9f8334
     122475.000 ns	     12246	80002800	d01df6d3	fcvt.s.wu	f13,x27	 x27:0x00000000 f13=0x00000000
     122505.000 ns	     12249	80002804	215c23d3	fsgnjx.s	f7,f24,f21	 f24:0x7fc00000 f21:0x3f800000  f7=0x7fc00000
     122535.000 ns	     12252	80002808	03a3b1b3	mulhu	x3,x7,x26	  x7:0x00000000 x26:0x00000001  x3=0x00000000
     122555.000 ns	     12254	8000280c	00d05833	srl	x16,x0,x13	  x0:0x00000000 x13:0xe1d557bc x16=0x00000000
     122565.000 ns	     12255	80002810	4167df13	srai	x30,x15,0x16	 x15:0xca7cb7c9 x30=0xffffff29
     122605.000 ns	     12259	80002814	0846f353	fsub.s	f6,f13,f4	 f13:0x00000000  f4:0xce9f8334  f6=0x4e9f8334
     122625.000 ns	     12261	80002818	41a2d633	sra	x12,x5,x26	  x5:0x00000000 x26:0x00000001 x12=0x00000000
     122655.000 ns	     12264	8000281c	10b7ff53	fmul.s	f30,f15,f11	 f15:0x00000000 f11:0x4f00040f f30=0x00000000
     122685.000 ns	     12267	80002820	296e8c53	fmin.s	f24,f29,f22	 f29:0x4f675000 f22:0x4f7ffffa f24=0x4f675000
     122715.000 ns	     12270	80002824	20340753	fsgnj.s	f14,f8,f3	  f8:0x00000000  f3:0x7fc00000 f14=0x00000000
     122745.000 ns	     12273	80002828	d00948d3	fcvt.s.w	f17,x18	 x18:0x00000001 f17=0x3f800000
     122785.000 ns	     12277	8000282c	18cd7953	fdiv.s	f18,f26,f12	 f26:0xce9f8334 f12:0xffc00000 f18=0x7fc00000
     122815.000 ns	     12280	80002830	f0058dd3	fmv.w.x	f27,x11	 x11:0x7fffffff f27=0x7fffffff
     122845.000 ns	     12283	80002834	d014f553	fcvt.s.wu	f10,x9	  x9:0x00000010 f10=0x41800000
     122885.000 ns	     12287	80002838	11c4fa53	fmul.s	f20,f9,f28	  f9:0x3f000000 f28:0x7fc00000 f20=0x7fc00000
     122905.000 ns	     12289	8000283c	ddec4193	xori	x3,x24,-546	 x24:0xfffffa7d  x3=0x000007a3
     122915.000 ns	     12290	80002840	40dbd133	sra	x2,x23,x13	 x23:0x80000000 x13:0xe1d557bc  x2=0xfffffff8
     122935.000 ns	     12292	80002844	a0812d53	feq.s	x26,f2,f8	  f2:0x7fc00000  f8:0x00000000 x26=0x00000000
     122975.000 ns	     12296	80002848	10def653	fmul.s	f12,f29,f13	 f29:0x4f675000 f13:0x00000000 f12=0x00000000
     122995.000 ns	     12298	8000284c	0083d793	srli	x15,x7,0x8	  x7:0x00000000 x15=0x00000000
     123005.000 ns	     12299	80002850	018003b3	add	x7,x0,x24	  x0:0x00000000 x24:0xfffffa7d  x7=0xfffffa7d
     123015.000 ns	     12300	80002854	003c4933	xor	x18,x24,x3	 x24:0xfffffa7d  x3:0x000007a3 x18=0xfffffdde
     123035.000 ns	     12302	80002858	0360d4b3	divu	x9,x1,x22	  x1:0x00000001 x22:0x00000000  x9=0xffffffff
     123055.000 ns	     12304	8000285c	40b7d593	srai	x11,x15,0xb	 x15:0x00000000 x11=0x00000000
     123075.000 ns	     12306	80002860	a0282953	feq.s	x18,f16,f2	 f16:0x00000000  f2:0x7fc00000 x18=0x00000000
     123105.000 ns	     12309	80002864	c01df3d3	fcvt.wu.s	x7,f27	 f27:0x7fffffff  x7=0xffffffff
     123125.000 ns	     12311	80002868	41f458b3	sra	x17,x8,x31	  x8:0x00000001 x31:0x000005ee x17=0x00000000
     123155.000 ns	     12314	8000286c	11e7b253	fmul.s	f4,f15,f30	 f15:0x00000000 f30:0x00000000  f4=0x00000000
     123195.000 ns	     12318	80002870	11fe75d3	fmul.s	f11,f28,f31	 f28:0x7fc00000 f31:0x7fc00000 f11=0x7fc00000
     123215.000 ns	     12320	80002874	01321d33	sll	x26,x4,x19	  x4:0x00000000 x19:0x80041024 x26=0x00000000
     123245.000 ns	     12323	80002878	11fcfad3	fmul.s	f21,f25,f31	 f25:0x7fc00000 f31:0x7fc00000 f21=0x7fc00000
     123265.000 ns	     12325	8000287c	404c50b3	sra	x1,x24,x4	 x24:0xfffffa7d  x4:0x00000000  x1=0xfffffa7d
     123285.000 ns	     12327	80002880	f00f0553	fmv.w.x	f10,x30	 x30:0xffffff29 f10=0xffffff29
     123305.000 ns	     12329	80002884	84d36013	ori	x0,x6,-1971	  x6:0xca7cb023
     123315.000 ns	     12330	80002888	4112d393	srai	x7,x5,0x11	  x5:0x00000000  x7=0x00000000
     123325.000 ns	     12331	8000288c	008678b3	and	x17,x12,x8	 x12:0x00000000  x8:0x00000001 x17=0x00000000
     123365.000 ns	     12335	80002890	00cb8f53	fadd.s	f30,f23,f12	 f23:0x00000000 f12:0x00000000 f30=0x00000000
     123395.000 ns	     12338	80002894	e00581d3	fmv.x.w	x3,f11	 f11:0x7fc00000  x3=0x7fc00000
     123425.000 ns	     12341	80002898	c00c7f53	fcvt.w.s	x30,f24	 f24:0x4f675000 x30=0x7fffffff
     123445.000 ns	     12343	8000289c	01056cb3	or	x25,x10,x16	 x10:0xfffffffa x16:0x00000000 x25=0xfffffffa
     123465.000 ns	     12345	800028a0	f00507d3	fmv.w.x	f15,x10	 x10:0xfffffffa f15=0xfffffffa
     123485.000 ns	     12347	800028a4	003fd093	srli	x1,x31,0x3	 x31:0x000005ee  x1=0x000000bd
     123505.000 ns	     12349	800028a8	f0098253	fmv.w.x	f4,x19	 x19:0x80041024  f4=0x80041024
     123525.000 ns	     12351	800028ac	c706f913	andi	x18,x13,-912	 x13:0xe1d557bc x18=0xe1d55430
     123535.000 ns	     12352	800028b0	016f5393	srli	x7,x30,0x16	 x30:0x7fffffff  x7=0x000001ff
     123545.000 ns	     12353	800028b4	ca339fb7	lui	x31,0xca339	 x31=0xca339000
     123905.000 ns	     12389	800028b8	0295d3b3	divu	x7,x11,x9	 x11:0x00000000  x9:0xffffffff  x7=0x00000000
     123935.000 ns	     12392	800028bc	21308fd3	fsgnj.s	f31,f1,f19	  f1:0xce9f8334 f19:0x7fc00000 f31=0x4e9f8334
     123955.000 ns	     12394	800028c0	0083f3b3	and	x7,x7,x8	  x7:0x00000000  x8:0x00000001  x7=0x00000000
     123975.000 ns	     12396	800028c4	c006f0d3	fcvt.w.s	x1,f13	 f13:0x00000000  x1=0x00000000
     124005.000 ns	     12399	800028c8	28fa9253	fmax.s	f4,f21,f15	 f21:0x7fc00000 f15:0xfffffffa  f4=0x7fc00000
     124025.000 ns	     12401	800028cc	00f26833	or	x16,x4,x15	  x4:0x00000000 x15:0x00000000 x16=0x00000000
     124035.000 ns	     12402	800028d0	01f8cd33	xor	x26,x17,x31	 x17:0x00000000 x31:0xca339000 x26=0xca339000
     124055.000 ns	     12404	800028d4	a05412d3	flt.s	x5,f8,f5	  f8:0x00000000  f5:0x4f7fffff  x5=0x00000001
     124075.000 ns	     12406	800028d8	01119c33	sll	x24,x3,x17	  x3:0x7fc00000 x17:0x00000000 x24=0x7fc00000
     124085.000 ns	     12407	800028dc	002bb433	sltu	x8,x23,x2	 x23:0x80000000  x2:0xfffffff8  x8=0x00000001
     124105.000 ns	     12409	800028e0	a097a553	feq.s	x10,f15,f9	 f15:0xfffffffa  f9:0x3f000000 x10=0x00000000
     124135.000 ns	     12412	800028e4	e00b9ad3	fclass.s	x21,f23	 f23:0x00000000 x21=0x00000010
     124165.000 ns	     12415	800028e8	c00ef853	fcvt.w.s	x16,f29	 f29:0x4f675000 x16=0x7fffffff
     124185.000 ns	     12417	800028ec	46453613	sltiu	x12,x10,1124	 x10:0x00000000 x12=0x00000001
     124195.000 ns	     12418	800028f0	5d8cfa13	andi	x20,x25,1496	 x25:0xfffffffa x20=0x000005d8
     124205.000 ns	     12419	800028f4	12292093	slti	x1,x18,290	 x18:0xe1d55430  x1=0x00000001
     124245.000 ns	     12423	800028f8	09d404d3	fsub.s	f9,f8,f29	  f8:0x00000000 f29:0x4f675000  f9=0xcf675000
     124265.000 ns	     12425	800028fc	01e7f933	and	x18,x15,x30	 x15:0x00000000 x30:0x7fffffff x18=0x00000000
     124285.000 ns	     12427	80002900	c017f1d3	fcvt.wu.s	x3,f15	 f15:0xfffffffa  x3=0xffffffff
     124305.000 ns	     12429	80002904	017c6433	or	x8,x24,x23	 x24:0x7fc00000 x23:0x80000000  x8=0xffc00000
     124335.000 ns	     12432	80002908	11f020d3	fmul.s	f1,f0,f31	  f0:0x02000492 f31:0x4e9f8334  f1=0x111f88e6
     124365.000 ns	     12435	8000290c	038287b3	mul	x15,x5,x24	  x5:0x00000001 x24:0x7fc00000 x15=0x7fc00000
     124395.000 ns	     12438	80002910	0319b8b3	mulhu	x17,x19,x17	 x19:0x80041024 x17:0x00000000 x17=0x00000000
     124415.000 ns	     12440	80002914	3b87aa13	slti	x20,x15,952	 x15:0x7fc00000 x20=0x00000000
     124435.000 ns	     12442	80002918	020acfb3	div	x31,x21,x0	 x21:0x00000010  x0:0x00000000 x31=0xffffffff
     124465.000 ns	     12445	8000291c	28829dd3	fmax.s	f27,f5,f8	  f5:0x4f7fffff  f8:0x00000000 f27=0x4f7fffff
     124495.000 ns	     12448	80002920	c00434d3	fcvt.w.s	x9,f8	  f8:0x00000000  x9=0x00000000
     124535.000 ns	     12452	80002924	19e09fd3	fdiv.s	f31,f1,f30	  f1:0x111f88e6 f30:0x00000000 f31=0x7f800000
     124555.000 ns	     12454	80002928	407f5833	sra	x16,x30,x7	 x30:0x7fffffff  x7:0x00000000 x16=0x7fffffff
     124585.000 ns	     12457	8000292c	1033f253	fmul.s	f4,f7,f3	  f7:0x7fc00000  f3:0x7fc00000  f4=0x7fc00000
     124615.000 ns	     12460	80002930	29ba89d3	fmin.s	f19,f21,f27	 f21:0x7fc00000 f27:0x4f7fffff f19=0x4f7fffff
     124645.000 ns	     12463	80002934	d003b1d3	fcvt.s.w	f3,x7	  x7:0x00000000  f3=0x00000000
     124685.000 ns	     12467	80002938	5803bdd3	fsqrt.s	f27,f7	  f7:0x7fc00000 f27=0x7fc00000
     124705.000 ns	     12469	8000293c	eea12713	slti	x14,x2,-278	  x2:0xfffffff8 x14=0x00000000
     124725.000 ns	     12471	80002940	214885d3	fsgnj.s	f11,f17,f20	 f17:0x3f800000 f20:0x7fc00000 f11=0x3f800000
     124755.000 ns	     12474	80002944	20e89753	fsgnjn.s	f14,f17,f14	 f17:0x3f800000 f14:0x00000000 f14=0xbf800000
     124785.000 ns	     12477	80002948	21001b53	fsgnjn.s	f22,f0,f16	  f0:0x02000492 f16:0x00000000 f22=0x82000492
     125155.000 ns	     12514	8000294c	03fcf0b3	remu	x1,x25,x31	 x25:0xfffffffa x31:0xffffffff  x1=0xfffffffa
     125525.000 ns	     12551	80002950	037ed033	divu	x0,x29,x23	 x29:0x00000000 x23:0x80000000
     125545.000 ns	     12553	80002954	3c933493	sltiu	x9,x6,969	  x6:0xca7cb023  x9=0x00000000
     125565.000 ns	     12555	80002958	e0090753	fmv.x.w	x14,f18	 f18:0x7fc00000 x14=0x7fc00000
     125585.000 ns	     12557	8000295c	010d51b3	srl	x3,x26,x16	 x26:0xca339000 x16:0x7fffffff  x3=0x00000001
     125595.000 ns	     12558	80002960	01b3d533	srl	x10,x7,x27	  x7:0x00000000 x27:0x00000000 x10=0x00000000
     125955.000 ns	     12594	80002964	035553b3	divu	x7,x10,x21	 x10:0x00000000 x21:0x00000010  x7=0x00000000
     125985.000 ns	     12597	80002968	028900b3	mul	x1,x18,x8	 x18:0x00000000  x8:0xffc00000  x1=0x00000000
     126035.000 ns	     12602	8000296c	09ac70d3	fsub.s	f1,f24,f26	 f24:0x4f675000 f26:0xce9f8334  f1=0x4f9b88cd
     126405.000 ns	     12639	80002970	02f4f133	remu	x2,x9,x15	  x9:0x00000000 x15:0x7fc00000  x2=0x00000000
     126425.000 ns	     12641	80002974	010d7db3	and	x27,x26,x16	 x26:0xca339000 x16:0x7fffffff x27=0x4a339000
     126435.000 ns	     12642	80002978	4ea36893	ori	x17,x6,1258	  x6:0xca7cb023 x17=0xca7cb4eb
     126445.000 ns	     12643	8000297c	5ca6f393	andi	x7,x13,1482	 x13:0xe1d557bc  x7=0x00000588
     126465.000 ns	     12645	80002980	c002ffd3	fcvt.w.s	x31,f5	  f5:0x4f7fffff x31=0x7fffffff
     126495.000 ns	     12648	80002984	213e8753	fsgnj.s	f14,f29,f19	 f29:0x4f675000 f19:0x4f7fffff f14=0x4f675000
     126515.000 ns	     12650	80002988	7411ef93	ori	x31,x3,1857	  x3:0x00000001 x31=0x00000741
     126525.000 ns	     12651	8000298c	10e16a93	ori	x21,x2,270	  x2:0x00000000 x21=0x0000010e
     126885.000 ns	     12687	80002990	03336833	rem	x16,x6,x19	  x6:0xca7cb023 x19:0x80041024 x16=0xca7cb023
     126905.000 ns	     12689	80002994	55df8793	addi	x15,x31,1373	 x31:0x00000741 x15=0x00000c9e
     126915.000 ns	     12690	80002998	00000013	addi	x0,x0,0	  x0:0x00000000
     126925.000 ns	     12691	8000299c	018bc6b3	xor	x13,x23,x24	 x23:0x80000000 x24:0x7fc00000 x13=0xffc00000
     126935.000 ns	     12692	800029a0	00000013	addi	x0,x0,0	  x0:0x00000000
     126945.000 ns	     12693	800029a4	00640c33	add	x24,x8,x6	  x8:0xffc00000  x6:0xca7cb023 x24=0xca3cb023
     126955.000 ns	     12694	800029a8	01c087b3	add	x15,x1,x28	  x1:0x00000000 x28:0x80040fe4 x15=0x80040fe4
     126965.000 ns	     12695	800029ac	e37e7c13	andi	x24,x28,-457	 x28:0x80040fe4 x24=0x80040e24
     126975.000 ns	     12696	800029b0	b9518813	addi	x16,x3,-1131	  x3:0x00000001 x16=0xfffffb96
     126995.000 ns	     12698	800029b4	c009a2d3	fcvt.w.s	x5,f19	 f19:0x4f7fffff  x5=0x7fffffff
     127365.000 ns	     12735	800029b8	03a97833	remu	x16,x18,x26	 x18:0x00000000 x26:0xca339000 x16=0x00000000
     127385.000 ns	     12737	800029bc	0163f833	and	x16,x7,x22	  x7:0x00000588 x22:0x00000000 x16=0x00000000
     127405.000 ns	     12739	800029c0	f0090fd3	fmv.w.x	f31,x18	 x18:0x00000000 f31=0x00000000
     127425.000 ns	     12741	800029c4	412bd913	srai	x18,x23,0x12	 x23:0x80000000 x18=0xffffe000
     127445.000 ns	     12743	800029c8	c0030c53	fcvt.w.s	x24,f6	  f6:0x4e9f8334 x24=0x4fc19a00
     127465.000 ns	     12745	800029cc	62e18113	addi	x2,x3,1582	  x3:0x00000001  x2=0x0000062f
     127485.000 ns	     12747	800029d0	c00b2ad3	fcvt.w.s	x21,f22	 f22:0x82000492 x21=0x00000000
     127535.000 ns	     12752	800029d4	096d7cd3	fsub.s	f25,f26,f22	 f26:0xce9f8334 f22:0x82000492 f25=0xce9f8334
     127555.000 ns	     12754	800029d8	0116a4b3	slt	x9,x13,x17	 x13:0xffc00000 x17:0xca7cb4eb  x9=0x00000000
     127575.000 ns	     12756	800029dc	d01cabd3	fcvt.s.wu	f23,x25	 x25:0xfffffffa f23=0x4f800000
     127595.000 ns	     12758	800029e0	0025e3b3	or	x7,x11,x2	 x11:0x00000000  x2:0x0000062f  x7=0x0000062f
     127605.000 ns	     12759	800029e4	00fbdf93	srli	x31,x23,0xf	 x23:0x80000000 x31=0x00010000
     127615.000 ns	     12760	800029e8	00deadb3	slt	x27,x29,x13	 x29:0x00000000 x13:0xffc00000 x27=0x00000000
     127975.000 ns	     12796	800029ec	02dcec33	rem	x24,x25,x13	 x25:0xfffffffa x13:0xffc00000 x24=0xfffffffa
     127995.000 ns	     12798	800029f0	017bf133	and	x2,x23,x23	 x23:0x80000000 x23:0x80000000  x2=0x80000000
     128005.000 ns	     12799	800029f4	ca2b6213	ori	x4,x22,-862	 x22:0x00000000  x4=0xfffffca2
     128025.000 ns	     12801	800029f8	a1409b53	flt.s	x22,f1,f20	  f1:0x4f9b88cd f20:0x7fc00000 x22=0x00000000
     128065.000 ns	     12805	800029fc	18b87653	fdiv.s	f12,f16,f11	 f16:0x00000000 f11:0x3f800000 f12=0x00000000
     128095.000 ns	     12808	80002a00	c01926d3	fcvt.wu.s	x13,f18	 f18:0x7fc00000 x13=0xffffffff
     128125.000 ns	     12811	80002a04	20fe0853	fsgnj.s	f16,f28,f15	 f28:0x7fc00000 f15:0xfffffffa f16=0xffc00000
     128165.000 ns	     12815	80002a08	185af053	fdiv.s	f0,f21,f5	 f21:0x7fc00000  f5:0x4f7fffff  f0=0x7fc00000
     128185.000 ns	     12817	80002a0c	54bc7a93	andi	x21,x24,1355	 x24:0xfffffffa x21=0x0000054a
     128205.000 ns	     12819	80002a10	026dbab3	mulhu	x21,x27,x6	 x27:0x00000000  x6:0xca7cb023 x21=0x00000000
     128225.000 ns	     12821	80002a14	00481d13	slli	x26,x16,0x4	 x16:0x00000000 x26=0x00000000
     128255.000 ns	     12824	80002a18	114eba53	fmul.s	f20,f29,f20	 f29:0x4f675000 f20:0x7fc00000 f20=0x7fc00000
     128285.000 ns	     12827	80002a1c	a1c92953	feq.s	x18,f18,f28	 f18:0x7fc00000 f28:0x7fc00000 x18=0x00000000
     128305.000 ns	     12829	80002a20	6cf2be93	sltiu	x29,x5,1743	  x5:0x7fffffff x29=0x00000000
     128315.000 ns	     12830	80002a24	01acdeb3	srl	x29,x25,x26	 x25:0xfffffffa x26:0x00000000 x29=0xfffffffa
     128325.000 ns	     12831	80002a28	0077d713	srli	x14,x15,0x7	 x15:0x80040fe4 x14=0x0100081f
     128335.000 ns	     12832	80002a2c	0046ec33	or	x24,x13,x4	 x13:0xffffffff  x4:0xfffffca2 x24=0xffffffff
     128355.000 ns	     12834	80002a30	200d20d3	fsgnjx.s	f1,f26,f0	 f26:0xce9f8334  f0:0x7fc00000  f1=0xce9f8334
     128385.000 ns	     12837	80002a34	0231a033	mulhsu	x0,x3,x3	  x3:0x00000001  x3:0x00000001
     128405.000 ns	     12839	80002a38	ea34e097	auipc	x1,0xea34e	  x1=0x6a350a38
     128435.000 ns	     12842	80002a3c	19f07453	fdiv.s	f8,f0,f31	  f0:0x7fc00000 f31:0x00000000  f8=0x7fc00000
     128455.000 ns	     12844	80002a40	41f854b3	sra	x9,x16,x31	 x16:0x00000000 x31:0x00010000  x9=0x00000000
     128465.000 ns	     12845	80002a44	011970b3	and	x1,x18,x17	 x18:0x00000000 x17:0xca7cb4eb  x1=0x00000000
     128485.000 ns	     12847	80002a48	f00a81d3	fmv.w.x	f3,x21	 x21:0x00000000  f3=0x00000000
     128505.000 ns	     12849	80002a4c	00000013	addi	x0,x0,0	  x0:0x00000000
     128525.000 ns	     12851	80002a50	20df89d3	fsgnj.s	f19,f31,f13	 f31:0x00000000 f13:0x00000000 f19=0x00000000
     128555.000 ns	     12854	80002a54	a09ca653	feq.s	x12,f25,f9	 f25:0xce9f8334  f9:0xcf675000 x12=0x00000000
     128575.000 ns	     12856	80002a58	0024c5b3	xor	x11,x9,x2	  x9:0x00000000  x2:0x80000000 x11=0x80000000
     128585.000 ns	     12857	80002a5c	cd6df897	auipc	x17,0xcd6df	 x17=0x4d6e1a5c
     128595.000 ns	     12858	80002a60	01120233	add	x4,x4,x17	  x4:0xfffffca2 x17:0xca7cb4eb  x4=0x4d6e16fe
     128955.000 ns	     12894	80002a64	03e24533	div	x10,x4,x30	  x4:0xfffffca2 x30:0x7fffffff x10=0x00000000
     128985.000 ns	     12897	80002a68	a18b1fd3	flt.s	x31,f22,f24	 f22:0x82000492 f24:0x4f675000 x31=0x00000001
     129035.000 ns	     12902	80002a6c	0113f153	fadd.s	f2,f7,f17	  f7:0x7fc00000 f17:0x3f800000  f2=0x7fc00000
     129055.000 ns	     12904	80002a70	415fdb13	srai	x22,x31,0x15	 x31:0x00000001 x22=0x00000000
     129065.000 ns	     12905	80002a74	15576b13	ori	x22,x14,341	 x14:0x0100081f x22=0x0100095f
     129425.000 ns	     12941	80002a78	026bd933	divu	x18,x23,x6	 x23:0x80000000  x6:0xca7cb023 x18=0x00000000
     129455.000 ns	     12944	80002a7c	e0009b53	fclass.s	x22,f1	  f1:0xce9f8334 x22=0x00000002
     129485.000 ns	     12947	80002a80	e00f9753	fclass.s	x14,f31	 f31:0x00000000 x14=0x00000010
     129505.000 ns	     12949	80002a84	000b6933	or	x18,x22,x0	 x22:0x00000002  x0:0x00000000 x18=0x00000002
     129515.000 ns	     12950	80002a88	41f551b3	sra	x3,x10,x31	 x10:0x00000000 x31:0x00000001  x3=0x00000000
     129555.000 ns	     12954	80002a8c	093e7a53	fsub.s	f20,f28,f19	 f28:0x7fc00000 f19:0x00000000 f20=0x7fc00000
     129585.000 ns	     12957	80002a90	03f63433	mulhu	x8,x12,x31	 x12:0x00000000 x31:0x00000001  x8=0x00000000
     129605.000 ns	     12959	80002a94	423f3b13	sltiu	x22,x30,1059	 x30:0x7fffffff x22=0x00000000
     129625.000 ns	     12961	80002a98	0380b533	mulhu	x10,x1,x24	  x1:0x00000000 x24:0xffffffff x10=0x00000000
     129655.000 ns	     12964	80002a9c	29340453	fmin.s	f8,f8,f19	  f8:0x7fc00000 f19:0x00000000  f8=0x00000000
     129675.000 ns	     12966	80002aa0	007712b3	sll	x5,x14,x7	 x14:0x00000010  x7:0x0000062f  x5=0x00080000
     129685.000 ns	     12967	80002aa4	01508c33	add	x24,x1,x21	  x1:0x00000000 x21:0x00000000 x24=0x00000000
     129715.000 ns	     12970	80002aa8	5800c6d3	fsqrt.s	f13,f1	  f1:0xce9f8334 f13=0x7fc00000
     129745.000 ns	     12973	80002aac	036a6233	rem	x4,x20,x22	 x20:0x00000000 x22:0x00000000  x4=0x00000000
     129765.000 ns	     12975	80002ab0	723e0d93	addi	x27,x28,1827	 x28:0x80040fe4 x27=0x80041707
     129775.000 ns	     12976	80002ab4	0116b133	sltu	x2,x13,x17	 x13:0xffffffff x17:0x4d6e1a5c  x2=0x00000000
     129785.000 ns	     12977	80002ab8	01a111b3	sll	x3,x2,x26	  x2:0x80000000 x26:0x00000000  x3=0x00000000
     129795.000 ns	     12978	80002abc	ce66aa13	slti	x20,x13,-794	 x13:0xffffffff x20=0x00000000
     129805.000 ns	     12979	80002ac0	019e8633	add	x12,x29,x25	 x29:0xfffffffa x25:0xfffffffa x12=0xfffffff4
     129825.000 ns	     12981	80002ac4	0207a233	mulhsu	x4,x15,x0	 x15:0x80040fe4  x0:0x00000000  x4=0x00000000
     129845.000 ns	     12983	80002ac8	00a708b3	add	x17,x14,x10	 x14:0x00000010 x10:0x00000000 x17=0x00000010
     129865.000 ns	     12985	80002acc	e0000653	fmv.x.w	x12,f0	  f0:0x7fc00000 x12=0x7fc00000
     129895.000 ns	     12988	80002ad0	201289d3	fsgnj.s	f19,f5,f1	  f5:0x4f7fffff  f1:0xce9f8334 f19=0xcf7fffff
     129925.000 ns	     12991	80002ad4	2158aed3	fsgnjx.s	f29,f17,f21	 f17:0x3f800000 f21:0x7fc00000 f29=0x3f800000
     129955.000 ns	     12994	80002ad8	030044b3	div	x9,x0,x16	  x0:0x00000000 x16:0x00000000  x9=0xffffffff
     129985.000 ns	     12997	80002adc	032b2c33	mulhsu	x24,x22,x18	 x22:0x00000000 x18:0x00000002 x24=0x00000000
     130015.000 ns	     13000	80002ae0	03547c33	remu	x24,x8,x21	  x8:0x00000000 x21:0x00000000 x24=0x00000000
     130035.000 ns	     13002	80002ae4	0156c333	xor	x6,x13,x21	 x13:0xffffffff x21:0x00000000  x6=0xffffffff
     130045.000 ns	     13003	80002ae8	41f85533	sra	x10,x16,x31	 x16:0x00000000 x31:0x00000001 x10=0x00000000
     130055.000 ns	     13004	80002aec	587c0493	addi	x9,x24,1415	 x24:0x00000000  x9=0x00000587
     130075.000 ns	     13006	80002af0	290c8e53	fmin.s	f28,f25,f16	 f25:0xce9f8334 f16:0xffc00000 f28=0xce9f8334
     130105.000 ns	     13009	80002af4	c0061b53	fcvt.w.s	x22,f12	 f12:0x00000000 x22=0x00000000
     130125.000 ns	     13011	80002af8	007453b3	srl	x7,x8,x7	  x8:0x00000000  x7:0x0000062f  x7=0x00000000
     130135.000 ns	     13012	80002afc	b8506c13	ori	x24,x0,-1147	  x0:0x00000000 x24=0xfffffb85
     130155.000 ns	     13014	80002b00	a09027d3	feq.s	x15,f0,f9	  f0:0x7fc00000  f9:0xcf675000 x15=0x00000000
     130185.000 ns	     13017	80002b04	21bb8653	fsgnj.s	f12,f23,f27	 f23:0x4f800000 f27:0x7fc00000 f12=0x4f800000
     130205.000 ns	     13019	80002b08	00000013	addi	x0,x0,0	  x0:0x00000000
     130225.000 ns	     13021	80002b0c	02bd8d33	mul	x26,x27,x11	 x27:0x80041707 x11:0x80000000 x26=0x80000000
     130255.000 ns	     13024	80002b10	d00370d3	fcvt.s.w	f1,x6	  x6:0xffffffff  f1=0xbf800000
     130275.000 ns	     13026	80002b14	00ea1a93	slli	x21,x20,0xe	 x20:0x00000000 x21=0x00000000
     130285.000 ns	     13027	80002b18	004dedb3	or	x27,x27,x4	 x27:0x80041707  x4:0x00000000 x27=0x80041707
     130305.000 ns	     13029	80002b1c	e0011d53	fclass.s	x26,f2	  f2:0x7fc00000 x26=0x00000200
     130335.000 ns	     13032	80002b20	299809d3	fmin.s	f19,f16,f25	 f16:0xffc00000 f25:0xce9f8334 f19=0xce9f8334
     130365.000 ns	     13035	80002b24	d0163a53	fcvt.s.wu	f20,x12	 x12:0x7fc00000 f20=0x4eff8000
     130395.000 ns	     13038	80002b28	a0a1a7d3	feq.s	x15,f3,f10	  f3:0x00000000 f10:0xffffff29 x15=0x00000000
     130425.000 ns	     13041	80002b2c	c0128ad3	fcvt.wu.s	x21,f5	  f5:0x4f7fffff x21=0xffffff00
     130455.000 ns	     13044	80002b30	d0071953	fcvt.s.w	f18,x14	 x14:0x00000010 f18=0x41800000
     130825.000 ns	     13081	80002b34	03894f33	div	x30,x18,x24	 x18:0x00000002 x24:0xfffffb85 x30=0x00000000
     130845.000 ns	     13083	80002b38	40cc08b3	sub	x17,x24,x12	 x24:0xfffffb85 x12:0x7fc00000 x17=0x803ffb85
     131205.000 ns	     13119	80002b3c	025bcab3	div	x21,x23,x5	 x23:0x80000000  x5:0x00080000 x21=0xfffff000
     131225.000 ns	     13121	80002b40	f362b437	lui	x8,0xf362b	  x8=0xf362b000
     131235.000 ns	     13122	80002b44	00ac6d33	or	x26,x24,x10	 x24:0xfffffb85 x10:0x00000000 x26=0xfffffb85
     131255.000 ns	     13124	80002b48	c007f353	fcvt.w.s	x6,f15	 f15:0xfffffffa  x6=0x7fffffff
     131295.000 ns	     13128	80002b4c	111109d3	fmul.s	f19,f2,f17	  f2:0x7fc00000 f17:0x3f800000 f19=0x7fc00000
     131315.000 ns	     13130	80002b50	40bc8b33	sub	x22,x25,x11	 x25:0xfffffffa x11:0x80000000 x22=0x7ffffffa
     131325.000 ns	     13131	80002b54	2f062e93	slti	x29,x12,752	 x12:0x7fc00000 x29=0x00000000
     131335.000 ns	     13132	80002b58	007f9013	slli	x0,x31,0x7	 x31:0x00000001
     131345.000 ns	     13133	80002b5c	405d8933	sub	x18,x27,x5	 x27:0x80041707  x5:0x00080000 x18=0x7ffc1707
     131365.000 ns	     13135	80002b60	d0080c53	fcvt.s.w	f24,x16	 x16:0x00000000 f24=0x00000000
     131395.000 ns	     13138	80002b64	d004a553	fcvt.s.w	f10,x9	  x9:0x00000587 f10=0x44b0e000
     131415.000 ns	     13140	80002b68	018f9d33	sll	x26,x31,x24	 x31:0x00000001 x24:0xfffffb85 x26=0x00000020
     131775.000 ns	     13176	80002b6c	025f4833	div	x16,x30,x5	 x30:0x00000000  x5:0x00080000 x16=0x00000000
     131805.000 ns	     13179	80002b70	03df7033	remu	x0,x30,x29	 x30:0x00000000 x29:0x00000000
     131835.000 ns	     13182	80002b74	03349133	mulh	x2,x9,x19	  x9:0x00000587 x19:0x80041024  x2=0xfffffd3c
     131865.000 ns	     13185	80002b78	207c9553	fsgnjn.s	f10,f25,f7	 f25:0xce9f8334  f7:0x7fc00000 f10=0xce9f8334
     132235.000 ns	     13222	80002b7c	0367dfb3	divu	x31,x15,x22	 x15:0x00000000 x22:0x7ffffffa x31=0x00000000
     132255.000 ns	     13224	80002b80	40c250b3	sra	x1,x4,x12	  x4:0x00000000 x12:0x7fc00000  x1=0x00000000
     132275.000 ns	     13226	80002b84	c009b5d3	fcvt.w.s	x11,f19	 f19:0x7fc00000 x11=0x7fffffff
     132305.000 ns	     13229	80002b88	28519053	fmax.s	f0,f3,f5	  f3:0x00000000  f5:0x4f7fffff  f0=0x4f7fffff
     132675.000 ns	     13266	80002b8c	026d4833	div	x16,x26,x6	 x26:0x00000020  x6:0x7fffffff x16=0x00000000
     132695.000 ns	     13268	80002b90	f0e94493	xori	x9,x18,-242	 x18:0x7ffc1707  x9=0x8003e809
     132705.000 ns	     13269	80002b94	41fc8433	sub	x8,x25,x31	 x25:0xfffffffa x31:0x00000000  x8=0xfffffffa
     132715.000 ns	     13270	80002b98	01c2fa33	and	x20,x5,x28	  x5:0x00080000 x28:0x80040fe4 x20=0x00000000
     132735.000 ns	     13272	80002b9c	a1d21753	flt.s	x14,f4,f29	  f4:0x7fc00000 f29:0x3f800000 x14=0x00000000
     132755.000 ns	     13274	80002ba0	003e5833	srl	x16,x28,x3	 x28:0x80040fe4  x3:0x00000000 x16=0x80040fe4
     132765.000 ns	     13275	80002ba4	01aa60b3	or	x1,x20,x26	 x20:0x00000000 x26:0x00000020  x1=0x00000020
     132775.000 ns	     13276	80002ba8	d56b0937	lui	x18,0xd56b0	 x18=0xd56b0000
     132795.000 ns	     13278	80002bac	038a34b3	mulhu	x9,x20,x24	 x20:0x00000000 x24:0xfffffb85  x9=0x00000000
     133165.000 ns	     13315	80002bb0	035b40b3	div	x1,x22,x21	 x22:0x7ffffffa x21:0xfffff000  x1=0xfff80001
     133195.000 ns	     13318	80002bb4	c00a97d3	fcvt.w.s	x15,f21	 f21:0x7fc00000 x15=0x7fffffff
     133215.000 ns	     13320	80002bb8	00862333	slt	x6,x12,x8	 x12:0x7fc00000  x8:0xfffffffa  x6=0x00000000
     133225.000 ns	     13321	80002bbc	00000013	addi	x0,x0,0	  x0:0x00000000
     133245.000 ns	     13323	80002bc0	d0004e53	fcvt.s.w	f28,x0	  x0:0x00000000 f28=0x00000000
     133285.000 ns	     13327	80002bc4	10d71c53	fmul.s	f24,f14,f13	 f14:0x4f675000 f13:0x7fc00000 f24=0x7fc00000
     133315.000 ns	     13330	80002bc8	28e41ed3	fmax.s	f29,f8,f14	  f8:0x00000000 f14:0x4f675000 f29=0x4f675000
     133345.000 ns	     13333	80002bcc	032794b3	mulh	x9,x15,x18	 x15:0x7fffffff x18:0xd56b0000  x9=0xeab58000
     133365.000 ns	     13335	80002bd0	49d67813	andi	x16,x12,1181	 x12:0x7fc00000 x16=0x00000000
     133375.000 ns	     13336	80002bd4	413fda33	sra	x20,x31,x19	 x31:0x00000000 x19:0x80041024 x20=0x00000000
     133385.000 ns	     13337	80002bd8	11c4a393	slti	x7,x9,284	  x9:0xeab58000  x7=0x00000001
     133395.000 ns	     13338	80002bdc	01792433	slt	x8,x18,x23	 x18:0xd56b0000 x23:0x80000000  x8=0x00000000
     133405.000 ns	     13339	80002be0	4114df13	srai	x30,x9,0x11	  x9:0xeab58000 x30=0xfffff55a
     133415.000 ns	     13340	80002be4	41150c33	sub	x24,x10,x17	 x10:0x00000000 x17:0x803ffb85 x24=0x7fc0047b
     133425.000 ns	     13341	80002be8	00000013	addi	x0,x0,0	  x0:0x00000000
     133445.000 ns	     13343	80002bec	c00f3cd3	fcvt.w.s	x25,f30	 f30:0x00000000 x25=0x00000000
     133465.000 ns	     13345	80002bf0	00335d13	srli	x26,x6,0x3	  x6:0x00000000 x26=0x00000000
     133475.000 ns	     13346	80002bf4	007f5413	srli	x8,x30,0x7	 x30:0xfffff55a  x8=0x01ffffea
     133495.000 ns	     13348	80002bf8	e0008fd3	fmv.x.w	x31,f1	  f1:0xbf800000 x31=0xbf800000
     133515.000 ns	     13350	80002bfc	0192e5b3	or	x11,x5,x25	  x5:0x00080000 x25:0x00000000 x11=0x00080000
     133535.000 ns	     13352	80002c00	c017cc53	fcvt.wu.s	x24,f15	 f15:0xfffffffa x24=0xffffffff
     133565.000 ns	     13355	80002c04	e0071053	fclass.s	x0,f14	 f14:0x4f675000
     133585.000 ns	     13357	80002c08	009c6233	or	x4,x24,x9	 x24:0xffffffff  x9:0xeab58000  x4=0xffffffff
     133595.000 ns	     13358	80002c0c	00f8d133	srl	x2,x17,x15	 x17:0x803ffb85 x15:0x7fffffff  x2=0x00000001
     133615.000 ns	     13360	80002c10	020601b3	mul	x3,x12,x0	 x12:0x7fc00000  x0:0x00000000  x3=0x00000000
     133645.000 ns	     13363	80002c14	284d8e53	fmin.s	f28,f27,f4	 f27:0x7fc00000  f4:0x7fc00000 f28=0x7fc00000
     133665.000 ns	     13365	80002c18	41335713	srai	x14,x6,0x13	  x6:0x00000000 x14=0x00000000
     133695.000 ns	     13368	80002c1c	580dfbd3	fsqrt.s	f23,f27	 f27:0x7fc00000 f23=0x7fc00000
     133715.000 ns	     13370	80002c20	01b0e5b3	or	x11,x1,x27	  x1:0xfff80001 x27:0x80041707 x11=0xfffc1707
     133735.000 ns	     13372	80002c24	030a3f33	mulhu	x30,x20,x16	 x20:0x00000000 x16:0x00000000 x30=0x00000000
     133765.000 ns	     13375	80002c28	201918d3	fsgnjn.s	f17,f18,f1	 f18:0x41800000  f1:0xbf800000 f17=0x41800000
     133785.000 ns	     13377	80002c2c	010bf6b3	and	x13,x23,x16	 x23:0x80000000 x16:0x00000000 x13=0x00000000
     133805.000 ns	     13379	80002c30	a0bb2cd3	feq.s	x25,f22,f11	 f22:0x82000492 f11:0x3f800000 x25=0x00000000
     133835.000 ns	     13382	80002c34	d00541d3	fcvt.s.w	f3,x10	 x10:0x00000000  f3=0x00000000
     134205.000 ns	     13419	80002c38	0217d8b3	divu	x17,x15,x1	 x15:0x7fffffff  x1:0xfff80001 x17=0x00000000
     134235.000 ns	     13422	80002c3c	c01476d3	fcvt.wu.s	x13,f8	  f8:0x00000000 x13=0x00000000
     134255.000 ns	     13424	80002c40	01f4cab3	xor	x21,x9,x31	  x9:0xeab58000 x31:0xbf800000 x21=0x55358000
     134265.000 ns	     13425	80002c44	fc589c17	auipc	x24,0xfc589	 x24=0x7c58bc44
     134285.000 ns	     13427	80002c48	28b88ad3	fmin.s	f21,f17,f11	 f17:0x41800000 f11:0x3f800000 f21=0x3f800000
     134305.000 ns	     13429	80002c4c	00470433	add	x8,x14,x4	 x14:0x00000000  x4:0xffffffff  x8=0xffffffff
     134335.000 ns	     13432	80002c50	197dcbd3	fdiv.s	f23,f27,f23	 f27:0x7fc00000 f23:0x7fc00000 f23=0x7fc00000
     134365.000 ns	     13435	80002c54	a139a153	feq.s	x2,f19,f19	 f19:0x7fc00000 f19:0x7fc00000  x2=0x00000000
     134395.000 ns	     13438	80002c58	d01c3dd3	fcvt.s.wu	f27,x24	 x24:0x7c58bc44 f27=0x4ef8b179
     134425.000 ns	     13441	80002c5c	2044a653	fsgnjx.s	f12,f9,f4	  f9:0xcf675000  f4:0x7fc00000 f12=0xcf675000
     134445.000 ns	     13443	80002c60	000c9e93	slli	x29,x25,0x0	 x25:0x00000000 x29=0x00000000
     134465.000 ns	     13445	80002c64	020ca233	mulhsu	x4,x25,x0	 x25:0x00000000  x0:0x00000000  x4=0x00000000
     134835.000 ns	     13482	80002c68	033ed933	divu	x18,x29,x19	 x29:0x00000000 x19:0x80041024 x18=0x00000000
     134855.000 ns	     13484	80002c6c	495de217	auipc	x4,0x495de	  x4=0xc95e0c6c
     134875.000 ns	     13486	80002c70	f00c0153	fmv.w.x	f2,x24	 x24:0x7c58bc44  f2=0x7c58bc44
     134905.000 ns	     13489	80002c74	e0028b53	fmv.x.w	x22,f5	  f5:0x4f7fffff x22=0x4f7fffff
     134925.000 ns	     13491	80002c78	00530f33	add	x30,x6,x5	  x6:0x00000000  x5:0x00080000 x30=0x00080000
     134935.000 ns	     13492	80002c7c	412d5db3	sra	x27,x26,x18	 x26:0x00000000 x18:0x00000000 x27=0x00000000
     134955.000 ns	     13494	80002c80	281b8dd3	fmin.s	f27,f23,f1	 f23:0x7fc00000  f1:0xbf800000 f27=0xbf800000
     135005.000 ns	     13499	80002c84	0074f453	fadd.s	f8,f9,f7	  f9:0xcf675000  f7:0x7fc00000  f8=0x7fc00000
     135025.000 ns	     13501	80002c88	0102dc13	srli	x24,x5,0x10	  x5:0x00080000 x24=0x00000008
     135045.000 ns	     13503	80002c8c	03aa5133	divu	x2,x20,x26	 x20:0x00000000 x26:0x00000000  x2=0xffffffff
     135075.000 ns	     13506	80002c90	d01df053	fcvt.s.wu	f0,x27	 x27:0x00000000  f0=0x00000000
     135115.000 ns	     13510	80002c94	58004853	fsqrt.s	f16,f0	  f0:0x4f7fffff f16=0x00000000
     135485.000 ns	     13547	80002c98	0297ccb3	div	x25,x15,x9	 x15:0x7fffffff  x9:0xeab58000 x25=0xfffffffa
     135505.000 ns	     13549	80002c9c	00df8b33	add	x22,x31,x13	 x31:0xbf800000 x13:0x00000000 x22=0xbf800000
     135525.000 ns	     13551	80002ca0	a0f71b53	flt.s	x22,f14,f15	 f14:0x4f675000 f15:0xfffffffa x22=0x00000000
     135555.000 ns	     13554	80002ca4	21f106d3	fsgnj.s	f13,f2,f31	  f2:0x7c58bc44 f31:0x00000000 f13=0x7c58bc44
     135575.000 ns	     13556	80002ca8	00301233	sll	x4,x0,x3	  x0:0x00000000  x3:0x00000000  x4=0x00000000
     135585.000 ns	     13557	80002cac	000b0ab3	add	x21,x22,x0	 x22:0x00000000  x0:0x00000000 x21=0x00000000
     135625.000 ns	     13561	80002cb0	08c8fad3	fsub.s	f21,f17,f12	 f17:0x41800000 f12:0xcf675000 f21=0x4f675000
     135655.000 ns	     13564	80002cb4	a0898a53	fle.s	x20,f19,f8	 f19:0x7fc00000  f8:0x7fc00000 x20=0x00000000
     135675.000 ns	     13566	80002cb8	1518ff13	andi	x30,x17,337	 x17:0x00000000 x30=0x00000000
     135705.000 ns	     13569	80002cbc	19507753	fdiv.s	f14,f0,f21	  f0:0x00000000 f21:0x4f675000 f14=0x00000000
     135735.000 ns	     13572	80002cc0	d01dc953	fcvt.s.wu	f18,x27	 x27:0x00000000 f18=0x00000000
     135775.000 ns	     13576	80002cc4	58067dd3	fsqrt.s	f27,f12	 f12:0xcf675000 f27=0x7fc00000
     135805.000 ns	     13579	80002cc8	031da533	mulhsu	x10,x27,x17	 x27:0x00000000 x17:0x00000000 x10=0x00000000
     135825.000 ns	     13581	80002ccc	00071a13	slli	x20,x14,0x0	 x14:0x00000000 x20=0x00000000
     135835.000 ns	     13582	80002cd0	00000013	addi	x0,x0,0	  x0:0x00000000
     135855.000 ns	     13584	80002cd4	03f9a5b3	mulhsu	x11,x19,x31	 x19:0x80041024 x31:0xbf800000 x11=0xa0430a12
     136225.000 ns	     13621	80002cd8	0335f033	remu	x0,x11,x19	 x11:0xfffc1707 x19:0x80041024
     136245.000 ns	     13623	80002cdc	0136dcb3	srl	x25,x13,x19	 x13:0x00000000 x19:0x80041024 x25=0x00000000
     136255.000 ns	     13624	80002ce0	40fa5793	srai	x15,x20,0xf	 x20:0x00000000 x15=0x00000000
     136285.000 ns	     13627	80002ce4	19099753	fdiv.s	f14,f19,f16	 f19:0x7fc00000 f16:0x00000000 f14=0x7fc00000
     136315.000 ns	     13630	80002ce8	a0610753	fle.s	x14,f2,f6	  f2:0x7c58bc44  f6:0x4e9f8334 x14=0x00000000
     136345.000 ns	     13633	80002cec	e00303d3	fmv.x.w	x7,f6	  f6:0x4e9f8334  x7=0x4e9f8334
     136375.000 ns	     13636	80002cf0	202095d3	fsgnjn.s	f11,f1,f2	  f1:0xbf800000  f2:0x7c58bc44 f11=0xbf800000
     136395.000 ns	     13638	80002cf4	004731b3	sltu	x3,x14,x4	 x14:0x00000000  x4:0x00000000  x3=0x00000000
     136405.000 ns	     13639	80002cf8	008158b3	srl	x17,x2,x8	  x2:0xffffffff  x8:0xffffffff x17=0x00000001
     136415.000 ns	     13640	80002cfc	00246a33	or	x20,x8,x2	  x8:0xffffffff  x2:0xffffffff x20=0xffffffff
     136425.000 ns	     13641	80002d00	dfbc0313	addi	x6,x24,-517	 x24:0x00000008  x6=0xfffffe03
     136445.000 ns	     13643	80002d04	03987a33	remu	x20,x16,x25	 x16:0x00000000 x25:0x00000000 x20=0x00000000
     136465.000 ns	     13645	80002d08	ddf2f713	andi	x14,x5,-545	  x5:0x00080000 x14=0x00080000
     136475.000 ns	     13646	80002d0c	47ac2ab7	lui	x21,0x47ac2	 x21=0x47ac2000
     136485.000 ns	     13647	80002d10	00bc6b33	or	x22,x24,x11	 x24:0x00000008 x11:0xa0430a12 x22=0xa0430a1a
     136525.000 ns	     13651	80002d14	082df6d3	fsub.s	f13,f27,f2	 f27:0x7fc00000  f2:0x7c58bc44 f13=0x7fc00000
     136555.000 ns	     13654	80002d18	030c2133	mulhsu	x2,x24,x16	 x24:0x00000008 x16:0x00000000  x2=0x00000000
     136575.000 ns	     13656	80002d1c	f9c3af37	lui	x30,0xf9c3a	 x30=0xf9c3a000
     136595.000 ns	     13658	80002d20	03500cb3	mul	x25,x0,x21	  x0:0x00000000 x21:0x47ac2000 x25=0x00000000
     136625.000 ns	     13661	80002d24	e0060ed3	fmv.x.w	x29,f12	 f12:0xcf675000 x29=0xcf675000
     136995.000 ns	     13698	80002d28	02107f33	remu	x30,x0,x1	  x0:0x00000000  x1:0xfff80001 x30=0x00000000
     137015.000 ns	     13700	80002d2c	4026d7b3	sra	x15,x13,x2	 x13:0x00000000  x2:0x00000000 x15=0x00000000
     137035.000 ns	     13702	80002d30	28b904d3	fmin.s	f9,f18,f11	 f18:0x00000000 f11:0xbf800000  f9=0xbf800000
     137065.000 ns	     13705	80002d34	28838253	fmin.s	f4,f7,f8	  f7:0x7fc00000  f8:0x7fc00000  f4=0x7fc00000
     137085.000 ns	     13707	80002d38	000b9293	slli	x5,x23,0x0	 x23:0x80000000  x5=0x80000000
     137105.000 ns	     13709	80002d3c	03b0a2b3	mulhsu	x5,x1,x27	  x1:0xfff80001 x27:0x00000000  x5=0x00000000
     137125.000 ns	     13711	80002d40	11bcc393	xori	x7,x25,283	 x25:0x00000000  x7=0x0000011b
     137145.000 ns	     13713	80002d44	02065933	divu	x18,x12,x0	 x12:0x7fc00000  x0:0x00000000 x18=0xffffffff
     137175.000 ns	     13716	80002d48	21fea7d3	fsgnjx.s	f15,f29,f31	 f29:0x4f675000 f31:0x00000000 f15=0x4f675000
     137195.000 ns	     13718	80002d4c	00000013	addi	x0,x0,0	  x0:0x00000000
     137205.000 ns	     13719	80002d50	9ebcb193	sltiu	x3,x25,-1557	 x25:0x00000000  x3=0x00000001
     137225.000 ns	     13721	80002d54	03180633	mul	x12,x16,x17	 x16:0x00000000 x17:0x00000001 x12=0x00000000
     137245.000 ns	     13723	80002d58	4124d913	srai	x18,x9,0x12	  x9:0xeab58000 x18=0xfffffaad
     137265.000 ns	     13725	80002d5c	a03212d3	flt.s	x5,f4,f3	  f4:0x7fc00000  f3:0x00000000  x5=0x00000000
     137285.000 ns	     13727	80002d60	407fd393	srai	x7,x31,0x7	 x31:0xbf800000  x7=0xff7f0000
     137295.000 ns	     13728	80002d64	00825d33	srl	x26,x4,x8	  x4:0x00000000  x8:0xffffffff x26=0x00000000
     137305.000 ns	     13729	80002d68	40225c93	srai	x25,x4,0x2	  x4:0x00000000 x25=0x00000000
     137315.000 ns	     13730	80002d6c	00bcec33	or	x24,x25,x11	 x25:0x00000000 x11:0xa0430a12 x24=0xa0430a12
     137335.000 ns	     13732	80002d70	21741a53	fsgnjn.s	f20,f8,f23	  f8:0x7fc00000 f23:0x7fc00000 f20=0xffc00000
     137355.000 ns	     13734	80002d74	07e8a493	slti	x9,x17,126	 x17:0x00000001  x9=0x00000001
     137365.000 ns	     13735	80002d78	ad710493	addi	x9,x2,-1321	  x2:0x00000000  x9=0xfffffad7
     137395.000 ns	     13738	80002d7c	11e17953	fmul.s	f18,f2,f30	  f2:0x7c58bc44 f30:0x00000000 f18=0x00000000
     137425.000 ns	     13741	80002d80	20d51d53	fsgnjn.s	f26,f10,f13	 f10:0xce9f8334 f13:0x7fc00000 f26=0xce9f8334
     137445.000 ns	     13743	80002d84	a0b4ec13	ori	x24,x9,-1525	  x9:0xfffffad7 x24=0xfffffadf
     137455.000 ns	     13744	80002d88	40295893	srai	x17,x18,0x2	 x18:0xfffffaad x17=0xfffffeab
     137485.000 ns	     13747	80002d8c	183317d3	fdiv.s	f15,f6,f3	  f6:0x4e9f8334  f3:0x00000000 f15=0x7f800000
     137515.000 ns	     13750	80002d90	03463233	mulhu	x4,x12,x20	 x12:0x00000000 x20:0x00000000  x4=0x00000000
     137535.000 ns	     13752	80002d94	77043413	sltiu	x8,x8,1904	  x8:0xffffffff  x8=0x00000000
     137545.000 ns	     13753	80002d98	c162fe93	andi	x29,x5,-1002	  x5:0x00000000 x29=0x00000000
     137565.000 ns	     13755	80002d9c	a0e601d3	fle.s	x3,f12,f14	 f12:0xcf675000 f14:0x7fc00000  x3=0x00000000
     137595.000 ns	     13758	80002da0	28271b53	fmax.s	f22,f14,f2	 f14:0x7fc00000  f2:0x7c58bc44 f22=0x7c58bc44
     137625.000 ns	     13761	80002da4	2078ae53	fsgnjx.s	f28,f17,f7	 f17:0x41800000  f7:0x7fc00000 f28=0x41800000
     137645.000 ns	     13763	80002da8	ec5f2f13	slti	x30,x30,-315	 x30:0x00000000 x30=0x00000000
     137655.000 ns	     13764	80002dac	00fc40b3	xor	x1,x24,x15	 x24:0xfffffadf x15:0x00000000  x1=0xfffffadf
     137675.000 ns	     13766	80002db0	d01e1353	fcvt.s.wu	f6,x28	 x28:0x80040fe4  f6=0x4f00040f
     137705.000 ns	     13769	80002db4	d017f353	fcvt.s.wu	f6,x15	 x15:0x00000000  f6=0x00000000
     137735.000 ns	     13772	80002db8	28da9f53	fmax.s	f30,f21,f13	 f21:0x4f675000 f13:0x7fc00000 f30=0x4f675000
     137775.000 ns	     13776	80002dbc	10c17f53	fmul.s	f30,f2,f12	  f2:0x7c58bc44 f12:0xcf675000 f30=0xff800000
     137805.000 ns	     13779	80002dc0	d01fa2d3	fcvt.s.wu	f5,x31	 x31:0xbf800000  f5=0x4f3f8000
     137825.000 ns	     13781	80002dc4	0148d093	srli	x1,x17,0x14	 x17:0xfffffeab  x1=0x00000fff
     137835.000 ns	     13782	80002dc8	41ae8b33	sub	x22,x29,x26	 x29:0x00000000 x26:0x00000000 x22=0x00000000
     137845.000 ns	     13783	80002dcc	01d747b3	xor	x15,x14,x29	 x14:0x00080000 x29:0x00000000 x15=0x00080000
     137865.000 ns	     13785	80002dd0	c016f953	fcvt.wu.s	x18,f13	 f13:0x7fc00000 x18=0xffffffff
     137885.000 ns	     13787	80002dd4	a3f10f93	addi	x31,x2,-1473	  x2:0x00000000 x31=0xfffffa3f
     137895.000 ns	     13788	80002dd8	005906b3	add	x13,x18,x5	 x18:0xffffffff  x5:0x00000000 x13=0xffffffff
     137905.000 ns	     13789	80002ddc	bbe00c93	addi	x25,x0,-1090	  x0:0x00000000 x25=0xfffffbbe
     137925.000 ns	     13791	80002de0	020666b3	rem	x13,x12,x0	 x12:0x00000000  x0:0x00000000 x13=0x00000000
     137945.000 ns	     13793	80002de4	011ad8b3	srl	x17,x21,x17	 x21:0x47ac2000 x17:0xfffffeab x17=0x0008f584
     137965.000 ns	     13795	80002de8	28599853	fmax.s	f16,f19,f5	 f19:0x7fc00000  f5:0x4f3f8000 f16=0x4f3f8000
     138005.000 ns	     13799	80002dec	5801fa53	fsqrt.s	f20,f3	  f3:0x00000000 f20=0x00000000
     138025.000 ns	     13801	80002df0	f5d9f693	andi	x13,x19,-163	 x19:0x80041024 x13=0x80041004
     138045.000 ns	     13803	80002df4	282f9353	fmax.s	f6,f31,f2	 f31:0x00000000  f2:0x7c58bc44  f6=0x7c58bc44
     138065.000 ns	     13805	80002df8	b78fa3b7	lui	x7,0xb78fa	  x7=0xb78fa000
     138085.000 ns	     13807	80002dfc	20e19bd3	fsgnjn.s	f23,f3,f14	  f3:0x00000000 f14:0x7fc00000 f23=0x80000000
     138115.000 ns	     13810	80002e00	f00d01d3	fmv.w.x	f3,x26	 x26:0x00000000  f3=0x00000000
     138145.000 ns	     13813	80002e04	20649e53	fsgnjn.s	f28,f9,f6	  f9:0xbf800000  f6:0x7c58bc44 f28=0xbf800000
     138165.000 ns	     13815	80002e08	cc8b3613	sltiu	x12,x22,-824	 x22:0x00000000 x12=0x00000001
     138185.000 ns	     13817	80002e0c	036e5133	divu	x2,x28,x22	 x28:0x80040fe4 x22:0x00000000  x2=0xffffffff
     138555.000 ns	     13854	80002e10	0261e333	rem	x6,x3,x6	  x3:0x00000000  x6:0xfffffe03  x6=0x00000000
     138585.000 ns	     13857	80002e14	03961b33	mulh	x22,x12,x25	 x12:0x00000001 x25:0xfffffbbe x22=0xffffffff
     138605.000 ns	     13859	80002e18	000ea2b3	slt	x5,x29,x0	 x29:0x00000000  x0:0x00000000  x5=0x00000000
     138615.000 ns	     13860	80002e1c	d53e7397	auipc	x7,0xd53e7	  x7=0x553e9e1c
     138635.000 ns	     13862	80002e20	28969a53	fmax.s	f20,f13,f9	 f13:0x7fc00000  f9:0xbf800000 f20=0xbf800000
     138665.000 ns	     13865	80002e24	0359bfb3	mulhu	x31,x19,x21	 x19:0x80041024 x21:0x47ac2000 x31=0x23d73335
     139035.000 ns	     13902	80002e28	03c75fb3	divu	x31,x14,x28	 x14:0x00080000 x28:0x80040fe4 x31=0x00000000
     139065.000 ns	     13905	80002e2c	a1182653	feq.s	x12,f16,f17	 f16:0x4f3f8000 f17:0x41800000 x12=0x00000000
     139085.000 ns	     13907	80002e30	00c23933	sltu	x18,x4,x12	  x4:0x00000000 x12:0x00000001 x18=0x00000000
     139095.000 ns	     13908	80002e34	5cfb3893	sltiu	x17,x22,1487	 x22:0xffffffff x17=0x00000000
     139105.000 ns	     13909	80002e38	40442817	auipc	x16,0x40442	 x16=0xc0444e38
     139115.000 ns	     13910	80002e3c	175f4a93	xori	x21,x30,373	 x30:0x00000000 x21=0x00000175
     139125.000 ns	     13911	80002e40	5631e217	auipc	x4,0x5631e	  x4=0xd6320e40
     139165.000 ns	     13915	80002e44	00f77cd3	fadd.s	f25,f14,f15	 f14:0x7fc00000 f15:0x7f800000 f25=0x7fc00000
     139205.000 ns	     13919	80002e48	580bf353	fsqrt.s	f6,f23	 f23:0x80000000  f6=0x80000000
     139225.000 ns	     13921	80002e4c	4163d6b3	sra	x13,x7,x22	  x7:0x553e9e1c x22:0xffffffff x13=0x00000000
     139245.000 ns	     13923	80002e50	210d1053	fsgnjn.s	f0,f26,f16	 f26:0xce9f8334 f16:0x4f3f8000  f0=0xce9f8334
     139275.000 ns	     13926	80002e54	28dd00d3	fmin.s	f1,f26,f13	 f26:0xce9f8334 f13:0x7fc00000  f1=0xce9f8334
     139295.000 ns	     13928	80002e58	41788fb3	sub	x31,x17,x23	 x17:0x00000000 x23:0x80000000 x31=0x80000000
     139305.000 ns	     13929	80002e5c	2b0e0017	auipc	x0,0x2b0e0	
     139315.000 ns	     13930	80002e60	016f48b3	xor	x17,x30,x22	 x30:0x00000000 x22:0xffffffff x17=0xffffffff
     139325.000 ns	     13931	80002e64	40d803b3	sub	x7,x16,x13	 x16:0xc0444e38 x13:0x00000000  x7=0xc0444e38
     139335.000 ns	     13932	80002e68	f7573913	sltiu	x18,x14,-139	 x14:0x00080000 x18=0x00000001
     139355.000 ns	     13934	80002e6c	21a30d53	fsgnj.s	f26,f6,f26	  f6:0x80000000 f26:0xce9f8334 f26=0x80000000
     139385.000 ns	     13937	80002e70	298d08d3	fmin.s	f17,f26,f24	 f26:0xce9f8334 f24:0x7fc00000 f17=0x80000000
     139415.000 ns	     13940	80002e74	02e39433	mulh	x8,x7,x14	  x7:0xc0444e38 x14:0x00080000  x8=0xfffe0222
     139445.000 ns	     13943	80002e78	02e70f33	mul	x30,x14,x14	 x14:0x00080000 x14:0x00080000 x30=0x00000000
     139465.000 ns	     13945	80002e7c	a65e8293	addi	x5,x29,-1435	 x29:0x00000000  x5=0xfffffa65
     139475.000 ns	     13946	80002e80	0031b033	sltu	x0,x3,x3	  x3:0x00000000  x3:0x00000000
     139505.000 ns	     13949	80002e84	10773453	fmul.s	f8,f14,f7	 f14:0x7fc00000  f7:0x7fc00000  f8=0x7fc00000
     139535.000 ns	     13952	80002e88	02a9adb3	mulhsu	x27,x19,x10	 x19:0x80041024 x10:0x00000000 x27=0x00000000
     139565.000 ns	     13955	80002e8c	a13ea553	feq.s	x10,f29,f19	 f29:0x4f675000 f19:0x7fc00000 x10=0x00000000
     139595.000 ns	     13958	80002e90	02654eb3	div	x29,x10,x6	 x10:0x00000000  x6:0x00000000 x29=0xffffffff
     139615.000 ns	     13960	80002e94	003b7433	and	x8,x22,x3	 x22:0xffffffff  x3:0x00000000  x8=0x00000000
     139635.000 ns	     13962	80002e98	a00885d3	fle.s	x11,f17,f0	 f17:0x80000000  f0:0xce9f8334 x11=0x00000000
     139655.000 ns	     13964	80002e9c	f2560f13	addi	x30,x12,-219	 x12:0x00000000 x30=0xffffff25
     139665.000 ns	     13965	80002ea0	d9b3a213	slti	x4,x7,-613	  x7:0xc0444e38  x4=0x00000001
     139685.000 ns	     13967	80002ea4	28aa0353	fmin.s	f6,f20,f10	 f20:0xbf800000 f10:0xce9f8334  f6=0xce9f8334
     139715.000 ns	     13970	80002ea8	28e79ed3	fmax.s	f29,f15,f14	 f15:0x7f800000 f14:0x7fc00000 f29=0x7f800000
     139735.000 ns	     13972	80002eac	7453f893	andi	x17,x7,1861	  x7:0xc0444e38 x17=0x00000600
     139745.000 ns	     13973	80002eb0	011bb333	sltu	x6,x23,x17	 x23:0x80000000 x17:0xffffffff  x6=0x00000000
     139765.000 ns	     13975	80002eb4	e0020dd3	fmv.x.w	x27,f4	  f4:0x7fc00000 x27=0x7fc00000
     139805.000 ns	     13979	80002eb8	187c9453	fdiv.s	f8,f25,f7	 f25:0x7fc00000  f7:0x7fc00000  f8=0x7fc00000
     139855.000 ns	     13984	80002ebc	0018f3d3	fadd.s	f7,f17,f1	 f17:0x80000000  f1:0xce9f8334  f7=0xce9f8334
     139875.000 ns	     13986	80002ec0	00c25fb3	srl	x31,x4,x12	  x4:0x00000001 x12:0x00000000 x31=0x00000001
     139885.000 ns	     13987	80002ec4	87d34893	xori	x17,x6,-1923	  x6:0x00000000 x17=0xfffff87d
     139905.000 ns	     13989	80002ec8	03309233	mulh	x4,x1,x19	  x1:0x00000fff x19:0x80041024  x4=0xfffff800
     139935.000 ns	     13992	80002ecc	03a09133	mulh	x2,x1,x26	  x1:0x00000fff x26:0x00000000  x2=0x00000000
     140305.000 ns	     14029	80002ed0	0258c1b3	div	x3,x17,x5	 x17:0xfffff87d  x5:0xfffffa65  x3=0x00000001
     140335.000 ns	     14032	80002ed4	a0130353	fle.s	x6,f6,f1	  f6:0xce9f8334  f1:0xce9f8334  x6=0x00000001
     140355.000 ns	     14034	80002ed8	089d2f93	slti	x31,x26,137	 x26:0x00000000 x31=0x00000001
     140365.000 ns	     14035	80002edc	7e6f4b13	xori	x22,x30,2022	 x30:0xffffff25 x22=0xfffff8c3
     140385.000 ns	     14037	80002ee0	03d52f33	mulhsu	x30,x10,x29	 x10:0x00000000 x29:0xffffffff x30=0x00000000
     140405.000 ns	     14039	80002ee4	8177a193	slti	x3,x15,-2025	 x15:0x00080000  x3=0x00000000
     140425.000 ns	     14041	80002ee8	f00587d3	fmv.w.x	f15,x11	 x11:0x00000000 f15=0x00000000
     140455.000 ns	     14044	80002eec	d00eac53	fcvt.s.w	f24,x29	 x29:0xffffffff f24=0xbf800000
     140485.000 ns	     14047	80002ef0	d00cf853	fcvt.s.w	f16,x25	 x25:0xfffffbbe f16=0xc4884000
     140525.000 ns	     14051	80002ef4	19970553	fdiv.s	f10,f14,f25	 f14:0x7fc00000 f25:0x7fc00000 f10=0x7fc00000
     140545.000 ns	     14053	80002ef8	01ea3133	sltu	x2,x20,x30	 x20:0x00000000 x30:0x00000000  x2=0x00000000
     140905.000 ns	     14089	80002efc	02154933	div	x18,x10,x1	 x10:0x00000000  x1:0x00000fff x18=0x00000000
     140935.000 ns	     14092	80002f00	d0077253	fcvt.s.w	f4,x14	 x14:0x00080000  f4=0x49000000
     140955.000 ns	     14094	80002f04	0100c4b3	xor	x9,x1,x16	  x1:0x00000fff x16:0xc0444e38  x9=0xc04441c7
     140975.000 ns	     14096	80002f08	f0048a53	fmv.w.x	f20,x9	  x9:0xfffffad7 f20=0xc04441c7
     140995.000 ns	     14098	80002f0c	015d9b13	slli	x22,x27,0x15	 x27:0x7fc00000 x22=0x00000000
     141355.000 ns	     14134	80002f10	027f7f33	remu	x30,x30,x7	 x30:0x00000000  x7:0xc0444e38 x30=0x00000000
     141375.000 ns	     14136	80002f14	0193c7b3	xor	x15,x7,x25	  x7:0xc0444e38 x25:0xfffffbbe x15=0x3fbbb586
     141395.000 ns	     14138	80002f18	f00602d3	fmv.w.x	f5,x12	 x12:0x00000000  f5=0x00000000
     141415.000 ns	     14140	80002f1c	0154dfb3	srl	x31,x9,x21	  x9:0xc04441c7 x21:0x00000175 x31=0x00000602
     141425.000 ns	     14141	80002f20	40fe05b3	sub	x11,x28,x15	 x28:0x80040fe4 x15:0x3fbbb586 x11=0x40485a5e
     141435.000 ns	     14142	80002f24	96d10c97	auipc	x25,0x96d10	 x25=0x16d12f24
     141445.000 ns	     14143	80002f28	412082b3	sub	x5,x1,x18	  x1:0x00000fff x18:0x00000000  x5=0x00000fff
     141465.000 ns	     14145	80002f2c	c01217d3	fcvt.wu.s	x15,f4	  f4:0x49000000 x15=0x00080000
     141485.000 ns	     14147	80002f30	002d7733	and	x14,x26,x2	 x26:0x00000000  x2:0x00000000 x14=0x00000000
     141505.000 ns	     14149	80002f34	03dbbeb3	mulhu	x29,x23,x29	 x23:0x80000000 x29:0xffffffff x29=0x7fffffff
     141535.000 ns	     14152	80002f38	e0009d53	fclass.s	x26,f1	  f1:0xce9f8334 x26=0x00000002
     141565.000 ns	     14155	80002f3c	02ec1833	mulh	x16,x24,x14	 x24:0xfffffadf x14:0x00000000 x16=0x00000000
     141585.000 ns	     14157	80002f40	019414b3	sll	x9,x8,x25	  x8:0x00000000 x25:0x16d12f24  x9=0x00000000
     141595.000 ns	     14158	80002f44	00000013	addi	x0,x0,0	  x0:0x00000000
     141635.000 ns	     14162	80002f48	00b47bd3	fadd.s	f23,f8,f11	  f8:0x7fc00000 f11:0xbf800000 f23=0x7fc00000
     141655.000 ns	     14164	80002f4c	44074617	auipc	x12,0x44074	 x12=0xc4076f4c
     141665.000 ns	     14165	80002f50	40f45013	srai	x0,x8,0xf	  x8:0x00000000
     141685.000 ns	     14167	80002f54	203e86d3	fsgnj.s	f13,f29,f3	 f29:0x7f800000  f3:0x00000000 f13=0x7f800000
     141705.000 ns	     14169	80002f58	014d9d93	slli	x27,x27,0x14	 x27:0x7fc00000 x27=0x00000000
     141715.000 ns	     14170	80002f5c	009f57b3	srl	x15,x30,x9	 x30:0x00000000  x9:0x00000000 x15=0x00000000
     141735.000 ns	     14172	80002f60	28fd02d3	fmin.s	f5,f26,f15	 f26:0x80000000 f15:0x00000000  f5=0x80000000
     141765.000 ns	     14175	80002f64	21be05d3	fsgnj.s	f11,f28,f27	 f28:0xbf800000 f27:0x7fc00000 f11=0x3f800000
     141795.000 ns	     14178	80002f68	20570bd3	fsgnj.s	f23,f14,f5	 f14:0x7fc00000  f5:0x80000000 f23=0xffc00000
     141815.000 ns	     14180	80002f6c	4aad2317	auipc	x6,0x4aad2	  x6=0xcaad4f6c
     141825.000 ns	     14181	80002f70	5eefff97	auipc	x31,0x5eeff	 x31=0xdef01f70
     141835.000 ns	     14182	80002f74	1d2a0493	addi	x9,x20,466	 x20:0x00000000  x9=0x000001d2
     142195.000 ns	     14218	80002f78	02c2c233	div	x4,x5,x12	  x5:0x00000fff x12:0xc4076f4c  x4=0x00000000
     142215.000 ns	     14220	80002f7c	019d5113	srli	x2,x26,0x19	 x26:0x00000002  x2=0x00000000
     142225.000 ns	     14221	80002f80	012d8eb3	add	x29,x27,x18	 x27:0x00000000 x18:0x00000000 x29=0x00000000
     142245.000 ns	     14223	80002f84	02ac8433	mul	x8,x25,x10	 x25:0x16d12f24 x10:0x00000000  x8=0x00000000
     142265.000 ns	     14225	80002f88	cd390617	auipc	x12,0xcd390	 x12=0x4d392f88
     142275.000 ns	     14226	80002f8c	0126de93	srli	x29,x13,0x12	 x13:0x00000000 x29=0x00000000
     142285.000 ns	     14227	80002f90	07e3b513	sltiu	x10,x7,126	  x7:0xc0444e38 x10=0x00000000
     142295.000 ns	     14228	80002f94	0193beb3	sltu	x29,x7,x25	  x7:0xc0444e38 x25:0x16d12f24 x29=0x00000000
     142305.000 ns	     14229	80002f98	0026df93	srli	x31,x13,0x2	 x13:0x00000000 x31=0x00000000
     142325.000 ns	     14231	80002f9c	02ef7733	remu	x14,x30,x14	 x30:0x00000000 x14:0x00000000 x14=0x00000000
     142355.000 ns	     14234	80002fa0	d01b2053	fcvt.s.wu	f0,x22	 x22:0x00000000  f0=0x00000000
     142375.000 ns	     14236	80002fa4	5e616a13	ori	x20,x2,1510	  x2:0x00000000 x20=0x000005e6
     142385.000 ns	     14237	80002fa8	00fb0db3	add	x27,x22,x15	 x22:0x00000000 x15:0x00000000 x27=0x00000000
     142405.000 ns	     14239	80002fac	a07e2ed3	feq.s	x29,f28,f7	 f28:0xbf800000  f7:0xce9f8334 x29=0x00000000
     142425.000 ns	     14241	80002fb0	248b6193	ori	x3,x22,584	 x22:0x00000000  x3=0x00000248
     142435.000 ns	     14242	80002fb4	0016c6b3	xor	x13,x13,x1	 x13:0x00000000  x1:0x00000fff x13=0x00000fff
     142445.000 ns	     14243	80002fb8	40260333	sub	x6,x12,x2	 x12:0x4d392f88  x2:0x00000000  x6=0x4d392f88
     142475.000 ns	     14246	80002fbc	11d5b653	fmul.s	f12,f11,f29	 f11:0x3f800000 f29:0x7f800000 f12=0x7f800000
     142505.000 ns	     14249	80002fc0	a0e016d3	flt.s	x13,f0,f14	  f0:0x00000000 f14:0x7fc00000 x13=0x00000000
     142535.000 ns	     14252	80002fc4	20fa0953	fsgnj.s	f18,f20,f15	 f20:0xc04441c7 f15:0x00000000 f18=0x404441c7
     142555.000 ns	     14254	80002fc8	00cf9093	slli	x1,x31,0xc	 x31:0x00000000  x1=0x00000000
     142565.000 ns	     14255	80002fcc	8d6e6513	ori	x10,x28,-1834	 x28:0x80040fe4 x10=0xfffffff6
     142585.000 ns	     14257	80002fd0	039e0033	mul	x0,x28,x25	 x28:0x80040fe4 x25:0x16d12f24
     142615.000 ns	     14260	80002fd4	0210af33	mulhsu	x30,x1,x1	  x1:0x00000000  x1:0x00000000 x30=0x00000000
     142985.000 ns	     14297	80002fd8	025fe333	rem	x6,x31,x5	 x31:0x00000000  x5:0x00000fff  x6=0x00000000
     143005.000 ns	     14299	80002fdc	00be91b3	sll	x3,x29,x11	 x29:0x00000000 x11:0x40485a5e  x3=0x00000000
     143015.000 ns	     14300	80002fe0	00b7cd33	xor	x26,x15,x11	 x15:0x00000000 x11:0x40485a5e x26=0x40485a5e
     143055.000 ns	     14304	80002fe4	08e5b353	fsub.s	f6,f11,f14	 f11:0x3f800000 f14:0x7fc00000  f6=0x7fc00000
     143085.000 ns	     14307	80002fe8	a0839dd3	flt.s	x27,f7,f8	  f7:0xce9f8334  f8:0x7fc00000 x27=0x00000000
     143125.000 ns	     14311	80002fec	18071b53	fdiv.s	f22,f14,f0	 f14:0x7fc00000  f0:0x00000000 f22=0x7fc00000
     143155.000 ns	     14314	80002ff0	026cbd33	mulhu	x26,x25,x6	 x25:0x16d12f24  x6:0x00000000 x26=0x00000000
     143195.000 ns	     14318	80002ff4	182bfed3	fdiv.s	f29,f23,f2	 f23:0xffc00000  f2:0x7c58bc44 f29=0x7fc00000
     143225.000 ns	     14321	80002ff8	03b6a233	mulhsu	x4,x13,x27	 x13:0x00000000 x27:0x00000000  x4=0x00000000
     143245.000 ns	     14323	80002ffc	013e4833	xor	x16,x28,x19	 x28:0x80040fe4 x19:0x80041024 x16=0x00001fc0
     143265.000 ns	     14325	80003000	02eeff33	remu	x30,x29,x14	 x29:0x00000000 x14:0x00000000 x30=0x00000000
     143285.000 ns	     14327	80003004	97bbe913	ori	x18,x23,-1669	 x23:0x80000000 x18=0xfffff97b
     143305.000 ns	     14329	80003008	285a9753	fmax.s	f14,f21,f5	 f21:0x4f675000  f5:0x80000000 f14=0x4f675000
     143325.000 ns	     14331	8000300c	0e11cf13	xori	x30,x3,225	  x3:0x00000000 x30=0x000000e1
     143345.000 ns	     14333	80003010	c01ffc53	fcvt.wu.s	x24,f31	 f31:0x00000000 x24=0x00000000
     143715.000 ns	     14370	80003014	030e6833	rem	x16,x28,x16	 x28:0x80040fe4 x16:0x00001fc0 x16=0xfffff424
     143745.000 ns	     14373	80003018	e00890d3	fclass.s	x1,f17	 f17:0x80000000  x1=0x00000008
     143775.000 ns	     14376	8000301c	02cd1833	mulh	x16,x26,x12	 x26:0x00000000 x12:0x4d392f88 x16=0x00000000
     143805.000 ns	     14379	80003020	28ff99d3	fmax.s	f19,f31,f15	 f31:0x00000000 f15:0x00000000 f19=0x00000000
     143835.000 ns	     14382	80003024	d00186d3	fcvt.s.w	f13,x3	  x3:0x00000000 f13=0x00000000
     143855.000 ns	     14384	80003028	01bbdcb3	srl	x25,x23,x27	 x23:0x80000000 x27:0x00000000 x25=0x80000000
     143865.000 ns	     14385	8000302c	f04ea5b7	lui	x11,0xf04ea	 x11=0xf04ea000
     143875.000 ns	     14386	80003030	01901613	slli	x12,x0,0x19	  x0:0x00000000 x12=0x00000000
     143895.000 ns	     14388	80003034	02eca2b3	mulhsu	x5,x25,x14	 x25:0x80000000 x14:0x00000000  x5=0x00000000
     143935.000 ns	     14392	80003038	18518a53	fdiv.s	f20,f3,f5	  f3:0x00000000  f5:0x80000000 f20=0x7fc00000
     143965.000 ns	     14395	8000303c	03f9a233	mulhsu	x4,x19,x31	 x19:0x80041024 x31:0x00000000  x4=0x00000000
     143985.000 ns	     14397	80003040	00fa8db3	add	x27,x21,x15	 x21:0x00000175 x15:0x00000000 x27=0x00000175
     143995.000 ns	     14398	80003044	01556933	or	x18,x10,x21	 x10:0xfffffff6 x21:0x00000175 x18=0xfffffff7
     144355.000 ns	     14434	80003048	03ef7233	remu	x4,x30,x30	 x30:0x000000e1 x30:0x000000e1  x4=0x00000000
     144375.000 ns	     14436	8000304c	9c415b37	lui	x22,0x9c415	 x22=0x9c415000
     144395.000 ns	     14438	80003050	021b2f33	mulhsu	x30,x22,x1	 x22:0x00000000  x1:0x00000008 x30=0xfffffffc
     144415.000 ns	     14440	80003054	b2a29337	lui	x6,0xb2a29	  x6=0xb2a29000
     144425.000 ns	     14441	80003058	f8844f13	xori	x30,x8,-120	  x8:0x00000000 x30=0xffffff88
     144435.000 ns	     14442	8000305c	40f8d193	srai	x3,x17,0xf	 x17:0xfffff87d  x3=0xffffffff
     144455.000 ns	     14444	80003060	03f7cb33	div	x22,x15,x31	 x15:0x00000000 x31:0x00000000 x22=0xffffffff
     144475.000 ns	     14446	80003064	f02751b7	lui	x3,0xf0275	  x3=0xf0275000
     144835.000 ns	     14482	80003068	03914a33	div	x20,x2,x25	  x2:0x00000000 x25:0x80000000 x20=0x00000000
     144855.000 ns	     14484	8000306c	0e20e513	ori	x10,x1,226	  x1:0x00000008 x10=0x000000ea
     144895.000 ns	     14488	80003070	0969b353	fsub.s	f6,f19,f22	 f19:0x00000000 f22:0x7fc00000  f6=0x7fc00000
     144915.000 ns	     14490	80003074	019765b3	or	x11,x14,x25	 x14:0x00000000 x25:0x80000000 x11=0x80000000
     144925.000 ns	     14491	80003078	00429fb3	sll	x31,x5,x4	  x5:0x00000000  x4:0x00000000 x31=0x00000000
     144945.000 ns	     14493	8000307c	02b437b3	mulhu	x15,x8,x11	  x8:0x00000000 x11:0xf04ea000 x15=0x00000000
     144965.000 ns	     14495	80003080	01916133	or	x2,x2,x25	  x2:0x00000000 x25:0x80000000  x2=0x80000000
     144975.000 ns	     14496	80003084	01e81db3	sll	x27,x16,x30	 x16:0x00000000 x30:0xffffff88 x27=0x00000000
     144995.000 ns	     14498	80003088	e00e17d3	fclass.s	x15,f28	 f28:0xbf800000 x15=0x00000002
     145015.000 ns	     14500	8000308c	40e3d813	srai	x16,x7,0xe	  x7:0xc0444e38 x16=0xffff0111
     145035.000 ns	     14502	80003090	21f4ad53	fsgnjx.s	f26,f9,f31	  f9:0xbf800000 f31:0x00000000 f26=0xbf800000
     145065.000 ns	     14505	80003094	e0001dd3	fclass.s	x27,f0	  f0:0x00000000 x27=0x00000010
     145085.000 ns	     14507	80003098	00000013	addi	x0,x0,0	  x0:0x00000000
     145445.000 ns	     14543	8000309c	03bddb33	divu	x22,x27,x27	 x27:0x00000010 x27:0x00000010 x22=0x00000001
     145465.000 ns	     14545	800030a0	8e0692b7	lui	x5,0x8e069	  x5=0x8e069000
     145485.000 ns	     14547	800030a4	032a2033	mulhsu	x0,x20,x18	 x20:0x00000000 x18:0xfffffff7
     145515.000 ns	     14550	800030a8	e00a01d3	fmv.x.w	x3,f20	 f20:0x7fc00000  x3=0x7fc00000
     145535.000 ns	     14552	800030ac	01009d93	slli	x27,x1,0x10	  x1:0x00000008 x27=0x00080000
     145545.000 ns	     14553	800030b0	00965433	srl	x8,x12,x9	 x12:0x00000000  x9:0x000001d2  x8=0x00000000
     145585.000 ns	     14557	800030b4	095cc453	fsub.s	f8,f25,f21	 f25:0x7fc00000 f21:0x4f675000  f8=0x7fc00000
     145615.000 ns	     14560	800030b8	c012b6d3	fcvt.wu.s	x13,f5	  f5:0x80000000 x13=0x00000000
     145635.000 ns	     14562	800030bc	00d89613	slli	x12,x17,0xd	 x17:0xfffff87d x12=0xff0fa000
     145665.000 ns	     14565	800030c0	18f345d3	fdiv.s	f11,f6,f15	  f6:0x7fc00000 f15:0x00000000 f11=0x7fc00000
     145685.000 ns	     14567	800030c4	40745793	srai	x15,x8,0x7	  x8:0x00000000 x15=0x00000000
     145695.000 ns	     14568	800030c8	006f4633	xor	x12,x30,x6	 x30:0xffffff88  x6:0xb2a29000 x12=0x4d5d6f88
     145735.000 ns	     14572	800030cc	01bb7bd3	fadd.s	f23,f22,f27	 f22:0x7fc00000 f27:0x7fc00000 f23=0x7fc00000
     145765.000 ns	     14575	800030d0	0324afb3	mulhsu	x31,x9,x18	  x9:0x000001d2 x18:0xfffffff7 x31=0x000001d1
     145785.000 ns	     14577	800030d4	005938b3	sltu	x17,x18,x5	 x18:0xfffffff7  x5:0x8e069000 x17=0x00000000
     145805.000 ns	     14579	800030d8	a014a953	feq.s	x18,f9,f1	  f9:0xbf800000  f1:0xce9f8334 x18=0x00000000
     145825.000 ns	     14581	800030dc	011ddc93	srli	x25,x27,0x11	 x27:0x00080000 x25=0x00000004
     145845.000 ns	     14583	800030e0	c018bed3	fcvt.wu.s	x29,f17	 f17:0x80000000 x29=0x00000000
     145875.000 ns	     14586	800030e4	28b88153	fmin.s	f2,f17,f11	 f17:0x80000000 f11:0x7fc00000  f2=0x80000000
     145905.000 ns	     14589	800030e8	c017f3d3	fcvt.wu.s	x7,f15	 f15:0x00000000  x7=0x00000000
     145925.000 ns	     14591	800030ec	006620b3	slt	x1,x12,x6	 x12:0x4d5d6f88  x6:0xb2a29000  x1=0x00000000
     145945.000 ns	     14593	800030f0	03eaa533	mulhsu	x10,x21,x30	 x21:0x00000175 x30:0xffffff88 x10=0x00000174
     145995.000 ns	     14598	800030f4	01e249d3	fadd.s	f19,f4,f30	  f4:0x49000000 f30:0xff800000 f19=0xff800000
     146025.000 ns	     14601	800030f8	a10002d3	fle.s	x5,f0,f16	  f0:0x00000000 f16:0xc4884000  x5=0x00000000
     146055.000 ns	     14604	800030fc	e00113d3	fclass.s	x7,f2	  f2:0x80000000  x7=0x00000008
     146075.000 ns	     14606	80003100	00000013	addi	x0,x0,0	  x0:0x00000000
     146115.000 ns	     14610	80003104	0199fe53	fadd.s	f28,f19,f25	 f19:0xff800000 f25:0x7fc00000 f28=0x7fc00000
     146145.000 ns	     14613	80003108	e00b0653	fmv.x.w	x12,f22	 f22:0x7fc00000 x12=0x7fc00000
     146175.000 ns	     14616	8000310c	285885d3	fmin.s	f11,f17,f5	 f17:0x80000000  f5:0x80000000 f11=0x80000000
     146195.000 ns	     14618	80003110	86e5d5b7	lui	x11,0x86e5d	 x11=0x86e5d000
     146205.000 ns	     14619	80003114	01b47733	and	x14,x8,x27	  x8:0x00000000 x27:0x00080000 x14=0x00000000
     146225.000 ns	     14621	80003118	21ad9ad3	fsgnjn.s	f21,f27,f26	 f27:0x7fc00000 f26:0xbf800000 f21=0x7fc00000
     146245.000 ns	     14623	8000311c	01264513	xori	x10,x12,18	 x12:0x7fc00000 x10=0x7fc00012
     146265.000 ns	     14625	80003120	d00dacd3	fcvt.s.w	f25,x27	 x27:0x00080000 f25=0x49000000
     146285.000 ns	     14627	80003124	4152dc13	srai	x24,x5,0x15	  x5:0x00000000 x24=0x00000000
     146305.000 ns	     14629	80003128	035887b3	mul	x15,x17,x21	 x17:0x00000000 x21:0x00000175 x15=0x00000000
     146335.000 ns	     14632	8000312c	20248bd3	fsgnj.s	f23,f9,f2	  f9:0xbf800000  f2:0x80000000 f23=0xbf800000
     146365.000 ns	     14635	80003130	f00d0853	fmv.w.x	f16,x26	 x26:0x00000000 f16=0x00000000
     146385.000 ns	     14637	80003134	0011a6b3	slt	x13,x3,x1	  x3:0x7fc00000  x1:0x00000000 x13=0x00000000
     146405.000 ns	     14639	80003138	e0048953	fmv.x.w	x18,f9	  f9:0xbf800000 x18=0xbf800000
     146435.000 ns	     14642	8000313c	a0e60653	fle.s	x12,f12,f14	 f12:0x7f800000 f14:0x4f675000 x12=0x00000000
     146455.000 ns	     14644	80003140	41f68033	sub	x0,x13,x31	 x13:0x00000000 x31:0x000001d1
     146475.000 ns	     14646	80003144	e0089253	fclass.s	x4,f17	 f17:0x80000000  x4=0x00000008
     146845.000 ns	     14683	80003148	02a9efb3	rem	x31,x19,x10	 x19:0x80041024 x10:0x7fc00012 x31=0xffc41036
     146865.000 ns	     14685	8000314c	011fbc33	sltu	x24,x31,x17	 x31:0x000001d1 x17:0x00000000 x24=0x00000000
     146875.000 ns	     14686	80003150	40200133	sub	x2,x0,x2	  x0:0x00000000  x2:0x80000000  x2=0x80000000
     146895.000 ns	     14688	80003154	e00b1753	fclass.s	x14,f22	 f22:0x7fc00000 x14=0x00000200
     146915.000 ns	     14690	80003158	00258ab3	add	x21,x11,x2	 x11:0x86e5d000  x2:0x80000000 x21=0x06e5d000
     146935.000 ns	     14692	8000315c	f0028553	fmv.w.x	f10,x5	  x5:0x00000000 f10=0x00000000
     146965.000 ns	     14695	80003160	219e8053	fsgnj.s	f0,f29,f25	 f29:0x7fc00000 f25:0x49000000  f0=0x7fc00000
     146995.000 ns	     14698	80003164	02ad2fb3	mulhsu	x31,x26,x10	 x26:0x00000000 x10:0x7fc00012 x31=0x00000000
     147015.000 ns	     14700	80003168	003544b3	xor	x9,x10,x3	 x10:0x7fc00012  x3:0x7fc00000  x9=0x00000012
     147035.000 ns	     14702	8000316c	02098c33	mul	x24,x19,x0	 x19:0x80041024  x0:0x00000000 x24=0x00000000
     147065.000 ns	     14705	80003170	02523b33	mulhu	x22,x4,x5	  x4:0x00000008  x5:0x00000000 x22=0x00000000
     147085.000 ns	     14707	80003174	40d98cb3	sub	x25,x19,x13	 x19:0x80041024 x13:0x00000000 x25=0x80041024
     147095.000 ns	     14708	80003178	010e6d33	or	x26,x28,x16	 x28:0x80040fe4 x16:0xffff0111 x26=0xffff0ff5
     147105.000 ns	     14709	8000317c	ee688293	addi	x5,x17,-282	 x17:0x00000000  x5=0xfffffee6
     147125.000 ns	     14711	80003180	c01cfdd3	fcvt.wu.s	x27,f25	 f25:0x49000000 x27=0x00080000
     147155.000 ns	     14714	80003184	d0012953	fcvt.s.w	f18,x2	  x2:0x80000000 f18=0xcf000000
     147175.000 ns	     14716	80003188	00191e93	slli	x29,x18,0x1	 x18:0xbf800000 x29=0x7f000000
     147185.000 ns	     14717	8000318c	4436b793	sltiu	x15,x13,1091	 x13:0x00000000 x15=0x00000001
     147195.000 ns	     14718	80003190	01338033	add	x0,x7,x19	  x7:0x00000008 x19:0x80041024
     147205.000 ns	     14719	80003194	00e8d393	srli	x7,x17,0xe	 x17:0x00000000  x7=0x00000000
     147245.000 ns	     14723	80003198	09b17053	fsub.s	f0,f2,f27	  f2:0x80000000 f27:0x7fc00000  f0=0x7fc00000
     147275.000 ns	     14726	8000319c	298703d3	fmin.s	f7,f14,f24	 f14:0x4f675000 f24:0xbf800000  f7=0xbf800000
     147295.000 ns	     14728	800031a0	dabdfa93	andi	x21,x27,-597	 x27:0x00080000 x21=0x00080000
     147305.000 ns	     14729	800031a4	57ff6613	ori	x12,x30,1407	 x30:0xffffff88 x12=0xffffffff
     147315.000 ns	     14730	800031a8	77bce213	ori	x4,x25,1915	 x25:0x80041024  x4=0x8004177f
     147335.000 ns	     14732	800031ac	a18595d3	flt.s	x11,f11,f24	 f11:0x80000000 f24:0xbf800000 x11=0x00000000
     147355.000 ns	     14734	800031b0	009a1213	slli	x4,x20,0x9	 x20:0x00000000  x4=0x00000000
     147365.000 ns	     14735	800031b4	001261b3	or	x3,x4,x1	  x4:0x8004177f  x1:0x00000000  x3=0x00000000
     147395.000 ns	     14738	800031b8	10f94053	fmul.s	f0,f18,f15	 f18:0xcf000000 f15:0x00000000  f0=0x80000000
     147425.000 ns	     14741	800031bc	20a9ab53	fsgnjx.s	f22,f19,f10	 f19:0xff800000 f10:0x00000000 f22=0xff800000
     147455.000 ns	     14744	800031c0	c00eb6d3	fcvt.w.s	x13,f29	 f29:0x7fc00000 x13=0x7fffffff
     147485.000 ns	     14747	800031c4	03a3a433	mulhsu	x8,x7,x26	  x7:0x00000000 x26:0xffff0ff5  x8=0x00000000
     147505.000 ns	     14749	800031c8	02191517	auipc	x10,0x2191	 x10=0x821941c8
     147525.000 ns	     14751	800031cc	a1eb87d3	fle.s	x15,f23,f30	 f23:0xbf800000 f30:0xff800000 x15=0x00000000
     147555.000 ns	     14754	800031d0	0231ef33	rem	x30,x3,x3	  x3:0x00000000  x3:0x00000000 x30=0x00000000
     147575.000 ns	     14756	800031d4	991de893	ori	x17,x27,-1647	 x27:0x00080000 x17=0xfffff991
     147595.000 ns	     14758	800031d8	a08302d3	fle.s	x5,f6,f8	  f6:0x7fc00000  f8:0x7fc00000  x5=0x00000000
     147615.000 ns	     14760	800031dc	01a17f33	and	x30,x2,x26	  x2:0x80000000 x26:0xffff0ff5 x30=0x80000000
     147625.000 ns	     14761	800031e0	860dfc13	andi	x24,x27,-1952	 x27:0x00080000 x24=0x00080000
     147635.000 ns	     14762	800031e4	01c9de93	srli	x29,x19,0x1c	 x19:0x80041024 x29=0x00000008
     147645.000 ns	     14763	800031e8	01f08433	add	x8,x1,x31	  x1:0x00000000 x31:0x00000000  x8=0x00000000
     147665.000 ns	     14765	800031ec	d01ffd53	fcvt.s.wu	f26,x31	 x31:0x00000000 f26=0x00000000
     147685.000 ns	     14767	800031f0	01938fb3	add	x31,x7,x25	  x7:0x00000000 x25:0x80041024 x31=0x80041024
     147695.000 ns	     14768	800031f4	1de5a1b7	lui	x3,0x1de5a	  x3=0x1de5a000
     147715.000 ns	     14770	800031f8	d0097ad3	fcvt.s.w	f21,x18	 x18:0xbf800000 f21=0xce810000
     147745.000 ns	     14773	800031fc	d0079f53	fcvt.s.w	f30,x15	 x15:0x00000000 f30=0x00000000
     147775.000 ns	     14776	80003200	a1dd0ad3	fle.s	x21,f26,f29	 f26:0x00000000 f29:0x7fc00000 x21=0x00000000
     147815.000 ns	     14780	80003204	580141d3	fsqrt.s	f3,f2	  f2:0x80000000  f3=0x80000000
     147845.000 ns	     14783	80003208	a0ab05d3	fle.s	x11,f22,f10	 f22:0xff800000 f10:0x00000000 x11=0x00000001
     147865.000 ns	     14785	8000320c	bbf3ea13	ori	x20,x7,-1089	  x7:0x00000000 x20=0xfffffbbf
     147875.000 ns	     14786	80003210	018e7733	and	x14,x28,x24	 x28:0x80040fe4 x24:0x00080000 x14=0x00000000
     147895.000 ns	     14788	80003214	031a9b33	mulh	x22,x21,x17	 x21:0x00000000 x17:0xfffff991 x22=0x00000000
     147925.000 ns	     14791	80003218	20388653	fsgnj.s	f12,f17,f3	 f17:0x80000000  f3:0x80000000 f12=0x80000000
     147945.000 ns	     14793	8000321c	014fab33	slt	x22,x31,x20	 x31:0x80041024 x20:0xfffffbbf x22=0x00000001
     147965.000 ns	     14795	80003220	21332f53	fsgnjx.s	f30,f6,f19	  f6:0x7fc00000 f19:0xff800000 f30=0xffc00000
     147985.000 ns	     14797	80003224	01a2c533	xor	x10,x5,x26	  x5:0x00000000 x26:0xffff0ff5 x10=0xffff0ff5
     147995.000 ns	     14798	80003228	019b8633	add	x12,x23,x25	 x23:0x80000000 x25:0x80041024 x12=0x00041024
     148005.000 ns	     14799	8000322c	00a8c8b3	xor	x17,x17,x10	 x17:0xfffff991 x10:0x821941c8 x17=0x0000f664
     148025.000 ns	     14801	80003230	028de733	rem	x14,x27,x8	 x27:0x00080000  x8:0x00000000 x14=0x00080000
     148055.000 ns	     14804	80003234	e0049dd3	fclass.s	x27,f9	  f9:0xbf800000 x27=0x00000002
     148085.000 ns	     14807	80003238	c0067dd3	fcvt.w.s	x27,f12	 f12:0x80000000 x27=0x00000000
     148115.000 ns	     14810	8000323c	e0090753	fmv.x.w	x14,f18	 f18:0xcf000000 x14=0xcf000000
     148145.000 ns	     14813	80003240	c0100a53	fcvt.wu.s	x20,f0	  f0:0x80000000 x20=0x00000000
     148175.000 ns	     14816	80003244	024354b3	divu	x9,x6,x4	  x6:0xb2a29000  x4:0x00000000  x9=0xffffffff
     148195.000 ns	     14818	80003248	008adc93	srli	x25,x21,0x8	 x21:0x00000000 x25=0x00000000
     148555.000 ns	     14854	8000324c	029a54b3	divu	x9,x20,x9	 x20:0x00000000  x9:0xffffffff  x9=0x00000000
     148575.000 ns	     14856	80003250	019d85b3	add	x11,x27,x25	 x27:0x00000000 x25:0x80041024 x11=0x00000000
     148595.000 ns	     14858	80003254	d01e1cd3	fcvt.s.wu	f25,x28	 x28:0x80040fe4 f25=0x4f00040f
     148615.000 ns	     14860	80003258	06ff3893	sltiu	x17,x30,111	 x30:0x80000000 x17=0x00000000
     148625.000 ns	     14861	8000325c	14caeb17	auipc	x22,0x14cae	 x22=0x94cb125c
     148635.000 ns	     14862	80003260	01f070b3	and	x1,x0,x31	  x0:0x00000000 x31:0x80041024  x1=0x00000000
     148995.000 ns	     14898	80003264	02e77233	remu	x4,x14,x14	 x14:0xcf000000 x14:0xcf000000  x4=0x00000000
     149025.000 ns	     14901	80003268	f00284d3	fmv.w.x	f9,x5	  x5:0x00000000  f9=0x00000000
     149045.000 ns	     14903	8000326c	86c16a93	ori	x21,x2,-1940	  x2:0x80000000 x21=0xfffff86c
     149065.000 ns	     14905	80003270	e00585d3	fmv.x.w	x11,f11	 f11:0x80000000 x11=0x80000000
     149085.000 ns	     14907	80003274	40af5693	srai	x13,x30,0xa	 x30:0x80000000 x13=0xffe00000
     149095.000 ns	     14908	80003278	6f293213	sltiu	x4,x18,1778	 x18:0xbf800000  x4=0x00000000
     149125.000 ns	     14911	8000327c	1896fe53	fdiv.s	f28,f13,f9	 f13:0x00000000  f9:0x00000000 f28=0x7fc00000
     149145.000 ns	     14913	80003280	eaae03b7	lui	x7,0xeaae0	  x7=0xeaae0000
     149155.000 ns	     14914	80003284	d9757293	andi	x5,x10,-617	 x10:0xffff0ff5  x5=0xffff0d95
     149185.000 ns	     14917	80003288	5809f553	fsqrt.s	f10,f19	 f19:0xff800000 f10=0x7fc00000
     149225.000 ns	     14921	8000328c	580d7ad3	fsqrt.s	f21,f26	 f26:0x00000000 f21=0x00000000
     149265.000 ns	     14925	80003290	1875ffd3	fdiv.s	f31,f11,f7	 f11:0x80000000  f7:0xbf800000 f31=0x00000000
     149285.000 ns	     14927	80003294	0154f233	and	x4,x9,x21	  x9:0x00000000 x21:0xfffff86c  x4=0x00000000
     149315.000 ns	     14930	80003298	19dea353	fdiv.s	f6,f29,f29	 f29:0x7fc00000 f29:0x7fc00000  f6=0x7fc00000
     149345.000 ns	     14933	8000329c	a077a5d3	feq.s	x11,f15,f7	 f15:0x00000000  f7:0xbf800000 x11=0x00000000
     149365.000 ns	     14935	800032a0	a3d21897	auipc	x17,0xa3d21	 x17=0x23d242a0
     149375.000 ns	     14936	800032a4	01043833	sltu	x16,x8,x16	  x8:0x00000000 x16:0xffff0111 x16=0x00000001
     149395.000 ns	     14938	800032a8	e00e8b53	fmv.x.w	x22,f29	 f29:0x7fc00000 x22=0x7fc00000
     149425.000 ns	     14941	800032ac	201a18d3	fsgnjn.s	f17,f20,f1	 f20:0x7fc00000  f1:0xce9f8334 f17=0x7fc00000
     149455.000 ns	     14944	800032b0	d0082ed3	fcvt.s.w	f29,x16	 x16:0x00000001 f29=0x3f800000
     149485.000 ns	     14947	800032b4	a1afafd3	feq.s	x31,f31,f26	 f31:0x00000000 f26:0x00000000 x31=0x00000001
     149525.000 ns	     14951	800032b8	18b5f3d3	fdiv.s	f7,f11,f11	 f11:0x80000000 f11:0x80000000  f7=0x7fc00000
     149555.000 ns	     14954	800032bc	d0067353	fcvt.s.w	f6,x12	 x12:0x00041024  f6=0x48820480
     149585.000 ns	     14957	800032c0	f0068ed3	fmv.w.x	f29,x13	 x13:0xffe00000 f29=0xffe00000
     149605.000 ns	     14959	800032c4	00ab6133	or	x2,x22,x10	 x22:0x7fc00000 x10:0xffff0ff5  x2=0xffff0ff5
     149625.000 ns	     14961	800032c8	f0080253	fmv.w.x	f4,x16	 x16:0x00000001  f4=0x00000001
     149645.000 ns	     14963	800032cc	ff7c7c13	andi	x24,x24,-9	 x24:0x00080000 x24=0x00080000
     149655.000 ns	     14964	800032d0	00891eb3	sll	x29,x18,x8	 x18:0xbf800000  x8:0x00000000 x29=0xbf800000
     149665.000 ns	     14965	800032d4	41750933	sub	x18,x10,x23	 x10:0xffff0ff5 x23:0x80000000 x18=0x7fff0ff5
     149685.000 ns	     14967	800032d8	03b3d633	divu	x12,x7,x27	  x7:0xeaae0000 x27:0x00000000 x12=0xffffffff
     149705.000 ns	     14969	800032dc	005280b3	add	x1,x5,x5	  x5:0xffff0d95  x5:0xffff0d95  x1=0xfffe1b2a
     149715.000 ns	     14970	800032e0	d9642797	auipc	x15,0xd9642	 x15=0x596452e0
     149735.000 ns	     14972	800032e4	034fda33	divu	x20,x31,x20	 x31:0x00000001 x20:0x00000000 x20=0xffffffff
     149765.000 ns	     14975	800032e8	f0098ed3	fmv.w.x	f29,x19	 x19:0x80041024 f29=0x80041024
     149795.000 ns	     14978	800032ec	287f9dd3	fmax.s	f27,f31,f7	 f31:0x00000000  f7:0x7fc00000 f27=0x00000000
     149825.000 ns	     14981	800032f0	0289d8b3	divu	x17,x19,x8	 x19:0x80041024  x8:0x00000000 x17=0xffffffff
     150195.000 ns	     15018	800032f4	0215e433	rem	x8,x11,x1	 x11:0x00000000  x1:0xfffe1b2a  x8=0x00000000
     150215.000 ns	     15020	800032f8	ffeb6f93	ori	x31,x22,-2	 x22:0x7fc00000 x31=0xfffffffe
     150235.000 ns	     15022	800032fc	a0da2653	feq.s	x12,f20,f13	 f20:0x7fc00000 f13:0x00000000 x12=0x00000000
     150255.000 ns	     15024	80003300	00000013	addi	x0,x0,0	  x0:0x00000000
     150275.000 ns	     15026	80003304	c018c4d3	fcvt.wu.s	x9,f17	 f17:0x7fc00000  x9=0xffffffff
     150645.000 ns	     15063	80003308	03a7f7b3	remu	x15,x15,x26	 x15:0x596452e0 x26:0xffff0ff5 x15=0x596452e0
     150665.000 ns	     15065	8000330c	01f483b3	add	x7,x9,x31	  x9:0xffffffff x31:0xfffffffe  x7=0xfffffffd
     150685.000 ns	     15067	80003310	a18f1dd3	flt.s	x27,f30,f24	 f30:0xffc00000 f24:0xbf800000 x27=0x00000000
     150705.000 ns	     15069	80003314	01b69813	slli	x16,x13,0x1b	 x13:0xffe00000 x16=0x00000000
     150725.000 ns	     15071	80003318	c012f653	fcvt.wu.s	x12,f5	  f5:0x80000000 x12=0x00000000
     150755.000 ns	     15074	8000331c	a1899d53	flt.s	x26,f19,f24	 f19:0xff800000 f24:0xbf800000 x26=0x00000001
     150785.000 ns	     15077	80003320	03ec8233	mul	x4,x25,x30	 x25:0x00000000 x30:0x80000000  x4=0x00000000
     150815.000 ns	     15080	80003324	209f9d53	fsgnjn.s	f26,f31,f9	 f31:0x00000000  f9:0x00000000 f26=0x80000000
     150835.000 ns	     15082	80003328	abbeb113	sltiu	x2,x29,-1349	 x29:0xbf800000  x2=0x00000001
     150845.000 ns	     15083	8000332c	019d2733	slt	x14,x26,x25	 x26:0x00000001 x25:0x00000000 x14=0x00000000
     150855.000 ns	     15084	80003330	413a0f33	sub	x30,x20,x19	 x20:0xffffffff x19:0x80041024 x30=0x7ffbefdb
     150895.000 ns	     15088	80003334	00b27ed3	fadd.s	f29,f4,f11	  f4:0x00000001 f11:0x80000000 f29=0x00000001
     150925.000 ns	     15091	80003338	02bd2133	mulhsu	x2,x26,x11	 x26:0x00000001 x11:0x00000000  x2=0x00000000
     150975.000 ns	     15096	8000333c	0150fad3	fadd.s	f21,f1,f21	  f1:0xce9f8334 f21:0x00000000 f21=0xce9f8334
     151005.000 ns	     15099	80003340	213f8d53	fsgnj.s	f26,f31,f19	 f31:0x00000000 f19:0xff800000 f26=0x80000000
     151025.000 ns	     15101	80003344	de264a93	xori	x21,x12,-542	 x12:0x00000000 x21=0xfffffde2
     151035.000 ns	     15102	80003348	01dc0233	add	x4,x24,x29	 x24:0x00080000 x29:0xbf800000  x4=0xbf880000
     151055.000 ns	     15104	8000334c	e00117d3	fclass.s	x15,f2	  f2:0x80000000 x15=0x00000008
     151095.000 ns	     15108	80003350	58007fd3	fsqrt.s	f31,f0	  f0:0x80000000 f31=0x80000000
     151115.000 ns	     15110	80003354	00d71493	slli	x9,x14,0xd	 x14:0x00000000  x9=0x00000000
     151125.000 ns	     15111	80003358	01fe4133	xor	x2,x28,x31	 x28:0x80040fe4 x31:0xfffffffe  x2=0x7ffbf01a
     151135.000 ns	     15112	8000335c	0077c433	xor	x8,x15,x7	 x15:0x00000008  x7:0xfffffffd  x8=0xfffffff5
     151175.000 ns	     15116	80003360	09bff4d3	fsub.s	f9,f31,f27	 f31:0x80000000 f27:0x00000000  f9=0x80000000
     151225.000 ns	     15121	80003364	092ca953	fsub.s	f18,f25,f18	 f25:0x4f00040f f18:0xcf000000 f18=0x4f800207
     151255.000 ns	     15124	80003368	a1ea0653	fle.s	x12,f20,f30	 f20:0x7fc00000 f30:0xffc00000 x12=0x00000000
     151285.000 ns	     15127	8000336c	a07308d3	fle.s	x17,f6,f7	  f6:0x48820480  f7:0x7fc00000 x17=0x00000000
     151305.000 ns	     15129	80003370	00ec8cb3	add	x25,x25,x14	 x25:0x00000000 x14:0x00000000 x25=0x00000000
     151315.000 ns	     15130	80003374	00132db3	slt	x27,x6,x1	  x6:0xb2a29000  x1:0xfffe1b2a x27=0x00000001
     151355.000 ns	     15134	80003378	08a40353	fsub.s	f6,f8,f10	  f8:0x7fc00000 f10:0x7fc00000  f6=0x7fc00000
     151385.000 ns	     15137	8000337c	e00580d3	fmv.x.w	x1,f11	 f11:0x80000000  x1=0x80000000
     151415.000 ns	     15140	80003380	28fc1d53	fmax.s	f26,f24,f15	 f24:0xbf800000 f15:0x00000000 f26=0x00000000
     151435.000 ns	     15142	80003384	01847533	and	x10,x8,x24	  x8:0xfffffff5 x24:0x00080000 x10=0x00080000
     151445.000 ns	     15143	80003388	01b95db3	srl	x27,x18,x27	 x18:0x7fff0ff5 x27:0x00000001 x27=0x3fff87fa
     151465.000 ns	     15145	8000338c	20b406d3	fsgnj.s	f13,f8,f11	  f8:0x7fc00000 f11:0x80000000 f13=0xffc00000
     151495.000 ns	     15148	80003390	e0090053	fmv.x.w	x0,f18	 f18:0x4f800207
     151525.000 ns	     15151	80003394	29e70bd3	fmin.s	f23,f14,f30	 f14:0x4f675000 f30:0xffc00000 f23=0x4f675000
     151545.000 ns	     15153	80003398	0045cd33	xor	x26,x11,x4	 x11:0x00000000  x4:0xbf880000 x26=0xbf880000
     151565.000 ns	     15155	8000339c	02541f33	mulh	x30,x8,x5	  x8:0xfffffff5  x5:0xffff0d95 x30=0x00000000
     151595.000 ns	     15158	800033a0	a132acd3	feq.s	x25,f5,f19	  f5:0x80000000 f19:0xff800000 x25=0x00000000
     151645.000 ns	     15163	800033a4	004d4853	fadd.s	f16,f26,f4	 f26:0x00000000  f4:0x00000001 f16=0x00000001
     151675.000 ns	     15166	800033a8	d0062b53	fcvt.s.w	f22,x12	 x12:0x00000000 f22=0x00000000
     151695.000 ns	     15168	800033ac	0043a2b3	slt	x5,x7,x4	  x7:0xfffffffd  x4:0xbf880000  x5=0x00000000
     151715.000 ns	     15170	800033b0	c01a4053	fcvt.wu.s	x0,f20	 f20:0x7fc00000
     151735.000 ns	     15172	800033b4	00c12f33	slt	x30,x2,x12	  x2:0x7ffbf01a x12:0x00000000 x30=0x00000000
     151745.000 ns	     15173	800033b8	18013f93	sltiu	x31,x2,384	  x2:0x7ffbf01a x31=0x00000000
     151755.000 ns	     15174	800033bc	00000013	addi	x0,x0,0	  x0:0x00000000
     151775.000 ns	     15176	800033c0	29518d53	fmin.s	f26,f3,f21	  f3:0x80000000 f21:0xce9f8334 f26=0xce9f8334
     151795.000 ns	     15178	800033c4	acdf1f37	lui	x30,0xacdf1	 x30=0xacdf1000
     151805.000 ns	     15179	800033c8	00000013	addi	x0,x0,0	  x0:0x00000000
     151815.000 ns	     15180	800033cc	9c04fa93	andi	x21,x9,-1600	  x9:0x00000000 x21=0x00000000
     151825.000 ns	     15181	800033d0	01eddb33	srl	x22,x27,x30	 x27:0x3fff87fa x30:0xacdf1000 x22=0x3fff87fa
     151835.000 ns	     15182	800033d4	01cae1b3	or	x3,x21,x28	 x21:0xfffffde2 x28:0x80040fe4  x3=0x80040fe4
     151875.000 ns	     15186	800033d8	0806f353	fsub.s	f6,f13,f0	 f13:0xffc00000  f0:0x80000000  f6=0x7fc00000
     151905.000 ns	     15189	800033dc	c009cad3	fcvt.w.s	x21,f19	 f19:0xff800000 x21=0x80000000
     151935.000 ns	     15192	800033e0	215398d3	fsgnjn.s	f17,f7,f21	  f7:0x7fc00000 f21:0xce9f8334 f17=0x7fc00000
     151965.000 ns	     15195	800033e4	c00f72d3	fcvt.w.s	x5,f30	 f30:0xffc00000  x5=0x7fffffff
     151995.000 ns	     15198	800033e8	21a78ed3	fsgnj.s	f29,f15,f26	 f15:0x00000000 f26:0xce9f8334 f29=0x80000000
     152015.000 ns	     15200	800033ec	41495f13	srai	x30,x18,0x14	 x18:0x7fff0ff5 x30=0x000007ff
     152035.000 ns	     15202	800033f0	d017fe53	fcvt.s.wu	f28,x15	 x15:0x00000008 f28=0x41000000
     152065.000 ns	     15205	800033f4	20b60c53	fsgnj.s	f24,f12,f11	 f12:0x80000000 f11:0x80000000 f24=0x80000000
     152085.000 ns	     15207	800033f8	01385f33	srl	x30,x16,x19	 x16:0x00000000 x19:0x80041024 x30=0x00000000
     152095.000 ns	     15208	800033fc	00939eb3	sll	x29,x7,x9	  x7:0xfffffffd  x9:0x00000000 x29=0xfffffffd
     152105.000 ns	     15209	80003400	01b05d13	srli	x26,x0,0x1b	  x0:0x00000000 x26=0x00000000
     152145.000 ns	     15213	80003404	00d87e53	fadd.s	f28,f16,f13	 f16:0x00000001 f13:0xffc00000 f28=0x7fc00000
     152515.000 ns	     15250	80003408	0338dcb3	divu	x25,x17,x19	 x17:0x00000000 x19:0x80041024 x25=0x00000000
     152535.000 ns	     15252	8000340c	019ea2b3	slt	x5,x29,x25	 x29:0xfffffffd x25:0x00000000  x5=0x00000001
     152565.000 ns	     15255	80003410	18844b53	fdiv.s	f22,f8,f8	  f8:0x7fc00000  f8:0x7fc00000 f22=0x7fc00000
     152585.000 ns	     15257	80003414	00f152b3	srl	x5,x2,x15	  x2:0x7ffbf01a x15:0x00000008  x5=0x007ffbf0
     152615.000 ns	     15260	80003418	111479d3	fmul.s	f19,f8,f17	  f8:0x7fc00000 f17:0x7fc00000 f19=0x7fc00000
     152645.000 ns	     15263	8000341c	d01b10d3	fcvt.s.wu	f1,x22	 x22:0x3fff87fa  f1=0x4e7ffe1f
     152665.000 ns	     15265	80003420	00000013	addi	x0,x0,0	  x0:0x00000000
     152675.000 ns	     15266	80003424	a4b6ed93	ori	x27,x13,-1461	 x13:0xffe00000 x27=0xfffffa4b
     152685.000 ns	     15267	80003428	00818a33	add	x20,x3,x8	  x3:0x80040fe4  x8:0xfffffff5 x20=0x80040fd9
     152705.000 ns	     15269	8000342c	e00d8ed3	fmv.x.w	x29,f27	 f27:0x00000000 x29=0x00000000
     152725.000 ns	     15271	80003430	11c5fd93	andi	x27,x11,284	 x11:0x00000000 x27=0x00000000
     152735.000 ns	     15272	80003434	011d48b3	xor	x17,x26,x17	 x26:0x00000000 x17:0x00000000 x17=0x00000000
     152755.000 ns	     15274	80003438	c01878d3	fcvt.wu.s	x17,f16	 f16:0x00000001 x17=0x00000000
     152785.000 ns	     15277	8000343c	039ab533	mulhu	x10,x21,x25	 x21:0x80000000 x25:0x00000000 x10=0x00000000
     152805.000 ns	     15279	80003440	00000013	addi	x0,x0,0	  x0:0x00000000
     152825.000 ns	     15281	80003444	03f595b3	mulh	x11,x11,x31	 x11:0x00000000 x31:0x00000000 x11=0x00000000
     152865.000 ns	     15285	80003448	113134d3	fmul.s	f9,f2,f19	  f2:0x80000000 f19:0x7fc00000  f9=0x7fc00000
     152895.000 ns	     15288	8000344c	c003a7d3	fcvt.w.s	x15,f7	  f7:0x7fc00000 x15=0x7fffffff
     152925.000 ns	     15291	80003450	20caaf53	fsgnjx.s	f30,f21,f12	 f21:0xce9f8334 f12:0x80000000 f30=0x4e9f8334
     152955.000 ns	     15294	80003454	a0a81953	flt.s	x18,f16,f10	 f16:0x00000001 f10:0x7fc00000 x18=0x00000000
     153005.000 ns	     15299	80003458	01a4c5d3	fadd.s	f11,f9,f26	  f9:0x7fc00000 f26:0xce9f8334 f11=0x7fc00000
     153035.000 ns	     15302	8000345c	20f18b53	fsgnj.s	f22,f3,f15	  f3:0x80000000 f15:0x00000000 f22=0x00000000
     153405.000 ns	     15339	80003460	02657a33	remu	x20,x10,x6	 x10:0x00000000  x6:0xb2a29000 x20=0x00000000
     153425.000 ns	     15341	80003464	09236613	ori	x12,x6,146	  x6:0xb2a29000 x12=0xb2a29092
     153465.000 ns	     15345	80003468	09269bd3	fsub.s	f23,f13,f18	 f13:0xffc00000 f18:0x4f800207 f23=0x7fc00000
     153495.000 ns	     15348	8000346c	e00090d3	fclass.s	x1,f1	  f1:0x4e7ffe1f  x1=0x00000040
     153515.000 ns	     15350	80003470	dfddc513	xori	x10,x27,-515	 x27:0x00000000 x10=0xfffffdfd
     153525.000 ns	     15351	80003474	41e881b3	sub	x3,x17,x30	 x17:0x00000000 x30:0x00000000  x3=0x00000000
     153535.000 ns	     15352	80003478	5e73f113	andi	x2,x7,1511	  x7:0xfffffffd  x2=0x000005e5
     153555.000 ns	     15354	8000347c	a0179ed3	flt.s	x29,f15,f1	 f15:0x00000000  f1:0x4e7ffe1f x29=0x00000001
     153575.000 ns	     15356	80003480	00d8e633	or	x12,x17,x13	 x17:0x00000000 x13:0xffe00000 x12=0xffe00000
     153585.000 ns	     15357	80003484	bd8c3313	sltiu	x6,x24,-1064	 x24:0x00080000  x6=0x00000001
     153595.000 ns	     15358	80003488	019cddb3	srl	x27,x25,x25	 x25:0x00000000 x25:0x00000000 x27=0x00000000
     153615.000 ns	     15360	8000348c	e0081353	fclass.s	x6,f16	 f16:0x00000001  x6=0x00000020
     153635.000 ns	     15362	80003490	ce233213	sltiu	x4,x6,-798	  x6:0x00000001  x4=0x00000001
     153655.000 ns	     15364	80003494	21c39c53	fsgnjn.s	f24,f7,f28	  f7:0x7fc00000 f28:0x7fc00000 f24=0xffc00000
     153675.000 ns	     15366	80003498	40cd5db3	sra	x27,x26,x12	 x26:0x00000000 x12:0xffe00000 x27=0x00000000
     153695.000 ns	     15368	8000349c	d01f7dd3	fcvt.s.wu	f27,x30	 x30:0x00000000 f27=0x00000000
     153725.000 ns	     15371	800034a0	e0070ad3	fmv.x.w	x21,f14	 f14:0x4f675000 x21=0x4f675000
     153745.000 ns	     15373	800034a4	00000013	addi	x0,x0,0	  x0:0x00000000
     154915.000 ns	     15490	800034a8	580841d3	fsqrt.s	f3,f16	 f16:0x00000001  f3=0x1f350483
     154935.000 ns	     15492	800034ac	013a1413	slli	x8,x20,0x13	 x20:0x00000000  x8=0x00000000
     154945.000 ns	     15493	800034b0	0103b533	sltu	x10,x7,x16	  x7:0xfffffffd x16:0x00000000 x10=0x00000000
     154975.000 ns	     15496	800034b4	11a4fbd3	fmul.s	f23,f9,f26	  f9:0x7fc00000 f26:0xce9f8334 f23=0x7fc00000
     154995.000 ns	     15498	800034b8	01f1b833	sltu	x16,x3,x31	  x3:0x00000000 x31:0x00000000 x16=0x00000000
     155035.000 ns	     15502	800034bc	005c86d3	fadd.s	f13,f25,f5	 f25:0x4f00040f  f5:0x80000000 f13=0x4f00040f
     155065.000 ns	     15505	800034c0	283002d3	fmin.s	f5,f0,f3	  f0:0x80000000  f3:0x1f350483  f5=0x80000000
     155085.000 ns	     15507	800034c4	23b02093	slti	x1,x0,571	  x0:0x00000000  x1=0x00000001
     155105.000 ns	     15509	800034c8	e0088253	fmv.x.w	x4,f17	 f17:0x7fc00000  x4=0x7fc00000
     155135.000 ns	     15512	800034cc	21d011d3	fsgnjn.s	f3,f0,f29	  f0:0x80000000 f29:0x80000000  f3=0x00000000
     155165.000 ns	     15515	800034d0	e00d8cd3	fmv.x.w	x25,f27	 f27:0x00000000 x25=0x00000000
     155195.000 ns	     15518	800034d4	03481ab3	mulh	x21,x16,x20	 x16:0x00000000 x20:0x00000000 x21=0x00000000
     155565.000 ns	     15555	800034d8	0246fa33	remu	x20,x13,x4	 x13:0xffe00000  x4:0x7fc00000 x20=0x00600000
     155585.000 ns	     15557	800034dc	7abf4c93	xori	x25,x30,1963	 x30:0x00000000 x25=0x000007ab
     155605.000 ns	     15559	800034e0	d010c253	fcvt.s.wu	f4,x1	  x1:0x00000001  f4=0x3f800000
     155635.000 ns	     15562	800034e4	e00c1dd3	fclass.s	x27,f24	 f24:0xffc00000 x27=0x00000200
     155665.000 ns	     15565	800034e8	c00372d3	fcvt.w.s	x5,f6	  f6:0x7fc00000  x5=0x7fffffff
     155685.000 ns	     15567	800034ec	00000013	addi	x0,x0,0	  x0:0x00000000
     155705.000 ns	     15569	800034f0	c00371d3	fcvt.w.s	x3,f6	  f6:0x7fc00000  x3=0x7fffffff
     155725.000 ns	     15571	800034f4	401288b3	sub	x17,x5,x1	  x5:0x7fffffff  x1:0x00000001 x17=0x7ffffffe
     155735.000 ns	     15572	800034f8	6baa3413	sltiu	x8,x20,1722	 x20:0x00600000  x8=0x00000000
     155775.000 ns	     15576	800034fc	00562dd3	fadd.s	f27,f12,f5	 f12:0x80000000  f5:0x80000000 f27=0x80000000
     155795.000 ns	     15578	80003500	001be933	or	x18,x23,x1	 x23:0x80000000  x1:0x00000001 x18=0x80000001
     155815.000 ns	     15580	80003504	a16e1c53	flt.s	x24,f28,f22	 f28:0x7fc00000 f22:0x00000000 x24=0x00000000
     155845.000 ns	     15583	80003508	200580d3	fsgnj.s	f1,f11,f0	 f11:0x7fc00000  f0:0x80000000  f1=0xffc00000
     155865.000 ns	     15585	8000350c	0014aa33	slt	x20,x9,x1	  x9:0x00000000  x1:0x00000001 x20=0x00000001
     155885.000 ns	     15587	80003510	e0060ad3	fmv.x.w	x21,f12	 f12:0x80000000 x21=0x80000000
     155925.000 ns	     15591	80003514	580e35d3	fsqrt.s	f11,f28	 f28:0x7fc00000 f11=0x7fc00000
     155945.000 ns	     15593	80003518	14e40193	addi	x3,x8,334	  x8:0x00000000  x3=0x0000014e
     155955.000 ns	     15594	8000351c	41f5d513	srai	x10,x11,0x1f	 x11:0x00000000 x10=0x00000000
     155985.000 ns	     15597	80003520	102b7153	fmul.s	f2,f22,f2	 f22:0x00000000  f2:0x80000000  f2=0x80000000
     156015.000 ns	     15600	80003524	29c891d3	fmax.s	f3,f17,f28	 f17:0x7fc00000 f28:0x7fc00000  f3=0x7fc00000
     156055.000 ns	     15604	80003528	19b8ab53	fdiv.s	f22,f17,f27	 f17:0x7fc00000 f27:0x80000000 f22=0x7fc00000
     156085.000 ns	     15607	8000352c	a17aa453	feq.s	x8,f21,f23	 f21:0xce9f8334 f23:0x7fc00000  x8=0x00000000
     156105.000 ns	     15609	80003530	013d2fb3	slt	x31,x26,x19	 x26:0x00000000 x19:0x80041024 x31=0x00000000
     156125.000 ns	     15611	80003534	20648253	fsgnj.s	f4,f9,f6	  f9:0x7fc00000  f6:0x7fc00000  f4=0x7fc00000
     156145.000 ns	     15613	80003538	00f8a0b3	slt	x1,x17,x15	 x17:0x7ffffffe x15:0x7fffffff  x1=0x00000001
     156155.000 ns	     15614	8000353c	00000013	addi	x0,x0,0	  x0:0x00000000
     156175.000 ns	     15616	80003540	c005a3d3	fcvt.w.s	x7,f11	 f11:0x7fc00000  x7=0x7fffffff
     156195.000 ns	     15618	80003544	e0c7a593	slti	x11,x15,-500	 x15:0x7fffffff x11=0x00000000
     156235.000 ns	     15622	80003548	09197dd3	fsub.s	f27,f18,f17	 f18:0x4f800207 f17:0x7fc00000 f27=0x7fc00000
     156255.000 ns	     15624	8000354c	40f75a93	srai	x21,x14,0xf	 x14:0x00000000 x21=0x00000000
     156265.000 ns	     15625	80003550	41afd8b3	sra	x17,x31,x26	 x31:0x00000000 x26:0x00000000 x17=0x00000000
     156275.000 ns	     15626	80003554	48ad0a93	addi	x21,x26,1162	 x26:0x00000000 x21=0x0000048a
     156285.000 ns	     15627	80003558	d3872313	slti	x6,x14,-712	 x14:0x00000000  x6=0x00000000
     156295.000 ns	     15628	8000355c	00737533	and	x10,x6,x7	  x6:0x00000020  x7:0x7fffffff x10=0x00000000
     156315.000 ns	     15630	80003560	21709a53	fsgnjn.s	f20,f1,f23	  f1:0xffc00000 f23:0x7fc00000 f20=0xffc00000
     156345.000 ns	     15633	80003564	c01a7353	fcvt.wu.s	x6,f20	 f20:0x7fc00000  x6=0xffffffff
     156365.000 ns	     15635	80003568	418b5813	srai	x16,x22,0x18	 x22:0x3fff87fa x16=0x0000003f
     156375.000 ns	     15636	8000356c	78178f93	addi	x31,x15,1921	 x15:0x7fffffff x31=0x80000780
     156395.000 ns	     15638	80003570	a1aa0353	fle.s	x6,f20,f26	 f20:0xffc00000 f26:0xce9f8334  x6=0x00000000
     156415.000 ns	     15640	80003574	c4c00797	auipc	x15,0xc4c00	 x15=0x44c03574
     156425.000 ns	     15641	80003578	012263b3	or	x7,x4,x18	  x4:0x7fc00000 x18:0x80000001  x7=0xffc00001
     156445.000 ns	     15643	8000357c	a19082d3	fle.s	x5,f1,f25	  f1:0xffc00000 f25:0x4f00040f  x5=0x00000000
     156475.000 ns	     15646	80003580	a0c1a653	feq.s	x12,f3,f12	  f3:0x7fc00000 f12:0x80000000 x12=0x00000000
     156505.000 ns	     15649	80003584	03df31b3	mulhu	x3,x30,x29	 x30:0x00000000 x29:0x00000001  x3=0x00000000
     156525.000 ns	     15651	80003588	b9977db7	lui	x27,0xb9977	 x27=0xb9977000
     156535.000 ns	     15652	8000358c	0f86fa37	lui	x20,0xf86f	 x20=0x0f86f000
     156545.000 ns	     15653	80003590	74432013	slti	x0,x6,1860	  x6:0x00000000
     156565.000 ns	     15655	80003594	28df88d3	fmin.s	f17,f31,f13	 f31:0x80000000 f13:0x4f00040f f17=0x80000000
     156595.000 ns	     15658	80003598	a0f58753	fle.s	x14,f11,f15	 f11:0x7fc00000 f15:0x00000000 x14=0x00000000
     156615.000 ns	     15660	8000359c	37786113	ori	x2,x16,887	 x16:0x0000003f  x2=0x0000037f
     156635.000 ns	     15662	800035a0	d01f4b53	fcvt.s.wu	f22,x30	 x30:0x00000000 f22=0x00000000
     156665.000 ns	     15665	800035a4	29d01153	fmax.s	f2,f0,f29	  f0:0x80000000 f29:0x80000000  f2=0x80000000
     156685.000 ns	     15667	800035a8	01546b33	or	x22,x8,x21	  x8:0x00000000 x21:0x0000048a x22=0x0000048a
     156705.000 ns	     15669	800035ac	e00f11d3	fclass.s	x3,f30	 f30:0x4e9f8334  x3=0x00000040
     156725.000 ns	     15671	800035b0	00155fb3	srl	x31,x10,x1	 x10:0x00000000  x1:0x00000001 x31=0x00000000
     156735.000 ns	     15672	800035b4	6df2e413	ori	x8,x5,1759	  x5:0x00000000  x8=0x000006df
     156745.000 ns	     15673	800035b8	009c65b3	or	x11,x24,x9	 x24:0x00000000  x9:0x00000000 x11=0x00000000
     156765.000 ns	     15675	800035bc	d0174cd3	fcvt.s.wu	f25,x14	 x14:0x00000000 f25=0x00000000
     156795.000 ns	     15678	800035c0	c0119653	fcvt.wu.s	x12,f3	  f3:0x7fc00000 x12=0xffffffff
     156825.000 ns	     15681	800035c4	024f2f33	mulhsu	x30,x30,x4	 x30:0x00000000  x4:0x7fc00000 x30=0x00000000
     156855.000 ns	     15684	800035c8	299f9553	fmax.s	f10,f31,f25	 f31:0x80000000 f25:0x00000000 f10=0x00000000
     156885.000 ns	     15687	800035cc	214a2f53	fsgnjx.s	f30,f20,f20	 f20:0xffc00000 f20:0xffc00000 f30=0x7fc00000
     156915.000 ns	     15690	800035d0	d006fcd3	fcvt.s.w	f25,x13	 x13:0xffe00000 f25=0xca000000
     156935.000 ns	     15692	800035d4	9ad3e013	ori	x0,x7,-1619	  x7:0xffc00001
     156955.000 ns	     15694	800035d8	02d73ab3	mulhu	x21,x14,x13	 x14:0x00000000 x13:0xffe00000 x21=0x00000000
     156975.000 ns	     15696	800035dc	800c7513	andi	x10,x24,-2048	 x24:0x00000000 x10=0x00000000
     156995.000 ns	     15698	800035e0	03147ab3	remu	x21,x8,x17	  x8:0x000006df x17:0x00000000 x21=0x000006df
     157015.000 ns	     15700	800035e4	0157df13	srli	x30,x15,0x15	 x15:0x44c03574 x30=0x00000226
     157025.000 ns	     15701	800035e8	00f3deb3	srl	x29,x7,x15	  x7:0xffc00001 x15:0x44c03574 x29=0x00000ffc
     157035.000 ns	     15702	800035ec	401cd633	sra	x12,x25,x1	 x25:0x000007ab  x1:0x00000001 x12=0x000003d5
     157055.000 ns	     15704	800035f0	c018fcd3	fcvt.wu.s	x25,f17	 f17:0x80000000 x25=0x00000000
     157085.000 ns	     15707	800035f4	c00c1053	fcvt.w.s	x0,f24	 f24:0xffc00000
     157105.000 ns	     15709	800035f8	bdd6e793	ori	x15,x13,-1059	 x13:0xffe00000 x15=0xfffffbdd
     157115.000 ns	     15710	800035fc	007b4db3	xor	x27,x22,x7	 x22:0x0000048a  x7:0xffc00001 x27=0xffc0048b
     157135.000 ns	     15712	80003600	d012c9d3	fcvt.s.wu	f19,x5	  x5:0x00000000 f19=0x00000000
     157175.000 ns	     15716	80003604	10407453	fmul.s	f8,f0,f4	  f0:0x80000000  f4:0x7fc00000  f8=0x7fc00000
     157205.000 ns	     15719	80003608	a0e61253	flt.s	x4,f12,f14	 f12:0x80000000 f14:0x4f675000  x4=0x00000001
     157225.000 ns	     15721	8000360c	0018ac33	slt	x24,x17,x1	 x17:0x00000000  x1:0x00000001 x24=0x00000001
     157585.000 ns	     15757	80003610	038c46b3	div	x13,x24,x24	 x24:0x00000000 x24:0x00000000 x13=0x00000001
     157615.000 ns	     15760	80003614	d0173ed3	fcvt.s.wu	f29,x14	 x14:0x00000000 f29=0x00000000
     157635.000 ns	     15762	80003618	00b69493	slli	x9,x13,0xb	 x13:0x00000001  x9=0x00000800
     157655.000 ns	     15764	8000361c	c01573d3	fcvt.wu.s	x7,f10	 f10:0x00000000  x7=0x00000000
     157675.000 ns	     15766	80003620	70808e93	addi	x29,x1,1800	  x1:0x00000001 x29=0x00000709
     157685.000 ns	     15767	80003624	89bcfc93	andi	x25,x25,-1893	 x25:0x00000000 x25=0x00000000
     158045.000 ns	     15803	80003628	0283e033	rem	x0,x7,x8	  x7:0x00000000  x8:0x000006df
     158075.000 ns	     15806	8000362c	d017f8d3	fcvt.s.wu	f17,x15	 x15:0xfffffbdd f17=0x4f7ffffb
     158095.000 ns	     15808	80003630	10638893	addi	x17,x7,262	  x7:0x00000000 x17=0x00000106
     158105.000 ns	     15809	80003634	59581537	lui	x10,0x59581	 x10=0x59581000
     158135.000 ns	     15812	80003638	19d584d3	fdiv.s	f9,f11,f29	 f11:0x7fc00000 f29:0x00000000  f9=0x7fc00000
     158155.000 ns	     15814	8000363c	41ab53b3	sra	x7,x22,x26	 x22:0x0000048a x26:0x00000000  x7=0x0000048a
     158165.000 ns	     15815	80003640	01b2c6b3	xor	x13,x5,x27	  x5:0x00000000 x27:0xffc0048b x13=0xffc0048b
     158185.000 ns	     15817	80003644	02333ab3	mulhu	x21,x6,x3	  x6:0x00000000  x3:0x00000040 x21=0x00000000
     158215.000 ns	     15820	80003648	20d01153	fsgnjn.s	f2,f0,f13	  f0:0x80000000 f13:0x4f00040f  f2=0x80000000
     158245.000 ns	     15823	8000364c	c010a453	fcvt.wu.s	x8,f1	  f1:0xffc00000  x8=0xffffffff
     158265.000 ns	     15825	80003650	41525293	srai	x5,x4,0x15	  x4:0x00000001  x5=0x00000000
     158305.000 ns	     15829	80003654	01d4fc53	fadd.s	f24,f9,f29	  f9:0x7fc00000 f29:0x00000000 f24=0x7fc00000
     158335.000 ns	     15832	80003658	f00309d3	fmv.w.x	f19,x6	  x6:0x00000000 f19=0x00000000
     158365.000 ns	     15835	8000365c	d01872d3	fcvt.s.wu	f5,x16	 x16:0x0000003f  f5=0x427c0000
     158385.000 ns	     15837	80003660	40ef5033	sra	x0,x30,x14	 x30:0x00000226 x14:0x00000000
     158395.000 ns	     15838	80003664	011f6533	or	x10,x30,x17	 x30:0x00000226 x17:0x00000106 x10=0x00000326
     158755.000 ns	     15874	80003668	03d34db3	div	x27,x6,x29	  x6:0x00000000 x29:0x00000709 x27=0x00000000
     158775.000 ns	     15876	8000366c	00415f13	srli	x30,x2,0x4	  x2:0x0000037f x30=0x00000037
     158785.000 ns	     15877	80003670	0ea13313	sltiu	x6,x2,234	  x2:0x0000037f  x6=0x00000000
     158825.000 ns	     15881	80003674	094e8653	fsub.s	f12,f29,f20	 f29:0x00000000 f20:0xffc00000 f12=0x7fc00000
     158845.000 ns	     15883	80003678	005fbcb3	sltu	x25,x31,x5	 x31:0x00000000  x5:0x00000000 x25=0x00000000
     158855.000 ns	     15884	8000367c	7e2bf693	andi	x13,x23,2018	 x23:0x80000000 x13=0x00000000
     159215.000 ns	     15920	80003680	03d34a33	div	x20,x6,x29	  x6:0x00000000 x29:0x00000709 x20=0x00000000
     159235.000 ns	     15922	80003684	ac468593	addi	x11,x13,-1340	 x13:0xffc0048b x11=0xfffffac4
     159255.000 ns	     15924	80003688	e00d8453	fmv.x.w	x8,f27	 f27:0x7fc00000  x8=0x7fc00000
     159275.000 ns	     15926	8000368c	48923713	sltiu	x14,x4,1161	  x4:0x00000001 x14=0x00000001
     159285.000 ns	     15927	80003690	009755b3	srl	x11,x14,x9	 x14:0x00000000  x9:0x00000800 x11=0x00000001
     159305.000 ns	     15929	80003694	e00e1453	fclass.s	x8,f28	 f28:0x7fc00000  x8=0x00000200
     159325.000 ns	     15931	80003698	66fe2013	slti	x0,x28,1647	 x28:0x80040fe4
     159335.000 ns	     15932	8000369c	00340333	add	x6,x8,x3	  x8:0x00000200  x3:0x00000040  x6=0x00000240
     159355.000 ns	     15934	800036a0	a05a0f53	fle.s	x30,f20,f5	 f20:0xffc00000  f5:0x427c0000 x30=0x00000000
     159375.000 ns	     15936	800036a4	0a4f7a93	andi	x21,x30,164	 x30:0x00000037 x21=0x00000000
     159395.000 ns	     15938	800036a8	f00805d3	fmv.w.x	f11,x16	 x16:0x0000003f f11=0x0000003f
     159415.000 ns	     15940	800036ac	00000013	addi	x0,x0,0	  x0:0x00000000
     159425.000 ns	     15941	800036b0	be65ef93	ori	x31,x11,-1050	 x11:0x00000001 x31=0xfffffbe7
     159435.000 ns	     15942	800036b4	00b5dd93	srli	x27,x11,0xb	 x11:0x00000001 x27=0x00000000
     159445.000 ns	     15943	800036b8	00eca7b3	slt	x15,x25,x14	 x25:0x00000000 x14:0x00000001 x15=0x00000001
     159465.000 ns	     15945	800036bc	a09e2553	feq.s	x10,f28,f9	 f28:0x7fc00000  f9:0x7fc00000 x10=0x00000000
     159485.000 ns	     15947	800036c0	013d9413	slli	x8,x27,0x13	 x27:0x00000000  x8=0x00000000
     159495.000 ns	     15948	800036c4	aa047113	andi	x2,x8,-1376	  x8:0x00000200  x2=0x00000000
     159505.000 ns	     15949	800036c8	0148f933	and	x18,x17,x20	 x17:0x00000106 x20:0x00000000 x18=0x00000000
     159515.000 ns	     15950	800036cc	d3787413	andi	x8,x16,-713	 x16:0x0000003f  x8=0x00000037
     159535.000 ns	     15952	800036d0	020ce733	rem	x14,x25,x0	 x25:0x00000000  x0:0x00000000 x14=0x00000000
     159565.000 ns	     15955	800036d4	03ae20b3	mulhsu	x1,x28,x26	 x28:0x80040fe4 x26:0x00000000  x1=0x00000000
     159585.000 ns	     15957	800036d8	000fb733	sltu	x14,x31,x0	 x31:0xfffffbe7  x0:0x00000000 x14=0x00000000
     159605.000 ns	     15959	800036dc	28d81553	fmax.s	f10,f16,f13	 f16:0x00000001 f13:0x4f00040f f10=0x4f00040f
     159635.000 ns	     15962	800036e0	21d11fd3	fsgnjn.s	f31,f2,f29	  f2:0x80000000 f29:0x00000000 f31=0x80000000
     159655.000 ns	     15964	800036e4	00a7fab3	and	x21,x15,x10	 x15:0x00000001 x10:0x00000000 x21=0x00000000
     159665.000 ns	     15965	800036e8	01e80b33	add	x22,x16,x30	 x16:0x0000003f x30:0x00000000 x22=0x0000003f
     159685.000 ns	     15967	800036ec	02369333	mulh	x6,x13,x3	 x13:0x00000000  x3:0x00000040  x6=0x00000000
     159705.000 ns	     15969	800036f0	76886b13	ori	x22,x16,1896	 x16:0x0000003f x22=0x0000077f
     159725.000 ns	     15971	800036f4	02dc27b3	mulhsu	x15,x24,x13	 x24:0x00000001 x13:0x00000000 x15=0x00000000
     159745.000 ns	     15973	800036f8	6a3f7a93	andi	x21,x30,1699	 x30:0x00000000 x21=0x00000000
     159775.000 ns	     15976	800036fc	103bfad3	fmul.s	f21,f23,f3	 f23:0x7fc00000  f3:0x7fc00000 f21=0x7fc00000
     159805.000 ns	     15979	80003700	d0127c53	fcvt.s.wu	f24,x4	  x4:0x00000001 f24=0x3f800000
     159825.000 ns	     15981	80003704	0160aab3	slt	x21,x1,x22	  x1:0x00000000 x22:0x0000077f x21=0x00000001
     159845.000 ns	     15983	80003708	a1a38853	fle.s	x16,f7,f26	  f7:0x7fc00000 f26:0xce9f8334 x16=0x00000000
     159875.000 ns	     15986	8000370c	203da853	fsgnjx.s	f16,f27,f3	 f27:0x7fc00000  f3:0x7fc00000 f16=0x7fc00000
     159905.000 ns	     15989	80003710	21d8aad3	fsgnjx.s	f21,f17,f29	 f17:0x4f7ffffb f29:0x00000000 f21=0x4f7ffffb
     159925.000 ns	     15991	80003714	3aee6913	ori	x18,x28,942	 x28:0x80040fe4 x18=0x80040fee
     159945.000 ns	     15993	80003718	c019fdd3	fcvt.wu.s	x27,f19	 f19:0x00000000 x27=0x00000000
     159975.000 ns	     15996	8000371c	d003fbd3	fcvt.s.w	f23,x7	  x7:0x0000048a f23=0x44914000
     159995.000 ns	     15998	80003720	00c45333	srl	x6,x8,x12	  x8:0x00000037 x12:0x000003d5  x6=0x00000000
     160015.000 ns	     16000	80003724	f00f84d3	fmv.w.x	f9,x31	 x31:0xfffffbe7  f9=0xfffffbe7
     160035.000 ns	     16002	80003728	01ca0cb3	add	x25,x20,x28	 x20:0x00000000 x28:0x80040fe4 x25=0x80040fe4
     160055.000 ns	     16004	8000372c	e00798d3	fclass.s	x17,f15	 f15:0x00000000 x17=0x00000010
     160085.000 ns	     16007	80003730	207c1dd3	fsgnjn.s	f27,f24,f7	 f24:0x3f800000  f7:0x7fc00000 f27=0xbf800000
     160115.000 ns	     16010	80003734	a18481d3	fle.s	x3,f9,f24	  f9:0xfffffbe7 f24:0x3f800000  x3=0x00000000
     160135.000 ns	     16012	80003738	5341ff13	andi	x30,x3,1332	  x3:0x00000040 x30=0x00000000
     161305.000 ns	     16129	8000373c	5808f253	fsqrt.s	f4,f17	 f17:0x4f7ffffb  f4=0x4735045f
     161325.000 ns	     16131	80003740	00791f13	slli	x30,x18,0x7	 x18:0x80040fee x30=0x0207f700
     161335.000 ns	     16132	80003744	61436d93	ori	x27,x6,1556	  x6:0x00000000 x27=0x00000614
     161355.000 ns	     16134	80003748	21ea0c53	fsgnj.s	f24,f20,f30	 f20:0xffc00000 f30:0x7fc00000 f24=0x7fc00000
     161385.000 ns	     16137	8000374c	02520233	mul	x4,x4,x5	  x4:0x00000001  x5:0x00000000  x4=0x00000000
     161415.000 ns	     16140	80003750	29dd0853	fmin.s	f16,f26,f29	 f26:0xce9f8334 f29:0x00000000 f16=0xce9f8334
     161445.000 ns	     16143	80003754	02c89533	mulh	x10,x17,x12	 x17:0x00000010 x12:0x000003d5 x10=0x00000000
     161465.000 ns	     16145	80003758	a644f913	andi	x18,x9,-1436	  x9:0x00000800 x18=0x00000800
     161485.000 ns	     16147	8000375c	029080b3	mul	x1,x1,x9	  x1:0x00000000  x9:0x00000800  x1=0x00000000
     161515.000 ns	     16150	80003760	28b107d3	fmin.s	f15,f2,f11	  f2:0x80000000 f11:0x0000003f f15=0x80000000
     161535.000 ns	     16152	80003764	0036d133	srl	x2,x13,x3	 x13:0x00000000  x3:0x00000000  x2=0x00000000
     161575.000 ns	     16156	80003768	08a8aad3	fsub.s	f21,f17,f10	 f17:0x4f7ffffb f10:0x4f00040f f21=0x4efff7d8
     161595.000 ns	     16158	8000376c	012ea5b3	slt	x11,x29,x18	 x29:0x00000709 x18:0x00000800 x11=0x00000001
     161955.000 ns	     16194	80003770	02c3fd33	remu	x26,x7,x12	  x7:0x0000048a x12:0x000003d5 x26=0x000000b5
     161975.000 ns	     16196	80003774	00411933	sll	x18,x2,x4	  x2:0x00000000  x4:0x00000000 x18=0x00000000
     161985.000 ns	     16197	80003778	41c3da13	srai	x20,x7,0x1c	  x7:0x0000048a x20=0x00000000
     162005.000 ns	     16199	8000377c	f00c8c53	fmv.w.x	f24,x25	 x25:0x80040fe4 f24=0x80040fe4
     162035.000 ns	     16202	80003780	d01da953	fcvt.s.wu	f18,x27	 x27:0x00000614 f18=0x44c28000
     162055.000 ns	     16204	80003784	00c51813	slli	x16,x10,0xc	 x10:0x00000000 x16=0x00000000
     162075.000 ns	     16206	80003788	f0030453	fmv.w.x	f8,x6	  x6:0x00000000  f8=0x00000000
     162095.000 ns	     16208	8000378c	00ad32b3	sltu	x5,x26,x10	 x26:0x000000b5 x10:0x00000000  x5=0x00000000
     162105.000 ns	     16209	80003790	4ef7ac93	slti	x25,x15,1263	 x15:0x00000000 x25=0x00000001
     162125.000 ns	     16211	80003794	a1520ad3	fle.s	x21,f4,f21	  f4:0x4735045f f21:0x4efff7d8 x21=0x00000001
     162155.000 ns	     16214	80003798	f00283d3	fmv.w.x	f7,x5	  x5:0x00000000  f7=0x00000000
     162175.000 ns	     16216	8000379c	00000013	addi	x0,x0,0	  x0:0x00000000
     162185.000 ns	     16217	800037a0	b84db593	sltiu	x11,x27,-1148	 x27:0x00000614 x11=0x00000001
     162195.000 ns	     16218	800037a4	00caa0b3	slt	x1,x21,x12	 x21:0x00000001 x12:0x000003d5  x1=0x00000001
     162205.000 ns	     16219	800037a8	001a6233	or	x4,x20,x1	 x20:0x00000000  x1:0x00000000  x4=0x00000001
     162225.000 ns	     16221	800037ac	03d93933	mulhu	x18,x18,x29	 x18:0x00000000 x29:0x00000709 x18=0x00000000
     162245.000 ns	     16223	800037b0	d0aadcb7	lui	x25,0xd0aad	 x25=0xd0aad000
     162255.000 ns	     16224	800037b4	00602eb3	slt	x29,x0,x6	  x0:0x00000000  x6:0x00000000 x29=0x00000000
     162275.000 ns	     16226	800037b8	03a03f33	mulhu	x30,x0,x26	  x0:0x00000000 x26:0x000000b5 x30=0x00000000
     162305.000 ns	     16229	800037bc	02d19c33	mulh	x24,x3,x13	  x3:0x00000000 x13:0x00000000 x24=0x00000000
     162325.000 ns	     16231	800037c0	00777db3	and	x27,x14,x7	 x14:0x00000000  x7:0x0000048a x27=0x00000000
     162345.000 ns	     16233	800037c4	e00395d3	fclass.s	x11,f7	  f7:0x00000000 x11=0x00000010
     162365.000 ns	     16235	800037c8	02432693	slti	x13,x6,36	  x6:0x00000000 x13=0x00000001
     162395.000 ns	     16238	800037cc	102b7953	fmul.s	f18,f22,f2	 f22:0x00000000  f2:0x80000000 f18=0x80000000
     162425.000 ns	     16241	800037d0	031d9db3	mulh	x27,x27,x17	 x27:0x00000000 x17:0x00000010 x27=0x00000000
     162455.000 ns	     16244	800037d4	d00391d3	fcvt.s.w	f3,x7	  x7:0x0000048a  f3=0x44914000
     162825.000 ns	     16281	800037d8	03a1ca33	div	x20,x3,x26	  x3:0x00000000 x26:0x000000b5 x20=0x00000000
     162855.000 ns	     16284	800037dc	c005f653	fcvt.w.s	x12,f11	 f11:0x0000003f x12=0x00000000
     162885.000 ns	     16287	800037e0	02068733	mul	x14,x13,x0	 x13:0x00000001  x0:0x00000000 x14=0x00000000
     162905.000 ns	     16289	800037e4	c18bbf37	lui	x30,0xc18bb	 x30=0xc18bb000
     163235.000 ns	     16322	800037e8	19b72d53	fdiv.s	f26,f14,f27	 f14:0x4f675000 f27:0xbf800000 f26=0xceef35f0
     163265.000 ns	     16325	800037ec	d00af6d3	fcvt.s.w	f13,x21	 x21:0x00000001 f13=0x3f800000
     163295.000 ns	     16328	800037f0	a13f1dd3	flt.s	x27,f30,f19	 f30:0x7fc00000 f19:0x00000000 x27=0x00000000
     163635.000 ns	     16362	800037f4	18bc78d3	fdiv.s	f17,f24,f11	 f24:0x80040fe4 f11:0x0000003f f17=0xbcb78297
     163655.000 ns	     16364	800037f8	c6090f17	auipc	x30,0xc6090	 x30=0x460937f8
     163665.000 ns	     16365	800037fc	00040233	add	x4,x8,x0	  x8:0x00000037  x0:0x00000000  x4=0x00000037
     163685.000 ns	     16367	80003800	0206ef33	rem	x30,x13,x0	 x13:0x00000001  x0:0x00000000 x30=0x00000001
     163705.000 ns	     16369	80003804	0185aa33	slt	x20,x11,x24	 x11:0x00000010 x24:0x00000000 x20=0x00000000
     164065.000 ns	     16405	80003808	03946fb3	rem	x31,x8,x25	  x8:0x00000037 x25:0xd0aad000 x31=0x00000037
     164085.000 ns	     16407	8000380c	01379f33	sll	x30,x15,x19	 x15:0x00000000 x19:0x80041024 x30=0x00000000
     164115.000 ns	     16410	80003810	183a4bd3	fdiv.s	f23,f20,f3	 f20:0xffc00000  f3:0x44914000 f23=0x7fc00000
     164145.000 ns	     16413	80003814	2105a853	fsgnjx.s	f16,f11,f16	 f11:0x0000003f f16:0xce9f8334 f16=0x8000003f
     164165.000 ns	     16415	80003818	00d09413	slli	x8,x1,0xd	  x1:0x00000001  x8=0x00002000
     164185.000 ns	     16417	8000381c	d00138d3	fcvt.s.w	f17,x2	  x2:0x00000000 f17=0x00000000
     164215.000 ns	     16420	80003820	e0039853	fclass.s	x16,f7	  f7:0x00000000 x16=0x00000010
     164235.000 ns	     16422	80003824	00000013	addi	x0,x0,0	  x0:0x00000000
     164275.000 ns	     16426	80003828	09adfed3	fsub.s	f29,f27,f26	 f27:0xbf800000 f26:0xceef35f0 f29=0x4eef35ef
     164305.000 ns	     16429	8000382c	f00f0e53	fmv.w.x	f28,x30	 x30:0x00000000 f28=0x00000000
     164325.000 ns	     16431	80003830	007e26b3	slt	x13,x28,x7	 x28:0x80040fe4  x7:0x0000048a x13=0x00000001
     164335.000 ns	     16432	80003834	c6f64a13	xori	x20,x12,-913	 x12:0x00000000 x20=0xfffffc6f
     164345.000 ns	     16433	80003838	01d508b3	add	x17,x10,x29	 x10:0x00000000 x29:0x00000000 x17=0x00000000
     164355.000 ns	     16434	8000383c	414585b3	sub	x11,x11,x20	 x11:0x00000010 x20:0x00000000 x11=0x000003a1
     164375.000 ns	     16436	80003840	f0048f53	fmv.w.x	f30,x9	  x9:0x00000800 f30=0x00000800
     164405.000 ns	     16439	80003844	c014ffd3	fcvt.wu.s	x31,f9	  f9:0xfffffbe7 x31=0xffffffff
     164425.000 ns	     16441	80003848	008728b3	slt	x17,x14,x8	 x14:0x00000000  x8:0x00002000 x17=0x00000001
     164435.000 ns	     16442	8000384c	419edd13	srai	x26,x29,0x19	 x29:0x00000000 x26=0x00000000
     164455.000 ns	     16444	80003850	020936b3	mulhu	x13,x18,x0	 x18:0x00000000  x0:0x00000000 x13=0x00000000
     164475.000 ns	     16446	80003854	91706c13	ori	x24,x0,-1769	  x0:0x00000000 x24=0xfffff917
     164835.000 ns	     16482	80003858	03c8fc33	remu	x24,x17,x28	 x17:0x00000001 x28:0x80040fe4 x24=0x00000001
     164865.000 ns	     16485	8000385c	d00922d3	fcvt.s.w	f5,x18	 x18:0x00000000  f5=0x00000000
     164895.000 ns	     16488	80003860	d00af653	fcvt.s.w	f12,x21	 x21:0x00000001 f12=0x3f800000
     164915.000 ns	     16490	80003864	42846ab7	lui	x21,0x42846	 x21=0x42846000
     165275.000 ns	     16526	80003868	027e5cb3	divu	x25,x28,x7	 x28:0x80040fe4  x7:0x0000048a x25=0x001c3401
     165305.000 ns	     16529	8000386c	211e86d3	fsgnj.s	f13,f29,f17	 f29:0x4eef35ef f17:0x00000000 f13=0x4eef35ef
     165335.000 ns	     16532	80003870	e00a84d3	fmv.x.w	x9,f21	 f21:0x4efff7d8  x9=0x4efff7d8
     165365.000 ns	     16535	80003874	211e1153	fsgnjn.s	f2,f28,f17	 f28:0x00000000 f17:0x00000000  f2=0x80000000
     165385.000 ns	     16537	80003878	95d17f93	andi	x31,x2,-1699	  x2:0x00000000 x31=0x00000000
     165395.000 ns	     16538	8000387c	d22ed137	lui	x2,0xd22ed	  x2=0xd22ed000
     165415.000 ns	     16540	80003880	02798733	mul	x14,x19,x7	 x19:0x80041024  x7:0x0000048a x14=0x12714368
     165455.000 ns	     16544	80003884	10dfa4d3	fmul.s	f9,f31,f13	 f31:0x80000000 f13:0x4eef35ef  f9=0x80000000
     165495.000 ns	     16548	80003888	1074f053	fmul.s	f0,f9,f7	  f9:0xfffffbe7  f7:0x00000000  f0=0x80000000
     165515.000 ns	     16550	8000388c	00000013	addi	x0,x0,0	  x0:0x00000000
     165875.000 ns	     16586	80003890	037c58b3	divu	x17,x24,x23	 x24:0x00000001 x23:0x80000000 x17=0x00000000
     165905.000 ns	     16589	80003894	029fb2b3	mulhu	x5,x31,x9	 x31:0x00000000  x9:0x4efff7d8  x5=0x00000000
     165925.000 ns	     16591	80003898	57120393	addi	x7,x4,1393	  x4:0x00000037  x7=0x000005a8
     165945.000 ns	     16593	8000389c	e0071ed3	fclass.s	x29,f14	 f14:0x4f675000 x29=0x00000040
     165975.000 ns	     16596	800038a0	f0098a53	fmv.w.x	f20,x19	 x19:0x80041024 f20=0x80041024
     166005.000 ns	     16599	800038a4	a0361053	flt.s	x0,f12,f3	 f12:0x3f800000  f3:0x44914000
     166025.000 ns	     16601	800038a8	01b15eb3	srl	x29,x2,x27	  x2:0xd22ed000 x27:0x00000000 x29=0xd22ed000
     167195.000 ns	     16718	800038ac	580698d3	fsqrt.s	f17,f13	 f13:0x4eef35ef f17=0x472efb91
     167215.000 ns	     16720	800038b0	01959893	slli	x17,x11,0x19	 x11:0x000003a1 x17=0x42000000
     167235.000 ns	     16722	800038b4	0344a8b3	mulhsu	x17,x9,x20	  x9:0x4efff7d8 x20:0xfffffc6f x17=0x4efff6be
     167255.000 ns	     16724	800038b8	0024f933	and	x18,x9,x2	  x9:0x4efff7d8  x2:0xd22ed000 x18=0x422ed000
     167275.000 ns	     16726	800038bc	d01dfed3	fcvt.s.wu	f29,x27	 x27:0x00000000 f29=0x00000000
     167305.000 ns	     16729	800038c0	28fc1453	fmax.s	f8,f24,f15	 f24:0x80040fe4 f15:0x80000000  f8=0x80000000
     167325.000 ns	     16731	800038c4	017ba533	slt	x10,x23,x23	 x23:0x80000000 x23:0x80000000 x10=0x00000000
     167345.000 ns	     16733	800038c8	a1c214d3	flt.s	x9,f4,f28	  f4:0x4735045f f28:0x00000000  x9=0x00000000
     167365.000 ns	     16735	800038cc	00fd8333	add	x6,x27,x15	 x27:0x00000000 x15:0x00000000  x6=0x00000000
     167385.000 ns	     16737	800038d0	e00e1053	fclass.s	x0,f28	 f28:0x00000000
     167415.000 ns	     16740	800038d4	03389f33	mulh	x30,x17,x19	 x17:0x4efff6be x19:0x80041024 x30=0xd881459b
     167465.000 ns	     16745	800038d8	002bf2d3	fadd.s	f5,f23,f2	 f23:0x7fc00000  f2:0x80000000  f5=0x7fc00000
     167485.000 ns	     16747	800038dc	410d8ab3	sub	x21,x27,x16	 x27:0x00000000 x16:0x00000010 x21=0xfffffff0
     167505.000 ns	     16749	800038e0	02617133	remu	x2,x2,x6	  x2:0xd22ed000  x6:0x00000000  x2=0xd22ed000
     167535.000 ns	     16752	800038e4	21662dd3	fsgnjx.s	f27,f12,f22	 f12:0x3f800000 f22:0x00000000 f27=0x3f800000
     167565.000 ns	     16755	800038e8	29f30cd3	fmin.s	f25,f6,f31	  f6:0x7fc00000 f31:0x80000000 f25=0x80000000
     167935.000 ns	     16792	800038ec	03dedb33	divu	x22,x29,x29	 x29:0xd22ed000 x29:0xd22ed000 x22=0x00000001
     167955.000 ns	     16794	800038f0	00bf52b3	srl	x5,x30,x11	 x30:0xd881459b x11:0x000003a1  x5=0x6c40a2cd
     167965.000 ns	     16795	800038f4	00c6d1b3	srl	x3,x13,x12	 x13:0x00000000 x12:0x00000000  x3=0x00000000
     167975.000 ns	     16796	800038f8	18a0f493	andi	x9,x1,394	  x1:0x00000001  x9=0x00000000
     167995.000 ns	     16798	800038fc	0344b0b3	mulhu	x1,x9,x20	  x9:0x00000000 x20:0xfffffc6f  x1=0x00000000
     168045.000 ns	     16803	80003900	004092d3	fadd.s	f5,f1,f4	  f1:0xffc00000  f4:0x4735045f  f5=0x7fc00000
     168075.000 ns	     16806	80003904	c016f353	fcvt.wu.s	x6,f13	 f13:0x4eef35ef  x6=0x779af780
     168105.000 ns	     16809	80003908	020f96b3	mulh	x13,x31,x0	 x31:0x00000000  x0:0x00000000 x13=0x00000000
     168125.000 ns	     16811	8000390c	01b0cb33	xor	x22,x1,x27	  x1:0x00000000 x27:0x00000000 x22=0x00000000
     168165.000 ns	     16815	80003910	01b894d3	fadd.s	f9,f17,f27	 f17:0x472efb91 f27:0x3f800000  f9=0x472efc91
     168195.000 ns	     16818	80003914	0282b6b3	mulhu	x13,x5,x8	  x5:0x6c40a2cd  x8:0x00002000 x13=0x00000d88
     168215.000 ns	     16820	80003918	048f8b37	lui	x22,0x48f8	 x22=0x048f8000
     168235.000 ns	     16822	8000391c	d01ac0d3	fcvt.s.wu	f1,x21	 x21:0xfffffff0  f1=0x4f800000
     168255.000 ns	     16824	80003920	001d2433	slt	x8,x26,x1	 x26:0x00000000  x1:0x00000000  x8=0x00000000
     168265.000 ns	     16825	80003924	3929e813	ori	x16,x19,914	 x19:0x80041024 x16=0x800413b6
     168275.000 ns	     16826	80003928	00241c33	sll	x24,x8,x2	  x8:0x00002000  x2:0xd22ed000 x24=0x00000000
     168295.000 ns	     16828	8000392c	295203d3	fmin.s	f7,f4,f21	  f4:0x4735045f f21:0x4efff7d8  f7=0x4735045f
     168325.000 ns	     16831	80003930	f0038cd3	fmv.w.x	f25,x7	  x7:0x000005a8 f25=0x000005a8
     168345.000 ns	     16833	80003934	e6567593	andi	x11,x12,-411	 x12:0x00000000 x11=0x00000000
     168355.000 ns	     16834	80003938	d72c8293	addi	x5,x25,-654	 x25:0x001c3401  x5=0x001c3173
     168365.000 ns	     16835	8000393c	00206493	ori	x9,x0,2	  x0:0x00000000  x9=0x00000002
     168375.000 ns	     16836	80003940	26039f97	auipc	x31,0x26039	 x31=0xa603c940
     168385.000 ns	     16837	80003944	006bb133	sltu	x2,x23,x6	 x23:0x80000000  x6:0x779af780  x2=0x00000000
     168395.000 ns	     16838	80003948	02304197	auipc	x3,0x2304	  x3=0x82307948
     168425.000 ns	     16841	8000394c	180e1fd3	fdiv.s	f31,f28,f0	 f28:0x00000000  f0:0x80000000 f31=0x7fc00000
     169605.000 ns	     16959	80003950	58048353	fsqrt.s	f6,f9	  f9:0x472efc91  f6=0x42f77790
     169635.000 ns	     16962	80003954	02c674b3	remu	x9,x12,x12	 x12:0x00000000 x12:0x00000000  x9=0x00000000
     169655.000 ns	     16964	80003958	dfb3c313	xori	x6,x7,-517	  x7:0x000005a8  x6=0xfffff853
     169665.000 ns	     16965	8000395c	0029b433	sltu	x8,x19,x2	 x19:0x80041024  x2:0x00000000  x8=0x00000000
     169685.000 ns	     16967	80003960	20ed8553	fsgnj.s	f10,f27,f14	 f27:0x3f800000 f14:0x4f675000 f10=0x3f800000
     169705.000 ns	     16969	80003964	001197b3	sll	x15,x3,x1	  x3:0x82307948  x1:0x00000000 x15=0x82307948
     169725.000 ns	     16971	80003968	030282b3	mul	x5,x5,x16	  x5:0x001c3173 x16:0x800413b6  x5=0x7182b0c2
     169755.000 ns	     16974	8000396c	021522b3	mulhsu	x5,x10,x1	 x10:0x00000000  x1:0x00000000  x5=0x00000000
     169785.000 ns	     16977	80003970	a1c62753	feq.s	x14,f12,f28	 f12:0x3f800000 f28:0x00000000 x14=0x00000000
     169805.000 ns	     16979	80003974	0103c833	xor	x16,x7,x16	  x7:0x000005a8 x16:0x800413b6 x16=0x8004161e
     169825.000 ns	     16981	80003978	025918b3	mulh	x17,x18,x5	 x18:0x422ed000  x5:0x00000000 x17=0x00000000
     169845.000 ns	     16983	8000397c	01e23133	sltu	x2,x4,x30	  x4:0x00000037 x30:0xd881459b  x2=0x00000001
     169865.000 ns	     16985	80003980	02aa7eb3	remu	x29,x20,x10	 x20:0xfffffc6f x10:0x00000000 x29=0xfffffc6f
     169885.000 ns	     16987	80003984	4079d813	srai	x16,x19,0x7	 x19:0x80041024 x16=0xff000820
     169895.000 ns	     16988	80003988	b2702c37	lui	x24,0xb2702	 x24=0xb2702000
     169905.000 ns	     16989	8000398c	9dd26a93	ori	x21,x4,-1571	  x4:0x00000037 x21=0xfffff9ff
     169925.000 ns	     16991	80003990	03fc1133	mulh	x2,x24,x31	 x24:0x00000000 x31:0xa603c940  x2=0x1b436f17
     169955.000 ns	     16994	80003994	03ea93b3	mulh	x7,x21,x30	 x21:0xfffffff0 x30:0xd881459b  x7=0x000000ed
     169985.000 ns	     16997	80003998	f0018bd3	fmv.w.x	f23,x3	  x3:0x82307948 f23=0x82307948
     170005.000 ns	     16999	8000399c	dc280513	addi	x10,x16,-574	 x16:0xff000820 x10=0xff0005e2
     170015.000 ns	     17000	800039a0	3fa9f513	andi	x10,x19,1018	 x19:0x80041024 x10=0x00000020
     170025.000 ns	     17001	800039a4	f38e2793	slti	x15,x28,-200	 x28:0x80040fe4 x15=0x00000001
     170035.000 ns	     17002	800039a8	41315f33	sra	x30,x2,x19	  x2:0x1b436f17 x19:0x80041024 x30=0x01b436f1
     170045.000 ns	     17003	800039ac	00ca50b3	srl	x1,x20,x12	 x20:0xfffffc6f x12:0x00000000  x1=0xfffffc6f
     170055.000 ns	     17004	800039b0	4049deb3	sra	x29,x19,x4	 x19:0x80041024  x4:0x00000037 x29=0xffffff00
     170095.000 ns	     17008	800039b4	088d7653	fsub.s	f12,f26,f8	 f26:0xceef35f0  f8:0x80000000 f12=0xceef35f0
     170145.000 ns	     17013	800039b8	0154fd53	fadd.s	f26,f9,f21	  f9:0x472efc91 f21:0x4efff7d8 f26=0x4efff935
     170175.000 ns	     17016	800039bc	f0078ed3	fmv.w.x	f29,x15	 x15:0x00000001 f29=0x00000001
     170205.000 ns	     17019	800039c0	e0009353	fclass.s	x6,f1	  f1:0x4f800000  x6=0x00000040
     170225.000 ns	     17021	800039c4	00557033	and	x0,x10,x5	 x10:0x00000020  x5:0x00000000
     170235.000 ns	     17022	800039c8	787e6e93	ori	x29,x28,1927	 x28:0x80040fe4 x29=0x80040fe7
     170265.000 ns	     17025	800039cc	11aaf3d3	fmul.s	f7,f21,f26	 f21:0x4efff7d8 f26:0x4efff935  f7=0x5e7ff10d
     170295.000 ns	     17028	800039d0	a0640c53	fle.s	x24,f8,f6	  f8:0x80000000  f6:0x42f77790 x24=0x00000001
     170315.000 ns	     17030	800039d4	409f50b3	sra	x1,x30,x9	 x30:0x01b436f1  x9:0x00000000  x1=0x01b436f1
     170335.000 ns	     17032	800039d8	200280d3	fsgnj.s	f1,f5,f0	  f5:0x7fc00000  f0:0x80000000  f1=0xffc00000
     170365.000 ns	     17035	800039dc	020f6433	rem	x8,x30,x0	 x30:0x01b436f1  x0:0x00000000  x8=0x01b436f1
     170395.000 ns	     17038	800039e0	29231153	fmax.s	f2,f6,f18	  f6:0x42f77790 f18:0x80000000  f2=0x42f77790
     170415.000 ns	     17040	800039e4	41acd5b3	sra	x11,x25,x26	 x25:0x001c3401 x26:0x00000000 x11=0x001c3401
     170435.000 ns	     17042	800039e8	a1da1153	flt.s	x2,f20,f29	 f20:0x80041024 f29:0x00000001  x2=0x00000001
     170465.000 ns	     17045	800039ec	025d22b3	mulhsu	x5,x26,x5	 x26:0x00000000  x5:0x00000000  x5=0x00000000
     170505.000 ns	     17049	800039f0	190f80d3	fdiv.s	f1,f31,f16	 f31:0x7fc00000 f16:0x8000003f  f1=0x7fc00000
     170525.000 ns	     17051	800039f4	975bd717	auipc	x14,0x975bd	 x14=0x175c09f4
     170545.000 ns	     17053	800039f8	e00795d3	fclass.s	x11,f15	 f15:0x80000000 x11=0x00000008
     170565.000 ns	     17055	800039fc	0141c5b3	xor	x11,x3,x20	  x3:0x82307948 x20:0xfffffc6f x11=0x7dcf8527
     170585.000 ns	     17057	80003a00	02b78fb3	mul	x31,x15,x11	 x15:0x00000001 x11:0x00000008 x31=0x7dcf8527
     170615.000 ns	     17060	80003a04	a0dc1fd3	flt.s	x31,f24,f13	 f24:0x80040fe4 f13:0x4eef35ef x31=0x00000001
     170645.000 ns	     17063	80003a08	f0020853	fmv.w.x	f16,x4	  x4:0x00000037 f16=0x00000037
     170665.000 ns	     17065	80003a0c	ed134393	xori	x7,x6,-303	  x6:0x00000040  x7=0xfffffe91
     170685.000 ns	     17067	80003a10	a1e48153	fle.s	x2,f9,f30	  f9:0x472efc91 f30:0x00000800  x2=0x00000000
     170705.000 ns	     17069	80003a14	01f4bb33	sltu	x22,x9,x31	  x9:0x00000000 x31:0x00000001 x22=0x00000001
     171875.000 ns	     17186	80003a18	580d0653	fsqrt.s	f12,f26	 f26:0x4efff935 f12=0x47350244
     171895.000 ns	     17188	80003a1c	41c7dd93	srai	x27,x15,0x1c	 x15:0x00000001 x27=0x00000000
     171905.000 ns	     17189	80003a20	d4200713	addi	x14,x0,-702	  x0:0x00000000 x14=0xfffffd42
     171925.000 ns	     17191	80003a24	d01d97d3	fcvt.s.wu	f15,x27	 x27:0x00000000 f15=0x00000000
     171955.000 ns	     17194	80003a28	c01678d3	fcvt.wu.s	x17,f12	 f12:0x47350244 x17=0x0000b502
     171975.000 ns	     17196	80003a2c	008a1813	slli	x16,x20,0x8	 x20:0xfffffc6f x16=0xfffc6f00
     171995.000 ns	     17198	80003a30	03130033	mul	x0,x6,x17	  x6:0x00000040 x17:0x0000b502
     172025.000 ns	     17201	80003a34	03b74433	div	x8,x14,x27	 x14:0xfffffd42 x27:0x00000000  x8=0xffffffff
     172045.000 ns	     17203	80003a38	00000013	addi	x0,x0,0	  x0:0x00000000
     172075.000 ns	     17206	80003a3c	1120fa53	fmul.s	f20,f1,f18	  f1:0x7fc00000 f18:0x80000000 f20=0x7fc00000
     172105.000 ns	     17209	80003a40	d016f7d3	fcvt.s.wu	f15,x13	 x13:0x00000d88 f15=0x45588000
     172135.000 ns	     17212	80003a44	d015f453	fcvt.s.wu	f8,x11	 x11:0x7dcf8527  f8=0x4efb9f0a
     173315.000 ns	     17330	80003a48	580d33d3	fsqrt.s	f7,f26	 f26:0x4efff935  f7=0x47350244
     173335.000 ns	     17332	80003a4c	9ebc7393	andi	x7,x24,-1557	 x24:0x00000001  x7=0x00000001
     173345.000 ns	     17333	80003a50	00bdde93	srli	x29,x27,0xb	 x27:0x00000000 x29=0x00000000
     173385.000 ns	     17337	80003a54	0882fad3	fsub.s	f21,f5,f8	  f5:0x7fc00000  f8:0x4efb9f0a f21=0x7fc00000
     173405.000 ns	     17339	80003a58	4078d593	srai	x11,x17,0x7	 x17:0x0000b502 x11=0x0000016a
     173765.000 ns	     17375	80003a5c	037442b3	div	x5,x8,x23	  x8:0xffffffff x23:0x80000000  x5=0x00000000
     173785.000 ns	     17377	80003a60	f2949f17	auipc	x30,0xf2949	 x30=0x7294ca60
     173795.000 ns	     17378	80003a64	7f33cf13	xori	x30,x7,2035	  x7:0x00000001 x30=0x000007f2
     173805.000 ns	     17379	80003a68	00072cb3	slt	x25,x14,x0	 x14:0xfffffd42  x0:0x00000000 x25=0x00000001
     173825.000 ns	     17381	80003a6c	03d45533	divu	x10,x8,x29	  x8:0xffffffff x29:0x00000000 x10=0xffffffff
     173855.000 ns	     17384	80003a70	200994d3	fsgnjn.s	f9,f19,f0	 f19:0x00000000  f0:0x80000000  f9=0x00000000
     173875.000 ns	     17386	80003a74	00675c13	srli	x24,x14,0x6	 x14:0xfffffd42 x24=0x03fffff5
     173885.000 ns	     17387	80003a78	005531b3	sltu	x3,x10,x5	 x10:0xffffffff  x5:0x00000000  x3=0x00000000
     173895.000 ns	     17388	80003a7c	0050f6b3	and	x13,x1,x5	  x1:0x01b436f1  x5:0x00000000 x13=0x00000000
     173905.000 ns	     17389	80003a80	20574093	xori	x1,x14,517	 x14:0xfffffd42  x1=0xffffff47
     173925.000 ns	     17391	80003a84	d0027153	fcvt.s.w	f2,x4	  x4:0x00000037  f2=0x425c0000
     173945.000 ns	     17393	80003a88	e46ced13	ori	x26,x25,-442	 x25:0x00000001 x26=0xfffffe47
     173985.000 ns	     17397	80003a8c	0027b7d3	fadd.s	f15,f15,f2	 f15:0x45588000  f2:0x425c0000 f15=0x455bf000
     174005.000 ns	     17399	80003a90	baeacc93	xori	x25,x21,-1106	 x21:0xfffff9ff x25=0x00000251
     174015.000 ns	     17400	80003a94	40bb3813	sltiu	x16,x22,1035	 x22:0x00000001 x16=0x00000001
     174025.000 ns	     17401	80003a98	41f45c33	sra	x24,x8,x31	  x8:0xffffffff x31:0x00000001 x24=0xffffffff
     174045.000 ns	     17403	80003a9c	28a583d3	fmin.s	f7,f11,f10	 f11:0x0000003f f10:0x3f800000  f7=0x0000003f
     174065.000 ns	     17405	80003aa0	418b5d13	srai	x26,x22,0x18	 x22:0x00000001 x26=0x00000000
     174075.000 ns	     17406	80003aa4	01b4d813	srli	x16,x9,0x1b	  x9:0x00000000 x16=0x00000000
     174095.000 ns	     17408	80003aa8	02a20933	mul	x18,x4,x10	  x4:0x00000037 x10:0xffffffff x18=0xffffffc9
     174115.000 ns	     17410	80003aac	57823513	sltiu	x10,x4,1400	  x4:0x00000037 x10=0x00000001
     174125.000 ns	     17411	80003ab0	7a2a0597	auipc	x11,0x7a2a0	 x11=0xfa2a3ab0
     174145.000 ns	     17413	80003ab4	29f89a53	fmax.s	f20,f17,f31	 f17:0x472efb91 f31:0x7fc00000 f20=0x472efb91
     174175.000 ns	     17416	80003ab8	211588d3	fsgnj.s	f17,f11,f17	 f11:0x0000003f f17:0x472efb91 f17=0x0000003f
     174205.000 ns	     17419	80003abc	a1d72f53	feq.s	x30,f14,f29	 f14:0x4f675000 f29:0x00000001 x30=0x00000000
     174225.000 ns	     17421	80003ac0	00481933	sll	x18,x16,x4	 x16:0x00000000  x4:0x00000037 x18=0x00000000
     174235.000 ns	     17422	80003ac4	000ebf33	sltu	x30,x29,x0	 x29:0x00000000  x0:0x00000000 x30=0x00000000
     174255.000 ns	     17424	80003ac8	e00e9453	fclass.s	x8,f29	 f29:0x00000001  x8=0x00000020
     174275.000 ns	     17426	80003acc	016285b3	add	x11,x5,x22	  x5:0x00000000 x22:0x00000001 x11=0x00000001
     174285.000 ns	     17427	80003ad0	4109dc33	sra	x24,x19,x16	 x19:0x80041024 x16:0x00000000 x24=0x80041024
     174305.000 ns	     17429	80003ad4	294c90d3	fmax.s	f1,f25,f20	 f25:0x000005a8 f20:0x472efb91  f1=0x472efb91
     174325.000 ns	     17431	80003ad8	872ed1b7	lui	x3,0x872ed	  x3=0x872ed000
     174345.000 ns	     17433	80003adc	a1371fd3	flt.s	x31,f14,f19	 f14:0x4f675000 f19:0x00000000 x31=0x00000000
     174375.000 ns	     17436	80003ae0	a1a99b53	flt.s	x22,f19,f26	 f19:0x00000000 f26:0x4efff935 x22=0x00000001
     174395.000 ns	     17438	80003ae4	e7b72e93	slti	x29,x14,-389	 x14:0xfffffd42 x29=0x00000001
     174405.000 ns	     17439	80003ae8	00796833	or	x16,x18,x7	 x18:0x00000000  x7:0x00000001 x16=0x00000001
     174415.000 ns	     17440	80003aec	01d033b3	sltu	x7,x0,x29	  x0:0x00000000 x29:0x00000000  x7=0x00000001
     174425.000 ns	     17441	80003af0	fc7ca213	slti	x4,x25,-57	 x25:0x00000251  x4=0x00000000
     174785.000 ns	     17477	80003af4	0332f233	remu	x4,x5,x19	  x5:0x00000000 x19:0x80041024  x4=0x00000000
     175155.000 ns	     17514	80003af8	02315933	divu	x18,x2,x3	  x2:0x00000000  x3:0x872ed000 x18=0x00000000
     175175.000 ns	     17516	80003afc	00212cb3	slt	x25,x2,x2	  x2:0x00000000  x2:0x00000000 x25=0x00000000
     175215.000 ns	     17520	80003b00	00ee0fd3	fadd.s	f31,f28,f14	 f28:0x00000000 f14:0x4f675000 f31=0x4f675000
     175235.000 ns	     17522	80003b04	e5792513	slti	x10,x18,-425	 x18:0x00000000 x10=0x00000000
     175275.000 ns	     17526	80003b08	01c07fd3	fadd.s	f31,f0,f28	  f0:0x80000000 f28:0x00000000 f31=0x00000000
     175295.000 ns	     17528	80003b0c	c8c2f013	andi	x0,x5,-884	  x5:0x00000000
     175315.000 ns	     17530	80003b10	034a1d33	mulh	x26,x20,x20	 x20:0xfffffc6f x20:0xfffffc6f x26=0x00000000
     175335.000 ns	     17532	80003b14	134d4c13	xori	x24,x26,308	 x26:0x00000000 x24=0x00000134
     175345.000 ns	     17533	80003b18	3b302c93	slti	x25,x0,947	  x0:0x00000000 x25=0x00000001
     175365.000 ns	     17535	80003b1c	297c0753	fmin.s	f14,f24,f23	 f24:0x80040fe4 f23:0x82307948 f14=0x82307948
     175385.000 ns	     17537	80003b20	0033a4b3	slt	x9,x7,x3	  x7:0x00000001  x3:0x872ed000  x9=0x00000000
     175395.000 ns	     17538	80003b24	01d3ca33	xor	x20,x7,x29	  x7:0x00000001 x29:0x00000001 x20=0x00000000
     175435.000 ns	     17542	80003b28	09387753	fsub.s	f14,f16,f19	 f16:0x00000037 f19:0x00000000 f14=0x00000037
     175465.000 ns	     17545	80003b2c	d0037e53	fcvt.s.w	f28,x6	  x6:0x00000040 f28=0x42800000
     175505.000 ns	     17549	80003b30	11fc25d3	fmul.s	f11,f24,f31	 f24:0x80040fe4 f31:0x00000000 f11=0x80000000
     175535.000 ns	     17552	80003b34	02f5acb3	mulhsu	x25,x11,x15	 x11:0x00000001 x15:0x00000001 x25=0x00000000
     175555.000 ns	     17554	80003b38	01cc1233	sll	x4,x24,x28	 x24:0x00000134 x28:0x80040fe4  x4=0x00001340
     175575.000 ns	     17556	80003b3c	20370bd3	fsgnj.s	f23,f14,f3	 f14:0x00000037  f3:0x44914000 f23=0x00000037
     175605.000 ns	     17559	80003b40	03290933	mul	x18,x18,x18	 x18:0x00000000 x18:0x00000000 x18=0x00000000
     175635.000 ns	     17562	80003b44	a08daf53	feq.s	x30,f27,f8	 f27:0x3f800000  f8:0x4efb9f0a x30=0x00000000
     175655.000 ns	     17564	80003b48	40a8d133	sra	x2,x17,x10	 x17:0x0000b502 x10:0x00000000  x2=0x0000b502
     175675.000 ns	     17566	80003b4c	02592433	mulhsu	x8,x18,x5	 x18:0x00000000  x5:0x00000000  x8=0x00000000
     175705.000 ns	     17569	80003b50	d0104f53	fcvt.s.wu	f30,x0	  x0:0x00000000 f30=0x00000000
     175725.000 ns	     17571	80003b54	4012d813	srai	x16,x5,0x1	  x5:0x00000000 x16=0x00000000
     175735.000 ns	     17572	80003b58	00f890b3	sll	x1,x17,x15	 x17:0x0000b502 x15:0x00000001  x1=0x00016a04
     175745.000 ns	     17573	80003b5c	00fc9cb3	sll	x25,x25,x15	 x25:0x00000000 x15:0x00000001 x25=0x00000000
     175765.000 ns	     17575	80003b60	d003fcd3	fcvt.s.w	f25,x7	  x7:0x00000001 f25=0x3f800000
     176135.000 ns	     17612	80003b64	02656a33	rem	x20,x10,x6	 x10:0x00000000  x6:0x00000040 x20=0x00000000
     176155.000 ns	     17614	80003b68	d31aea93	ori	x21,x21,-719	 x21:0xfffff9ff x21=0xfffffdff
     176185.000 ns	     17617	80003b6c	10f27453	fmul.s	f8,f4,f15	  f4:0x4735045f f15:0x455bf000  f8=0x4d1b8471
     176205.000 ns	     17619	80003b70	12221497	auipc	x9,0x12221	  x9=0x92224b70
     176215.000 ns	     17620	80003b74	4019d193	srai	x3,x19,0x1	 x19:0x80041024  x3=0xc0020812
     176225.000 ns	     17621	80003b78	8b91fd93	andi	x27,x3,-1863	  x3:0x872ed000 x27=0xc0020810
     176235.000 ns	     17622	80003b7c	67497d13	andi	x26,x18,1652	 x18:0x00000000 x26=0x00000000
     176245.000 ns	     17623	80003b80	00000013	addi	x0,x0,0	  x0:0x00000000
     176255.000 ns	     17624	80003b84	00173f33	sltu	x30,x14,x1	 x14:0xfffffd42  x1:0x00016a04 x30=0x00000000
     176265.000 ns	     17625	80003b88	406f5d93	srai	x27,x30,0x6	 x30:0x00000000 x27=0x00000000
     176285.000 ns	     17627	80003b8c	29c499d3	fmax.s	f19,f9,f28	  f9:0x00000000 f28:0x42800000 f19=0x42800000
     176315.000 ns	     17630	80003b90	c01efd53	fcvt.wu.s	x26,f29	 f29:0x00000001 x26=0x00000000
     176345.000 ns	     17633	80003b94	29318ed3	fmin.s	f29,f3,f19	  f3:0x44914000 f19:0x42800000 f29=0x42800000
     176365.000 ns	     17635	80003b98	401684b3	sub	x9,x13,x1	 x13:0x00000000  x1:0x00016a04  x9=0xfffe95fc
     176385.000 ns	     17637	80003b9c	29e09353	fmax.s	f6,f1,f30	  f1:0x472efb91 f30:0x00000000  f6=0x472efb91
     176415.000 ns	     17640	80003ba0	e00e9453	fclass.s	x8,f29	 f29:0x42800000  x8=0x00000040
     176445.000 ns	     17643	80003ba4	c000ffd3	fcvt.w.s	x31,f1	  f1:0x472efb91 x31=0x0000aefb
     176475.000 ns	     17646	80003ba8	20999c53	fsgnjn.s	f24,f19,f9	 f19:0x42800000  f9:0x00000000 f24=0xc2800000
     176495.000 ns	     17648	80003bac	50280b13	addi	x22,x16,1282	 x16:0x00000000 x22=0x00000502
     176505.000 ns	     17649	80003bb0	00555593	srli	x11,x10,0x5	 x10:0x00000000 x11=0x00000000
     176515.000 ns	     17650	80003bb4	82dc46b7	lui	x13,0x82dc4	 x13=0x82dc4000
     176535.000 ns	     17652	80003bb8	20a08bd3	fsgnj.s	f23,f1,f10	  f1:0x472efb91 f10:0x3f800000 f23=0x472efb91
     176555.000 ns	     17654	80003bbc	0066da13	srli	x20,x13,0x6	 x13:0x00000000 x20=0x020b7100
     176565.000 ns	     17655	80003bc0	00893c33	sltu	x24,x18,x8	 x18:0x00000000  x8:0x00000040 x24=0x00000001
     176925.000 ns	     17691	80003bc4	0296f833	remu	x16,x13,x9	 x13:0x82dc4000  x9:0xfffe95fc x16=0x82dc4000
     176955.000 ns	     17694	80003bc8	c010fdd3	fcvt.wu.s	x27,f1	  f1:0x472efb91 x27=0x0000aefb
     176975.000 ns	     17696	80003bcc	40e3d413	srai	x8,x7,0xe	  x7:0x00000001  x8=0x00000000
     176985.000 ns	     17697	80003bd0	01acedb3	or	x27,x25,x26	 x25:0x00000000 x26:0x00000000 x27=0x00000000
     177005.000 ns	     17699	80003bd4	28f69e53	fmax.s	f28,f13,f15	 f13:0x4eef35ef f15:0x455bf000 f28=0x4eef35ef
     177025.000 ns	     17701	80003bd8	007ddd33	srl	x26,x27,x7	 x27:0x0000aefb  x7:0x00000001 x26=0x00000000
     177045.000 ns	     17703	80003bdc	20649c53	fsgnjn.s	f24,f9,f6	  f9:0x00000000  f6:0x472efb91 f24=0x80000000
     177065.000 ns	     17705	80003be0	00139d33	sll	x26,x7,x1	  x7:0x00000001  x1:0x00016a04 x26=0x00000010
     177095.000 ns	     17708	80003be4	18bf23d3	fdiv.s	f7,f30,f11	 f30:0x00000000 f11:0x80000000  f7=0x7fc00000
     177115.000 ns	     17710	80003be8	01aed693	srli	x13,x29,0x1a	 x29:0x00000001 x13=0x00000000
     177475.000 ns	     17746	80003bec	021e6033	rem	x0,x28,x1	 x28:0x80040fe4  x1:0x00016a04
     177505.000 ns	     17749	80003bf0	a1208ed3	fle.s	x29,f1,f18	  f1:0x472efb91 f18:0x80000000 x29=0x00000000
     177535.000 ns	     17752	80003bf4	029a2c33	mulhsu	x24,x20,x9	 x20:0x020b7100  x9:0xfffe95fc x24=0x020b6e1b
     177565.000 ns	     17755	80003bf8	c00f7f53	fcvt.w.s	x30,f30	 f30:0x00000000 x30=0x00000000
     177585.000 ns	     17757	80003bfc	416edfb3	sra	x31,x29,x22	 x29:0x00000000 x22:0x00000502 x31=0x00000000
     177945.000 ns	     17793	80003c00	02467eb3	remu	x29,x12,x4	 x12:0x00000000  x4:0x00001340 x29=0x00000000
     177965.000 ns	     17795	80003c04	41eedc93	srai	x25,x29,0x1e	 x29:0x00000000 x25=0x00000000
     177975.000 ns	     17796	80003c08	00cddf93	srli	x31,x27,0xc	 x27:0x00000000 x31=0x00000000
     177995.000 ns	     17798	80003c0c	d00c3dd3	fcvt.s.w	f27,x24	 x24:0x020b6e1b f27=0x4c02db87
     178025.000 ns	     17801	80003c10	c0119553	fcvt.wu.s	x10,f3	  f3:0x44914000 x10=0x0000048a
     178055.000 ns	     17804	80003c14	20f88053	fsgnj.s	f0,f17,f15	 f17:0x0000003f f15:0x455bf000  f0=0x0000003f
     178075.000 ns	     17806	80003c18	0055b733	sltu	x14,x11,x5	 x11:0x00000000  x5:0x00000000 x14=0x00000000
     178085.000 ns	     17807	80003c1c	4ca60213	addi	x4,x12,1226	 x12:0x00000000  x4=0x000004ca
     178105.000 ns	     17809	80003c20	c0053ad3	fcvt.w.s	x21,f10	 f10:0x3f800000 x21=0x00000001
     179285.000 ns	     17927	80003c24	5801ba53	fsqrt.s	f20,f3	  f3:0x44914000 f20=0x42085a07
     179305.000 ns	     17929	80003c28	00060333	add	x6,x12,x0	 x12:0x00000000  x0:0x00000000  x6=0x00000000
     179315.000 ns	     17930	80003c2c	249a7f93	andi	x31,x20,585	 x20:0x020b7100 x31=0x00000000
     179325.000 ns	     17931	80003c30	00aa7433	and	x8,x20,x10	 x20:0x020b7100 x10:0x0000048a  x8=0x00000000
     179685.000 ns	     17967	80003c34	02367f33	remu	x30,x12,x3	 x12:0x00000000  x3:0xc0020812 x30=0x00000000
     179715.000 ns	     17970	80003c38	c016a953	fcvt.wu.s	x18,f13	 f13:0x4eef35ef x18=0x779af780
     179745.000 ns	     17973	80003c3c	a18b1253	flt.s	x4,f22,f24	 f22:0x00000000 f24:0x80000000  x4=0x00000000
     179765.000 ns	     17975	80003c40	41417593	andi	x11,x2,1044	  x2:0x0000b502 x11=0x00000400
     179785.000 ns	     17977	80003c44	29a700d3	fmin.s	f1,f14,f26	 f14:0x00000037 f26:0x4efff935  f1=0x00000037
     179815.000 ns	     17980	80003c48	d0188ad3	fcvt.s.wu	f21,x17	 x17:0x0000b502 f21=0x47350200
     179845.000 ns	     17983	80003c4c	d01a7753	fcvt.s.wu	f14,x20	 x20:0x020b7100 f14=0x4c02dc40
     179865.000 ns	     17985	80003c50	d4f48393	addi	x7,x9,-689	  x9:0xfffe95fc  x7=0xfffe934b
     180225.000 ns	     18021	80003c54	023058b3	divu	x17,x0,x3	  x0:0x00000000  x3:0xc0020812 x17=0x00000000
     180245.000 ns	     18023	80003c58	aa31b413	sltiu	x8,x3,-1373	  x3:0xc0020812  x8=0x00000001
     180265.000 ns	     18025	80003c5c	a12b8153	fle.s	x2,f23,f18	 f23:0x472efb91 f18:0x80000000  x2=0x00000000
     180315.000 ns	     18030	80003c60	01ccfa53	fadd.s	f20,f25,f28	 f25:0x3f800000 f28:0x4eef35ef f20=0x4eef35ef
     180345.000 ns	     18033	80003c64	023b2ab3	mulhsu	x21,x22,x3	 x22:0x00000502  x3:0xc0020812 x21=0x000003c1
     180395.000 ns	     18038	80003c68	0961fed3	fsub.s	f29,f3,f22	  f3:0x44914000 f22:0x00000000 f29=0x44914000
     180425.000 ns	     18041	80003c6c	c0169353	fcvt.wu.s	x6,f13	 f13:0x4eef35ef  x6=0x779af780
     180455.000 ns	     18044	80003c70	0322bcb3	mulhu	x25,x5,x18	  x5:0x00000000 x18:0x779af780 x25=0x00000000
     180485.000 ns	     18047	80003c74	c01fb6d3	fcvt.wu.s	x13,f31	 f31:0x00000000 x13=0x00000000
     180515.000 ns	     18050	80003c78	a0251453	flt.s	x8,f10,f2	 f10:0x3f800000  f2:0x425c0000  x8=0x00000001
     180535.000 ns	     18052	80003c7c	0073db13	srli	x22,x7,0x7	  x7:0xfffe934b x22=0x01fffd26
     180545.000 ns	     18053	80003c80	00ec56b3	srl	x13,x24,x14	 x24:0x020b6e1b x14:0x00000000 x13=0x020b6e1b
     180555.000 ns	     18054	80003c84	40638733	sub	x14,x7,x6	  x7:0xfffe934b  x6:0x779af780 x14=0x88639bcb
     180575.000 ns	     18056	80003c88	02788833	mul	x16,x17,x7	 x17:0x00000000  x7:0xfffe934b x16=0x00000000
     180945.000 ns	     18093	80003c8c	02f3d233	divu	x4,x7,x15	  x7:0xfffe934b x15:0x00000001  x4=0xfffe934b
     181315.000 ns	     18130	80003c90	024de433	rem	x8,x27,x4	 x27:0x00000000  x4:0x00000000  x8=0x00000000
     181345.000 ns	     18133	80003c94	f00f83d3	fmv.w.x	f7,x31	 x31:0x00000000  f7=0x00000000
     181375.000 ns	     18136	80003c98	29729bd3	fmax.s	f23,f5,f23	  f5:0x7fc00000 f23:0x472efb91 f23=0x472efb91
     181405.000 ns	     18139	80003c9c	d00a3d53	fcvt.s.w	f26,x20	 x20:0x020b7100 f26=0x4c02dc40
     181425.000 ns	     18141	80003ca0	0073bd33	sltu	x26,x7,x7	  x7:0xfffe934b  x7:0xfffe934b x26=0x00000000
     181445.000 ns	     18143	80003ca4	03dbefb3	rem	x31,x23,x29	 x23:0x80000000 x29:0x00000000 x31=0x80000000
     181465.000 ns	     18145	80003ca8	40bc88b3	sub	x17,x25,x11	 x25:0x00000000 x11:0x00000400 x17=0xfffffc00
     181485.000 ns	     18147	80003cac	a161a4d3	feq.s	x9,f3,f22	  f3:0x44914000 f22:0x00000000  x9=0x00000000
     181855.000 ns	     18184	80003cb0	0239d2b3	divu	x5,x19,x3	 x19:0x80041024  x3:0xc0020812  x5=0x00000000
     181885.000 ns	     18187	80003cb4	29599bd3	fmax.s	f23,f19,f21	 f19:0x42800000 f21:0x47350200 f23=0x47350200
     181915.000 ns	     18190	80003cb8	a09e0553	fle.s	x10,f28,f9	 f28:0x4eef35ef  f9:0x00000000 x10=0x00000000
     181935.000 ns	     18192	80003cbc	bc168013	addi	x0,x13,-1087	 x13:0x020b6e1b
     181945.000 ns	     18193	80003cc0	c44f5db7	lui	x27,0xc44f5	 x27=0xc44f5000
     181975.000 ns	     18196	80003cc4	18eb7f53	fdiv.s	f30,f22,f14	 f22:0x00000000 f14:0x4c02dc40 f30=0x00000000
     183155.000 ns	     18314	80003cc8	580db9d3	fsqrt.s	f19,f27	 f27:0x4c02db87 f19=0x45390efe
     183175.000 ns	     18316	80003ccc	d05a8893	addi	x17,x21,-763	 x21:0x000003c1 x17=0x000000c6
     183205.000 ns	     18319	80003cd0	101275d3	fmul.s	f11,f4,f1	  f4:0x4735045f  f1:0x00000037 f11=0x0026e3f1
     183225.000 ns	     18321	80003cd4	015c2ab3	slt	x21,x24,x21	 x24:0x020b6e1b x21:0x000003c1 x21=0x00000000
     183235.000 ns	     18322	80003cd8	4e453d93	sltiu	x27,x10,1252	 x10:0x00000000 x27=0x00000001
     183245.000 ns	     18323	80003cdc	00195a93	srli	x21,x18,0x1	 x18:0x779af780 x21=0x3bcd7bc0
     183265.000 ns	     18325	80003ce0	28069953	fmax.s	f18,f13,f0	 f13:0x4eef35ef  f0:0x0000003f f18=0x4eef35ef
     184445.000 ns	     18443	80003ce4	58071dd3	fsqrt.s	f27,f14	 f14:0x4c02dc40 f27=0x45391006
     184475.000 ns	     18446	80003ce8	e0009853	fclass.s	x16,f1	  f1:0x00000037 x16=0x00000020
     184495.000 ns	     18448	80003cec	27a77e93	andi	x29,x14,634	 x14:0x88639bcb x29=0x0000024a
     184515.000 ns	     18450	80003cf0	f0078d53	fmv.w.x	f26,x15	 x15:0x00000001 f26=0x00000001
     184535.000 ns	     18452	80003cf4	00312f33	slt	x30,x2,x3	  x2:0x00000000  x3:0xc0020812 x30=0x00000000
     184555.000 ns	     18454	80003cf8	037fa333	mulhsu	x6,x31,x23	 x31:0x80000000 x23:0x80000000  x6=0xc0000000
     184575.000 ns	     18456	80003cfc	0011b5b3	sltu	x11,x3,x1	  x3:0xc0020812  x1:0x00016a04 x11=0x00000000
     184585.000 ns	     18457	80003d00	fc616613	ori	x12,x2,-58	  x2:0x00000000 x12=0xffffffc6
     184595.000 ns	     18458	80003d04	270a4f93	xori	x31,x20,624	 x20:0x020b7100 x31=0x020b7370
     184615.000 ns	     18460	80003d08	a0d80753	fle.s	x14,f16,f13	 f16:0x00000037 f13:0x4eef35ef x14=0x00000001
     184635.000 ns	     18462	80003d0c	4042dfb3	sra	x31,x5,x4	  x5:0x00000000  x4:0xfffe934b x31=0x00000000
     184655.000 ns	     18464	80003d10	a1210653	fle.s	x12,f2,f18	  f2:0x425c0000 f18:0x4eef35ef x12=0x00000001
     184685.000 ns	     18467	80003d14	28920ad3	fmin.s	f21,f4,f9	  f4:0x4735045f  f9:0x00000000 f21=0x00000000
     184715.000 ns	     18470	80003d18	a01195d3	flt.s	x11,f3,f1	  f3:0x44914000  f1:0x00000037 x11=0x00000000
     184745.000 ns	     18473	80003d1c	03aa0633	mul	x12,x20,x26	 x20:0x020b7100 x26:0x00000000 x12=0x00000000
     184765.000 ns	     18475	80003d20	6eefb613	sltiu	x12,x31,1774	 x31:0x00000000 x12=0x00000001
     184805.000 ns	     18479	80003d24	00ecaa53	fadd.s	f20,f25,f14	 f25:0x3f800000 f14:0x4c02dc40 f20=0x4c02dc40
     184825.000 ns	     18481	80003d28	7e96cd37	lui	x26,0x7e96c	 x26=0x7e96c000
     184835.000 ns	     18482	80003d2c	40ef5193	srai	x3,x30,0xe	 x30:0x00000000  x3=0x00000000
     184845.000 ns	     18483	80003d30	081daf13	slti	x30,x27,129	 x27:0x00000001 x30=0x00000001
     184855.000 ns	     18484	80003d34	51a364b7	lui	x9,0x51a36	  x9=0x51a36000
     184865.000 ns	     18485	80003d38	00555393	srli	x7,x10,0x5	 x10:0x00000000  x7=0x00000000
     185225.000 ns	     18521	80003d3c	0377c833	div	x16,x15,x23	 x15:0x00000001 x23:0x80000000 x16=0x00000000
     185245.000 ns	     18523	80003d40	4ff14d93	xori	x27,x2,1279	  x2:0x00000000 x27=0x000004ff
     185265.000 ns	     18525	80003d44	024a9433	mulh	x8,x21,x4	 x21:0x3bcd7bc0  x4:0xfffe934b  x8=0xffffaacd
     185285.000 ns	     18527	80003d48	01e097b3	sll	x15,x1,x30	  x1:0x00016a04 x30:0x00000001 x15=0x0002d408
     185305.000 ns	     18529	80003d4c	02367233	remu	x4,x12,x3	 x12:0x00000001  x3:0x00000000  x4=0x00000001
     185675.000 ns	     18566	80003d50	03b364b3	rem	x9,x6,x27	  x6:0xc0000000 x27:0x000004ff  x9=0xfffffca4
     185695.000 ns	     18568	80003d54	fe344537	lui	x10,0xfe344	 x10=0xfe344000
     185705.000 ns	     18569	80003d58	00694db3	xor	x27,x18,x6	 x18:0x779af780  x6:0xc0000000 x27=0xb79af780
     185715.000 ns	     18570	80003d5c	40fea393	slti	x7,x29,1039	 x29:0x0000024a  x7=0x00000001
     185725.000 ns	     18571	80003d60	00dc6db3	or	x27,x24,x13	 x24:0x020b6e1b x13:0x020b6e1b x27=0x020b6e1b
     185735.000 ns	     18572	80003d64	013b5693	srli	x13,x22,0x13	 x22:0x01fffd26 x13=0x0000003f
     185745.000 ns	     18573	80003d68	5c853217	auipc	x4,0x5c853	  x4=0xdc856d68
     185765.000 ns	     18575	80003d6c	c019f0d3	fcvt.wu.s	x1,f19	 f19:0x45390efe  x1=0x00000b90
     186945.000 ns	     18693	80003d70	580870d3	fsqrt.s	f1,f16	 f16:0x00000037  f1=0x1f3504d0
     186975.000 ns	     18696	80003d74	d0027253	fcvt.s.w	f4,x4	  x4:0xdc856d68  f4=0xce0dea4a
     187025.000 ns	     18701	80003d78	00927053	fadd.s	f0,f4,f9	  f4:0x4735045f  f9:0x00000000  f0=0xce0dea4a
     187055.000 ns	     18704	80003d7c	03c5beb3	mulhu	x29,x11,x28	 x11:0x00000000 x28:0x80040fe4 x29=0x00000000
     187105.000 ns	     18709	80003d80	0905ac53	fsub.s	f24,f11,f16	 f11:0x0026e3f1 f16:0x00000037 f24=0x0026e3ba
     187145.000 ns	     18713	80003d84	106394d3	fmul.s	f9,f7,f6	  f7:0x00000000  f6:0x472efb91  f9=0x00000000
     187165.000 ns	     18715	80003d88	00b29333	sll	x6,x5,x11	  x5:0x00000000 x11:0x00000000  x6=0x00000000
     187175.000 ns	     18716	80003d8c	009f5213	srli	x4,x30,0x9	 x30:0x00000001  x4=0x00000000
     187185.000 ns	     18717	80003d90	0187b7b3	sltu	x15,x15,x24	 x15:0x0002d408 x24:0x020b6e1b x15=0x00000001
     187205.000 ns	     18719	80003d94	f0060b53	fmv.w.x	f22,x12	 x12:0x00000001 f22=0x00000001
     187235.000 ns	     18722	80003d98	f00b0153	fmv.w.x	f2,x22	 x22:0x01fffd26  f2=0x01fffd26
     187255.000 ns	     18724	80003d9c	e35d0d93	addi	x27,x26,-459	 x26:0x7e96c000 x27=0x7e96be35
     187585.000 ns	     18757	80003da0	19442753	fdiv.s	f14,f8,f20	  f8:0x4d1b8471 f20:0x4c02dc40 f14=0x401b8472
     187615.000 ns	     18760	80003da4	0336a033	mulhsu	x0,x13,x19	 x13:0x0000003f x19:0x80041024
     187635.000 ns	     18762	80003da8	413bdb33	sra	x22,x23,x19	 x23:0x80000000 x19:0x80041024 x22=0xf8000000
     187645.000 ns	     18763	80003dac	dac03513	sltiu	x10,x0,-596	  x0:0x00000000 x10=0x00000001
     187655.000 ns	     18764	80003db0	76763313	sltiu	x6,x12,1895	 x12:0x00000001  x6=0x00000001
     187665.000 ns	     18765	80003db4	006342b3	xor	x5,x6,x6	  x6:0x00000000  x6:0x00000000  x5=0x00000000
     187685.000 ns	     18767	80003db8	c015fcd3	fcvt.wu.s	x25,f11	 f11:0x0026e3f1 x25=0x00000000
     187715.000 ns	     18770	80003dbc	e00682d3	fmv.x.w	x5,f13	 f13:0x4eef35ef  x5=0x4eef35ef
     187745.000 ns	     18773	80003dc0	f0070fd3	fmv.w.x	f31,x14	 x14:0x00000001 f31=0x00000001
     187765.000 ns	     18775	80003dc4	00822fb3	slt	x31,x4,x8	  x4:0x00000000  x8:0xffffaacd x31=0x00000000
     187785.000 ns	     18777	80003dc8	20d105d3	fsgnj.s	f11,f2,f13	  f2:0x01fffd26 f13:0x4eef35ef f11=0x01fffd26
     187815.000 ns	     18780	80003dcc	29c304d3	fmin.s	f9,f6,f28	  f6:0x472efb91 f28:0x4eef35ef  f9=0x472efb91
     187865.000 ns	     18785	80003dd0	00b0b6d3	fadd.s	f13,f1,f11	  f1:0x1f3504d0 f11:0x01fffd26 f13=0x1f3504d0
     187895.000 ns	     18788	80003dd4	218d23d3	fsgnjx.s	f7,f26,f24	 f26:0x00000001 f24:0x0026e3ba  f7=0x00000001
     187925.000 ns	     18791	80003dd8	287a1453	fmax.s	f8,f20,f7	 f20:0x4c02dc40  f7:0x00000000  f8=0x4c02dc40
     187955.000 ns	     18794	80003ddc	20d42253	fsgnjx.s	f4,f8,f13	  f8:0x4d1b8471 f13:0x1f3504d0  f4=0x4c02dc40
     187975.000 ns	     18796	80003de0	410d5433	sra	x8,x26,x16	 x26:0x7e96c000 x16:0x00000000  x8=0x7e96c000
     187985.000 ns	     18797	80003de4	000c9433	sll	x8,x25,x0	 x25:0x00000000  x0:0x00000000  x8=0x00000000
     187995.000 ns	     18798	80003de8	00d5d513	srli	x10,x11,0xd	 x11:0x00000000 x10=0x00000000
     188005.000 ns	     18799	80003dec	6df7a397	auipc	x7,0x6df7a	  x7=0xedf7ddec
     188025.000 ns	     18801	80003df0	c00e7a53	fcvt.w.s	x20,f28	 f28:0x4eef35ef x20=0x779af780
     188045.000 ns	     18803	80003df4	babe6393	ori	x7,x28,-1109	 x28:0x80040fe4  x7=0xffffffef
     188055.000 ns	     18804	80003df8	00000013	addi	x0,x0,0	  x0:0x00000000
     188075.000 ns	     18806	80003dfc	022892b3	mulh	x5,x17,x2	 x17:0x000000c6  x2:0x00000000  x5=0x00000000
     188095.000 ns	     18808	80003e00	01321033	sll	x0,x4,x19	  x4:0x00000000 x19:0x80041024
     188115.000 ns	     18810	80003e04	28cd85d3	fmin.s	f11,f27,f12	 f27:0x45391006 f12:0x47350244 f11=0x45391006
     188145.000 ns	     18813	80003e08	28a28f53	fmin.s	f30,f5,f10	  f5:0x7fc00000 f10:0x3f800000 f30=0x3f800000
     188165.000 ns	     18815	80003e0c	403954b3	sra	x9,x18,x3	 x18:0x779af780  x3:0x00000000  x9=0x779af780
     188175.000 ns	     18816	80003e10	412e8933	sub	x18,x29,x18	 x29:0x00000000 x18:0x779af780 x18=0x88650880
     188195.000 ns	     18818	80003e14	a0c18fd3	fle.s	x31,f3,f12	  f3:0x44914000 f12:0x47350244 x31=0x00000001
     188215.000 ns	     18820	80003e18	0c26c817	auipc	x16,0xc26c	 x16=0x8c26fe18
     188235.000 ns	     18822	80003e1c	29391ad3	fmax.s	f21,f18,f19	 f18:0x4eef35ef f19:0x45390efe f21=0x4eef35ef
     189415.000 ns	     18940	80003e20	580a9a53	fsqrt.s	f20,f21	 f21:0x00000000 f20=0x472efb91
     189465.000 ns	     18945	80003e24	012534d3	fadd.s	f9,f10,f18	 f10:0x3f800000 f18:0x4eef35ef  f9=0x4eef35f0
     189495.000 ns	     18948	80003e28	c01bc3d3	fcvt.wu.s	x7,f23	 f23:0x47350200  x7=0x0000b502
     189535.000 ns	     18952	80003e2c	102c7153	fmul.s	f2,f24,f2	 f24:0x0026e3ba  f2:0x01fffd26  f2=0x00000000
     189575.000 ns	     18956	80003e30	107e8453	fmul.s	f8,f29,f7	 f29:0x44914000  f7:0x00000001  f8=0x0000048b
     189625.000 ns	     18961	80003e34	090a89d3	fsub.s	f19,f21,f16	 f21:0x4eef35ef f16:0x00000037 f19=0x4eef35ef
     189645.000 ns	     18963	80003e38	b0162793	slti	x15,x12,-1279	 x12:0x00000001 x15=0x00000000
     189665.000 ns	     18965	80003e3c	e00e0753	fmv.x.w	x14,f28	 f28:0x4eef35ef x14=0x4eef35ef
     189715.000 ns	     18970	80003e40	00d4f353	fadd.s	f6,f9,f13	  f9:0x4eef35f0 f13:0x1f3504d0  f6=0x4eef35f0
     189745.000 ns	     18973	80003e44	29b280d3	fmin.s	f1,f5,f27	  f5:0x7fc00000 f27:0x45391006  f1=0x45391006
     189765.000 ns	     18975	80003e48	0fa2cf93	xori	x31,x5,250	  x5:0x00000000 x31=0x000000fa
     189785.000 ns	     18977	80003e4c	a1de2053	feq.s	x0,f28,f29	 f28:0x4eef35ef f29:0x44914000
     189815.000 ns	     18980	80003e50	a06f0dd3	fle.s	x27,f30,f6	 f30:0x3f800000  f6:0x4eef35f0 x27=0x00000001
     189835.000 ns	     18982	80003e54	c3318293	addi	x5,x3,-973	  x3:0x00000000  x5=0xfffffc33
     189855.000 ns	     18984	80003e58	d00c7ad3	fcvt.s.w	f21,x24	 x24:0x020b6e1b f21=0x4c02db86
     189885.000 ns	     18987	80003e5c	2036a1d3	fsgnjx.s	f3,f13,f3	 f13:0x1f3504d0  f3:0x44914000  f3=0x1f3504d0
     189905.000 ns	     18989	80003e60	408a5a93	srai	x21,x20,0x8	 x20:0x779af780 x21=0x00779af7
     189915.000 ns	     18990	80003e64	1d3bc393	xori	x7,x23,467	 x23:0x80000000  x7=0x800001d3
     189935.000 ns	     18992	80003e68	29518053	fmin.s	f0,f3,f21	  f3:0x1f3504d0 f21:0x4c02db86  f0=0x1f3504d0
     191115.000 ns	     19110	80003e6c	580370d3	fsqrt.s	f1,f6	  f6:0x4eef35f0  f1=0x472efb92
     191135.000 ns	     19112	80003e70	00ec4b33	xor	x22,x24,x14	 x24:0x020b6e1b x14:0x4eef35ef x22=0x4ce45bf4
     191145.000 ns	     19113	80003e74	41c70db3	sub	x27,x14,x28	 x14:0x4eef35ef x28:0x80040fe4 x27=0xceeb260b
     191155.000 ns	     19114	80003e78	01cbd533	srl	x10,x23,x28	 x23:0x80000000 x28:0x80040fe4 x10=0x08000000
     191165.000 ns	     19115	80003e7c	01c638b3	sltu	x17,x12,x28	 x12:0x00000001 x28:0x80040fe4 x17=0x00000001
     191185.000 ns	     19117	80003e80	02286c33	rem	x24,x16,x2	 x16:0x8c26fe18  x2:0x00000000 x24=0x8c26fe18
     191235.000 ns	     19122	80003e84	080275d3	fsub.s	f11,f4,f0	  f4:0x4c02dc40  f0:0x1f3504d0 f11=0x4c02dc40
     191285.000 ns	     19127	80003e88	01632253	fadd.s	f4,f6,f22	  f6:0x4eef35f0 f22:0x00000001  f4=0x4eef35f0
     191305.000 ns	     19129	80003e8c	00f3d913	srli	x18,x7,0xf	  x7:0x800001d3 x18=0x00010000
     191325.000 ns	     19131	80003e90	a09d8ed3	fle.s	x29,f27,f9	 f27:0x45391006  f9:0x4eef35f0 x29=0x00000001
     191355.000 ns	     19134	80003e94	e00e1ed3	fclass.s	x29,f28	 f28:0x4eef35ef x29=0x00000040
     191385.000 ns	     19137	80003e98	0265a6b3	mulhsu	x13,x11,x6	 x11:0x00000000  x6:0x00000001 x13=0x00000000
     191415.000 ns	     19140	80003e9c	c018a453	fcvt.wu.s	x8,f17	 f17:0x0000003f  x8=0x00000000
     191755.000 ns	     19174	80003ea0	19ba8d53	fdiv.s	f26,f21,f27	 f21:0x4c02db86 f27:0x45391006 f26=0x4629268a
     191785.000 ns	     19177	80003ea4	21cd8ed3	fsgnj.s	f29,f27,f28	 f27:0x45391006 f28:0x4eef35ef f29=0x45391006
     191805.000 ns	     19179	80003ea8	014941b3	xor	x3,x18,x20	 x18:0x00010000 x20:0x779af780  x3=0x779bf780
     191825.000 ns	     19181	80003eac	a0d21753	flt.s	x14,f4,f13	  f4:0x4eef35f0 f13:0x1f3504d0 x14=0x00000000
     191855.000 ns	     19184	80003eb0	2133a853	fsgnjx.s	f16,f7,f19	  f7:0x00000001 f19:0x4eef35ef f16=0x00000001
     191875.000 ns	     19186	80003eb4	17cbf613	andi	x12,x23,380	 x23:0x80000000 x12=0x00000000
     191895.000 ns	     19188	80003eb8	e00d97d3	fclass.s	x15,f27	 f27:0x45391006 x15=0x00000040
     191925.000 ns	     19191	80003ebc	a1df9853	flt.s	x16,f31,f29	 f31:0x00000001 f29:0x45391006 x16=0x00000001
     191945.000 ns	     19193	80003ec0	40fbdd33	sra	x26,x23,x15	 x23:0x80000000 x15:0x00000040 x26=0x80000000
     191965.000 ns	     19195	80003ec4	c00cf453	fcvt.w.s	x8,f25	 f25:0x3f800000  x8=0x00000001
     191985.000 ns	     19197	80003ec8	0066c4b3	xor	x9,x13,x6	 x13:0x00000000  x6:0x00000001  x9=0x00000001
     191995.000 ns	     19198	80003ecc	013826b3	slt	x13,x16,x19	 x16:0x00000001 x19:0x80041024 x13=0x00000000
     192005.000 ns	     19199	80003ed0	8649ed13	ori	x26,x19,-1948	 x19:0x80041024 x26=0xfffff864
     192015.000 ns	     19200	80003ed4	40f25793	srai	x15,x4,0xf	  x4:0x00000000 x15=0x00000000
     192025.000 ns	     19201	80003ed8	eecc6d13	ori	x26,x24,-276	 x24:0x8c26fe18 x26=0xfffffefc
     192035.000 ns	     19202	80003edc	41cf8933	sub	x18,x31,x28	 x31:0x000000fa x28:0x80040fe4 x18=0x7ffbf116
     192045.000 ns	     19203	80003ee0	91a5b293	sltiu	x5,x11,-1766	 x11:0x00000000  x5=0x00000001
     192065.000 ns	     19205	80003ee4	02f9dcb3	divu	x25,x19,x15	 x19:0x80041024 x15:0x00000000 x25=0xffffffff
     192095.000 ns	     19208	80003ee8	214d9f53	fsgnjn.s	f30,f27,f20	 f27:0x45391006 f20:0x472efb91 f30=0xc5391006
     192125.000 ns	     19211	80003eec	e0039353	fclass.s	x6,f7	  f7:0x00000001  x6=0x00000020
     192145.000 ns	     19213	80003ef0	40a25fb3	sra	x31,x4,x10	  x4:0x00000000 x10:0x08000000 x31=0x00000000
     192165.000 ns	     19215	80003ef4	e0058453	fmv.x.w	x8,f11	 f11:0x4c02dc40  x8=0x4c02dc40
     192195.000 ns	     19218	80003ef8	0369b233	mulhu	x4,x19,x22	 x19:0x80041024 x22:0x4ce45bf4  x4=0x26736664
     192215.000 ns	     19220	80003efc	41465a13	srai	x20,x12,0x14	 x12:0x00000000 x20=0x00000000
     192225.000 ns	     19221	80003f00	0011d913	srli	x18,x3,0x1	  x3:0x779bf780 x18=0x3bcdfbc0
     192235.000 ns	     19222	80003f04	04d3ec93	ori	x25,x7,77	  x7:0x800001d3 x25=0x800001df
     192255.000 ns	     19224	80003f08	035ea0b3	mulhsu	x1,x29,x21	 x29:0x00000040 x21:0x00779af7  x1=0x00000000
     192275.000 ns	     19226	80003f0c	19f5c693	xori	x13,x11,415	 x11:0x00000000 x13=0x0000019f
     192285.000 ns	     19227	80003f10	00d98133	add	x2,x19,x13	 x19:0x80041024 x13:0x00000000  x2=0x800411c3
     192295.000 ns	     19228	80003f14	00dae0b3	or	x1,x21,x13	 x21:0x00779af7 x13:0x00000000  x1=0x00779bff
     192315.000 ns	     19230	80003f18	a1948353	fle.s	x6,f9,f25	  f9:0x4eef35f0 f25:0x3f800000  x6=0x00000000
     192335.000 ns	     19232	80003f1c	003d7eb3	and	x29,x26,x3	 x26:0xfffffefc  x3:0x779bf780 x29=0x779bf680
     192345.000 ns	     19233	80003f20	46ab6397	auipc	x7,0x46ab6	  x7=0xc6ab9f20
     192355.000 ns	     19234	80003f24	335e8493	addi	x9,x29,821	 x29:0x00000040  x9=0x779bf9b5
     192375.000 ns	     19236	80003f28	f00d8253	fmv.w.x	f4,x27	 x27:0xceeb260b  f4=0xceeb260b
     192405.000 ns	     19239	80003f2c	20642453	fsgnjx.s	f8,f8,f6	  f8:0x0000048b  f6:0x4eef35f0  f8=0x0000048b
     192425.000 ns	     19241	80003f30	01266eb3	or	x29,x12,x18	 x12:0x00000000 x18:0x3bcdfbc0 x29=0x3bcdfbc0
     192455.000 ns	     19244	80003f34	1852c2d3	fdiv.s	f5,f5,f5	  f5:0x7fc00000  f5:0x7fc00000  f5=0x7fc00000
     192475.000 ns	     19246	80003f38	0162d093	srli	x1,x5,0x16	  x5:0x00000001  x1=0x00000000
     192485.000 ns	     19247	80003f3c	01908733	add	x14,x1,x25	  x1:0x00779bff x25:0x800001df x14=0x800001df
     192505.000 ns	     19249	80003f40	e0098b53	fmv.x.w	x22,f19	 f19:0x4eef35ef x22=0x4eef35ef
     192535.000 ns	     19252	80003f44	a1891d53	flt.s	x26,f18,f24	 f18:0x4eef35ef f24:0x0026e3ba x26=0x00000000
     192555.000 ns	     19254	80003f48	00a3e6b3	or	x13,x7,x10	  x7:0xc6ab9f20 x10:0x08000000 x13=0xceab9f20
     192565.000 ns	     19255	80003f4c	f3a8a617	auipc	x12,0xf3a8a	 x12=0x73a8df4c
     192585.000 ns	     19257	80003f50	28339f53	fmax.s	f30,f7,f3	  f7:0x00000001  f3:0x1f3504d0 f30=0x1f3504d0
     192615.000 ns	     19260	80003f54	03d6bdb3	mulhu	x27,x13,x29	 x13:0xceab9f20 x29:0x3bcdfbc0 x27=0x3047d858
     192635.000 ns	     19262	80003f58	00000013	addi	x0,x0,0	  x0:0x00000000
     192645.000 ns	     19263	80003f5c	132f7893	andi	x17,x30,306	 x30:0x00000001 x17=0x00000000
     192665.000 ns	     19265	80003f60	21f10753	fsgnj.s	f14,f2,f31	  f2:0x00000000 f31:0x00000001 f14=0x00000000
     192705.000 ns	     19269	80003f64	10c49353	fmul.s	f6,f9,f12	  f9:0x4eef35f0 f12:0x47350244  f6=0x56a92340
     192735.000 ns	     19272	80003f68	03358fb3	mul	x31,x11,x19	 x11:0x00000000 x19:0x80041024 x31=0x00000000
     192765.000 ns	     19275	80003f6c	02eeb3b3	mulhu	x7,x29,x14	 x29:0x3bcdfbc0 x14:0x800001df  x7=0x1de6fe4f
     192795.000 ns	     19278	80003f70	29bb06d3	fmin.s	f13,f22,f27	 f22:0x00000001 f27:0x45391006 f13=0x00000001
     192825.000 ns	     19281	80003f74	03ba9b33	mulh	x22,x21,x27	 x21:0x00779af7 x27:0x3047d858 x22=0x00168e9f
     192855.000 ns	     19284	80003f78	d019add3	fcvt.s.wu	f27,x19	 x19:0x80041024 f27=0x4f000411
     192895.000 ns	     19288	80003f7c	11f32153	fmul.s	f2,f6,f31	  f6:0x56a92340 f31:0x00000001  f2=0x0c292340
     192925.000 ns	     19291	80003f80	208c88d3	fsgnj.s	f17,f25,f8	 f25:0x3f800000  f8:0x0000048b f17=0x3f800000
     192955.000 ns	     19294	80003f84	f0078553	fmv.w.x	f10,x15	 x15:0x00000000 f10=0x00000000
     192985.000 ns	     19297	80003f88	2122a5d3	fsgnjx.s	f11,f5,f18	  f5:0x7fc00000 f18:0x4eef35ef f11=0x7fc00000
     193015.000 ns	     19300	80003f8c	a1690953	fle.s	x18,f18,f22	 f18:0x4eef35ef f22:0x00000001 x18=0x00000000
     193035.000 ns	     19302	80003f90	017f3933	sltu	x18,x30,x23	 x30:0x00000001 x23:0x80000000 x18=0x00000001
     193395.000 ns	     19338	80003f94	024cf8b3	remu	x17,x25,x4	 x25:0x800001df  x4:0x26736664 x17=0x0ca5ceb3
     193415.000 ns	     19340	80003f98	ba6b8613	addi	x12,x23,-1114	 x23:0x80000000 x12=0x7ffffba6
     193425.000 ns	     19341	80003f9c	014e2533	slt	x10,x28,x20	 x28:0x80040fe4 x20:0x00000000 x10=0x00000001
     193445.000 ns	     19343	80003fa0	20399953	fsgnjn.s	f18,f19,f3	 f19:0x4eef35ef  f3:0x1f3504d0 f18=0xceef35ef
     193475.000 ns	     19346	80003fa4	28ab1cd3	fmax.s	f25,f22,f10	 f22:0x00000001 f10:0x00000000 f25=0x00000001
     193495.000 ns	     19348	80003fa8	2915b593	sltiu	x11,x11,657	 x11:0x00000000 x11=0x00000001
     193825.000 ns	     19381	80003fac	18d7b553	fdiv.s	f10,f15,f13	 f15:0x455bf000 f13:0x00000001 f10=0x7f800000
     193845.000 ns	     19383	80003fb0	4000d513	srai	x10,x1,0x0	  x1:0x00000000 x10=0x00000000
     193855.000 ns	     19384	80003fb4	3510f713	andi	x14,x1,849	  x1:0x00000000 x14=0x00000000
     193875.000 ns	     19386	80003fb8	024e05b3	mul	x11,x28,x4	 x28:0x80040fe4  x4:0x26736664 x11=0x9b570d10
     193905.000 ns	     19389	80003fbc	29f311d3	fmax.s	f3,f6,f31	  f6:0x56a92340 f31:0x00000001  f3=0x56a92340
     193935.000 ns	     19392	80003fc0	c01ccdd3	fcvt.wu.s	x27,f25	 f25:0x00000001 x27=0x00000000
     193955.000 ns	     19394	80003fc4	01fb9193	slli	x3,x23,0x1f	 x23:0x80000000  x3=0x00000000
     193975.000 ns	     19396	80003fc8	28a195d3	fmax.s	f11,f3,f10	  f3:0x56a92340 f10:0x7f800000 f11=0x7f800000
     193995.000 ns	     19398	80003fcc	00391313	slli	x6,x18,0x3	 x18:0x00000001  x6=0x00000008
     194015.000 ns	     19400	80003fd0	f00e00d3	fmv.w.x	f1,x28	 x28:0x80040fe4  f1=0x80040fe4
     194045.000 ns	     19403	80003fd4	0348dfb3	divu	x31,x17,x20	 x17:0x0ca5ceb3 x20:0x00000000 x31=0xffffffff
     194075.000 ns	     19406	80003fd8	21298a53	fsgnj.s	f20,f19,f18	 f19:0x4eef35ef f18:0xceef35ef f20=0xceef35ef
     194095.000 ns	     19408	80003fdc	afbaa813	slti	x16,x21,-1285	 x21:0x00779af7 x16=0x00000000
     194115.000 ns	     19410	80003fe0	a0d51dd3	flt.s	x27,f10,f13	 f10:0x7f800000 f13:0x00000001 x27=0x00000000
     194145.000 ns	     19413	80003fe4	f0028fd3	fmv.w.x	f31,x5	  x5:0x00000001 f31=0x00000001
     194175.000 ns	     19416	80003fe8	29781853	fmax.s	f16,f16,f23	 f16:0x00000001 f23:0x47350200 f16=0x47350200
     194205.000 ns	     19419	80003fec	d011f7d3	fcvt.s.wu	f15,x3	  x3:0x00000000 f15=0x00000000
     194225.000 ns	     19421	80003ff0	0004e933	or	x18,x9,x0	  x9:0x779bf9b5  x0:0x00000000 x18=0x779bf9b5
     195395.000 ns	     19538	80003ff4	580d0dd3	fsqrt.s	f27,f26	 f26:0x4629268a f27=0x426f369a
     195415.000 ns	     19540	80003ff8	99a46d97	auipc	x27,0x99a46	 x27=0x19a49ff8
     195435.000 ns	     19542	80003ffc	d01f87d3	fcvt.s.wu	f15,x31	 x31:0xffffffff f15=0x4f800000
     195455.000 ns	     19544	80004000	66ca0f93	addi	x31,x20,1644	 x20:0x00000000 x31=0x0000066c
     195475.000 ns	     19546	80004004	a03d9a53	flt.s	x20,f27,f3	 f27:0x426f369a  f3:0x56a92340 x20=0x00000001
     195505.000 ns	     19549	80004008	d0057053	fcvt.s.w	f0,x10	 x10:0x00000000  f0=0x00000000
     195525.000 ns	     19551	8000400c	0179e8b3	or	x17,x19,x23	 x19:0x80041024 x23:0x80000000 x17=0x80041024
     195535.000 ns	     19552	80004010	00836d33	or	x26,x6,x8	  x6:0x00000008  x8:0x4c02dc40 x26=0x4c02dc48
     196705.000 ns	     19669	80004014	5804f553	fsqrt.s	f10,f9	  f9:0x4eef35f0 f10=0x472efb92
     197075.000 ns	     19706	80004018	03715c33	divu	x24,x2,x23	  x2:0x800411c3 x23:0x80000000 x24=0x00000001
     197095.000 ns	     19708	8000401c	00cc1c13	slli	x24,x24,0xc	 x24:0x8c26fe18 x24=0x00001000
     197425.000 ns	     19741	80004020	18f57153	fdiv.s	f2,f10,f15	 f10:0x472efb92 f15:0x4f800000  f2=0x36aefb92
     197445.000 ns	     19743	80004024	4093df13	srai	x30,x7,0x9	  x7:0x1de6fe4f x30=0x000ef37f
     197465.000 ns	     19745	80004028	d011fa53	fcvt.s.wu	f20,x3	  x3:0x00000000 f20=0x00000000
     197495.000 ns	     19748	8000402c	20578bd3	fsgnj.s	f23,f15,f5	 f15:0x4f800000  f5:0x7fc00000 f23=0x4f800000
     197515.000 ns	     19750	80004030	8855b313	sltiu	x6,x11,-1915	 x11:0x9b570d10  x6=0x00000001
     197525.000 ns	     19751	80004034	0126f8b3	and	x17,x13,x18	 x13:0xceab9f20 x18:0x779bf9b5 x17=0x468b9920
     197535.000 ns	     19752	80004038	00b046b3	xor	x13,x0,x11	  x0:0x00000000 x11:0x9b570d10 x13=0x9b570d10
     197545.000 ns	     19753	8000403c	413bd133	sra	x2,x23,x19	 x23:0x80000000 x19:0x80041024  x2=0xf8000000
     197565.000 ns	     19755	80004040	02649033	mulh	x0,x9,x6	  x9:0x779bf9b5  x6:0x00000001
     197595.000 ns	     19758	80004044	02ee2db3	mulhsu	x27,x28,x14	 x28:0x80040fe4 x14:0x00000000 x27=0x00000000
     197625.000 ns	     19761	80004048	d0097853	fcvt.s.w	f16,x18	 x18:0x779bf9b5 f16=0x4eef37f3
     197655.000 ns	     19764	8000404c	219428d3	fsgnjx.s	f17,f8,f25	  f8:0x0000048b f25:0x00000001 f17=0x0000048b
     197675.000 ns	     19766	80004050	01b3f133	and	x2,x7,x27	  x7:0x1de6fe4f x27:0x00000000  x2=0x00000000
     197685.000 ns	     19767	80004054	0144a633	slt	x12,x9,x20	  x9:0x779bf9b5 x20:0x00000001 x12=0x00000000
     197705.000 ns	     19769	80004058	03eba233	mulhsu	x4,x23,x30	 x23:0x80000000 x30:0x000ef37f  x4=0xfff88640
     197725.000 ns	     19771	8000405c	04184f93	xori	x31,x16,65	 x16:0x00000000 x31=0x00000041
     198895.000 ns	     19888	80004060	58067f53	fsqrt.s	f30,f12	 f12:0x47350244 f30=0x42fffbf6
     199265.000 ns	     19925	80004064	02bd5d33	divu	x26,x26,x11	 x26:0x4c02dc48 x11:0x9b570d10 x26=0x00000000
     199315.000 ns	     19930	80004068	006378d3	fadd.s	f17,f6,f6	  f6:0x56a92340  f6:0x56a92340 f17=0x57292340
     199335.000 ns	     19932	8000406c	4104dc13	srai	x24,x9,0x10	  x9:0x779bf9b5 x24=0x0000779b
     199695.000 ns	     19968	80004070	0279d033	divu	x0,x19,x7	 x19:0x80041024  x7:0x1de6fe4f
     199725.000 ns	     19971	80004074	a0ce0053	fle.s	x0,f28,f12	 f28:0x4eef35ef f12:0x47350244
     199775.000 ns	     19976	80004078	088c7bd3	fsub.s	f23,f24,f8	 f24:0x0026e3ba  f8:0x0000048b f23=0x0026df2f
     199795.000 ns	     19978	8000407c	0006d233	srl	x4,x13,x0	 x13:0x9b570d10  x0:0x00000000  x4=0x9b570d10
     199805.000 ns	     19979	80004080	cc1c7693	andi	x13,x24,-831	 x24:0x0000779b x13=0x00007481
     199825.000 ns	     19981	80004084	0274bd33	mulhu	x26,x9,x7	  x9:0x779bf9b5  x7:0x1de6fe4f x26=0x0df8983d
     199855.000 ns	     19984	80004088	03801ab3	mulh	x21,x0,x24	  x0:0x00000000 x24:0x0000779b x21=0x00000000
     199885.000 ns	     19987	8000408c	282417d3	fmax.s	f15,f8,f2	  f8:0x0000048b  f2:0x36aefb92 f15=0x36aefb92
     199915.000 ns	     19990	80004090	20991453	fsgnjn.s	f8,f18,f9	 f18:0xceef35ef  f9:0x4eef35f0  f8=0xceef35ef
     199945.000 ns	     19993	80004094	c009f953	fcvt.w.s	x18,f19	 f19:0x4eef35ef x18=0x779af780
     199975.000 ns	     19996	80004098	d015a4d3	fcvt.s.wu	f9,x11	 x11:0x9b570d10  f9=0x4f1b570e
     199995.000 ns	     19998	8000409c	004b7f33	and	x30,x22,x4	 x22:0x00168e9f  x4:0x9b570d10 x30=0x00160c10
     200015.000 ns	     20000	800040a0	20fb29d3	fsgnjx.s	f19,f22,f15	 f22:0x00000001 f15:0x36aefb92 f19=0x00000001
     200035.000 ns	     20002	800040a4	01ba6933	or	x18,x20,x27	 x20:0x00000001 x27:0x00000000 x18=0x00000001
     200045.000 ns	     20003	800040a8	40d15593	srai	x11,x2,0xd	  x2:0x00000000 x11=0x00000000
     200055.000 ns	     20004	800040ac	01018cb3	add	x25,x3,x16	  x3:0x00000000 x16:0x00000000 x25=0x00000000
     200075.000 ns	     20006	800040b0	21021753	fsgnjn.s	f14,f4,f16	  f4:0xceeb260b f16:0x4eef37f3 f14=0xceeb260b
     200105.000 ns	     20009	800040b4	20288753	fsgnj.s	f14,f17,f2	 f17:0x57292340  f2:0x36aefb92 f14=0x57292340
     200125.000 ns	     20011	800040b8	16f92913	slti	x18,x18,367	 x18:0x00000001 x18=0x00000001
     200485.000 ns	     20047	800040bc	02457c33	remu	x24,x10,x4	 x10:0x00000000  x4:0x9b570d10 x24=0x00000000
     200505.000 ns	     20049	800040c0	016432b3	sltu	x5,x8,x22	  x8:0x4c02dc40 x22:0x00168e9f  x5=0x00000000
     200525.000 ns	     20051	800040c4	a14723d3	feq.s	x7,f14,f20	 f14:0x57292340 f20:0x00000000  x7=0x00000000
     200545.000 ns	     20053	800040c8	6cf16437	lui	x8,0x6cf16	  x8=0x6cf16000
     200555.000 ns	     20054	800040cc	016a11b3	sll	x3,x20,x22	 x20:0x00000001 x22:0x00168e9f  x3=0x80000000
     200575.000 ns	     20056	800040d0	a07c1153	flt.s	x2,f24,f7	 f24:0x0026e3ba  f7:0x00000001  x2=0x00000000
     200605.000 ns	     20059	800040d4	c00b7b53	fcvt.w.s	x22,f22	 f22:0x00000001 x22=0x00000000
     200635.000 ns	     20062	800040d8	286b83d3	fmin.s	f7,f23,f6	 f23:0x0026df2f  f6:0x56a92340  f7=0x0026df2f
     200665.000 ns	     20065	800040dc	293104d3	fmin.s	f9,f2,f19	  f2:0x36aefb92 f19:0x00000001  f9=0x00000001
     200685.000 ns	     20067	800040e0	a25e4137	lui	x2,0xa25e4	  x2=0xa25e4000
     200695.000 ns	     20068	800040e4	ba9db093	sltiu	x1,x27,-1111	 x27:0x00000000  x1=0x00000001
     200725.000 ns	     20071	800040e8	11012453	fmul.s	f8,f2,f16	  f2:0x36aefb92 f16:0x4eef37f3  f8=0x4623831b
     200745.000 ns	     20073	800040ec	01b0a533	slt	x10,x1,x27	  x1:0x00000000 x27:0x00000000 x10=0x00000000
     200755.000 ns	     20074	800040f0	41645a13	srai	x20,x8,0x16	  x8:0x6cf16000 x20=0x000001b3
     200775.000 ns	     20076	800040f4	21f400d3	fsgnj.s	f1,f8,f31	  f8:0x4623831b f31:0x00000001  f1=0x4623831b
     200805.000 ns	     20079	800040f8	030dc433	div	x8,x27,x16	 x27:0x00000000 x16:0x00000000  x8=0xffffffff
     200825.000 ns	     20081	800040fc	00e65393	srli	x7,x12,0xe	 x12:0x00000000  x7=0x00000000
     201995.000 ns	     20198	80004100	5800f5d3	fsqrt.s	f11,f1	  f1:0x4623831b f11=0x42673d32
     202025.000 ns	     20201	80004104	210e02d3	fsgnj.s	f5,f28,f16	 f28:0x4eef35ef f16:0x4eef37f3  f5=0x4eef35ef
     202055.000 ns	     20204	80004108	02778c33	mul	x24,x15,x7	 x15:0x00000000  x7:0x00000000 x24=0x00000000
     202425.000 ns	     20241	8000410c	03737533	remu	x10,x6,x23	  x6:0x00000001 x23:0x80000000 x10=0x00000001
     202445.000 ns	     20243	80004110	0020f333	and	x6,x1,x2	  x1:0x00000001  x2:0xa25e4000  x6=0x00000000
     202455.000 ns	     20244	80004114	00009f33	sll	x30,x1,x0	  x1:0x00000001  x0:0x00000000 x30=0x00000001
     202475.000 ns	     20246	80004118	a1551853	flt.s	x16,f10,f21	 f10:0x472efb92 f21:0x4c02db86 x16=0x00000001
     202505.000 ns	     20249	8000411c	e0011553	fclass.s	x10,f2	  f2:0x36aefb92 x10=0x00000040
     202525.000 ns	     20251	80004120	00000013	addi	x0,x0,0	  x0:0x00000000
     202545.000 ns	     20253	80004124	03c91d33	mulh	x26,x18,x28	 x18:0x00000001 x28:0x80040fe4 x26=0xffffffff
     202915.000 ns	     20290	80004128	0306ecb3	rem	x25,x13,x16	 x13:0x00007481 x16:0x00000001 x25=0x00000000
     202935.000 ns	     20292	8000412c	f3bcfc93	andi	x25,x25,-197	 x25:0x00000000 x25=0x00000000
     202945.000 ns	     20293	80004130	408a06b3	sub	x13,x20,x8	 x20:0x000001b3  x8:0xffffffff x13=0x000001b4
     202955.000 ns	     20294	80004134	05a7a313	slti	x6,x15,90	 x15:0x00000000  x6=0x00000001
     202995.000 ns	     20298	80004138	0073f353	fadd.s	f6,f7,f7	  f7:0x0026df2f  f7:0x0026df2f  f6=0x004dbe5e
     203015.000 ns	     20300	8000413c	00000013	addi	x0,x0,0	  x0:0x00000000
     203035.000 ns	     20302	80004140	d00f7cd3	fcvt.s.w	f25,x30	 x30:0x00000001 f25=0x3f800000
     203065.000 ns	     20305	80004144	d0107953	fcvt.s.wu	f18,x0	  x0:0x00000000 f18=0x00000000
     203095.000 ns	     20308	80004148	205e27d3	fsgnjx.s	f15,f28,f5	 f28:0x4eef35ef  f5:0x4eef35ef f15=0x4eef35ef
     203125.000 ns	     20311	8000414c	d01ef0d3	fcvt.s.wu	f1,x29	 x29:0x3bcdfbc0  f1=0x4e6f37ef
     203145.000 ns	     20313	80004150	40aa8433	sub	x8,x21,x10	 x21:0x00000000 x10:0x00000040  x8=0xffffffc0
     203155.000 ns	     20314	80004154	00827cb3	and	x25,x4,x8	  x4:0x9b570d10  x8:0xffffffff x25=0x9b570d00
     203165.000 ns	     20315	80004158	2811d237	lui	x4,0x2811d	  x4=0x2811d000
     203185.000 ns	     20317	8000415c	03470f33	mul	x30,x14,x20	 x14:0x00000000 x20:0x000001b3 x30=0x00000000
     203205.000 ns	     20319	80004160	b8e73f13	sltiu	x30,x14,-1138	 x14:0x00000000 x30=0x00000001
     203225.000 ns	     20321	80004164	a05dac53	feq.s	x24,f27,f5	 f27:0x426f369a  f5:0x4eef35ef x24=0x00000000
     203245.000 ns	     20323	80004168	40410233	sub	x4,x2,x4	  x2:0xa25e4000  x4:0x2811d000  x4=0x7a4c7000
     203255.000 ns	     20324	8000416c	0f0aa693	slti	x13,x21,240	 x21:0x00000000 x13=0x00000001
     203275.000 ns	     20326	80004170	a19623d3	feq.s	x7,f12,f25	 f12:0x47350244 f25:0x3f800000  x7=0x00000000
     203295.000 ns	     20328	80004174	6d518b13	addi	x22,x3,1749	  x3:0x80000000 x22=0x800006d5
     203305.000 ns	     20329	80004178	46e8b893	sltiu	x17,x17,1134	 x17:0x468b9920 x17=0x00000000
     203325.000 ns	     20331	8000417c	c0107b53	fcvt.wu.s	x22,f0	  f0:0x00000000 x22=0x00000000
     203345.000 ns	     20333	80004180	00d61f93	slli	x31,x12,0xd	 x12:0x00000000 x31=0x00000000
     203355.000 ns	     20334	80004184	41e4d533	sra	x10,x9,x30	  x9:0x779bf9b5 x30:0x00000001 x10=0x3bcdfcda
     203375.000 ns	     20336	80004188	e00604d3	fmv.x.w	x9,f12	 f12:0x47350244  x9=0x47350244
     203395.000 ns	     20338	8000418c	00994f33	xor	x30,x18,x9	 x18:0x00000001  x9:0x779bf9b5 x30=0x47350245
     203405.000 ns	     20339	80004190	38190c13	addi	x24,x18,897	 x18:0x00000001 x24=0x00000382
     203415.000 ns	     20340	80004194	00ec72b3	and	x5,x24,x14	 x24:0x00000000 x14:0x00000000  x5=0x00000000
     203425.000 ns	     20341	80004198	018a21b3	slt	x3,x20,x24	 x20:0x000001b3 x24:0x00000000  x3=0x00000001
     203435.000 ns	     20342	8000419c	2f75ae93	slti	x29,x11,759	 x11:0x00000000 x29=0x00000001
     203445.000 ns	     20343	800041a0	40a98133	sub	x2,x19,x10	 x19:0x80041024 x10:0x3bcdfcda  x2=0x4436134a
     203465.000 ns	     20345	800041a4	e00307d3	fmv.x.w	x15,f6	  f6:0x004dbe5e x15=0x004dbe5e
     203495.000 ns	     20348	800041a8	f0090353	fmv.w.x	f6,x18	 x18:0x00000001  f6=0x00000001
     203515.000 ns	     20350	800041ac	01eda333	slt	x6,x27,x30	 x27:0x00000000 x30:0x47350245  x6=0x00000001
     203535.000 ns	     20352	800041b0	d004ffd3	fcvt.s.w	f31,x9	  x9:0x47350244 f31=0x4e8e6a04
     203565.000 ns	     20355	800041b4	a126a3d3	feq.s	x7,f13,f18	 f13:0x00000001 f18:0x00000000  x7=0x00000000
     203605.000 ns	     20359	800041b8	10be0553	fmul.s	f10,f28,f11	 f28:0x4eef35ef f11:0x42673d32 f10=0x51d812d9
     203655.000 ns	     20364	800041bc	009c4553	fadd.s	f10,f24,f9	 f24:0x0026e3ba  f9:0x00000001 f10=0x0026e3bb
     203685.000 ns	     20367	800041c0	211728d3	fsgnjx.s	f17,f14,f17	 f14:0x57292340 f17:0x57292340 f17=0x57292340
     203705.000 ns	     20369	800041c4	0079efb3	or	x31,x19,x7	 x19:0x80041024  x7:0x00000000 x31=0x80041024
     204035.000 ns	     20402	800041c8	18acfbd3	fdiv.s	f23,f25,f10	 f25:0x3f800000 f10:0x0026e3bb f23=0x7e34b4b6
     204065.000 ns	     20405	800041cc	03493b33	mulhu	x22,x18,x20	 x18:0x00000001 x20:0x000001b3 x22=0x00000000
     204095.000 ns	     20408	800041d0	02cd9f33	mulh	x30,x27,x12	 x27:0x00000000 x12:0x00000000 x30=0x00000000
     204115.000 ns	     20410	800041d4	00011233	sll	x4,x2,x0	  x2:0x4436134a  x0:0x00000000  x4=0x4436134a
     204135.000 ns	     20412	800041d8	e0058853	fmv.x.w	x16,f11	 f11:0x42673d32 x16=0x42673d32
     204165.000 ns	     20415	800041dc	a09892d3	flt.s	x5,f17,f9	 f17:0x57292340  f9:0x00000001  x5=0x00000000
     204185.000 ns	     20417	800041e0	ba726c93	ori	x25,x4,-1113	  x4:0x4436134a x25=0xfffffbef
     204195.000 ns	     20418	800041e4	41c65033	sra	x0,x12,x28	 x12:0x00000000 x28:0x80040fe4
     204205.000 ns	     20419	800041e8	01f19113	slli	x2,x3,0x1f	  x3:0x00000001  x2=0x80000000
     204215.000 ns	     20420	800041ec	00a29093	slli	x1,x5,0xa	  x5:0x00000000  x1=0x00000000
     204225.000 ns	     20421	800041f0	94c48113	addi	x2,x9,-1716	  x9:0x47350244  x2=0x4734fb90
     204245.000 ns	     20423	800041f4	c0067c53	fcvt.w.s	x24,f12	 f12:0x47350244 x24=0x0000b502
     204275.000 ns	     20426	800041f8	d0137653	fcvt.s.wu	f12,x6	  x6:0x00000001 f12=0x3f800000
     204305.000 ns	     20429	800041fc	20bd2953	fsgnjx.s	f18,f26,f11	 f26:0x4629268a f11:0x42673d32 f18=0x4629268a
     204335.000 ns	     20432	80004200	f00d0dd3	fmv.w.x	f27,x26	 x26:0xffffffff f27=0xffffffff
     205515.000 ns	     20550	80004204	58034fd3	fsqrt.s	f31,f6	  f6:0x00000001 f31=0x1f350483
     205545.000 ns	     20553	80004208	a1159d53	flt.s	x26,f11,f17	 f11:0x42673d32 f17:0x57292340 x26=0x00000001
     205595.000 ns	     20558	8000420c	01a41753	fadd.s	f14,f8,f26	  f8:0x4623831b f26:0x4629268a f14=0x46a654d2
     205625.000 ns	     20561	80004210	02070433	mul	x8,x14,x0	 x14:0x00000000  x0:0x00000000  x8=0x00000000
     205645.000 ns	     20563	80004214	e7ace893	ori	x17,x25,-390	 x25:0xfffffbef x17=0xffffffff
     205665.000 ns	     20565	80004218	28bb9f53	fmax.s	f30,f23,f11	 f23:0x7e34b4b6 f11:0x42673d32 f30=0x7e34b4b6
     205685.000 ns	     20567	8000421c	008a62b3	or	x5,x20,x8	 x20:0x000001b3  x8:0x00000000  x5=0x000001b3
     205695.000 ns	     20568	80004220	00d0eab3	or	x21,x1,x13	  x1:0x00000000 x13:0x00000001 x21=0x00000001
     205705.000 ns	     20569	80004224	1252eb17	auipc	x22,0x1252e	 x22=0x92532224
     205715.000 ns	     20570	80004228	406980b3	sub	x1,x19,x6	 x19:0x80041024  x6:0x00000001  x1=0x80041023
     205735.000 ns	     20572	8000422c	29a106d3	fmin.s	f13,f2,f26	  f2:0x36aefb92 f26:0x4629268a f13=0x36aefb92
     205755.000 ns	     20574	80004230	00000013	addi	x0,x0,0	  x0:0x00000000
     205775.000 ns	     20576	80004234	d019b553	fcvt.s.wu	f10,x19	 x19:0x80041024 f10=0x4f000411
     205825.000 ns	     20581	80004238	09878053	fsub.s	f0,f15,f24	 f15:0x4eef35ef f24:0x0026e3ba  f0=0x4eef35ef
     205865.000 ns	     20585	8000423c	1154c553	fmul.s	f10,f9,f21	  f9:0x00000001 f21:0x4c02db86 f10=0x0182db87
     205885.000 ns	     20587	80004240	004a1a33	sll	x20,x20,x4	 x20:0x000001b3  x4:0x4436134a x20=0x0006cc00
     205905.000 ns	     20589	80004244	216b01d3	fsgnj.s	f3,f22,f22	 f22:0x00000001 f22:0x00000001  f3=0x00000001
     205925.000 ns	     20591	80004248	e96fca93	xori	x21,x31,-362	 x31:0x80041024 x21=0x7ffbeeb2
     206285.000 ns	     20627	8000424c	036e5133	divu	x2,x28,x22	 x28:0x80040fe4 x22:0x92532224  x2=0x00000000
     206305.000 ns	     20629	80004250	178aad93	slti	x27,x21,376	 x21:0x00000001 x27=0x00000000
     206315.000 ns	     20630	80004254	fa6ac417	auipc	x8,0xfa6ac	  x8=0x7a6b0254
     206335.000 ns	     20632	80004258	20931953	fsgnjn.s	f18,f6,f9	  f6:0x00000001  f9:0x00000001 f18=0x80000001
     206365.000 ns	     20635	8000425c	03902eb3	mulhsu	x29,x0,x25	  x0:0x00000000 x25:0xfffffbef x29=0x00000000
     206395.000 ns	     20638	80004260	209497d3	fsgnjn.s	f15,f9,f9	  f9:0x00000001  f9:0x00000001 f15=0x80000001
     206415.000 ns	     20640	80004264	00f7db13	srli	x22,x15,0xf	 x15:0x004dbe5e x22=0x0000009b
     206435.000 ns	     20642	80004268	a0272d53	feq.s	x26,f14,f2	 f14:0x46a654d2  f2:0x36aefb92 x26=0x00000000
     206455.000 ns	     20644	8000426c	005465b3	or	x11,x8,x5	  x8:0x7a6b0254  x5:0x000001b3 x11=0x7a6b03f7
     206815.000 ns	     20680	80004270	02aac733	div	x14,x21,x10	 x21:0x7ffbeeb2 x10:0x3bcdfcda x14=0x00000002
     206835.000 ns	     20682	80004274	9455f713	andi	x14,x11,-1723	 x11:0x00000000 x14=0x7a6b0145
     206845.000 ns	     20683	80004278	40195133	sra	x2,x18,x1	 x18:0x00000001  x1:0x80041023  x2=0x00000000
     206855.000 ns	     20684	8000427c	01a55b33	srl	x22,x10,x26	 x10:0x3bcdfcda x26:0x00000000 x22=0x3bcdfcda
     206875.000 ns	     20686	80004280	a18c9cd3	flt.s	x25,f25,f24	 f25:0x3f800000 f24:0x0026e3ba x25=0x00000000
     206905.000 ns	     20689	80004284	281902d3	fmin.s	f5,f18,f1	 f18:0x80000001  f1:0x4e6f37ef  f5=0x80000001
     206925.000 ns	     20691	80004288	00a29a93	slli	x21,x5,0xa	  x5:0x000001b3 x21=0x0006cc00
     206935.000 ns	     20692	8000428c	011f10b3	sll	x1,x30,x17	 x30:0x00000000 x17:0xffffffff  x1=0x00000000
     206955.000 ns	     20694	80004290	29138cd3	fmin.s	f25,f7,f17	  f7:0x0026df2f f17:0x57292340 f25=0x0026df2f
     206985.000 ns	     20697	80004294	21cc9e53	fsgnjn.s	f28,f25,f28	 f25:0x3f800000 f28:0x4eef35ef f28=0x8026df2f
     207015.000 ns	     20700	80004298	a0e89ad3	flt.s	x21,f17,f14	 f17:0x57292340 f14:0x46a654d2 x21=0x00000000
     207045.000 ns	     20703	8000429c	29a61c53	fmax.s	f24,f12,f26	 f12:0x3f800000 f26:0x4629268a f24=0x4629268a
     207065.000 ns	     20705	800042a0	011b5fb3	srl	x31,x22,x17	 x22:0x3bcdfcda x17:0xffffffff x31=0x00000000
     207075.000 ns	     20706	800042a4	0095c2b3	xor	x5,x11,x9	 x11:0x7a6b03f7  x9:0x47350244  x5=0x3d5e01b3
     207085.000 ns	     20707	800042a8	008908b3	add	x17,x18,x8	 x18:0x00000001  x8:0x7a6b0254 x17=0x7a6b0255
     207095.000 ns	     20708	800042ac	00df5113	srli	x2,x30,0xd	 x30:0x00000000  x2=0x00000000
     207115.000 ns	     20710	800042b0	a0f7a1d3	feq.s	x3,f15,f15	 f15:0x80000001 f15:0x80000001  x3=0x00000001
     207135.000 ns	     20712	800042b4	41bf5433	sra	x8,x30,x27	 x30:0x00000000 x27:0x00000000  x8=0x00000000
     207155.000 ns	     20714	800042b8	a0280f53	fle.s	x30,f16,f2	 f16:0x4eef37f3  f2:0x36aefb92 x30=0x00000000
     207195.000 ns	     20718	800042bc	19488cd3	fdiv.s	f25,f17,f20	 f17:0x57292340 f20:0x00000000 f25=0x7f800000
     207225.000 ns	     20721	800042c0	f00207d3	fmv.w.x	f15,x4	  x4:0x4436134a f15=0x4436134a
     207255.000 ns	     20724	800042c4	c0002353	fcvt.w.s	x6,f0	  f0:0x4eef35ef  x6=0x779af780
     207275.000 ns	     20726	800042c8	00629313	slli	x6,x5,0x6	  x5:0x3d5e01b3  x6=0x57806cc0
     207295.000 ns	     20728	800042cc	20df10d3	fsgnjn.s	f1,f30,f13	 f30:0x7e34b4b6 f13:0x36aefb92  f1=0xfe34b4b6
     207325.000 ns	     20731	800042d0	e0048853	fmv.x.w	x16,f9	  f9:0x00000001 x16=0x00000001
     207355.000 ns	     20734	800042d4	f00680d3	fmv.w.x	f1,x13	 x13:0x00000001  f1=0x00000001
     207725.000 ns	     20771	800042d8	02a07833	remu	x16,x0,x10	  x0:0x00000000 x10:0x3bcdfcda x16=0x00000000
     207755.000 ns	     20774	800042dc	03d355b3	divu	x11,x6,x29	  x6:0x57806cc0 x29:0x00000000 x11=0xffffffff
     207775.000 ns	     20776	800042e0	00535833	srl	x16,x6,x5	  x6:0x57806cc0  x5:0x3d5e01b3 x16=0x00000af0
     207795.000 ns	     20778	800042e4	c0124053	fcvt.wu.s	x0,f4	  f4:0xceeb260b
     207815.000 ns	     20780	800042e8	00000013	addi	x0,x0,0	  x0:0x00000000
     207835.000 ns	     20782	800042ec	033031b3	mulhu	x3,x0,x19	  x0:0x00000000 x19:0x80041024  x3=0x00000000
     207855.000 ns	     20784	800042f0	5825f813	andi	x16,x11,1410	 x11:0xffffffff x16=0x00000582
     207865.000 ns	     20785	800042f4	018c40b3	xor	x1,x24,x24	 x24:0x0000b502 x24:0x0000b502  x1=0x00000000
     208225.000 ns	     20821	800042f8	031cecb3	rem	x25,x25,x17	 x25:0x00000000 x17:0x7a6b0255 x25=0x00000000
     208245.000 ns	     20823	800042fc	013560b3	or	x1,x10,x19	 x10:0x3bcdfcda x19:0x80041024  x1=0xbbcdfcfe
     208575.000 ns	     20856	80004300	190e0b53	fdiv.s	f22,f28,f16	 f28:0x8026df2f f16:0x4eef37f3 f22=0x80000000
     208605.000 ns	     20859	80004304	e00c9753	fclass.s	x14,f25	 f25:0x7f800000 x14=0x00000080
     208635.000 ns	     20862	80004308	024214b3	mulh	x9,x4,x4	  x4:0x4436134a  x4:0x4436134a  x9=0x122cc5ab
     208655.000 ns	     20864	8000430c	be3ff693	andi	x13,x31,-1053	 x31:0x00000000 x13=0x00000000
     208665.000 ns	     20865	80004310	01f28eb3	add	x29,x5,x31	  x5:0x3d5e01b3 x31:0x00000000 x29=0x3d5e01b3
     208675.000 ns	     20866	80004314	015370b3	and	x1,x6,x21	  x6:0x57806cc0 x21:0x00000000  x1=0x00000000
     208685.000 ns	     20867	80004318	012443b3	xor	x7,x8,x18	  x8:0x00000000 x18:0x00000001  x7=0x00000001
     208695.000 ns	     20868	8000431c	0c645c17	auipc	x24,0xc645	 x24=0x8c64931c
     208705.000 ns	     20869	80004320	417d5c13	srai	x24,x26,0x17	 x26:0x00000000 x24=0x00000000
     208715.000 ns	     20870	80004324	01481493	slli	x9,x16,0x14	 x16:0x00000582  x9=0x58200000
     208725.000 ns	     20871	80004328	001a7a33	and	x20,x20,x1	 x20:0x0006cc00  x1:0x00000000 x20=0x00000000
     208745.000 ns	     20873	8000432c	203a1453	fsgnjn.s	f8,f20,f3	 f20:0x00000000  f3:0x00000001  f8=0x80000000
     208775.000 ns	     20876	80004330	21bd0b53	fsgnj.s	f22,f26,f27	 f26:0x4629268a f27:0xffffffff f22=0xc629268a
     208805.000 ns	     20879	80004334	0227a233	mulhsu	x4,x15,x2	 x15:0x004dbe5e  x2:0x00000000  x4=0x00000000
     208835.000 ns	     20882	80004338	02e10ab3	mul	x21,x2,x14	  x2:0x00000000 x14:0x00000080 x21=0x00000000
     208855.000 ns	     20884	8000433c	01809c93	slli	x25,x1,0x18	  x1:0x00000000 x25=0x00000000
     208875.000 ns	     20886	80004340	e0031fd3	fclass.s	x31,f6	  f6:0x00000001 x31=0x00000020
     209245.000 ns	     20923	80004344	02ab6733	rem	x14,x22,x10	 x22:0x3bcdfcda x10:0x3bcdfcda x14=0x00000000
     209265.000 ns	     20925	80004348	40bd5293	srai	x5,x26,0xb	 x26:0x00000000  x5=0x00000000
     209285.000 ns	     20927	8000434c	c009c053	fcvt.w.s	x0,f19	 f19:0x00000001
     209305.000 ns	     20929	80004350	0168b3b3	sltu	x7,x17,x22	 x17:0x7a6b0255 x22:0x3bcdfcda  x7=0x00000000
     209315.000 ns	     20930	80004354	a00e71b7	lui	x3,0xa00e7	  x3=0xa00e7000
     209325.000 ns	     20931	80004358	0000e1b3	or	x3,x1,x0	  x1:0x00000000  x0:0x00000000  x3=0x00000000
     209685.000 ns	     20967	8000435c	02fc6cb3	rem	x25,x24,x15	 x24:0x00000000 x15:0x004dbe5e x25=0x00000000
     209735.000 ns	     20972	80004360	01fbb353	fadd.s	f6,f23,f31	 f23:0x7e34b4b6 f31:0x1f350483  f6=0x7e34b4b6
     209775.000 ns	     20976	80004364	119a85d3	fmul.s	f11,f21,f25	 f21:0x4c02db86 f25:0x7f800000 f11=0x7f800000
     209795.000 ns	     20978	80004368	00209293	slli	x5,x1,0x2	  x1:0x00000000  x5=0x00000000
     209815.000 ns	     20980	8000436c	214e20d3	fsgnjx.s	f1,f28,f20	 f28:0x8026df2f f20:0x00000000  f1=0x8026df2f
     209835.000 ns	     20982	80004370	006ef6b3	and	x13,x29,x6	 x29:0x3d5e01b3  x6:0x57806cc0 x13=0x15000080
     209845.000 ns	     20983	80004374	3c78ac93	slti	x25,x17,967	 x17:0x7a6b0255 x25=0x00000000
     209885.000 ns	     20987	80004378	0067fc53	fadd.s	f24,f15,f6	 f15:0x4436134a  f6:0x7e34b4b6 f24=0x7e34b4b6
     209905.000 ns	     20989	8000437c	41e48a33	sub	x20,x9,x30	  x9:0x58200000 x30:0x00000000 x20=0x58200000
     209925.000 ns	     20991	80004380	28638b53	fmin.s	f22,f7,f6	  f7:0x0026df2f  f6:0x7e34b4b6 f22=0x0026df2f
     209945.000 ns	     20993	80004384	c715d497	auipc	x9,0xc715d	  x9=0x47161384
     209965.000 ns	     20995	80004388	21c2a6d3	fsgnjx.s	f13,f5,f28	  f5:0x80000001 f28:0x8026df2f f13=0x00000001
     209995.000 ns	     20998	8000438c	02431133	mulh	x2,x6,x4	  x6:0x57806cc0  x4:0x00000000  x2=0x00000000
     210045.000 ns	     21003	80004390	08b4c4d3	fsub.s	f9,f9,f11	  f9:0x00000001 f11:0x7f800000  f9=0xff800000
     210075.000 ns	     21006	80004394	c000fcd3	fcvt.w.s	x25,f1	  f1:0x8026df2f x25=0x00000000
     210105.000 ns	     21009	80004398	2161add3	fsgnjx.s	f27,f3,f22	  f3:0x00000001 f22:0x0026df2f f27=0x00000001
     210125.000 ns	     21011	8000439c	407580b3	sub	x1,x11,x7	 x11:0xffffffff  x7:0x00000000  x1=0xffffffff
     210135.000 ns	     21012	800043a0	40a482b3	sub	x5,x9,x10	  x9:0x47161384 x10:0x3bcdfcda  x5=0x0b4816aa
     210155.000 ns	     21014	800043a4	e00094d3	fclass.s	x9,f1	  f1:0x8026df2f  x9=0x00000004
     210185.000 ns	     21017	800043a8	e00d1153	fclass.s	x2,f26	 f26:0x4629268a  x2=0x00000040
     210215.000 ns	     21020	800043ac	02c0d033	divu	x0,x1,x12	  x1:0xffffffff x12:0x00000000
     210235.000 ns	     21022	800043b0	41155db3	sra	x27,x10,x17	 x10:0x3bcdfcda x17:0x7a6b0255 x27=0x000001de
     210245.000 ns	     21023	800043b4	015577b3	and	x15,x10,x21	 x10:0x3bcdfcda x21:0x00000000 x15=0x00000000
     210255.000 ns	     21024	800043b8	a4ecb3b7	lui	x7,0xa4ecb	  x7=0xa4ecb000
     210295.000 ns	     21028	800043bc	09828fd3	fsub.s	f31,f5,f24	  f5:0x80000001 f24:0x7e34b4b6 f31=0xfe34b4b6
     210335.000 ns	     21032	800043c0	101e7cd3	fmul.s	f25,f28,f1	 f28:0x8026df2f  f1:0x8026df2f f25=0x00000000
     210355.000 ns	     21034	800043c4	00c36033	or	x0,x6,x12	  x6:0x57806cc0 x12:0x00000000
     210375.000 ns	     21036	800043c8	d008fd53	fcvt.s.w	f26,x17	 x17:0x7a6b0255 f26=0x4ef4d604
     210405.000 ns	     21039	800043cc	205eaad3	fsgnjx.s	f21,f29,f5	 f29:0x45391006  f5:0x80000001 f21=0xc5391006
     210425.000 ns	     21041	800043d0	415788b3	sub	x17,x15,x21	 x15:0x00000000 x21:0x00000000 x17=0x00000000
     210435.000 ns	     21042	800043d4	00755293	srli	x5,x10,0x7	 x10:0x3bcdfcda  x5=0x00779bf9
     210455.000 ns	     21044	800043d8	e00783d3	fmv.x.w	x7,f15	 f15:0x4436134a  x7=0x4436134a
     210485.000 ns	     21047	800043dc	a0acaa53	feq.s	x20,f25,f10	 f25:0x00000000 f10:0x0182db87 x20=0x00000000
     210515.000 ns	     21050	800043e0	206413d3	fsgnjn.s	f7,f8,f6	  f8:0x80000000  f6:0x7e34b4b6  f7=0x80000000
     210545.000 ns	     21053	800043e4	e0031d53	fclass.s	x26,f6	  f6:0x7e34b4b6 x26=0x00000040
     210565.000 ns	     21055	800043e8	325ba617	auipc	x12,0x325ba	 x12=0xb25be3e8
     210585.000 ns	     21057	800043ec	035d7fb3	remu	x31,x26,x21	 x26:0x00000040 x21:0x00000000 x31=0x00000040
     210615.000 ns	     21060	800043f0	020fbcb3	mulhu	x25,x31,x0	 x31:0x00000020  x0:0x00000000 x25=0x00000000
     210635.000 ns	     21062	800043f4	00000013	addi	x0,x0,0	  x0:0x00000000
     210645.000 ns	     21063	800043f8	981ae613	ori	x12,x21,-1663	 x21:0x00000000 x12=0xfffff981
     210665.000 ns	     21065	800043fc	f00f0fd3	fmv.w.x	f31,x30	 x30:0x00000000 f31=0x00000000
     210695.000 ns	     21068	80004400	293e9653	fmax.s	f12,f29,f19	 f29:0x45391006 f19:0x00000001 f12=0x45391006
     210725.000 ns	     21071	80004404	a1d993d3	flt.s	x7,f19,f29	 f19:0x00000001 f29:0x45391006  x7=0x00000001
     210755.000 ns	     21074	80004408	03adbd33	mulhu	x26,x27,x26	 x27:0x000001de x26:0x00000040 x26=0x00000000
     210775.000 ns	     21076	8000440c	006384b3	add	x9,x7,x6	  x7:0x00000001  x6:0x57806cc0  x9=0x57806cc1
     210785.000 ns	     21077	80004410	b4097093	andi	x1,x18,-1216	 x18:0x00000001  x1=0x00000000
     210805.000 ns	     21079	80004414	f00b86d3	fmv.w.x	f13,x23	 x23:0x80000000 f13=0x80000000
     210825.000 ns	     21081	80004418	01ba0ab3	add	x21,x20,x27	 x20:0x00000000 x27:0x000001de x21=0x000001de
     210835.000 ns	     21082	8000441c	b1afec13	ori	x24,x31,-1254	 x31:0x00000040 x24=0xfffffb5a
     210855.000 ns	     21084	80004420	f0040153	fmv.w.x	f2,x8	  x8:0x00000000  f2=0x00000000
     210885.000 ns	     21087	80004424	d01c74d3	fcvt.s.wu	f9,x24	 x24:0x00000000  f9=0x4f7ffffb
     210905.000 ns	     21089	80004428	c440f793	andi	x15,x1,-956	  x1:0x00000000 x15=0x00000000
     211265.000 ns	     21125	8000442c	037c41b3	div	x3,x24,x23	 x24:0xfffffb5a x23:0x80000000  x3=0x00000000
     211295.000 ns	     21128	80004430	28b412d3	fmax.s	f5,f8,f11	  f8:0x80000000 f11:0x7f800000  f5=0x7f800000
     211315.000 ns	     21130	80004434	005027b3	slt	x15,x0,x5	  x0:0x00000000  x5:0x00779bf9 x15=0x00000001
     211325.000 ns	     21131	80004438	0109a733	slt	x14,x19,x16	 x19:0x80041024 x16:0x00000582 x14=0x00000001
     211335.000 ns	     21132	8000443c	00c2d6b3	srl	x13,x5,x12	  x5:0x00779bf9 x12:0xfffff981 x13=0x003bcdfc
     211355.000 ns	     21134	80004440	a1521fd3	flt.s	x31,f4,f21	  f4:0xceeb260b f21:0xc5391006 x31=0x00000001
     211375.000 ns	     21136	80004444	00000013	addi	x0,x0,0	  x0:0x00000000
     211395.000 ns	     21138	80004448	a02d8353	fle.s	x6,f27,f2	 f27:0x00000001  f2:0x00000000  x6=0x00000000
     211415.000 ns	     21140	8000444c	00cc1c93	slli	x25,x24,0xc	 x24:0xfffffb5a x25=0xffb5a000
     211775.000 ns	     21176	80004450	02ef7933	remu	x18,x30,x14	 x30:0x00000000 x14:0x00000001 x18=0x00000000
     211795.000 ns	     21178	80004454	7fed6c13	ori	x24,x26,2046	 x26:0x00000000 x24=0x000007fe
     211815.000 ns	     21180	80004458	03fda0b3	mulhsu	x1,x27,x31	 x27:0x000001de x31:0x00000001  x1=0x00000000
     211855.000 ns	     21184	8000445c	1108f5d3	fmul.s	f11,f17,f16	 f17:0x57292340 f16:0x4eef37f3 f11=0x669e0ce0
     211885.000 ns	     21187	80004460	d0128cd3	fcvt.s.wu	f25,x5	  x5:0x00779bf9 f25=0x4aef37f2
     211905.000 ns	     21189	80004464	00c1f033	and	x0,x3,x12	  x3:0x00000000 x12:0xfffff981
     211925.000 ns	     21191	80004468	f00507d3	fmv.w.x	f15,x10	 x10:0x3bcdfcda f15=0x3bcdfcda
     211945.000 ns	     21193	8000446c	eaf5f913	andi	x18,x11,-337	 x11:0xffffffff x18=0xfffffeaf
     211955.000 ns	     21194	80004470	013dd293	srli	x5,x27,0x13	 x27:0x000001de  x5=0x00000000
     211965.000 ns	     21195	80004474	41ae8933	sub	x18,x29,x26	 x29:0x3d5e01b3 x26:0x00000000 x18=0x3d5e01b3
     211975.000 ns	     21196	80004478	ccad2417	auipc	x8,0xccad2	  x8=0x4cad6478
     212305.000 ns	     21229	8000447c	184705d3	fdiv.s	f11,f14,f4	 f14:0x46a654d2  f4:0xceeb260b f11=0xb72654d2
     212335.000 ns	     21232	80004480	20a72253	fsgnjx.s	f4,f14,f10	 f14:0x46a654d2 f10:0x0182db87  f4=0x46a654d2
     212365.000 ns	     21235	80004484	031c47b3	div	x15,x24,x17	 x24:0x000007fe x17:0x00000000 x15=0xffffffff
     212395.000 ns	     21238	80004488	a085a153	feq.s	x2,f11,f8	 f11:0xb72654d2  f8:0x80000000  x2=0x00000000
     212765.000 ns	     21275	8000448c	03caf2b3	remu	x5,x21,x28	 x21:0x000001de x28:0x80040fe4  x5=0x000001de
     212805.000 ns	     21279	80004490	1011acd3	fmul.s	f25,f3,f1	  f3:0x00000001  f1:0x8026df2f f25=0x80000000
     213175.000 ns	     21316	80004494	032ae7b3	rem	x15,x21,x18	 x21:0x000001de x18:0x3d5e01b3 x15=0x000001de
     213205.000 ns	     21319	80004498	29549bd3	fmax.s	f23,f9,f21	  f9:0x4f7ffffb f21:0xc5391006 f23=0x4f7ffffb
     213235.000 ns	     21322	8000449c	d007f4d3	fcvt.s.w	f9,x15	 x15:0x000001de  f9=0x43ef0000
     213275.000 ns	     21326	800044a0	199e8853	fdiv.s	f16,f29,f25	 f29:0x45391006 f25:0x80000000 f16=0xff800000
     213295.000 ns	     21328	800044a4	015e4533	xor	x10,x28,x21	 x28:0x80040fe4 x21:0x000001de x10=0x80040e3a
     213315.000 ns	     21330	800044a8	a058a953	feq.s	x18,f17,f5	 f17:0x57292340  f5:0x7f800000 x18=0x00000000
     213685.000 ns	     21367	800044ac	02c1ec33	rem	x24,x3,x12	  x3:0x00000000 x12:0xfffff981 x24=0x00000000
     213705.000 ns	     21369	800044b0	01a114b3	sll	x9,x2,x26	  x2:0x00000000 x26:0x00000000  x9=0x00000000
     213735.000 ns	     21372	800044b4	10ee72d3	fmul.s	f5,f28,f14	 f28:0x8026df2f f14:0x46a654d2  f5=0x86ca0ccd
     213755.000 ns	     21374	800044b8	401e8333	sub	x6,x29,x1	 x29:0x3d5e01b3  x1:0x00000000  x6=0x3d5e01b3
     213765.000 ns	     21375	800044bc	41d7dc33	sra	x24,x15,x29	 x15:0x000001de x29:0x3d5e01b3 x24=0x00000000
     213775.000 ns	     21376	800044c0	79f87393	andi	x7,x16,1951	 x16:0x00000582  x7=0x00000582
     213795.000 ns	     21378	800044c4	026c2133	mulhsu	x2,x24,x6	 x24:0x00000000  x6:0x3d5e01b3  x2=0x00000000
     213845.000 ns	     21383	800044c8	00d7f953	fadd.s	f18,f15,f13	 f15:0x3bcdfcda f13:0x80000000 f18=0x3bcdfcda
     213875.000 ns	     21386	800044cc	21b78853	fsgnj.s	f16,f15,f27	 f15:0x3bcdfcda f27:0x00000001 f16=0x3bcdfcda
     213895.000 ns	     21388	800044d0	eaeae913	ori	x18,x21,-338	 x21:0x000001de x18=0xfffffffe
     213905.000 ns	     21389	800044d4	40f687b3	sub	x15,x13,x15	 x13:0x003bcdfc x15:0x000001de x15=0x003bcc1e
     213915.000 ns	     21390	800044d8	017c9613	slli	x12,x25,0x17	 x25:0xffb5a000 x12=0x00000000
     213935.000 ns	     21392	800044dc	03ad3633	mulhu	x12,x26,x26	 x26:0x00000000 x26:0x00000000 x12=0x00000000
     213965.000 ns	     21395	800044e0	a02f07d3	fle.s	x15,f30,f2	 f30:0x7e34b4b6  f2:0x00000000 x15=0x00000000
     213985.000 ns	     21397	800044e4	cb86e4b7	lui	x9,0xcb86e	  x9=0xcb86e000
     213995.000 ns	     21398	800044e8	002441b3	xor	x3,x8,x2	  x8:0x4cad6478  x2:0x00000000  x3=0x4cad6478
     214005.000 ns	     21399	800044ec	40755a93	srai	x21,x10,0x7	 x10:0x80040e3a x21=0xff00081c
     214015.000 ns	     21400	800044f0	00906a33	or	x20,x0,x9	  x0:0x00000000  x9:0xcb86e000 x20=0xcb86e000
     214055.000 ns	     21404	800044f4	01b57b53	fadd.s	f22,f10,f27	 f10:0x0182db87 f27:0x00000001 f22=0x0182db87
     214075.000 ns	     21406	800044f8	018dea33	or	x20,x27,x24	 x27:0x000001de x24:0x00000000 x20=0x000001de
     214095.000 ns	     21408	800044fc	032eb733	mulhu	x14,x29,x18	 x29:0x3d5e01b3 x18:0xfffffffe x14=0x3d5e01b2
     214125.000 ns	     21411	80004500	02106cb3	rem	x25,x0,x1	  x0:0x00000000  x1:0x00000000 x25=0x00000000
     214155.000 ns	     21414	80004504	20e62b53	fsgnjx.s	f22,f12,f14	 f12:0x45391006 f14:0x46a654d2 f22=0x45391006
     214175.000 ns	     21416	80004508	41f4d1b3	sra	x3,x9,x31	  x9:0xcb86e000 x31:0x00000001  x3=0xe5c37000
     214195.000 ns	     21418	8000450c	21ec2a53	fsgnjx.s	f20,f24,f30	 f24:0x7e34b4b6 f30:0x7e34b4b6 f20=0x7e34b4b6
     214215.000 ns	     21420	80004510	01f09193	slli	x3,x1,0x1f	  x1:0x00000000  x3=0x00000000
     214225.000 ns	     21421	80004514	00000013	addi	x0,x0,0	  x0:0x00000000
     214235.000 ns	     21422	80004518	015900b3	add	x1,x18,x21	 x18:0xfffffffe x21:0xff00081c  x1=0xff00081a
     214245.000 ns	     21423	8000451c	d2ec4113	xori	x2,x24,-722	 x24:0x00000000  x2=0xfffffd2e
     214265.000 ns	     21425	80004520	0219ba33	mulhu	x20,x19,x1	 x19:0x80041024  x1:0x00000000 x20=0x7f841020
     214285.000 ns	     21427	80004524	71cf6737	lui	x14,0x71cf6	 x14=0x71cf6000
     214305.000 ns	     21429	80004528	291516d3	fmax.s	f13,f10,f17	 f10:0x0182db87 f17:0x57292340 f13=0x57292340
     214335.000 ns	     21432	8000452c	292f1e53	fmax.s	f28,f30,f18	 f30:0x7e34b4b6 f18:0x3bcdfcda f28=0x7e34b4b6
     214375.000 ns	     21436	80004530	10ae1ed3	fmul.s	f29,f28,f10	 f28:0x8026df2f f10:0x0182db87 f29=0x4038bd74
     214745.000 ns	     21473	80004534	0212fd33	remu	x26,x5,x1	  x5:0x000001de  x1:0xff00081a x26=0x000001de
     214775.000 ns	     21476	80004538	02407333	remu	x6,x0,x4	  x0:0x00000000  x4:0x00000000  x6=0x00000000
     214805.000 ns	     21479	8000453c	d0157953	fcvt.s.wu	f18,x10	 x10:0x80040e3a f18=0x4f00040e
     214835.000 ns	     21482	80004540	297014d3	fmax.s	f9,f0,f23	  f0:0x4eef35ef f23:0x4f7ffffb  f9=0x4f7ffffb
     214885.000 ns	     21487	80004544	088500d3	fsub.s	f1,f10,f8	 f10:0x0182db87  f8:0x80000000  f1=0x0182db87
     214915.000 ns	     21490	80004548	f00d8c53	fmv.w.x	f24,x27	 x27:0x000001de f24=0x000001de
     214945.000 ns	     21493	8000454c	03ea84b3	mul	x9,x21,x30	 x21:0xff00081c x30:0x00000000  x9=0x00000000
     214965.000 ns	     21495	80004550	28ecc913	xori	x18,x25,654	 x25:0x00000000 x18=0x0000028e
     215325.000 ns	     21531	80004554	0364f033	remu	x0,x9,x22	  x9:0x00000000 x22:0x3bcdfcda
     215345.000 ns	     21533	80004558	019ad693	srli	x13,x21,0x19	 x21:0xff00081c x13=0x0000007f
     215355.000 ns	     21534	8000455c	11fa6a93	ori	x21,x20,287	 x20:0x7f841020 x21=0x7f84113f
     215365.000 ns	     21535	80004560	012532b3	sltu	x5,x10,x18	 x10:0x80040e3a x18:0x0000028e  x5=0x00000000
     215725.000 ns	     21571	80004564	028b7133	remu	x2,x22,x8	 x22:0x3bcdfcda  x8:0x4cad6478  x2=0x3bcdfcda
     215755.000 ns	     21574	80004568	02909b33	mulh	x22,x1,x9	  x1:0xff00081a  x9:0x00000000 x22=0x00000000
     215785.000 ns	     21577	8000456c	201f2a53	fsgnjx.s	f20,f30,f1	 f30:0x7e34b4b6  f1:0x0182db87 f20=0x7e34b4b6
     216155.000 ns	     21614	80004570	035243b3	div	x7,x4,x21	  x4:0x00000000 x21:0x7f84113f  x7=0x00000000
     216175.000 ns	     21616	80004574	01542033	slt	x0,x8,x21	  x8:0x4cad6478 x21:0x7f84113f
     216195.000 ns	     21618	80004578	a14a8653	fle.s	x12,f21,f20	 f21:0xc5391006 f20:0x7e34b4b6 x12=0x00000001
     216215.000 ns	     21620	8000457c	00458033	add	x0,x11,x4	 x11:0xffffffff  x4:0x00000000
     216235.000 ns	     21622	80004580	a0d22fd3	feq.s	x31,f4,f13	  f4:0x46a654d2 f13:0x57292340 x31=0x00000000
     216265.000 ns	     21625	80004584	a1960d53	fle.s	x26,f12,f25	 f12:0x45391006 f25:0x80000000 x26=0x00000000
     216285.000 ns	     21627	80004588	00ac8db3	add	x27,x25,x10	 x25:0x00000000 x10:0x80040e3a x27=0x80040e3a
     216295.000 ns	     21628	8000458c	6da64137	lui	x2,0x6da64	  x2=0x6da64000
     216315.000 ns	     21630	80004590	a02705d3	fle.s	x11,f14,f2	 f14:0x46a654d2  f2:0x00000000 x11=0x00000000
     216685.000 ns	     21667	80004594	03bd6533	rem	x10,x26,x27	 x26:0x00000000 x27:0x80040e3a x10=0x00000000
     217055.000 ns	     21704	80004598	028650b3	divu	x1,x12,x8	 x12:0x00000001  x8:0x4cad6478  x1=0x00000000
     217075.000 ns	     21706	8000459c	87517513	andi	x10,x2,-1931	  x2:0x6da64000 x10=0x6da64000
     217095.000 ns	     21708	800045a0	c016fdd3	fcvt.wu.s	x27,f13	 f13:0x57292340 x27=0xffffffff
     217125.000 ns	     21711	800045a4	025f91b3	mulh	x3,x31,x5	 x31:0x00000000  x5:0x00000000  x3=0x00000000
     217145.000 ns	     21713	800045a8	e7dad037	lui	x0,0xe7dad	
     217155.000 ns	     21714	800045ac	01410133	add	x2,x2,x20	  x2:0x6da64000 x20:0x7f841020  x2=0xed2a5020
     217165.000 ns	     21715	800045b0	68b4c493	xori	x9,x9,1675	  x9:0x00000000  x9=0x0000068b
     217175.000 ns	     21716	800045b4	40e083b3	sub	x7,x1,x14	  x1:0x00000000 x14:0x71cf6000  x7=0x8e30a000
     217185.000 ns	     21717	800045b8	f41e0c13	addi	x24,x28,-191	 x28:0x80040fe4 x24=0x80040f25
     217225.000 ns	     21721	800045bc	00ceb653	fadd.s	f12,f29,f12	 f29:0x4038bd74 f12:0x45391006 f12=0x45393e36
     217255.000 ns	     21724	800045c0	292e83d3	fmin.s	f7,f29,f18	 f29:0x4038bd74 f18:0x4f00040e  f7=0x4038bd74
     217285.000 ns	     21727	800045c4	28b383d3	fmin.s	f7,f7,f11	  f7:0x80000000 f11:0xb72654d2  f7=0xb72654d2
     217335.000 ns	     21732	800045c8	085efcd3	fsub.s	f25,f29,f5	 f29:0x4038bd74  f5:0x86ca0ccd f25=0x4038bd74
     217355.000 ns	     21734	800045cc	2ac6c013	xori	x0,x13,684	 x13:0x0000007f
     217375.000 ns	     21736	800045d0	d018f6d3	fcvt.s.wu	f13,x17	 x17:0x00000000 f13=0x00000000
     218555.000 ns	     21854	800045d4	5804ba53	fsqrt.s	f20,f9	  f9:0x4f7ffffb f20=0x4735045f
     218575.000 ns	     21856	800045d8	a90fc593	xori	x11,x31,-1392	 x31:0x00000000 x11=0xfffffa90
     218595.000 ns	     21858	800045dc	e0019453	fclass.s	x8,f3	  f3:0x00000001  x8=0x00000020
     218645.000 ns	     21863	800045e0	084f7653	fsub.s	f12,f30,f4	 f30:0x7e34b4b6  f4:0x46a654d2 f12=0x7e34b4b6
     218675.000 ns	     21866	800045e4	d002f2d3	fcvt.s.w	f5,x5	  x5:0x00000000  f5=0x00000000
     218705.000 ns	     21869	800045e8	e00396d3	fclass.s	x13,f7	  f7:0xb72654d2 x13=0x00000002
     218755.000 ns	     21874	800045ec	00310b53	fadd.s	f22,f2,f3	  f2:0x00000000  f3:0x00000001 f22=0x00000001
     218775.000 ns	     21876	800045f0	00000013	addi	x0,x0,0	  x0:0x00000000
     218815.000 ns	     21880	800045f4	01b57d53	fadd.s	f26,f10,f27	 f10:0x0182db87 f27:0x00000001 f26=0x0182db87
     218845.000 ns	     21883	800045f8	e00e0dd3	fmv.x.w	x27,f28	 f28:0x7e34b4b6 x27=0x7e34b4b6
     218865.000 ns	     21885	800045fc	010d6533	or	x10,x26,x16	 x26:0x00000000 x16:0x00000582 x10=0x00000582
     218905.000 ns	     21889	80004600	006ef0d3	fadd.s	f1,f29,f6	 f29:0x4038bd74  f6:0x7e34b4b6  f1=0x7e34b4b6
     220085.000 ns	     22007	80004604	580088d3	fsqrt.s	f17,f1	  f1:0x0182db87 f17=0x5e7f8e46
     220135.000 ns	     22012	80004608	006b70d3	fadd.s	f1,f22,f6	 f22:0x00000001  f6:0x7e34b4b6  f1=0x7e34b4b6
     220165.000 ns	     22015	8000460c	d01e7a53	fcvt.s.wu	f20,x28	 x28:0x80040fe4 f20=0x4f00040f
     220195.000 ns	     22018	80004610	f0048953	fmv.w.x	f18,x9	  x9:0x0000068b f18=0x0000068b
     220235.000 ns	     22022	80004614	118bc3d3	fmul.s	f7,f23,f24	 f23:0x4f7ffffb f24:0x000001de  f7=0x096efffc
     220265.000 ns	     22025	80004618	d0158bd3	fcvt.s.wu	f23,x11	 x11:0xfffffa90 f23=0x4f7ffffb
     220285.000 ns	     22027	8000461c	57dcf313	andi	x6,x25,1405	 x25:0x00000000  x6=0x00000000
     220295.000 ns	     22028	80004620	00672633	slt	x12,x14,x6	 x14:0x71cf6000  x6:0x00000000 x12=0x00000000
     220315.000 ns	     22030	80004624	20000753	fsgnj.s	f14,f0,f0	  f0:0x4eef35ef  f0:0x4eef35ef f14=0x4eef35ef
     220345.000 ns	     22033	80004628	2146a053	fsgnjx.s	f0,f13,f20	 f13:0x00000000 f20:0x4f00040f  f0=0x00000000
     220375.000 ns	     22036	8000462c	d00e88d3	fcvt.s.w	f17,x29	 x29:0x3d5e01b3 f17=0x4e757806
     220395.000 ns	     22038	80004630	01454cb3	xor	x25,x10,x20	 x10:0x00000582 x20:0x7f841020 x25=0x7f8415a2
     220415.000 ns	     22040	80004634	03c8b5b3	mulhu	x11,x17,x28	 x17:0x00000000 x28:0x80040fe4 x11=0x00000000
     220455.000 ns	     22044	80004638	580104d3	fsqrt.s	f9,f2	  f2:0x00000000  f9=0x00000000
     220485.000 ns	     22047	8000463c	e0009cd3	fclass.s	x25,f1	  f1:0x7e34b4b6 x25=0x00000040
     220535.000 ns	     22052	80004640	01420153	fadd.s	f2,f4,f20	  f4:0x46a654d2 f20:0x4f00040f  f2=0x4f000462
     220565.000 ns	     22055	80004644	03d52033	mulhsu	x0,x10,x29	 x10:0x00000582 x29:0x3d5e01b3
     220585.000 ns	     22057	80004648	13758917	auipc	x18,0x13758	 x18=0x9375c648
     220605.000 ns	     22059	8000464c	03c70633	mul	x12,x14,x28	 x14:0x71cf6000 x28:0x80040fe4 x12=0x03518000
     220625.000 ns	     22061	80004650	41c580b3	sub	x1,x11,x28	 x11:0x00000000 x28:0x80040fe4  x1=0x7ffbf01c
     220645.000 ns	     22063	80004654	20b181d3	fsgnj.s	f3,f3,f11	  f3:0x00000001 f11:0xb72654d2  f3=0x80000001
     220675.000 ns	     22066	80004658	20a99b53	fsgnjn.s	f22,f19,f10	 f19:0x00000001 f10:0x0182db87 f22=0x80000001
     220695.000 ns	     22068	8000465c	0017b433	sltu	x8,x15,x1	 x15:0x00000000  x1:0x7ffbf01c  x8=0x00000001
     220735.000 ns	     22072	80004660	0026b953	fadd.s	f18,f13,f2	 f13:0x00000000  f2:0x4f000462 f18=0x4f000462
     220785.000 ns	     22077	80004664	0872a0d3	fsub.s	f1,f5,f7	  f5:0x00000000  f7:0x096efffc  f1=0x896efffc
     220815.000 ns	     22080	80004668	e0018753	fmv.x.w	x14,f3	  f3:0x80000001 x14=0x80000001
     220855.000 ns	     22084	8000466c	5801a1d3	fsqrt.s	f3,f3	  f3:0x80000001  f3=0x7fc00000
     220885.000 ns	     22087	80004670	c019f153	fcvt.wu.s	x2,f19	 f19:0x00000001  x2=0x00000000
     220915.000 ns	     22090	80004674	03839d33	mulh	x26,x7,x24	  x7:0x8e30a000 x24:0x80040f25 x26=0x38e5e206
     220935.000 ns	     22092	80004678	f7b37093	andi	x1,x6,-133	  x6:0x00000000  x1=0x00000000
     220945.000 ns	     22093	8000467c	5f32cb13	xori	x22,x5,1523	  x5:0x00000000 x22=0x000005f3
     220965.000 ns	     22095	80004680	02d08fb3	mul	x31,x1,x13	  x1:0x7ffbf01c x13:0x00000002 x31=0x00000000
     220995.000 ns	     22098	80004684	021d73b3	remu	x7,x26,x1	 x26:0x38e5e206  x1:0x00000000  x7=0x38e5e206
     221025.000 ns	     22101	80004688	e0078353	fmv.x.w	x6,f15	 f15:0x3bcdfcda  x6=0x3bcdfcda
     221055.000 ns	     22104	8000468c	28508853	fmin.s	f16,f1,f5	  f1:0x896efffc  f5:0x00000000 f16=0x896efffc
     221085.000 ns	     22107	80004690	211facd3	fsgnjx.s	f25,f31,f17	 f31:0x00000000 f17:0x4e757806 f25=0x00000000
     221105.000 ns	     22109	80004694	58ebba93	sltiu	x21,x23,1422	 x23:0x80000000 x21=0x00000000
     221125.000 ns	     22111	80004698	a0458153	fle.s	x2,f11,f4	 f11:0xb72654d2  f4:0x46a654d2  x2=0x00000001
     221145.000 ns	     22113	8000469c	26742e93	slti	x29,x8,615	  x8:0x00000001 x29=0x00000001
     221155.000 ns	     22114	800046a0	017ee533	or	x10,x29,x23	 x29:0x3d5e01b3 x23:0x80000000 x10=0x80000001
     221165.000 ns	     22115	800046a4	00d07733	and	x14,x0,x13	  x0:0x00000000 x13:0x00000002 x14=0x00000000
     221185.000 ns	     22117	800046a8	f00584d3	fmv.w.x	f9,x11	 x11:0x00000000  f9=0x00000000
     221215.000 ns	     22120	800046ac	02d103b3	mul	x7,x2,x13	  x2:0x00000001 x13:0x00000002  x7=0x00000002
     221235.000 ns	     22122	800046b0	c2f88597	auipc	x11,0xc2f88	 x11=0x42f8c6b0
     221255.000 ns	     22124	800046b4	d00223d3	fcvt.s.w	f7,x4	  x4:0x00000000  f7=0x00000000
     221285.000 ns	     22127	800046b8	c01086d3	fcvt.wu.s	x13,f1	  f1:0x896efffc x13=0x00000000
     221305.000 ns	     22129	800046bc	299e6c13	ori	x24,x28,665	 x28:0x80040fe4 x24=0x80040ffd
     221325.000 ns	     22131	800046c0	f0078e53	fmv.w.x	f28,x15	 x15:0x00000000 f28=0x00000000
     221695.000 ns	     22168	800046c4	02257d33	remu	x26,x10,x2	 x10:0x80000001  x2:0x00000001 x26=0x00000000
     221725.000 ns	     22171	800046c8	021ac833	div	x16,x21,x1	 x21:0x00000000  x1:0x00000000 x16=0xffffffff
     221755.000 ns	     22174	800046cc	c0060b53	fcvt.w.s	x22,f12	 f12:0x7e34b4b6 x22=0x7fffffff
     221785.000 ns	     22177	800046d0	d0077553	fcvt.s.w	f10,x14	 x14:0x00000000 f10=0x00000000
     221805.000 ns	     22179	800046d4	f9b1f713	andi	x14,x3,-101	  x3:0x00000000 x14=0x00000000
     221815.000 ns	     22180	800046d8	b7079197	auipc	x3,0xb7079	  x3=0x3707d6d8
     221825.000 ns	     22181	800046dc	0041a0b3	slt	x1,x3,x4	  x3:0x00000000  x4:0x00000000  x1=0x00000000
     222185.000 ns	     22217	800046e0	02626db3	rem	x27,x4,x6	  x4:0x00000000  x6:0x3bcdfcda x27=0x00000000
     222205.000 ns	     22219	800046e4	003b1c13	slli	x24,x22,0x3	 x22:0x7fffffff x24=0xfffffff8
     222245.000 ns	     22223	800046e8	0022f953	fadd.s	f18,f5,f2	  f5:0x00000000  f2:0x4f000462 f18=0x4f000462
     222275.000 ns	     22226	800046ec	21b9a7d3	fsgnjx.s	f15,f19,f27	 f19:0x00000001 f27:0x00000001 f15=0x00000001
     222295.000 ns	     22228	800046f0	40f4d433	sra	x8,x9,x15	  x9:0x0000068b x15:0x00000000  x8=0x0000068b
     222305.000 ns	     22229	800046f4	001415b3	sll	x11,x8,x1	  x8:0x00000001  x1:0x00000000 x11=0x0000068b
     222325.000 ns	     22231	800046f8	029822b3	mulhsu	x5,x16,x9	 x16:0xffffffff  x9:0x0000068b  x5=0xffffffff
     222345.000 ns	     22233	800046fc	41cad233	sra	x4,x21,x28	 x21:0x00000000 x28:0x80040fe4  x4=0x00000000
     222355.000 ns	     22234	80004700	002324b3	slt	x9,x6,x2	  x6:0x3bcdfcda  x2:0x00000001  x9=0x00000000
     222375.000 ns	     22236	80004704	c0122b53	fcvt.wu.s	x22,f4	  f4:0x46a654d2 x22=0x0000532b
     222405.000 ns	     22239	80004708	a0a69753	flt.s	x14,f13,f10	 f13:0x00000000 f10:0x00000000 x14=0x00000000
     222775.000 ns	     22276	8000470c	0262d1b3	divu	x3,x5,x6	  x5:0xffffffff  x6:0x3bcdfcda  x3=0x00000004
     222795.000 ns	     22278	80004710	71c24113	xori	x2,x4,1820	  x4:0x00000000  x2=0x0000071c
     222805.000 ns	     22279	80004714	6e135237	lui	x4,0x6e135	  x4=0x6e135000
     223135.000 ns	     22312	80004718	19baf153	fdiv.s	f2,f21,f27	 f21:0xc5391006 f27:0x00000001  f2=0xff800000
     223155.000 ns	     22314	8000471c	00fb5933	srl	x18,x22,x15	 x22:0x0000532b x15:0x00000000 x18=0x0000532b
     223165.000 ns	     22315	80004720	00cd7033	and	x0,x26,x12	 x26:0x00000000 x12:0x03518000
     223525.000 ns	     22351	80004724	032bc6b3	div	x13,x23,x18	 x23:0x80000000 x18:0x9375c648 x13=0xfffe7601
     223555.000 ns	     22354	80004728	d015f1d3	fcvt.s.wu	f3,x11	 x11:0x0000068b  f3=0x44d16000
     223575.000 ns	     22356	8000472c	007a00b3	add	x1,x20,x7	 x20:0x7f841020  x7:0x00000002  x1=0x7f841022
     223585.000 ns	     22357	80004730	c2c16813	ori	x16,x2,-980	  x2:0x0000071c x16=0xffffff3c
     223605.000 ns	     22359	80004734	03c1beb3	mulhu	x29,x3,x28	  x3:0x00000004 x28:0x80040fe4 x29=0x00000002
     223625.000 ns	     22361	80004738	40a6d113	srai	x2,x13,0xa	 x13:0xfffe7601  x2=0xffffff9d
     223635.000 ns	     22362	8000473c	402a5a93	srai	x21,x20,0x2	 x20:0x7f841020 x21=0x1fe10408
     223645.000 ns	     22363	80004740	01681b33	sll	x22,x16,x22	 x16:0xffffff3c x22:0x0000532b x22=0xfff9e000
     223655.000 ns	     22364	80004744	64803893	sltiu	x17,x0,1608	  x0:0x00000000 x17=0x00000001
     223675.000 ns	     22366	80004748	d013ae53	fcvt.s.wu	f28,x7	  x7:0x00000002 f28=0x40000000
     223705.000 ns	     22369	8000474c	28a58e53	fmin.s	f28,f11,f10	 f11:0xb72654d2 f10:0x00000000 f28=0xb72654d2
     223725.000 ns	     22371	80004750	017c8733	add	x14,x25,x23	 x25:0x00000040 x23:0x80000000 x14=0x80000040
     223745.000 ns	     22373	80004754	a0a08353	fle.s	x6,f1,f10	  f1:0x896efffc f10:0x00000000  x6=0x00000001
     223785.000 ns	     22377	80004758	10fa17d3	fmul.s	f15,f20,f15	 f20:0x4f00040f f15:0x00000001 f15=0x0480040f
     223815.000 ns	     22380	8000475c	e00e05d3	fmv.x.w	x11,f28	 f28:0xb72654d2 x11=0xb72654d2
     223845.000 ns	     22383	80004760	d0057953	fcvt.s.w	f18,x10	 x10:0x80000001 f18=0xceffffff
     223875.000 ns	     22386	80004764	207c0553	fsgnj.s	f10,f24,f7	 f24:0x000001de  f7:0x00000000 f10=0x000001de
     223895.000 ns	     22388	80004768	01e80933	add	x18,x16,x30	 x16:0xffffff3c x30:0x00000000 x18=0xffffff3c
     223915.000 ns	     22390	8000476c	29b10653	fmin.s	f12,f2,f27	  f2:0xff800000 f27:0x00000001 f12=0xff800000
     223965.000 ns	     22395	80004770	01927853	fadd.s	f16,f4,f25	  f4:0x46a654d2 f25:0x00000000 f16=0x46a654d2
     223985.000 ns	     22397	80004774	0063a633	slt	x12,x7,x6	  x7:0x00000002  x6:0x00000001 x12=0x00000000
     224005.000 ns	     22399	80004778	a1752a53	feq.s	x20,f10,f23	 f10:0x000001de f23:0x4f7ffffb x20=0x00000000
     224025.000 ns	     22401	8000477c	7792f013	andi	x0,x5,1913	  x5:0xffffffff
     224045.000 ns	     22403	80004780	036b1ab3	mulh	x21,x22,x22	 x22:0xfff9e000 x22:0xfff9e000 x21=0x00000025
     224065.000 ns	     22405	80004784	00000013	addi	x0,x0,0	  x0:0x00000000
     224425.000 ns	     22441	80004788	02315c33	divu	x24,x2,x3	  x2:0xffffff9d  x3:0x00000004 x24=0x3fffffe7
     224455.000 ns	     22444	8000478c	20ca0153	fsgnj.s	f2,f20,f12	 f20:0x4f00040f f12:0xff800000  f2=0xcf00040f
     224475.000 ns	     22446	80004790	f594fa93	andi	x21,x9,-167	  x9:0x00000000 x21=0x00000000
     224485.000 ns	     22447	80004794	f548ed93	ori	x27,x17,-172	 x17:0x00000001 x27=0xffffff55
     224505.000 ns	     22449	80004798	a1e68a53	fle.s	x20,f13,f30	 f13:0x00000000 f30:0x7e34b4b6 x20=0x00000001
     224555.000 ns	     22454	8000479c	01ae74d3	fadd.s	f9,f28,f26	 f28:0xb72654d2 f26:0x0182db87  f9=0xb72654d2
     224575.000 ns	     22456	800047a0	006cb233	sltu	x4,x25,x6	 x25:0x00000040  x6:0x00000001  x4=0x00000000
     224595.000 ns	     22458	800047a4	023206b3	mul	x13,x4,x3	  x4:0x6e135000  x3:0x00000004 x13=0x00000000
     224615.000 ns	     22460	800047a8	bae87097	auipc	x1,0xbae87	  x1=0x3ae8b7a8
     224975.000 ns	     22496	800047ac	03be55b3	divu	x11,x28,x27	 x28:0x80040fe4 x27:0xffffff55 x11=0x00000000
     225005.000 ns	     22499	800047b0	d01507d3	fcvt.s.wu	f15,x10	 x10:0x80000001 f15=0x4f000000
     225035.000 ns	     22502	800047b4	21b19653	fsgnjn.s	f12,f3,f27	  f3:0x44d16000 f27:0x00000001 f12=0xc4d16000
     225055.000 ns	     22504	800047b8	00000013	addi	x0,x0,0	  x0:0x00000000
     225065.000 ns	     22505	800047bc	0114cfb3	xor	x31,x9,x17	  x9:0x00000000 x17:0x00000001 x31=0x00000001
     225085.000 ns	     22507	800047c0	290c1b53	fmax.s	f22,f24,f16	 f24:0x000001de f16:0x46a654d2 f22=0x46a654d2
     225105.000 ns	     22509	800047c4	03f66837	lui	x16,0x3f66	 x16=0x03f66000
     225115.000 ns	     22510	800047c8	4c876093	ori	x1,x14,1224	 x14:0x80000040  x1=0x800004c8
     225135.000 ns	     22512	800047cc	20589fd3	fsgnjn.s	f31,f17,f5	 f17:0x4e757806  f5:0x00000000 f31=0xce757806
     225155.000 ns	     22514	800047d0	00069c93	slli	x25,x13,0x0	 x13:0x00000000 x25=0x00000000
     225515.000 ns	     22550	800047d4	03b7fc33	remu	x24,x15,x27	 x15:0x00000000 x27:0xffffff55 x24=0x00000000
     225535.000 ns	     22552	800047d8	1256e713	ori	x14,x13,293	 x13:0x00000000 x14=0x00000125
     225575.000 ns	     22556	800047dc	00498053	fadd.s	f0,f19,f4	 f19:0x00000001  f4:0x46a654d2  f0=0x46a654d2
     225915.000 ns	     22590	800047e0	192ef5d3	fdiv.s	f11,f29,f18	 f29:0x4038bd74 f18:0xceffffff f11=0xb0b8bd74
     225955.000 ns	     22594	800047e4	1169ccd3	fmul.s	f25,f19,f22	 f19:0x00000001 f22:0x46a654d2 f25=0x0000532b
     225975.000 ns	     22596	800047e8	bc6b04b7	lui	x9,0xbc6b0	  x9=0xbc6b0000
     225995.000 ns	     22598	800047ec	21488653	fsgnj.s	f12,f17,f20	 f17:0x4e757806 f20:0x4f00040f f12=0x4e757806
     226015.000 ns	     22600	800047f0	006ff2b3	and	x5,x31,x6	 x31:0x00000001  x6:0x00000001  x5=0x00000001
     226025.000 ns	     22601	800047f4	49c6a913	slti	x18,x13,1180	 x13:0x00000000 x18=0x00000001
     226035.000 ns	     22602	800047f8	00185b13	srli	x22,x16,0x1	 x16:0x03f66000 x22=0x01fb3000
     226055.000 ns	     22604	800047fc	20ec15d3	fsgnjn.s	f11,f24,f14	 f24:0x000001de f14:0x4eef35ef f11=0x800001de
     226075.000 ns	     22606	80004800	00a59a13	slli	x20,x11,0xa	 x11:0x00000000 x20=0x00000000
     226095.000 ns	     22608	80004804	03aae233	rem	x4,x21,x26	 x21:0x00000000 x26:0x00000000  x4=0x00000000
     226465.000 ns	     22645	80004808	0253e6b3	rem	x13,x7,x5	  x7:0x00000002  x5:0x00000001 x13=0x00000000
     226485.000 ns	     22647	8000480c	03d1ed13	ori	x26,x3,61	  x3:0x00000004 x26=0x0000003d
     226495.000 ns	     22648	80004810	41f7d933	sra	x18,x15,x31	 x15:0x00000000 x31:0x00000001 x18=0x00000000
     226515.000 ns	     22650	80004814	03649f33	mulh	x30,x9,x22	  x9:0xbc6b0000 x22:0x01fb3000 x30=0xff7a1b3d
     226545.000 ns	     22653	80004818	293b8653	fmin.s	f12,f23,f19	 f23:0x4f7ffffb f19:0x00000001 f12=0x00000001
     226575.000 ns	     22656	8000481c	e00f0b53	fmv.x.w	x22,f30	 f30:0x7e34b4b6 x22=0x7e34b4b6
     226605.000 ns	     22659	80004820	e00d13d3	fclass.s	x7,f26	 f26:0x0182db87  x7=0x00000040
     226625.000 ns	     22661	80004824	5c8bcd97	auipc	x27,0x5c8bc	 x27=0xdc8c0824
     226635.000 ns	     22662	80004828	00000013	addi	x0,x0,0	  x0:0x00000000
     226655.000 ns	     22664	8000482c	21f390d3	fsgnjn.s	f1,f7,f31	  f7:0x00000000 f31:0xce757806  f1=0x00000000
     226675.000 ns	     22666	80004830	bffcd337	lui	x6,0xbffcd	  x6=0xbffcd000
     226685.000 ns	     22667	80004834	09637c93	andi	x25,x6,150	  x6:0x00000001 x25=0x00000000
     226705.000 ns	     22669	80004838	029390b3	mulh	x1,x7,x9	  x7:0x00000040  x9:0xbc6b0000  x1=0xffffffef
     226735.000 ns	     22672	8000483c	a0a828d3	feq.s	x17,f16,f10	 f16:0x46a654d2 f10:0x000001de x17=0x00000000
     226755.000 ns	     22674	80004840	34233893	sltiu	x17,x6,834	  x6:0xbffcd000 x17=0x00000000
     226765.000 ns	     22675	80004844	a18e3413	sltiu	x8,x28,-1512	 x28:0x80040fe4  x8=0x00000001
     227125.000 ns	     22711	80004848	0369e233	rem	x4,x19,x22	 x19:0x80041024 x22:0x7e34b4b6  x4=0xfe38c4da
     227145.000 ns	     22713	8000484c	f97aac93	slti	x25,x21,-105	 x21:0x00000000 x25=0x00000000
     227155.000 ns	     22714	80004850	a90a8d93	addi	x27,x21,-1392	 x21:0x00000000 x27=0xfffffa90
     227515.000 ns	     22750	80004854	027de233	rem	x4,x27,x7	 x27:0xdc8c0824  x7:0x00000040  x4=0xffffffd0
     227545.000 ns	     22753	80004858	d01d21d3	fcvt.s.wu	f3,x26	 x26:0x0000003d  f3=0x42740000
     227575.000 ns	     22756	8000485c	02feb533	mulhu	x10,x29,x15	 x29:0x00000002 x15:0x00000000 x10=0x00000000
     227595.000 ns	     22758	80004860	017d5d13	srli	x26,x26,0x17	 x26:0x0000003d x26=0x00000000
     227615.000 ns	     22760	80004864	03442db3	mulhsu	x27,x8,x20	  x8:0x00000001 x20:0x00000000 x27=0x00000000
     227645.000 ns	     22763	80004868	d0014353	fcvt.s.w	f6,x2	  x2:0xffffff9d  f6=0xc2c60000
     227665.000 ns	     22765	8000486c	afaeb393	sltiu	x7,x29,-1286	 x29:0x00000002  x7=0x00000001
     227675.000 ns	     22766	80004870	0150bf33	sltu	x30,x1,x21	  x1:0xffffffef x21:0x00000000 x30=0x00000000
     227695.000 ns	     22768	80004874	e00e9a53	fclass.s	x20,f29	 f29:0x4038bd74 x20=0x00000040
     227715.000 ns	     22770	80004878	41200cb3	sub	x25,x0,x18	  x0:0x00000000 x18:0x00000000 x25=0x00000000
     227725.000 ns	     22771	8000487c	00026533	or	x10,x4,x0	  x4:0xffffffd0  x0:0x00000000 x10=0xffffffd0
     227735.000 ns	     22772	80004880	01e12633	slt	x12,x2,x30	  x2:0xffffff9d x30:0x00000000 x12=0x00000001
     227745.000 ns	     22773	80004884	00ff9a93	slli	x21,x31,0xf	 x31:0x00000001 x21=0x00008000
     227765.000 ns	     22775	80004888	e0070a53	fmv.x.w	x20,f14	 f14:0x4eef35ef x20=0x4eef35ef
     227785.000 ns	     22777	8000488c	01233033	sltu	x0,x6,x18	  x6:0xbffcd000 x18:0x00000000
     227805.000 ns	     22779	80004890	a0f58fd3	fle.s	x31,f11,f15	 f11:0x800001de f15:0x4f000000 x31=0x00000001
     227825.000 ns	     22781	80004894	5b42ed17	auipc	x26,0x5b42e	 x26=0xdb432894
     227835.000 ns	     22782	80004898	0111a133	slt	x2,x3,x17	  x3:0x00000004 x17:0x00000000  x2=0x00000000
     227845.000 ns	     22783	8000489c	01b7d113	srli	x2,x15,0x1b	 x15:0x00000000  x2=0x00000000
     227855.000 ns	     22784	800048a0	01579193	slli	x3,x15,0x15	 x15:0x00000000  x3=0x00000000
     227875.000 ns	     22786	800048a4	c012a8d3	fcvt.wu.s	x17,f5	  f5:0x00000000 x17=0x00000000
     227895.000 ns	     22788	800048a8	01ea1213	slli	x4,x20,0x1e	 x20:0x4eef35ef  x4=0xc0000000
     227905.000 ns	     22789	800048ac	005c9693	slli	x13,x25,0x5	 x25:0x00000000 x13=0x00000000
     227915.000 ns	     22790	800048b0	412f07b3	sub	x15,x30,x18	 x30:0x00000000 x18:0x00000000 x15=0x00000000
     227925.000 ns	     22791	800048b4	00e5cdb3	xor	x27,x11,x14	 x11:0x00000000 x14:0x00000125 x27=0x00000125
     227935.000 ns	     22792	800048b8	e9045b17	auipc	x22,0xe9045	 x22=0x690498b8
     227945.000 ns	     22793	800048bc	014e5613	srli	x12,x28,0x14	 x28:0x80040fe4 x12=0x00000800
     227965.000 ns	     22795	800048c0	c004a8d3	fcvt.w.s	x17,f9	  f9:0xb72654d2 x17=0xffffffff
     227985.000 ns	     22797	800048c4	90c373b7	lui	x7,0x90c37	  x7=0x90c37000
     227995.000 ns	     22798	800048c8	40890ab3	sub	x21,x18,x8	 x18:0x00000000  x8:0x00000001 x21=0xffffffff
     228005.000 ns	     22799	800048cc	010b40b3	xor	x1,x22,x16	 x22:0x690498b8 x16:0x03f66000  x1=0x6af2f8b8
     228015.000 ns	     22800	800048d0	01f85fb3	srl	x31,x16,x31	 x16:0x03f66000 x31:0x00000001 x31=0x01fb3000
     228345.000 ns	     22833	800048d4	19162d53	fdiv.s	f26,f12,f17	 f12:0x00000001 f17:0x4e757806 f26=0x00000000
     228365.000 ns	     22835	800048d8	01280333	add	x6,x16,x18	 x16:0x03f66000 x18:0x00000000  x6=0x03f66000
     228375.000 ns	     22836	800048dc	40880333	sub	x6,x16,x8	 x16:0x03f66000  x8:0x00000001  x6=0x03f65fff
     228395.000 ns	     22838	800048e0	03fabdb3	mulhu	x27,x21,x31	 x21:0xffffffff x31:0x01fb3000 x27=0x01fb2fff
     228425.000 ns	     22841	800048e4	d0101b53	fcvt.s.wu	f22,x0	  x0:0x00000000 f22=0x00000000
     228455.000 ns	     22844	800048e8	d01bf7d3	fcvt.s.wu	f15,x23	 x23:0x80000000 f15=0x4f000000
     228495.000 ns	     22848	800048ec	10d97053	fmul.s	f0,f18,f13	 f18:0xceffffff f13:0x00000000  f0=0x80000000
     228515.000 ns	     22850	800048f0	015f5433	srl	x8,x30,x21	 x30:0x00000000 x21:0xffffffff  x8=0x00000000
     228525.000 ns	     22851	800048f4	01c87033	and	x0,x16,x28	 x16:0x03f66000 x28:0x80040fe4
     228565.000 ns	     22855	800048f8	0063cad3	fadd.s	f21,f7,f6	  f7:0x00000000  f6:0xc2c60000 f21=0xc2c60000
     228585.000 ns	     22857	800048fc	b05d5db7	lui	x27,0xb05d5	 x27=0xb05d5000
     228605.000 ns	     22859	80004900	216ca853	fsgnjx.s	f16,f25,f22	 f25:0x0000532b f22:0x00000000 f16=0x0000532b
     228635.000 ns	     22862	80004904	28511653	fmax.s	f12,f2,f5	  f2:0xcf00040f  f5:0x00000000 f12=0x00000000
     229005.000 ns	     22899	80004908	030f5533	divu	x10,x30,x16	 x30:0x00000000 x16:0x03f66000 x10=0x00000000
     229055.000 ns	     22904	8000490c	00e735d3	fadd.s	f11,f14,f14	 f14:0x4eef35ef f14:0x4eef35ef f11=0x4f6f35ef
     229075.000 ns	     22906	80004910	e640e613	ori	x12,x1,-412	  x1:0x6af2f8b8 x12=0xfffffefc
     229095.000 ns	     22908	80004914	a1ce01d3	fle.s	x3,f28,f28	 f28:0xb72654d2 f28:0xb72654d2  x3=0x00000001
     229115.000 ns	     22910	80004918	018a1b33	sll	x22,x20,x24	 x20:0x4eef35ef x24:0x00000000 x22=0x4eef35ef
     229135.000 ns	     22912	8000491c	a1629053	flt.s	x0,f5,f22	  f5:0x00000000 f22:0x00000000
     229165.000 ns	     22915	80004920	f00d8c53	fmv.w.x	f24,x27	 x27:0xb05d5000 f24=0xb05d5000
     229195.000 ns	     22918	80004924	e0091453	fclass.s	x8,f18	 f18:0xceffffff  x8=0x00000002
     229225.000 ns	     22921	80004928	a0e71953	flt.s	x18,f14,f14	 f14:0x4eef35ef f14:0x4eef35ef x18=0x00000000
     229245.000 ns	     22923	8000492c	2e6bfc13	andi	x24,x23,742	 x23:0x80000000 x24=0x00000000
     229275.000 ns	     22926	80004930	5800cb53	fsqrt.s	f22,f1	  f1:0x00000000 f22=0x00000000
     229645.000 ns	     22963	80004934	0251dfb3	divu	x31,x3,x5	  x3:0x00000001  x5:0x00000001 x31=0x00000001
     229665.000 ns	     22965	80004938	cfbd8f93	addi	x31,x27,-773	 x27:0xb05d5000 x31=0xb05d4cfb
     229675.000 ns	     22966	8000493c	fad82b13	slti	x22,x16,-83	 x16:0x03f66000 x22=0x00000000
     229685.000 ns	     22967	80004940	d6bac093	xori	x1,x21,-661	 x21:0xffffffff  x1=0x00000294
     229695.000 ns	     22968	80004944	401e0a33	sub	x20,x28,x1	 x28:0x80040fe4  x1:0x6af2f8b8 x20=0x80040d50
     229705.000 ns	     22969	80004948	e1c1dd17	auipc	x26,0xe1c1d	 x26=0x61c21948
     229715.000 ns	     22970	8000494c	01c41a33	sll	x20,x8,x28	  x8:0x00000002 x28:0x80040fe4 x20=0x00000020
     229725.000 ns	     22971	80004950	afda0797	auipc	x15,0xafda0	 x15=0x2fda4950
     229745.000 ns	     22973	80004954	a09c80d3	fle.s	x1,f25,f9	 f25:0x0000532b  f9:0xb72654d2  x1=0x00000000
     229765.000 ns	     22975	80004958	0016e233	or	x4,x13,x1	 x13:0x00000000  x1:0x00000294  x4=0x00000000
     229785.000 ns	     22977	8000495c	28a984d3	fmin.s	f9,f19,f10	 f19:0x00000001 f10:0x000001de  f9=0x00000001
     229815.000 ns	     22980	80004960	c00d77d3	fcvt.w.s	x15,f26	 f26:0x00000000 x15=0x00000000
     229845.000 ns	     22983	80004964	e0060ad3	fmv.x.w	x21,f12	 f12:0x00000000 x21=0x00000000
     229875.000 ns	     22986	80004968	201b1053	fsgnjn.s	f0,f22,f1	 f22:0x00000000  f1:0x00000000  f0=0x80000000
     229905.000 ns	     22989	8000496c	c0017153	fcvt.w.s	x2,f2	  f2:0xcf00040f  x2=0x80000000
     229945.000 ns	     22993	80004970	5800fa53	fsqrt.s	f20,f1	  f1:0x00000000 f20=0x00000000
     229975.000 ns	     22996	80004974	a0401cd3	flt.s	x25,f0,f4	  f0:0x80000000  f4:0x46a654d2 x25=0x00000001
     230005.000 ns	     22999	80004978	0351e033	rem	x0,x3,x21	  x3:0x00000001 x21:0x00000000
     230025.000 ns	     23001	8000497c	00000013	addi	x0,x0,0	  x0:0x00000000
     230035.000 ns	     23002	80004980	25c5c197	auipc	x3,0x25c5c	  x3=0xa5c60980
     230055.000 ns	     23004	80004984	290c0ad3	fmin.s	f21,f24,f16	 f24:0xb05d5000 f16:0x0000532b f21=0xb05d5000
     230095.000 ns	     23008	80004988	119604d3	fmul.s	f9,f12,f25	 f12:0x00000000 f25:0x0000532b  f9=0x00000000
     230115.000 ns	     23010	8000498c	00000013	addi	x0,x0,0	  x0:0x00000000
     230125.000 ns	     23011	80004990	413a5013	srai	x0,x20,0x13	 x20:0x00000020
     230145.000 ns	     23013	80004994	d01471d3	fcvt.s.wu	f3,x8	  x8:0x00000002  f3=0x40000000
     230165.000 ns	     23015	80004998	00000013	addi	x0,x0,0	  x0:0x00000000
     230185.000 ns	     23017	8000499c	217f9bd3	fsgnjn.s	f23,f31,f23	 f31:0xce757806 f23:0x4f7ffffb f23=0xce757806
     230205.000 ns	     23019	800049a0	41dfff13	andi	x30,x31,1053	 x31:0xb05d4cfb x30=0x00000419
     230215.000 ns	     23020	800049a4	011662b3	or	x5,x12,x17	 x12:0xfffffefc x17:0xffffffff  x5=0xffffffff
     230225.000 ns	     23021	800049a8	fc82f613	andi	x12,x5,-56	  x5:0x00000001 x12=0xffffffc8
     231085.000 ns	     23107	800049ac	58084753	fsqrt.s	f14,f16	 f16:0x0000532b f14=0x1f357a1e
     231115.000 ns	     23110	800049b0	a046a7d3	feq.s	x15,f13,f4	 f13:0x00000000  f4:0x46a654d2 x15=0x00000000
     231145.000 ns	     23113	800049b4	c010a4d3	fcvt.wu.s	x9,f1	  f1:0x00000000  x9=0x00000000
     231175.000 ns	     23116	800049b8	03b59ab3	mulh	x21,x11,x27	 x11:0x00000000 x27:0xb05d5000 x21=0x00000000
     231195.000 ns	     23118	800049bc	ef780413	addi	x8,x16,-265	 x16:0x03f66000  x8=0x03f65ef7
     231215.000 ns	     23120	800049c0	f00609d3	fmv.w.x	f19,x12	 x12:0xffffffc8 f19=0xffffffc8
     231235.000 ns	     23122	800049c4	0168c933	xor	x18,x17,x22	 x17:0xffffffff x22:0x00000000 x18=0xffffffff
     231595.000 ns	     23158	800049c8	03ff7c33	remu	x24,x30,x31	 x30:0x00000419 x31:0xb05d4cfb x24=0x00000419
     231615.000 ns	     23160	800049cc	01aed633	srl	x12,x29,x26	 x29:0x00000002 x26:0x61c21948 x12=0x00000000
     231625.000 ns	     23161	800049d0	17074d13	xori	x26,x14,368	 x14:0x00000125 x26=0x00000055
     231645.000 ns	     23163	800049d4	c0189953	fcvt.wu.s	x18,f17	 f17:0x4e757806 x18=0x3d5e0180
     231665.000 ns	     23165	800049d8	01c6feb3	and	x29,x13,x28	 x13:0x00000000 x28:0x80040fe4 x29=0x00000000
     231685.000 ns	     23167	800049dc	e00f95d3	fclass.s	x11,f31	 f31:0xce757806 x11=0x00000002
     231715.000 ns	     23170	800049e0	20509353	fsgnjn.s	f6,f1,f5	  f1:0x00000000  f5:0x00000000  f6=0x80000000
     231745.000 ns	     23173	800049e4	03200433	mul	x8,x0,x18	  x0:0x00000000 x18:0x3d5e0180  x8=0x00000000
     231785.000 ns	     23177	800049e8	1945f9d3	fdiv.s	f19,f11,f20	 f11:0x4f6f35ef f20:0x00000000 f19=0x7f800000
     231805.000 ns	     23179	800049ec	0124e6b3	or	x13,x9,x18	  x9:0x00000000 x18:0x3d5e0180 x13=0x3d5e0180
     231815.000 ns	     23180	800049f0	0111ff33	and	x30,x3,x17	  x3:0xa5c60980 x17:0xffffffff x30=0xa5c60980
     231825.000 ns	     23181	800049f4	01ef1493	slli	x9,x30,0x1e	 x30:0x00000419  x9=0x00000000
     231835.000 ns	     23182	800049f8	40eb52b3	sra	x5,x22,x14	 x22:0x00000000 x14:0x00000125  x5=0x00000000
     231845.000 ns	     23183	800049fc	01245c33	srl	x24,x8,x18	  x8:0x00000000 x18:0x3d5e0180 x24=0x00000000
     231855.000 ns	     23184	80004a00	001e41b3	xor	x3,x28,x1	 x28:0x80040fe4  x1:0x00000000  x3=0x80040fe4
     231865.000 ns	     23185	80004a04	400053b3	sra	x7,x0,x0	  x0:0x00000000  x0:0x00000000  x7=0x00000000
     231875.000 ns	     23186	80004a08	2b330d93	addi	x27,x6,691	  x6:0x03f65fff x27=0x03f662b2
     231885.000 ns	     23187	80004a0c	0140c233	xor	x4,x1,x20	  x1:0x00000000 x20:0x00000020  x4=0x00000020
     231895.000 ns	     23188	80004a10	00000013	addi	x0,x0,0	  x0:0x00000000
     231905.000 ns	     23189	80004a14	00d8dfb3	srl	x31,x17,x13	 x17:0xffffffff x13:0x3d5e0180 x31=0xffffffff
     231915.000 ns	     23190	80004a18	413e52b3	sra	x5,x28,x19	 x28:0x80040fe4 x19:0x80041024  x5=0xf80040fe
     231935.000 ns	     23192	80004a1c	03f03ab3	mulhu	x21,x0,x31	  x0:0x00000000 x31:0xb05d4cfb x21=0x00000000
     231985.000 ns	     23197	80004a20	09ceab53	fsub.s	f22,f29,f28	 f29:0x4038bd74 f28:0xb72654d2 f22=0x4038bd9d
     232005.000 ns	     23199	80004a24	00000013	addi	x0,x0,0	  x0:0x00000000
     232045.000 ns	     23203	80004a28	08d9fd53	fsub.s	f26,f19,f13	 f19:0x7f800000 f13:0x00000000 f26=0x7f800000
     232085.000 ns	     23207	80004a2c	1085a153	fmul.s	f2,f11,f8	 f11:0x4f6f35ef  f8:0x80000000  f2=0x80000000
     232105.000 ns	     23209	80004a30	7d208c97	auipc	x25,0x7d208	 x25=0xfd20ca30
     233275.000 ns	     23326	80004a34	580dfe53	fsqrt.s	f28,f27	 f27:0x00000001 f28=0x1f350483
     233315.000 ns	     23330	80004a38	580d78d3	fsqrt.s	f17,f26	 f26:0x7f800000 f17=0x7f800000
     233335.000 ns	     23332	80004a3c	00731213	slli	x4,x6,0x7	  x6:0x03f65fff  x4=0xfb2fff80
     233355.000 ns	     23334	80004a40	03650633	mul	x12,x10,x22	 x10:0x00000000 x22:0x00000000 x12=0x00000000
     233395.000 ns	     23338	80004a44	107df6d3	fmul.s	f13,f27,f7	 f27:0x00000001  f7:0x00000000 f13=0x00000000
     233415.000 ns	     23340	80004a48	00f0a6b3	slt	x13,x1,x15	  x1:0x00000000 x15:0x00000000 x13=0x00000000
     233425.000 ns	     23341	80004a4c	8cf2bb13	sltiu	x22,x5,-1841	  x5:0xf80040fe x22=0x00000001
     233435.000 ns	     23342	80004a50	fa293893	sltiu	x17,x18,-94	 x18:0x3d5e0180 x17=0x00000001
     233445.000 ns	     23343	80004a54	40a082b3	sub	x5,x1,x10	  x1:0x00000000 x10:0x00000000  x5=0x00000000
     233455.000 ns	     23344	80004a58	01b29a13	slli	x20,x5,0x1b	  x5:0xf80040fe x20=0x00000000
     233475.000 ns	     23346	80004a5c	027034b3	mulhu	x9,x0,x7	  x0:0x00000000  x7:0x00000000  x9=0x00000000
     233845.000 ns	     23383	80004a60	02ecf533	remu	x10,x25,x14	 x25:0xfd20ca30 x14:0x00000125 x10=0x0000004b
     233875.000 ns	     23386	80004a64	28398453	fmin.s	f8,f19,f3	 f19:0x7f800000  f3:0x40000000  f8=0x40000000
     233895.000 ns	     23388	80004a68	6537fe93	andi	x29,x15,1619	 x15:0x00000000 x29=0x00000000
     233905.000 ns	     23389	80004a6c	41a60133	sub	x2,x12,x26	 x12:0x00000000 x26:0x00000055  x2=0xffffffab
     233925.000 ns	     23391	80004a70	03d4e2b3	rem	x5,x9,x29	  x9:0x00000000 x29:0x00000000  x5=0x00000000
     233955.000 ns	     23394	80004a74	28a31453	fmax.s	f8,f6,f10	  f6:0x80000000 f10:0x000001de  f8=0x000001de
     233995.000 ns	     23398	80004a78	112ff7d3	fmul.s	f15,f31,f18	 f31:0xce757806 f18:0xceffffff f15=0x5df57805
     234015.000 ns	     23400	80004a7c	edbc3693	sltiu	x13,x24,-293	 x24:0x00000000 x13=0x00000001
     234025.000 ns	     23401	80004a80	006e6733	or	x14,x28,x6	 x28:0x80040fe4  x6:0x03f65fff x14=0x83f65fff
     234045.000 ns	     23403	80004a84	03d16f33	rem	x30,x2,x29	  x2:0xffffffab x29:0x00000000 x30=0xffffffab
     234075.000 ns	     23406	80004a88	e0070153	fmv.x.w	x2,f14	 f14:0x1f357a1e  x2=0x1f357a1e
     234095.000 ns	     23408	80004a8c	ce0dcf93	xori	x31,x27,-800	 x27:0x03f662b2 x31=0xfc099e52
     234115.000 ns	     23410	80004a90	a1aba653	feq.s	x12,f23,f26	 f23:0xce757806 f26:0x7f800000 x12=0x00000000
     234135.000 ns	     23412	80004a94	714c6f13	ori	x30,x24,1812	 x24:0x00000000 x30=0x00000714
     234155.000 ns	     23414	80004a98	21b21bd3	fsgnjn.s	f23,f4,f27	  f4:0x46a654d2 f27:0x00000001 f23=0xc6a654d2
     234205.000 ns	     23419	80004a9c	00fe01d3	fadd.s	f3,f28,f15	 f28:0x1f350483 f15:0x5df57805  f3=0x5df57805
     234225.000 ns	     23421	80004aa0	f1fc3493	sltiu	x9,x24,-225	 x24:0x00000000  x9=0x00000001
     234245.000 ns	     23423	80004aa4	217e0f53	fsgnj.s	f30,f28,f23	 f28:0x1f350483 f23:0xc6a654d2 f30=0x9f350483
     234285.000 ns	     23427	80004aa8	103ffb53	fmul.s	f22,f31,f3	 f31:0xce757806  f3:0x5df57805 f22=0xeceb5ef3
     234315.000 ns	     23430	80004aac	034a5db3	divu	x27,x20,x20	 x20:0x00000000 x20:0x00000000 x27=0xffffffff
     234335.000 ns	     23432	80004ab0	82dd2a13	slti	x20,x26,-2003	 x26:0x00000055 x20=0x00000000
     234345.000 ns	     23433	80004ab4	5df06b37	lui	x22,0x5df06	 x22=0x5df06000
     234355.000 ns	     23434	80004ab8	49d33893	sltiu	x17,x6,1181	  x6:0x03f65fff x17=0x00000000
     234375.000 ns	     23436	80004abc	e0078753	fmv.x.w	x14,f15	 f15:0x5df57805 x14=0x5df57805
     234395.000 ns	     23438	80004ac0	0020e433	or	x8,x1,x2	  x1:0x00000000  x2:0x1f357a1e  x8=0x1f357a1e
     234405.000 ns	     23439	80004ac4	2e14f6b7	lui	x13,0x2e14f	 x13=0x2e14f000
     234415.000 ns	     23440	80004ac8	56714213	xori	x4,x2,1383	  x2:0x1f357a1e  x4=0x1f357f79
     234435.000 ns	     23442	80004acc	c007f153	fcvt.w.s	x2,f15	 f15:0x5df57805  x2=0x7fffffff
     234485.000 ns	     23447	80004ad0	00dcfa53	fadd.s	f20,f25,f13	 f25:0x0000532b f13:0x00000000 f20=0x0000532b
     234515.000 ns	     23450	80004ad4	c004b3d3	fcvt.w.s	x7,f9	  f9:0x00000000  x7=0x00000000
     234545.000 ns	     23453	80004ad8	c01bf5d3	fcvt.wu.s	x11,f23	 f23:0xc6a654d2 x11=0x0000532a
     234565.000 ns	     23455	80004adc	3e92f293	andi	x5,x5,1001	  x5:0x00000000  x5=0x00000000
     234585.000 ns	     23457	80004ae0	a1408b53	fle.s	x22,f1,f20	  f1:0x00000000 f20:0x0000532b x22=0x00000001
     234605.000 ns	     23459	80004ae4	01e55a33	srl	x20,x10,x30	 x10:0x0000004b x30:0x00000714 x20=0x00000000
     234615.000 ns	     23460	80004ae8	01de35b3	sltu	x11,x28,x29	 x28:0x80040fe4 x29:0x00000000 x11=0x00000000
     234625.000 ns	     23461	80004aec	bcd00c93	addi	x25,x0,-1075	  x0:0x00000000 x25=0xfffffbcd
     234635.000 ns	     23462	80004af0	8ef57813	andi	x16,x10,-1809	 x10:0x0000004b x16=0x0000004b
     234645.000 ns	     23463	80004af4	419c8f33	sub	x30,x25,x25	 x25:0xfd20ca30 x25:0xfd20ca30 x30=0x00000000
     234665.000 ns	     23465	80004af8	f00408d3	fmv.w.x	f17,x8	  x8:0x1f357a1e f17=0x1f357a1e
     234685.000 ns	     23467	80004afc	00e82733	slt	x14,x16,x14	 x16:0x0000004b x14:0x5df57805 x14=0x00000001
     234695.000 ns	     23468	80004b00	d2f87413	andi	x8,x16,-721	 x16:0x0000004b  x8=0x0000000b
     234735.000 ns	     23472	80004b04	09507453	fsub.s	f8,f0,f21	  f0:0x80000000 f21:0xb05d5000  f8=0x305d5000
     234755.000 ns	     23474	80004b08	01bedc93	srli	x25,x29,0x1b	 x29:0x00000000 x25=0x00000000
     234775.000 ns	     23476	80004b0c	a06103d3	fle.s	x7,f2,f6	  f2:0x80000000  f6:0x80000000  x7=0x00000001
     234805.000 ns	     23479	80004b10	20488b53	fsgnj.s	f22,f17,f4	 f17:0x1f357a1e  f4:0x46a654d2 f22=0x1f357a1e
     234825.000 ns	     23481	80004b14	ffe28713	addi	x14,x5,-2	  x5:0x00000000 x14=0xfffffffe
     234835.000 ns	     23482	80004b18	00c73433	sltu	x8,x14,x12	 x14:0x00000001 x12:0x00000000  x8=0x00000000
     234855.000 ns	     23484	80004b1c	03856033	rem	x0,x10,x24	 x10:0x0000004b x24:0x00000000
     234885.000 ns	     23487	80004b20	032a8f33	mul	x30,x21,x18	 x21:0x00000000 x18:0x3d5e0180 x30=0x00000000
     234905.000 ns	     23489	80004b24	00bcff33	and	x30,x25,x11	 x25:0x00000000 x11:0x00000000 x30=0x00000000
     234925.000 ns	     23491	80004b28	02818433	mul	x8,x3,x8	  x3:0x80040fe4  x8:0x00000000  x8=0x00000000
     235295.000 ns	     23528	80004b2c	037446b3	div	x13,x8,x23	  x8:0x00000000 x23:0x80000000 x13=0x00000000
     235315.000 ns	     23530	80004b30	6c764913	xori	x18,x12,1735	 x12:0x00000000 x18=0x000006c7
     235675.000 ns	     23566	80004b34	03745733	divu	x14,x8,x23	  x8:0x00000000 x23:0x80000000 x14=0x00000000
     236045.000 ns	     23603	80004b38	03c04eb3	div	x29,x0,x28	  x0:0x00000000 x28:0x80040fe4 x29=0x00000000
     236065.000 ns	     23605	80004b3c	01049c13	slli	x24,x9,0x10	  x9:0x00000001 x24=0x00010000
     236075.000 ns	     23606	80004b40	003502b3	add	x5,x10,x3	 x10:0x0000004b  x3:0x80040fe4  x5=0x8004102f
     236085.000 ns	     23607	80004b44	f8e88393	addi	x7,x17,-114	 x17:0x00000000  x7=0xffffff8e
     236105.000 ns	     23609	80004b48	d01affd3	fcvt.s.wu	f31,x21	 x21:0x00000000 f31=0x00000000
     236135.000 ns	     23612	80004b4c	037f25b3	mulhsu	x11,x30,x23	 x30:0x00000000 x23:0x80000000 x11=0x00000000
     236175.000 ns	     23616	80004b50	18d17dd3	fdiv.s	f27,f2,f13	  f2:0x80000000 f13:0x00000000 f27=0x7fc00000
     236195.000 ns	     23618	80004b54	004f3733	sltu	x14,x30,x4	 x30:0x00000000  x4:0x1f357f79 x14=0x00000001
     236215.000 ns	     23620	80004b58	e00c8a53	fmv.x.w	x20,f25	 f25:0x0000532b x20=0x0000532b
     236235.000 ns	     23622	80004b5c	7c818093	addi	x1,x3,1992	  x3:0x80040fe4  x1=0x800417ac
     236255.000 ns	     23624	80004b60	c0048253	fcvt.w.s	x4,f9	  f9:0x00000000  x4=0x00000000
     236275.000 ns	     23626	80004b64	41090db3	sub	x27,x18,x16	 x18:0x000006c7 x16:0x0000004b x27=0x0000067c
     236305.000 ns	     23629	80004b68	580675d3	fsqrt.s	f11,f12	 f12:0x00000000 f11=0x00000000
     236325.000 ns	     23631	80004b6c	00a7edb3	or	x27,x15,x10	 x15:0x00000000 x10:0x0000004b x27=0x0000004b
     236345.000 ns	     23633	80004b70	03c32533	mulhsu	x10,x6,x28	  x6:0x03f65fff x28:0x80040fe4 x10=0x01fb4017
     236375.000 ns	     23636	80004b74	e0089953	fclass.s	x18,f17	 f17:0x1f357a1e x18=0x00000040
     236405.000 ns	     23639	80004b78	e00a8253	fmv.x.w	x4,f21	 f21:0xb05d5000  x4=0xb05d5000
     236435.000 ns	     23642	80004b7c	a0a994d3	flt.s	x9,f19,f10	 f19:0x7f800000 f10:0x000001de  x9=0x00000000
     236455.000 ns	     23644	80004b80	00edcb33	xor	x22,x27,x14	 x27:0x0000004b x14:0x00000001 x22=0x0000004a
     236465.000 ns	     23645	80004b84	01082f33	slt	x30,x16,x16	 x16:0x0000004b x16:0x0000004b x30=0x00000000
     236475.000 ns	     23646	80004b88	e9f18413	addi	x8,x3,-353	  x3:0x80040fe4  x8=0x80040e83
     236835.000 ns	     23682	80004b8c	0270cb33	div	x22,x1,x7	  x1:0x800417ac  x7:0xffffff8e x22=0x011f6717
     236855.000 ns	     23684	80004b90	011ca633	slt	x12,x25,x17	 x25:0x00000000 x17:0x00000000 x12=0x00000000
     236865.000 ns	     23685	80004b94	00b19f33	sll	x30,x3,x11	  x3:0x80040fe4 x11:0x00000000 x30=0x80040fe4
     236875.000 ns	     23686	80004b98	5bb2b5b7	lui	x11,0x5bb2b	 x11=0x5bb2b000
     236895.000 ns	     23688	80004b9c	29b712d3	fmax.s	f5,f14,f27	 f14:0x1f357a1e f27:0x7fc00000  f5=0x1f357a1e
     236925.000 ns	     23691	80004ba0	21d419d3	fsgnjn.s	f19,f8,f29	  f8:0x305d5000 f29:0x4038bd74 f19=0xb05d5000
     236945.000 ns	     23693	80004ba4	efc06193	ori	x3,x0,-260	  x0:0x00000000  x3=0xfffffefc
     236965.000 ns	     23695	80004ba8	219d95d3	fsgnjn.s	f11,f27,f25	 f27:0x7fc00000 f25:0x0000532b f11=0xffc00000
     236985.000 ns	     23697	80004bac	48fbc013	xori	x0,x23,1167	 x23:0x80000000
     237005.000 ns	     23699	80004bb0	035c66b3	rem	x13,x24,x21	 x24:0x00010000 x21:0x00000000 x13=0x00010000
     237025.000 ns	     23701	80004bb4	00335c93	srli	x25,x6,0x3	  x6:0x03f65fff x25=0x007ecbff
     237045.000 ns	     23703	80004bb8	037388b3	mul	x17,x7,x23	  x7:0xffffff8e x23:0x80000000 x17=0x00000000
     237075.000 ns	     23706	80004bbc	c01634d3	fcvt.wu.s	x9,f12	 f12:0x00000000  x9=0x00000000
     237095.000 ns	     23708	80004bc0	001e1b13	slli	x22,x28,0x1	 x28:0x80040fe4 x22=0x00081fc8
     237105.000 ns	     23709	80004bc4	00000013	addi	x0,x0,0	  x0:0x00000000
     237115.000 ns	     23710	80004bc8	019b1393	slli	x7,x22,0x19	 x22:0x011f6717  x7=0x90000000
     237125.000 ns	     23711	80004bcc	0096d813	srli	x16,x13,0x9	 x13:0x00010000 x16=0x00000080
     237135.000 ns	     23712	80004bd0	209bc013	xori	x0,x23,521	 x23:0x80000000
     237155.000 ns	     23714	80004bd4	20c0a753	fsgnjx.s	f14,f1,f12	  f1:0x00000000 f12:0x00000000 f14=0x00000000
     237195.000 ns	     23718	80004bd8	11917253	fmul.s	f4,f2,f25	  f2:0x80000000 f25:0x0000532b  f4=0x80000000
     237215.000 ns	     23720	80004bdc	6d88b213	sltiu	x4,x17,1752	 x17:0x00000000  x4=0x00000001
     237225.000 ns	     23721	80004be0	98282b13	slti	x22,x16,-1662	 x16:0x00000080 x22=0x00000000
     237245.000 ns	     23723	80004be4	036b5db3	divu	x27,x22,x22	 x22:0x00081fc8 x22:0x00081fc8 x27=0xffffffff
     237275.000 ns	     23726	80004be8	a1881153	flt.s	x2,f16,f24	 f16:0x0000532b f24:0xb05d5000  x2=0x00000000
     237295.000 ns	     23728	80004bec	00865393	srli	x7,x12,0x8	 x12:0x00000000  x7=0x00000000
     237315.000 ns	     23730	80004bf0	f00f8b53	fmv.w.x	f22,x31	 x31:0xfc099e52 f22=0xfc099e52
     237345.000 ns	     23733	80004bf4	219fa953	fsgnjx.s	f18,f31,f25	 f31:0x00000000 f25:0x0000532b f18=0x00000000
     237375.000 ns	     23736	80004bf8	28760bd3	fmin.s	f23,f12,f7	 f12:0x00000000  f7:0x00000000 f23=0x00000000
     237395.000 ns	     23738	80004bfc	dadc1b17	auipc	x22,0xdadc1	 x22=0x5adc5bfc
     237415.000 ns	     23740	80004c00	d0027253	fcvt.s.w	f4,x4	  x4:0x00000001  f4=0x3f800000
     237455.000 ns	     23744	80004c04	5803f7d3	fsqrt.s	f15,f7	  f7:0x00000000 f15=0x00000000
     237475.000 ns	     23746	80004c08	0072bcb3	sltu	x25,x5,x7	  x5:0x8004102f  x7:0x00000000 x25=0x00000000
     237485.000 ns	     23747	80004c0c	40ded0b3	sra	x1,x29,x13	 x29:0x00000000 x13:0x00010000  x1=0x00000000
     237505.000 ns	     23749	80004c10	e00f8a53	fmv.x.w	x20,f31	 f31:0x00000000 x20=0x00000000
     237535.000 ns	     23752	80004c14	02a02b33	mulhsu	x22,x0,x10	  x0:0x00000000 x10:0x01fb4017 x22=0x00000000
     237555.000 ns	     23754	80004c18	40613313	sltiu	x6,x2,1030	  x2:0x00000000  x6=0x00000001
     237565.000 ns	     23755	80004c1c	01da92b3	sll	x5,x21,x29	 x21:0x00000000 x29:0x00000000  x5=0x00000000
     237585.000 ns	     23757	80004c20	21531f53	fsgnjn.s	f30,f6,f21	  f6:0x80000000 f21:0xb05d5000 f30=0x00000000
     237625.000 ns	     23761	80004c24	19ffbed3	fdiv.s	f29,f31,f31	 f31:0x00000000 f31:0x00000000 f29=0x7fc00000
     237645.000 ns	     23763	80004c28	014e8fb3	add	x31,x29,x20	 x29:0x00000000 x20:0x00000000 x31=0x00000000
     237665.000 ns	     23765	80004c2c	e0049853	fclass.s	x16,f9	  f9:0x00000000 x16=0x00000010
     237695.000 ns	     23768	80004c30	215897d3	fsgnjn.s	f15,f17,f21	 f17:0x1f357a1e f21:0xb05d5000 f15=0x1f357a1e
     237725.000 ns	     23771	80004c34	20df0a53	fsgnj.s	f20,f30,f13	 f30:0x00000000 f13:0x00000000 f20=0x00000000
     237745.000 ns	     23773	80004c38	0081bd33	sltu	x26,x3,x8	  x3:0xfffffefc  x8:0x80040e83 x26=0x00000000
     238105.000 ns	     23809	80004c3c	03cfc8b3	div	x17,x31,x28	 x31:0x00000000 x28:0x80040fe4 x17=0x00000000
     238135.000 ns	     23812	80004c40	029a4933	div	x18,x20,x9	 x20:0x00000000  x9:0x00000000 x18=0xffffffff
     238165.000 ns	     23815	80004c44	20428b53	fsgnj.s	f22,f5,f4	  f5:0x1f357a1e  f4:0x3f800000 f22=0x1f357a1e
     238185.000 ns	     23817	80004c48	00695333	srl	x6,x18,x6	 x18:0xffffffff  x6:0x00000001  x6=0x7fffffff
     238195.000 ns	     23818	80004c4c	00e180b3	add	x1,x3,x14	  x3:0xfffffefc x14:0x00000001  x1=0xfffffefd
     238225.000 ns	     23821	80004c50	11d1bcd3	fmul.s	f25,f3,f29	  f3:0x5df57805 f29:0x7fc00000 f25=0x7fc00000
     238245.000 ns	     23823	80004c54	978bea97	auipc	x21,0x978be	 x21=0x178c2c54
     238255.000 ns	     23824	80004c58	00571633	sll	x12,x14,x5	 x14:0x00000001  x5:0x00000000 x12=0x00000001
     238275.000 ns	     23826	80004c5c	03ab1c33	mulh	x24,x22,x26	 x22:0x00000000 x26:0x00000000 x24=0x00000000
     238295.000 ns	     23828	80004c60	acc4ad93	slti	x27,x9,-1332	  x9:0x00000000 x27=0x00000000
     238315.000 ns	     23830	80004c64	f00e09d3	fmv.w.x	f19,x28	 x28:0x80040fe4 f19=0x80040fe4
     238345.000 ns	     23833	80004c68	032e1fb3	mulh	x31,x28,x18	 x28:0x80040fe4 x18:0xffffffff x31=0x00000000
     238385.000 ns	     23837	80004c6c	580615d3	fsqrt.s	f11,f12	 f12:0x00000000 f11=0x00000000
     238405.000 ns	     23839	80004c70	00cc5813	srli	x16,x24,0xc	 x24:0x00000000 x16=0x00000000
     238415.000 ns	     23840	80004c74	00341d93	slli	x27,x8,0x3	  x8:0x80040e83 x27=0x00207418
     238425.000 ns	     23841	80004c78	00510d33	add	x26,x2,x5	  x2:0x00000000  x5:0x00000000 x26=0x00000000
     238465.000 ns	     23845	80004c7c	00527853	fadd.s	f16,f4,f5	  f4:0x3f800000  f5:0x1f357a1e f16=0x3f800000
     238495.000 ns	     23848	80004c80	02488933	mul	x18,x17,x4	 x17:0x00000000  x4:0x00000001 x18=0x00000000
     238545.000 ns	     23853	80004c84	01b42d53	fadd.s	f26,f8,f27	  f8:0x305d5000 f27:0x7fc00000 f26=0x7fc00000
     238575.000 ns	     23856	80004c88	033a9fb3	mulh	x31,x21,x19	 x21:0x178c2c54 x19:0x80041024 x31=0xf43a4982
     238605.000 ns	     23859	80004c8c	f0090253	fmv.w.x	f4,x18	 x18:0x00000000  f4=0x00000000
     238635.000 ns	     23862	80004c90	297800d3	fmin.s	f1,f16,f23	 f16:0x3f800000 f23:0x00000000  f1=0x00000000
     238655.000 ns	     23864	80004c94	80133713	sltiu	x14,x6,-2047	  x6:0x7fffffff x14=0x00000001
     238665.000 ns	     23865	80004c98	01bcd4b3	srl	x9,x25,x27	 x25:0x00000000 x27:0x00207418  x9=0x00000000
     238685.000 ns	     23867	80004c9c	024e0433	mul	x8,x28,x4	 x28:0x80040fe4  x4:0x00000001  x8=0x80040fe4
     238715.000 ns	     23870	80004ca0	c018f3d3	fcvt.wu.s	x7,f17	 f17:0x1f357a1e  x7=0x00000000
     238745.000 ns	     23873	80004ca4	d01073d3	fcvt.s.wu	f7,x0	  x0:0x00000000  f7=0x00000000
     238775.000 ns	     23876	80004ca8	219c2953	fsgnjx.s	f18,f24,f25	 f24:0xb05d5000 f25:0x7fc00000 f18=0xb05d5000
     238805.000 ns	     23879	80004cac	d01441d3	fcvt.s.wu	f3,x8	  x8:0x80040fe4  f3=0x4f000410
     238825.000 ns	     23881	80004cb0	f6600c93	addi	x25,x0,-154	  x0:0x00000000 x25=0xffffff66
     238845.000 ns	     23883	80004cb4	027366b3	rem	x13,x6,x7	  x6:0x7fffffff  x7:0x00000000 x13=0x7fffffff
     238865.000 ns	     23885	80004cb8	824008b7	lui	x17,0x82400	 x17=0x82400000
     238885.000 ns	     23887	80004cbc	a1129cd3	flt.s	x25,f5,f17	  f5:0x1f357a1e f17:0x1f357a1e x25=0x00000000
     238905.000 ns	     23889	80004cc0	01614f33	xor	x30,x2,x22	  x2:0x00000000 x22:0x00000000 x30=0x00000000
     238925.000 ns	     23891	80004cc4	e0001ad3	fclass.s	x21,f0	  f0:0x80000000 x21=0x00000008
     238955.000 ns	     23894	80004cc8	c017f3d3	fcvt.wu.s	x7,f15	 f15:0x1f357a1e  x7=0x00000000
     238975.000 ns	     23896	80004ccc	41898d33	sub	x26,x19,x24	 x19:0x80041024 x24:0x00000000 x26=0x80041024
     239005.000 ns	     23899	80004cd0	580677d3	fsqrt.s	f15,f12	 f12:0x00000000 f15=0x00000000
     239055.000 ns	     23904	80004cd4	0027f8d3	fadd.s	f17,f15,f2	 f15:0x1f357a1e  f2:0x80000000 f17=0x80000000
     239085.000 ns	     23907	80004cd8	20ed1653	fsgnjn.s	f12,f26,f14	 f26:0x7fc00000 f14:0x00000000 f12=0xffc00000
     239105.000 ns	     23909	80004cdc	404a0433	sub	x8,x20,x4	 x20:0x00000000  x4:0x00000001  x8=0xffffffff
     239115.000 ns	     23910	80004ce0	af2d2893	slti	x17,x26,-1294	 x26:0x80041024 x17=0x00000001
     239125.000 ns	     23911	80004ce4	064ce893	ori	x17,x25,100	 x25:0x00000000 x17=0x00000064
     239135.000 ns	     23912	80004ce8	01628c33	add	x24,x5,x22	  x5:0x00000000 x22:0x00000000 x24=0x00000000
     239145.000 ns	     23913	80004cec	008f5613	srli	x12,x30,0x8	 x30:0x00000000 x12=0x00000000
     239155.000 ns	     23914	80004cf0	40d05513	srai	x10,x0,0xd	  x0:0x00000000 x10=0x00000000
     239175.000 ns	     23916	80004cf4	d01071d3	fcvt.s.wu	f3,x0	  x0:0x00000000  f3=0x00000000
     239195.000 ns	     23918	80004cf8	71a4f593	andi	x11,x9,1818	  x9:0x00000000 x11=0x00000000
     239205.000 ns	     23919	80004cfc	00ccf133	and	x2,x25,x12	 x25:0x00000000 x12:0x00000000  x2=0x00000000
     239215.000 ns	     23920	80004d00	38b4e713	ori	x14,x9,907	  x9:0x00000000 x14=0x0000038b
     239235.000 ns	     23922	80004d04	e00112d3	fclass.s	x5,f2	  f2:0x80000000  x5=0x00000008
     239255.000 ns	     23924	80004d08	01492b33	slt	x22,x18,x20	 x18:0x00000000 x20:0x00000000 x22=0x00000000
     239615.000 ns	     23960	80004d0c	03356cb3	rem	x25,x10,x19	 x10:0x00000000 x19:0x80041024 x25=0x00000000
     239635.000 ns	     23962	80004d10	002b10b3	sll	x1,x22,x2	 x22:0x00000000  x2:0x00000000  x1=0x00000000
     239655.000 ns	     23964	80004d14	215186d3	fsgnj.s	f13,f3,f21	  f3:0x00000000 f21:0xb05d5000 f13=0x80000000
     239685.000 ns	     23967	80004d18	03dc8733	mul	x14,x25,x29	 x25:0x00000000 x29:0x00000000 x14=0x00000000
     239725.000 ns	     23971	80004d1c	580dbd53	fsqrt.s	f26,f27	 f27:0x7fc00000 f26=0x7fc00000
     239755.000 ns	     23974	80004d20	c00c90d3	fcvt.w.s	x1,f25	 f25:0x7fc00000  x1=0x7fffffff
     239805.000 ns	     23979	80004d24	000ba353	fadd.s	f6,f23,f0	 f23:0x00000000  f0:0x80000000  f6=0x80000000
     239835.000 ns	     23982	80004d28	022fdf33	divu	x30,x31,x2	 x31:0xf43a4982  x2:0x00000000 x30=0xffffffff
     239855.000 ns	     23984	80004d2c	012d07b3	add	x15,x26,x18	 x26:0x80041024 x18:0x00000000 x15=0x80041024
     239885.000 ns	     23987	80004d30	198071d3	fdiv.s	f3,f0,f24	  f0:0x80000000 f24:0xb05d5000  f3=0x00000000
     239905.000 ns	     23989	80004d34	810ac097	auipc	x1,0x810ac	  x1=0x010b0d34
     239915.000 ns	     23990	80004d38	d3af7c97	auipc	x25,0xd3af7	 x25=0x53afbd38
     239935.000 ns	     23992	80004d3c	c00d7253	fcvt.w.s	x4,f26	 f26:0x7fc00000  x4=0x7fffffff
     239955.000 ns	     23994	80004d40	014dd893	srli	x17,x27,0x14	 x27:0x00207418 x17=0x00000002
     239965.000 ns	     23995	80004d44	41895233	sra	x4,x18,x24	 x18:0x00000000 x24:0x00000000  x4=0x00000000
     239985.000 ns	     23997	80004d48	d00df5d3	fcvt.s.w	f11,x27	 x27:0x00207418 f11=0x4a01d060
     240005.000 ns	     23999	80004d4c	001c9713	slli	x14,x25,0x1	 x25:0x53afbd38 x14=0xa75f7a70
     240025.000 ns	     24001	80004d50	c0084153	fcvt.w.s	x2,f16	 f16:0x3f800000  x2=0x00000001
     240055.000 ns	     24004	80004d54	e0090b53	fmv.x.w	x22,f18	 f18:0xb05d5000 x22=0xb05d5000
     240075.000 ns	     24006	80004d58	01da1e93	slli	x29,x20,0x1d	 x20:0x00000000 x29=0x00000000
     240095.000 ns	     24008	80004d5c	03475f33	divu	x30,x14,x20	 x14:0xa75f7a70 x20:0x00000000 x30=0xffffffff
     240115.000 ns	     24010	80004d60	011bf933	and	x18,x23,x17	 x23:0x80000000 x17:0x00000002 x18=0x00000000
     240135.000 ns	     24012	80004d64	e0079b53	fclass.s	x22,f15	 f15:0x00000000 x22=0x00000010
     240165.000 ns	     24015	80004d68	282417d3	fmax.s	f15,f8,f2	  f8:0x305d5000  f2:0x80000000 f15=0x305d5000
     240195.000 ns	     24018	80004d6c	a1fc9c53	flt.s	x24,f25,f31	 f25:0x7fc00000 f31:0x00000000 x24=0x00000000
     240215.000 ns	     24020	80004d70	00709493	slli	x9,x1,0x7	  x1:0x010b0d34  x9=0x85869a00
     240225.000 ns	     24021	80004d74	8aba3393	sltiu	x7,x20,-1877	 x20:0x00000000  x7=0x00000001
     240245.000 ns	     24023	80004d78	a1d31353	flt.s	x6,f6,f29	  f6:0x80000000 f29:0x7fc00000  x6=0x00000000
     240275.000 ns	     24026	80004d7c	03f6bcb3	mulhu	x25,x13,x31	 x13:0x7fffffff x31:0xf43a4982 x25=0x7a1d24c0
     240295.000 ns	     24028	80004d80	01224fb3	xor	x31,x4,x18	  x4:0x00000000 x18:0x00000000 x31=0x00000000
     240305.000 ns	     24029	80004d84	4063d3b3	sra	x7,x7,x6	  x7:0x00000001  x6:0x00000000  x7=0x00000001
     240325.000 ns	     24031	80004d88	023c1fb3	mulh	x31,x24,x3	 x24:0x00000000  x3:0xfffffefc x31=0x00000000
     240665.000 ns	     24065	80004d8c	18baf8d3	fdiv.s	f17,f21,f11	 f21:0xb05d5000 f11:0x4a01d060 f17=0xa55d5000
     240695.000 ns	     24068	80004d90	29ef0dd3	fmin.s	f27,f30,f30	 f30:0x00000000 f30:0x00000000 f27=0x00000000
     240735.000 ns	     24072	80004d94	110ffa53	fmul.s	f20,f31,f16	 f31:0x00000000 f16:0x3f800000 f20=0x00000000
     240765.000 ns	     24075	80004d98	21e398d3	fsgnjn.s	f17,f7,f30	  f7:0x00000000 f30:0x00000000 f17=0x80000000
     240805.000 ns	     24079	80004d9c	106ffad3	fmul.s	f21,f31,f6	 f31:0x00000000  f6:0x80000000 f21=0x80000000
     240825.000 ns	     24081	80004da0	bd5f6c93	ori	x25,x30,-1067	 x30:0xffffffff x25=0xffffffff
     240845.000 ns	     24083	80004da4	0344ad33	mulhsu	x26,x9,x20	  x9:0x85869a00 x20:0x00000000 x26=0x00000000
     240875.000 ns	     24086	80004da8	028980b3	mul	x1,x19,x8	 x19:0x80041024  x8:0xffffffff  x1=0x7ffbefdc
     240905.000 ns	     24089	80004dac	d0068453	fcvt.s.w	f8,x13	 x13:0x7fffffff  f8=0x4effffff
     240945.000 ns	     24093	80004db0	580c7fd3	fsqrt.s	f31,f24	 f24:0xb05d5000 f31=0x7fc00000
     240975.000 ns	     24096	80004db4	2088acd3	fsgnjx.s	f25,f17,f8	 f17:0x80000000  f8:0x4effffff f25=0x80000000
     240995.000 ns	     24098	80004db8	9783ec13	ori	x24,x7,-1672	  x7:0x00000001 x24=0xfffff979
     241015.000 ns	     24100	80004dbc	0306cd33	div	x26,x13,x16	 x13:0x7fffffff x16:0x00000000 x26=0xffffffff
     241035.000 ns	     24102	80004dc0	01c61fb3	sll	x31,x12,x28	 x12:0x00000000 x28:0x80040fe4 x31=0x00000000
     241055.000 ns	     24104	80004dc4	d0117fd3	fcvt.s.wu	f31,x2	  x2:0x00000001 f31=0x3f800000
     241075.000 ns	     24106	80004dc8	af79fd93	andi	x27,x19,-1289	 x19:0x80041024 x27=0x80041024
     241095.000 ns	     24108	80004dcc	c01238d3	fcvt.wu.s	x17,f4	  f4:0x00000000 x17=0x00000000
     241125.000 ns	     24111	80004dd0	20c6add3	fsgnjx.s	f27,f13,f12	 f13:0x80000000 f12:0xffc00000 f27=0x00000000
     241155.000 ns	     24114	80004dd4	c014f653	fcvt.wu.s	x12,f9	  f9:0x00000000 x12=0x00000000
     241175.000 ns	     24116	80004dd8	410507b3	sub	x15,x10,x16	 x10:0x00000000 x16:0x00000000 x15=0x00000000
     241535.000 ns	     24152	80004ddc	03afc7b3	div	x15,x31,x26	 x31:0x00000000 x26:0xffffffff x15=0x00000000
     241585.000 ns	     24157	80004de0	0902c6d3	fsub.s	f13,f5,f16	  f5:0x1f357a1e f16:0x3f800000 f13=0xbf800000
     241605.000 ns	     24159	80004de4	0157f033	and	x0,x15,x21	 x15:0x00000000 x21:0x00000008
     241615.000 ns	     24160	80004de8	40ad8db3	sub	x27,x27,x10	 x27:0x80041024 x10:0x00000000 x27=0x80041024
     241625.000 ns	     24161	80004dec	003c18b3	sll	x17,x24,x3	 x24:0xfffff979  x3:0xfffffefc x17=0x90000000
     241645.000 ns	     24163	80004df0	038ca1b3	mulhsu	x3,x25,x24	 x25:0xffffffff x24:0xfffff979  x3=0xffffffff
     242015.000 ns	     24200	80004df4	036b4f33	div	x30,x22,x22	 x22:0x00000010 x22:0x00000010 x30=0x00000001
     242045.000 ns	     24203	80004df8	a1fb0153	fle.s	x2,f22,f31	 f22:0x1f357a1e f31:0x3f800000  x2=0x00000001
     242065.000 ns	     24205	80004dfc	00ab07b3	add	x15,x22,x10	 x22:0x00000010 x10:0x00000000 x15=0x00000010
     242075.000 ns	     24206	80004e00	4170da33	sra	x20,x1,x23	  x1:0x7ffbefdc x23:0x80000000 x20=0x7ffbefdc
     242405.000 ns	     24239	80004e04	18547153	fdiv.s	f2,f8,f5	  f8:0x4effffff  f5:0x1f357a1e  f2=0x6f34b4b5
     243585.000 ns	     24357	80004e08	580577d3	fsqrt.s	f15,f10	 f10:0x000001de f15=0x1f350728
     243605.000 ns	     24359	80004e0c	0042d813	srli	x16,x5,0x4	  x5:0x00000008 x16=0x00000000
     243615.000 ns	     24360	80004e10	01fce8b3	or	x17,x25,x31	 x25:0xffffffff x31:0x00000000 x17=0xffffffff
     243625.000 ns	     24361	80004e14	01f51c33	sll	x24,x10,x31	 x10:0x00000000 x31:0x00000000 x24=0x00000000
     243635.000 ns	     24362	80004e18	c798b393	sltiu	x7,x17,-903	 x17:0x90000000  x7=0x00000000
     243645.000 ns	     24363	80004e1c	9c8ff417	auipc	x8,0x9c8ff	  x8=0x1c903e1c
     243665.000 ns	     24365	80004e20	203298d3	fsgnjn.s	f17,f5,f3	  f5:0x1f357a1e  f3:0x00000000 f17=0x9f357a1e
     243685.000 ns	     24367	80004e24	00000013	addi	x0,x0,0	  x0:0x00000000
     243695.000 ns	     24368	80004e28	3c26a793	slti	x15,x13,962	 x13:0x7fffffff x15=0x00000000
     243705.000 ns	     24369	80004e2c	408b0633	sub	x12,x22,x8	 x22:0x00000010  x8:0x1c903e1c x12=0xe36fc1f4
     243725.000 ns	     24371	80004e30	d0053bd3	fcvt.s.w	f23,x10	 x10:0x00000000 f23=0x00000000
     243745.000 ns	     24373	80004e34	e3ebc013	xori	x0,x23,-450	 x23:0x80000000
     243755.000 ns	     24374	80004e38	d4188d97	auipc	x27,0xd4188	 x27=0x5418ce38
     243775.000 ns	     24376	80004e3c	0309e033	rem	x0,x19,x16	 x19:0x80041024 x16:0x00000000
     244145.000 ns	     24413	80004e40	03a5d633	divu	x12,x11,x26	 x11:0x00000000 x26:0xffffffff x12=0x00000000
     244165.000 ns	     24415	80004e44	8b71a813	slti	x16,x3,-1865	  x3:0xffffffff x16=0x00000000
     244175.000 ns	     24416	80004e48	01a7d6b3	srl	x13,x15,x26	 x15:0x00000000 x26:0xffffffff x13=0x00000000
     244195.000 ns	     24418	80004e4c	d002a353	fcvt.s.w	f6,x5	  x5:0x00000008  f6=0x41000000
     244215.000 ns	     24420	80004e50	00475713	srli	x14,x14,0x4	 x14:0xa75f7a70 x14=0x0a75f7a7
     244235.000 ns	     24422	80004e54	e00d87d3	fmv.x.w	x15,f27	 f27:0x00000000 x15=0x00000000
     244275.000 ns	     24426	80004e58	1056fd53	fmul.s	f26,f13,f5	 f13:0xbf800000  f5:0x1f357a1e f26=0x9f357a1e
     244305.000 ns	     24429	80004e5c	20bfa653	fsgnjx.s	f12,f31,f11	 f31:0x3f800000 f11:0x4a01d060 f12=0x3f800000
     244335.000 ns	     24432	80004e60	03132c33	mulhsu	x24,x6,x17	  x6:0x00000000 x17:0xffffffff x24=0x00000000
     244355.000 ns	     24434	80004e64	28b60217	auipc	x4,0x28b60	  x4=0xa8b64e64
     244375.000 ns	     24436	80004e68	02f490b3	mulh	x1,x9,x15	  x9:0x85869a00 x15:0x00000000  x1=0x00000000
     244405.000 ns	     24439	80004e6c	c001ca53	fcvt.w.s	x20,f3	  f3:0x00000000 x20=0x00000000
     244435.000 ns	     24442	80004e70	030b1533	mulh	x10,x22,x16	 x22:0x00000010 x16:0x00000000 x10=0x00000000
     244455.000 ns	     24444	80004e74	00f848b3	xor	x17,x16,x15	 x16:0x00000000 x15:0x00000000 x17=0x00000000
     244475.000 ns	     24446	80004e78	d00f92d3	fcvt.s.w	f5,x31	 x31:0x00000000  f5=0x00000000
     244515.000 ns	     24450	80004e7c	109f23d3	fmul.s	f7,f30,f9	 f30:0x00000000  f9:0x00000000  f7=0x00000000
     244545.000 ns	     24453	80004e80	0291ad33	mulhsu	x26,x3,x9	  x3:0xffffffff  x9:0x85869a00 x26=0xffffffff
     244575.000 ns	     24456	80004e84	c015cb53	fcvt.wu.s	x22,f11	 f11:0x4a01d060 x22=0x00207418
     244605.000 ns	     24459	80004e88	035514b3	mulh	x9,x10,x21	 x10:0x00000000 x21:0x00000008  x9=0x00000000
     244635.000 ns	     24462	80004e8c	21f193d3	fsgnjn.s	f7,f3,f31	  f3:0x00000000 f31:0x3f800000  f7=0x80000000
     244665.000 ns	     24465	80004e90	037684b3	mul	x9,x13,x23	 x13:0x00000000 x23:0x80000000  x9=0x00000000
     244695.000 ns	     24468	80004e94	a01da053	feq.s	x0,f27,f1	 f27:0x00000000  f1:0x00000000
     244715.000 ns	     24470	80004e98	0093c633	xor	x12,x7,x9	  x7:0x00000000  x9:0x00000000 x12=0x00000000
     244725.000 ns	     24471	80004e9c	01944233	xor	x4,x8,x25	  x8:0x1c903e1c x25:0xffffffff  x4=0xe36fc1e3
     244735.000 ns	     24472	80004ea0	00fc5913	srli	x18,x24,0xf	 x24:0x00000000 x18=0x00000000
     244755.000 ns	     24474	80004ea4	029c5033	divu	x0,x24,x9	 x24:0x00000000  x9:0x00000000
     244775.000 ns	     24476	80004ea8	01206c33	or	x24,x0,x18	  x0:0x00000000 x18:0x00000000 x24=0x00000000
     244785.000 ns	     24477	80004eac	69b8b913	sltiu	x18,x17,1691	 x17:0x00000000 x18=0x00000001
     244805.000 ns	     24479	80004eb0	d00f8653	fcvt.s.w	f12,x31	 x31:0x00000000 f12=0x00000000
     245175.000 ns	     24516	80004eb4	03c94c33	div	x24,x18,x28	 x18:0x00000000 x28:0x80040fe4 x24=0x00000000
     245205.000 ns	     24519	80004eb8	d00bfa53	fcvt.s.w	f20,x23	 x23:0x80000000 f20=0xcf000000
     245225.000 ns	     24521	80004ebc	ba9e2e93	slti	x29,x28,-1111	 x28:0x80040fe4 x29=0x00000001
     245585.000 ns	     24557	80004ec0	03cec333	div	x6,x29,x28	 x29:0x00000000 x28:0x80040fe4  x6=0x00000000
     245615.000 ns	     24560	80004ec4	d01b7153	fcvt.s.wu	f2,x22	 x22:0x00207418  f2=0x4a01d060
     245635.000 ns	     24562	80004ec8	0132e8b3	or	x17,x5,x19	  x5:0x00000008 x19:0x80041024 x17=0x8004102c
     245965.000 ns	     24595	80004ecc	19ae7953	fdiv.s	f18,f28,f26	 f28:0x1f350483 f26:0x9f357a1e f18=0xbf7f8de8
     245995.000 ns	     24598	80004ed0	c01afdd3	fcvt.wu.s	x27,f21	 f21:0x80000000 x27=0x00000000
     246025.000 ns	     24601	80004ed4	c0118ad3	fcvt.wu.s	x21,f3	  f3:0x00000000 x21=0x00000000
     246045.000 ns	     24603	80004ed8	005127b3	slt	x15,x2,x5	  x2:0x00000001  x5:0x00000008 x15=0x00000001
     246055.000 ns	     24604	80004edc	003a0f33	add	x30,x20,x3	 x20:0x00000000  x3:0xffffffff x30=0xffffffff
     246075.000 ns	     24606	80004ee0	e0099753	fclass.s	x14,f19	 f19:0x80040fe4 x14=0x00000004
     246095.000 ns	     24608	80004ee4	01b652b3	srl	x5,x12,x27	 x12:0x00000000 x27:0x00000000  x5=0x00000000
     246115.000 ns	     24610	80004ee8	d019fcd3	fcvt.s.wu	f25,x19	 x19:0x80041024 f25=0x4f000410
     246145.000 ns	     24613	80004eec	029324b3	mulhsu	x9,x6,x9	  x6:0x00000000  x9:0x00000000  x9=0x00000000
     246175.000 ns	     24616	80004ef0	a00c91d3	flt.s	x3,f25,f0	 f25:0x4f000410  f0:0x80000000  x3=0x00000000
     246195.000 ns	     24618	80004ef4	003a5293	srli	x5,x20,0x3	 x20:0x00000000  x5=0x00000000
     246225.000 ns	     24621	80004ef8	11beabd3	fmul.s	f23,f29,f27	 f29:0x7fc00000 f27:0x00000000 f23=0x7fc00000
     246255.000 ns	     24624	80004efc	034a70b3	remu	x1,x20,x20	 x20:0x00000000 x20:0x00000000  x1=0x00000000
     246285.000 ns	     24627	80004f00	02d9f433	remu	x8,x19,x13	 x19:0x80041024 x13:0x00000000  x8=0x80041024
     246315.000 ns	     24630	80004f04	28b804d3	fmin.s	f9,f16,f11	 f16:0x3f800000 f11:0x4a01d060  f9=0x3f800000
     246345.000 ns	     24633	80004f08	02dad533	divu	x10,x21,x13	 x21:0x00000000 x13:0x00000000 x10=0xffffffff
     246375.000 ns	     24636	80004f0c	03027db3	remu	x27,x4,x16	  x4:0xe36fc1e3 x16:0x00000000 x27=0xe36fc1e3
     246405.000 ns	     24639	80004f10	216212d3	fsgnjn.s	f5,f4,f22	  f4:0x00000000 f22:0x1f357a1e  f5=0x80000000
     246425.000 ns	     24641	80004f14	41d55d13	srai	x26,x10,0x1d	 x10:0xffffffff x26=0xffffffff
     246445.000 ns	     24643	80004f18	e00d8b53	fmv.x.w	x22,f27	 f27:0x00000000 x22=0x00000000
     246465.000 ns	     24645	80004f1c	e76af893	andi	x17,x21,-394	 x21:0x00000000 x17=0x00000000
     246475.000 ns	     24646	80004f20	000b5b33	srl	x22,x22,x0	 x22:0x00000000  x0:0x00000000 x22=0x00000000
     246485.000 ns	     24647	80004f24	005182b3	add	x5,x3,x5	  x3:0x00000000  x5:0x00000000  x5=0x00000000
     246845.000 ns	     24683	80004f28	02fb5fb3	divu	x31,x22,x15	 x22:0x00000000 x15:0x00000001 x31=0x00000000
     247215.000 ns	     24720	80004f2c	02864233	div	x4,x12,x8	 x12:0x00000000  x8:0x80041024  x4=0x00000000
     247245.000 ns	     24723	80004f30	202f0c53	fsgnj.s	f24,f30,f2	 f30:0x00000000  f2:0x4a01d060 f24=0x00000000
     247275.000 ns	     24726	80004f34	c00e7753	fcvt.w.s	x14,f28	 f28:0x1f350483 x14=0x00000000
     247295.000 ns	     24728	80004f38	404e5133	sra	x2,x28,x4	 x28:0x80040fe4  x4:0x00000000  x2=0x80040fe4
     247305.000 ns	     24729	80004f3c	8b76b513	sltiu	x10,x13,-1865	 x13:0x00000000 x10=0x00000001
     247315.000 ns	     24730	80004f40	0121d233	srl	x4,x3,x18	  x3:0x00000000 x18:0x00000001  x4=0x00000000
     247335.000 ns	     24732	80004f44	02b9c133	div	x2,x19,x11	 x19:0x80041024 x11:0x00000000  x2=0xffffffff
     247355.000 ns	     24734	80004f48	0feecc97	auipc	x25,0xfeec	 x25=0x8fef0f48
     247365.000 ns	     24735	80004f4c	012f5713	srli	x14,x30,0x12	 x30:0xffffffff x14=0x00003fff
     247405.000 ns	     24739	80004f50	0083f253	fadd.s	f4,f7,f8	  f7:0x80000000  f8:0x4effffff  f4=0x4effffff
     247435.000 ns	     24742	80004f54	f0030153	fmv.w.x	f2,x6	  x6:0x00000000  f2=0x00000000
     247455.000 ns	     24744	80004f58	00eec3b3	xor	x7,x29,x14	 x29:0x00000001 x14:0x00003fff  x7=0x00003ffe
     247465.000 ns	     24745	80004f5c	0160e033	or	x0,x1,x22	  x1:0x00000000 x22:0x00000000
     247475.000 ns	     24746	80004f60	ce2eb593	sltiu	x11,x29,-798	 x29:0x00000001 x11=0x00000001
     247485.000 ns	     24747	80004f64	d5657a93	andi	x21,x10,-682	 x10:0x00000001 x21=0x00000000
     247505.000 ns	     24749	80004f68	c017a6d3	fcvt.wu.s	x13,f15	 f15:0x1f350728 x13=0x00000000
     247535.000 ns	     24752	80004f6c	a06e81d3	fle.s	x3,f29,f6	 f29:0x7fc00000  f6:0x41000000  x3=0x00000000
     247585.000 ns	     24757	80004f70	08847653	fsub.s	f12,f8,f8	  f8:0x4effffff  f8:0x4effffff f12=0x80000000
     248765.000 ns	     24875	80004f74	580c8c53	fsqrt.s	f24,f25	 f25:0x4f000410 f24=0x46b50a40
     248785.000 ns	     24877	80004f78	00a44433	xor	x8,x8,x10	  x8:0x80041024 x10:0x00000001  x8=0x80041025
     248795.000 ns	     24878	80004f7c	00754c33	xor	x24,x10,x7	 x10:0x00000001  x7:0x00003ffe x24=0x00003fff
     248815.000 ns	     24880	80004f80	21e002d3	fsgnj.s	f5,f0,f30	  f0:0x80000000 f30:0x00000000  f5=0x00000000
     248835.000 ns	     24882	80004f84	0056b033	sltu	x0,x13,x5	 x13:0x00000000  x5:0x00000000
     248845.000 ns	     24883	80004f88	013a7833	and	x16,x20,x19	 x20:0x00000000 x19:0x80041024 x16=0x00000000
     248865.000 ns	     24885	80004f8c	02c50a33	mul	x20,x10,x12	 x10:0x00000001 x12:0x00000000 x20=0x00000000
     248885.000 ns	     24887	80004f90	002154b3	srl	x9,x2,x2	  x2:0xffffffff  x2:0xffffffff  x9=0x00000001
     248895.000 ns	     24888	80004f94	00910f33	add	x30,x2,x9	  x2:0xffffffff  x9:0x00000000 x30=0x00000000
     248905.000 ns	     24889	80004f98	01c65113	srli	x2,x12,0x1c	 x12:0x00000000  x2=0x00000000
     248915.000 ns	     24890	80004f9c	7220a5b7	lui	x11,0x7220a	 x11=0x7220a000
     248925.000 ns	     24891	80004fa0	621e0193	addi	x3,x28,1569	 x28:0x80040fe4  x3=0x80041605
     248935.000 ns	     24892	80004fa4	0084c033	xor	x0,x9,x8	  x9:0x00000001  x8:0x80041025
     248945.000 ns	     24893	80004fa8	959db013	sltiu	x0,x27,-1703	 x27:0xe36fc1e3
     248955.000 ns	     24894	80004fac	0090dd33	srl	x26,x1,x9	  x1:0x00000000  x9:0x00000001 x26=0x00000000
     248985.000 ns	     24897	80004fb0	1874f853	fdiv.s	f16,f9,f7	  f9:0x3f800000  f7:0x80000000 f16=0xff800000
     249015.000 ns	     24900	80004fb4	a1092cd3	feq.s	x25,f18,f16	 f18:0xbf7f8de8 f16:0x3f800000 x25=0x00000000
     249035.000 ns	     24902	80004fb8	00275893	srli	x17,x14,0x2	 x14:0x00003fff x17=0x00000fff
     249045.000 ns	     24903	80004fbc	0131df33	srl	x30,x3,x19	  x3:0x80041605 x19:0x80041024 x30=0x08004160
     249055.000 ns	     24904	80004fc0	01c0a7b3	slt	x15,x1,x28	  x1:0x00000000 x28:0x80040fe4 x15=0x00000000
     249085.000 ns	     24907	80004fc4	19777fd3	fdiv.s	f31,f14,f23	 f14:0x00000000 f23:0x7fc00000 f31=0x7fc00000
     249115.000 ns	     24910	80004fc8	219e2253	fsgnjx.s	f4,f28,f25	 f28:0x1f350483 f25:0x4f000410  f4=0x1f350483
     249145.000 ns	     24913	80004fcc	a0cd12d3	flt.s	x5,f26,f12	 f26:0x9f357a1e f12:0x80000000  x5=0x00000001
     249175.000 ns	     24916	80004fd0	024d6433	rem	x8,x26,x4	 x26:0x00000000  x4:0x00000000  x8=0x00000000
     249195.000 ns	     24918	80004fd4	d9000f37	lui	x30,0xd9000	 x30=0xd9000000
     249205.000 ns	     24919	80004fd8	01d9d313	srli	x6,x19,0x1d	 x19:0x80041024  x6=0x00000004
     249215.000 ns	     24920	80004fdc	50a06213	ori	x4,x0,1290	  x0:0x00000000  x4=0x0000050a
     249225.000 ns	     24921	80004fe0	d2a235b7	lui	x11,0xd2a23	 x11=0xd2a23000
     249235.000 ns	     24922	80004fe4	0196df33	srl	x30,x13,x25	 x13:0x00000000 x25:0x00000000 x30=0x00000000
     249255.000 ns	     24924	80004fe8	28fa8a53	fmin.s	f20,f21,f15	 f21:0x80000000 f15:0x1f350728 f20=0x80000000
     249285.000 ns	     24927	80004fec	c001f4d3	fcvt.w.s	x9,f3	  f3:0x00000000  x9=0x00000000
     249305.000 ns	     24929	80004ff0	01d53733	sltu	x14,x10,x29	 x10:0x00000001 x29:0x00000001 x14=0x00000000
     249315.000 ns	     24930	80004ff4	01d73133	sltu	x2,x14,x29	 x14:0x00003fff x29:0x00000001  x2=0x00000001
     249335.000 ns	     24932	80004ff8	29181153	fmax.s	f2,f16,f17	 f16:0xff800000 f17:0x9f357a1e  f2=0x9f357a1e
     249365.000 ns	     24935	80004ffc	031b11b3	mulh	x3,x22,x17	 x22:0x00000000 x17:0x00000fff  x3=0x00000000
     249385.000 ns	     24937	80005000	00746a33	or	x20,x8,x7	  x8:0x00000000  x7:0x00003ffe x20=0x00003ffe
     249395.000 ns	     24938	80005004	01c505b3	add	x11,x10,x28	 x10:0x00000001 x28:0x80040fe4 x11=0x80040fe5
     249755.000 ns	     24974	80005008	0267f7b3	remu	x15,x15,x6	 x15:0x00000000  x6:0x00000004 x15=0x00000000
     249785.000 ns	     24977	8000500c	c0079653	fcvt.w.s	x12,f15	 f15:0x1f350728 x12=0x00000000
     249805.000 ns	     24979	80005010	01ee96b3	sll	x13,x29,x30	 x29:0x00000001 x30:0x00000000 x13=0x00000001
     249825.000 ns	     24981	80005014	02231333	mulh	x6,x6,x2	  x6:0x00000004  x2:0x00000001  x6=0x00000000
     249845.000 ns	     24983	80005018	b507c213	xori	x4,x15,-1200	 x15:0x00000000  x4=0xfffffb50
     249855.000 ns	     24984	8000501c	018a5833	srl	x16,x20,x24	 x20:0x00003ffe x24:0x00003fff x16=0x00000000
     249865.000 ns	     24985	80005020	af51cf13	xori	x30,x3,-1291	  x3:0x00000000 x30=0xfffffaf5
     249875.000 ns	     24986	80005024	00beba33	sltu	x20,x29,x11	 x29:0x00000001 x11:0x80040fe5 x20=0x00000001
     249895.000 ns	     24988	80005028	201c8653	fsgnj.s	f12,f25,f1	 f25:0x4f000410  f1:0x00000000 f12=0x4f000410
     249925.000 ns	     24991	8000502c	036eecb3	rem	x25,x29,x22	 x29:0x00000001 x22:0x00000000 x25=0x00000001
     249945.000 ns	     24993	80005030	bbb9d537	lui	x10,0xbbb9d	 x10=0xbbb9d000
     249975.000 ns	     24996	80005034	1139cc53	fmul.s	f24,f19,f19	 f19:0x80040fe4 f19:0x80040fe4 f24=0x00000000
     249995.000 ns	     24998	80005038	01516fb3	or	x31,x2,x21	  x2:0x00000001 x21:0x00000000 x31=0x00000001
     250015.000 ns	     25000	8000503c	f00b02d3	fmv.w.x	f5,x22	 x22:0x00000000  f5=0x00000000
     250045.000 ns	     25003	80005040	283210d3	fmax.s	f1,f4,f3	  f4:0x1f350483  f3:0x00000000  f1=0x1f350483
     250065.000 ns	     25005	80005044	01866033	or	x0,x12,x24	 x12:0x00000000 x24:0x00003fff
     250085.000 ns	     25007	80005048	02dbb633	mulhu	x12,x23,x13	 x23:0x80000000 x13:0x00000001 x12=0x00000000
     250115.000 ns	     25010	8000504c	c01f7cd3	fcvt.wu.s	x25,f30	 f30:0x00000000 x25=0x00000000
     250135.000 ns	     25012	80005050	01a511b3	sll	x3,x10,x26	 x10:0xbbb9d000 x26:0x00000000  x3=0xbbb9d000
     250155.000 ns	     25014	80005054	a1672f53	feq.s	x30,f14,f22	 f14:0x00000000 f22:0x1f357a1e x30=0x00000000
     250185.000 ns	     25017	80005058	a1bd9453	flt.s	x8,f27,f27	 f27:0x00000000 f27:0x00000000  x8=0x00000000
     250205.000 ns	     25019	8000505c	7592c813	xori	x16,x5,1881	  x5:0x00000001 x16=0x00000758
     250215.000 ns	     25020	80005060	4c452db7	lui	x27,0x4c452	 x27=0x4c452000
     250235.000 ns	     25022	80005064	2044a953	fsgnjx.s	f18,f9,f4	  f9:0x3f800000  f4:0x1f350483 f18=0x3f800000
     250255.000 ns	     25024	80005068	40b903b3	sub	x7,x18,x11	 x18:0x00000001 x11:0x80040fe5  x7=0x7ffbf01c
     250275.000 ns	     25026	8000506c	e00801d3	fmv.x.w	x3,f16	 f16:0xff800000  x3=0xff800000
     250295.000 ns	     25028	80005070	01230133	add	x2,x6,x18	  x6:0x00000000 x18:0x00000001  x2=0x00000001
     250305.000 ns	     25029	80005074	008e4533	xor	x10,x28,x8	 x28:0x80040fe4  x8:0x00000000 x10=0x80040fe4
     250315.000 ns	     25030	80005078	41ead2b3	sra	x5,x21,x30	 x21:0x00000000 x30:0x00000000  x5=0x00000000
     250325.000 ns	     25031	8000507c	04150f13	addi	x30,x10,65	 x10:0xbbb9d000 x30=0x80041025
     250345.000 ns	     25033	80005080	c01316d3	fcvt.wu.s	x13,f6	  f6:0x41000000 x13=0x00000008
     250365.000 ns	     25035	80005084	418f03b3	sub	x7,x30,x24	 x30:0x00000000 x24:0x00003fff  x7=0x8003d026
     250375.000 ns	     25036	80005088	40ab5093	srai	x1,x22,0xa	 x22:0x00000000  x1=0x00000000
     250385.000 ns	     25037	8000508c	9576b393	sltiu	x7,x13,-1705	 x13:0x00000008  x7=0x00000001
     250395.000 ns	     25038	80005090	00000013	addi	x0,x0,0	  x0:0x00000000
     250755.000 ns	     25074	80005094	031bdcb3	divu	x25,x23,x17	 x23:0x80000000 x17:0x00000fff x25=0x00080080
     250775.000 ns	     25076	80005098	0154ff33	and	x30,x9,x21	  x9:0x00000000 x21:0x00000000 x30=0x00000000
     250785.000 ns	     25077	8000509c	3f6d6d13	ori	x26,x26,1014	 x26:0x00000000 x26=0x000003f6
     250795.000 ns	     25078	800050a0	00000013	addi	x0,x0,0	  x0:0x00000000
     250815.000 ns	     25080	800050a4	209aa0d3	fsgnjx.s	f1,f21,f9	 f21:0x80000000  f9:0x3f800000  f1=0x80000000
     250845.000 ns	     25083	800050a8	027ea333	mulhsu	x6,x29,x7	 x29:0x00000001  x7:0x00000001  x6=0x00000000
     250865.000 ns	     25085	800050ac	cc9a6a93	ori	x21,x20,-823	 x20:0x00000001 x21=0xfffffcc9
     251225.000 ns	     25121	800050b0	037c7333	remu	x6,x24,x23	 x24:0x00003fff x23:0x80000000  x6=0x00003fff
     251245.000 ns	     25123	800050b4	0070d133	srl	x2,x1,x7	  x1:0x00000000  x7:0x00000001  x2=0x00000000
     251605.000 ns	     25159	800050b8	030c4333	div	x6,x24,x16	 x24:0x00003fff x16:0x00000758  x6=0x00000008
     251625.000 ns	     25161	800050bc	dfe77613	andi	x12,x14,-514	 x14:0x00000000 x12=0x00000000
     251635.000 ns	     25162	800050c0	aa670493	addi	x9,x14,-1370	 x14:0x00000000  x9=0xfffffaa6
     251655.000 ns	     25164	800050c4	039d9633	mulh	x12,x27,x25	 x27:0x4c452000 x25:0x00080080 x12=0x0002624f
     251685.000 ns	     25167	800050c8	03e3feb3	remu	x29,x7,x30	  x7:0x00000001 x30:0x00000000 x29=0x00000001
     252865.000 ns	     25285	800050cc	58067ed3	fsqrt.s	f29,f12	 f12:0x4f000410 f29=0x46b50a40
     252895.000 ns	     25288	800050d0	e00085d3	fmv.x.w	x11,f1	  f1:0x80000000 x11=0x80000000
     252925.000 ns	     25291	800050d4	d00af3d3	fcvt.s.w	f7,x21	 x21:0xfffffcc9  f7=0xc44dc000
     252955.000 ns	     25294	800050d8	e0090d53	fmv.x.w	x26,f18	 f18:0x3f800000 x26=0x3f800000
     252985.000 ns	     25297	800050dc	028af733	remu	x14,x21,x8	 x21:0xfffffcc9  x8:0x00000000 x14=0xfffffcc9
     253005.000 ns	     25299	800050e0	01f68f33	add	x30,x13,x31	 x13:0x00000008 x31:0x00000001 x30=0x00000009
     253015.000 ns	     25300	800050e4	41db8f33	sub	x30,x23,x29	 x23:0x80000000 x29:0x00000001 x30=0x7fffffff
     253035.000 ns	     25302	800050e8	c01e70d3	fcvt.wu.s	x1,f28	 f28:0x1f350483  x1=0x00000000
     253065.000 ns	     25305	800050ec	e0051d53	fclass.s	x26,f10	 f10:0x000001de x26=0x00000020
     253095.000 ns	     25308	800050f0	a1450353	fle.s	x6,f10,f20	 f10:0x000001de f20:0x80000000  x6=0x00000000
     253115.000 ns	     25310	800050f4	40a4d4b3	sra	x9,x9,x10	  x9:0xfffffaa6 x10:0x80040fe4  x9=0xffffffaa
     253135.000 ns	     25312	800050f8	e0030b53	fmv.x.w	x22,f6	  f6:0x41000000 x22=0x41000000
     253155.000 ns	     25314	800050fc	0171a833	slt	x16,x3,x23	  x3:0xff800000 x23:0x80000000 x16=0x00000000
     253165.000 ns	     25315	80005100	00176b33	or	x22,x14,x1	 x14:0xfffffcc9  x1:0x00000000 x22=0xfffffcc9
     253175.000 ns	     25316	80005104	30662193	slti	x3,x12,774	 x12:0x0002624f  x3=0x00000000
     253185.000 ns	     25317	80005108	00b99393	slli	x7,x19,0xb	 x19:0x80041024  x7=0x20812000
     253195.000 ns	     25318	8000510c	95f0b293	sltiu	x5,x1,-1697	  x1:0x00000000  x5=0x00000001
     253555.000 ns	     25354	80005110	036edab3	divu	x21,x29,x22	 x29:0x00000001 x22:0xfffffcc9 x21=0x00000000
     253575.000 ns	     25356	80005114	00d38b33	add	x22,x7,x13	  x7:0x20812000 x13:0x00000008 x22=0x20812008
     253595.000 ns	     25358	80005118	a1f00dd3	fle.s	x27,f0,f31	  f0:0x80000000 f31:0x7fc00000 x27=0x00000000
     253625.000 ns	     25361	8000511c	217aaa53	fsgnjx.s	f20,f21,f23	 f21:0x80000000 f23:0x7fc00000 f20=0x80000000
     253645.000 ns	     25363	80005120	0bf73317	auipc	x6,0xbf73	  x6=0x8bf78120
     253685.000 ns	     25367	80005124	007224d3	fadd.s	f9,f4,f7	  f4:0x1f350483  f7:0xc44dc000  f9=0xc44dc000
     253715.000 ns	     25370	80005128	02f03ab3	mulhu	x21,x0,x15	  x0:0x00000000 x15:0x00000000 x21=0x00000000
     253735.000 ns	     25372	8000512c	018b5c33	srl	x24,x22,x24	 x22:0x20812008 x24:0x00003fff x24=0x00000000
     253745.000 ns	     25373	80005130	6a73f813	andi	x16,x7,1703	  x7:0x20812000 x16=0x00000000
     253765.000 ns	     25375	80005134	02e50f33	mul	x30,x10,x14	 x10:0x80040fe4 x14:0xfffffcc9 x30=0x72f0ea04
     253785.000 ns	     25377	80005138	53cbff13	andi	x30,x23,1340	 x23:0x80000000 x30=0x00000000
     253795.000 ns	     25378	8000513c	b0c5c197	auipc	x3,0xb0c5c	  x3=0x30c6113c
     253815.000 ns	     25380	80005140	e00010d3	fclass.s	x1,f0	  f0:0x80000000  x1=0x00000008
     253845.000 ns	     25383	80005144	c01b0a53	fcvt.wu.s	x20,f22	 f22:0x1f357a1e x20=0x00000000
     255025.000 ns	     25501	80005148	58021ad3	fsqrt.s	f21,f4	  f4:0x1f350483 f21=0x2effff26
     255055.000 ns	     25504	8000514c	03e4bc33	mulhu	x24,x9,x30	  x9:0xffffffaa x30:0x00000000 x24=0x00000000
     255075.000 ns	     25506	80005150	57c77417	auipc	x8,0x57c77	  x8=0xd7c7c150
     255095.000 ns	     25508	80005154	217c2253	fsgnjx.s	f4,f24,f23	 f24:0x00000000 f23:0x7fc00000  f4=0x00000000
     255135.000 ns	     25512	80005158	580881d3	fsqrt.s	f3,f17	 f17:0x9f357a1e  f3=0x7fc00000
     255165.000 ns	     25515	8000515c	2096a1d3	fsgnjx.s	f3,f13,f9	 f13:0xbf800000  f9:0xc44dc000  f3=0x3f800000
     255185.000 ns	     25517	80005160	4e054413	xori	x8,x10,1248	 x10:0x80040fe4  x8=0x80040b04
     255545.000 ns	     25553	80005164	02685833	divu	x16,x16,x6	 x16:0x00000000  x6:0x8bf78120 x16=0x00000000
     255575.000 ns	     25556	80005168	c0137dd3	fcvt.wu.s	x27,f6	  f6:0x41000000 x27=0x00000008
     255595.000 ns	     25558	8000516c	00000013	addi	x0,x0,0	  x0:0x00000000
     255625.000 ns	     25561	80005170	114dfe53	fmul.s	f28,f27,f20	 f27:0x00000000 f20:0x80000000 f28=0x80000000
     255655.000 ns	     25564	80005174	f00a08d3	fmv.w.x	f17,x20	 x20:0x00000000 f17=0x00000000
     255675.000 ns	     25566	80005178	5438f813	andi	x16,x17,1347	 x17:0x00000fff x16=0x00000543
     255685.000 ns	     25567	8000517c	418d8cb3	sub	x25,x27,x24	 x27:0x00000008 x24:0x00000000 x25=0x00000008
     255705.000 ns	     25569	80005180	f0080dd3	fmv.w.x	f27,x16	 x16:0x00000000 f27=0x00000543
     255725.000 ns	     25571	80005184	8246c793	xori	x15,x13,-2012	 x13:0x00000008 x15=0xfffff82c
     255765.000 ns	     25575	80005188	09aebbd3	fsub.s	f23,f29,f26	 f29:0x46b50a40 f26:0x9f357a1e f23=0x46b50a40
     256135.000 ns	     25612	8000518c	03f5e7b3	rem	x15,x11,x31	 x11:0x80000000 x31:0x00000001 x15=0x00000000
     256505.000 ns	     25649	80005190	03d1cfb3	div	x31,x3,x29	  x3:0x30c6113c x29:0x00000001 x31=0x30c6113c
     256535.000 ns	     25652	80005194	036827b3	mulhsu	x15,x16,x22	 x16:0x00000543 x22:0x20812008 x15=0x000000ab
     256555.000 ns	     25654	80005198	403c8833	sub	x16,x25,x3	 x25:0x00000008  x3:0x30c6113c x16=0xcf39eecc
     256565.000 ns	     25655	8000519c	93192d13	slti	x26,x18,-1743	 x18:0x00000001 x26=0x00000000
     256575.000 ns	     25656	800051a0	00500ab3	add	x21,x0,x5	  x0:0x00000000  x5:0x00000001 x21=0x00000001
     256585.000 ns	     25657	800051a4	15cfe593	ori	x11,x31,348	 x31:0x30c6113c x11=0x30c6117c
     256605.000 ns	     25659	800051a8	d01cfed3	fcvt.s.wu	f29,x25	 x25:0x00000008 f29=0x41000000
     256625.000 ns	     25661	800051ac	00000013	addi	x0,x0,0	  x0:0x00000000
     256645.000 ns	     25663	800051b0	a0cc94d3	flt.s	x9,f25,f12	 f25:0x4f000410 f12:0x4f000410  x9=0x00000000
     256985.000 ns	     25697	800051b4	19daa153	fdiv.s	f2,f21,f29	 f21:0x2effff26 f29:0x41000000  f2=0x2d3658f7
     257015.000 ns	     25700	800051b8	d00417d3	fcvt.s.w	f15,x8	  x8:0x80040b04 f15=0xcefff7e9
     257045.000 ns	     25703	800051bc	a0d71253	flt.s	x4,f14,f13	 f14:0x00000000 f13:0xbf800000  x4=0x00000000
     257065.000 ns	     25705	800051c0	01dc0633	add	x12,x24,x29	 x24:0x00000000 x29:0x00000001 x12=0x00000001
     257085.000 ns	     25707	800051c4	20ed1653	fsgnjn.s	f12,f26,f14	 f26:0x9f357a1e f14:0x00000000 f12=0x9f357a1e
     257105.000 ns	     25709	800051c8	02ef7f13	andi	x30,x30,46	 x30:0x00000000 x30=0x00000000
     257135.000 ns	     25712	800051cc	194c0953	fdiv.s	f18,f24,f20	 f24:0x00000000 f20:0x80000000 f18=0x7fc00000
     257165.000 ns	     25715	800051d0	0309ab33	mulhsu	x22,x19,x16	 x19:0x80041024 x16:0xcf39eecc x22=0x98665292
     257185.000 ns	     25717	800051d4	01abe4b3	or	x9,x23,x26	 x23:0x80000000 x26:0x00000000  x9=0x80000000
     257545.000 ns	     25753	800051d8	02eff7b3	remu	x15,x31,x14	 x31:0x30c6113c x14:0xfffffcc9 x15=0x30c6113c
     257575.000 ns	     25756	800051dc	03300833	mul	x16,x0,x19	  x0:0x00000000 x19:0x80041024 x16=0x00000000
     257605.000 ns	     25759	800051e0	c015f553	fcvt.wu.s	x10,f11	 f11:0x4a01d060 x10=0x00207418
     257625.000 ns	     25761	800051e4	129caf17	auipc	x30,0x129ca	 x30=0x929cf1e4
     257645.000 ns	     25763	800051e8	e00d90d3	fclass.s	x1,f27	 f27:0x00000543  x1=0x00000020
     257665.000 ns	     25765	800051ec	63543337	lui	x6,0x63543	  x6=0x63543000
     257675.000 ns	     25766	800051f0	4160d013	srai	x0,x1,0x16	  x1:0x00000020
     257685.000 ns	     25767	800051f4	409a0133	sub	x2,x20,x9	 x20:0x00000000  x9:0x80000000  x2=0x80000000
     258045.000 ns	     25803	800051f8	0225fd33	remu	x26,x11,x2	 x11:0x30c6117c  x2:0x00000000 x26=0x30c6117c
     258385.000 ns	     25837	800051fc	18917d53	fdiv.s	f26,f2,f9	  f2:0x2d3658f7  f9:0xc44dc000 f26=0xa879c4c4
     258405.000 ns	     25839	80005200	0121d1b3	srl	x3,x3,x18	  x3:0x30c6113c x18:0x00000001  x3=0x1863089e
     258435.000 ns	     25842	80005204	18d77c53	fdiv.s	f24,f14,f13	 f14:0x00000000 f13:0xbf800000 f24=0x80000000
     258465.000 ns	     25845	80005208	e00415d3	fclass.s	x11,f8	  f8:0x4effffff x11=0x00000040
     258485.000 ns	     25847	8000520c	9833b713	sltiu	x14,x7,-1661	  x7:0x20812000 x14=0x00000001
     258505.000 ns	     25849	80005210	026187b3	mul	x15,x3,x6	  x3:0x1863089e  x6:0x63543000 x15=0x7f75a000
     258875.000 ns	     25886	80005214	0316c333	div	x6,x13,x17	 x13:0x00000008 x17:0x00000fff  x6=0x00000000
     258905.000 ns	     25889	80005218	024c7cb3	remu	x25,x24,x4	 x24:0x00000000  x4:0x00000000 x25=0x00000000
     258935.000 ns	     25892	8000521c	02091633	mulh	x12,x18,x0	 x18:0x00000001  x0:0x00000000 x12=0x00000000
     258955.000 ns	     25894	80005220	01a63f33	sltu	x30,x12,x26	 x12:0x00000001 x26:0x30c6117c x30=0x00000001
     258975.000 ns	     25896	80005224	21458853	fsgnj.s	f16,f11,f20	 f11:0x4a01d060 f20:0x80000000 f16=0xca01d060
     259005.000 ns	     25899	80005228	03a805b3	mul	x11,x16,x26	 x16:0x00000000 x26:0x30c6117c x11=0x00000000
     259035.000 ns	     25902	8000522c	d004b653	fcvt.s.w	f12,x9	  x9:0x80000000 f12=0xcf000000
     259065.000 ns	     25905	80005230	c01670d3	fcvt.wu.s	x1,f12	 f12:0x9f357a1e  x1=0x80000000
     259095.000 ns	     25908	80005234	a1ee0453	fle.s	x8,f28,f30	 f28:0x80000000 f30:0x00000000  x8=0x00000001
     259115.000 ns	     25910	80005238	0030ccb3	xor	x25,x1,x3	  x1:0x80000000  x3:0x1863089e x25=0x9863089e
     259125.000 ns	     25911	8000523c	da9a7593	andi	x11,x20,-599	 x20:0x00000000 x11=0x00000000
     259135.000 ns	     25912	80005240	00f79ab3	sll	x21,x15,x15	 x15:0x7f75a000 x15:0x7f75a000 x21=0x7f75a000
     259145.000 ns	     25913	80005244	01fb5e93	srli	x29,x22,0x1f	 x22:0x98665292 x29=0x00000001
     259155.000 ns	     25914	80005248	01ca0cb3	add	x25,x20,x28	 x20:0x00000000 x28:0x80040fe4 x25=0x80040fe4
     259165.000 ns	     25915	8000524c	017dc833	xor	x16,x27,x23	 x27:0x00000008 x23:0x80000000 x16=0x80000008
     259495.000 ns	     25948	80005250	19b87ed3	fdiv.s	f29,f16,f27	 f16:0xca01d060 f27:0x00000543 f29=0xff800000
     259525.000 ns	     25951	80005254	0202dc33	divu	x24,x5,x0	  x5:0x00000001  x0:0x00000000 x24=0xffffffff
     259545.000 ns	     25953	80005258	ede67d13	andi	x26,x12,-290	 x12:0x00000000 x26=0x00000000
     259555.000 ns	     25954	8000525c	e0e3fcb7	lui	x25,0xe0e3f	 x25=0xe0e3f000
     259585.000 ns	     25957	80005260	185e7fd3	fdiv.s	f31,f28,f5	 f28:0x80000000  f5:0x00000000 f31=0x7fc00000
     259635.000 ns	     25962	80005264	005d7ed3	fadd.s	f29,f26,f5	 f26:0xa879c4c4  f5:0x00000000 f29=0xa879c4c4
     260005.000 ns	     25999	80005268	02e572b3	remu	x5,x10,x14	 x10:0x00207418 x14:0x00000001  x5=0x00000000
     260035.000 ns	     26002	8000526c	a1da0153	fle.s	x2,f20,f29	 f20:0x80000000 f29:0xa879c4c4  x2=0x00000000
     260055.000 ns	     26004	80005270	0105feb3	and	x29,x11,x16	 x11:0x00000000 x16:0x80000008 x29=0x00000000
     260075.000 ns	     26006	80005274	d01906d3	fcvt.s.wu	f13,x18	 x18:0x00000001 f13=0x3f800000
     260095.000 ns	     26008	80005278	6070be93	sltiu	x29,x1,1543	  x1:0x80000000 x29=0x00000000
     260115.000 ns	     26010	8000527c	f00381d3	fmv.w.x	f3,x7	  x7:0x20812000  f3=0x20812000
     260145.000 ns	     26013	80005280	a17b9c53	flt.s	x24,f23,f23	 f23:0x46b50a40 f23:0x46b50a40 x24=0x00000000
     260165.000 ns	     26015	80005284	00568eb3	add	x29,x13,x5	 x13:0x00000008  x5:0x00000000 x29=0x00000008
     260195.000 ns	     26018	80005288	11061fd3	fmul.s	f31,f12,f16	 f12:0xcf000000 f16:0xca01d060 f31=0x5981d060
     260225.000 ns	     26021	8000528c	02d13c33	mulhu	x24,x2,x13	  x2:0x00000000 x13:0x00000008 x24=0x00000000
     260245.000 ns	     26023	80005290	460b6713	ori	x14,x22,1120	 x22:0x98665292 x14=0x986656f2
     260265.000 ns	     26025	80005294	0255c633	div	x12,x11,x5	 x11:0x00000000  x5:0x00000000 x12=0xffffffff
     260295.000 ns	     26028	80005298	02ce3833	mulhu	x16,x28,x12	 x28:0x80040fe4 x12:0x00000000 x16=0x80040fe3
     260325.000 ns	     26031	8000529c	02ba5db3	divu	x27,x20,x11	 x20:0x00000000 x11:0x00000000 x27=0xffffffff
     260375.000 ns	     26036	800052a0	09da7ed3	fsub.s	f29,f20,f29	 f20:0x80000000 f29:0xa879c4c4 f29=0x2879c4c4
     260395.000 ns	     26038	800052a4	d5fdefb7	lui	x31,0xd5fde	 x31=0xd5fde000
     260425.000 ns	     26041	800052a8	10f8fa53	fmul.s	f20,f17,f15	 f17:0x00000000 f15:0xcefff7e9 f20=0x80000000
     260795.000 ns	     26078	800052ac	0375cdb3	div	x27,x11,x23	 x11:0x00000000 x23:0x80000000 x27=0x00000000
     260815.000 ns	     26080	800052b0	b9d7d3b7	lui	x7,0xb9d7d	  x7=0xb9d7d000
     260825.000 ns	     26081	800052b4	ce0dc013	xori	x0,x27,-800	 x27:0x00000000
     260835.000 ns	     26082	800052b8	01f85213	srli	x4,x16,0x1f	 x16:0x80040fe3  x4=0x00000001
     260845.000 ns	     26083	800052bc	413681b3	sub	x3,x13,x19	 x13:0x00000008 x19:0x80041024  x3=0x7ffbefe4
     260855.000 ns	     26084	800052c0	934cb813	sltiu	x16,x25,-1740	 x25:0xe0e3f000 x16=0x00000001
     260865.000 ns	     26085	800052c4	00f04233	xor	x4,x0,x15	  x0:0x00000000 x15:0x7f75a000  x4=0x7f75a000
     260875.000 ns	     26086	800052c8	005ce833	or	x16,x25,x5	 x25:0xe0e3f000  x5:0x00000000 x16=0xe0e3f000
     260885.000 ns	     26087	800052cc	01cad133	srl	x2,x21,x28	 x21:0x7f75a000 x28:0x80040fe4  x2=0x07f75a00
     261245.000 ns	     26123	800052d0	0378fab3	remu	x21,x17,x23	 x17:0x00000fff x23:0x80000000 x21=0x00000fff
     261265.000 ns	     26125	800052d4	40bcdcb3	sra	x25,x25,x11	 x25:0xe0e3f000 x11:0x00000000 x25=0xe0e3f000
     261595.000 ns	     26158	800052d8	19bbf8d3	fdiv.s	f17,f23,f27	 f23:0x46b50a40 f27:0x00000543 f17=0x7f800000
     261625.000 ns	     26161	800052dc	e00c9353	fclass.s	x6,f25	 f25:0x4f000410  x6=0x00000040
     261655.000 ns	     26164	800052e0	a0bc2f53	feq.s	x30,f24,f11	 f24:0x80000000 f11:0x4a01d060 x30=0x00000000
     261675.000 ns	     26166	800052e4	0116e4b3	or	x9,x13,x17	 x13:0x00000008 x17:0x00000fff  x9=0x00000fff
     262035.000 ns	     26202	800052e8	028344b3	div	x9,x6,x8	  x6:0x00000040  x8:0x00000001  x9=0x00000040
     262375.000 ns	     26236	800052ec	1864b6d3	fdiv.s	f13,f9,f6	  f9:0xc44dc000  f6:0x41000000 f13=0xc2928e7d
     262405.000 ns	     26239	800052f0	21be2cd3	fsgnjx.s	f25,f28,f27	 f28:0x80000000 f27:0x00000543 f25=0x80000000
     262435.000 ns	     26242	800052f4	209825d3	fsgnjx.s	f11,f16,f9	 f16:0xca01d060  f9:0xc44dc000 f11=0x4a01d060
     262465.000 ns	     26245	800052f8	e00714d3	fclass.s	x9,f14	 f14:0x00000000  x9=0x00000010
     262485.000 ns	     26247	800052fc	401d81b3	sub	x3,x27,x1	 x27:0x00000000  x1:0x80000000  x3=0x80000000
     262845.000 ns	     26283	80005300	02a3fcb3	remu	x25,x7,x10	  x7:0xb9d7d000 x10:0x00207418 x25=0x001f72a8
     262865.000 ns	     26285	80005304	0124bd33	sltu	x26,x9,x18	  x9:0x00000010 x18:0x00000001 x26=0x00000000
     262885.000 ns	     26287	80005308	03d62633	mulhsu	x12,x12,x29	 x12:0xffffffff x29:0x00000008 x12=0xffffffff
     262915.000 ns	     26290	8000530c	d00bf553	fcvt.s.w	f10,x23	 x23:0x80000000 f10=0xcf000000
     262935.000 ns	     26292	80005310	01a81c93	slli	x25,x16,0x1a	 x16:0xe0e3f000 x25=0x00000000
     262945.000 ns	     26293	80005314	874e8113	addi	x2,x29,-1932	 x29:0x00000008  x2=0xfffff87c
     262955.000 ns	     26294	80005318	00615f93	srli	x31,x2,0x6	  x2:0x07f75a00 x31=0x03ffffe1
     262975.000 ns	     26296	8000531c	028e8db3	mul	x27,x29,x8	 x29:0x00000008  x8:0x00000001 x27=0x00000008
     263315.000 ns	     26330	80005320	1863fc53	fdiv.s	f24,f7,f6	  f7:0xc44dc000  f6:0x41000000 f24=0xc2928e7d
     263345.000 ns	     26333	80005324	02b83d33	mulhu	x26,x16,x11	 x16:0xe0e3f000 x11:0x00000000 x26=0x00000000
     263395.000 ns	     26338	80005328	018448d3	fadd.s	f17,f8,f24	  f8:0x4effffff f24:0xc2928e7d f17=0x4efffffe
     263435.000 ns	     26342	8000532c	58067b53	fsqrt.s	f22,f12	 f12:0xcf000000 f22=0x7fc00000
     263465.000 ns	     26345	80005330	c01e1353	fcvt.wu.s	x6,f28	 f28:0x80000000  x6=0x00000000
     263495.000 ns	     26348	80005334	03aed2b3	divu	x5,x29,x26	 x29:0x00000008 x26:0x00000000  x5=0xffffffff
     263865.000 ns	     26385	80005338	02de4fb3	div	x31,x28,x13	 x28:0x80040fe4 x13:0x00000008 x31=0xf00081fd
     263895.000 ns	     26388	8000533c	a1189653	flt.s	x12,f17,f17	 f17:0x4efffffe f17:0x4efffffe x12=0x00000000
     263915.000 ns	     26390	80005340	011230b3	sltu	x1,x4,x17	  x4:0x7f75a000 x17:0x00000fff  x1=0x00000000
     263935.000 ns	     26392	80005344	28711cd3	fmax.s	f25,f2,f7	  f2:0x2d3658f7  f7:0xc44dc000 f25=0x2d3658f7
     263955.000 ns	     26394	80005348	00000013	addi	x0,x0,0	  x0:0x00000000
     263975.000 ns	     26396	8000534c	a1b18253	fle.s	x4,f3,f27	  f3:0x20812000 f27:0x00000543  x4=0x00000000
     263995.000 ns	     26398	80005350	01a501b3	add	x3,x10,x26	 x10:0x00207418 x26:0x00000000  x3=0x00207418
     264015.000 ns	     26400	80005354	a04c80d3	fle.s	x1,f25,f4	 f25:0x2d3658f7  f4:0x00000000  x1=0x00000000
     264045.000 ns	     26403	80005358	d0037253	fcvt.s.w	f4,x6	  x6:0x00000000  f4=0x00000000
     264065.000 ns	     26405	8000535c	00159a93	slli	x21,x11,0x1	 x11:0x00000000 x21=0x00000000
     264085.000 ns	     26407	80005360	d005c6d3	fcvt.s.w	f13,x11	 x11:0x00000000 f13=0x00000000
     264105.000 ns	     26409	80005364	62576893	ori	x17,x14,1573	 x14:0x986656f2 x17=0x986656f7
     264115.000 ns	     26410	80005368	ffb28537	lui	x10,0xffb28	 x10=0xffb28000
     264135.000 ns	     26412	8000536c	29c595d3	fmax.s	f11,f11,f28	 f11:0x4a01d060 f28:0x80000000 f11=0x4a01d060
     264165.000 ns	     26415	80005370	d00446d3	fcvt.s.w	f13,x8	  x8:0x00000001 f13=0x3f800000
     264185.000 ns	     26417	80005374	00000013	addi	x0,x0,0	  x0:0x00000000
     264195.000 ns	     26418	80005378	01ecda13	srli	x20,x25,0x1e	 x25:0x00000000 x20=0x00000000
     264215.000 ns	     26420	8000537c	02b87ab3	remu	x21,x16,x11	 x16:0xe0e3f000 x11:0x00000000 x21=0xe0e3f000
     264245.000 ns	     26423	80005380	02380333	mul	x6,x16,x3	 x16:0xe0e3f000  x3:0x00207418  x6=0x5e1e8000
     264265.000 ns	     26425	80005384	01480b33	add	x22,x16,x20	 x16:0xe0e3f000 x20:0x00000000 x22=0xe0e3f000
     264285.000 ns	     26427	80005388	21e712d3	fsgnjn.s	f5,f14,f30	 f14:0x00000000 f30:0x00000000  f5=0x80000000
     264305.000 ns	     26429	8000538c	40ad5d33	sra	x26,x26,x10	 x26:0x00000000 x10:0xffb28000 x26=0x00000000
     264315.000 ns	     26430	80005390	e1ea6ab7	lui	x21,0xe1ea6	 x21=0xe1ea6000
     264325.000 ns	     26431	80005394	528dfc93	andi	x25,x27,1320	 x27:0x00000008 x25=0x00000008
     264335.000 ns	     26432	80005398	73090f13	addi	x30,x18,1840	 x18:0x00000001 x30=0x00000731
     264355.000 ns	     26434	8000539c	e00f8ad3	fmv.x.w	x21,f31	 f31:0x5981d060 x21=0x5981d060
     264405.000 ns	     26439	800053a0	09a9c9d3	fsub.s	f19,f19,f26	 f19:0x80040fe4 f26:0xa879c4c4 f19=0x2879c4c4
     264425.000 ns	     26441	800053a4	00000013	addi	x0,x0,0	  x0:0x00000000
     264445.000 ns	     26443	800053a8	28e71cd3	fmax.s	f25,f14,f14	 f14:0x00000000 f14:0x00000000 f25=0x00000000
     264475.000 ns	     26446	800053ac	a0408953	fle.s	x18,f1,f4	  f1:0x80000000  f4:0x00000000 x18=0x00000001
     264495.000 ns	     26448	800053b0	810afd13	andi	x26,x21,-2032	 x21:0x5981d060 x26=0x5981d000
     264505.000 ns	     26449	800053b4	36617d37	lui	x26,0x36617	 x26=0x36617000
     264515.000 ns	     26450	800053b8	0173d6b3	srl	x13,x7,x23	  x7:0xb9d7d000 x23:0x80000000 x13=0xb9d7d000
     264535.000 ns	     26452	800053bc	f0098bd3	fmv.w.x	f23,x19	 x19:0x80041024 f23=0x80041024
     264565.000 ns	     26455	800053c0	e00d9ad3	fclass.s	x21,f27	 f27:0x00000543 x21=0x00000020
     264585.000 ns	     26457	800053c4	fec72e93	slti	x29,x14,-20	 x14:0x986656f2 x29=0x00000001
     264945.000 ns	     26493	800053c8	03f74833	div	x16,x14,x31	 x14:0x986656f2 x31:0xf00081fd x16=0x00000006
     264965.000 ns	     26495	800053cc	01e7a933	slt	x18,x15,x30	 x15:0x7f75a000 x30:0x00000731 x18=0x00000000
     264985.000 ns	     26497	800053d0	f0070353	fmv.w.x	f6,x14	 x14:0x986656f2  f6=0x986656f2
     265015.000 ns	     26500	800053d4	c0057c53	fcvt.w.s	x24,f10	 f10:0xcf000000 x24=0x80000000
     265045.000 ns	     26503	800053d8	f00d8153	fmv.w.x	f2,x27	 x27:0x00000008  f2=0x00000008
     265075.000 ns	     26506	800053dc	206984d3	fsgnj.s	f9,f19,f6	 f19:0x2879c4c4  f6:0x986656f2  f9=0xa879c4c4
     265105.000 ns	     26509	800053e0	e0060853	fmv.x.w	x16,f12	 f12:0xcf000000 x16=0xcf000000
     265125.000 ns	     26511	800053e4	011a3a33	sltu	x20,x20,x17	 x20:0x00000000 x17:0x986656f7 x20=0x00000001
     265135.000 ns	     26512	800053e8	012fa533	slt	x10,x31,x18	 x31:0xf00081fd x18:0x00000000 x10=0x00000001
     265145.000 ns	     26513	800053ec	b41c2413	slti	x8,x24,-1215	 x24:0x80000000  x8=0x00000001
     265185.000 ns	     26517	800053f0	099a7753	fsub.s	f14,f20,f25	 f20:0x80000000 f25:0x00000000 f14=0x80000000
     265215.000 ns	     26520	800053f4	a1da8253	fle.s	x4,f21,f29	 f21:0x2effff26 f29:0x2879c4c4  x4=0x00000000
     265255.000 ns	     26524	800053f8	580a7853	fsqrt.s	f16,f20	 f20:0x80000000 f16=0x80000000
     265285.000 ns	     26527	800053fc	02c40733	mul	x14,x8,x12	  x8:0x00000001 x12:0x00000000 x14=0x00000000
     265305.000 ns	     26529	80005400	eeaf8f93	addi	x31,x31,-278	 x31:0xf00081fd x31=0xf00080e7
     265325.000 ns	     26531	80005404	02d2afb3	mulhsu	x31,x5,x13	  x5:0xffffffff x13:0xb9d7d000 x31=0xffffffff
     265345.000 ns	     26533	80005408	11967493	andi	x9,x12,281	 x12:0x00000000  x9=0x00000000
     265355.000 ns	     26534	8000540c	00ca9813	slli	x16,x21,0xc	 x21:0x00000020 x16=0x00020000
     265365.000 ns	     26535	80005410	eb8bf237	lui	x4,0xeb8bf	  x4=0xeb8bf000
     265375.000 ns	     26536	80005414	dff20413	addi	x8,x4,-513	  x4:0x00000000  x8=0xeb8bedff
     265385.000 ns	     26537	80005418	c8dea513	slti	x10,x29,-883	 x29:0x00000001 x10=0x00000000
     265395.000 ns	     26538	8000541c	42b02813	slti	x16,x0,1067	  x0:0x00000000 x16=0x00000001
     265405.000 ns	     26539	80005420	007700b3	add	x1,x14,x7	 x14:0x00000000  x7:0xb9d7d000  x1=0xb9d7d000
     265415.000 ns	     26540	80005424	5a24f017	auipc	x0,0x5a24f	
     265435.000 ns	     26542	80005428	c0018ad3	fcvt.w.s	x21,f3	  f3:0x20812000 x21=0x00000000
     265455.000 ns	     26544	8000542c	01d6a7b3	slt	x15,x13,x29	 x13:0xb9d7d000 x29:0x00000001 x15=0x00000001
     265465.000 ns	     26545	80005430	c4783e93	sltiu	x29,x16,-953	 x16:0x00000001 x29=0x00000001
     265495.000 ns	     26548	80005434	11a1fbd3	fmul.s	f23,f3,f26	  f3:0x20812000 f26:0xa879c4c4 f23=0x897bf6be
     265515.000 ns	     26550	80005438	b40b2713	slti	x14,x22,-1216	 x22:0xe0e3f000 x14=0x00000001
     265535.000 ns	     26552	8000543c	e0070653	fmv.x.w	x12,f14	 f14:0x80000000 x12=0x80000000
     265565.000 ns	     26555	80005440	c00db153	fcvt.w.s	x2,f27	 f27:0x00000543  x2=0x00000000
     265585.000 ns	     26557	80005444	00f3f233	and	x4,x7,x15	  x7:0xb9d7d000 x15:0x00000001  x4=0x00000000
     265595.000 ns	     26558	80005448	002b54b3	srl	x9,x22,x2	 x22:0xe0e3f000  x2:0x00000000  x9=0xe0e3f000
     265605.000 ns	     26559	8000544c	6049b793	sltiu	x15,x19,1540	 x19:0x80041024 x15=0x00000000
     265615.000 ns	     26560	80005450	50962c97	auipc	x25,0x50962	 x25=0xd0967450
     265625.000 ns	     26561	80005454	41a30b33	sub	x22,x6,x26	  x6:0x5e1e8000 x26:0x36617000 x22=0x27bd1000
     265635.000 ns	     26562	80005458	5be70a93	addi	x21,x14,1470	 x14:0x00000001 x21=0x000005bf
     265645.000 ns	     26563	8000545c	008cd313	srli	x6,x25,0x8	 x25:0xd0967450  x6=0x00d09674
     265655.000 ns	     26564	80005460	312c2b13	slti	x22,x24,786	 x24:0x80000000 x22=0x00000001
     265665.000 ns	     26565	80005464	370aa213	slti	x4,x21,880	 x21:0x000005bf  x4=0x00000000
     265685.000 ns	     26567	80005468	020c1433	mulh	x8,x24,x0	 x24:0x80000000  x0:0x00000000  x8=0x00000000
     265715.000 ns	     26570	8000546c	03d13d33	mulhu	x26,x2,x29	  x2:0x00000000 x29:0x00000001 x26=0x00000000
     265745.000 ns	     26573	80005470	038795b3	mulh	x11,x15,x24	 x15:0x00000000 x24:0x80000000 x11=0x00000000
     265765.000 ns	     26575	80005474	00daa5b3	slt	x11,x21,x13	 x21:0x000005bf x13:0xb9d7d000 x11=0x00000000
     265775.000 ns	     26576	80005478	018953b3	srl	x7,x18,x24	 x18:0x00000000 x24:0x80000000  x7=0x00000000
     265795.000 ns	     26578	8000547c	c00aaa53	fcvt.w.s	x20,f21	 f21:0x2effff26 x20=0x00000000
     265845.000 ns	     26583	80005480	097df553	fsub.s	f10,f27,f23	 f27:0x00000543 f23:0x897bf6be f10=0x097bf6be
     266215.000 ns	     26620	80005484	03cdf533	remu	x10,x27,x28	 x27:0x00000008 x28:0x80040fe4 x10=0x00000008
     266235.000 ns	     26622	80005488	13f1bd13	sltiu	x26,x3,319	  x3:0x00207418 x26=0x00000000
     266245.000 ns	     26623	8000548c	00000013	addi	x0,x0,0	  x0:0x00000000
     266255.000 ns	     26624	80005490	e02a6e93	ori	x29,x20,-510	 x20:0x00000000 x29=0xfffffe02
     266285.000 ns	     26627	80005494	110e7153	fmul.s	f2,f28,f16	 f28:0x80000000 f16:0x80000000  f2=0x00000000
     266315.000 ns	     26630	80005498	02188533	mul	x10,x17,x1	 x17:0x986656f7  x1:0xb9d7d000 x10=0xaf19b000
     266335.000 ns	     26632	8000549c	01e4dc13	srli	x24,x9,0x1e	  x9:0xe0e3f000 x24=0x00000003
     266375.000 ns	     26636	800054a0	086146d3	fsub.s	f13,f2,f6	  f2:0x00000000  f6:0x986656f2 f13=0x186656f2
     266405.000 ns	     26639	800054a4	20951453	fsgnjn.s	f8,f10,f9	 f10:0x097bf6be  f9:0xa879c4c4  f8=0x097bf6be
     266425.000 ns	     26641	800054a8	00000013	addi	x0,x0,0	  x0:0x00000000
     266435.000 ns	     26642	800054ac	40bd84b3	sub	x9,x27,x11	 x27:0x00000008 x11:0x00000000  x9=0x00000008
     266455.000 ns	     26644	800054b0	c007f6d3	fcvt.w.s	x13,f15	 f15:0xcefff7e9 x13=0x7ffbf480
     266475.000 ns	     26646	800054b4	00655533	srl	x10,x10,x6	 x10:0xaf19b000  x6:0x00d09674 x10=0x00000af1
     266485.000 ns	     26647	800054b8	01036ab3	or	x21,x6,x16	  x6:0x00d09674 x16:0x00000001 x21=0x00d09675
     266505.000 ns	     26649	800054bc	201698d3	fsgnjn.s	f17,f13,f1	 f13:0x186656f2  f1:0x80000000 f17=0x186656f2
     266555.000 ns	     26654	800054c0	0175fc53	fadd.s	f24,f11,f23	 f11:0x4a01d060 f23:0x897bf6be f24=0x4a01d060
     266585.000 ns	     26657	800054c4	f00d0ed3	fmv.w.x	f29,x26	 x26:0x00000000 f29=0x00000000
     266605.000 ns	     26659	800054c8	40205233	sra	x4,x0,x2	  x0:0x00000000  x2:0x00000000  x4=0x00000000
     266615.000 ns	     26660	800054cc	00edd313	srli	x6,x27,0xe	 x27:0x00000008  x6=0x00000000
     266635.000 ns	     26662	800054d0	202514d3	fsgnjn.s	f9,f10,f2	 f10:0x097bf6be  f2:0x00000000  f9=0x897bf6be
     266665.000 ns	     26665	800054d4	c00b7a53	fcvt.w.s	x20,f22	 f22:0x7fc00000 x20=0x7fffffff
     266685.000 ns	     26667	800054d8	41810b33	sub	x22,x2,x24	  x2:0x00000000 x24:0x00000003 x22=0xfffffffd
     266715.000 ns	     26670	800054dc	192efd53	fdiv.s	f26,f29,f18	 f29:0x00000000 f18:0x7fc00000 f26=0x7fc00000
     266735.000 ns	     26672	800054e0	00000013	addi	x0,x0,0	  x0:0x00000000
     266745.000 ns	     26673	800054e4	4be02f93	slti	x31,x0,1214	  x0:0x00000000 x31=0x00000001
     266765.000 ns	     26675	800054e8	e00d96d3	fclass.s	x13,f27	 f27:0x00000543 x13=0x00000020
     266795.000 ns	     26678	800054ec	e0058dd3	fmv.x.w	x27,f11	 f11:0x4a01d060 x27=0x4a01d060
     266815.000 ns	     26680	800054f0	41f68813	addi	x16,x13,1055	 x13:0x00000020 x16=0x0000043f
     266825.000 ns	     26681	800054f4	b130ce93	xori	x29,x1,-1261	  x1:0xb9d7d000 x29=0x46282b13
     266835.000 ns	     26682	800054f8	ae316917	auipc	x18,0xae316	 x18=0x2e31b4f8
     266845.000 ns	     26683	800054fc	01dda433	slt	x8,x27,x29	 x27:0x4a01d060 x29:0xfffffe02  x8=0x00000000
     266865.000 ns	     26685	80005500	c00343d3	fcvt.w.s	x7,f6	  f6:0x986656f2  x7=0x00000000
     266905.000 ns	     26689	80005504	1121a353	fmul.s	f6,f3,f18	  f3:0x20812000 f18:0x7fc00000  f6=0x7fc00000
     266945.000 ns	     26693	80005508	103ab4d3	fmul.s	f9,f21,f3	 f21:0x2effff26  f3:0x20812000  f9=0x10011f93
     266965.000 ns	     26695	8000550c	97b6e8b7	lui	x17,0x97b6e	 x17=0x97b6e000
     267325.000 ns	     26731	80005510	03897433	remu	x8,x18,x24	 x18:0x2e31b4f8 x24:0x00000003  x8=0x00000001
     267355.000 ns	     26734	80005514	02f44ab3	div	x21,x8,x15	  x8:0x00000000 x15:0x00000000 x21=0xffffffff
     267375.000 ns	     26736	80005518	6d69c813	xori	x16,x19,1750	 x19:0x80041024 x16=0x800416f2
     267385.000 ns	     26737	8000551c	00783833	sltu	x16,x16,x7	 x16:0x0000043f  x7:0x00000000 x16=0x00000000
     267395.000 ns	     26738	80005520	01549f93	slli	x31,x9,0x15	  x9:0x00000008 x31=0x01000000
     267415.000 ns	     26740	80005524	283c9253	fmax.s	f4,f25,f3	 f25:0x00000000  f3:0x20812000  f4=0x20812000
     267445.000 ns	     26743	80005528	283b8ed3	fmin.s	f29,f23,f3	 f23:0x897bf6be  f3:0x20812000 f29=0x897bf6be
     267465.000 ns	     26745	8000552c	004e17b3	sll	x15,x28,x4	 x28:0x80040fe4  x4:0x00000000 x15=0x80040fe4
     267485.000 ns	     26747	80005530	28d09f53	fmax.s	f30,f1,f13	  f1:0x80000000 f13:0x186656f2 f30=0x186656f2
     267505.000 ns	     26749	80005534	01eb9a93	slli	x21,x23,0x1e	 x23:0x80000000 x21=0x00000000
     267545.000 ns	     26753	80005538	00a64d53	fadd.s	f26,f12,f10	 f12:0xcf000000 f10:0x097bf6be f26=0xcf000000
     267915.000 ns	     26790	8000553c	0329ca33	div	x20,x19,x18	 x19:0x80041024 x18:0x2e31b4f8 x20=0xfffffffe
     267945.000 ns	     26793	80005540	c0017ad3	fcvt.w.s	x21,f2	  f2:0x00000000 x21=0x00000000
     267965.000 ns	     26795	80005544	40d5df93	srai	x31,x11,0xd	 x11:0x00000000 x31=0x00000000
     267975.000 ns	     26796	80005548	40aadf13	srai	x30,x21,0xa	 x21:0x00000000 x30=0x00000000
     268015.000 ns	     26800	8000554c	012b70d3	fadd.s	f1,f22,f18	 f22:0x7fc00000 f18:0x7fc00000  f1=0x7fc00000
     268045.000 ns	     26803	80005550	02211d33	mulh	x26,x2,x2	  x2:0x00000000  x2:0x00000000 x26=0x00000000
     268075.000 ns	     26806	80005554	d01f4253	fcvt.s.wu	f4,x30	 x30:0x00000000  f4=0x00000000
     268105.000 ns	     26809	80005558	02245a33	divu	x20,x8,x2	  x8:0x00000001  x2:0x00000000 x20=0xffffffff
     268145.000 ns	     26813	8000555c	10fe7753	fmul.s	f14,f28,f15	 f28:0x80000000 f15:0xcefff7e9 f14=0x00000000
     268165.000 ns	     26815	80005560	01ac5fb3	srl	x31,x24,x26	 x24:0x00000003 x26:0x00000000 x31=0x00000003
     268175.000 ns	     26816	80005564	40f4d793	srai	x15,x9,0xf	  x9:0x00000008 x15=0x00000000
     268195.000 ns	     26818	80005568	02fa2833	mulhsu	x16,x20,x15	 x20:0xffffffff x15:0x80040fe4 x16=0x00000000
     268565.000 ns	     26855	8000556c	032dd033	divu	x0,x27,x18	 x27:0x4a01d060 x18:0x2e31b4f8
     268605.000 ns	     26859	80005570	107e88d3	fmul.s	f17,f29,f7	 f29:0x897bf6be  f7:0xc44dc000 f17=0x0e4a818f
     268635.000 ns	     26862	80005574	0261eb33	rem	x22,x3,x6	  x3:0x00207418  x6:0x00000000 x22=0x00207418
     268665.000 ns	     26865	80005578	a1b61153	flt.s	x2,f12,f27	 f12:0xcf000000 f27:0x00000543  x2=0x00000001
     268685.000 ns	     26867	8000557c	0100b033	sltu	x0,x1,x16	  x1:0xb9d7d000 x16:0x00000000
     268695.000 ns	     26868	80005580	01a3dc93	srli	x25,x7,0x1a	  x7:0x00000000 x25=0x00000000
     268705.000 ns	     26869	80005584	016bd293	srli	x5,x23,0x16	 x23:0x80000000  x5=0x00000200
     268715.000 ns	     26870	80005588	01aea433	slt	x8,x29,x26	 x29:0x46282b13 x26:0x00000000  x8=0x00000000
     268735.000 ns	     26872	8000558c	020102b3	mul	x5,x2,x0	  x2:0x00000001  x0:0x00000000  x5=0x00000000
     268755.000 ns	     26874	80005590	00000013	addi	x0,x0,0	  x0:0x00000000
     268765.000 ns	     26875	80005594	405fdcb3	sra	x25,x31,x5	 x31:0x00000003  x5:0x00000000 x25=0x00000003
     268785.000 ns	     26877	80005598	e00b0253	fmv.x.w	x4,f22	 f22:0x7fc00000  x4=0x7fc00000
     268805.000 ns	     26879	8000559c	00000013	addi	x0,x0,0	  x0:0x00000000
     268825.000 ns	     26881	800055a0	a18316d3	flt.s	x13,f6,f24	  f6:0x7fc00000 f24:0x4a01d060 x13=0x00000000
     268855.000 ns	     26884	800055a4	28488a53	fmin.s	f20,f17,f4	 f17:0x0e4a818f  f4:0x00000000 f20=0x00000000
     269225.000 ns	     26921	800055a8	036ff5b3	remu	x11,x31,x22	 x31:0x00000003 x22:0x00207418 x11=0x00000003
     269245.000 ns	     26923	800055ac	00000013	addi	x0,x0,0	  x0:0x00000000
     269265.000 ns	     26925	800055b0	217d1dd3	fsgnjn.s	f27,f26,f23	 f26:0xcf000000 f23:0x897bf6be f27=0x4f000000
     269285.000 ns	     26927	800055b4	88972413	slti	x8,x14,-1911	 x14:0x00000001  x8=0x00000000
     269295.000 ns	     26928	800055b8	018020b3	slt	x1,x0,x24	  x0:0x00000000 x24:0x00000003  x1=0x00000001
     269305.000 ns	     26929	800055bc	00fa6ab3	or	x21,x20,x15	 x20:0xffffffff x15:0x00000000 x21=0xffffffff
     269315.000 ns	     26930	800055c0	001897b3	sll	x15,x17,x1	 x17:0x97b6e000  x1:0xb9d7d000 x15=0x2f6dc000
     269325.000 ns	     26931	800055c4	00000013	addi	x0,x0,0	  x0:0x00000000
     269335.000 ns	     26932	800055c8	01e3fcb3	and	x25,x7,x30	  x7:0x00000000 x30:0x00000000 x25=0x00000000
     269345.000 ns	     26933	800055cc	01aed413	srli	x8,x29,0x1a	 x29:0x46282b13  x8=0x00000011
     269375.000 ns	     26936	800055d0	11a671d3	fmul.s	f3,f12,f26	 f12:0xcf000000 f26:0xcf000000  f3=0x5e800000
     269395.000 ns	     26938	800055d4	00b0a4b3	slt	x9,x1,x11	  x1:0x00000001 x11:0x00000003  x9=0x00000001
     269405.000 ns	     26939	800055d8	fc93e813	ori	x16,x7,-55	  x7:0x00000000 x16=0xffffffc9
     269425.000 ns	     26941	800055dc	c010f653	fcvt.wu.s	x12,f1	  f1:0x7fc00000 x12=0xffffffff
     269445.000 ns	     26943	800055e0	41770533	sub	x10,x14,x23	 x14:0x00000001 x23:0x80000000 x10=0x80000001
     269465.000 ns	     26945	800055e4	03929d33	mulh	x26,x5,x25	  x5:0x00000000 x25:0x00000000 x26=0x00000000
     269485.000 ns	     26947	800055e8	01d28633	add	x12,x5,x29	  x5:0x00000000 x29:0x46282b13 x12=0x46282b13
     269505.000 ns	     26949	800055ec	a1521ad3	flt.s	x21,f4,f21	  f4:0x00000000 f21:0x2effff26 x21=0x00000001
     269525.000 ns	     26951	800055f0	017ec133	xor	x2,x29,x23	 x29:0x46282b13 x23:0x80000000  x2=0xc6282b13
     269545.000 ns	     26953	800055f4	e00608d3	fmv.x.w	x17,f12	 f12:0xcf000000 x17=0xcf000000
     269565.000 ns	     26955	800055f8	01dc6fb3	or	x31,x24,x29	 x24:0x00000003 x29:0x46282b13 x31=0x46282b13
     269605.000 ns	     26959	800055fc	090ef1d3	fsub.s	f3,f29,f16	 f29:0x897bf6be f16:0x80000000  f3=0x897bf6be
     269635.000 ns	     26962	80005600	a0ca2cd3	feq.s	x25,f20,f12	 f20:0x00000000 f12:0xcf000000 x25=0x00000000
     269665.000 ns	     26965	80005604	0274e733	rem	x14,x9,x7	  x9:0x00000001  x7:0x00000000 x14=0x00000001
     269685.000 ns	     26967	80005608	00000013	addi	x0,x0,0	  x0:0x00000000
     269695.000 ns	     26968	8000560c	ba148a13	addi	x20,x9,-1119	  x9:0x00000001 x20=0xfffffba2
     269705.000 ns	     26969	80005610	00000013	addi	x0,x0,0	  x0:0x00000000
     269715.000 ns	     26970	80005614	00e1d3b3	srl	x7,x3,x14	  x3:0x00207418 x14:0x00000001  x7=0x00103a0c
     269725.000 ns	     26971	80005618	01670633	add	x12,x14,x22	 x14:0x00000001 x22:0x00207418 x12=0x00207419
     269735.000 ns	     26972	8000561c	41b5d633	sra	x12,x11,x27	 x11:0x00000003 x27:0x4a01d060 x12=0x00000003
     270095.000 ns	     27008	80005620	032374b3	remu	x9,x6,x18	  x6:0x00000000 x18:0x2e31b4f8  x9=0x00000000
     270125.000 ns	     27011	80005624	21bf0353	fsgnj.s	f6,f30,f27	 f30:0x186656f2 f27:0x4f000000  f6=0x186656f2
     270465.000 ns	     27045	80005628	18df02d3	fdiv.s	f5,f30,f13	 f30:0x186656f2 f13:0x186656f2  f5=0x3fa297bb
     270485.000 ns	     27047	8000562c	00000013	addi	x0,x0,0	  x0:0x00000000
     270495.000 ns	     27048	80005630	a7b3f017	auipc	x0,0xa7b3f	
     270515.000 ns	     27050	80005634	2072a8d3	fsgnjx.s	f17,f5,f7	  f5:0x3fa297bb  f7:0xc44dc000 f17=0xbfa297bb
     270535.000 ns	     27052	80005638	414a83b3	sub	x7,x21,x20	 x21:0x00000001 x20:0xfffffba2  x7=0x0000045f
     270545.000 ns	     27053	8000563c	40b2dc13	srai	x24,x5,0xb	  x5:0x00000000 x24=0x00000000
     270555.000 ns	     27054	80005640	019a6733	or	x14,x20,x25	 x20:0xfffffba2 x25:0x00000000 x14=0xfffffba2
     270565.000 ns	     27055	80005644	406b8eb3	sub	x29,x23,x6	 x23:0x80000000  x6:0x00000000 x29=0x80000000
     270585.000 ns	     27057	80005648	f0040853	fmv.w.x	f16,x8	  x8:0x00000011 f16=0x00000011
     270605.000 ns	     27059	8000564c	00ac86b3	add	x13,x25,x10	 x25:0x00000000 x10:0x80000001 x13=0x80000001
     270635.000 ns	     27062	80005650	580eb0d3	fsqrt.s	f1,f29	 f29:0x897bf6be  f1=0x7fc00000
     270685.000 ns	     27067	80005654	00ca0353	fadd.s	f6,f20,f12	 f20:0x00000000 f12:0xcf000000  f6=0xcf000000
     270705.000 ns	     27069	80005658	ee923293	sltiu	x5,x4,-279	  x4:0x7fc00000  x5=0x00000001
     270745.000 ns	     27073	8000565c	0182f7d3	fadd.s	f15,f5,f24	  f5:0x3fa297bb f24:0x4a01d060 f15=0x4a01d065
     270765.000 ns	     27075	80005660	01f2cb33	xor	x22,x5,x31	  x5:0x00000000 x31:0x46282b13 x22=0x46282b12
     270775.000 ns	     27076	80005664	f64eb613	sltiu	x12,x29,-156	 x29:0x80000000 x12=0x00000001
     270785.000 ns	     27077	80005668	8b36b493	sltiu	x9,x13,-1869	 x13:0x80000001  x9=0x00000001
     270805.000 ns	     27079	8000566c	e00d07d3	fmv.x.w	x15,f26	 f26:0xcf000000 x15=0xcf000000
     270825.000 ns	     27081	80005670	01ccd893	srli	x17,x25,0x1c	 x25:0x00000000 x17=0x00000000
     270835.000 ns	     27082	80005674	013c1d93	slli	x27,x24,0x13	 x24:0x00000000 x27=0x00000000
     271195.000 ns	     27118	80005678	03ccc833	div	x16,x25,x28	 x25:0x00000000 x28:0x80040fe4 x16=0x00000000
     271215.000 ns	     27120	8000567c	00226433	or	x8,x4,x2	  x4:0x7fc00000  x2:0xc6282b13  x8=0xffe82b13
     271255.000 ns	     27124	80005680	016c7d53	fadd.s	f26,f24,f22	 f24:0x4a01d060 f22:0x7fc00000 f26=0x7fc00000
     271285.000 ns	     27127	80005684	210386d3	fsgnj.s	f13,f7,f16	  f7:0xc44dc000 f16:0x00000011 f13=0x444dc000
     272465.000 ns	     27245	80005688	580c31d3	fsqrt.s	f3,f24	 f24:0x4a01d060  f3=0x44379534
     272495.000 ns	     27248	8000568c	d0099d53	fcvt.s.w	f26,x19	 x19:0x80041024 f26=0xcefff7df
     272525.000 ns	     27251	80005690	f0088d53	fmv.w.x	f26,x17	 x17:0x00000000 f26=0x00000000
     272545.000 ns	     27253	80005694	99b88293	addi	x5,x17,-1637	 x17:0x00000000  x5=0xfffff99b
     272555.000 ns	     27254	80005698	d8a4cc13	xori	x24,x9,-630	  x9:0x00000001 x24=0xfffffd8b
     272575.000 ns	     27256	8000569c	284a1353	fmax.s	f6,f20,f4	 f20:0x00000000  f4:0x00000000  f6=0x00000000
     272945.000 ns	     27293	800056a0	03d44fb3	div	x31,x8,x29	  x8:0xffe82b13 x29:0x80000000 x31=0x00000000
     273315.000 ns	     27330	800056a4	0285c233	div	x4,x11,x8	 x11:0x00000003  x8:0xffe82b13  x4=0x00000000
     273335.000 ns	     27332	800056a8	24a6ac93	slti	x25,x13,586	 x13:0x80000001 x25=0x00000001
     273355.000 ns	     27334	800056ac	293e1453	fmax.s	f8,f28,f19	 f28:0x80000000 f19:0x2879c4c4  f8=0x2879c4c4
     273385.000 ns	     27337	800056b0	03bf8eb3	mul	x29,x31,x27	 x31:0x00000000 x27:0x00000000 x29=0x00000000
     273405.000 ns	     27339	800056b4	00d4c0b3	xor	x1,x9,x13	  x9:0x00000001 x13:0x80000001  x1=0x80000000
     273415.000 ns	     27340	800056b8	089b3f93	sltiu	x31,x22,137	 x22:0x46282b12 x31=0x00000000
     273435.000 ns	     27342	800056bc	c015b8d3	fcvt.wu.s	x17,f11	 f11:0x4a01d060 x17=0x00207418
     273775.000 ns	     27376	800056c0	19542b53	fdiv.s	f22,f8,f21	  f8:0x2879c4c4 f21:0x2effff26 f22=0x39304ea7
     273805.000 ns	     27379	800056c4	e00d1053	fclass.s	x0,f26	 f26:0x00000000
     273825.000 ns	     27381	800056c8	c25b3393	sltiu	x7,x22,-987	 x22:0x46282b12  x7=0x00000001
     273845.000 ns	     27383	800056cc	a12802d3	fle.s	x5,f16,f18	 f16:0x00000011 f18:0x7fc00000  x5=0x00000000
     273875.000 ns	     27386	800056d0	02481133	mulh	x2,x16,x4	 x16:0x00000000  x4:0x00000000  x2=0x00000000
     273895.000 ns	     27388	800056d4	0121d7b3	srl	x15,x3,x18	  x3:0x00207418 x18:0x2e31b4f8 x15=0x00000000
     273905.000 ns	     27389	800056d8	01721eb3	sll	x29,x4,x23	  x4:0x00000000 x23:0x80000000 x29=0x00000000
     273915.000 ns	     27390	800056dc	80047513	andi	x10,x8,-2048	  x8:0xffe82b13 x10=0xffe82800
     273945.000 ns	     27393	800056e0	5808ccd3	fsqrt.s	f25,f17	 f17:0xbfa297bb f25=0x7fc00000
     273965.000 ns	     27395	800056e4	0142d193	srli	x3,x5,0x14	  x5:0x00000000  x3=0x00000000
     273985.000 ns	     27397	800056e8	02e7b433	mulhu	x8,x15,x14	 x15:0x00000000 x14:0xfffffba2  x8=0x00000000
     274015.000 ns	     27400	800056ec	a0cc2f53	feq.s	x30,f24,f12	 f24:0x4a01d060 f12:0xcf000000 x30=0x00000000
     274045.000 ns	     27403	800056f0	21988653	fsgnj.s	f12,f17,f25	 f17:0xbfa297bb f25:0x7fc00000 f12=0x3fa297bb
     274065.000 ns	     27405	800056f4	bb1f7013	andi	x0,x30,-1103	 x30:0x00000000
     274075.000 ns	     27406	800056f8	00f834b3	sltu	x9,x16,x15	 x16:0x00000000 x15:0x00000000  x9=0x00000000
     274095.000 ns	     27408	800056fc	20921b53	fsgnjn.s	f22,f4,f9	  f4:0x00000000  f9:0x10011f93 f22=0x80000000
     274115.000 ns	     27410	80005700	014ca393	slti	x7,x25,20	 x25:0x00000001  x7=0x00000001
     274125.000 ns	     27411	80005704	005cd913	srli	x18,x25,0x5	 x25:0x00000001 x18=0x00000000
     274135.000 ns	     27412	80005708	402481b3	sub	x3,x9,x2	  x9:0x00000000  x2:0x00000000  x3=0x00000000
     274155.000 ns	     27414	8000570c	f0088153	fmv.w.x	f2,x17	 x17:0x00207418  f2=0x00207418
     274175.000 ns	     27416	80005710	005cdd33	srl	x26,x25,x5	 x25:0x00000001  x5:0x00000000 x26=0x00000001
     274195.000 ns	     27418	80005714	a0101853	flt.s	x16,f0,f1	  f0:0x80000000  f1:0x7fc00000 x16=0x00000000
     274225.000 ns	     27421	80005718	28491853	fmax.s	f16,f18,f4	 f18:0x7fc00000  f4:0x00000000 f16=0x00000000
     274275.000 ns	     27426	8000571c	095471d3	fsub.s	f3,f8,f21	  f8:0x2879c4c4 f21:0x2effff26  f3=0xaefff757
     274305.000 ns	     27429	80005720	21d30053	fsgnj.s	f0,f6,f29	  f6:0x00000000 f29:0x897bf6be  f0=0x80000000
     274345.000 ns	     27433	80005724	19a47953	fdiv.s	f18,f8,f26	  f8:0x2879c4c4 f26:0x00000000 f18=0x7f800000
     274375.000 ns	     27436	80005728	d00d7353	fcvt.s.w	f6,x26	 x26:0x00000001  f6=0x3f800000
     274395.000 ns	     27438	8000572c	006f1a33	sll	x20,x30,x6	 x30:0x00000000  x6:0x00000000 x20=0x00000000
     274405.000 ns	     27439	80005730	00104233	xor	x4,x0,x1	  x0:0x00000000  x1:0x80000000  x4=0x80000000
     274415.000 ns	     27440	80005734	07970b13	addi	x22,x14,121	 x14:0xfffffba2 x22=0xfffffc1b
     274435.000 ns	     27442	80005738	29cb1f53	fmax.s	f30,f22,f28	 f22:0x80000000 f28:0x80000000 f30=0x80000000
     274455.000 ns	     27444	8000573c	016300b3	add	x1,x6,x22	  x6:0x00000000 x22:0x46282b12  x1=0xfffffc1b
     274475.000 ns	     27446	80005740	028458b3	divu	x17,x8,x8	  x8:0x00000000  x8:0x00000000 x17=0xffffffff
     274495.000 ns	     27448	80005744	00000013	addi	x0,x0,0	  x0:0x00000000
     274515.000 ns	     27450	80005748	0267c333	div	x6,x15,x6	 x15:0x00000000  x6:0x00000000  x6=0xffffffff
     274555.000 ns	     27454	8000574c	1962f7d3	fdiv.s	f15,f5,f22	  f5:0x3fa297bb f22:0x80000000 f15=0xff800000
     274585.000 ns	     27457	80005750	c0122553	fcvt.wu.s	x10,f4	  f4:0x00000000 x10=0x00000000
     274615.000 ns	     27460	80005754	e00514d3	fclass.s	x9,f10	 f10:0x097bf6be  x9=0x00000040
     274635.000 ns	     27462	80005758	3a44ad13	slti	x26,x9,932	  x9:0x00000000 x26=0x00000001
     274655.000 ns	     27464	8000575c	a11c14d3	flt.s	x9,f24,f17	 f24:0x4a01d060 f17:0xbfa297bb  x9=0x00000000
     274675.000 ns	     27466	80005760	00109a93	slli	x21,x1,0x1	  x1:0xfffffc1b x21=0xfffff836
     274695.000 ns	     27468	80005764	037226b3	mulhsu	x13,x4,x23	  x4:0x80000000 x23:0x80000000 x13=0xc0000000
     274715.000 ns	     27470	80005768	8d944e93	xori	x29,x8,-1831	  x8:0x00000000 x29=0xfffff8d9
     274735.000 ns	     27472	8000576c	0238e2b3	rem	x5,x17,x3	 x17:0xffffffff  x3:0x00000000  x5=0xffffffff
     274755.000 ns	     27474	80005770	012ce4b3	or	x9,x25,x18	 x25:0x00000001 x18:0x00000000  x9=0x00000001
     274765.000 ns	     27475	80005774	002264b3	or	x9,x4,x2	  x4:0x80000000  x2:0x00000000  x9=0x80000000
     274775.000 ns	     27476	80005778	002c2733	slt	x14,x24,x2	 x24:0xfffffd8b  x2:0x00000000 x14=0x00000001
     274795.000 ns	     27478	8000577c	a0770f53	fle.s	x30,f14,f7	 f14:0x00000000  f7:0xc44dc000 x30=0x00000000
     274815.000 ns	     27480	80005780	010b1013	slli	x0,x22,0x10	 x22:0xfffffc1b
     274835.000 ns	     27482	80005784	21cd19d3	fsgnjn.s	f19,f26,f28	 f26:0x00000000 f28:0x80000000 f19=0x00000000
     274855.000 ns	     27484	80005788	00339813	slli	x16,x7,0x3	  x7:0x00000001 x16=0x00000008
     274875.000 ns	     27486	8000578c	d018fa53	fcvt.s.wu	f20,x17	 x17:0xffffffff f20=0x4f7fffff
     274925.000 ns	     27491	80005790	0032c153	fadd.s	f2,f5,f3	  f5:0x3fa297bb  f3:0xaefff757  f2=0x3fa297bb
     274955.000 ns	     27494	80005794	a07b8953	fle.s	x18,f23,f7	 f23:0x897bf6be  f7:0xc44dc000 x18=0x00000000
     274975.000 ns	     27496	80005798	0197dd93	srli	x27,x15,0x19	 x15:0x00000000 x27=0x00000000
     274995.000 ns	     27498	8000579c	29da8953	fmin.s	f18,f21,f29	 f21:0x2effff26 f29:0x897bf6be f18=0x897bf6be
     275015.000 ns	     27500	800057a0	01763233	sltu	x4,x12,x23	 x12:0x00000001 x23:0x80000000  x4=0x00000001
     275035.000 ns	     27502	800057a4	e00316d3	fclass.s	x13,f6	  f6:0x3f800000 x13=0x00000040
     275055.000 ns	     27504	800057a8	61e94237	lui	x4,0x61e94	  x4=0x61e94000
     275065.000 ns	     27505	800057ac	01198c33	add	x24,x19,x17	 x19:0x80041024 x17:0xffffffff x24=0x80041023
     275095.000 ns	     27508	800057b0	191f0a53	fdiv.s	f20,f30,f17	 f30:0x80000000 f17:0xbfa297bb f20=0x00000000
     275115.000 ns	     27510	800057b4	0176adb3	slt	x27,x13,x23	 x13:0x00000040 x23:0x80000000 x27=0x00000000
     275135.000 ns	     27512	800057b8	037d3933	mulhu	x18,x26,x23	 x26:0x00000001 x23:0x80000000 x18=0x00000000
     275165.000 ns	     27515	800057bc	a12f88d3	fle.s	x17,f31,f18	 f31:0x5981d060 f18:0x897bf6be x17=0x00000000
     275185.000 ns	     27517	800057c0	00621133	sll	x2,x4,x6	  x4:0x61e94000  x6:0xffffffff  x2=0x00000000
     275195.000 ns	     27518	800057c4	2c5ae413	ori	x8,x21,709	 x21:0xfffff836  x8=0xfffffaf7
     275205.000 ns	     27519	800057c8	016bcc33	xor	x24,x23,x22	 x23:0x80000000 x22:0xfffffc1b x24=0x7ffffc1b
     275215.000 ns	     27520	800057cc	01dd32b3	sltu	x5,x26,x29	 x26:0x00000001 x29:0xfffff8d9  x5=0x00000001
     275225.000 ns	     27521	800057d0	01476433	or	x8,x14,x20	 x14:0x00000001 x20:0x00000000  x8=0x00000001
     275235.000 ns	     27522	800057d4	010f73b3	and	x7,x30,x16	 x30:0x00000000 x16:0x00000008  x7=0x00000000
     275255.000 ns	     27524	800057d8	a1c093d3	flt.s	x7,f1,f28	  f1:0x7fc00000 f28:0x80000000  x7=0x00000000
     275285.000 ns	     27527	800057dc	21cb8753	fsgnj.s	f14,f23,f28	 f23:0x897bf6be f28:0x80000000 f14=0x897bf6be
     275305.000 ns	     27529	800057e0	001ed693	srli	x13,x29,0x1	 x29:0xfffff8d9 x13=0x7ffffc6c
     275315.000 ns	     27530	800057e4	00f69533	sll	x10,x13,x15	 x13:0x00000040 x15:0x00000000 x10=0x7ffffc6c
     275325.000 ns	     27531	800057e8	da76f193	andi	x3,x13,-601	 x13:0x00000040  x3=0x7ffffc24
     275685.000 ns	     27567	800057ec	02957533	remu	x10,x10,x9	 x10:0x00000000  x9:0x80000000 x10=0x7ffffc6c
     275715.000 ns	     27570	800057f0	c0150a53	fcvt.wu.s	x20,f10	 f10:0x097bf6be x20=0x00000000
     275735.000 ns	     27572	800057f4	c423c613	xori	x12,x7,-958	  x7:0x00000000 x12=0xfffffc42
     275745.000 ns	     27573	800057f8	1afccc13	xori	x24,x25,431	 x25:0x00000001 x24=0x000001ae
     275755.000 ns	     27574	800057fc	735f7f93	andi	x31,x30,1845	 x30:0x00000000 x31=0x00000000
     275765.000 ns	     27575	80005800	002c1e93	slli	x29,x24,0x2	 x24:0x7ffffc1b x29=0x000006b8
     276125.000 ns	     27611	80005804	029756b3	divu	x13,x14,x9	 x14:0x00000001  x9:0x80000000 x13=0x00000000
     276495.000 ns	     27648	80005808	03ad4233	div	x4,x26,x26	 x26:0x00000001 x26:0x00000001  x4=0x00000001
     276525.000 ns	     27651	8000580c	2183a853	fsgnjx.s	f16,f7,f24	  f7:0xc44dc000 f24:0x4a01d060 f16=0xc44dc000
     276545.000 ns	     27653	80005810	b2db9a17	auipc	x20,0xb2db9	 x20=0x32dbe810
     276585.000 ns	     27657	80005814	0854f9d3	fsub.s	f19,f9,f5	  f9:0x10011f93  f5:0x3fa297bb f19=0xbfa297bb
     276605.000 ns	     27659	80005818	01ca1113	slli	x2,x20,0x1c	 x20:0x00000000  x2=0x00000000
     276615.000 ns	     27660	8000581c	401e8933	sub	x18,x29,x1	 x29:0x000006b8  x1:0xfffffc1b x18=0x00000a9d
     276625.000 ns	     27661	80005820	0024b733	sltu	x14,x9,x2	  x9:0x80000000  x2:0x00000000 x14=0x00000000
     276635.000 ns	     27662	80005824	d388ef93	ori	x31,x17,-712	 x17:0x00000000 x31=0xfffffd38
     277805.000 ns	     27779	80005828	58057f53	fsqrt.s	f30,f10	 f10:0x097bf6be f30=0x24322a00
     277825.000 ns	     27781	8000582c	00185933	srl	x18,x16,x1	 x16:0x00000008  x1:0xfffffc1b x18=0x00000000
     278185.000 ns	     27817	80005830	0249da33	divu	x20,x19,x4	 x19:0x80041024  x4:0x00000001 x20=0x80041024
     278205.000 ns	     27819	80005834	b57b8813	addi	x16,x23,-1193	 x23:0x80000000 x16=0x7ffffb57
     278215.000 ns	     27820	80005838	01bc1613	slli	x12,x24,0x1b	 x24:0x000001ae x12=0x70000000
     278235.000 ns	     27822	8000583c	28a38cd3	fmin.s	f25,f7,f10	  f7:0xc44dc000 f10:0x097bf6be f25=0xc44dc000
     278255.000 ns	     27824	80005840	00e2bfb3	sltu	x31,x5,x14	  x5:0x00000001 x14:0x00000000 x31=0x00000000
     278275.000 ns	     27826	80005844	204a0253	fsgnj.s	f4,f20,f4	 f20:0x00000000  f4:0x00000000  f4=0x00000000
     278645.000 ns	     27863	80005848	0219f433	remu	x8,x19,x1	 x19:0x80041024  x1:0xfffffc1b  x8=0x80041024
     278675.000 ns	     27866	8000584c	02daccb3	div	x25,x21,x13	 x21:0xfffff836 x13:0x00000000 x25=0xffffffff
     278705.000 ns	     27869	80005850	290182d3	fmin.s	f5,f3,f16	  f3:0xaefff757 f16:0xc44dc000  f5=0xc44dc000
     278735.000 ns	     27872	80005854	e00c87d3	fmv.x.w	x15,f25	 f25:0xc44dc000 x15=0xc44dc000
     278755.000 ns	     27874	80005858	00f6ba33	sltu	x20,x13,x15	 x13:0x00000000 x15:0x00000000 x20=0x00000001
     278775.000 ns	     27876	8000585c	0287a033	mulhsu	x0,x15,x8	 x15:0xc44dc000  x8:0x80041024
     278795.000 ns	     27878	80005860	5dea3f13	sltiu	x30,x20,1502	 x20:0x80041024 x30=0x00000001
     278815.000 ns	     27880	80005864	d0158f53	fcvt.s.wu	f30,x11	 x11:0x00000003 f30=0x40400000
     278835.000 ns	     27882	80005868	4073d793	srai	x15,x7,0x7	  x7:0x00000000 x15=0x00000000
     278855.000 ns	     27884	8000586c	20901f53	fsgnjn.s	f30,f0,f9	  f0:0x80000000  f9:0x10011f93 f30=0x80000000
     278875.000 ns	     27886	80005870	015766b3	or	x13,x14,x21	 x14:0x00000000 x21:0xfffff836 x13=0xfffff836
     278895.000 ns	     27888	80005874	a0968753	fle.s	x14,f13,f9	 f13:0x444dc000  f9:0x10011f93 x14=0x00000000
     278925.000 ns	     27891	80005878	c000a5d3	fcvt.w.s	x11,f1	  f1:0x7fc00000 x11=0x7fffffff
     278945.000 ns	     27893	8000587c	41f1d6b3	sra	x13,x3,x31	  x3:0x7ffffc24 x31:0x00000000 x13=0x7ffffc24
     278955.000 ns	     27894	80005880	409a0ab3	sub	x21,x20,x9	 x20:0x00000001  x9:0x80000000 x21=0x80000001
     278965.000 ns	     27895	80005884	016bd633	srl	x12,x23,x22	 x23:0x80000000 x22:0xfffffc1b x12=0x00000010
     278985.000 ns	     27897	80005888	02440d33	mul	x26,x8,x4	  x8:0x80041024  x4:0x00000001 x26=0x80041024
     279005.000 ns	     27899	8000588c	013a7fb3	and	x31,x20,x19	 x20:0x00000001 x19:0x80041024 x31=0x00000000
     279015.000 ns	     27900	80005890	00f59fb3	sll	x31,x11,x15	 x11:0x7fffffff x15:0x00000000 x31=0x7fffffff
     279035.000 ns	     27902	80005894	02fba6b3	mulhsu	x13,x23,x15	 x23:0x80000000 x15:0x00000000 x13=0x00000000
     279055.000 ns	     27904	80005898	00f39f93	slli	x31,x7,0xf	  x7:0x00000000 x31=0x00000000
     279075.000 ns	     27906	8000589c	c0037ad3	fcvt.w.s	x21,f6	  f6:0x3f800000 x21=0x00000001
     279095.000 ns	     27908	800058a0	a1958817	auipc	x16,0xa1958	 x16=0x2195d8a0
     279105.000 ns	     27909	800058a4	2164e413	ori	x8,x9,534	  x9:0x80000000  x8=0x80000216
     279115.000 ns	     27910	800058a8	005c1413	slli	x8,x24,0x5	 x24:0x000001ae  x8=0x000035c0
     279135.000 ns	     27912	800058ac	d019f953	fcvt.s.wu	f18,x19	 x19:0x80041024 f18=0x4f000410
     279155.000 ns	     27914	800058b0	40c68c33	sub	x24,x13,x12	 x13:0x00000000 x12:0x00000010 x24=0xfffffff0
     279175.000 ns	     27916	800058b4	c0063c53	fcvt.w.s	x24,f12	 f12:0x3fa297bb x24=0x00000002
     279205.000 ns	     27919	800058b8	d0158953	fcvt.s.wu	f18,x11	 x11:0x7fffffff f18=0x4f000000
     279225.000 ns	     27921	800058bc	cd250013	addi	x0,x10,-814	 x10:0x7ffffc6c
     279235.000 ns	     27922	800058c0	0fdfb093	sltiu	x1,x31,253	 x31:0x00000000  x1=0x00000001
     279255.000 ns	     27924	800058c4	a1b1a753	feq.s	x14,f3,f27	  f3:0xaefff757 f27:0x4f000000 x14=0x00000000
     279305.000 ns	     27929	800058c8	0073b3d3	fadd.s	f7,f7,f7	  f7:0xc44dc000  f7:0xc44dc000  f7=0xc4cdc000
     279335.000 ns	     27932	800058cc	20bd8253	fsgnj.s	f4,f27,f11	 f27:0x4f000000 f11:0x4a01d060  f4=0x4f000000
     279365.000 ns	     27935	800058d0	f00e8dd3	fmv.w.x	f27,x29	 x29:0x000006b8 f27=0x000006b8
     279395.000 ns	     27938	800058d4	e00092d3	fclass.s	x5,f1	  f1:0x7fc00000  x5=0x00000200
     279415.000 ns	     27940	800058d8	410add33	sra	x26,x21,x16	 x21:0x00000001 x16:0x2195d8a0 x26=0x00000001
     279435.000 ns	     27942	800058dc	d00a40d3	fcvt.s.w	f1,x20	 x20:0x00000001  f1=0x3f800000
     279455.000 ns	     27944	800058e0	01d00cb3	add	x25,x0,x29	  x0:0x00000000 x29:0x000006b8 x25=0x000006b8
     279465.000 ns	     27945	800058e4	0eadc113	xori	x2,x27,234	 x27:0x00000000  x2=0x000000ea
     279485.000 ns	     27947	800058e8	02b48233	mul	x4,x9,x11	  x9:0x80000000 x11:0x7fffffff  x4=0x80000000
     279505.000 ns	     27949	800058ec	01224933	xor	x18,x4,x18	  x4:0x00000001 x18:0x00000000 x18=0x80000000
     279515.000 ns	     27950	800058f0	00c4b933	sltu	x18,x9,x12	  x9:0x80000000 x12:0x00000010 x18=0x00000000
     279845.000 ns	     27983	800058f4	190672d3	fdiv.s	f5,f12,f16	 f12:0x3fa297bb f16:0xc44dc000  f5=0xbadeb5ac
     279865.000 ns	     27985	800058f8	40595833	sra	x16,x18,x5	 x18:0x80000000  x5:0x00000200 x16=0x00000000
     279875.000 ns	     27986	800058fc	40e6d533	sra	x10,x13,x14	 x13:0x00000000 x14:0x00000000 x10=0x00000000
     279885.000 ns	     27987	80005900	082af013	andi	x0,x21,130	 x21:0x00000001
     279895.000 ns	     27988	80005904	6e642f13	slti	x30,x8,1766	  x8:0x000035c0 x30=0x00000000
     279905.000 ns	     27989	80005908	018b1f33	sll	x30,x22,x24	 x22:0xfffffc1b x24:0x00000002 x30=0xfffff06c
     279915.000 ns	     27990	8000590c	40e2d233	sra	x4,x5,x14	  x5:0x00000200 x14:0x00000000  x4=0x00000200
     279925.000 ns	     27991	80005910	01d103b3	add	x7,x2,x29	  x2:0x000000ea x29:0x000006b8  x7=0x000007a2
     279945.000 ns	     27993	80005914	29ec8753	fmin.s	f14,f25,f30	 f25:0xc44dc000 f30:0x80000000 f14=0xc44dc000
     279975.000 ns	     27996	80005918	c007ffd3	fcvt.w.s	x31,f15	 f15:0xff800000 x31=0x80000000
     279995.000 ns	     27998	8000591c	00619f93	slli	x31,x3,0x6	  x3:0x7ffffc24 x31=0xffff0900
     280015.000 ns	     28000	80005920	d00670d3	fcvt.s.w	f1,x12	 x12:0x00000010  f1=0x41800000
     280045.000 ns	     28003	80005924	21e705d3	fsgnj.s	f11,f14,f30	 f14:0xc44dc000 f30:0x80000000 f11=0xc44dc000
     280415.000 ns	     28040	80005928	03ce6433	rem	x8,x28,x28	 x28:0x80040fe4 x28:0x80040fe4  x8=0x00000000
     280435.000 ns	     28042	8000592c	f7011217	auipc	x4,0xf7011	  x4=0x7701692c
     280445.000 ns	     28043	80005930	4c350393	addi	x7,x10,1219	 x10:0x00000000  x7=0x000004c3
     280455.000 ns	     28044	80005934	061ee197	auipc	x3,0x61ee	  x3=0x861f3934
     280465.000 ns	     28045	80005938	011ad813	srli	x16,x21,0x11	 x21:0x00000001 x16=0x00000000
     280475.000 ns	     28046	8000593c	775ebd93	sltiu	x27,x29,1909	 x29:0x000006b8 x27=0x00000001
     280495.000 ns	     28048	80005940	c0108f53	fcvt.wu.s	x30,f1	  f1:0x41800000 x30=0x00000010
     280515.000 ns	     28050	80005944	011a1d93	slli	x27,x20,0x11	 x20:0x00000001 x27=0x00020000
     280555.000 ns	     28054	80005948	0113f453	fadd.s	f8,f7,f17	  f7:0xc4cdc000 f17:0xbfa297bb  f8=0xc4cde8a5
     280925.000 ns	     28091	8000594c	02c7f533	remu	x10,x15,x12	 x15:0x00000000 x12:0x00000010 x10=0x00000000
     280955.000 ns	     28094	80005950	036a2cb3	mulhsu	x25,x20,x22	 x20:0x00000001 x22:0xfffffc1b x25=0x00000000
     280985.000 ns	     28097	80005954	20948953	fsgnj.s	f18,f9,f9	  f9:0x10011f93  f9:0x10011f93 f18=0x10011f93
     281015.000 ns	     28100	80005958	20bfa853	fsgnjx.s	f16,f31,f11	 f31:0x5981d060 f11:0xc44dc000 f16=0xd981d060
     281045.000 ns	     28103	8000595c	21288753	fsgnj.s	f14,f17,f18	 f17:0xbfa297bb f18:0x10011f93 f14=0x3fa297bb
     281075.000 ns	     28106	80005960	03128733	mul	x14,x5,x17	  x5:0x00000200 x17:0x00000000 x14=0x00000000
     281095.000 ns	     28108	80005964	01829233	sll	x4,x5,x24	  x5:0x00000200 x24:0x00000002  x4=0x00000800
     281105.000 ns	     28109	80005968	00000013	addi	x0,x0,0	  x0:0x00000000
     281145.000 ns	     28113	8000596c	010335d3	fadd.s	f11,f6,f16	  f6:0x3f800000 f16:0xd981d060 f11=0xd981d060
     281165.000 ns	     28115	80005970	41cf5413	srai	x8,x30,0x1c	 x30:0x00000010  x8=0x00000000
     281185.000 ns	     28117	80005974	d007f853	fcvt.s.w	f16,x15	 x15:0x00000000 f16=0x00000000
     281205.000 ns	     28119	80005978	95073113	sltiu	x2,x14,-1712	 x14:0x00000000  x2=0x00000001
     281215.000 ns	     28120	8000597c	89047f93	andi	x31,x8,-1904	  x8:0x00000000 x31=0x00000000
     281575.000 ns	     28156	80005980	022e6eb3	rem	x29,x28,x2	 x28:0x80040fe4  x2:0x000000ea x29=0x00000000
     281595.000 ns	     28158	80005984	2920f513	andi	x10,x1,658	  x1:0x00000001 x10=0x00000000
     281605.000 ns	     28159	80005988	eb3e8793	addi	x15,x29,-333	 x29:0x00000000 x15=0xfffffeb3
     281615.000 ns	     28160	8000598c	41920a33	sub	x20,x4,x25	  x4:0x00000800 x25:0x00000000 x20=0x00000800
     281635.000 ns	     28162	80005990	a09e8cd3	fle.s	x25,f29,f9	 f29:0x897bf6be  f9:0x10011f93 x25=0x00000001
     281665.000 ns	     28165	80005994	034cb0b3	mulhu	x1,x25,x20	 x25:0x00000000 x20:0x00000001  x1=0x00000000
     281685.000 ns	     28167	80005998	012a1693	slli	x13,x20,0x12	 x20:0x00000800 x13=0x20000000
     281695.000 ns	     28168	8000599c	35f78913	addi	x18,x15,863	 x15:0xfffffeb3 x18=0x00000212
     281715.000 ns	     28170	800059a0	d00e0c53	fcvt.s.w	f24,x28	 x28:0x80040fe4 f24=0xcefff7e0
     281745.000 ns	     28173	800059a4	e00a15d3	fclass.s	x11,f20	 f20:0x00000000 x11=0x00000010
     281775.000 ns	     28176	800059a8	030f6ab3	rem	x21,x30,x16	 x30:0x00000010 x16:0x00000000 x21=0x00000010
     281795.000 ns	     28178	800059ac	00000013	addi	x0,x0,0	  x0:0x00000000
     281835.000 ns	     28182	800059b0	007f7853	fadd.s	f16,f30,f7	 f30:0x80000000  f7:0xc4cdc000 f16=0xc4cdc000
     281865.000 ns	     28185	800059b4	29590853	fmin.s	f16,f18,f21	 f18:0x10011f93 f21:0x2effff26 f16=0x10011f93
     281885.000 ns	     28187	800059b8	001905b3	add	x11,x18,x1	 x18:0x00000212  x1:0x00000000 x11=0x00000212
     281905.000 ns	     28189	800059bc	e00b9753	fclass.s	x14,f23	 f23:0x897bf6be x14=0x00000002
     281935.000 ns	     28192	800059c0	03318833	mul	x16,x3,x19	  x3:0x861f3934 x19:0x80041024 x16=0xb4c74b50
     281955.000 ns	     28194	800059c4	01639033	sll	x0,x7,x22	  x7:0x000004c3 x22:0xfffffc1b
     281965.000 ns	     28195	800059c8	019ba933	slt	x18,x23,x25	 x23:0x80000000 x25:0x00000001 x18=0x00000001
     281975.000 ns	     28196	800059cc	dc8d4b13	xori	x22,x26,-568	 x26:0x00000001 x22=0xfffffdc9
     281995.000 ns	     28198	800059d0	21c52953	fsgnjx.s	f18,f10,f28	 f10:0x097bf6be f28:0x80000000 f18=0x897bf6be
     282365.000 ns	     28235	800059d4	03ed5db3	divu	x27,x26,x30	 x26:0x00000001 x30:0x00000010 x27=0x00000000
     282395.000 ns	     28238	800059d8	c0030753	fcvt.w.s	x14,f6	  f6:0x3f800000 x14=0x00000001
     282415.000 ns	     28240	800059dc	00738ab3	add	x21,x7,x7	  x7:0x000004c3  x7:0x000004c3 x21=0x00000986
     282435.000 ns	     28242	800059e0	a1f79053	flt.s	x0,f15,f31	 f15:0xff800000 f31:0x5981d060
     282455.000 ns	     28244	800059e4	56023a93	sltiu	x21,x4,1376	  x4:0x00000800 x21=0x00000000
     282475.000 ns	     28246	800059e8	e00018d3	fclass.s	x17,f0	  f0:0x80000000 x17=0x00000008
     282495.000 ns	     28248	800059ec	1c4c4c93	xori	x25,x24,452	 x24:0x00000002 x25=0x000001c6
     282515.000 ns	     28250	800059f0	a1f00f53	fle.s	x30,f0,f31	  f0:0x80000000 f31:0x5981d060 x30=0x00000001
     282545.000 ns	     28253	800059f4	218522d3	fsgnjx.s	f5,f10,f24	 f10:0x097bf6be f24:0xcefff7e0  f5=0x897bf6be
     282565.000 ns	     28255	800059f8	403053b3	sra	x7,x0,x3	  x0:0x00000000  x3:0x861f3934  x7=0x00000000
     282575.000 ns	     28256	800059fc	bb734213	xori	x4,x6,-1097	  x6:0xffffffff  x4=0x00000448
     282615.000 ns	     28260	80005a00	08d9f9d3	fsub.s	f19,f19,f13	 f19:0xbfa297bb f13:0x444dc000 f19=0xc44e114b
     282645.000 ns	     28263	80005a04	027951b3	divu	x3,x18,x7	 x18:0x00000001  x7:0x00000000  x3=0xffffffff
     282665.000 ns	     28265	80005a08	0139fcb3	and	x25,x19,x19	 x19:0x80041024 x19:0x80041024 x25=0x80041024
     282695.000 ns	     28268	80005a0c	109523d3	fmul.s	f7,f10,f9	 f10:0x097bf6be  f9:0x10011f93  f7=0x59fe2cd2
     282725.000 ns	     28271	80005a10	c0142853	fcvt.wu.s	x16,f8	  f8:0xc4cde8a5 x16=0x00000670
     282745.000 ns	     28273	80005a14	00798333	add	x6,x19,x7	 x19:0x80041024  x7:0x00000000  x6=0x80041024
     283105.000 ns	     28309	80005a18	036e7533	remu	x10,x28,x22	 x28:0x80040fe4 x22:0xfffffdc9 x10=0x80040fe4
     283125.000 ns	     28311	80005a1c	01667833	and	x16,x12,x22	 x12:0x00000010 x22:0xfffffdc9 x16=0x00000000
     283135.000 ns	     28312	80005a20	00c89b33	sll	x22,x17,x12	 x17:0x00000008 x12:0x00000010 x22=0x00080000
     283145.000 ns	     28313	80005a24	006d58b3	srl	x17,x26,x6	 x26:0x00000001  x6:0x80041024 x17=0x00000000
     283155.000 ns	     28314	80005a28	8ca03c93	sltiu	x25,x0,-1846	  x0:0x00000000 x25=0x00000001
     283175.000 ns	     28316	80005a2c	0348a2b3	mulhsu	x5,x17,x20	 x17:0x00000008 x20:0x00000800  x5=0x00000000
     283205.000 ns	     28319	80005a30	d0012e53	fcvt.s.w	f28,x2	  x2:0x00000001 f28=0x3f800000
     283225.000 ns	     28321	80005a34	b3b1ba13	sltiu	x20,x3,-1221	  x3:0xffffffff x20=0x00000000
     283235.000 ns	     28322	80005a38	01371c93	slli	x25,x14,0x13	 x14:0x00000001 x25=0x00080000
     283245.000 ns	     28323	80005a3c	00875093	srli	x1,x14,0x8	 x14:0x00000001  x1=0x00000000
     283605.000 ns	     28359	80005a40	03e14eb3	div	x29,x2,x30	  x2:0x00000001 x30:0x00000001 x29=0x00000001
     283625.000 ns	     28361	80005a44	01f09a93	slli	x21,x1,0x1f	  x1:0x00000000 x21=0x00000000
     283635.000 ns	     28362	80005a48	2c5e9737	lui	x14,0x2c5e9	 x14=0x2c5e9000
     283965.000 ns	     28395	80005a4c	18e5be53	fdiv.s	f28,f11,f14	 f11:0xd981d060 f14:0x3fa297bb f28=0xd943f59a
     283985.000 ns	     28397	80005a50	05a2ca97	auipc	x21,0x5a2c	 x21=0x85a31a50
     283995.000 ns	     28398	80005a54	01f8da93	srli	x21,x17,0x1f	 x17:0x00000000 x21=0x00000000
     284025.000 ns	     28401	80005a58	116373d3	fmul.s	f7,f6,f22	  f6:0x3f800000 f22:0x80000000  f7=0x80000000
     284395.000 ns	     28438	80005a5c	03e5deb3	divu	x29,x11,x30	 x11:0x00000212 x30:0x00000001 x29=0x00000212
     284425.000 ns	     28441	80005a60	d00aff53	fcvt.s.w	f30,x21	 x21:0x00000000 f30=0x00000000
     284445.000 ns	     28443	80005a64	74f6fc17	auipc	x24,0x74f6f	 x24=0xf4f74a64
     284485.000 ns	     28447	80005a68	012bfe53	fadd.s	f28,f23,f18	 f23:0x897bf6be f18:0x897bf6be f28=0x89fbf6be
     284505.000 ns	     28449	80005a6c	19a2c093	xori	x1,x5,410	  x5:0x00000000  x1=0x0000019a
     284525.000 ns	     28451	80005a70	280b02d3	fmin.s	f5,f22,f0	 f22:0x80000000  f0:0x80000000  f5=0x80000000
     284555.000 ns	     28454	80005a74	03423133	mulhu	x2,x4,x20	  x4:0x00000448 x20:0x00000000  x2=0x00000000
     284575.000 ns	     28456	80005a78	80e76113	ori	x2,x14,-2034	 x14:0x2c5e9000  x2=0xfffff80e
     284585.000 ns	     28457	80005a7c	155ca493	slti	x9,x25,341	 x25:0x00080000  x9=0x00000000
     284605.000 ns	     28459	80005a80	c01f4f53	fcvt.wu.s	x30,f30	 f30:0x00000000 x30=0x00000000
     284625.000 ns	     28461	80005a84	da794d13	xori	x26,x18,-601	 x18:0x00000001 x26=0xfffffda6
     284645.000 ns	     28463	80005a88	03e9ba33	mulhu	x20,x19,x30	 x19:0x80041024 x30:0x00000000 x20=0x00000000
     284665.000 ns	     28465	80005a8c	a4d70193	addi	x3,x14,-1459	 x14:0x2c5e9000  x3=0x2c5e8a4d
     284695.000 ns	     28468	80005a90	11a6fcd3	fmul.s	f25,f13,f26	 f13:0x444dc000 f26:0x00000000 f25=0x00000000
     284715.000 ns	     28470	80005a94	193a8d37	lui	x26,0x193a8	 x26=0x193a8000
     284725.000 ns	     28471	80005a98	40370db3	sub	x27,x14,x3	 x14:0x2c5e9000  x3:0x2c5e8a4d x27=0x000005b3
     284745.000 ns	     28473	80005a9c	038e9233	mulh	x4,x29,x24	 x29:0x00000212 x24:0xf4f74a64  x4=0xffffffe9
     284765.000 ns	     28475	80005aa0	00000013	addi	x0,x0,0	  x0:0x00000000
     284785.000 ns	     28477	80005aa4	2085af53	fsgnjx.s	f30,f11,f8	 f11:0xd981d060  f8:0xc4cde8a5 f30=0x5981d060
     284815.000 ns	     28480	80005aa8	a02ca0d3	feq.s	x1,f25,f2	 f25:0x00000000  f2:0x3fa297bb  x1=0x00000000
     284845.000 ns	     28483	80005aac	29c684d3	fmin.s	f9,f13,f28	 f13:0x444dc000 f28:0x89fbf6be  f9=0x89fbf6be
     284875.000 ns	     28486	80005ab0	20b8a0d3	fsgnjx.s	f1,f17,f11	 f17:0xbfa297bb f11:0xd981d060  f1=0x3fa297bb
     284895.000 ns	     28488	80005ab4	409ad213	srai	x4,x21,0x9	 x21:0x00000000  x4=0x00000000
     284915.000 ns	     28490	80005ab8	e0038cd3	fmv.x.w	x25,f7	  f7:0x80000000 x25=0x80000000
     284935.000 ns	     28492	80005abc	427d2813	slti	x16,x26,1063	 x26:0x193a8000 x16=0x00000000
     284955.000 ns	     28494	80005ac0	a16c98d3	flt.s	x17,f25,f22	 f25:0x00000000 f22:0x80000000 x17=0x00000000
     284985.000 ns	     28497	80005ac4	c0017153	fcvt.w.s	x2,f2	  f2:0x3fa297bb  x2=0x00000001
     285015.000 ns	     28500	80005ac8	29df07d3	fmin.s	f15,f30,f29	 f30:0x5981d060 f29:0x897bf6be f15=0x897bf6be
     285035.000 ns	     28502	80005acc	00579313	slli	x6,x15,0x5	 x15:0xfffffeb3  x6=0xffffd660
     285045.000 ns	     28503	80005ad0	000672b3	and	x5,x12,x0	 x12:0x00000010  x0:0x00000000  x5=0x00000000
     285055.000 ns	     28504	80005ad4	93b87913	andi	x18,x16,-1733	 x16:0x00000000 x18=0x00000000
     285085.000 ns	     28507	80005ad8	107dfe53	fmul.s	f28,f27,f7	 f27:0x000006b8  f7:0x80000000 f28=0x80000000
     285115.000 ns	     28510	80005adc	e00005d3	fmv.x.w	x11,f0	  f0:0x80000000 x11=0x80000000
     285135.000 ns	     28512	80005ae0	01bc64b3	or	x9,x24,x27	 x24:0xf4f74a64 x27:0x000005b3  x9=0xf4f74ff7
     285155.000 ns	     28514	80005ae4	20691b53	fsgnjn.s	f22,f18,f6	 f18:0x897bf6be  f6:0x3f800000 f22=0x897bf6be
     285185.000 ns	     28517	80005ae8	a1432dd3	feq.s	x27,f6,f20	  f6:0x3f800000 f20:0x00000000 x27=0x00000000
     285215.000 ns	     28520	80005aec	206898d3	fsgnjn.s	f17,f17,f6	 f17:0xbfa297bb  f6:0x3f800000 f17=0xbfa297bb
     285245.000 ns	     28523	80005af0	d000f7d3	fcvt.s.w	f15,x1	  x1:0x00000000 f15=0x00000000
     285285.000 ns	     28527	80005af4	5807fdd3	fsqrt.s	f27,f15	 f15:0x897bf6be f27=0x00000000
     285315.000 ns	     28530	80005af8	a0e61b53	flt.s	x22,f12,f14	 f12:0x3fa297bb f14:0x3fa297bb x22=0x00000000
     285335.000 ns	     28532	80005afc	01e42cb3	slt	x25,x8,x30	  x8:0x00000000 x30:0x00000000 x25=0x00000000
     285345.000 ns	     28533	80005b00	00de3a33	sltu	x20,x28,x13	 x28:0x80040fe4 x13:0x20000000 x20=0x00000000
     285385.000 ns	     28537	80005b04	01daa8d3	fadd.s	f17,f21,f29	 f21:0x2effff26 f29:0x897bf6be f17=0x2effff26
     285415.000 ns	     28540	80005b08	28418e53	fmin.s	f28,f3,f4	  f3:0xaefff757  f4:0x4f000000 f28=0xaefff757
     285445.000 ns	     28543	80005b0c	28ea8b53	fmin.s	f22,f21,f14	 f21:0x2effff26 f14:0x3fa297bb f22=0x2effff26
     285465.000 ns	     28545	80005b10	466b0513	addi	x10,x22,1126	 x22:0x00000000 x10=0x00000466
     285485.000 ns	     28547	80005b14	21492fd3	fsgnjx.s	f31,f18,f20	 f18:0x897bf6be f20:0x00000000 f31=0x897bf6be
     285505.000 ns	     28549	80005b18	007ae233	or	x4,x21,x7	 x21:0x00000000  x7:0x00000000  x4=0x00000000
     285525.000 ns	     28551	80005b1c	03e9c5b3	div	x11,x19,x30	 x19:0x80041024 x30:0x00000000 x11=0xffffffff
     285545.000 ns	     28553	80005b20	fd999837	lui	x16,0xfd999	 x16=0xfd999000
     285905.000 ns	     28589	80005b24	02a77cb3	remu	x25,x14,x10	 x14:0x2c5e9000 x10:0x00000466 x25=0x00000290
     285925.000 ns	     28591	80005b28	00bfc233	xor	x4,x31,x11	 x31:0x00000000 x11:0xffffffff  x4=0xffffffff
     285945.000 ns	     28593	80005b2c	03331233	mulh	x4,x6,x19	  x6:0xffffd660 x19:0x80041024  x4=0x000014cf
     285965.000 ns	     28595	80005b30	c9793a13	sltiu	x20,x18,-873	 x18:0x00000000 x20=0x00000001
     285975.000 ns	     28596	80005b34	a449bf13	sltiu	x30,x19,-1468	 x19:0x80041024 x30=0x00000001
     285985.000 ns	     28597	80005b38	00b21c93	slli	x25,x4,0xb	  x4:0x000014cf x25=0x00a67800
     285995.000 ns	     28598	80005b3c	40ed0233	sub	x4,x26,x14	 x26:0x193a8000 x14:0x2c5e9000  x4=0xecdbf000
     286005.000 ns	     28599	80005b40	197ec297	auipc	x5,0x197ec	  x5=0x997f1b40
     286015.000 ns	     28600	80005b44	0070d613	srli	x12,x1,0x7	  x1:0x00000000 x12=0x00000000
     286025.000 ns	     28601	80005b48	82cf8413	addi	x8,x31,-2004	 x31:0x00000000  x8=0xfffff82c
     286045.000 ns	     28603	80005b4c	20c424d3	fsgnjx.s	f9,f8,f12	  f8:0xc4cde8a5 f12:0x3fa297bb  f9=0xc4cde8a5
     286415.000 ns	     28640	80005b50	02e0c433	div	x8,x1,x14	  x1:0x00000000 x14:0x2c5e9000  x8=0x00000000
     286445.000 ns	     28643	80005b54	28cf8353	fmin.s	f6,f31,f12	 f31:0x897bf6be f12:0x3fa297bb  f6=0x897bf6be
     286475.000 ns	     28646	80005b58	a1359453	flt.s	x8,f11,f19	 f11:0xd981d060 f19:0xc44e114b  x8=0x00000001
     286505.000 ns	     28649	80005b5c	03dcb533	mulhu	x10,x25,x29	 x25:0x00a67800 x29:0x00000212 x10=0x00000001
     286535.000 ns	     28652	80005b60	e00d0753	fmv.x.w	x14,f26	 f26:0x00000000 x14=0x00000000
     286555.000 ns	     28654	80005b64	ed6c1f97	auipc	x31,0xed6c1	 x31=0x6d6c6b64
     286575.000 ns	     28656	80005b68	294885d3	fmin.s	f11,f17,f20	 f17:0x2effff26 f20:0x00000000 f11=0x00000000
     286595.000 ns	     28658	80005b6c	012c2ab3	slt	x21,x24,x18	 x24:0xf4f74a64 x18:0x00000000 x21=0x00000001
     286955.000 ns	     28694	80005b70	03e0d833	divu	x16,x1,x30	  x1:0x00000000 x30:0x00000001 x16=0x00000000
     286985.000 ns	     28697	80005b74	03dd2b33	mulhsu	x22,x26,x29	 x26:0x193a8000 x29:0x00000212 x22=0x00000034
     287005.000 ns	     28699	80005b78	1152f513	andi	x10,x5,277	  x5:0x997f1b40 x10=0x00000100
     287015.000 ns	     28700	80005b7c	0eee3113	sltiu	x2,x28,238	 x28:0x80040fe4  x2=0x00000000
     287025.000 ns	     28701	80005b80	221da513	slti	x10,x27,545	 x27:0x00000000 x10=0x00000001
     287035.000 ns	     28702	80005b84	00000013	addi	x0,x0,0	  x0:0x00000000
     287055.000 ns	     28704	80005b88	02ea3f33	mulhu	x30,x20,x14	 x20:0x00000001 x14:0x00000000 x30=0x00000000
     287085.000 ns	     28707	80005b8c	03d69033	mulh	x0,x13,x29	 x13:0x20000000 x29:0x00000212
     287115.000 ns	     28710	80005b90	03e2fc33	remu	x24,x5,x30	  x5:0x997f1b40 x30:0x00000000 x24=0x997f1b40
     287165.000 ns	     28715	80005b94	006c99d3	fadd.s	f19,f25,f6	 f25:0x00000000  f6:0x897bf6be f19=0x897bf6be
     287195.000 ns	     28718	80005b98	2096aa53	fsgnjx.s	f20,f13,f9	 f13:0x444dc000  f9:0xc4cde8a5 f20=0xc44dc000
     287215.000 ns	     28720	80005b9c	9ff9b293	sltiu	x5,x19,-1537	 x19:0x80041024  x5=0x00000001
     287235.000 ns	     28722	80005ba0	03d23b33	mulhu	x22,x4,x29	  x4:0xecdbf000 x29:0x00000212 x22=0x000001ea
     287265.000 ns	     28725	80005ba4	02734eb3	div	x29,x6,x7	  x6:0xffffd660  x7:0x00000000 x29=0xffffffff
     287635.000 ns	     28762	80005ba8	0371d533	divu	x10,x3,x23	  x3:0x2c5e8a4d x23:0x80000000 x10=0x00000000
     287655.000 ns	     28764	80005bac	0015d193	srli	x3,x11,0x1	 x11:0xffffffff  x3=0x7fffffff
     287675.000 ns	     28766	80005bb0	20902f53	fsgnjx.s	f30,f0,f9	  f0:0x80000000  f9:0xc4cde8a5 f30=0x00000000
     287705.000 ns	     28769	80005bb4	d0198dd3	fcvt.s.wu	f27,x19	 x19:0x80041024 f27=0x4f000410
     288885.000 ns	     28887	80005bb8	5800f8d3	fsqrt.s	f17,f1	  f1:0x3fa297bb f17=0x3f904335
     288915.000 ns	     28890	80005bbc	c01af5d3	fcvt.wu.s	x11,f21	 f21:0x2effff26 x11=0x00000000
     288945.000 ns	     28893	80005bc0	20b90d53	fsgnj.s	f26,f18,f11	 f18:0x897bf6be f11:0x00000000 f26=0x097bf6be
     288965.000 ns	     28895	80005bc4	0051da93	srli	x21,x3,0x5	  x3:0x7fffffff x21=0x03ffffff
     289325.000 ns	     28931	80005bc8	0298e7b3	rem	x15,x17,x9	 x17:0x00000000  x9:0xf4f74ff7 x15=0x00000000
     289345.000 ns	     28933	80005bcc	d2860d93	addi	x27,x12,-728	 x12:0x00000000 x27=0xfffffd28
     289365.000 ns	     28935	80005bd0	a13725d3	feq.s	x11,f14,f19	 f14:0x3fa297bb f19:0x897bf6be x11=0x00000000
     290545.000 ns	     29053	80005bd4	580df8d3	fsqrt.s	f17,f27	 f27:0x4f000410 f17=0x46b50a40
     290595.000 ns	     29058	80005bd8	08c81d53	fsub.s	f26,f16,f12	 f16:0x10011f93 f12:0x3fa297bb f26=0xbfa297bb
     290615.000 ns	     29060	80005bdc	2bd22517	auipc	x10,0x2bd22	 x10=0xabd27bdc
     290635.000 ns	     29062	80005be0	028126b3	mulhsu	x13,x2,x8	  x2:0x00000000  x8:0x00000001 x13=0x00000000
     291005.000 ns	     29099	80005be4	037d7233	remu	x4,x26,x23	 x26:0x193a8000 x23:0x80000000  x4=0x193a8000
     291035.000 ns	     29102	80005be8	d01afc53	fcvt.s.wu	f24,x21	 x21:0x03ffffff f24=0x4c7fffff
     291065.000 ns	     29105	80005bec	a1609553	flt.s	x10,f1,f22	  f1:0x3fa297bb f22:0x2effff26 x10=0x00000000
     291085.000 ns	     29107	80005bf0	417c5713	srai	x14,x24,0x17	 x24:0x997f1b40 x14=0xffffff32
     291105.000 ns	     29109	80005bf4	21f384d3	fsgnj.s	f9,f7,f31	  f7:0x80000000 f31:0x897bf6be  f9=0x80000000
     291135.000 ns	     29112	80005bf8	e00e0153	fmv.x.w	x2,f28	 f28:0xaefff757  x2=0xaefff757
     291505.000 ns	     29149	80005bfc	023a60b3	rem	x1,x20,x3	 x20:0x00000001  x3:0x7fffffff  x1=0x00000001
     291525.000 ns	     29151	80005c00	004cb633	sltu	x12,x25,x4	 x25:0x00a67800  x4:0x193a8000 x12=0x00000001
     291535.000 ns	     29152	80005c04	00000013	addi	x0,x0,0	  x0:0x00000000
     291555.000 ns	     29154	80005c08	a1de9fd3	flt.s	x31,f29,f29	 f29:0x897bf6be f29:0x897bf6be x31=0x00000000
     291585.000 ns	     29157	80005c0c	03cb1333	mulh	x6,x22,x28	 x22:0x000001ea x28:0x80040fe4  x6=0xffffff0b
     291605.000 ns	     29159	80005c10	3f13c593	xori	x11,x7,1009	  x7:0x00000000 x11=0x000003f1
     291615.000 ns	     29160	80005c14	98436f93	ori	x31,x6,-1660	  x6:0xffffff0b x31=0xffffff8f
     291635.000 ns	     29162	80005c18	a1949ad3	flt.s	x21,f9,f25	  f9:0x80000000 f25:0x00000000 x21=0x00000000
     291665.000 ns	     29165	80005c1c	21180053	fsgnj.s	f0,f16,f17	 f16:0x10011f93 f17:0x46b50a40  f0=0x10011f93
     291695.000 ns	     29168	80005c20	e00e0253	fmv.x.w	x4,f28	 f28:0xaefff757  x4=0xaefff757
     291725.000 ns	     29171	80005c24	030262b3	rem	x5,x4,x16	  x4:0x193a8000 x16:0x00000000  x5=0xaefff757
     291745.000 ns	     29173	80005c28	9c31d537	lui	x10,0x9c31d	 x10=0x9c31d000
     291785.000 ns	     29177	80005c2c	08b043d3	fsub.s	f7,f0,f11	  f0:0x10011f93 f11:0x00000000  f7=0x10011f93
     291835.000 ns	     29182	80005c30	08ccf053	fsub.s	f0,f25,f12	 f25:0x00000000 f12:0x3fa297bb  f0=0xbfa297bb
     291855.000 ns	     29184	80005c34	00767233	and	x4,x12,x7	 x12:0x00000001  x7:0x00000000  x4=0x00000000
     291865.000 ns	     29185	80005c38	76317813	andi	x16,x2,1891	  x2:0xaefff757 x16=0x00000743
     291875.000 ns	     29186	80005c3c	01526a33	or	x20,x4,x21	  x4:0xaefff757 x21:0x00000000 x20=0x00000000
     291895.000 ns	     29188	80005c40	f0018053	fmv.w.x	f0,x3	  x3:0x7fffffff  f0=0x7fffffff
     291925.000 ns	     29191	80005c44	c0028453	fcvt.w.s	x8,f5	  f5:0x80000000  x8=0x00000000
     291945.000 ns	     29193	80005c48	40bb07b3	sub	x15,x22,x11	 x22:0x000001ea x11:0x000003f1 x15=0xfffffdf9
     291965.000 ns	     29195	80005c4c	f00e81d3	fmv.w.x	f3,x29	 x29:0xffffffff  f3=0xffffffff
     292335.000 ns	     29232	80005c50	03dd7d33	remu	x26,x26,x29	 x26:0x193a8000 x29:0xffffffff x26=0x193a8000
     292355.000 ns	     29234	80005c54	b343c1b7	lui	x3,0xb343c	  x3=0xb343c000
     292365.000 ns	     29235	80005c58	414d5d33	sra	x26,x26,x20	 x26:0x193a8000 x20:0x00000000 x26=0x193a8000
     292375.000 ns	     29236	80005c5c	4e003813	sltiu	x16,x0,1248	  x0:0x00000000 x16=0x00000001
     292395.000 ns	     29238	80005c60	20da99d3	fsgnjn.s	f19,f21,f13	 f21:0x2effff26 f13:0x444dc000 f19=0xaeffff26
     292765.000 ns	     29275	80005c64	039c63b3	rem	x7,x24,x25	 x24:0x997f1b40 x25:0x00a67800  x7=0xff96b340
     292785.000 ns	     29277	80005c68	00e76f33	or	x30,x14,x14	 x14:0xffffff32 x14:0xffffff32 x30=0xffffff32
     292805.000 ns	     29279	80005c6c	c00978d3	fcvt.w.s	x17,f18	 f18:0x897bf6be x17=0x00000000
     292825.000 ns	     29281	80005c70	bf67ca13	xori	x20,x15,-1034	 x15:0xfffffdf9 x20=0x0000060f
     292845.000 ns	     29283	80005c74	a1878fd3	fle.s	x31,f15,f24	 f15:0x00000000 f24:0x4c7fffff x31=0x00000001
     292865.000 ns	     29285	80005c78	e025e813	ori	x16,x11,-510	 x11:0x000003f1 x16=0xfffffff3
     292875.000 ns	     29286	80005c7c	01414d33	xor	x26,x2,x20	  x2:0xaefff757 x20:0x0000060f x26=0xaefff158
     292885.000 ns	     29287	80005c80	7ff64193	xori	x3,x12,2047	 x12:0x00000001  x3=0x000007fe
     292905.000 ns	     29289	80005c84	0327d333	divu	x6,x15,x18	 x15:0xfffffdf9 x18:0x00000000  x6=0xffffffff
     292955.000 ns	     29294	80005c88	00014453	fadd.s	f8,f2,f0	  f2:0x3fa297bb  f0:0x7fffffff  f8=0x7fc00000
     292975.000 ns	     29296	80005c8c	4ce70493	addi	x9,x14,1230	 x14:0xffffff32  x9=0x00000400
     292985.000 ns	     29297	80005c90	01e61133	sll	x2,x12,x30	 x12:0x00000001 x30:0xffffff32  x2=0x00040000
     292995.000 ns	     29298	80005c94	00cf0c33	add	x24,x30,x12	 x30:0xffffff32 x12:0x00000001 x24=0xffffff33
     293015.000 ns	     29300	80005c98	f0050bd3	fmv.w.x	f23,x10	 x10:0x9c31d000 f23=0x9c31d000
     293035.000 ns	     29302	80005c9c	01741a93	slli	x21,x8,0x17	  x8:0x00000000 x21=0x00000000
     293045.000 ns	     29303	80005ca0	2b670493	addi	x9,x14,694	 x14:0xffffff32  x9=0x000001e8
     293065.000 ns	     29305	80005ca4	21898ed3	fsgnj.s	f29,f19,f24	 f19:0xaeffff26 f24:0x4c7fffff f29=0x2effff26
     293095.000 ns	     29308	80005ca8	a0059453	flt.s	x8,f11,f0	 f11:0x00000000  f0:0x7fffffff  x8=0x00000000
     293115.000 ns	     29310	80005cac	95c34f93	xori	x31,x6,-1700	  x6:0xffffffff x31=0x000006a3
     293135.000 ns	     29312	80005cb0	21e91ad3	fsgnjn.s	f21,f18,f30	 f18:0x897bf6be f30:0x00000000 f21=0x897bf6be
     293165.000 ns	     29315	80005cb4	21498dd3	fsgnj.s	f27,f19,f20	 f19:0xaeffff26 f20:0xc44dc000 f27=0xaeffff26
     293195.000 ns	     29318	80005cb8	a173ad53	feq.s	x26,f7,f23	  f7:0x10011f93 f23:0x9c31d000 x26=0x00000000
     293225.000 ns	     29321	80005cbc	d00e74d3	fcvt.s.w	f9,x28	 x28:0x80040fe4  f9=0xcefff7e0
     293255.000 ns	     29324	80005cc0	e0050453	fmv.x.w	x8,f10	 f10:0x097bf6be  x8=0x097bf6be
     293285.000 ns	     29327	80005cc4	031cb3b3	mulhu	x7,x25,x17	 x25:0x00a67800 x17:0x00000000  x7=0x00000000
     293305.000 ns	     29329	80005cc8	40bfd433	sra	x8,x31,x11	 x31:0x000006a3 x11:0x000003f1  x8=0x00000000
     293325.000 ns	     29331	80005ccc	03a584b3	mul	x9,x11,x26	 x11:0x000003f1 x26:0x00000000  x9=0x00000000
     293345.000 ns	     29333	80005cd0	a63a3cb7	lui	x25,0xa63a3	 x25=0xa63a3000
     293365.000 ns	     29335	80005cd4	d00ff8d3	fcvt.s.w	f17,x31	 x31:0x000006a3 f17=0x44d46000
     293395.000 ns	     29338	80005cd8	28850e53	fmin.s	f28,f10,f8	 f10:0x097bf6be  f8:0x7fc00000 f28=0x097bf6be
     293415.000 ns	     29340	80005cdc	017df133	and	x2,x27,x23	 x27:0xfffffd28 x23:0x80000000  x2=0x80000000
     293435.000 ns	     29342	80005ce0	291b18d3	fmax.s	f17,f22,f17	 f22:0x2effff26 f17:0x44d46000 f17=0x44d46000
     293805.000 ns	     29379	80005ce4	033568b3	rem	x17,x10,x19	 x10:0x9c31d000 x19:0x80041024 x17=0x9c31d000
     293825.000 ns	     29381	80005ce8	d58f4013	xori	x0,x30,-680	 x30:0xffffff32
     293835.000 ns	     29382	80005cec	7a013393	sltiu	x7,x2,1952	  x2:0x80000000  x7=0x00000000
     293855.000 ns	     29384	80005cf0	e0010d53	fmv.x.w	x26,f2	  f2:0x3fa297bb x26=0x3fa297bb
     293895.000 ns	     29388	80005cf4	11cac353	fmul.s	f6,f21,f28	 f21:0x897bf6be f28:0x097bf6be  f6=0xd377fdc6
     293925.000 ns	     29391	80005cf8	296e9dd3	fmax.s	f27,f29,f22	 f29:0x2effff26 f22:0x2effff26 f27=0x2effff26
     293945.000 ns	     29393	80005cfc	4013dab3	sra	x21,x7,x1	  x7:0x00000000  x1:0x00000001 x21=0x00000000
     293955.000 ns	     29394	80005d00	01a29793	slli	x15,x5,0x1a	  x5:0xaefff757 x15=0x5c000000
     293965.000 ns	     29395	80005d04	00000013	addi	x0,x0,0	  x0:0x00000000
     294005.000 ns	     29399	80005d08	082111d3	fsub.s	f3,f2,f2	  f2:0x3fa297bb  f2:0x3fa297bb  f3=0x80000000
     294375.000 ns	     29436	80005d0c	0227e833	rem	x16,x15,x2	 x15:0x5c000000  x2:0x80000000 x16=0x5c000000
     294395.000 ns	     29438	80005d10	01669c33	sll	x24,x13,x22	 x13:0x00000000 x22:0x000001ea x24=0x00000000
     294405.000 ns	     29439	80005d14	00cc0533	add	x10,x24,x12	 x24:0xffffff33 x12:0x00000001 x10=0x00000001
     294415.000 ns	     29440	80005d18	f8f2b393	sltiu	x7,x5,-113	  x5:0xaefff757  x7=0x00000001
     294425.000 ns	     29441	80005d1c	2f5e3093	sltiu	x1,x28,757	 x28:0x80040fe4  x1=0x00000000
     294435.000 ns	     29442	80005d20	66960693	addi	x13,x12,1641	 x12:0x00000001 x13=0x0000066a
     294455.000 ns	     29444	80005d24	29a005d3	fmin.s	f11,f0,f26	  f0:0x7fffffff f26:0xbfa297bb f11=0xbfa297bb
     294485.000 ns	     29447	80005d28	03f31c33	mulh	x24,x6,x31	  x6:0xffffffff x31:0x000006a3 x24=0xffffffff
     294515.000 ns	     29450	80005d2c	297e81d3	fmin.s	f3,f29,f23	 f29:0x2effff26 f23:0x9c31d000  f3=0x9c31d000
     294535.000 ns	     29452	80005d30	fefa2393	slti	x7,x20,-17	 x20:0x0000060f  x7=0x00000000
     294545.000 ns	     29453	80005d34	747a7f93	andi	x31,x20,1863	 x20:0x0000060f x31=0x00000607
     294565.000 ns	     29455	80005d38	d008ffd3	fcvt.s.w	f31,x17	 x17:0x9c31d000 f31=0xcec79c60
     294595.000 ns	     29458	80005d3c	20b98853	fsgnj.s	f16,f19,f11	 f19:0xaeffff26 f11:0xbfa297bb f16=0xaeffff26
     294615.000 ns	     29460	80005d40	006f9813	slli	x16,x31,0x6	 x31:0x00000607 x16=0x000181c0
     294625.000 ns	     29461	80005d44	01461eb3	sll	x29,x12,x20	 x12:0x00000001 x20:0x0000060f x29=0x00008000
     294645.000 ns	     29463	80005d48	21671ed3	fsgnjn.s	f29,f14,f22	 f14:0x3fa297bb f22:0x2effff26 f29=0xbfa297bb
     294665.000 ns	     29465	80005d4c	f840a0b7	lui	x1,0xf840a	  x1=0xf840a000
     294675.000 ns	     29466	80005d50	c7854013	xori	x0,x10,-904	 x10:0x00000001
     294715.000 ns	     29470	80005d54	09800253	fsub.s	f4,f0,f24	  f0:0x7fffffff f24:0x4c7fffff  f4=0x7fc00000
     294735.000 ns	     29472	80005d58	41a15f13	srai	x30,x2,0x1a	  x2:0x80000000 x30=0xffffffe0
     294755.000 ns	     29474	80005d5c	a1069453	flt.s	x8,f13,f16	 f13:0x444dc000 f16:0xaeffff26  x8=0x00000000
     294785.000 ns	     29477	80005d60	c01273d3	fcvt.wu.s	x7,f4	  f4:0x7fc00000  x7=0xffffffff
     294805.000 ns	     29479	80005d64	7d778213	addi	x4,x15,2007	 x15:0x5c000000  x4=0x5c0007d7
     294815.000 ns	     29480	80005d68	019d0433	add	x8,x26,x25	 x26:0x3fa297bb x25:0xa63a3000  x8=0xe5dcc7bb
     294825.000 ns	     29481	80005d6c	de5c7193	andi	x3,x24,-539	 x24:0xffffffff  x3=0xfffffde5
     294845.000 ns	     29483	80005d70	02a113b3	mulh	x7,x2,x10	  x2:0x80000000 x10:0x00000001  x7=0xffffffff
     294865.000 ns	     29485	80005d74	73314a13	xori	x20,x2,1843	  x2:0x80000000 x20=0x80000733
     294885.000 ns	     29487	80005d78	03dfa933	mulhsu	x18,x31,x29	 x31:0x00000607 x29:0x00008000 x18=0x00000000
     294905.000 ns	     29489	80005d7c	01a42d33	slt	x26,x8,x26	  x8:0xe5dcc7bb x26:0x3fa297bb x26=0x00000001
     294915.000 ns	     29490	80005d80	415086b3	sub	x13,x1,x21	  x1:0xf840a000 x21:0x00000000 x13=0xf840a000
     294925.000 ns	     29491	80005d84	844a6b37	lui	x22,0x844a6	 x22=0x844a6000
     294935.000 ns	     29492	80005d88	0022b733	sltu	x14,x5,x2	  x5:0xaefff757  x2:0x80000000 x14=0x00000000
     294955.000 ns	     29494	80005d8c	28f91553	fmax.s	f10,f18,f15	 f18:0x897bf6be f15:0x00000000 f10=0x00000000
     294975.000 ns	     29496	80005d90	00000013	addi	x0,x0,0	  x0:0x00000000
     294995.000 ns	     29498	80005d94	a12e8353	fle.s	x6,f29,f18	 f29:0xbfa297bb f18:0x897bf6be  x6=0x00000001
     295045.000 ns	     29503	80005d98	00c4f4d3	fadd.s	f9,f9,f12	  f9:0xcefff7e0 f12:0x3fa297bb  f9=0xcefff7df
     295095.000 ns	     29508	80005d9c	0123fcd3	fadd.s	f25,f7,f18	  f7:0x10011f93 f18:0x897bf6be f25=0x10011ba3
     295145.000 ns	     29513	80005da0	09b02b53	fsub.s	f22,f0,f27	  f0:0x7fffffff f27:0x2effff26 f22=0x7fc00000
     295175.000 ns	     29516	80005da4	f00106d3	fmv.w.x	f13,x2	  x2:0x80000000 f13=0x80000000
     295205.000 ns	     29519	80005da8	039608b3	mul	x17,x12,x25	 x12:0x00000001 x25:0xa63a3000 x17=0xa63a3000
     295235.000 ns	     29522	80005dac	0240beb3	mulhu	x29,x1,x4	  x1:0xf840a000  x4:0x5c0007d7 x29=0x5937411a
     295265.000 ns	     29525	80005db0	d0168ad3	fcvt.s.wu	f21,x13	 x13:0xf840a000 f21=0x4f7840a0
     295285.000 ns	     29527	80005db4	83d10693	addi	x13,x2,-1987	  x2:0x80000000 x13=0x7ffff83d
     295305.000 ns	     29529	80005db8	a0e09953	flt.s	x18,f1,f14	  f1:0x3fa297bb f14:0x3fa297bb x18=0x00000000
     295325.000 ns	     29531	80005dbc	00000013	addi	x0,x0,0	  x0:0x00000000
     295335.000 ns	     29532	80005dc0	4fa90d93	addi	x27,x18,1274	 x18:0x00000000 x27=0x000004fa
     295345.000 ns	     29533	80005dc4	02c9cd13	xori	x26,x19,44	 x19:0x80041024 x26=0x80041008
     295365.000 ns	     29535	80005dc8	a0540ed3	fle.s	x29,f8,f5	  f8:0x7fc00000  f5:0x80000000 x29=0x00000000
     295405.000 ns	     29539	80005dcc	5801bed3	fsqrt.s	f29,f3	  f3:0x9c31d000 f29=0x7fc00000
     295425.000 ns	     29541	80005dd0	00000013	addi	x0,x0,0	  x0:0x00000000
     295445.000 ns	     29543	80005dd4	c01af6d3	fcvt.wu.s	x13,f21	 f21:0x4f7840a0 x13=0xf840a000
     295465.000 ns	     29545	80005dd8	00000013	addi	x0,x0,0	  x0:0x00000000
     295825.000 ns	     29581	80005ddc	03a2c833	div	x16,x5,x26	  x5:0xaefff757 x26:0x80041008 x16=0x00000000
     296195.000 ns	     29618	80005de0	0331f233	remu	x4,x3,x19	  x3:0xfffffde5 x19:0x80041024  x4=0x7ffbedc1
     296215.000 ns	     29620	80005de4	01e6bfb3	sltu	x31,x13,x30	 x13:0xf840a000 x30:0xffffffe0 x31=0x00000001
     296235.000 ns	     29622	80005de8	e00c8dd3	fmv.x.w	x27,f25	 f25:0x10011ba3 x27=0x10011ba3
     296275.000 ns	     29626	80005dec	183686d3	fdiv.s	f13,f13,f3	 f13:0x80000000  f3:0x9c31d000 f13=0x00000000
     296315.000 ns	     29630	80005df0	19def453	fdiv.s	f8,f29,f29	 f29:0x7fc00000 f29:0x7fc00000  f8=0x7fc00000
     296365.000 ns	     29635	80005df4	08dd7ad3	fsub.s	f21,f26,f13	 f26:0xbfa297bb f13:0x00000000 f21=0xbfa297bb
     296385.000 ns	     29637	80005df8	01e99113	slli	x2,x19,0x1e	 x19:0x80041024  x2=0x00000000
     296405.000 ns	     29639	80005dfc	a14023d3	feq.s	x7,f0,f20	  f0:0x7fffffff f20:0xc44dc000  x7=0x00000000
     296455.000 ns	     29644	80005e00	001bb753	fadd.s	f14,f23,f1	 f23:0x9c31d000  f1:0x3fa297bb f14=0x3fa297bb
     296485.000 ns	     29647	80005e04	d01e02d3	fcvt.s.wu	f5,x28	 x28:0x80040fe4  f5=0x4f000410
     296505.000 ns	     29649	80005e08	019fcb33	xor	x22,x31,x25	 x31:0x00000001 x25:0xa63a3000 x22=0xa63a3001
     296865.000 ns	     29685	80005e0c	03bd40b3	div	x1,x26,x27	 x26:0x80041008 x27:0x10011ba3  x1=0xfffffff9
     296895.000 ns	     29688	80005e10	21cf1b53	fsgnjn.s	f22,f30,f28	 f30:0x00000000 f28:0x097bf6be f22=0x80000000
     296925.000 ns	     29691	80005e14	0306c433	div	x8,x13,x16	 x13:0xf840a000 x16:0x00000000  x8=0xffffffff
     296945.000 ns	     29693	80005e18	01656433	or	x8,x10,x22	 x10:0x00000001 x22:0xa63a3001  x8=0xa63a3001
     296965.000 ns	     29695	80005e1c	289c1c53	fmax.s	f24,f24,f9	 f24:0x4c7fffff  f9:0xcefff7df f24=0x4c7fffff
     296995.000 ns	     29698	80005e20	214013d3	fsgnjn.s	f7,f0,f20	  f0:0x7fffffff f20:0xc44dc000  f7=0x7fffffff
     297025.000 ns	     29701	80005e24	28c40cd3	fmin.s	f25,f8,f12	  f8:0x7fc00000 f12:0x3fa297bb f25=0x3fa297bb
     297045.000 ns	     29703	80005e28	01cf6b33	or	x22,x30,x28	 x30:0xffffffe0 x28:0x80040fe4 x22=0xffffffe4
     297055.000 ns	     29704	80005e2c	2fa14a93	xori	x21,x2,762	  x2:0x00000000 x21=0x000002fa
     297085.000 ns	     29707	80005e30	11d800d3	fmul.s	f1,f16,f29	 f16:0xaeffff26 f29:0x7fc00000  f1=0x7fc00000
     297455.000 ns	     29744	80005e34	03814b33	div	x22,x2,x24	  x2:0x00000000 x24:0xffffffff x22=0x00000000
     297475.000 ns	     29746	80005e38	013fc833	xor	x16,x31,x19	 x31:0x00000001 x19:0x80041024 x16=0x80041025
     297485.000 ns	     29747	80005e3c	7d25ec93	ori	x25,x11,2002	 x11:0x000003f1 x25=0x000007f3
     297505.000 ns	     29749	80005e40	a07521d3	feq.s	x3,f10,f7	 f10:0x00000000  f7:0x7fffffff  x3=0x00000000
     297875.000 ns	     29786	80005e44	02b75f33	divu	x30,x14,x11	 x14:0x00000000 x11:0x000003f1 x30=0x00000000
     297895.000 ns	     29788	80005e48	f9940c13	addi	x24,x8,-103	  x8:0xa63a3001 x24=0xa63a2f9a
     297905.000 ns	     29789	80005e4c	00000013	addi	x0,x0,0	  x0:0x00000000
     297915.000 ns	     29790	80005e50	624ea513	slti	x10,x29,1572	 x29:0x00000000 x10=0x00000001
     298275.000 ns	     29826	80005e54	039f6a33	rem	x20,x30,x25	 x30:0x00000000 x25:0x000007f3 x20=0x00000000
     298295.000 ns	     29828	80005e58	084d0b13	addi	x22,x26,132	 x26:0x80041008 x22=0x8004108c
     298325.000 ns	     29831	80005e5c	10757f53	fmul.s	f30,f10,f7	 f10:0x00000000  f7:0x7fffffff f30=0x7fc00000
     298355.000 ns	     29834	80005e60	a0f28853	fle.s	x16,f5,f15	  f5:0x4f000410 f15:0x00000000 x16=0x00000000
     298385.000 ns	     29837	80005e64	c017cd53	fcvt.wu.s	x26,f15	 f15:0x00000000 x26=0x00000000
     298415.000 ns	     29840	80005e68	20a8ab53	fsgnjx.s	f22,f17,f10	 f17:0x44d46000 f10:0x00000000 f22=0x44d46000
     298435.000 ns	     29842	80005e6c	410a55b3	sra	x11,x20,x16	 x20:0x00000000 x16:0x00000000 x11=0x00000000
     298445.000 ns	     29843	80005e70	018e5f13	srli	x30,x28,0x18	 x28:0x80040fe4 x30=0x00000080
     298455.000 ns	     29844	80005e74	009058b3	srl	x17,x0,x9	  x0:0x00000000  x9:0x00000000 x17=0x00000000
     298465.000 ns	     29845	80005e78	014920b3	slt	x1,x18,x20	 x18:0x00000000 x20:0x00000000  x1=0x00000000
     298795.000 ns	     29878	80005e7c	193c08d3	fdiv.s	f17,f24,f19	 f24:0x4c7fffff f19:0xaeffff26 f17=0xdd34b4b5
     298815.000 ns	     29880	80005e80	c722c093	xori	x1,x5,-910	  x5:0xaefff757  x1=0x51000b25
     298845.000 ns	     29883	80005e84	18db2ad3	fdiv.s	f21,f22,f13	 f22:0x44d46000 f13:0x00000000 f21=0x7f800000
     299215.000 ns	     29920	80005e88	0373ef33	rem	x30,x7,x23	  x7:0x00000000 x23:0x80000000 x30=0x00000000
     299235.000 ns	     29922	80005e8c	0068cc33	xor	x24,x17,x6	 x17:0x00000000  x6:0x00000001 x24=0x00000001
     299255.000 ns	     29924	80005e90	e00796d3	fclass.s	x13,f15	 f15:0x00000000 x13=0x00000010
     299275.000 ns	     29926	80005e94	418704b3	sub	x9,x14,x24	 x14:0x00000000 x24:0xa63a2f9a  x9=0xffffffff
     299285.000 ns	     29927	80005e98	41b15833	sra	x16,x2,x27	  x2:0x00000000 x27:0x10011ba3 x16=0x00000000
     299295.000 ns	     29928	80005e9c	4bf36213	ori	x4,x6,1215	  x6:0x00000001  x4=0x000004bf
     299315.000 ns	     29930	80005ea0	296913d3	fmax.s	f7,f18,f22	 f18:0x897bf6be f22:0x44d46000  f7=0x44d46000
     299345.000 ns	     29933	80005ea4	2183a253	fsgnjx.s	f4,f7,f24	  f7:0x7fffffff f24:0x4c7fffff  f4=0x44d46000
     299375.000 ns	     29936	80005ea8	e00a9d53	fclass.s	x26,f21	 f21:0x7f800000 x26=0x00000080
     299395.000 ns	     29938	80005eac	88443c97	auipc	x25,0x88443	 x25=0x08448eac
     299415.000 ns	     29940	80005eb0	290d1b53	fmax.s	f22,f26,f16	 f26:0xbfa297bb f16:0xaeffff26 f22=0xaeffff26
     299435.000 ns	     29942	80005eb4	407202b3	sub	x5,x4,x7	  x4:0x000004bf  x7:0x00000000  x5=0x000004bf
     299445.000 ns	     29943	80005eb8	007e0533	add	x10,x28,x7	 x28:0x80040fe4  x7:0x00000000 x10=0x80040fe4
     299465.000 ns	     29945	80005ebc	f00a0dd3	fmv.w.x	f27,x20	 x20:0x00000000 f27=0x00000000
     299485.000 ns	     29947	80005ec0	015cd213	srli	x4,x25,0x15	 x25:0x08448eac  x4=0x00000042
     299505.000 ns	     29949	80005ec4	c017a8d3	fcvt.wu.s	x17,f15	 f15:0x00000000 x17=0x00000000
     299525.000 ns	     29951	80005ec8	00336733	or	x14,x6,x3	  x6:0x00000001  x3:0x00000000 x14=0x00000001
     299535.000 ns	     29952	80005ecc	53764793	xori	x15,x12,1335	 x12:0x00000001 x15=0x00000536
     299545.000 ns	     29953	80005ed0	55548513	addi	x10,x9,1365	  x9:0xffffffff x10=0x00000554
     299555.000 ns	     29954	80005ed4	00769593	slli	x11,x13,0x7	 x13:0x00000010 x11=0x00000800
     299575.000 ns	     29956	80005ed8	0340ecb3	rem	x25,x1,x20	  x1:0x51000b25 x20:0x00000000 x25=0x51000b25
     299595.000 ns	     29958	80005edc	69130693	addi	x13,x6,1681	  x6:0x00000001 x13=0x00000692
     299605.000 ns	     29959	80005ee0	005fb5b3	sltu	x11,x31,x5	 x31:0x00000001  x5:0x000004bf x11=0x00000001
     299615.000 ns	     29960	80005ee4	fe7d5e97	auipc	x29,0xfe7d5	 x29=0x7e7daee4
     299645.000 ns	     29963	80005ee8	580f0bd3	fsqrt.s	f23,f30	 f30:0x7fc00000 f23=0x7fc00000
     299685.000 ns	     29967	80005eec	180f8a53	fdiv.s	f20,f31,f0	 f31:0xcec79c60  f0:0x7fffffff f20=0x7fc00000
     299735.000 ns	     29972	80005ef0	09422153	fsub.s	f2,f4,f20	  f4:0x44d46000 f20:0xc44dc000  f2=0x7fc00000
     299785.000 ns	     29977	80005ef4	08ecf6d3	fsub.s	f13,f25,f14	 f25:0x3fa297bb f14:0x3fa297bb f13=0x80000000
     299815.000 ns	     29980	80005ef8	a1610853	fle.s	x16,f2,f22	  f2:0x7fc00000 f22:0xaeffff26 x16=0x00000000
     299835.000 ns	     29982	80005efc	333ddd17	auipc	x26,0x333dd	 x26=0xb33e2efc
     299845.000 ns	     29983	80005f00	6e406413	ori	x8,x0,1764	  x0:0x00000000  x8=0x000006e4
     299855.000 ns	     29984	80005f04	fc327c13	andi	x24,x4,-61	  x4:0x00000042 x24=0x00000042
     300215.000 ns	     30020	80005f08	0350d2b3	divu	x5,x1,x21	  x1:0x51000b25 x21:0x000002fa  x5=0x001b3670
     300245.000 ns	     30023	80005f0c	286d14d3	fmax.s	f9,f26,f6	 f26:0xbfa297bb  f6:0xd377fdc6  f9=0xbfa297bb
     300275.000 ns	     30026	80005f10	021710b3	mulh	x1,x14,x1	 x14:0x00000001  x1:0x51000b25  x1=0x00000000
     300305.000 ns	     30029	80005f14	a16a04d3	fle.s	x9,f20,f22	 f20:0x7fc00000 f22:0xaeffff26  x9=0x00000000
     300325.000 ns	     30031	80005f18	0fc0a813	slti	x16,x1,252	  x1:0x00000000 x16=0x00000001
     300655.000 ns	     30064	80005f1c	1833b0d3	fdiv.s	f1,f7,f3	  f7:0x44d46000  f3:0x9c31d000  f1=0xe815e96a
     300675.000 ns	     30066	80005f20	01acd913	srli	x18,x25,0x1a	 x25:0x51000b25 x18=0x00000014
     301035.000 ns	     30102	80005f24	028743b3	div	x7,x14,x8	 x14:0x00000001  x8:0x000006e4  x7=0x00000000
     301065.000 ns	     30105	80005f28	a0129853	flt.s	x16,f5,f1	  f5:0x4f000410  f1:0xe815e96a x16=0x00000000
     301085.000 ns	     30107	80005f2c	01523ab3	sltu	x21,x4,x21	  x4:0x00000042 x21:0x000002fa x21=0x00000001
     301095.000 ns	     30108	80005f30	01f63133	sltu	x2,x12,x31	 x12:0x00000001 x31:0x00000001  x2=0x00000000
     301115.000 ns	     30110	80005f34	a095a2d3	feq.s	x5,f11,f9	 f11:0xbfa297bb  f9:0xbfa297bb  x5=0x00000001
     301135.000 ns	     30112	80005f38	40055333	sra	x6,x10,x0	 x10:0x00000554  x0:0x00000000  x6=0x00000554
     301155.000 ns	     30114	80005f3c	02529733	mulh	x14,x5,x5	  x5:0x00000001  x5:0x00000001 x14=0x00000000
     301185.000 ns	     30117	80005f40	e0050053	fmv.x.w	x0,f10	 f10:0x00000000
     301205.000 ns	     30119	80005f44	e53dad93	slti	x27,x27,-429	 x27:0x10011ba3 x27=0x00000000
     301215.000 ns	     30120	80005f48	0155c133	xor	x2,x11,x21	 x11:0x00000001 x21:0x00000001  x2=0x00000000
     301235.000 ns	     30122	80005f4c	f00306d3	fmv.w.x	f13,x6	  x6:0x00000554 f13=0x00000554
     301255.000 ns	     30124	80005f50	413f06b3	sub	x13,x30,x19	 x30:0x00000000 x19:0x80041024 x13=0x7ffbefdc
     301275.000 ns	     30126	80005f54	a1fd2453	feq.s	x8,f26,f31	 f26:0xbfa297bb f31:0xcec79c60  x8=0x00000000
     301295.000 ns	     30128	80005f58	00c57333	and	x6,x10,x12	 x10:0x00000554 x12:0x00000001  x6=0x00000000
     301305.000 ns	     30129	80005f5c	085b3d93	sltiu	x27,x22,133	 x22:0x8004108c x27=0x00000000
     301315.000 ns	     30130	80005f60	ddb10a13	addi	x20,x2,-549	  x2:0x00000000 x20=0xfffffddb
     301335.000 ns	     30132	80005f64	d008f5d3	fcvt.s.w	f11,x17	 x17:0x00000000 f11=0x00000000
     301355.000 ns	     30134	80005f68	016c41b3	xor	x3,x24,x22	 x24:0x00000042 x22:0x8004108c  x3=0x800410ce
     301365.000 ns	     30135	80005f6c	00c47cb3	and	x25,x8,x12	  x8:0x00000000 x12:0x00000001 x25=0x00000000
     301375.000 ns	     30136	80005f70	01a0a0b3	slt	x1,x1,x26	  x1:0x00000000 x26:0xb33e2efc  x1=0x00000000
     301395.000 ns	     30138	80005f74	028c2833	mulhsu	x16,x24,x8	 x24:0x00000042  x8:0x00000000 x16=0x00000000
     301425.000 ns	     30141	80005f78	a0b000d3	fle.s	x1,f0,f11	  f0:0x7fffffff f11:0x00000000  x1=0x00000000
     301795.000 ns	     30178	80005f7c	0243d3b3	divu	x7,x7,x4	  x7:0x00000000  x4:0x00000042  x7=0x00000000
     301835.000 ns	     30182	80005f80	11c37253	fmul.s	f4,f6,f28	  f6:0xd377fdc6 f28:0x097bf6be  f4=0x9d7414d7
     301855.000 ns	     30184	80005f84	0021e133	or	x2,x3,x2	  x3:0x800410ce  x2:0x00000000  x2=0x800410ce
     301865.000 ns	     30185	80005f88	008edb33	srl	x22,x29,x8	 x29:0x7e7daee4  x8:0x00000000 x22=0x7e7daee4
     301875.000 ns	     30186	80005f8c	5904b493	sltiu	x9,x9,1424	  x9:0x00000000  x9=0x00000001
     301895.000 ns	     30188	80005f90	29709cd3	fmax.s	f25,f1,f23	  f1:0xe815e96a f23:0x7fc00000 f25=0xe815e96a
     301935.000 ns	     30192	80005f94	580af153	fsqrt.s	f2,f21	 f21:0x7f800000  f2=0x7f800000
     301955.000 ns	     30194	80005f98	013e0533	add	x10,x28,x19	 x28:0x80040fe4 x19:0x80041024 x10=0x00082008
     301965.000 ns	     30195	80005f9c	62796013	ori	x0,x18,1575	 x18:0x00000014
     301985.000 ns	     30197	80005fa0	e0080753	fmv.x.w	x14,f16	 f16:0xaeffff26 x14=0xaeffff26
     302015.000 ns	     30200	80005fa4	02c4bb33	mulhu	x22,x9,x12	  x9:0x00000001 x12:0x00000001 x22=0x00000000
     302035.000 ns	     30202	80005fa8	40898533	sub	x10,x19,x8	 x19:0x80041024  x8:0x00000000 x10=0x80041024
     302055.000 ns	     30204	80005fac	e0081cd3	fclass.s	x25,f16	 f16:0xaeffff26 x25=0x00000002
     302075.000 ns	     30206	80005fb0	30aa8f93	addi	x31,x21,778	 x21:0x00000001 x31=0x0000030b
     302085.000 ns	     30207	80005fb4	005e5833	srl	x16,x28,x5	 x28:0x80040fe4  x5:0x00000001 x16=0x400207f2
     302115.000 ns	     30210	80005fb8	188ef153	fdiv.s	f2,f29,f8	 f29:0x7fc00000  f8:0x7fc00000  f2=0x7fc00000
     302135.000 ns	     30212	80005fbc	9dfd5217	auipc	x4,0x9dfd5	  x4=0x1dfdafbc
     302155.000 ns	     30214	80005fc0	0344bfb3	mulhu	x31,x9,x20	  x9:0x00000001 x20:0xfffffddb x31=0x00000000
     302175.000 ns	     30216	80005fc4	01f56cb3	or	x25,x10,x31	 x10:0x80041024 x31:0x0000030b x25=0x80041024
     302195.000 ns	     30218	80005fc8	035706b3	mul	x13,x14,x21	 x14:0xaeffff26 x21:0x00000001 x13=0xaeffff26
     302215.000 ns	     30220	80005fcc	41bb58b3	sra	x17,x22,x27	 x22:0x00000000 x27:0x00000000 x17=0x00000000
     302235.000 ns	     30222	80005fd0	0221ac33	mulhsu	x24,x3,x2	  x3:0x800410ce  x2:0x800410ce x24=0xc0000010
     302265.000 ns	     30225	80005fd4	02d1beb3	mulhu	x29,x3,x13	  x3:0x800410ce x13:0xaeffff26 x29=0x5782c70f
     303445.000 ns	     30343	80005fd8	5806c4d3	fsqrt.s	f9,f13	 f13:0x00000554  f9=0x1f350c0a
     303465.000 ns	     30345	80005fdc	00e35113	srli	x2,x6,0xe	  x6:0x00000000  x2=0x00000000
     303485.000 ns	     30347	80005fe0	03b6bab3	mulhu	x21,x13,x27	 x13:0xaeffff26 x27:0x00000000 x21=0x00000000
     303505.000 ns	     30349	80005fe4	4c2bf693	andi	x13,x23,1218	 x23:0x80000000 x13=0x00000000
     303515.000 ns	     30350	80005fe8	23b9fa97	auipc	x21,0x23b9f	 x21=0xa3ba4fe8
     303525.000 ns	     30351	80005fec	0184c133	xor	x2,x9,x24	  x9:0x00000001 x24:0xc0000010  x2=0xc0000011
     303565.000 ns	     30355	80005ff0	08270ad3	fsub.s	f21,f14,f2	 f14:0x3fa297bb  f2:0x7fc00000 f21=0x7fc00000
     303615.000 ns	     30360	80005ff4	08b0f753	fsub.s	f14,f1,f11	  f1:0xe815e96a f11:0x00000000 f14=0xe815e96a
     303645.000 ns	     30363	80005ff8	28198353	fmin.s	f6,f19,f1	 f19:0xaeffff26  f1:0xe815e96a  f6=0xe815e96a
     303675.000 ns	     30366	80005ffc	e0098d53	fmv.x.w	x26,f19	 f19:0xaeffff26 x26=0xaeffff26
     303695.000 ns	     30368	80006000	00495a13	srli	x20,x18,0x4	 x18:0x00000014 x20=0x00000001
     303705.000 ns	     30369	80006004	add0af13	slti	x30,x1,-1315	  x1:0x00000000 x30=0x00000000
     303735.000 ns	     30372	80006008	11532dd3	fmul.s	f27,f6,f21	  f6:0xe815e96a f21:0x7fc00000 f27=0x7fc00000
     303765.000 ns	     30375	8000600c	c0129dd3	fcvt.wu.s	x27,f5	  f5:0x4f000410 x27=0x80041000
     303795.000 ns	     30378	80006010	21af2953	fsgnjx.s	f18,f30,f26	 f30:0x7fc00000 f26:0xbfa297bb f18=0xffc00000
     303815.000 ns	     30380	80006014	28558613	addi	x12,x11,645	 x11:0x00000001 x12=0x00000286
     303825.000 ns	     30381	80006018	418d0a33	sub	x20,x26,x24	 x26:0xaeffff26 x24:0xc0000010 x20=0xeeffff16
     303845.000 ns	     30383	8000601c	c0187853	fcvt.wu.s	x16,f16	 f16:0xaeffff26 x16=0x00000000
     303875.000 ns	     30386	80006020	d000fdd3	fcvt.s.w	f27,x1	  x1:0x00000000 f27=0x00000000
     303895.000 ns	     30388	80006024	0064a633	slt	x12,x9,x6	  x9:0x00000001  x6:0x00000000 x12=0x00000000
     303905.000 ns	     30389	80006028	8c93f313	andi	x6,x7,-1847	  x7:0x00000000  x6=0x00000000
     303925.000 ns	     30391	8000602c	02893533	mulhu	x10,x18,x8	 x18:0x00000014  x8:0x00000000 x10=0x00000000
     303945.000 ns	     30393	80006030	000f1493	slli	x9,x30,0x0	 x30:0x00000000  x9=0x00000000
     304275.000 ns	     30426	80006034	18d77ad3	fdiv.s	f21,f14,f13	 f14:0xe815e96a f13:0x00000554 f21=0xff800000
     304295.000 ns	     30428	80006038	20c1e113	ori	x2,x3,524	  x3:0x800410ce  x2=0x800412ce
     304315.000 ns	     30430	8000603c	a0269fd3	flt.s	x31,f13,f2	 f13:0x00000554  f2:0x7fc00000 x31=0x00000000
     304335.000 ns	     30432	80006040	1cde7937	lui	x18,0x1cde7	 x18=0x1cde7000
     304355.000 ns	     30434	80006044	f0080953	fmv.w.x	f18,x16	 x16:0x00000000 f18=0x00000000
     304375.000 ns	     30436	80006048	01493533	sltu	x10,x18,x20	 x18:0x00000014 x20:0xeeffff16 x10=0x00000001
     304395.000 ns	     30438	8000604c	e0031c53	fclass.s	x24,f6	  f6:0xe815e96a x24=0x00000002
     304765.000 ns	     30475	80006050	035251b3	divu	x3,x4,x21	  x4:0x1dfdafbc x21:0xa3ba4fe8  x3=0x00000000
     304785.000 ns	     30477	80006054	009c35b3	sltu	x11,x24,x9	 x24:0x00000002  x9:0x00000000 x11=0x00000000
     304795.000 ns	     30478	80006058	f0d7ab13	slti	x22,x15,-243	 x15:0x00000536 x22=0x00000000
     304805.000 ns	     30479	8000605c	01855793	srli	x15,x10,0x18	 x10:0x00000001 x15=0x00000000
     304815.000 ns	     30480	80006060	4c178613	addi	x12,x15,1217	 x15:0x00000536 x12=0x000004c1
     304825.000 ns	     30481	80006064	00ad92b3	sll	x5,x27,x10	 x27:0x80041000 x10:0x00000001  x5=0x00082000
     304845.000 ns	     30483	80006068	021b3033	mulhu	x0,x22,x1	 x22:0x00000000  x1:0x00000000
     304865.000 ns	     30485	8000606c	017ddab3	srl	x21,x27,x23	 x27:0x80041000 x23:0x80000000 x21=0x80041000
     304885.000 ns	     30487	80006070	d00b1b53	fcvt.s.w	f22,x22	 x22:0x00000000 f22=0x00000000
     304915.000 ns	     30490	80006074	296f9153	fmax.s	f2,f31,f22	 f31:0xcec79c60 f22:0xaeffff26  f2=0x00000000
     304945.000 ns	     30493	80006078	02bd3333	mulhu	x6,x26,x11	 x26:0xaeffff26 x11:0x00000000  x6=0x00000000
     304985.000 ns	     30497	8000607c	58082b53	fsqrt.s	f22,f16	 f16:0xaeffff26 f22=0x7fc00000
     305005.000 ns	     30499	80006080	990f1197	auipc	x3,0x990f1	  x3=0x190f7080
     305025.000 ns	     30501	80006084	024980b3	mul	x1,x19,x4	 x19:0x80041024  x4:0x1dfdafbc  x1=0xd1987670
     305045.000 ns	     30503	80006088	0044ecb3	or	x25,x9,x4	  x9:0x00000000  x4:0x1dfdafbc x25=0x1dfdafbc
     305055.000 ns	     30504	8000608c	41495d93	srai	x27,x18,0x14	 x18:0x1cde7000 x27=0x000001cd
     305085.000 ns	     30507	80006090	115fad53	fmul.s	f26,f31,f21	 f31:0xcec79c60 f21:0xff800000 f26=0x7f800000
     305115.000 ns	     30510	80006094	a1f708d3	fle.s	x17,f14,f31	 f14:0xe815e96a f31:0xcec79c60 x17=0x00000001
     305135.000 ns	     30512	80006098	2cf4c093	xori	x1,x9,719	  x9:0x00000000  x1=0x000002cf
     305145.000 ns	     30513	8000609c	0020d333	srl	x6,x1,x2	  x1:0xd1987670  x2:0x800412ce  x6=0x00000000
     305155.000 ns	     30514	800060a0	012b2533	slt	x10,x22,x18	 x22:0x00000000 x18:0x1cde7000 x10=0x00000001
     305175.000 ns	     30516	800060a4	294f97d3	fmax.s	f15,f31,f20	 f31:0xcec79c60 f20:0x7fc00000 f15=0xcec79c60
     305545.000 ns	     30553	800060a8	02a74933	div	x18,x14,x10	 x14:0xaeffff26 x10:0x00000001 x18=0xaeffff26
     305565.000 ns	     30555	800060ac	00f9da33	srl	x20,x19,x15	 x19:0x80041024 x15:0x00000000 x20=0x80041024
     305585.000 ns	     30557	800060b0	20b62953	fsgnjx.s	f18,f12,f11	 f12:0x3fa297bb f11:0x00000000 f18=0x3fa297bb
     305925.000 ns	     30591	800060b4	193fb6d3	fdiv.s	f13,f31,f19	 f31:0xcec79c60 f19:0xaeffff26 f13=0x5f8ce6db
     305955.000 ns	     30594	800060b8	f0048cd3	fmv.w.x	f25,x9	  x9:0x00000000 f25=0x00000000
     305975.000 ns	     30596	800060bc	7dcca7b7	lui	x15,0x7dcca	 x15=0x7dcca000
     305995.000 ns	     30598	800060c0	02087eb3	remu	x29,x16,x0	 x16:0x00000000  x0:0x00000000 x29=0x00000000
     306025.000 ns	     30601	800060c4	030ab2b3	mulhu	x5,x21,x16	 x21:0x80041000 x16:0x00000000  x5=0x00000000
     306055.000 ns	     30604	800060c8	03dad533	divu	x10,x21,x29	 x21:0x80041000 x29:0x00000000 x10=0xffffffff
     306085.000 ns	     30607	800060cc	f00586d3	fmv.w.x	f13,x11	 x11:0x00000000 f13=0x00000000
     306115.000 ns	     30610	800060d0	20079853	fsgnjn.s	f16,f15,f0	 f15:0xcec79c60  f0:0x7fffffff f16=0xcec79c60
     306145.000 ns	     30613	800060d4	c013f853	fcvt.wu.s	x16,f7	  f7:0x44d46000 x16=0x000006a3
     306165.000 ns	     30615	800060d8	014bd833	srl	x16,x23,x20	 x23:0x80000000 x20:0x80041024 x16=0x08000000
     306175.000 ns	     30616	800060dc	00812933	slt	x18,x2,x8	  x2:0x800412ce  x8:0x00000000 x18=0x00000001
     306185.000 ns	     30617	800060e0	d659a313	slti	x6,x19,-667	 x19:0x80041024  x6=0x00000001
     306195.000 ns	     30618	800060e4	00000013	addi	x0,x0,0	  x0:0x00000000
     306205.000 ns	     30619	800060e8	bfcf2793	slti	x15,x30,-1028	 x30:0x00000000 x15=0x00000000
     306215.000 ns	     30620	800060ec	5bb80113	addi	x2,x16,1467	 x16:0x08000000  x2=0x080005bb
     306225.000 ns	     30621	800060f0	014c7333	and	x6,x24,x20	 x24:0x00000002 x20:0x80041024  x6=0x00000000
     306585.000 ns	     30657	800060f4	033dcab3	div	x21,x27,x19	 x27:0x000001cd x19:0x80041024 x21=0x00000000
     306605.000 ns	     30659	800060f8	00000013	addi	x0,x0,0	  x0:0x00000000
     306645.000 ns	     30663	800060fc	08493553	fsub.s	f10,f18,f4	 f18:0x3fa297bb  f4:0x9d7414d7 f10=0x3fa297bb
     306675.000 ns	     30666	80006100	f0038153	fmv.w.x	f2,x7	  x7:0x00000000  f2=0x00000000
     306695.000 ns	     30668	80006104	971fcc13	xori	x24,x31,-1679	 x31:0x00000000 x24=0xfffff971
     306715.000 ns	     30670	80006108	028e86b3	mul	x13,x29,x8	 x29:0x00000000  x8:0x00000000 x13=0x00000000
     306745.000 ns	     30673	8000610c	20822bd3	fsgnjx.s	f23,f4,f8	  f4:0x9d7414d7  f8:0x7fc00000 f23=0x9d7414d7
     306775.000 ns	     30676	80006110	e0080d53	fmv.x.w	x26,f16	 f16:0xcec79c60 x26=0xcec79c60
     306805.000 ns	     30679	80006114	e0020f53	fmv.x.w	x30,f4	  f4:0x9d7414d7 x30=0x9d7414d7
     306825.000 ns	     30681	80006118	011e1033	sll	x0,x28,x17	 x28:0x80040fe4 x17:0x00000001
     306845.000 ns	     30683	8000611c	02e68db3	mul	x27,x13,x14	 x13:0x00000000 x14:0xaeffff26 x27=0x00000000
     306865.000 ns	     30685	80006120	6c6f5f97	auipc	x31,0x6c6f5	 x31=0xec6fb120
     306875.000 ns	     30686	80006124	01afc8b3	xor	x17,x31,x26	 x31:0x00000000 x26:0xcec79c60 x17=0x22a82d40
     306885.000 ns	     30687	80006128	00771433	sll	x8,x14,x7	 x14:0xaeffff26  x7:0x00000000  x8=0xaeffff26
     306915.000 ns	     30690	8000612c	580caa53	fsqrt.s	f20,f25	 f25:0x00000000 f20=0x00000000
     306935.000 ns	     30692	80006130	00000013	addi	x0,x0,0	  x0:0x00000000
     306945.000 ns	     30693	80006134	002f8533	add	x10,x31,x2	 x31:0xec6fb120  x2:0x080005bb x10=0xf46fb6db
     306955.000 ns	     30694	80006138	01755a13	srli	x20,x10,0x17	 x10:0xffffffff x20=0x000001e8
     306975.000 ns	     30696	8000613c	02054733	div	x14,x10,x0	 x10:0xffffffff  x0:0x00000000 x14=0xffffffff
     308055.000 ns	     30804	80006140	5803fa53	fsqrt.s	f20,f7	  f7:0x44d46000 f20=0x4224e02e
     308075.000 ns	     30806	80006144	0175b633	sltu	x12,x11,x23	 x11:0x00000000 x23:0x80000000 x12=0x00000001
     308095.000 ns	     30808	80006148	200bae53	fsgnjx.s	f28,f23,f0	 f23:0x9d7414d7  f0:0x7fffffff f28=0x9d7414d7
     308115.000 ns	     30810	8000614c	4ac2a213	slti	x4,x5,1196	  x5:0x00000000  x4=0x00000001
     308125.000 ns	     30811	80006150	00755db3	srl	x27,x10,x7	 x10:0xf46fb6db  x7:0x00000000 x27=0xf46fb6db
     308145.000 ns	     30813	80006154	c01bf553	fcvt.wu.s	x10,f23	 f23:0x9d7414d7 x10=0x00000000
     308175.000 ns	     30816	80006158	02bec3b3	div	x7,x29,x11	 x29:0x00000000 x11:0x00000000  x7=0xffffffff
     308205.000 ns	     30819	8000615c	0224b633	mulhu	x12,x9,x2	  x9:0x00000000  x2:0x080005bb x12=0x00000000
     308225.000 ns	     30821	80006160	01040733	add	x14,x8,x16	  x8:0xaeffff26 x16:0x08000000 x14=0xb6ffff26
     308235.000 ns	     30822	80006164	4121d013	srai	x0,x3,0x12	  x3:0x190f7080
     308245.000 ns	     30823	80006168	01acdb13	srli	x22,x25,0x1a	 x25:0x1dfdafbc x22=0x00000007
     308265.000 ns	     30825	8000616c	03fe26b3	mulhsu	x13,x28,x31	 x28:0x80040fe4 x31:0xec6fb120 x13=0x89cbe7db
     308305.000 ns	     30829	80006170	104df5d3	fmul.s	f11,f27,f4	 f27:0x00000000  f4:0x9d7414d7 f11=0x80000000
     308325.000 ns	     30831	80006174	41415293	srai	x5,x2,0x14	  x2:0x080005bb  x5=0x00000080
     308685.000 ns	     30867	80006178	0345fcb3	remu	x25,x11,x20	 x11:0x00000000 x20:0x000001e8 x25=0x00000000
     308705.000 ns	     30869	8000617c	4160deb3	sra	x29,x1,x22	  x1:0x000002cf x22:0x00000007 x29=0x00000005
     308725.000 ns	     30871	80006180	02bba5b3	mulhsu	x11,x23,x11	 x23:0x80000000 x11:0x00000000 x11=0x00000000
     309095.000 ns	     30908	80006184	034bfdb3	remu	x27,x23,x20	 x23:0x80000000 x20:0x000001e8 x27=0x00000078
     309115.000 ns	     30910	80006188	49a62393	slti	x7,x12,1178	 x12:0x00000000  x7=0x00000001
     309125.000 ns	     30911	8000618c	01877233	and	x4,x14,x24	 x14:0xb6ffff26 x24:0xfffff971  x4=0xb6fff920
     309165.000 ns	     30915	80006190	0013cfd3	fadd.s	f31,f7,f1	  f7:0x44d46000  f1:0xe815e96a f31=0xe815e96a
     309185.000 ns	     30917	80006194	00000013	addi	x0,x0,0	  x0:0x00000000
     309545.000 ns	     30953	80006198	036f7933	remu	x18,x30,x22	 x30:0x9d7414d7 x22:0x00000007 x18=0x00000005
     309575.000 ns	     30956	8000619c	03972eb3	mulhsu	x29,x14,x25	 x14:0xb6ffff26 x25:0x00000000 x29=0x00000000
     309595.000 ns	     30958	800061a0	01dcdb13	srli	x22,x25,0x1d	 x25:0x00000000 x22=0x00000000
     309635.000 ns	     30962	800061a4	01779953	fadd.s	f18,f15,f23	 f15:0xcec79c60 f23:0x9d7414d7 f18=0xcec79c60
     309655.000 ns	     30964	800061a8	b949f193	andi	x3,x19,-1132	 x19:0x80041024  x3=0x80041004
     309695.000 ns	     30968	800061ac	00544353	fadd.s	f6,f8,f5	  f8:0x7fc00000  f5:0x4f000410  f6=0x7fc00000
     309725.000 ns	     30971	800061b0	e0040553	fmv.x.w	x10,f8	  f8:0x7fc00000 x10=0x7fc00000
     309755.000 ns	     30974	800061b4	c00b0253	fcvt.w.s	x4,f22	 f22:0x7fc00000  x4=0x7fffffff
     309775.000 ns	     30976	800061b8	00ecca33	xor	x20,x25,x14	 x25:0x00000000 x14:0xb6ffff26 x20=0xb6ffff26
     309795.000 ns	     30978	800061bc	0205ab33	mulhsu	x22,x11,x0	 x11:0x00000000  x0:0x00000000 x22=0x00000000
     310165.000 ns	     31015	800061c0	03464a33	div	x20,x12,x20	 x12:0x00000000 x20:0x000001e8 x20=0x00000000
     310195.000 ns	     31018	800061c4	28c511d3	fmax.s	f3,f10,f12	 f10:0x3fa297bb f12:0x3fa297bb  f3=0x3fa297bb
     310215.000 ns	     31020	800061c8	006441b3	xor	x3,x8,x6	  x8:0xaeffff26  x6:0x00000000  x3=0xaeffff26
     310225.000 ns	     31021	800061cc	01671e93	slli	x29,x14,0x16	 x14:0xb6ffff26 x29=0xc9800000
     310245.000 ns	     31023	800061d0	028a9133	mulh	x2,x21,x8	 x21:0x00000000  x8:0xaeffff26  x2=0x00000000
     310265.000 ns	     31025	800061d4	0d902093	slti	x1,x0,217	  x0:0x00000000  x1=0x00000001
     310285.000 ns	     31027	800061d8	a0a623d3	feq.s	x7,f12,f10	 f12:0x3fa297bb f10:0x3fa297bb  x7=0x00000001
     310315.000 ns	     31030	800061dc	21f09853	fsgnjn.s	f16,f1,f31	  f1:0xe815e96a f31:0xe815e96a f16=0x6815e96a
     310355.000 ns	     31034	800061e0	58017dd3	fsqrt.s	f27,f2	  f2:0x00000000 f27=0x00000000
     310375.000 ns	     31036	800061e4	410fd613	srai	x12,x31,0x10	 x31:0xec6fb120 x12=0xffffec6f
     310395.000 ns	     31038	800061e8	a1d005d3	fle.s	x11,f0,f29	  f0:0x7fffffff f29:0x7fc00000 x11=0x00000000
     310415.000 ns	     31040	800061ec	00c3feb3	and	x29,x7,x12	  x7:0x00000001 x12:0x00000000 x29=0x00000001
     310425.000 ns	     31041	800061f0	40745a13	srai	x20,x8,0x7	  x8:0xaeffff26 x20=0xff5dfffe
     310445.000 ns	     31043	800061f4	02aea533	mulhsu	x10,x29,x10	 x29:0xc9800000 x10:0x7fc00000 x10=0x00000000
     310475.000 ns	     31046	800061f8	21a20653	fsgnj.s	f12,f4,f26	  f4:0x9d7414d7 f26:0x7f800000 f12=0x1d7414d7
     310505.000 ns	     31049	800061fc	029be6b3	rem	x13,x23,x9	 x23:0x80000000  x9:0x00000000 x13=0x80000000
     310875.000 ns	     31086	80006200	0310f233	remu	x4,x1,x17	  x1:0x00000001 x17:0x22a82d40  x4=0x00000001
     310895.000 ns	     31088	80006204	00039b33	sll	x22,x7,x0	  x7:0x00000001  x0:0x00000000 x22=0x00000001
     310905.000 ns	     31089	80006208	01539f33	sll	x30,x7,x21	  x7:0x00000001 x21:0x00000000 x30=0x00000001
     310925.000 ns	     31091	8000620c	03502d33	mulhsu	x26,x0,x21	  x0:0x00000000 x21:0x00000000 x26=0x00000000
     310955.000 ns	     31094	80006210	28cc9cd3	fmax.s	f25,f25,f12	 f25:0x00000000 f12:0x1d7414d7 f25=0x1d7414d7
     310985.000 ns	     31097	80006214	d0017353	fcvt.s.w	f6,x2	  x2:0x00000000  f6=0x00000000
     311005.000 ns	     31099	80006218	01696eb3	or	x29,x18,x22	 x18:0x00000005 x22:0x00000001 x29=0x00000005
     311035.000 ns	     31102	8000621c	11ce1153	fmul.s	f2,f28,f28	 f28:0x9d7414d7 f28:0x9d7414d7  f2=0x7b68b7bb
     311055.000 ns	     31104	80006220	88084d93	xori	x27,x16,-1920	 x16:0x08000000 x27=0xf7fff880
     311075.000 ns	     31106	80006224	a18202d3	fle.s	x5,f4,f24	  f4:0x9d7414d7 f24:0x4c7fffff  x5=0x00000001
     312255.000 ns	     31224	80006228	580c7053	fsqrt.s	f0,f24	 f24:0x4c7fffff  f0=0x45b50461
     312275.000 ns	     31226	8000622c	402f5f13	srai	x30,x30,0x2	 x30:0x00000001 x30=0x00000000
     312295.000 ns	     31228	80006230	026776b3	remu	x13,x14,x6	 x14:0xb6ffff26  x6:0x00000000 x13=0xb6ffff26
     312325.000 ns	     31231	80006234	d01ac753	fcvt.s.wu	f14,x21	 x21:0x00000000 f14=0x00000000
     312355.000 ns	     31234	80006238	026a52b3	divu	x5,x20,x6	 x20:0xff5dfffe  x6:0x00000000  x5=0xffffffff
     312375.000 ns	     31236	8000623c	002d8233	add	x4,x27,x2	 x27:0xf7fff880  x2:0x00000000  x4=0xf7fff880
     312395.000 ns	     31238	80006240	03a47cb3	remu	x25,x8,x26	  x8:0xaeffff26 x26:0x00000000 x25=0xaeffff26
     312425.000 ns	     31241	80006244	022b4cb3	div	x25,x22,x2	 x22:0x00000001  x2:0x00000000 x25=0xffffffff
     312455.000 ns	     31244	80006248	d0107ad3	fcvt.s.wu	f21,x0	  x0:0x00000000 f21=0x00000000
     312485.000 ns	     31247	8000624c	d01f2cd3	fcvt.s.wu	f25,x30	 x30:0x00000000 f25=0x00000000
     312505.000 ns	     31249	80006250	0e4c4813	xori	x16,x24,228	 x24:0xfffff971 x16=0xfffff995
     312515.000 ns	     31250	80006254	01f13733	sltu	x14,x2,x31	  x2:0x00000000 x31:0xec6fb120 x14=0x00000001
     312525.000 ns	     31251	80006258	017672b3	and	x5,x12,x23	 x12:0xffffec6f x23:0x80000000  x5=0x80000000
     312885.000 ns	     31287	8000625c	038c4d33	div	x26,x24,x24	 x24:0xfffff971 x24:0xfffff971 x26=0x00000001
     313225.000 ns	     31321	80006260	19c102d3	fdiv.s	f5,f2,f28	  f2:0x7b68b7bb f28:0x9d7414d7  f5=0xff800000
     313245.000 ns	     31323	80006264	37589337	lui	x6,0x37589	  x6=0x37589000
     313265.000 ns	     31325	80006268	285402d3	fmin.s	f5,f8,f5	  f8:0x7fc00000  f5:0xff800000  f5=0xff800000
     313295.000 ns	     31328	8000626c	02b27233	remu	x4,x4,x11	  x4:0xf7fff880 x11:0x00000000  x4=0xf7fff880
     313315.000 ns	     31330	80006270	01bd0b33	add	x22,x26,x27	 x26:0x00000001 x27:0xf7fff880 x22=0xf7fff881
     313335.000 ns	     31332	80006274	036a05b3	mul	x11,x20,x22	 x20:0xff5dfffe x22:0x00000001 x11=0xce5e0efe
     313355.000 ns	     31334	80006278	00869213	slli	x4,x13,0x8	 x13:0xb6ffff26  x4=0xffff2600
     313365.000 ns	     31335	8000627c	00adffb3	and	x31,x27,x10	 x27:0xf7fff880 x10:0x00000000 x31=0x00000000
     313385.000 ns	     31337	80006280	c0128253	fcvt.wu.s	x4,f5	  f5:0xff800000  x4=0x00000000
     313405.000 ns	     31339	80006284	00000013	addi	x0,x0,0	  x0:0x00000000
     313415.000 ns	     31340	80006288	016b0db3	add	x27,x22,x22	 x22:0xf7fff881 x22:0xf7fff881 x27=0xeffff102
     313435.000 ns	     31342	8000628c	d016a9d3	fcvt.s.wu	f19,x13	 x13:0xb6ffff26 f19=0x4f370000
     313455.000 ns	     31344	80006290	010ac033	xor	x0,x21,x16	 x21:0x00000000 x16:0xfffff995
     313475.000 ns	     31346	80006294	a0a78153	fle.s	x2,f15,f10	 f15:0xcec79c60 f10:0x3fa297bb  x2=0x00000001
     313515.000 ns	     31350	80006298	11017ad3	fmul.s	f21,f2,f16	  f2:0x7b68b7bb f16:0x6815e96a f21=0x7f800000
     313885.000 ns	     31387	8000629c	0279cf33	div	x30,x19,x7	 x19:0x80041024  x7:0x00000001 x30=0x80041024
     313915.000 ns	     31390	800062a0	a10f25d3	feq.s	x11,f30,f16	 f30:0x7fc00000 f16:0x6815e96a x11=0x00000000
     313935.000 ns	     31392	800062a4	392ca013	slti	x0,x25,914	 x25:0xffffffff
     313955.000 ns	     31394	800062a8	f00d8153	fmv.w.x	f2,x27	 x27:0xeffff102  f2=0xeffff102
     313975.000 ns	     31396	800062ac	7bcfe393	ori	x7,x31,1980	 x31:0x00000000  x7=0x000007bc
     313995.000 ns	     31398	800062b0	20890e53	fsgnj.s	f28,f18,f8	 f18:0xcec79c60  f8:0x7fc00000 f28=0x4ec79c60
     314025.000 ns	     31401	800062b4	024b3d33	mulhu	x26,x22,x4	 x22:0xf7fff881  x4:0x00000000 x26=0x00000000
     314045.000 ns	     31403	800062b8	4135d913	srai	x18,x11,0x13	 x11:0x00000000 x18=0x00000000
     314065.000 ns	     31405	800062bc	20e0a253	fsgnjx.s	f4,f1,f14	  f1:0xe815e96a f14:0x00000000  f4=0xe815e96a
     314095.000 ns	     31408	800062c0	a1e12853	feq.s	x16,f2,f30	  f2:0xeffff102 f30:0x7fc00000 x16=0x00000000
     314115.000 ns	     31410	800062c4	006e45b3	xor	x11,x28,x6	 x28:0x80040fe4  x6:0x37589000 x11=0xb75c9fe4
     314135.000 ns	     31412	800062c8	a0b9a553	feq.s	x10,f19,f11	 f19:0x4f370000 f11:0x80000000 x10=0x00000000
     314155.000 ns	     31414	800062cc	00722033	slt	x0,x4,x7	  x4:0x00000000  x7:0x000007bc
     314195.000 ns	     31418	800062d0	08a51553	fsub.s	f10,f10,f10	 f10:0x3fa297bb f10:0x3fa297bb f10=0x80000000
     314225.000 ns	     31421	800062d4	a16a9253	flt.s	x4,f21,f22	 f21:0x7f800000 f22:0x7fc00000  x4=0x00000000
     314255.000 ns	     31424	800062d8	21a80453	fsgnj.s	f8,f16,f26	 f16:0x6815e96a f26:0x7f800000  f8=0x6815e96a
     314275.000 ns	     31426	800062dc	e113f717	auipc	x14,0xe113f	 x14=0x611452dc
     314295.000 ns	     31428	800062e0	29d010d3	fmax.s	f1,f0,f29	  f0:0x45b50461 f29:0x7fc00000  f1=0x45b50461
     314315.000 ns	     31430	800062e4	2abb2b13	slti	x22,x22,683	 x22:0xf7fff881 x22=0x00000001
     314335.000 ns	     31432	800062e8	201b9053	fsgnjn.s	f0,f23,f1	 f23:0x9d7414d7  f1:0x45b50461  f0=0x9d7414d7
     314365.000 ns	     31435	800062ec	032bef33	rem	x30,x23,x18	 x23:0x80000000 x18:0x00000000 x30=0x80000000
     314415.000 ns	     31440	800062f0	01b5f653	fadd.s	f12,f11,f27	 f11:0x80000000 f27:0x00000000 f12=0x00000000
     314445.000 ns	     31443	800062f4	20829353	fsgnjn.s	f6,f5,f8	  f5:0xff800000  f8:0x6815e96a  f6=0xff800000
     314465.000 ns	     31445	800062f8	00000013	addi	x0,x0,0	  x0:0x00000000
     314495.000 ns	     31448	800062fc	100f19d3	fmul.s	f19,f30,f0	 f30:0x7fc00000  f0:0x9d7414d7 f19=0x7fc00000
     314515.000 ns	     31450	80006300	556e8213	addi	x4,x29,1366	 x29:0x00000005  x4=0x0000055b
     314525.000 ns	     31451	80006304	a6c204b7	lui	x9,0xa6c20	  x9=0xa6c20000
     314885.000 ns	     31487	80006308	023fd7b3	divu	x15,x31,x3	 x31:0x00000000  x3:0xaeffff26 x15=0x00000000
     315255.000 ns	     31524	8000630c	03927ab3	remu	x21,x4,x25	  x4:0x0000055b x25:0xffffffff x21=0x0000055b
     315275.000 ns	     31526	80006310	a4878093	addi	x1,x15,-1464	 x15:0x00000000  x1=0xfffffa48
     315295.000 ns	     31528	80006314	03eb2833	mulhsu	x16,x22,x30	 x22:0x00000001 x30:0x80000000 x16=0x00000000
     315325.000 ns	     31531	80006318	02343133	mulhu	x2,x8,x3	  x8:0xaeffff26  x3:0xaeffff26  x2=0x77a0fed5
     315345.000 ns	     31533	8000631c	1bcf3797	auipc	x15,0x1bcf3	 x15=0x9bcf931c
     315365.000 ns	     31535	80006320	a0370cd3	fle.s	x25,f14,f3	 f14:0x00000000  f3:0x3fa297bb x25=0x00000001
     315385.000 ns	     31537	80006324	01209713	slli	x14,x1,0x12	  x1:0xfffffa48 x14=0xe9200000
     315395.000 ns	     31538	80006328	e27b5f17	auipc	x30,0xe27b5	 x30=0x627bb328
     315415.000 ns	     31540	8000632c	e0081ad3	fclass.s	x21,f16	 f16:0x6815e96a x21=0x00000040
     315785.000 ns	     31577	80006330	023b7233	remu	x4,x22,x3	 x22:0x00000001  x3:0xaeffff26  x4=0x00000001
     315815.000 ns	     31580	80006334	c01af7d3	fcvt.wu.s	x15,f21	 f21:0x7f800000 x15=0xffffffff
     316155.000 ns	     31614	80006338	19fbb9d3	fdiv.s	f19,f23,f31	 f23:0x9d7414d7 f31:0xe815e96a f19=0x747414d8
     316185.000 ns	     31617	8000633c	f00a0a53	fmv.w.x	f20,x20	 x20:0xff5dfffe f20=0xff5dfffe
     316205.000 ns	     31619	80006340	01ab8a33	add	x20,x23,x26	 x23:0x80000000 x26:0x00000000 x20=0x80000000
     316235.000 ns	     31622	80006344	1044f653	fmul.s	f12,f9,f4	  f9:0x1f350c0a  f4:0xe815e96a f12=0xc7d40a2a
     316285.000 ns	     31627	80006348	00d48e53	fadd.s	f28,f9,f13	  f9:0x1f350c0a f13:0x00000000 f28=0x1f350c0a
     316305.000 ns	     31629	8000634c	00a59513	slli	x10,x11,0xa	 x11:0xb75c9fe4 x10=0x727f9000
     316345.000 ns	     31633	80006350	00aaf5d3	fadd.s	f11,f21,f10	 f21:0x7f800000 f10:0x80000000 f11=0x7f800000
     316395.000 ns	     31638	80006354	018dfcd3	fadd.s	f25,f27,f24	 f27:0x00000000 f24:0x4c7fffff f25=0x4c7fffff
     316425.000 ns	     31641	80006358	a17e8853	fle.s	x16,f29,f23	 f29:0x7fc00000 f23:0x9d7414d7 x16=0x00000000
     316475.000 ns	     31646	8000635c	01f94cd3	fadd.s	f25,f18,f31	 f18:0xcec79c60 f31:0xe815e96a f25=0xe815e96a
     316505.000 ns	     31649	80006360	037db433	mulhu	x8,x27,x23	 x27:0xeffff102 x23:0x80000000  x8=0x77fff881
     316875.000 ns	     31686	80006364	0262dd33	divu	x26,x5,x6	  x5:0x80000000  x6:0x37589000 x26=0x00000002
     316895.000 ns	     31688	80006368	405bd593	srai	x11,x23,0x5	 x23:0x80000000 x11=0xfc000000
     316905.000 ns	     31689	8000636c	aecbed13	ori	x26,x23,-1300	 x23:0x80000000 x26=0xfffffaec
     316925.000 ns	     31691	80006370	210201d3	fsgnj.s	f3,f4,f16	  f4:0xe815e96a f16:0x6815e96a  f3=0x6815e96a
     316955.000 ns	     31694	80006374	2108a353	fsgnjx.s	f6,f17,f16	 f17:0xdd34b4b5 f16:0x6815e96a  f6=0xdd34b4b5
     317325.000 ns	     31731	80006378	027d48b3	div	x17,x26,x7	 x26:0xfffffaec  x7:0x000007bc x17=0x00000000
     317345.000 ns	     31733	8000637c	0170a6b3	slt	x13,x1,x23	  x1:0xfffffa48 x23:0x80000000 x13=0x00000000
     317355.000 ns	     31734	80006380	01b975b3	and	x11,x18,x27	 x18:0x00000000 x27:0xeffff102 x11=0x00000000
     317375.000 ns	     31736	80006384	c00df6d3	fcvt.w.s	x13,f27	 f27:0x00000000 x13=0x00000000
     317405.000 ns	     31739	80006388	d001a0d3	fcvt.s.w	f1,x3	  x3:0xaeffff26  f1=0xcea20002
     317775.000 ns	     31776	8000638c	02e3e233	rem	x4,x7,x14	  x7:0x000007bc x14:0xe9200000  x4=0x000007bc
     317795.000 ns	     31778	80006390	41f1dc33	sra	x24,x3,x31	  x3:0xaeffff26 x31:0x00000000 x24=0xaeffff26
     318155.000 ns	     31814	80006394	026e6733	rem	x14,x28,x6	 x28:0x80040fe4  x6:0x37589000 x14=0xeeb52fe4
     318175.000 ns	     31816	80006398	5a609b37	lui	x22,0x5a609	 x22=0x5a609000
     318205.000 ns	     31819	8000639c	580dc853	fsqrt.s	f16,f27	 f27:0x00000000 f16=0x00000000
     318225.000 ns	     31821	800063a0	010eda33	srl	x20,x29,x16	 x29:0x00000005 x16:0x00000000 x20=0x00000005
     318235.000 ns	     31822	800063a4	000518b3	sll	x17,x10,x0	 x10:0x727f9000  x0:0x00000000 x17=0x727f9000
     318255.000 ns	     31824	800063a8	038f8333	mul	x6,x31,x24	 x31:0x00000000 x24:0xaeffff26  x6=0x00000000
     318275.000 ns	     31826	800063ac	00195793	srli	x15,x18,0x1	 x18:0x00000000 x15=0x00000000
     318305.000 ns	     31829	800063b0	119501d3	fmul.s	f3,f10,f25	 f10:0x80000000 f25:0xe815e96a  f3=0x00000000
     318675.000 ns	     31866	800063b4	029bd8b3	divu	x17,x23,x9	 x23:0x80000000  x9:0xa6c20000 x17=0x00000000
     318705.000 ns	     31869	800063b8	03b120b3	mulhsu	x1,x2,x27	  x2:0x77a0fed5 x27:0xeffff102  x1=0x7026e7e6
     318735.000 ns	     31872	800063bc	03543833	mulhu	x16,x8,x21	  x8:0x77fff881 x21:0x00000040 x16=0x0000001d
     318785.000 ns	     31877	800063c0	09d8fdd3	fsub.s	f27,f17,f29	 f17:0xdd34b4b5 f29:0x7fc00000 f27=0x7fc00000
     318815.000 ns	     31880	800063c4	d00a9853	fcvt.s.w	f16,x21	 x21:0x00000040 f16=0x42800000
     318845.000 ns	     31883	800063c8	a1de8dd3	fle.s	x27,f29,f29	 f29:0x7fc00000 f29:0x7fc00000 x27=0x00000000
     318865.000 ns	     31885	800063cc	b9f1e513	ori	x10,x3,-1121	  x3:0xaeffff26 x10=0xffffffbf
     318885.000 ns	     31887	800063d0	029d2233	mulhsu	x4,x26,x9	 x26:0xfffffaec  x9:0xa6c20000  x4=0xfffffcb1
     318905.000 ns	     31889	800063d4	70b7aa13	slti	x20,x15,1803	 x15:0x00000000 x20=0x00000001
     318925.000 ns	     31891	800063d8	c01bfb53	fcvt.wu.s	x22,f23	 f23:0x9d7414d7 x22=0x00000000
     318975.000 ns	     31896	800063dc	00f333d3	fadd.s	f7,f6,f15	  f6:0xdd34b4b5 f15:0xcec79c60  f7=0xdd34b4b5
     318995.000 ns	     31898	800063e0	c3534113	xori	x2,x6,-971	  x6:0x00000000  x2=0xfffffc35
     319005.000 ns	     31899	800063e4	8eb28413	addi	x8,x5,-1813	  x5:0x80000000  x8=0x7ffff8eb
     319025.000 ns	     31901	800063e8	29168753	fmin.s	f14,f13,f17	 f13:0x00000000 f17:0xdd34b4b5 f14=0xdd34b4b5
     319045.000 ns	     31903	800063ec	01e2ed33	or	x26,x5,x30	  x5:0x80000000 x30:0x627bb328 x26=0xe27bb328
     319065.000 ns	     31905	800063f0	02fb2a33	mulhsu	x20,x22,x15	 x22:0x00000000 x15:0x00000000 x20=0x00000000
     319095.000 ns	     31908	800063f4	a1bbac53	feq.s	x24,f23,f27	 f23:0x9d7414d7 f27:0x7fc00000 x24=0x00000000
     319115.000 ns	     31910	800063f8	00000013	addi	x0,x0,0	  x0:0x00000000
     319475.000 ns	     31946	800063fc	030442b3	div	x5,x8,x16	  x8:0x7ffff8eb x16:0x0000001d  x5=0x0469ee19
     319495.000 ns	     31948	80006400	01e6d313	srli	x6,x13,0x1e	 x13:0x00000000  x6=0x00000000
     319515.000 ns	     31950	80006404	29d80053	fmin.s	f0,f16,f29	 f16:0x42800000 f29:0x7fc00000  f0=0x42800000
     319535.000 ns	     31952	80006408	41bb5f93	srai	x31,x22,0x1b	 x22:0x00000000 x31=0x00000000
     319545.000 ns	     31953	8000640c	cb786213	ori	x4,x16,-841	 x16:0x0000001d  x4=0xfffffcbf
     319575.000 ns	     31956	80006410	58017e53	fsqrt.s	f28,f2	  f2:0xeffff102 f28=0x7fc00000
     319595.000 ns	     31958	80006414	417fdfb3	sra	x31,x31,x23	 x31:0x00000000 x23:0x80000000 x31=0x00000000
     319615.000 ns	     31960	80006418	a1a69cd3	flt.s	x25,f13,f26	 f13:0x00000000 f26:0x7f800000 x25=0x00000001
     319645.000 ns	     31963	8000641c	c01bf353	fcvt.wu.s	x6,f23	 f23:0x9d7414d7  x6=0x00000000
     319675.000 ns	     31966	80006420	20e71dd3	fsgnjn.s	f27,f14,f14	 f14:0xdd34b4b5 f14:0xdd34b4b5 f27=0x5d34b4b5
     319705.000 ns	     31969	80006424	d0178353	fcvt.s.wu	f6,x15	 x15:0x00000000  f6=0x00000000
     320075.000 ns	     32006	80006428	02e24fb3	div	x31,x4,x14	  x4:0xfffffcbf x14:0xeeb52fe4 x31=0x00000000
     320105.000 ns	     32009	8000642c	e00d8d53	fmv.x.w	x26,f27	 f27:0x5d34b4b5 x26=0x5d34b4b5
     320125.000 ns	     32011	80006430	01685f93	srli	x31,x16,0x16	 x16:0x0000001d x31=0x00000000
     320145.000 ns	     32013	80006434	037ea933	mulhsu	x18,x29,x23	 x29:0x00000005 x23:0x80000000 x18=0x00000002
     320165.000 ns	     32015	80006438	402c5713	srai	x14,x24,0x2	 x24:0x00000000 x14=0x00000000
     320185.000 ns	     32017	8000643c	a0859353	flt.s	x6,f11,f8	 f11:0x7f800000  f8:0x6815e96a  x6=0x00000000
     320215.000 ns	     32020	80006440	03723533	mulhu	x10,x4,x23	  x4:0xfffffcbf x23:0x80000000 x10=0x7ffffe5f
     320235.000 ns	     32022	80006444	009f61b3	or	x3,x30,x9	 x30:0x627bb328  x9:0xa6c20000  x3=0xe6fbb328
     320255.000 ns	     32024	80006448	290682d3	fmin.s	f5,f13,f16	 f13:0x00000000 f16:0x42800000  f5=0x00000000
     320275.000 ns	     32026	8000644c	6e3d0293	addi	x5,x26,1763	 x26:0x5d34b4b5  x5=0x5d34bb98
     320315.000 ns	     32030	80006450	098341d3	fsub.s	f3,f6,f24	  f6:0x00000000 f24:0x4c7fffff  f3=0xcc7fffff
     320345.000 ns	     32033	80006454	a01c0cd3	fle.s	x25,f24,f1	 f24:0x4c7fffff  f1:0xcea20002 x25=0x00000000
     320365.000 ns	     32035	80006458	009c7d33	and	x26,x24,x9	 x24:0x00000000  x9:0xa6c20000 x26=0x00000000
     320385.000 ns	     32037	8000645c	d0131e53	fcvt.s.wu	f28,x6	  x6:0x00000000 f28=0x00000000
     320415.000 ns	     32040	80006460	e00f9cd3	fclass.s	x25,f31	 f31:0xe815e96a x25=0x00000002
     320445.000 ns	     32043	80006464	21f90553	fsgnj.s	f10,f18,f31	 f18:0xcec79c60 f31:0xe815e96a f10=0xcec79c60
     320815.000 ns	     32080	80006468	02284db3	div	x27,x16,x2	 x16:0x0000001d  x2:0xfffffc35 x27=0x00000000
     320845.000 ns	     32083	8000646c	023bb7b3	mulhu	x15,x23,x3	 x23:0x80000000  x3:0xe6fbb328 x15=0x737dd994
     320875.000 ns	     32086	80006470	0386e7b3	rem	x15,x13,x24	 x13:0x00000000 x24:0x00000000 x15=0x00000000
     320895.000 ns	     32088	80006474	00f51f33	sll	x30,x10,x15	 x10:0x7ffffe5f x15:0x737dd994 x30=0x7ffffe5f
     320935.000 ns	     32092	80006478	01b37853	fadd.s	f16,f6,f27	  f6:0x00000000 f27:0x5d34b4b5 f16=0x5d34b4b5
     320965.000 ns	     32095	8000647c	d01c95d3	fcvt.s.wu	f11,x25	 x25:0x00000002 f11=0x40000000
     320985.000 ns	     32097	80006480	01396033	or	x0,x18,x19	 x18:0x00000002 x19:0x80041024
     321005.000 ns	     32099	80006484	c005a853	fcvt.w.s	x16,f11	 f11:0x40000000 x16=0x00000002
     321025.000 ns	     32101	80006488	f636a293	slti	x5,x13,-157	 x13:0x00000000  x5=0x00000000
     321035.000 ns	     32102	8000648c	012b5a33	srl	x20,x22,x18	 x22:0x00000000 x18:0x00000002 x20=0x00000000
     321045.000 ns	     32103	80006490	f38d3c93	sltiu	x25,x26,-200	 x26:0x00000000 x25=0x00000001
     321055.000 ns	     32104	80006494	10d24c93	xori	x25,x4,269	  x4:0xfffffcbf x25=0xfffffdb2
     321065.000 ns	     32105	80006498	009d2333	slt	x6,x26,x9	 x26:0x00000000  x9:0xa6c20000  x6=0x00000000
     321085.000 ns	     32107	8000649c	02b1dab3	divu	x21,x3,x11	  x3:0xe6fbb328 x11:0x00000000 x21=0xffffffff
     321105.000 ns	     32109	800064a0	41ff04b3	sub	x9,x30,x31	 x30:0x7ffffe5f x31:0x00000000  x9=0x7ffffe5f
     321125.000 ns	     32111	800064a4	c0077853	fcvt.w.s	x16,f14	 f14:0xdd34b4b5 x16=0x80000000
     321155.000 ns	     32114	800064a8	f00202d3	fmv.w.x	f5,x4	  x4:0xfffffcbf  f5=0xfffffcbf
     321185.000 ns	     32117	800064ac	e00105d3	fmv.x.w	x11,f2	  f2:0xeffff102 x11=0xeffff102
     321205.000 ns	     32119	800064b0	2cfc8d13	addi	x26,x25,719	 x25:0xfffffdb2 x26=0x00000081
     321225.000 ns	     32121	800064b4	026793b3	mulh	x7,x15,x6	 x15:0x00000000  x6:0x00000000  x7=0x00000000
     321255.000 ns	     32124	800064b8	031e95b3	mulh	x11,x29,x17	 x29:0x00000005 x17:0x00000000 x11=0x00000000
     321625.000 ns	     32161	800064bc	028bc0b3	div	x1,x23,x8	 x23:0x80000000  x8:0x7ffff8eb  x1=0xffffffff
     321645.000 ns	     32163	800064c0	f83a5a97	auipc	x21,0xf83a5	 x21=0x783ab4c0
     322005.000 ns	     32199	800064c4	0399ceb3	div	x29,x19,x25	 x19:0x80041024 x25:0xfffffdb2 x29=0x00378837
     322025.000 ns	     32201	800064c8	ef2cb213	sltiu	x4,x25,-270	 x25:0xfffffdb2  x4=0x00000001
     322035.000 ns	     32202	800064cc	017d7fb3	and	x31,x26,x23	 x26:0x00000081 x23:0x80000000 x31=0x00000000
     322055.000 ns	     32204	800064d0	21ed16d3	fsgnjn.s	f13,f26,f30	 f26:0x7f800000 f30:0x7fc00000 f13=0xff800000
     322075.000 ns	     32206	800064d4	01ed1193	slli	x3,x26,0x1e	 x26:0x00000081  x3=0x40000000
     322085.000 ns	     32207	800064d8	00000013	addi	x0,x0,0	  x0:0x00000000
     323255.000 ns	     32324	800064dc	580c7453	fsqrt.s	f8,f24	 f24:0x4c7fffff  f8=0x45b50461
     323275.000 ns	     32326	800064e0	01f75593	srli	x11,x14,0x1f	 x14:0x00000000 x11=0x00000000
     323285.000 ns	     32327	800064e4	e5d42593	slti	x11,x8,-419	  x8:0x7ffff8eb x11=0x00000000
     323645.000 ns	     32363	800064e8	0371d5b3	divu	x11,x3,x23	  x3:0x40000000 x23:0x80000000 x11=0x00000000
     323675.000 ns	     32366	800064ec	a0df27d3	feq.s	x15,f30,f13	 f30:0x7fc00000 f13:0xff800000 x15=0x00000000
     323695.000 ns	     32368	800064f0	010f2733	slt	x14,x30,x16	 x30:0x7ffffe5f x16:0x80000000 x14=0x00000000
     324055.000 ns	     32404	800064f4	0217d033	divu	x0,x15,x1	 x15:0x00000000  x1:0xffffffff
     324075.000 ns	     32406	800064f8	b04fe013	ori	x0,x31,-1276	 x31:0x00000000
     324085.000 ns	     32407	800064fc	41f4d633	sra	x12,x9,x31	  x9:0x7ffffe5f x31:0x00000000 x12=0x7ffffe5f
     324105.000 ns	     32409	80006500	2192a053	fsgnjx.s	f0,f5,f25	  f5:0xfffffcbf f25:0xe815e96a  f0=0x7ffffcbf
     324135.000 ns	     32412	80006504	e0040253	fmv.x.w	x4,f8	  f8:0x45b50461  x4=0x45b50461
     324165.000 ns	     32415	80006508	0218adb3	mulhsu	x27,x17,x1	 x17:0x00000000  x1:0xffffffff x27=0x00000000
     324195.000 ns	     32418	8000650c	c00eb6d3	fcvt.w.s	x13,f29	 f29:0x7fc00000 x13=0x7fffffff
     324215.000 ns	     32420	80006510	1d598793	addi	x15,x19,469	 x19:0x80041024 x15=0x800411f9
     324245.000 ns	     32423	80006514	58007053	fsqrt.s	f0,f0	  f0:0x7ffffcbf  f0=0x7fc00000
     324265.000 ns	     32425	80006518	00c3c7b3	xor	x15,x7,x12	  x7:0x00000000 x12:0x7ffffe5f x15=0x7ffffe5f
     324275.000 ns	     32426	8000651c	00000013	addi	x0,x0,0	  x0:0x00000000
     324285.000 ns	     32427	80006520	b68fea13	ori	x20,x31,-1176	 x31:0x00000000 x20=0xfffffb68
     324305.000 ns	     32429	80006524	208dafd3	fsgnjx.s	f31,f27,f8	 f27:0x5d34b4b5  f8:0x45b50461 f31=0x5d34b4b5
     324325.000 ns	     32431	80006528	bebf1c17	auipc	x24,0xbebf1	 x24=0x3ebf7528
     324335.000 ns	     32432	8000652c	a3b80913	addi	x18,x16,-1477	 x16:0x80000000 x18=0x7ffffa3b
     324345.000 ns	     32433	80006530	010fafb3	slt	x31,x31,x16	 x31:0x00000000 x16:0x80000000 x31=0x00000000
     324355.000 ns	     32434	80006534	0195a5b3	slt	x11,x11,x25	 x11:0x00000000 x25:0xfffffdb2 x11=0x00000000
     324715.000 ns	     32470	80006538	02366a33	rem	x20,x12,x3	 x12:0x7ffffe5f  x3:0x40000000 x20=0x3ffffe5f
     324735.000 ns	     32472	8000653c	34445b17	auipc	x22,0x34445	 x22=0xb444b53c
     324745.000 ns	     32473	80006540	014bf833	and	x16,x23,x20	 x23:0x80000000 x20:0x3ffffe5f x16=0x00000000
     324765.000 ns	     32475	80006544	c016c0d3	fcvt.wu.s	x1,f13	 f13:0xff800000  x1=0x00000000
     324795.000 ns	     32478	80006548	207d17d3	fsgnjn.s	f15,f26,f7	 f26:0x7f800000  f7:0xdd34b4b5 f15=0x7f800000
     324825.000 ns	     32481	8000654c	03bdf4b3	remu	x9,x27,x27	 x27:0x00000000 x27:0x00000000  x9=0x00000000
     324855.000 ns	     32484	80006550	02b0fd33	remu	x26,x1,x11	  x1:0x00000000 x11:0x00000000 x26=0x00000000
     324885.000 ns	     32487	80006554	20d18253	fsgnj.s	f4,f3,f13	  f3:0xcc7fffff f13:0xff800000  f4=0xcc7fffff
     324915.000 ns	     32490	80006558	2039a9d3	fsgnjx.s	f19,f19,f3	 f19:0x747414d8  f3:0xcc7fffff f19=0xf47414d8
     324935.000 ns	     32492	8000655c	41d353b3	sra	x7,x6,x29	  x6:0x00000000 x29:0x00378837  x7=0x00000000
     324955.000 ns	     32494	80006560	038b1933	mulh	x18,x22,x24	 x22:0xb444b53c x24:0x3ebf7528 x18=0xed70007f
     324985.000 ns	     32497	80006564	c0097453	fcvt.w.s	x8,f18	 f18:0xcec79c60  x8=0x63ce3000
     325005.000 ns	     32499	80006568	01723fb3	sltu	x31,x4,x23	  x4:0x45b50461 x23:0x80000000 x31=0x00000001
     325025.000 ns	     32501	8000656c	a0cc1753	flt.s	x14,f24,f12	 f24:0x4c7fffff f12:0xc7d40a2a x14=0x00000000
     325055.000 ns	     32504	80006570	d00d0953	fcvt.s.w	f18,x26	 x26:0x00000000 f18=0x00000000
     325075.000 ns	     32506	80006574	4bfae117	auipc	x2,0x4bfae	  x2=0xcbfb4574
     325095.000 ns	     32508	80006578	f00607d3	fmv.w.x	f15,x12	 x12:0x7ffffe5f f15=0x7ffffe5f
     325465.000 ns	     32545	8000657c	03754ab3	div	x21,x10,x23	 x10:0x7ffffe5f x23:0x80000000 x21=0x00000000
     325495.000 ns	     32548	80006580	03ad25b3	mulhsu	x11,x26,x26	 x26:0x00000000 x26:0x00000000 x11=0x00000000
     325515.000 ns	     32550	80006584	00000013	addi	x0,x0,0	  x0:0x00000000
     325535.000 ns	     32552	80006588	020ce033	rem	x0,x25,x0	 x25:0xfffffdb2  x0:0x00000000
     325555.000 ns	     32554	8000658c	f8e48e93	addi	x29,x9,-114	  x9:0x00000000 x29=0xffffff8e
     325565.000 ns	     32555	80006590	41bbd093	srai	x1,x23,0x1b	 x23:0x80000000  x1=0xfffffff0
     325585.000 ns	     32557	80006594	f00308d3	fmv.w.x	f17,x6	  x6:0x00000000 f17=0x00000000
     325615.000 ns	     32560	80006598	d010fe53	fcvt.s.wu	f28,x1	  x1:0x00000000 f28=0x4f7fffff
     325645.000 ns	     32563	8000659c	a0721253	flt.s	x4,f4,f7	  f4:0xcc7fffff  f7:0xdd34b4b5  x4=0x00000000
     325665.000 ns	     32565	800065a0	f5237413	andi	x8,x6,-174	  x6:0x00000000  x8=0x00000000
     325675.000 ns	     32566	800065a4	c585d737	lui	x14,0xc585d	 x14=0xc585d000
     325715.000 ns	     32570	800065a8	086e08d3	fsub.s	f17,f28,f6	 f28:0x4f7fffff  f6:0x00000000 f17=0x4f7fffff
     325735.000 ns	     32572	800065ac	00ad66b3	or	x13,x26,x10	 x26:0x00000000 x10:0x7ffffe5f x13=0x7ffffe5f
     325745.000 ns	     32573	800065b0	69346fb7	lui	x31,0x69346	 x31=0x69346000
     325755.000 ns	     32574	800065b4	011bc833	xor	x16,x23,x17	 x23:0x80000000 x17:0x00000000 x16=0x80000000
     325765.000 ns	     32575	800065b8	01647db3	and	x27,x8,x22	  x8:0x00000000 x22:0xb444b53c x27=0x00000000
     325775.000 ns	     32576	800065bc	2489b613	sltiu	x12,x19,584	 x19:0x80041024 x12=0x00000000
     325795.000 ns	     32578	800065c0	213c8153	fsgnj.s	f2,f25,f19	 f25:0xe815e96a f19:0xf47414d8  f2=0xe815e96a
     325845.000 ns	     32583	800065c4	09ceb1d3	fsub.s	f3,f29,f28	 f29:0x7fc00000 f28:0x4f7fffff  f3=0x7fc00000
     325865.000 ns	     32585	800065c8	40d15233	sra	x4,x2,x13	  x2:0xcbfb4574 x13:0x7ffffe5f  x4=0xffffffff
     325875.000 ns	     32586	800065cc	4c557313	andi	x6,x10,1221	 x10:0x7ffffe5f  x6=0x00000445
     325885.000 ns	     32587	800065d0	00459713	slli	x14,x11,0x4	 x11:0x00000000 x14=0x00000000
     325895.000 ns	     32588	800065d4	a948fc93	andi	x25,x17,-1388	 x17:0x00000000 x25=0x00000000
     325905.000 ns	     32589	800065d8	b9793193	sltiu	x3,x18,-1129	 x18:0xed70007f  x3=0x00000001
     325915.000 ns	     32590	800065dc	c34d6eb7	lui	x29,0xc34d6	 x29=0xc34d6000
     325935.000 ns	     32592	800065e0	21ed01d3	fsgnj.s	f3,f26,f30	 f26:0x7f800000 f30:0x7fc00000  f3=0x7f800000
     325985.000 ns	     32597	800065e4	01eef053	fadd.s	f0,f29,f30	 f29:0x7fc00000 f30:0x7fc00000  f0=0x7fc00000
     326005.000 ns	     32599	800065e8	00aed793	srli	x15,x29,0xa	 x29:0xc34d6000 x15=0x0030d358
     326015.000 ns	     32600	800065ec	00895413	srli	x8,x18,0x8	 x18:0xed70007f  x8=0x00ed7000
     326375.000 ns	     32636	800065f0	02fae533	rem	x10,x21,x15	 x21:0x00000000 x15:0x7ffffe5f x10=0x00000000
     326395.000 ns	     32638	800065f4	01ab3833	sltu	x16,x22,x26	 x22:0xb444b53c x26:0x00000000 x16=0x00000000
     326415.000 ns	     32640	800065f8	20ab2bd3	fsgnjx.s	f23,f22,f10	 f22:0x7fc00000 f10:0xcec79c60 f23=0xffc00000
     326445.000 ns	     32643	800065fc	027e7ab3	remu	x21,x28,x7	 x28:0x80040fe4  x7:0x00000000 x21=0x80040fe4
     326465.000 ns	     32645	80006600	01bab933	sltu	x18,x21,x27	 x21:0x00000000 x27:0x00000000 x18=0x00000000
     326485.000 ns	     32647	80006604	a03e93d3	flt.s	x7,f29,f3	 f29:0x7fc00000  f3:0x7f800000  x7=0x00000000
     326505.000 ns	     32649	80006608	d421eab7	lui	x21,0xd421e	 x21=0xd421e000
     326525.000 ns	     32651	8000660c	21820553	fsgnj.s	f10,f4,f24	  f4:0xcc7fffff f24:0x4c7fffff f10=0x4c7fffff
     326555.000 ns	     32654	80006610	a003aed3	feq.s	x29,f7,f0	  f7:0xdd34b4b5  f0:0x7fc00000 x29=0x00000000
     326575.000 ns	     32656	80006614	54477c93	andi	x25,x14,1348	 x14:0x00000000 x25=0x00000000
     326585.000 ns	     32657	80006618	636a8913	addi	x18,x21,1590	 x21:0xd421e000 x18=0xd421e636
     326605.000 ns	     32659	8000661c	e00e0453	fmv.x.w	x8,f28	 f28:0x4f7fffff  x8=0x4f7fffff
     326635.000 ns	     32662	80006620	299b1953	fmax.s	f18,f22,f25	 f22:0x7fc00000 f25:0xe815e96a f18=0xe815e96a
     326655.000 ns	     32664	80006624	41558c33	sub	x24,x11,x21	 x11:0x00000000 x21:0xd421e000 x24=0x2bde2000
     326675.000 ns	     32666	80006628	d01df353	fcvt.s.wu	f6,x27	 x27:0x00000000  f6=0x00000000
     326705.000 ns	     32669	8000662c	a1392dd3	feq.s	x27,f18,f19	 f18:0xe815e96a f19:0xf47414d8 x27=0x00000000
     326725.000 ns	     32671	80006630	92a5a213	slti	x4,x11,-1750	 x11:0x00000000  x4=0x00000000
     326735.000 ns	     32672	80006634	b2340f13	addi	x30,x8,-1245	  x8:0x4f7fffff x30=0x4f7ffb22
     326755.000 ns	     32674	80006638	c0092ad3	fcvt.w.s	x21,f18	 f18:0xe815e96a x21=0x80000000
     326805.000 ns	     32679	8000663c	0817f3d3	fsub.s	f7,f15,f1	 f15:0x7ffffe5f  f1:0xcea20002  f7=0x7fc00000
     326825.000 ns	     32681	80006640	001fc733	xor	x14,x31,x1	 x31:0x69346000  x1:0xfffffff0 x14=0x96cb9ff0
     326845.000 ns	     32683	80006644	286992d3	fmax.s	f5,f19,f6	 f19:0xf47414d8  f6:0x00000000  f5=0x00000000
     326875.000 ns	     32686	80006648	025fccb3	div	x25,x31,x5	 x31:0x69346000  x5:0x00000000 x25=0xffffffff
     326895.000 ns	     32688	8000664c	009755b3	srl	x11,x14,x9	 x14:0x96cb9ff0  x9:0x00000000 x11=0x96cb9ff0
     326905.000 ns	     32689	80006650	499cb513	sltiu	x10,x25,1177	 x25:0xffffffff x10=0x00000000
     326915.000 ns	     32690	80006654	0062d313	srli	x6,x5,0x6	  x5:0x00000000  x6=0x00000000
     326935.000 ns	     32692	80006658	030aca33	div	x20,x21,x16	 x21:0x80000000 x16:0x00000000 x20=0xffffffff
     326955.000 ns	     32694	8000665c	00000013	addi	x0,x0,0	  x0:0x00000000
     326975.000 ns	     32696	80006660	03fbafb3	mulhsu	x31,x23,x31	 x23:0x80000000 x31:0x69346000 x31=0xcb65d000
     326995.000 ns	     32698	80006664	412f5e93	srai	x29,x30,0x12	 x30:0x4f7ffb22 x29=0x000013df
     327005.000 ns	     32699	80006668	30a06417	auipc	x8,0x30a06	  x8=0xb0a0c668
     327035.000 ns	     32702	8000666c	114993d3	fmul.s	f7,f19,f20	 f19:0xf47414d8 f20:0xff5dfffe  f7=0x7f800000
     327055.000 ns	     32704	80006670	7c5b0613	addi	x12,x22,1989	 x22:0xb444b53c x12=0xb444bd01
     327065.000 ns	     32705	80006674	01b717b3	sll	x15,x14,x27	 x14:0x96cb9ff0 x27:0x00000000 x15=0x96cb9ff0
     327085.000 ns	     32707	80006678	a03902d3	fle.s	x5,f18,f3	 f18:0xe815e96a  f3:0x7f800000  x5=0x00000001
     327115.000 ns	     32710	8000667c	280314d3	fmax.s	f9,f6,f0	  f6:0x00000000  f0:0x7fc00000  f9=0x00000000
     327135.000 ns	     32712	80006680	5c0a8d13	addi	x26,x21,1472	 x21:0x80000000 x26=0x800005c0
     327155.000 ns	     32714	80006684	21ac0cd3	fsgnj.s	f25,f24,f26	 f24:0x4c7fffff f26:0x7f800000 f25=0x4c7fffff
     327185.000 ns	     32717	80006688	a1a82853	feq.s	x16,f16,f26	 f16:0x5d34b4b5 f26:0x7f800000 x16=0x00000000
     327215.000 ns	     32720	8000668c	e0060453	fmv.x.w	x8,f12	 f12:0xc7d40a2a  x8=0xc7d40a2a
     327245.000 ns	     32723	80006690	a0a5ac53	feq.s	x24,f11,f10	 f11:0x40000000 f10:0x4c7fffff x24=0x00000000
     327265.000 ns	     32725	80006694	82ee2813	slti	x16,x28,-2002	 x28:0x80040fe4 x16=0x00000001
     327285.000 ns	     32727	80006698	29ea07d3	fmin.s	f15,f20,f30	 f20:0xff5dfffe f30:0x7fc00000 f15=0xff5dfffe
     327305.000 ns	     32729	8000669c	01c0bd33	sltu	x26,x1,x28	  x1:0xfffffff0 x28:0x80040fe4 x26=0x00000000
     327315.000 ns	     32730	800066a0	71e47693	andi	x13,x8,1822	  x8:0xc7d40a2a x13=0x0000020a
     327335.000 ns	     32732	800066a4	02e391b3	mulh	x3,x7,x14	  x7:0x00000000 x14:0x96cb9ff0  x3=0x00000000
     327355.000 ns	     32734	800066a8	00085f93	srli	x31,x16,0x0	 x16:0x00000001 x31=0x00000001
     327365.000 ns	     32735	800066ac	01bf01b3	add	x3,x30,x27	 x30:0x4f7ffb22 x27:0x00000000  x3=0x4f7ffb22
     327375.000 ns	     32736	800066b0	d8784217	auipc	x4,0xd8784	  x4=0x5878a6b0
     327395.000 ns	     32738	800066b4	03980633	mul	x12,x16,x25	 x16:0x00000001 x25:0xffffffff x12=0xffffffff
     327445.000 ns	     32743	800066b8	09ec71d3	fsub.s	f3,f24,f30	 f24:0x4c7fffff f30:0x7fc00000  f3=0x7fc00000
     327465.000 ns	     32745	800066bc	0064d713	srli	x14,x9,0x6	  x9:0x00000000 x14=0x00000000
     327485.000 ns	     32747	800066c0	d00b74d3	fcvt.s.w	f9,x22	 x22:0xb444b53c  f9=0xce977695
     327515.000 ns	     32750	800066c4	20de8853	fsgnj.s	f16,f29,f13	 f29:0x7fc00000 f13:0xff800000 f16=0xffc00000
     327545.000 ns	     32753	800066c8	038f3fb3	mulhu	x31,x30,x24	 x30:0x4f7ffb22 x24:0x00000000 x31=0x00000000
     327565.000 ns	     32755	800066cc	01083833	sltu	x16,x16,x16	 x16:0x00000001 x16:0x00000001 x16=0x00000000
     327575.000 ns	     32756	800066d0	b81b2693	slti	x13,x22,-1151	 x22:0xb444b53c x13=0x00000001
     327585.000 ns	     32757	800066d4	0176a6b3	slt	x13,x13,x23	 x13:0x0000020a x23:0x80000000 x13=0x00000000
     327945.000 ns	     32793	800066d8	0391e7b3	rem	x15,x3,x25	  x3:0x4f7ffb22 x25:0xffffffff x15=0x00000000
     327965.000 ns	     32795	800066dc	250a8193	addi	x3,x21,592	 x21:0x80000000  x3=0x80000250
     327985.000 ns	     32797	800066e0	e00617d3	fclass.s	x15,f12	 f12:0xc7d40a2a x15=0x00000002
     328015.000 ns	     32800	800066e4	e00b0453	fmv.x.w	x8,f22	 f22:0x7fc00000  x8=0x7fc00000
     328035.000 ns	     32802	800066e8	4c147517	auipc	x10,0x4c147	 x10=0xcc14d6e8
     328055.000 ns	     32804	800066ec	213a0ad3	fsgnj.s	f21,f20,f19	 f20:0xff5dfffe f19:0xf47414d8 f21=0xff5dfffe
     328395.000 ns	     32838	800066f0	19f0fcd3	fdiv.s	f25,f1,f31	  f1:0xcea20002 f31:0x5d34b4b5 f25=0xb0a20002
     328425.000 ns	     32841	800066f4	a0182453	feq.s	x8,f16,f1	 f16:0xffc00000  f1:0xcea20002  x8=0x00000000
     328455.000 ns	     32844	800066f8	d0177253	fcvt.s.wu	f4,x14	 x14:0x00000000  f4=0x00000000
     328485.000 ns	     32847	800066fc	a06f9053	flt.s	x0,f31,f6	 f31:0x5d34b4b5  f6:0x00000000
     328525.000 ns	     32851	80006700	18497ad3	fdiv.s	f21,f18,f4	 f18:0xe815e96a  f4:0x00000000 f21=0xff800000
     328555.000 ns	     32854	80006704	c01d4953	fcvt.wu.s	x18,f26	 f26:0x7f800000 x18=0xffffffff
     328925.000 ns	     32891	80006708	0370d4b3	divu	x9,x1,x23	  x1:0xfffffff0 x23:0x80000000  x9=0x00000001
     328945.000 ns	     32893	8000670c	01125db3	srl	x27,x4,x17	  x4:0x5878a6b0 x17:0x00000000 x27=0x5878a6b0
     328965.000 ns	     32895	80006710	d0187453	fcvt.s.wu	f8,x16	 x16:0x00000000  f8=0x00000000
     328995.000 ns	     32898	80006714	a14e9cd3	flt.s	x25,f29,f20	 f29:0x7fc00000 f20:0xff5dfffe x25=0x00000000
     329015.000 ns	     32900	80006718	7e1c8393	addi	x7,x25,2017	 x25:0xffffffff  x7=0x000007e1
     329025.000 ns	     32901	8000671c	608c1297	auipc	x5,0x608c1	  x5=0xe08c771c
     329035.000 ns	     32902	80006720	004f7533	and	x10,x30,x4	 x30:0x4f7ffb22  x4:0x5878a6b0 x10=0x4878a220
     330205.000 ns	     33019	80006724	580ff653	fsqrt.s	f12,f31	 f31:0x5d34b4b5 f12=0x4dff8e46
     330235.000 ns	     33022	80006728	026d4633	div	x12,x26,x6	 x26:0x00000000  x6:0x00000000 x12=0xffffffff
     330265.000 ns	     33025	8000672c	e0000653	fmv.x.w	x12,f0	  f0:0x7fc00000 x12=0x7fc00000
     330295.000 ns	     33028	80006730	28ef89d3	fmin.s	f19,f31,f14	 f31:0x5d34b4b5 f14:0xdd34b4b5 f19=0xdd34b4b5
     330325.000 ns	     33031	80006734	e00f8d53	fmv.x.w	x26,f31	 f31:0x5d34b4b5 x26=0x5d34b4b5
     330695.000 ns	     33068	80006738	0219e533	rem	x10,x19,x1	 x19:0x80041024  x1:0xfffffff0 x10=0xfffffff4
     330715.000 ns	     33070	8000673c	00b386b3	add	x13,x7,x11	  x7:0x000007e1 x11:0x96cb9ff0 x13=0x96cba7d1
     330735.000 ns	     33072	80006740	20739cd3	fsgnjn.s	f25,f7,f7	  f7:0x7f800000  f7:0x7f800000 f25=0xff800000
     330755.000 ns	     33074	80006744	00fdd613	srli	x12,x27,0xf	 x27:0x5878a6b0 x12=0x0000b0f1
     330785.000 ns	     33077	80006748	19edfed3	fdiv.s	f29,f27,f30	 f27:0x5d34b4b5 f30:0x7fc00000 f29=0x7fc00000
     330805.000 ns	     33079	8000674c	007d4033	xor	x0,x26,x7	 x26:0x5d34b4b5  x7:0x000007e1
     330815.000 ns	     33080	80006750	00000013	addi	x0,x0,0	  x0:0x00000000
     330835.000 ns	     33082	80006754	a02918d3	flt.s	x17,f18,f2	 f18:0xe815e96a  f2:0xe815e96a x17=0x00000000
     330855.000 ns	     33084	80006758	0166c833	xor	x16,x13,x22	 x13:0x96cba7d1 x22:0xb444b53c x16=0x228f12ed
     330885.000 ns	     33087	8000675c	114777d3	fmul.s	f15,f14,f20	 f14:0xdd34b4b5 f20:0xff5dfffe f15=0x7f800000
     330905.000 ns	     33089	80006760	00b911b3	sll	x3,x18,x11	 x18:0xffffffff x11:0x96cb9ff0  x3=0xffff0000
     330945.000 ns	     33093	80006764	00297a53	fadd.s	f20,f18,f2	 f18:0xe815e96a  f2:0xe815e96a f20=0xe895e96a
     330975.000 ns	     33096	80006768	030f16b3	mulh	x13,x30,x16	 x30:0x4f7ffb22 x16:0x228f12ed x13=0x0abb6db8
     331005.000 ns	     33099	8000676c	038e6d33	rem	x26,x28,x24	 x28:0x80040fe4 x24:0x00000000 x26=0x80040fe4
     331035.000 ns	     33102	80006770	d01887d3	fcvt.s.wu	f15,x17	 x17:0x00000000 f15=0x00000000
     331075.000 ns	     33106	80006774	5803ad53	fsqrt.s	f26,f7	  f7:0x7f800000 f26=0x7f800000
     331105.000 ns	     33109	80006778	025eb433	mulhu	x8,x29,x5	 x29:0x000013df  x5:0xe08c771c  x8=0x0000116e
     331475.000 ns	     33146	8000677c	023d6cb3	rem	x25,x26,x3	 x26:0x80040fe4  x3:0xffff0000 x25=0xffff0fe4
     331505.000 ns	     33149	80006780	02088133	mul	x2,x17,x0	 x17:0x00000000  x0:0x00000000  x2=0x00000000
     331525.000 ns	     33151	80006784	f38e64b7	lui	x9,0xf38e6	  x9=0xf38e6000
     331535.000 ns	     33152	80006788	41438d33	sub	x26,x7,x20	  x7:0x000007e1 x20:0xffffffff x26=0x000007e2
     331555.000 ns	     33154	8000678c	c002f0d3	fcvt.w.s	x1,f5	  f5:0x00000000  x1=0x00000000
     331575.000 ns	     33156	80006790	01695733	srl	x14,x18,x22	 x18:0xffffffff x22:0xb444b53c x14=0x0000000f
     331615.000 ns	     33160	80006794	08f2f2d3	fsub.s	f5,f5,f15	  f5:0x00000000 f15:0x00000000  f5=0x80000000
     331645.000 ns	     33163	80006798	a14d1a53	flt.s	x20,f26,f20	 f26:0x7f800000 f20:0xe895e96a x20=0x00000000
     331675.000 ns	     33166	8000679c	0219c733	div	x14,x19,x1	 x19:0x80041024  x1:0x00000000 x14=0xffffffff
     331695.000 ns	     33168	800067a0	cb36a613	slti	x12,x13,-845	 x13:0x0abb6db8 x12=0x00000000
     331735.000 ns	     33172	800067a4	09c9a3d3	fsub.s	f7,f19,f28	 f19:0xdd34b4b5 f28:0x4f7fffff  f7=0xdd34b4b6
     331765.000 ns	     33175	800067a8	03feb0b3	mulhu	x1,x29,x31	 x29:0x000013df x31:0x00000000  x1=0x00000000
     331795.000 ns	     33178	800067ac	21ccae53	fsgnjx.s	f28,f25,f28	 f25:0xff800000 f28:0x4f7fffff f28=0xff800000
     331825.000 ns	     33181	800067b0	a00c1ad3	flt.s	x21,f24,f0	 f24:0x4c7fffff  f0:0x7fc00000 x21=0x00000000
     331855.000 ns	     33184	800067b4	d0049053	fcvt.s.w	f0,x9	  x9:0xf38e6000  f0=0xcd471a00
     331875.000 ns	     33186	800067b8	01671c13	slli	x24,x14,0x16	 x14:0xffffffff x24=0xffc00000
     331885.000 ns	     33187	800067bc	009dca33	xor	x20,x27,x9	 x27:0x5878a6b0  x9:0xf38e6000 x20=0xabf6c6b0
     331895.000 ns	     33188	800067c0	e7617b17	auipc	x22,0xe7617	 x22=0x6761d7c0
     331915.000 ns	     33190	800067c4	d01a4853	fcvt.s.wu	f16,x20	 x20:0x00000000 f16=0x4f2bf6c7
     331935.000 ns	     33192	800067c8	40b48333	sub	x6,x9,x11	  x9:0xf38e6000 x11:0x96cb9ff0  x6=0x5cc2c010
     331945.000 ns	     33193	800067cc	01a32eb3	slt	x29,x6,x26	  x6:0x00000000 x26:0x000007e2 x29=0x00000000
     331955.000 ns	     33194	800067d0	00b99233	sll	x4,x19,x11	 x19:0x80041024 x11:0x96cb9ff0  x4=0x10240000
     331965.000 ns	     33195	800067d4	410a0c33	sub	x24,x20,x16	 x20:0xabf6c6b0 x16:0x228f12ed x24=0x8967b3c3
     331985.000 ns	     33197	800067d8	031c47b3	div	x15,x24,x17	 x24:0xffc00000 x17:0x00000000 x15=0xffffffff
     332005.000 ns	     33199	800067dc	40cad133	sra	x2,x21,x12	 x21:0x00000000 x12:0x00000000  x2=0x00000000
     332335.000 ns	     33232	800067e0	181874d3	fdiv.s	f9,f16,f1	 f16:0x4f2bf6c7  f1:0xcea20002  f9=0xbfabf6c8
     332365.000 ns	     33235	800067e4	a17da1d3	feq.s	x3,f27,f23	 f27:0x5d34b4b5 f23:0xffc00000  x3=0x00000000
     332385.000 ns	     33237	800067e8	40e1d093	srai	x1,x3,0xe	  x3:0xffff0000  x1=0x00000000
     332405.000 ns	     33239	800067ec	03251ab3	mulh	x21,x10,x18	 x10:0xfffffff4 x18:0xffffffff x21=0x00000000
     332425.000 ns	     33241	800067f0	00b8e033	or	x0,x17,x11	 x17:0x00000000 x11:0x96cb9ff0
     332445.000 ns	     33243	800067f4	034f1833	mulh	x16,x30,x20	 x30:0x4f7ffb22 x20:0xabf6c6b0 x16=0xe5e7244c
     332475.000 ns	     33246	800067f8	02144ab3	div	x21,x8,x1	  x8:0x0000116e  x1:0x00000000 x21=0xffffffff
     332495.000 ns	     33248	800067fc	006cd7b3	srl	x15,x25,x6	 x25:0xffff0fe4  x6:0x5cc2c010 x15=0x0000ffff
     332525.000 ns	     33251	80006800	1137f1d3	fmul.s	f3,f15,f19	 f15:0x00000000 f19:0xdd34b4b5  f3=0x80000000
     332545.000 ns	     33253	80006804	86de4b13	xori	x22,x28,-1939	 x28:0x80040fe4 x22=0x7ffbf789
     332555.000 ns	     33254	80006808	005718b3	sll	x17,x14,x5	 x14:0xffffffff  x5:0xe08c771c x17=0xf0000000
     332565.000 ns	     33255	8000680c	40785713	srai	x14,x16,0x7	 x16:0xe5e7244c x14=0xffcbce48
     332585.000 ns	     33257	80006810	d01235d3	fcvt.s.wu	f11,x4	  x4:0x10240000 f11=0x4d812000
     332605.000 ns	     33259	80006814	00ef5d93	srli	x27,x30,0xe	 x30:0x4f7ffb22 x27=0x00013dff
     332615.000 ns	     33260	80006818	001b0533	add	x10,x22,x1	 x22:0x7ffbf789  x1:0x00000000 x10=0x7ffbf789
     332635.000 ns	     33262	8000681c	a08311d3	flt.s	x3,f6,f8	  f6:0x00000000  f8:0x00000000  x3=0x00000000
     333005.000 ns	     33299	80006820	036755b3	divu	x11,x14,x22	 x14:0xffcbce48 x22:0x7ffbf789 x11=0x00000001
     333025.000 ns	     33301	80006824	0bbaba93	sltiu	x21,x21,187	 x21:0xffffffff x21=0x00000000
     333045.000 ns	     33303	80006828	02398eb3	mul	x29,x19,x3	 x19:0x80041024  x3:0x00000000 x29=0x00000000
     333415.000 ns	     33340	8000682c	036df433	remu	x8,x27,x22	 x27:0x00013dff x22:0x7ffbf789  x8=0x00013dff
     333445.000 ns	     33343	80006830	a1b22653	feq.s	x12,f4,f27	  f4:0x00000000 f27:0x5d34b4b5 x12=0x00000000
     333475.000 ns	     33346	80006834	e00c0b53	fmv.x.w	x22,f24	 f24:0x4c7fffff x22=0x4c7fffff
     333505.000 ns	     33349	80006838	02cf7ab3	remu	x21,x30,x12	 x30:0x4f7ffb22 x12:0x00000000 x21=0x4f7ffb22
     333545.000 ns	     33353	8000683c	183a9953	fdiv.s	f18,f21,f3	 f21:0xff800000  f3:0x80000000 f18=0x7f800000
     333915.000 ns	     33390	80006840	0395cab3	div	x21,x11,x25	 x11:0x00000001 x25:0xffff0fe4 x21=0x00000000
     333945.000 ns	     33393	80006844	2051ad53	fsgnjx.s	f26,f3,f5	  f3:0x80000000  f5:0x80000000 f26=0x00000000
     333975.000 ns	     33396	80006848	a1181ed3	flt.s	x29,f16,f17	 f16:0x4f2bf6c7 f17:0x4f7fffff x29=0x00000001
     333995.000 ns	     33398	8000684c	007ab833	sltu	x16,x21,x7	 x21:0x00000000  x7:0x000007e1 x16=0x00000001
     334015.000 ns	     33400	80006850	d01da5d3	fcvt.s.wu	f11,x27	 x27:0x00013dff f11=0x479eff80
     334035.000 ns	     33402	80006854	01737db3	and	x27,x6,x23	  x6:0x5cc2c010 x23:0x80000000 x27=0x00000000
     334045.000 ns	     33403	80006858	185ace93	xori	x29,x21,389	 x21:0x00000000 x29=0x00000185
     334065.000 ns	     33405	8000685c	21be08d3	fsgnj.s	f17,f28,f27	 f28:0xff800000 f27:0x5d34b4b5 f17=0x7f800000
     334085.000 ns	     33407	80006860	8fd00a13	addi	x20,x0,-1795	  x0:0x00000000 x20=0xfffff8fd
     334095.000 ns	     33408	80006864	afeae5b7	lui	x11,0xafeae	 x11=0xafeae000
     334105.000 ns	     33409	80006868	0149f333	and	x6,x19,x20	 x19:0x80041024 x20:0xabf6c6b0  x6=0x80041024
     334115.000 ns	     33410	8000686c	011dd113	srli	x2,x27,0x11	 x27:0x00000000  x2=0x00000000
     334135.000 ns	     33412	80006870	c004c153	fcvt.w.s	x2,f9	  f9:0xbfabf6c8  x2=0xffffffff
     334155.000 ns	     33414	80006874	406d88b3	sub	x17,x27,x6	 x27:0x00000000  x6:0x80041024 x17=0x7ffbefdc
     334165.000 ns	     33415	80006878	55f1a817	auipc	x16,0x55f1a	 x16=0xd5f20878
     334185.000 ns	     33417	8000687c	f00f8a53	fmv.w.x	f20,x31	 x31:0x00000000 f20=0x00000000
     334555.000 ns	     33454	80006880	0390ea33	rem	x20,x1,x25	  x1:0x00000000 x25:0xffff0fe4 x20=0x00000000
     334585.000 ns	     33457	80006884	d00f7fd3	fcvt.s.w	f31,x30	 x30:0x4f7ffb22 f31=0x4e9efff6
     334635.000 ns	     33462	80006888	09254953	fsub.s	f18,f10,f18	 f10:0x4c7fffff f18:0x7f800000 f18=0xff800000
     334665.000 ns	     33465	8000688c	20de8053	fsgnj.s	f0,f29,f13	 f29:0x7fc00000 f13:0xff800000  f0=0xffc00000
     335845.000 ns	     33583	80006890	58053853	fsqrt.s	f16,f10	 f10:0x4c7fffff f16=0x45b50461
     335875.000 ns	     33586	80006894	e00680d3	fmv.x.w	x1,f13	 f13:0xff800000  x1=0xff800000
     335895.000 ns	     33588	80006898	41ded2b3	sra	x5,x29,x29	 x29:0x00000185 x29:0x00000185  x5=0x0000000c
     335915.000 ns	     33590	8000689c	e0008ed3	fmv.x.w	x29,f1	  f1:0xcea20002 x29=0xcea20002
     335935.000 ns	     33592	800068a0	0bd4d517	auipc	x10,0xbd4d	 x10=0x8bd538a0
     336295.000 ns	     33628	800068a4	02677d33	remu	x26,x14,x6	 x14:0xffcbce48  x6:0x80041024 x26=0x7fc7be24
     336315.000 ns	     33630	800068a8	00d96ab3	or	x21,x18,x13	 x18:0xffffffff x13:0x0abb6db8 x21=0xffffffff
     336335.000 ns	     33632	800068ac	a1a59453	flt.s	x8,f11,f26	 f11:0x479eff80 f26:0x00000000  x8=0x00000000
     336355.000 ns	     33634	800068b0	009a9293	slli	x5,x21,0x9	 x21:0x00000000  x5=0xfffffe00
     336365.000 ns	     33635	800068b4	aec07513	andi	x10,x0,-1300	  x0:0x00000000 x10=0x00000000
     336725.000 ns	     33671	800068b8	0317e533	rem	x10,x15,x17	 x15:0x0000ffff x17:0x7ffbefdc x10=0x0000ffff
     336745.000 ns	     33673	800068bc	0184ccb3	xor	x25,x9,x24	  x9:0xf38e6000 x24:0x8967b3c3 x25=0x7ae9d3c3
     336755.000 ns	     33674	800068c0	008370b3	and	x1,x6,x8	  x6:0x80041024  x8:0x00000000  x1=0x00000000
     336765.000 ns	     33675	800068c4	01240fb3	add	x31,x8,x18	  x8:0x00000000 x18:0xffffffff x31=0xffffffff
     336805.000 ns	     33679	800068c8	00cff453	fadd.s	f8,f31,f12	 f31:0x4e9efff6 f12:0x4dff8e46  f8=0x4edee387
     336825.000 ns	     33681	800068cc	0119d933	srl	x18,x19,x17	 x19:0x80041024 x17:0x7ffbefdc x18=0x00000008
     336835.000 ns	     33682	800068d0	00ff1313	slli	x6,x30,0xf	 x30:0x4f7ffb22  x6=0xfd910000
     336855.000 ns	     33684	800068d4	f0080753	fmv.w.x	f14,x16	 x16:0xd5f20878 f14=0xd5f20878
     336875.000 ns	     33686	800068d8	40cf0633	sub	x12,x30,x12	 x30:0x4f7ffb22 x12:0x00000000 x12=0x4f7ffb22
     336895.000 ns	     33688	800068dc	0329b833	mulhu	x16,x19,x18	 x19:0x80041024 x18:0x00000008 x16=0x00000004
     336925.000 ns	     33691	800068e0	f00e8b53	fmv.w.x	f22,x29	 x29:0xcea20002 f22=0xcea20002
     337265.000 ns	     33725	800068e4	18113b53	fdiv.s	f22,f2,f1	  f2:0xe815e96a  f1:0xcea20002 f22=0x5895e96a
     337295.000 ns	     33728	800068e8	028d6933	rem	x18,x26,x8	 x26:0x7fc7be24  x8:0x00000000 x18=0x7fc7be24
     337345.000 ns	     33733	800068ec	01b37653	fadd.s	f12,f6,f27	  f6:0x00000000 f27:0x5d34b4b5 f12=0x5d34b4b5
     337375.000 ns	     33736	800068f0	e00d8653	fmv.x.w	x12,f27	 f27:0x5d34b4b5 x12=0x5d34b4b5
     337405.000 ns	     33739	800068f4	02bf8433	mul	x8,x31,x11	 x31:0xffffffff x11:0xafeae000  x8=0x50152000
     337425.000 ns	     33741	800068f8	01b57433	and	x8,x10,x27	 x10:0x0000ffff x27:0x00000000  x8=0x00000000
     337435.000 ns	     33742	800068fc	40305a13	srai	x20,x0,0x3	  x0:0x00000000 x20=0x00000000
     337465.000 ns	     33745	80006900	101a7a53	fmul.s	f20,f20,f1	 f20:0x00000000  f1:0xcea20002 f20=0x80000000
     337485.000 ns	     33747	80006904	2ffa7493	andi	x9,x20,767	 x20:0x00000000  x9=0x00000000
     337495.000 ns	     33748	80006908	00239913	slli	x18,x7,0x2	  x7:0x000007e1 x18=0x00001f84
     337505.000 ns	     33749	8000690c	01a4cc33	xor	x24,x9,x26	  x9:0xf38e6000 x26:0x7fc7be24 x24=0x7fc7be24
     337515.000 ns	     33750	80006910	019edd93	srli	x27,x29,0x19	 x29:0xcea20002 x27=0x00000067
     337535.000 ns	     33752	80006914	020b44b3	div	x9,x22,x0	 x22:0x4c7fffff  x0:0x00000000  x9=0xffffffff
     337555.000 ns	     33754	80006918	40e05793	srai	x15,x0,0xe	  x0:0x00000000 x15=0x00000000
     337565.000 ns	     33755	8000691c	4073dc33	sra	x24,x7,x7	  x7:0x000007e1  x7:0x000007e1 x24=0x000003f0
     337585.000 ns	     33757	80006920	c0137c53	fcvt.wu.s	x24,f6	  f6:0x00000000 x24=0x00000000
     337615.000 ns	     33760	80006924	d0131d53	fcvt.s.wu	f26,x6	  x6:0xfd910000 f26=0x4f7d9100
     337645.000 ns	     33763	80006928	c00affd3	fcvt.w.s	x31,f21	 f21:0xff800000 x31=0x80000000
     337665.000 ns	     33765	8000692c	8de2f413	andi	x8,x5,-1826	  x5:0xfffffe00  x8=0xfffff800
     337685.000 ns	     33767	80006930	038d4cb3	div	x25,x26,x24	 x26:0x7fc7be24 x24:0x00000000 x25=0xffffffff
     337715.000 ns	     33770	80006934	e00c8ad3	fmv.x.w	x21,f25	 f25:0xff800000 x21=0xff800000
     337745.000 ns	     33773	80006938	29a287d3	fmin.s	f15,f5,f26	  f5:0x80000000 f26:0x4f7d9100 f15=0x80000000
     337765.000 ns	     33775	8000693c	c094f213	andi	x4,x9,-1015	  x9:0xffffffff  x4=0xfffffc09
     338125.000 ns	     33811	80006940	0266d633	divu	x12,x13,x6	 x13:0x0abb6db8  x6:0xfd910000 x12=0x00000000
     338145.000 ns	     33813	80006944	00cb5ab3	srl	x21,x22,x12	 x22:0x4c7fffff x12:0x5d34b4b5 x21=0x4c7fffff
     338155.000 ns	     33814	80006948	01895533	srl	x10,x18,x24	 x18:0x00001f84 x24:0x00000000 x10=0x00001f84
     338185.000 ns	     33817	8000694c	11f1c353	fmul.s	f6,f3,f31	  f3:0x80000000 f31:0x4e9efff6  f6=0x80000000
     338205.000 ns	     33819	80006950	017c9813	slli	x16,x25,0x17	 x25:0xffffffff x16=0xff800000
     338225.000 ns	     33821	80006954	f0070653	fmv.w.x	f12,x14	 x14:0xffcbce48 f12=0xffcbce48
     338245.000 ns	     33823	80006958	9d5cc013	xori	x0,x25,-1579	 x25:0xffffffff
     338265.000 ns	     33825	8000695c	d0137153	fcvt.s.wu	f2,x6	  x6:0xfd910000  f2=0x4f7d9100
     338295.000 ns	     33828	80006960	21120f53	fsgnj.s	f30,f4,f17	  f4:0x00000000 f17:0x7f800000 f30=0x00000000
     338325.000 ns	     33831	80006964	d0181453	fcvt.s.wu	f8,x16	 x16:0xff800000  f8=0x4f7f8000
     338345.000 ns	     33833	80006968	18670537	lui	x10,0x18670	 x10=0x18670000
     338355.000 ns	     33834	8000696c	63660193	addi	x3,x12,1590	 x12:0x00000000  x3=0x00000636
     338365.000 ns	     33835	80006970	01466533	or	x10,x12,x20	 x12:0x00000000 x20:0x00000000 x10=0x00000000
     338385.000 ns	     33837	80006974	29159c53	fmax.s	f24,f11,f17	 f11:0x479eff80 f17:0x7f800000 f24=0x7f800000
     338405.000 ns	     33839	80006978	007271b3	and	x3,x4,x7	  x4:0xfffffc09  x7:0x000007e1  x3=0x00000401
     339575.000 ns	     33956	8000697c	58047b53	fsqrt.s	f22,f8	  f8:0x4f7f8000 f22=0x4734a9ea
     339605.000 ns	     33959	80006980	289f9a53	fmax.s	f20,f31,f9	 f31:0x4e9efff6  f9:0xbfabf6c8 f20=0x4e9efff6
     339625.000 ns	     33961	80006984	c98496b7	lui	x13,0xc9849	 x13=0xc9849000
     339645.000 ns	     33963	80006988	02f88fb3	mul	x31,x17,x15	 x17:0x7ffbefdc x15:0x00000000 x31=0x00000000
     339665.000 ns	     33965	8000698c	67057f93	andi	x31,x10,1648	 x10:0x00000000 x31=0x00000000
     339675.000 ns	     33966	80006990	4b6f0293	addi	x5,x30,1206	 x30:0x4f7ffb22  x5=0x4f7fffd8
     340035.000 ns	     34002	80006994	03cfe433	rem	x8,x31,x28	 x31:0x00000000 x28:0x80040fe4  x8=0x00000000
     340065.000 ns	     34005	80006998	a0fa84d3	fle.s	x9,f21,f15	 f21:0xff800000 f15:0x80000000  x9=0x00000001
     340095.000 ns	     34008	8000699c	2110abd3	fsgnjx.s	f23,f1,f17	  f1:0xcea20002 f17:0x7f800000 f23=0xcea20002
     340125.000 ns	     34011	800069a0	296d9953	fmax.s	f18,f27,f22	 f27:0x5d34b4b5 f22:0x4734a9ea f18=0x5d34b4b5
     340145.000 ns	     34013	800069a4	00e69413	slli	x8,x13,0xe	 x13:0xc9849000  x8=0x24000000
     340155.000 ns	     34014	800069a8	00000013	addi	x0,x0,0	  x0:0x00000000
     340175.000 ns	     34016	800069ac	c014fad3	fcvt.wu.s	x21,f9	  f9:0xbfabf6c8 x21=0x00000001
     340195.000 ns	     34018	800069b0	0054aa33	slt	x20,x9,x5	  x9:0x00000001  x5:0x4f7fffd8 x20=0x00000001
     340205.000 ns	     34019	800069b4	00000013	addi	x0,x0,0	  x0:0x00000000
     340215.000 ns	     34020	800069b8	57898693	addi	x13,x19,1400	 x19:0x80041024 x13=0x8004159c
     340225.000 ns	     34021	800069bc	00790733	add	x14,x18,x7	 x18:0x00001f84  x7:0x000007e1 x14=0x00002765
     340245.000 ns	     34023	800069c0	a1dfa7d3	feq.s	x15,f31,f29	 f31:0x4e9efff6 f29:0x7fc00000 x15=0x00000000
     340265.000 ns	     34025	800069c4	006f5a33	srl	x20,x30,x6	 x30:0x4f7ffb22  x6:0xfd910000 x20=0x4f7ffb22
     340285.000 ns	     34027	800069c8	c01190d3	fcvt.wu.s	x1,f3	  f3:0x80000000  x1=0x00000000
     340625.000 ns	     34061	800069cc	18877753	fdiv.s	f14,f14,f8	 f14:0xd5f20878  f8:0x4f7f8000 f14=0xc5f20878
     340655.000 ns	     34064	800069d0	039591b3	mulh	x3,x11,x25	 x11:0xafeae000 x25:0xffffffff  x3=0x00000000
     340675.000 ns	     34066	800069d4	013b5eb3	srl	x29,x22,x19	 x22:0x4c7fffff x19:0x80041024 x29=0x04c7ffff
     341035.000 ns	     34102	800069d8	02d2da33	divu	x20,x5,x13	  x5:0x4f7fffd8 x13:0x8004159c x20=0x00000000
     341065.000 ns	     34105	800069dc	f00b04d3	fmv.w.x	f9,x22	 x22:0x4c7fffff  f9=0x4c7fffff
     341105.000 ns	     34109	800069e0	11b5f353	fmul.s	f6,f11,f27	 f11:0x479eff80 f27:0x5d34b4b5  f6=0x656077c4
     341135.000 ns	     34112	800069e4	202a9a53	fsgnjn.s	f20,f21,f2	 f21:0xff800000  f2:0x4f7d9100 f20=0xff800000
     341155.000 ns	     34114	800069e8	830c8493	addi	x9,x25,-2000	 x25:0xffffffff  x9=0xfffff82f
     341165.000 ns	     34115	800069ec	0074edb3	or	x27,x9,x7	  x9:0x00000001  x7:0x000007e1 x27=0xffffffef
     341185.000 ns	     34117	800069f0	e0019153	fclass.s	x2,f3	  f3:0x80000000  x2=0x00000008
     341215.000 ns	     34120	800069f4	c01b7dd3	fcvt.wu.s	x27,f22	 f22:0x4734a9ea x27=0x0000b4a9
     341245.000 ns	     34123	800069f8	d01e81d3	fcvt.s.wu	f3,x29	 x29:0x04c7ffff  f3=0x4c990000
     341615.000 ns	     34160	800069fc	03e8db33	divu	x22,x17,x30	 x17:0x7ffbefdc x30:0x4f7ffb22 x22=0x00000001
     341645.000 ns	     34163	80006a00	213f2bd3	fsgnjx.s	f23,f30,f19	 f30:0x00000000 f19:0xdd34b4b5 f23=0x80000000
     341665.000 ns	     34165	80006a04	001431b3	sltu	x3,x8,x1	  x8:0x24000000  x1:0x00000000  x3=0x00000000
     341685.000 ns	     34167	80006a08	c019f853	fcvt.wu.s	x16,f19	 f19:0xdd34b4b5 x16=0x00000000
     341705.000 ns	     34169	80006a0c	00227733	and	x14,x4,x2	  x4:0xfffffc09  x2:0x00000008 x14=0x00000008
     341725.000 ns	     34171	80006a10	20a40c53	fsgnj.s	f24,f8,f10	  f8:0x4f7f8000 f10:0x4c7fffff f24=0x4f7f8000
     341745.000 ns	     34173	80006a14	00535c93	srli	x25,x6,0x5	  x6:0xfd910000 x25=0x07ec8800
     341765.000 ns	     34175	80006a18	e00f8453	fmv.x.w	x8,f31	 f31:0x4e9efff6  x8=0x4e9efff6
     342135.000 ns	     34212	80006a1c	02246133	rem	x2,x8,x2	  x8:0x24000000  x2:0x00000008  x2=0x00000006
     342165.000 ns	     34215	80006a20	03ceba33	mulhu	x20,x29,x28	 x29:0x04c7ffff x28:0x80040fe4 x20=0x0264136b
     342185.000 ns	     34217	80006a24	2b6e3017	auipc	x0,0x2b6e3	
     342225.000 ns	     34221	80006a28	08913e53	fsub.s	f28,f2,f9	  f2:0x4f7d9100  f9:0x4c7fffff f28=0x4f799101
     342255.000 ns	     34224	80006a2c	281b1bd3	fmax.s	f23,f22,f1	 f22:0x4734a9ea  f1:0xcea20002 f23=0x4734a9ea
     342285.000 ns	     34227	80006a30	29458fd3	fmin.s	f31,f11,f20	 f11:0x479eff80 f20:0xff800000 f31=0xff800000
     342315.000 ns	     34230	80006a34	e00d1d53	fclass.s	x26,f26	 f26:0x4f7d9100 x26=0x00000040
     342335.000 ns	     34232	80006a38	fbafa393	slti	x7,x31,-70	 x31:0x00000000  x7=0x00000000
     342345.000 ns	     34233	80006a3c	5db3e713	ori	x14,x7,1499	  x7:0x000007e1 x14=0x000005db
     342355.000 ns	     34234	80006a40	41ee5893	srai	x17,x28,0x1e	 x28:0x80040fe4 x17=0xfffffffe
     342395.000 ns	     34238	80006a44	0949f653	fsub.s	f12,f19,f20	 f19:0xdd34b4b5 f20:0xff800000 f12=0x7f800000
     342415.000 ns	     34240	80006a48	01aed413	srli	x8,x29,0x1a	 x29:0x04c7ffff  x8=0x00000001
     342445.000 ns	     34243	80006a4c	580a27d3	fsqrt.s	f15,f20	 f20:0xff800000 f15=0x7fc00000
     342465.000 ns	     34245	80006a50	d679a213	slti	x4,x19,-665	 x19:0x80041024  x4=0x00000001
     342485.000 ns	     34247	80006a54	d01797d3	fcvt.s.wu	f15,x15	 x15:0x00000000 f15=0x00000000
     342515.000 ns	     34250	80006a58	29b69753	fmax.s	f14,f13,f27	 f13:0xff800000 f27:0x5d34b4b5 f14=0x5d34b4b5
     342885.000 ns	     34287	80006a5c	032cc4b3	div	x9,x25,x18	 x25:0x07ec8800 x18:0x00001f84  x9=0x0000405d
     342915.000 ns	     34290	80006a60	020b9fb3	mulh	x31,x23,x0	 x23:0x80000000  x0:0x00000000 x31=0x00000000
     342935.000 ns	     34292	80006a64	40d18133	sub	x2,x3,x13	  x3:0x00000000 x13:0x8004159c  x2=0x7ffbea64
     342945.000 ns	     34293	80006a68	00790733	add	x14,x18,x7	 x18:0x00001f84  x7:0x00000000 x14=0x00001f84
     342955.000 ns	     34294	80006a6c	fa8853b7	lui	x7,0xfa885	  x7=0xfa885000
     342975.000 ns	     34296	80006a70	e0048dd3	fmv.x.w	x27,f9	  f9:0x4c7fffff x27=0x4c7fffff
     343005.000 ns	     34299	80006a74	03f7dcb3	divu	x25,x15,x31	 x15:0x00000000 x31:0x00000000 x25=0xffffffff
     343025.000 ns	     34301	80006a78	74ba0f13	addi	x30,x20,1867	 x20:0x0264136b x30=0x02641ab6
     343045.000 ns	     34303	80006a7c	d00c1753	fcvt.s.w	f14,x24	 x24:0x00000000 f14=0x00000000
     343075.000 ns	     34306	80006a80	e00a0cd3	fmv.x.w	x25,f20	 f20:0xff800000 x25=0xff800000
     343105.000 ns	     34309	80006a84	03e38833	mul	x16,x7,x30	  x7:0xfa885000 x30:0x02641ab6 x16=0x3508e000
     343125.000 ns	     34311	80006a88	e932cfb7	lui	x31,0xe932c	 x31=0xe932c000
     343145.000 ns	     34313	80006a8c	c01f84d3	fcvt.wu.s	x9,f31	 f31:0xff800000  x9=0x00000000
     343515.000 ns	     34350	80006a90	025c75b3	remu	x11,x24,x5	 x24:0x00000000  x5:0x4f7fffd8 x11=0x00000000
     343545.000 ns	     34353	80006a94	02a771b3	remu	x3,x14,x10	 x14:0x00001f84 x10:0x00000000  x3=0x00001f84
     343575.000 ns	     34356	80006a98	296a8f53	fmin.s	f30,f21,f22	 f21:0xff800000 f22:0x4734a9ea f30=0xff800000
     343595.000 ns	     34358	80006a9c	00e47c33	and	x24,x8,x14	  x8:0x00000001 x14:0x00001f84 x24=0x00000000
     343955.000 ns	     34394	80006aa0	0310d5b3	divu	x11,x1,x17	  x1:0x00000000 x17:0xfffffffe x11=0x00000000
     343985.000 ns	     34397	80006aa4	020ad333	divu	x6,x21,x0	 x21:0x00000001  x0:0x00000000  x6=0xffffffff
     344005.000 ns	     34399	80006aa8	014af833	and	x16,x21,x20	 x21:0x00000001 x20:0x0264136b x16=0x00000001
     344015.000 ns	     34400	80006aac	741e8493	addi	x9,x29,1857	 x29:0x04c7ffff  x9=0x04c80740
     344035.000 ns	     34402	80006ab0	f0088053	fmv.w.x	f0,x17	 x17:0xfffffffe  f0=0xfffffffe
     344065.000 ns	     34405	80006ab4	c017fdd3	fcvt.wu.s	x27,f15	 f15:0x00000000 x27=0x00000000
     344435.000 ns	     34442	80006ab8	02416a33	rem	x20,x2,x4	  x2:0x7ffbea64  x4:0x00000001 x20=0x00000000
     344455.000 ns	     34444	80006abc	003a9733	sll	x14,x21,x3	 x21:0x00000001  x3:0x00001f84 x14=0x00000010
     344465.000 ns	     34445	80006ac0	00f9c833	xor	x16,x19,x15	 x19:0x80041024 x15:0x00000000 x16=0x80041024
     344485.000 ns	     34447	80006ac4	030ba733	mulhsu	x14,x23,x16	 x23:0x80000000 x16:0x00000001 x14=0xbffdf7ee
     344505.000 ns	     34449	80006ac8	01bb40b3	xor	x1,x22,x27	 x22:0x00000001 x27:0x00000000  x1=0x00000001
     344535.000 ns	     34452	80006acc	115d7e53	fmul.s	f28,f26,f21	 f26:0x4f7d9100 f21:0xff800000 f28=0xff800000
     344555.000 ns	     34454	80006ad0	008a24b3	slt	x9,x20,x8	 x20:0x00000000  x8:0x00000001  x9=0x00000001
     344565.000 ns	     34455	80006ad4	01cc1733	sll	x14,x24,x28	 x24:0x00000000 x28:0x80040fe4 x14=0x00000000
     344585.000 ns	     34457	80006ad8	d0167853	fcvt.s.wu	f16,x12	 x12:0x00000000 f16=0x00000000
     344605.000 ns	     34459	80006adc	fbdd8c13	addi	x24,x27,-67	 x27:0x00000000 x24=0xffffffbd
     344625.000 ns	     34461	80006ae0	20a51cd3	fsgnjn.s	f25,f10,f10	 f10:0x4c7fffff f10:0x4c7fffff f25=0xcc7fffff
     344645.000 ns	     34463	80006ae4	00caa033	slt	x0,x21,x12	 x21:0x00000001 x12:0x00000000
     344655.000 ns	     34464	80006ae8	e3ebe613	ori	x12,x23,-450	 x23:0x80000000 x12=0xfffffe3e
     344685.000 ns	     34467	80006aec	18da9153	fdiv.s	f2,f21,f13	 f21:0xff800000 f13:0xff800000  f2=0x7fc00000
     344705.000 ns	     34469	80006af0	019bfab3	and	x21,x23,x25	 x23:0x80000000 x25:0xff800000 x21=0x80000000
     344715.000 ns	     34470	80006af4	18036117	auipc	x2,0x18036	  x2=0x9803caf4
     345075.000 ns	     34506	80006af8	02604d33	div	x26,x0,x6	  x0:0x00000000  x6:0xffffffff x26=0x00000000
     345445.000 ns	     34543	80006afc	0248e5b3	rem	x11,x17,x4	 x17:0xfffffffe  x4:0x00000001 x11=0x00000000
     345475.000 ns	     34546	80006b00	034d5333	divu	x6,x26,x20	 x26:0x00000000 x20:0x00000000  x6=0xffffffff
     345495.000 ns	     34548	80006b04	2fa6c193	xori	x3,x13,762	 x13:0x8004159c  x3=0x80041766
     345505.000 ns	     34549	80006b08	0037cfb3	xor	x31,x15,x3	 x15:0x00000000  x3:0x00001f84 x31=0x80041766
     345525.000 ns	     34551	80006b0c	02a94f33	div	x30,x18,x10	 x18:0x00001f84 x10:0x00000000 x30=0xffffffff
     345895.000 ns	     34588	80006b10	039648b3	div	x17,x12,x25	 x12:0xfffffe3e x25:0xff800000 x17=0x00000000
     345915.000 ns	     34590	80006b14	33ef3593	sltiu	x11,x30,830	 x30:0xffffffff x11=0x00000000
     345935.000 ns	     34592	80006b18	023cb233	mulhu	x4,x25,x3	 x25:0xff800000  x3:0x80041766  x4=0x7fc4155a
     345955.000 ns	     34594	80006b1c	000803b3	add	x7,x16,x0	 x16:0x80041024  x0:0x00000000  x7=0x80041024
     345975.000 ns	     34596	80006b20	f0058ed3	fmv.w.x	f29,x11	 x11:0x00000000 f29=0x00000000
     345995.000 ns	     34598	80006b24	404c0cb3	sub	x25,x24,x4	 x24:0xffffffbd  x4:0x7fc4155a x25=0x803bea63
     346005.000 ns	     34599	80006b28	0e95acb7	lui	x25,0xe95a	 x25=0x0e95a000
     346025.000 ns	     34601	80006b2c	20520d53	fsgnj.s	f26,f4,f5	  f4:0x00000000  f5:0x80000000 f26=0x80000000
     346045.000 ns	     34603	80006b30	01450833	add	x16,x10,x20	 x10:0x00000000 x20:0x00000000 x16=0x00000000
     346085.000 ns	     34607	80006b34	0923f2d3	fsub.s	f5,f7,f18	  f7:0xdd34b4b6 f18:0x5d34b4b5  f5=0xddb4b4b5
     346115.000 ns	     34610	80006b38	03769ab3	mulh	x21,x13,x23	 x13:0x8004159c x23:0x80000000 x21=0x3ffdf532
     346135.000 ns	     34612	80006b3c	8be8c293	xori	x5,x17,-1858	 x17:0x00000000  x5=0xfffff8be
     346145.000 ns	     34613	80006b40	25d26f93	ori	x31,x4,605	  x4:0x7fc4155a x31=0x7fc4175f
     346155.000 ns	     34614	80006b44	011f7db3	and	x27,x30,x17	 x30:0xffffffff x17:0x00000000 x27=0x00000000
     346175.000 ns	     34616	80006b48	02e20833	mul	x16,x4,x14	  x4:0x7fc4155a x14:0x00000000 x16=0x00000000
     346205.000 ns	     34619	80006b4c	e00c1553	fclass.s	x10,f24	 f24:0x4f7f8000 x10=0x00000040
     346255.000 ns	     34624	80006b50	01c8ccd3	fadd.s	f25,f17,f28	 f17:0x7f800000 f28:0xff800000 f25=0x80000000
     346295.000 ns	     34628	80006b54	58017353	fsqrt.s	f6,f2	  f2:0x7fc00000  f6=0x7fc00000
     346325.000 ns	     34631	80006b58	039e9a33	mulh	x20,x29,x25	 x29:0x04c7ffff x25:0x0e95a000 x20=0x0045bb64
     346355.000 ns	     34634	80006b5c	02fdbb33	mulhu	x22,x27,x15	 x27:0x00000000 x15:0x00000000 x22=0x00000000
     347435.000 ns	     34742	80006b60	58057c53	fsqrt.s	f24,f10	 f10:0x4c7fffff f24=0x45b50461
     347465.000 ns	     34745	80006b64	f00d0353	fmv.w.x	f6,x26	 x26:0x00000000  f6=0x00000000
     347495.000 ns	     34748	80006b68	a1408353	fle.s	x6,f1,f20	  f1:0xcea20002 f20:0xff800000  x6=0x00000000
     347525.000 ns	     34751	80006b6c	e00091d3	fclass.s	x3,f1	  f1:0xcea20002  x3=0x00000002
     347555.000 ns	     34754	80006b70	c010a053	fcvt.wu.s	x0,f1	  f1:0xcea20002
     347585.000 ns	     34757	80006b74	e0039d53	fclass.s	x26,f7	  f7:0xdd34b4b6 x26=0x00000002
     347615.000 ns	     34760	80006b78	a0479453	flt.s	x8,f15,f4	 f15:0x00000000  f4:0x00000000  x8=0x00000000
     347635.000 ns	     34762	80006b7c	0c95c893	xori	x17,x11,201	 x11:0x00000000 x17=0x000000c9
     347645.000 ns	     34763	80006b80	001cc8b3	xor	x17,x25,x1	 x25:0x0e95a000  x1:0x00000001 x17=0x0e95a001
     347665.000 ns	     34765	80006b84	29121253	fmax.s	f4,f4,f17	  f4:0x00000000 f17:0x7f800000  f4=0x7f800000
     347685.000 ns	     34767	80006b88	00000013	addi	x0,x0,0	  x0:0x00000000
     347705.000 ns	     34769	80006b8c	20c32cd3	fsgnjx.s	f25,f6,f12	  f6:0x00000000 f12:0x7f800000 f25=0x00000000
     347735.000 ns	     34772	80006b90	20582a53	fsgnjx.s	f20,f16,f5	 f16:0x00000000  f5:0xddb4b4b5 f20=0x80000000
     347775.000 ns	     34776	80006b94	19f42453	fdiv.s	f8,f8,f31	  f8:0x4f7f8000 f31:0xff800000  f8=0x80000000
     347815.000 ns	     34780	80006b98	18aa7353	fdiv.s	f6,f20,f10	 f20:0x80000000 f10:0x4c7fffff  f6=0x80000000
     347845.000 ns	     34783	80006b9c	d01706d3	fcvt.s.wu	f13,x14	 x14:0x00000000 f13=0x00000000
     347865.000 ns	     34785	80006ba0	00721a13	slli	x20,x4,0x7	  x4:0x7fc4155a x20=0xe20aad00
     347875.000 ns	     34786	80006ba4	36458d13	addi	x26,x11,868	 x11:0x00000000 x26=0x00000364
     347895.000 ns	     34788	80006ba8	03531f33	mulh	x30,x6,x21	  x6:0x00000000 x21:0x3ffdf532 x30=0x00000000
     347925.000 ns	     34791	80006bac	e0079fd3	fclass.s	x31,f15	 f15:0x00000000 x31=0x00000010
     349105.000 ns	     34909	80006bb0	5801bdd3	fsqrt.s	f27,f3	  f3:0x4c990000 f27=0x460bf12a
     349135.000 ns	     34912	80006bb4	d01d36d3	fcvt.s.wu	f13,x26	 x26:0x00000364 f13=0x44590000
     349155.000 ns	     34914	80006bb8	276de313	ori	x6,x27,630	 x27:0x00000000  x6=0x00000276
     349175.000 ns	     34916	80006bbc	a16a9dd3	flt.s	x27,f21,f22	 f21:0xff800000 f22:0x4734a9ea x27=0x00000001
     350355.000 ns	     35034	80006bc0	5806fa53	fsqrt.s	f20,f13	 f13:0x44590000 f20=0x41997131
     350385.000 ns	     35037	80006bc4	2145a8d3	fsgnjx.s	f17,f11,f20	 f11:0x479eff80 f20:0x80000000 f17=0x479eff80
     350405.000 ns	     35039	80006bc8	0153fcb3	and	x25,x7,x21	  x7:0x80041024 x21:0x3ffdf532 x25=0x00041020
     350425.000 ns	     35041	80006bcc	03dc0733	mul	x14,x24,x29	 x24:0xffffffbd x29:0x04c7ffff x14=0xbfa80043
     350445.000 ns	     35043	80006bd0	52670c93	addi	x25,x14,1318	 x14:0x00000000 x25=0xbfa80569
     350485.000 ns	     35047	80006bd4	09c495d3	fsub.s	f11,f9,f28	  f9:0x4c7fffff f28:0xff800000 f11=0x7f800000
     350515.000 ns	     35050	80006bd8	03f606b3	mul	x13,x12,x31	 x12:0xfffffe3e x31:0x00000010 x13=0xffffe3e0
     350535.000 ns	     35052	80006bdc	cafb6413	ori	x8,x22,-849	 x22:0x00000000  x8=0xfffffcaf
     350555.000 ns	     35054	80006be0	282a17d3	fmax.s	f15,f20,f2	 f20:0x41997131  f2:0x7fc00000 f15=0x41997131
     350585.000 ns	     35057	80006be4	f00882d3	fmv.w.x	f5,x17	 x17:0x0e95a001  f5=0x0e95a001
     350615.000 ns	     35060	80006be8	c0097653	fcvt.w.s	x12,f18	 f18:0x5d34b4b5 x12=0x7fffffff
     350645.000 ns	     35063	80006bec	d0022ad3	fcvt.s.w	f21,x4	  x4:0x7fc4155a f21=0x4eff882b
     350665.000 ns	     35065	80006bf0	00919013	slli	x0,x3,0x9	  x3:0x00000002
     350685.000 ns	     35067	80006bf4	02892633	mulhsu	x12,x18,x8	 x18:0x00001f84  x8:0xfffffcaf x12=0x00001f83
     350735.000 ns	     35072	80006bf8	00877253	fadd.s	f4,f14,f8	 f14:0x00000000  f8:0x80000000  f4=0x80000000
     350755.000 ns	     35074	80006bfc	a47f8b13	addi	x22,x31,-1465	 x31:0x00000010 x22=0xfffffa57
     350775.000 ns	     35076	80006c00	c016a953	fcvt.wu.s	x18,f13	 f13:0x44590000 x18=0x00000364
     351145.000 ns	     35113	80006c04	03dd6733	rem	x14,x26,x29	 x26:0x00000364 x29:0x04c7ffff x14=0x00000364
     351515.000 ns	     35150	80006c08	02c7ef33	rem	x30,x15,x12	 x15:0x00000000 x12:0x00001f83 x30=0x00000000
     351885.000 ns	     35187	80006c0c	027c78b3	remu	x17,x24,x7	 x24:0xffffffbd  x7:0x80041024 x17=0x7ffbef99
     351925.000 ns	     35191	80006c10	189f2753	fdiv.s	f14,f30,f9	 f30:0xff800000  f9:0x4c7fffff f14=0xff800000
     351945.000 ns	     35193	80006c14	611dbf13	sltiu	x30,x27,1553	 x27:0x00000001 x30=0x00000001
     351965.000 ns	     35195	80006c18	c00b9d53	fcvt.w.s	x26,f23	 f23:0x4734a9ea x26=0x0000b4a9
     351995.000 ns	     35198	80006c1c	a10b0b53	fle.s	x22,f22,f16	 f22:0x4734a9ea f16:0x00000000 x22=0x00000000
     352045.000 ns	     35203	80006c20	00be7c53	fadd.s	f24,f28,f11	 f28:0xff800000 f11:0x7f800000 f24=0x00000000
     352075.000 ns	     35206	80006c24	f0020ed3	fmv.w.x	f29,x4	  x4:0x7fc4155a f29=0x7fc4155a
     352095.000 ns	     35208	80006c28	00000013	addi	x0,x0,0	  x0:0x00000000
     352115.000 ns	     35210	80006c2c	d00b1ed3	fcvt.s.w	f29,x22	 x22:0x00000000 f29=0x00000000
     352145.000 ns	     35213	80006c30	21dd9ed3	fsgnjn.s	f29,f27,f29	 f27:0x460bf12a f29:0x7fc4155a f29=0xc60bf12a
     352195.000 ns	     35218	80006c34	00ae70d3	fadd.s	f1,f28,f10	 f28:0xff800000 f10:0x4c7fffff  f1=0xff800000
     352215.000 ns	     35220	80006c38	007a5db3	srl	x27,x20,x7	 x20:0xe20aad00  x7:0x80041024 x27=0x0e20aad0
     352575.000 ns	     35256	80006c3c	03a0fab3	remu	x21,x1,x26	  x1:0x00000001 x26:0x0000b4a9 x21=0x00000001
     352945.000 ns	     35293	80006c40	032b4eb3	div	x29,x22,x18	 x22:0x00000000 x18:0x00000364 x29=0x00000000
     352975.000 ns	     35296	80006c44	e0021cd3	fclass.s	x25,f4	  f4:0x80000000 x25=0x00000008
     353005.000 ns	     35299	80006c48	20a61053	fsgnjn.s	f0,f12,f10	 f12:0x7f800000 f10:0x4c7fffff  f0=0xff800000
     353025.000 ns	     35301	80006c4c	01e5e3b3	or	x7,x11,x30	 x11:0x00000000 x30:0x00000001  x7=0x00000001
     353045.000 ns	     35303	80006c50	20608dd3	fsgnj.s	f27,f1,f6	  f1:0xff800000  f6:0x80000000 f27=0xff800000
     353075.000 ns	     35306	80006c54	a1ec0453	fle.s	x8,f24,f30	 f24:0x00000000 f30:0xff800000  x8=0x00000000
     353115.000 ns	     35310	80006c58	580d7fd3	fsqrt.s	f31,f26	 f26:0x80000000 f31=0x80000000
     353145.000 ns	     35313	80006c5c	e00a0b53	fmv.x.w	x22,f20	 f20:0x41997131 x22=0x41997131
     353175.000 ns	     35316	80006c60	02b40ab3	mul	x21,x8,x11	  x8:0x00000000 x11:0x00000000 x21=0x00000000
     353225.000 ns	     35321	80006c64	08327e53	fsub.s	f28,f4,f3	  f4:0x80000000  f3:0x4c990000 f28=0xcc990000
     353245.000 ns	     35323	80006c68	00937733	and	x14,x6,x9	  x6:0x00000276  x9:0x00000001 x14=0x00000000
     353285.000 ns	     35327	80006c6c	08c47353	fsub.s	f6,f8,f12	  f8:0x80000000 f12:0x7f800000  f6=0xff800000
     353315.000 ns	     35330	80006c70	029d9b33	mulh	x22,x27,x9	 x27:0x0e20aad0  x9:0x00000001 x22=0x00000000
     353345.000 ns	     35333	80006c74	02bc3db3	mulhu	x27,x24,x11	 x24:0xffffffbd x11:0x00000000 x27=0x00000000
     353365.000 ns	     35335	80006c78	015ccf33	xor	x30,x25,x21	 x25:0x00000008 x21:0x00000000 x30=0x00000008
     353385.000 ns	     35337	80006c7c	02a896b3	mulh	x13,x17,x10	 x17:0x7ffbef99 x10:0x00000040 x13=0x0000001f
     353415.000 ns	     35340	80006c80	03d25d33	divu	x26,x4,x29	  x4:0x7fc4155a x29:0x00000000 x26=0xffffffff
     353445.000 ns	     35343	80006c84	20f0ad53	fsgnjx.s	f26,f1,f15	  f1:0xff800000 f15:0x41997131 f26=0xff800000
     353465.000 ns	     35345	80006c88	61063d13	sltiu	x26,x12,1552	 x12:0x00001f83 x26=0x00000000
     353485.000 ns	     35347	80006c8c	e0099253	fclass.s	x4,f19	 f19:0xdd34b4b5  x4=0x00000002
     353535.000 ns	     35352	80006c90	0134fb53	fadd.s	f22,f9,f19	  f9:0x4c7fffff f19:0xdd34b4b5 f22=0xdd34b4b4
     353565.000 ns	     35355	80006c94	020fd033	divu	x0,x31,x0	 x31:0x00000010  x0:0x00000000
     353595.000 ns	     35358	80006c98	030c14b3	mulh	x9,x24,x16	 x24:0xffffffbd x16:0x00000000  x9=0x00000000
     353625.000 ns	     35361	80006c9c	025034b3	mulhu	x9,x0,x5	  x0:0x00000000  x5:0xfffff8be  x9=0x00000000
     353645.000 ns	     35363	80006ca0	01093a33	sltu	x20,x18,x16	 x18:0x00000364 x16:0x00000000 x20=0x00000000
     354005.000 ns	     35399	80006ca4	02adc933	div	x18,x27,x10	 x27:0x00000000 x10:0x00000040 x18=0x00000000
     354035.000 ns	     35402	80006ca8	204792d3	fsgnjn.s	f5,f15,f4	 f15:0x41997131  f4:0x80000000  f5=0x41997131
     354065.000 ns	     35405	80006cac	02f246b3	div	x13,x4,x15	  x4:0x00000002 x15:0x00000000 x13=0xffffffff
     354095.000 ns	     35408	80006cb0	d0020d53	fcvt.s.w	f26,x4	  x4:0x00000002 f26=0x40000000
     354115.000 ns	     35410	80006cb4	41eb8c33	sub	x24,x23,x30	 x23:0x80000000 x30:0x00000008 x24=0x7ffffff8
     354125.000 ns	     35411	80006cb8	417add93	srai	x27,x21,0x17	 x21:0x00000000 x27=0x00000000
     354135.000 ns	     35412	80006cbc	cbe3e493	ori	x9,x7,-834	  x7:0x00000001  x9=0xfffffcbf
     354155.000 ns	     35414	80006cc0	20a32a53	fsgnjx.s	f20,f6,f10	  f6:0xff800000 f10:0x4c7fffff f20=0xff800000
     354175.000 ns	     35416	80006cc4	0072c833	xor	x16,x5,x7	  x5:0xfffff8be  x7:0x00000001 x16=0xfffff8bf
     354195.000 ns	     35418	80006cc8	03468533	mul	x10,x13,x20	 x13:0xffffffff x20:0x00000000 x10=0x00000000
     354225.000 ns	     35421	80006ccc	0329edb3	rem	x27,x19,x18	 x19:0x80041024 x18:0x00000000 x27=0x80041024
     354245.000 ns	     35423	80006cd0	e4e88213	addi	x4,x17,-434	 x17:0x7ffbef99  x4=0x7ffbede7
     354255.000 ns	     35424	80006cd4	a1767813	andi	x16,x12,-1513	 x12:0x00001f83 x16=0x00001a03
     354275.000 ns	     35426	80006cd8	02bcd733	divu	x14,x25,x11	 x25:0x00000008 x11:0x00000000 x14=0xffffffff
     354305.000 ns	     35429	80006cdc	294099d3	fmax.s	f19,f1,f20	  f1:0xff800000 f20:0xff800000 f19=0xff800000
     354325.000 ns	     35431	80006ce0	7b71bc93	sltiu	x25,x3,1975	  x3:0x00000002 x25=0x00000001
     354345.000 ns	     35433	80006ce4	a0658253	fle.s	x4,f11,f6	 f11:0x7f800000  f6:0xff800000  x4=0x00000000
     354395.000 ns	     35438	80006ce8	08773153	fsub.s	f2,f14,f7	 f14:0xff800000  f7:0xdd34b4b6  f2=0xff800000
     354425.000 ns	     35441	80006cec	a166acd3	feq.s	x25,f13,f22	 f13:0x44590000 f22:0xdd34b4b4 x25=0x00000000
     354795.000 ns	     35478	80006cf0	027575b3	remu	x11,x10,x7	 x10:0x00000000  x7:0x00000001 x11=0x00000000
     354825.000 ns	     35481	80006cf4	d01a7a53	fcvt.s.wu	f20,x20	 x20:0x00000000 f20=0x00000000
     354845.000 ns	     35483	80006cf8	011fd913	srli	x18,x31,0x11	 x31:0x00000010 x18=0x00000000
     355205.000 ns	     35519	80006cfc	02d84cb3	div	x25,x16,x13	 x16:0x00001a03 x13:0xffffffff x25=0xffffe5fd
     355225.000 ns	     35521	80006d00	277b7697	auipc	x13,0x277b7	 x13=0xa77bdd00
     355245.000 ns	     35523	80006d04	024ec233	div	x4,x29,x4	 x29:0x00000000  x4:0x00000000  x4=0xffffffff
     355275.000 ns	     35526	80006d08	a1f488d3	fle.s	x17,f9,f31	  f9:0x4c7fffff f31:0x80000000 x17=0x00000000
     355305.000 ns	     35529	80006d0c	a1198753	fle.s	x14,f19,f17	 f19:0xff800000 f17:0x479eff80 x14=0x00000001
     355325.000 ns	     35531	80006d10	40ae5b33	sra	x22,x28,x10	 x28:0x80040fe4 x10:0x00000000 x22=0x80040fe4
     355685.000 ns	     35567	80006d14	03726933	rem	x18,x4,x23	  x4:0xffffffff x23:0x80000000 x18=0xffffffff
     356055.000 ns	     35604	80006d18	0302e4b3	rem	x9,x5,x16	  x5:0xfffff8be x16:0x00001a03  x9=0xfffff8be
     356085.000 ns	     35607	80006d1c	0349f733	remu	x14,x19,x20	 x19:0x80041024 x20:0x00000000 x14=0x80041024
     356105.000 ns	     35609	80006d20	4079dfb3	sra	x31,x19,x7	 x19:0x80041024  x7:0x00000001 x31=0xc0020812
     356145.000 ns	     35613	80006d24	09ca7653	fsub.s	f12,f20,f28	 f20:0x00000000 f28:0xcc990000 f12=0x4c990000
     356175.000 ns	     35616	80006d28	e0008dd3	fmv.x.w	x27,f1	  f1:0xff800000 x27=0xff800000
     356545.000 ns	     35653	80006d2c	03b7f8b3	remu	x17,x15,x27	 x15:0x00000000 x27:0x80041024 x17=0x00000000
     356575.000 ns	     35656	80006d30	d002f153	fcvt.s.w	f2,x5	  x5:0xfffff8be  f2=0xc4e84000
     356945.000 ns	     35693	80006d34	0299e733	rem	x14,x19,x9	 x19:0x80041024  x9:0xfffff8be x14=0xfffffbbc
     356975.000 ns	     35696	80006d38	03dc3eb3	mulhu	x29,x24,x29	 x24:0x7ffffff8 x29:0x00000000 x29=0x00000000
     357005.000 ns	     35699	80006d3c	029a85b3	mul	x11,x21,x9	 x21:0x00000000  x9:0xfffff8be x11=0x00000000
     357035.000 ns	     35702	80006d40	e0070f53	fmv.x.w	x30,f14	 f14:0xff800000 x30=0xff800000
     357065.000 ns	     35705	80006d44	213d8c53	fsgnj.s	f24,f27,f19	 f27:0xff800000 f19:0xff800000 f24=0xff800000
     357095.000 ns	     35708	80006d48	e0041053	fclass.s	x0,f8	  f8:0x80000000
     357125.000 ns	     35711	80006d4c	c006f553	fcvt.w.s	x10,f13	 f13:0x44590000 x10=0x00000364
     357145.000 ns	     35713	80006d50	01f19313	slli	x6,x3,0x1f	  x3:0x00000002  x6=0x00000000
     357185.000 ns	     35717	80006d54	09f20953	fsub.s	f18,f4,f31	  f4:0x80000000 f31:0x80000000 f18=0x00000000
     357215.000 ns	     35720	80006d58	02b99633	mulh	x12,x19,x11	 x19:0x80041024 x11:0x00000000 x12=0x00000000
     357245.000 ns	     35723	80006d5c	d002f853	fcvt.s.w	f16,x5	  x5:0xfffff8be f16=0xc4e84000
     357615.000 ns	     35760	80006d60	03e56233	rem	x4,x10,x30	 x10:0x00000364 x30:0xff800000  x4=0x00000364
     357635.000 ns	     35762	80006d64	0191d6b3	srl	x13,x3,x25	  x3:0x00000002 x25:0xffffe5fd x13=0x00000000
     357665.000 ns	     35765	80006d68	580137d3	fsqrt.s	f15,f2	  f2:0xc4e84000 f15=0x7fc00000
     357695.000 ns	     35768	80006d6c	21d81ad3	fsgnjn.s	f21,f16,f29	 f16:0xc4e84000 f29:0xc60bf12a f21=0x44e84000
     357725.000 ns	     35771	80006d70	e00002d3	fmv.x.w	x5,f0	  f0:0xff800000  x5=0xff800000
     357755.000 ns	     35774	80006d74	02571833	mulh	x16,x14,x5	 x14:0xfffffbbc  x5:0xfffff8be x16=0x00000002
     357785.000 ns	     35777	80006d78	d00fc9d3	fcvt.s.w	f19,x31	 x31:0xc0020812 f19=0xce7ff7e0
     358155.000 ns	     35814	80006d7c	03206fb3	rem	x31,x0,x18	  x0:0x00000000 x18:0xffffffff x31=0x00000000
     358175.000 ns	     35816	80006d80	0086a133	slt	x2,x13,x8	 x13:0x00000000  x8:0x00000000  x2=0x00000000
     358185.000 ns	     35817	80006d84	c77da217	auipc	x4,0xc77da	  x4=0x477e0d84
     358545.000 ns	     35853	80006d88	03c9f4b3	remu	x9,x19,x28	 x19:0x80041024 x28:0x80040fe4  x9=0x00000040
     358565.000 ns	     35855	80006d8c	012a9193	slli	x3,x21,0x12	 x21:0x00000000  x3=0x00000000
     358585.000 ns	     35857	80006d90	e00a05d3	fmv.x.w	x11,f20	 f20:0x00000000 x11=0x00000000
     358615.000 ns	     35860	80006d94	03af7333	remu	x6,x30,x26	 x30:0xff800000 x26:0x00000000  x6=0xff800000
     358635.000 ns	     35862	80006d98	00d0d213	srli	x4,x1,0xd	  x1:0x00000001  x4=0x00000000
     358675.000 ns	     35866	80006d9c	083afe53	fsub.s	f28,f21,f3	 f21:0x44e84000  f3:0x4c990000 f28=0xcc98ff17
     358725.000 ns	     35871	80006da0	082185d3	fsub.s	f11,f3,f2	  f3:0x4c990000  f2:0xc4e84000 f11=0x4c9900e8
     358745.000 ns	     35873	80006da4	0148dd93	srli	x27,x17,0x14	 x17:0x00000000 x27=0x00000000
     358765.000 ns	     35875	80006da8	e00c9a53	fclass.s	x20,f25	 f25:0x00000000 x20=0x00000010
     358795.000 ns	     35878	80006dac	20540fd3	fsgnj.s	f31,f8,f5	  f8:0x80000000  f5:0x41997131 f31=0x00000000
     358825.000 ns	     35881	80006db0	d01d2453	fcvt.s.wu	f8,x26	 x26:0x00000000  f8=0x00000000
     358845.000 ns	     35883	80006db4	52f3b293	sltiu	x5,x7,1327	  x7:0x00000001  x5=0x00000001
     358865.000 ns	     35885	80006db8	03fac8b3	div	x17,x21,x31	 x21:0x00000000 x31:0x00000000 x17=0xffffffff
     358915.000 ns	     35890	80006dbc	014f78d3	fadd.s	f17,f30,f20	 f30:0xff800000 f20:0x00000000 f17=0xff800000
     358935.000 ns	     35892	80006dc0	4163f593	andi	x11,x7,1046	  x7:0x00000001 x11=0x00000000
     358955.000 ns	     35894	80006dc4	c01f9453	fcvt.wu.s	x8,f31	 f31:0x00000000  x8=0x00000000
     358975.000 ns	     35896	80006dc8	00433c33	sltu	x24,x6,x4	  x6:0xff800000  x4:0x00000000 x24=0x00000000
     358995.000 ns	     35898	80006dcc	0391a633	mulhsu	x12,x3,x25	  x3:0x00000000 x25:0xffffe5fd x12=0x00000000
     359015.000 ns	     35900	80006dd0	012324b3	slt	x9,x6,x18	  x6:0xff800000 x18:0xffffffff  x9=0x00000001
     359035.000 ns	     35902	80006dd4	02d2f2b3	remu	x5,x5,x13	  x5:0x00000001 x13:0x00000000  x5=0x00000001
     359065.000 ns	     35905	80006dd8	297a8f53	fmin.s	f30,f21,f23	 f21:0x44e84000 f23:0x4734a9ea f30=0x44e84000
     359085.000 ns	     35907	80006ddc	00b9bb33	sltu	x22,x19,x11	 x19:0x80041024 x11:0x00000000 x22=0x00000000
     359095.000 ns	     35908	80006de0	00bcbcb3	sltu	x25,x25,x11	 x25:0xffffe5fd x11:0x00000000 x25=0x00000000
     359455.000 ns	     35944	80006de4	021e4fb3	div	x31,x28,x1	 x28:0x80040fe4  x1:0x00000001 x31=0x80040fe4
     359475.000 ns	     35946	80006de8	a19b4013	xori	x0,x22,-1511	 x22:0x00000000
     359485.000 ns	     35947	80006dec	40750133	sub	x2,x10,x7	 x10:0x00000364  x7:0x00000001  x2=0x00000363
     359505.000 ns	     35949	80006df0	d010a8d3	fcvt.s.wu	f17,x1	  x1:0x00000001 f17=0x3f800000
     359535.000 ns	     35952	80006df4	03b653b3	divu	x7,x12,x27	 x12:0x00000000 x27:0x00000000  x7=0xffffffff
     359565.000 ns	     35955	80006df8	2156a9d3	fsgnjx.s	f19,f13,f21	 f13:0x44590000 f21:0x44e84000 f19=0x44590000
     359585.000 ns	     35957	80006dfc	000b9c13	slli	x24,x23,0x0	 x23:0x80000000 x24=0x80000000
     359595.000 ns	     35958	80006e00	01a3f933	and	x18,x7,x26	  x7:0xffffffff x26:0x00000000 x18=0x00000000
     359605.000 ns	     35959	80006e04	00000013	addi	x0,x0,0	  x0:0x00000000
     359625.000 ns	     35961	80006e08	a1b9af53	feq.s	x30,f19,f27	 f19:0x44590000 f27:0xff800000 x30=0x00000000
     359645.000 ns	     35963	80006e0c	00000013	addi	x0,x0,0	  x0:0x00000000
     359655.000 ns	     35964	80006e10	01c06333	or	x6,x0,x28	  x0:0x00000000 x28:0x80040fe4  x6=0x80040fe4
     359675.000 ns	     35966	80006e14	29e28453	fmin.s	f8,f5,f30	  f5:0x41997131 f30:0x44e84000  f8=0x41997131
     359695.000 ns	     35968	80006e18	00a25fb3	srl	x31,x4,x10	  x4:0x00000000 x10:0x00000364 x31=0x00000000
     359715.000 ns	     35970	80006e1c	20c207d3	fsgnj.s	f15,f4,f12	  f4:0x80000000 f12:0x4c990000 f15=0x00000000
     359745.000 ns	     35973	80006e20	03b28ab3	mul	x21,x5,x27	  x5:0x00000001 x27:0x00000000 x21=0x00000000
     359785.000 ns	     35977	80006e24	18eec4d3	fdiv.s	f9,f29,f14	 f29:0xc60bf12a f14:0xff800000  f9=0x00000000
     359835.000 ns	     35982	80006e28	08d570d3	fsub.s	f1,f10,f13	 f10:0x4c7fffff f13:0x44590000  f1=0x4c7fff26
     359855.000 ns	     35984	80006e2c	017f95b3	sll	x11,x31,x23	 x31:0x00000000 x23:0x80000000 x11=0x00000000
     359875.000 ns	     35986	80006e30	a1e31c53	flt.s	x24,f6,f30	  f6:0xff800000 f30:0x44e84000 x24=0x00000001
     359915.000 ns	     35990	80006e34	18f0f453	fdiv.s	f8,f1,f15	  f1:0x4c7fff26 f15:0x00000000  f8=0x7f800000
     359945.000 ns	     35993	80006e38	02f82733	mulhsu	x14,x16,x15	 x16:0x00000002 x15:0x00000000 x14=0x00000000
     359965.000 ns	     35995	80006e3c	926bf213	andi	x4,x23,-1754	 x23:0x80000000  x4=0x80000000
     359975.000 ns	     35996	80006e40	00173033	sltu	x0,x14,x1	 x14:0x00000000  x1:0x00000001
     359985.000 ns	     35997	80006e44	280d0593	addi	x11,x26,640	 x26:0x00000000 x11=0x00000280
     360005.000 ns	     35999	80006e48	026b08b3	mul	x17,x22,x6	 x22:0x00000000  x6:0x80040fe4 x17=0x00000000
     360025.000 ns	     36001	80006e4c	4072d733	sra	x14,x5,x7	  x5:0x00000001  x7:0xffffffff x14=0x00000000
     360035.000 ns	     36002	80006e50	419f50b3	sra	x1,x30,x25	 x30:0x00000000 x25:0x00000000  x1=0x00000000
     360055.000 ns	     36004	80006e54	21f29d53	fsgnjn.s	f26,f5,f31	  f5:0x41997131 f31:0x00000000 f26=0xc1997131
     360085.000 ns	     36007	80006e58	c00a3ed3	fcvt.w.s	x29,f20	 f20:0x00000000 x29=0x00000000
     360105.000 ns	     36009	80006e5c	016da733	slt	x14,x27,x22	 x27:0x00000000 x22:0x00000000 x14=0x00000000
     360115.000 ns	     36010	80006e60	0070d813	srli	x16,x1,0x7	  x1:0x00000000 x16=0x00000000
     360135.000 ns	     36012	80006e64	a063a353	feq.s	x6,f7,f6	  f7:0xdd34b4b6  f6:0xff800000  x6=0x00000000
     361315.000 ns	     36130	80006e68	580af3d3	fsqrt.s	f7,f21	 f21:0x44e84000  f7=0x422c6b07
     361335.000 ns	     36132	80006e6c	009b1033	sll	x0,x22,x9	 x22:0x00000000  x9:0x00000001
     361355.000 ns	     36134	80006e70	281090d3	fmax.s	f1,f1,f1	  f1:0x4c7fff26  f1:0x4c7fff26  f1=0x4c7fff26
     361385.000 ns	     36137	80006e74	02083133	mulhu	x2,x16,x0	 x16:0x00000000  x0:0x00000000  x2=0x00000000
     361415.000 ns	     36140	80006e78	20271dd3	fsgnjn.s	f27,f14,f2	 f14:0xff800000  f2:0xc4e84000 f27=0x7f800000
     361445.000 ns	     36143	80006e7c	20292dd3	fsgnjx.s	f27,f18,f2	 f18:0x00000000  f2:0xc4e84000 f27=0x80000000
     361475.000 ns	     36146	80006e80	21751fd3	fsgnjn.s	f31,f10,f23	 f10:0x4c7fffff f23:0x4734a9ea f31=0xcc7fffff
     361495.000 ns	     36148	80006e84	01d431b3	sltu	x3,x8,x29	  x8:0x00000000 x29:0x00000000  x3=0x00000000
     361515.000 ns	     36150	80006e88	a0800853	fle.s	x16,f0,f8	  f0:0xff800000  f8:0x7f800000 x16=0x00000001
     361545.000 ns	     36153	80006e8c	29458353	fmin.s	f6,f11,f20	 f11:0x4c9900e8 f20:0x00000000  f6=0x00000000
     361575.000 ns	     36156	80006e90	f00000d3	fmv.w.x	f1,x0	  x0:0x00000000  f1=0x00000000
     361605.000 ns	     36159	80006e94	21299f53	fsgnjn.s	f30,f19,f18	 f19:0x44590000 f18:0x00000000 f30=0xc4590000
     361635.000 ns	     36162	80006e98	a1e5a853	feq.s	x16,f11,f30	 f11:0x4c9900e8 f30:0x44e84000 x16=0x00000000
     361655.000 ns	     36164	80006e9c	01625133	srl	x2,x4,x22	  x4:0x80000000 x22:0x00000000  x2=0x80000000
     361675.000 ns	     36166	80006ea0	a17facd3	feq.s	x25,f31,f23	 f31:0xcc7fffff f23:0x4734a9ea x25=0x00000000
     361705.000 ns	     36169	80006ea4	299805d3	fmin.s	f11,f16,f25	 f16:0xc4e84000 f25:0x00000000 f11=0xc4e84000
     361735.000 ns	     36172	80006ea8	03bc0d33	mul	x26,x24,x27	 x24:0x00000001 x27:0x00000000 x26=0x00000000
     361755.000 ns	     36174	80006eac	ae704613	xori	x12,x0,-1305	  x0:0x00000000 x12=0xfffffae7
     361775.000 ns	     36176	80006eb0	039cab33	mulhsu	x22,x25,x25	 x25:0x00000000 x25:0x00000000 x22=0x00000000
     361795.000 ns	     36178	80006eb4	00000013	addi	x0,x0,0	  x0:0x00000000
     361825.000 ns	     36181	80006eb8	11cd7853	fmul.s	f16,f26,f28	 f26:0xc1997131 f28:0xcc98ff17 f16=0x4eb76836
     361855.000 ns	     36184	80006ebc	a1d98dd3	fle.s	x27,f19,f29	 f19:0x44590000 f29:0xc60bf12a x27=0x00000000
     361875.000 ns	     36186	80006ec0	0118f8b3	and	x17,x17,x17	 x17:0x00000000 x17:0x00000000 x17=0x00000000
     361895.000 ns	     36188	80006ec4	202f11d3	fsgnjn.s	f3,f30,f2	 f30:0xc4590000  f2:0xc4e84000  f3=0x44590000
     361915.000 ns	     36190	80006ec8	09298113	addi	x2,x19,146	 x19:0x80041024  x2=0x800410b6
     361935.000 ns	     36192	80006ecc	2148a4d3	fsgnjx.s	f9,f17,f20	 f17:0x3f800000 f20:0x00000000  f9=0x3f800000
     361975.000 ns	     36196	80006ed0	19708853	fdiv.s	f16,f1,f23	  f1:0x00000000 f23:0x4734a9ea f16=0x00000000
     362005.000 ns	     36199	80006ed4	032a0f33	mul	x30,x20,x18	 x20:0x00000010 x18:0x00000000 x30=0x00000000
     362035.000 ns	     36202	80006ed8	035446b3	div	x13,x8,x21	  x8:0x00000000 x21:0x00000000 x13=0xffffffff
     362065.000 ns	     36205	80006edc	211c29d3	fsgnjx.s	f19,f24,f17	 f24:0xff800000 f17:0x3f800000 f19=0xff800000
     362085.000 ns	     36207	80006ee0	00631933	sll	x18,x6,x6	  x6:0x00000000  x6:0x00000000 x18=0x00000000
     362095.000 ns	     36208	80006ee4	006466b3	or	x13,x8,x6	  x8:0x00000000  x6:0x00000000 x13=0x00000000
     362105.000 ns	     36209	80006ee8	01216ab3	or	x21,x2,x18	  x2:0x800410b6 x18:0x00000000 x21=0x800410b6
     362115.000 ns	     36210	80006eec	a923a217	auipc	x4,0xa923a	  x4=0x29240eec
     362125.000 ns	     36211	80006ef0	401a0b33	sub	x22,x20,x1	 x20:0x00000010  x1:0x00000000 x22=0x00000010
     362155.000 ns	     36214	80006ef4	58073c53	fsqrt.s	f24,f14	 f14:0xff800000 f24=0x7fc00000
     362175.000 ns	     36216	80006ef8	7a56b313	sltiu	x6,x13,1957	 x13:0x00000000  x6=0x00000001
     362195.000 ns	     36218	80006efc	0212ceb3	div	x29,x5,x1	  x5:0x00000001  x1:0x00000000 x29=0xffffffff
     362215.000 ns	     36220	80006f00	ba6bb193	sltiu	x3,x23,-1114	 x23:0x80000000  x3=0x00000001
     362225.000 ns	     36221	80006f04	acaacd93	xori	x27,x21,-1334	 x21:0x800410b6 x27=0x7ffbea7c
     362235.000 ns	     36222	80006f08	01d36233	or	x4,x6,x29	  x6:0x00000001 x29:0xffffffff  x4=0xffffffff
     362245.000 ns	     36223	80006f0c	40c98033	sub	x0,x19,x12	 x19:0x80041024 x12:0xfffffae7
     362265.000 ns	     36225	80006f10	d00b1fd3	fcvt.s.w	f31,x22	 x22:0x00000010 f31=0x41800000
     362285.000 ns	     36227	80006f14	37c5ba93	sltiu	x21,x11,892	 x11:0x00000280 x21=0x00000001
     362295.000 ns	     36228	80006f18	00839693	slli	x13,x7,0x8	  x7:0xffffffff x13=0xffffff00
     362325.000 ns	     36231	80006f1c	580743d3	fsqrt.s	f7,f14	 f14:0xff800000  f7=0x7fc00000
     362695.000 ns	     36268	80006f20	038de033	rem	x0,x27,x24	 x27:0x7ffbea7c x24:0x00000001
     362725.000 ns	     36271	80006f24	21590d53	fsgnj.s	f26,f18,f21	 f18:0x00000000 f21:0x44e84000 f26=0x00000000
     363095.000 ns	     36308	80006f28	022ee3b3	rem	x7,x29,x2	 x29:0xffffffff  x2:0x800410b6  x7=0xffffffff
     363115.000 ns	     36310	80006f2c	01339433	sll	x8,x7,x19	  x7:0xffffffff x19:0x80041024  x8=0xfffffff0
     364285.000 ns	     36427	80006f30	5804f4d3	fsqrt.s	f9,f9	  f9:0x3f800000  f9=0x3f7fffae
     364655.000 ns	     36464	80006f34	02896b33	rem	x22,x18,x8	 x18:0x00000000  x8:0x00000000 x22=0x00000000
     364685.000 ns	     36467	80006f38	206d0553	fsgnj.s	f10,f26,f6	 f26:0x00000000  f6:0x00000000 f10=0x00000000
     364715.000 ns	     36470	80006f3c	c015a653	fcvt.wu.s	x12,f11	 f11:0xc4e84000 x12=0x00000742
     364745.000 ns	     36473	80006f40	a1ab80d3	fle.s	x1,f23,f26	 f23:0x4734a9ea f26:0x00000000  x1=0x00000000
     364785.000 ns	     36477	80006f44	10fd3c53	fmul.s	f24,f26,f15	 f26:0x00000000 f15:0x00000000 f24=0x00000000
     364815.000 ns	     36480	80006f48	a00b0fd3	fle.s	x31,f22,f0	 f22:0xdd34b4b4  f0:0xff800000 x31=0x00000000
     364835.000 ns	     36482	80006f4c	00b4d593	srli	x11,x9,0xb	  x9:0x00000001 x11=0x00000000
     364855.000 ns	     36484	80006f50	a1fd06d3	fle.s	x13,f26,f31	 f26:0x00000000 f31:0x41800000 x13=0x00000001
     364875.000 ns	     36486	80006f54	006794b3	sll	x9,x15,x6	 x15:0x00000000  x6:0x00000001  x9=0x00000000
     364895.000 ns	     36488	80006f58	03cb24b3	mulhsu	x9,x22,x28	 x22:0x00000000 x28:0x80040fe4  x9=0x00000000
     364925.000 ns	     36491	80006f5c	03fc52b3	divu	x5,x24,x31	 x24:0x00000001 x31:0x00000000  x5=0xffffffff
     364955.000 ns	     36494	80006f60	20579e53	fsgnjn.s	f28,f15,f5	 f15:0x00000000  f5:0x41997131 f28=0x80000000
     364985.000 ns	     36497	80006f64	217b86d3	fsgnj.s	f13,f23,f23	 f23:0x4734a9ea f23:0x4734a9ea f13=0x4734a9ea
     365005.000 ns	     36499	80006f68	001e5b13	srli	x22,x28,0x1	 x28:0x80040fe4 x22=0x400207f2
     365025.000 ns	     36501	80006f6c	d01df253	fcvt.s.wu	f4,x27	 x27:0x7ffbea7c  f4=0x4efff7d4
     365395.000 ns	     36538	80006f70	025a6033	rem	x0,x20,x5	 x20:0x00000010  x5:0xffffffff
     365415.000 ns	     36540	80006f74	01d596b3	sll	x13,x11,x29	 x11:0x00000000 x29:0xffffffff x13=0x00000000
     365435.000 ns	     36542	80006f78	280713d3	fmax.s	f7,f14,f0	 f14:0xff800000  f0:0xff800000  f7=0xff800000
     365455.000 ns	     36544	80006f7c	fbad6813	ori	x16,x26,-70	 x26:0x00000000 x16=0xffffffba
     365475.000 ns	     36546	80006f80	03babc33	mulhu	x24,x21,x27	 x21:0x00000001 x27:0x7ffbea7c x24=0x00000000
     365505.000 ns	     36549	80006f84	f00a8353	fmv.w.x	f6,x21	 x21:0x00000001  f6=0x00000001
     365525.000 ns	     36551	80006f88	01663233	sltu	x4,x12,x22	 x12:0x00000742 x22:0x400207f2  x4=0x00000001
     365535.000 ns	     36552	80006f8c	00ee6233	or	x4,x28,x14	 x28:0x80040fe4 x14:0x00000000  x4=0x80040fe4
     365555.000 ns	     36554	80006f90	e00b1c53	fclass.s	x24,f22	 f22:0xdd34b4b4 x24=0x00000002
     365585.000 ns	     36557	80006f94	295c9c53	fmax.s	f24,f25,f21	 f25:0x00000000 f21:0x44e84000 f24=0x44e84000
     365615.000 ns	     36560	80006f98	c0118cd3	fcvt.wu.s	x25,f3	  f3:0x44590000 x25=0x00000364
     365635.000 ns	     36562	80006f9c	eed3c493	xori	x9,x7,-275	  x7:0xffffffff  x9=0x00000112
     365655.000 ns	     36564	80006fa0	c00f03d3	fcvt.w.s	x7,f30	 f30:0xc4590000  x7=0xfffffc9c
     365675.000 ns	     36566	80006fa4	0117e933	or	x18,x15,x17	 x15:0x00000000 x17:0x00000000 x18=0x00000000
     365695.000 ns	     36568	80006fa8	02b34833	div	x16,x6,x11	  x6:0x00000001 x11:0x00000000 x16=0xffffffff
     365715.000 ns	     36570	80006fac	000c0c33	add	x24,x24,x0	 x24:0x00000002  x0:0x00000000 x24=0x00000002
     365735.000 ns	     36572	80006fb0	033708b3	mul	x17,x14,x19	 x14:0x00000000 x19:0x80041024 x17=0x00000000
     365765.000 ns	     36575	80006fb4	035338b3	mulhu	x17,x6,x21	  x6:0x00000001 x21:0x00000001 x17=0x00000000
     365795.000 ns	     36578	80006fb8	f00082d3	fmv.w.x	f5,x1	  x1:0x00000000  f5=0x00000000
     365835.000 ns	     36582	80006fbc	18cdf3d3	fdiv.s	f7,f27,f12	 f27:0x80000000 f12:0x4c990000  f7=0x80000000
     365885.000 ns	     36587	80006fc0	019c7d53	fadd.s	f26,f24,f25	 f24:0x44e84000 f25:0x00000000 f26=0x44e84000
     365915.000 ns	     36590	80006fc4	c0090f53	fcvt.w.s	x30,f18	 f18:0x00000000 x30=0x00000000
     365935.000 ns	     36592	80006fc8	7904c013	xori	x0,x9,1936	  x9:0x00000112
     365955.000 ns	     36594	80006fcc	e00c96d3	fclass.s	x13,f25	 f25:0x00000000 x13=0x00000010
     366325.000 ns	     36631	80006fd0	02d86333	rem	x6,x16,x13	 x16:0xffffffff x13:0x00000000  x6=0xffffffff
     366355.000 ns	     36634	80006fd4	03f895b3	mulh	x11,x17,x31	 x17:0x00000000 x31:0x00000000 x11=0x00000000
     366375.000 ns	     36636	80006fd8	f4268a93	addi	x21,x13,-190	 x13:0x00000010 x21=0xffffff52
     366735.000 ns	     36672	80006fdc	0398da33	divu	x20,x17,x25	 x17:0x00000000 x25:0x00000364 x20=0x00000000
     366755.000 ns	     36674	80006fe0	88353293	sltiu	x5,x10,-1917	 x10:0x00000364  x5=0x00000001
     366775.000 ns	     36676	80006fe4	217f96d3	fsgnjn.s	f13,f31,f23	 f31:0x41800000 f23:0x4734a9ea f13=0xc1800000
     366795.000 ns	     36678	80006fe8	40795ab3	sra	x21,x18,x7	 x18:0x00000000  x7:0xfffffc9c x21=0x00000000
     366815.000 ns	     36680	80006fec	0318ab33	mulhsu	x22,x17,x17	 x17:0x00000000 x17:0x00000000 x22=0x00000000
     366845.000 ns	     36683	80006ff0	f00a8c53	fmv.w.x	f24,x21	 x21:0xffffff52 f24=0x00000000
     366865.000 ns	     36685	80006ff4	005ede93	srli	x29,x29,0x5	 x29:0xffffffff x29=0x07ffffff
     366875.000 ns	     36686	80006ff8	411c80b3	sub	x1,x25,x17	 x25:0x00000364 x17:0x00000000  x1=0x00000364
     366895.000 ns	     36688	80006ffc	031e3db3	mulhu	x27,x28,x17	 x28:0x80040fe4 x17:0x00000000 x27=0x00000000
     366915.000 ns	     36690	80007000	00ae3533	sltu	x10,x28,x10	 x28:0x80040fe4 x10:0x00000364 x10=0x00000000
     366935.000 ns	     36692	80007004	210a97d3	fsgnjn.s	f15,f21,f16	 f21:0x44e84000 f16:0x00000000 f15=0xc4e84000
     366985.000 ns	     36697	80007008	00bafc53	fadd.s	f24,f21,f11	 f21:0x44e84000 f11:0xc4e84000 f24=0x80000000
     367005.000 ns	     36699	8000700c	00bd7933	and	x18,x26,x11	 x26:0x00000000 x11:0x00000000 x18=0x00000000
     367035.000 ns	     36702	80007010	58007553	fsqrt.s	f10,f0	  f0:0xff800000 f10=0x7fc00000
     367065.000 ns	     36705	80007014	02541c33	mulh	x24,x8,x5	  x8:0xfffffff0  x5:0x00000001 x24=0xffffffff
     367095.000 ns	     36708	80007018	213c2153	fsgnjx.s	f2,f24,f19	 f24:0x80000000 f19:0xff800000  f2=0x00000000
     367115.000 ns	     36710	8000701c	41c25813	srai	x16,x4,0x1c	  x4:0x80040fe4 x16=0xfffffff8
     367475.000 ns	     36746	80007020	02c560b3	rem	x1,x10,x12	 x10:0x00000000 x12:0x00000742  x1=0x00000000
     367505.000 ns	     36749	80007024	a03022d3	feq.s	x5,f0,f3	  f0:0xff800000  f3:0x44590000  x5=0x00000000
     367525.000 ns	     36751	80007028	005b0633	add	x12,x22,x5	 x22:0x00000000  x5:0x00000001 x12=0x00000000
     367535.000 ns	     36752	8000702c	00629613	slli	x12,x5,0x6	  x5:0x00000000 x12=0x00000000
     367545.000 ns	     36753	80007030	c794b193	sltiu	x3,x9,-903	  x9:0x00000112  x3=0x00000001
     367555.000 ns	     36754	80007034	017571b3	and	x3,x10,x23	 x10:0x00000000 x23:0x80000000  x3=0x00000000
     367585.000 ns	     36757	80007038	18728a53	fdiv.s	f20,f5,f7	  f5:0x00000000  f7:0x80000000 f20=0x7fc00000
     367615.000 ns	     36760	8000703c	a1ad8b53	fle.s	x22,f27,f26	 f27:0x80000000 f26:0x44e84000 x22=0x00000001
     367645.000 ns	     36763	80007040	20040253	fsgnj.s	f4,f8,f0	  f8:0x7f800000  f0:0xff800000  f4=0xff800000
     367675.000 ns	     36766	80007044	d01fa8d3	fcvt.s.wu	f17,x31	 x31:0x00000000 f17=0x00000000
     367695.000 ns	     36768	80007048	00000013	addi	x0,x0,0	  x0:0x00000000
     367715.000 ns	     36770	8000704c	295a13d3	fmax.s	f7,f20,f21	 f20:0x7fc00000 f21:0x44e84000  f7=0x44e84000
     367735.000 ns	     36772	80007050	9de26513	ori	x10,x4,-1570	  x4:0x80040fe4 x10=0xfffffffe
     367755.000 ns	     36774	80007054	20118c53	fsgnj.s	f24,f3,f1	  f3:0x44590000  f1:0x00000000 f24=0x44590000
     368125.000 ns	     36811	80007058	0246e3b3	rem	x7,x13,x4	 x13:0x00000010  x4:0x80040fe4  x7=0x00000010
     368145.000 ns	     36813	8000705c	00b58333	add	x6,x11,x11	 x11:0x00000000 x11:0x00000000  x6=0x00000000
     368155.000 ns	     36814	80007060	8cf73513	sltiu	x10,x14,-1841	 x14:0x00000000 x10=0x00000001
     368175.000 ns	     36816	80007064	21c41cd3	fsgnjn.s	f25,f8,f28	  f8:0x7f800000 f28:0x80000000 f25=0x7f800000
     368195.000 ns	     36818	80007068	015f9233	sll	x4,x31,x21	 x31:0x00000000 x21:0x00000000  x4=0x00000000
     368205.000 ns	     36819	8000706c	96c1a893	slti	x17,x3,-1684	  x3:0x00000000 x17=0x00000000
     368215.000 ns	     36820	80007070	00be5693	srli	x13,x28,0xb	 x28:0x80040fe4 x13=0x00100081
     368225.000 ns	     36821	80007074	00861817	auipc	x16,0x861	 x16=0x80868074
     368265.000 ns	     36825	80007078	09a59b53	fsub.s	f22,f11,f26	 f11:0xc4e84000 f26:0x44e84000 f22=0xc5684000
     368295.000 ns	     36828	8000707c	03e6eab3	rem	x21,x13,x30	 x13:0x00100081 x30:0x00000000 x21=0x00100081
     368325.000 ns	     36831	80007080	a0c726d3	feq.s	x13,f14,f12	 f14:0xff800000 f12:0x4c990000 x13=0x00000000
     368365.000 ns	     36835	80007084	1195fbd3	fmul.s	f23,f11,f25	 f11:0xc4e84000 f25:0x7f800000 f23=0xff800000
     368405.000 ns	     36839	80007088	184a30d3	fdiv.s	f1,f20,f4	 f20:0x7fc00000  f4:0xff800000  f1=0x7fc00000
     368435.000 ns	     36842	8000708c	c0087953	fcvt.w.s	x18,f16	 f16:0x00000000 x18=0x00000000
     368455.000 ns	     36844	80007090	017cc4b3	xor	x9,x25,x23	 x25:0x00000364 x23:0x80000000  x9=0x80000364
     368475.000 ns	     36846	80007094	d017f753	fcvt.s.wu	f14,x15	 x15:0x00000000 f14=0x00000000
     368505.000 ns	     36849	80007098	20718b53	fsgnj.s	f22,f3,f7	  f3:0x44590000  f7:0x44e84000 f22=0x44590000
     368555.000 ns	     36854	8000709c	01374553	fadd.s	f10,f14,f19	 f14:0x00000000 f19:0xff800000 f10=0xff800000
     368575.000 ns	     36856	800070a0	4084de93	srai	x29,x9,0x8	  x9:0x80000364 x29=0xff800003
     368585.000 ns	     36857	800070a4	00435eb3	srl	x29,x6,x4	  x6:0x00000000  x4:0x00000000 x29=0x00000000
     368595.000 ns	     36858	800070a8	1e597013	andi	x0,x18,485	 x18:0x00000000
     368615.000 ns	     36860	800070ac	021a63b3	rem	x7,x20,x1	 x20:0x00000000  x1:0x00000000  x7=0x00000000
     368645.000 ns	     36863	800070b0	21850353	fsgnj.s	f6,f10,f24	 f10:0xff800000 f24:0x44590000  f6=0x7f800000
     368675.000 ns	     36866	800070b4	f00c8553	fmv.w.x	f10,x25	 x25:0x00000364 f10=0x00000364
     368695.000 ns	     36868	800070b8	00d4dd93	srli	x27,x9,0xd	  x9:0x80000364 x27=0x00040000
     368715.000 ns	     36870	800070bc	21bb85d3	fsgnj.s	f11,f23,f27	 f23:0xff800000 f27:0x80000000 f11=0xff800000
     368745.000 ns	     36873	800070c0	d0021753	fcvt.s.w	f14,x4	  x4:0x00000000 f14=0x00000000
     368775.000 ns	     36876	800070c4	e00380d3	fmv.x.w	x1,f7	  f7:0x44e84000  x1=0x44e84000
     368805.000 ns	     36879	800070c8	02b88c33	mul	x24,x17,x11	 x17:0x00000000 x11:0x00000000 x24=0x00000000
     368825.000 ns	     36881	800070cc	005248b3	xor	x17,x4,x5	  x4:0x00000000  x5:0x00000000 x17=0x00000000
     368835.000 ns	     36882	800070d0	01285193	srli	x3,x16,0x12	 x16:0x80868074  x3=0x00002021
     368845.000 ns	     36883	800070d4	00111f33	sll	x30,x2,x1	  x2:0x800410b6  x1:0x44e84000 x30=0x800410b6
     369205.000 ns	     36919	800070d8	03926533	rem	x10,x4,x25	  x4:0x00000000 x25:0x00000364 x10=0x00000000
     369225.000 ns	     36921	800070dc	e42e4493	xori	x9,x28,-446	 x28:0x80040fe4  x9=0x7ffbf1a6
     369245.000 ns	     36923	800070e0	a1270c53	fle.s	x24,f14,f18	 f14:0x00000000 f18:0x00000000 x24=0x00000001
     369275.000 ns	     36926	800070e4	28930b53	fmin.s	f22,f6,f9	  f6:0x7f800000  f9:0x3f7fffae f22=0x3f7fffae
     369305.000 ns	     36929	800070e8	e00295d3	fclass.s	x11,f5	  f5:0x00000000 x11=0x00000010
     369335.000 ns	     36932	800070ec	2037a153	fsgnjx.s	f2,f15,f3	 f15:0xc4e84000  f3:0x44590000  f2=0xc4e84000
     369355.000 ns	     36934	800070f0	b61dea13	ori	x20,x27,-1183	 x27:0x00040000 x20=0xfffffb61
     369375.000 ns	     36936	800070f4	c004f053	fcvt.w.s	x0,f9	  f9:0x3f7fffae
     369395.000 ns	     36938	800070f8	8e3e7413	andi	x8,x28,-1821	 x28:0x80040fe4  x8=0x800408e0
     369415.000 ns	     36940	800070fc	29f00453	fmin.s	f8,f0,f31	  f0:0xff800000 f31:0x41800000  f8=0xff800000
     369445.000 ns	     36943	80007100	03812633	mulhsu	x12,x2,x24	  x2:0x800410b6 x24:0x00000001 x12=0xffffffff
     369475.000 ns	     36946	80007104	e00a8853	fmv.x.w	x16,f21	 f21:0x44e84000 x16=0x44e84000
     369495.000 ns	     36948	80007108	11613b13	sltiu	x22,x2,278	  x2:0x800410b6 x22=0x00000000
     369515.000 ns	     36950	8000710c	d011a653	fcvt.s.wu	f12,x3	  x3:0x00002021 f12=0x46008400
     369545.000 ns	     36953	80007110	c00e78d3	fcvt.w.s	x17,f28	 f28:0x80000000 x17=0x00000000
     369565.000 ns	     36955	80007114	6158af13	slti	x30,x17,1557	 x17:0x00000000 x30=0x00000001
     369605.000 ns	     36959	80007118	08bffd53	fsub.s	f26,f31,f11	 f31:0x41800000 f11:0xff800000 f26=0x7f800000
     369625.000 ns	     36961	8000711c	4174d5b3	sra	x11,x9,x23	  x9:0x7ffbf1a6 x23:0x80000000 x11=0x7ffbf1a6
     369645.000 ns	     36963	80007120	f0038cd3	fmv.w.x	f25,x7	  x7:0x00000000 f25=0x00000000
     369675.000 ns	     36966	80007124	f0078153	fmv.w.x	f2,x15	 x15:0x00000000  f2=0x00000000
     369705.000 ns	     36969	80007128	28938253	fmin.s	f4,f7,f9	  f7:0x44e84000  f9:0x3f7fffae  f4=0x3f7fffae
     369735.000 ns	     36972	8000712c	a0bda953	feq.s	x18,f27,f11	 f27:0x80000000 f11:0xff800000 x18=0x00000000
     369785.000 ns	     36977	80007130	00b4a553	fadd.s	f10,f9,f11	  f9:0x3f7fffae f11:0xff800000 f10=0xff800000
     369815.000 ns	     36980	80007134	a14883d3	fle.s	x7,f17,f20	 f17:0x00000000 f20:0x7fc00000  x7=0x00000000
     369835.000 ns	     36982	80007138	41e351b3	sra	x3,x6,x30	  x6:0x00000000 x30:0x00000001  x3=0x00000000
     369845.000 ns	     36983	8000713c	bb6be213	ori	x4,x23,-1098	 x23:0x80000000  x4=0xfffffbb6
     369855.000 ns	     36984	80007140	00899c33	sll	x24,x19,x8	 x19:0x80041024  x8:0x800408e0 x24=0x80041024
     370215.000 ns	     37020	80007144	039457b3	divu	x15,x8,x25	  x8:0x800408e0 x25:0x00000364 x15=0x0025c17c
     370235.000 ns	     37022	80007148	0126aeb3	slt	x29,x13,x18	 x13:0x00000000 x18:0x00000000 x29=0x00000000
     370245.000 ns	     37023	8000714c	56454513	xori	x10,x10,1380	 x10:0x00000000 x10=0x00000564
     370265.000 ns	     37025	80007150	d01548d3	fcvt.s.wu	f17,x10	 x10:0x00000000 f17=0x44ac8000
     370285.000 ns	     37027	80007154	006dc033	xor	x0,x27,x6	 x27:0x00040000  x6:0x00000000
     370315.000 ns	     37030	80007158	580845d3	fsqrt.s	f11,f16	 f16:0x00000000 f11=0x00000000
     370345.000 ns	     37033	8000715c	287289d3	fmin.s	f19,f5,f7	  f5:0x00000000  f7:0x44e84000 f19=0x00000000
     370385.000 ns	     37037	80007160	580d7e53	fsqrt.s	f28,f26	 f26:0x7f800000 f28=0x7f800000
     370405.000 ns	     37039	80007164	00000013	addi	x0,x0,0	  x0:0x00000000
     370415.000 ns	     37040	80007168	ab70e413	ori	x8,x1,-1353	  x1:0x44e84000  x8=0xfffffab7
     370435.000 ns	     37042	8000716c	03d2ef33	rem	x30,x5,x29	  x5:0x00000000 x29:0x00000000 x30=0x00000000
     370465.000 ns	     37045	80007170	c01a7d53	fcvt.wu.s	x26,f20	 f20:0x7fc00000 x26=0xffffffff
     370515.000 ns	     37050	80007174	08517653	fsub.s	f12,f2,f5	  f2:0x00000000  f5:0x00000000 f12=0x80000000
     370535.000 ns	     37052	80007178	601a4a93	xori	x21,x20,1537	 x20:0xfffffb61 x21=0xfffffd60
     370555.000 ns	     37054	8000717c	201f2cd3	fsgnjx.s	f25,f30,f1	 f30:0xc4590000  f1:0x7fc00000 f25=0xc4590000
     370575.000 ns	     37056	80007180	0193d833	srl	x16,x7,x25	  x7:0x00000000 x25:0x00000364 x16=0x00000000
     370595.000 ns	     37058	80007184	29b99853	fmax.s	f16,f19,f27	 f19:0x00000000 f27:0x80000000 f16=0x00000000
     370625.000 ns	     37061	80007188	29b70d53	fmin.s	f26,f14,f27	 f14:0x00000000 f27:0x80000000 f26=0x80000000
     370645.000 ns	     37063	8000718c	821a2293	slti	x5,x20,-2015	 x20:0xfffffb61  x5=0x00000000
     370975.000 ns	     37096	80007190	18faf353	fdiv.s	f6,f21,f15	 f21:0x44e84000 f15:0xc4e84000  f6=0xbfb8f644
     371345.000 ns	     37133	80007194	02fa76b3	remu	x13,x20,x15	 x20:0xfffffb61 x15:0x0025c17c x13=0x001dabfd
     371365.000 ns	     37135	80007198	283f0f13	addi	x30,x30,643	 x30:0x00000000 x30=0x00000283
     371375.000 ns	     37136	8000719c	01ced033	srl	x0,x29,x28	 x29:0x00000000 x28:0x80040fe4
     371395.000 ns	     37138	800071a0	c0148a53	fcvt.wu.s	x20,f9	  f9:0x3f7fffae x20=0x00000001
     371415.000 ns	     37140	800071a4	01c33db3	sltu	x27,x6,x28	  x6:0x00000000 x28:0x80040fe4 x27=0x00000001
     371425.000 ns	     37141	800071a8	000fc8b3	xor	x17,x31,x0	 x31:0x00000000  x0:0x00000000 x17=0x00000000
     371435.000 ns	     37142	800071ac	ef81c297	auipc	x5,0xef81c	  x5=0x6f8231ac
     371795.000 ns	     37178	800071b0	02595c33	divu	x24,x18,x5	 x18:0x00000000  x5:0x00000000 x24=0x00000000
     371815.000 ns	     37180	800071b4	8dfca8b7	lui	x17,0x8dfca	 x17=0x8dfca000
     371825.000 ns	     37181	800071b8	01e6fd33	and	x26,x13,x30	 x13:0x001dabfd x30:0x00000283 x26=0x00000281
     371835.000 ns	     37182	800071bc	bfe70817	auipc	x16,0xbfe70	 x16=0x3fe771bc
     371845.000 ns	     37183	800071c0	0159ac33	slt	x24,x19,x21	 x19:0x80041024 x21:0xfffffd60 x24=0x00000001
     371865.000 ns	     37185	800071c4	286915d3	fmax.s	f11,f18,f6	 f18:0x00000000  f6:0xbfb8f644 f11=0x00000000
     371885.000 ns	     37187	800071c8	dcd95817	auipc	x16,0xdcd95	 x16=0x5cd9c1c8
     371905.000 ns	     37189	800071cc	d01d7cd3	fcvt.s.wu	f25,x26	 x26:0x00000281 f25=0x44204000
     371925.000 ns	     37191	800071d0	00fe1fb3	sll	x31,x28,x15	 x28:0x80040fe4 x15:0x0025c17c x31=0x40000000
     371935.000 ns	     37192	800071d4	40985513	srai	x10,x16,0x9	 x16:0x5cd9c1c8 x10=0x002e6ce0
     371955.000 ns	     37194	800071d8	e0061053	fclass.s	x0,f12	 f12:0x80000000
     371985.000 ns	     37197	800071dc	29468053	fmin.s	f0,f13,f20	 f13:0xc1800000 f20:0x7fc00000  f0=0xc1800000
     372005.000 ns	     37199	800071e0	006cd0b3	srl	x1,x25,x6	 x25:0x00000364  x6:0x00000000  x1=0x00000364
     372015.000 ns	     37200	800071e4	012e4c33	xor	x24,x28,x18	 x28:0x80040fe4 x18:0x00000000 x24=0x80040fe4
     372035.000 ns	     37202	800071e8	a19b8653	fle.s	x12,f23,f25	 f23:0xff800000 f25:0x44204000 x12=0x00000001
     372085.000 ns	     37207	800071ec	09193d53	fsub.s	f26,f18,f17	 f18:0x00000000 f17:0x44ac8000 f26=0xc4ac8000
     372105.000 ns	     37209	800071f0	01cc30b3	sltu	x1,x24,x28	 x24:0x80040fe4 x28:0x80040fe4  x1=0x00000000
     372115.000 ns	     37210	800071f4	c34d6813	ori	x16,x26,-972	 x26:0x00000281 x16=0xfffffeb5
     372135.000 ns	     37212	800071f8	e0061853	fclass.s	x16,f12	 f12:0x80000000 x16=0x00000008
     372155.000 ns	     37214	800071fc	012c9193	slli	x3,x25,0x12	 x25:0x00000364  x3=0x0d900000
     372165.000 ns	     37215	80007200	7b977c17	auipc	x24,0x7b977	 x24=0xfb97e200
     372175.000 ns	     37216	80007204	00715133	srl	x2,x2,x7	  x2:0x800410b6  x7:0x00000000  x2=0x800410b6
     372185.000 ns	     37217	80007208	01bb6fb3	or	x31,x22,x27	 x22:0x00000000 x27:0x00000001 x31=0x00000001
     372195.000 ns	     37218	8000720c	00c89db3	sll	x27,x17,x12	 x17:0x8dfca000 x12:0x00000001 x27=0x1bf94000
     372205.000 ns	     37219	80007210	416fda93	srai	x21,x31,0x16	 x31:0x40000000 x21=0x00000000
     373375.000 ns	     37336	80007214	5801f453	fsqrt.s	f8,f3	  f3:0x44590000  f8=0x41997131
     373405.000 ns	     37339	80007218	e0021653	fclass.s	x12,f4	  f4:0x3f7fffae x12=0x00000040
     373425.000 ns	     37341	8000721c	01ddc4b3	xor	x9,x27,x29	 x27:0x1bf94000 x29:0x00000000  x9=0x1bf94000
     373445.000 ns	     37343	80007220	0356bf33	mulhu	x30,x13,x21	 x13:0x001dabfd x21:0x00000000 x30=0x00000000
     373815.000 ns	     37380	80007224	0238efb3	rem	x31,x17,x3	 x17:0x8dfca000  x3:0x0d900000 x31=0xfa7ca000
     373845.000 ns	     37383	80007228	21901b53	fsgnjn.s	f22,f0,f25	  f0:0xc1800000 f25:0x44204000 f22=0xc1800000
     373875.000 ns	     37386	8000722c	f0048ad3	fmv.w.x	f21,x9	  x9:0x1bf94000 f21=0x1bf94000
     373905.000 ns	     37389	80007230	21ce1153	fsgnjn.s	f2,f28,f28	 f28:0x7f800000 f28:0x7f800000  f2=0xff800000
     373925.000 ns	     37391	80007234	00000013	addi	x0,x0,0	  x0:0x00000000
     373945.000 ns	     37393	80007238	a1b388d3	fle.s	x17,f7,f27	  f7:0x44e84000 f27:0x80000000 x17=0x00000000
     374315.000 ns	     37430	8000723c	0226e1b3	rem	x3,x13,x2	 x13:0x001dabfd  x2:0x800410b6  x3=0x001dabfd
     374335.000 ns	     37432	80007240	12475b17	auipc	x22,0x12475	 x22=0x9247c240
     375505.000 ns	     37549	80007244	580c2053	fsqrt.s	f0,f24	 f24:0x44590000  f0=0x41997131
     375525.000 ns	     37551	80007248	013fda33	srl	x20,x31,x19	 x31:0xfa7ca000 x19:0x80041024 x20=0x0fa7ca00
     375535.000 ns	     37552	8000724c	e5302f93	slti	x31,x0,-429	  x0:0x00000000 x31=0x00000000
     375545.000 ns	     37553	80007250	9120cf17	auipc	x30,0x9120c	 x30=0x11213250
     375565.000 ns	     37555	80007254	a04f1fd3	flt.s	x31,f30,f4	 f30:0xc4590000  f4:0x3f7fffae x31=0x00000001
     375935.000 ns	     37592	80007258	034955b3	divu	x11,x18,x20	 x18:0x00000000 x20:0x0fa7ca00 x11=0x00000000
     375965.000 ns	     37595	8000725c	29cc1953	fmax.s	f18,f24,f28	 f24:0x44590000 f28:0x7f800000 f18=0x7f800000
     375995.000 ns	     37598	80007260	e00480d3	fmv.x.w	x1,f9	  f9:0x3f7fffae  x1=0x3f7fffae
     376015.000 ns	     37600	80007264	01cffdb3	and	x27,x31,x28	 x31:0x00000001 x28:0x80040fe4 x27=0x00000000
     376025.000 ns	     37601	80007268	4074df33	sra	x30,x9,x7	  x9:0x1bf94000  x7:0x00000000 x30=0x1bf94000
     376035.000 ns	     37602	8000726c	0199edb3	or	x27,x19,x25	 x19:0x80041024 x25:0x00000364 x27=0x80041364
     376045.000 ns	     37603	80007270	0052c133	xor	x2,x5,x5	  x5:0x6f8231ac  x5:0x6f8231ac  x2=0x00000000
     376065.000 ns	     37605	80007274	21bc82d3	fsgnj.s	f5,f25,f27	 f25:0x44204000 f27:0x80000000  f5=0xc4204000
     376095.000 ns	     37608	80007278	d01c0bd3	fcvt.s.wu	f23,x24	 x24:0xfb97e200 f23=0x4f7b97e2
     376125.000 ns	     37611	8000727c	02873733	mulhu	x14,x14,x8	 x14:0x00000000  x8:0xfffffab7 x14=0x00000000
     376155.000 ns	     37614	80007280	f0018953	fmv.w.x	f18,x3	  x3:0x001dabfd f18=0x001dabfd
     376175.000 ns	     37616	80007284	80fd0913	addi	x18,x26,-2033	 x26:0x00000281 x18=0xfffffa90
     376195.000 ns	     37618	80007288	211d2ed3	fsgnjx.s	f29,f26,f17	 f26:0xc4ac8000 f17:0x44ac8000 f29=0xc4ac8000
     376235.000 ns	     37622	8000728c	580d7653	fsqrt.s	f12,f26	 f26:0xc4ac8000 f12=0x7fc00000
     376255.000 ns	     37624	80007290	0185c033	xor	x0,x11,x24	 x11:0x00000000 x24:0xfb97e200
     376615.000 ns	     37660	80007294	0382d433	divu	x8,x5,x24	  x5:0x6f8231ac x24:0xfb97e200  x8=0x00000000
     376665.000 ns	     37665	80007298	084a95d3	fsub.s	f11,f21,f4	 f21:0x1bf94000  f4:0x3f7fffae f11=0xbf7fffae
     376685.000 ns	     37667	8000729c	00236733	or	x14,x6,x2	  x6:0x00000000  x2:0x00000000 x14=0x00000000
     376695.000 ns	     37668	800072a0	0cb04713	xori	x14,x0,203	  x0:0x00000000 x14=0x000000cb
     376715.000 ns	     37670	800072a4	e0071853	fclass.s	x16,f14	 f14:0x00000000 x16=0x00000010
     376745.000 ns	     37673	800072a8	d0147ad3	fcvt.s.wu	f21,x8	  x8:0x00000000 f21=0x00000000
     376765.000 ns	     37675	800072ac	cd218793	addi	x15,x3,-814	  x3:0x001dabfd x15=0x001da8cf
     376775.000 ns	     37676	800072b0	94484693	xori	x13,x16,-1724	 x16:0x00000010 x13=0xfffff954
     376795.000 ns	     37678	800072b4	d0078f53	fcvt.s.w	f30,x15	 x15:0x0025c17c f30=0x49ed4678
     376825.000 ns	     37681	800072b8	d01f0dd3	fcvt.s.wu	f27,x30	 x30:0x1bf94000 f27=0x4ddfca00
     376845.000 ns	     37683	800072bc	411fdc13	srai	x24,x31,0x11	 x31:0x00000001 x24=0x00000000
     376865.000 ns	     37685	800072c0	e0061253	fclass.s	x4,f12	 f12:0x7fc00000  x4=0x00000200
     376885.000 ns	     37687	800072c4	3184cc13	xori	x24,x9,792	  x9:0x1bf94000 x24=0x1bf94318
     377245.000 ns	     37723	800072c8	0217c2b3	div	x5,x15,x1	 x15:0x001da8cf  x1:0x3f7fffae  x5=0x00000000
     377265.000 ns	     37725	800072cc	4b233293	sltiu	x5,x6,1202	  x6:0x00000000  x5=0x00000001
     377275.000 ns	     37726	800072d0	01f39693	slli	x13,x7,0x1f	  x7:0x00000000 x13=0x00000000
     377285.000 ns	     37727	800072d4	00d505b3	add	x11,x10,x13	 x10:0x002e6ce0 x13:0xfffff954 x11=0x002e6ce0
     377305.000 ns	     37729	800072d8	a1e088d3	fle.s	x17,f1,f30	  f1:0x7fc00000 f30:0x49ed4678 x17=0x00000000
     377335.000 ns	     37732	800072dc	206fa8d3	fsgnjx.s	f17,f31,f6	 f31:0x41800000  f6:0xbfb8f644 f17=0xc1800000
     377365.000 ns	     37735	800072e0	21ae9753	fsgnjn.s	f14,f29,f26	 f29:0xc4ac8000 f26:0xc4ac8000 f14=0x44ac8000
     377395.000 ns	     37738	800072e4	e0079553	fclass.s	x10,f15	 f15:0xc4e84000 x10=0x00000002
     377425.000 ns	     37741	800072e8	d00eaed3	fcvt.s.w	f29,x29	 x29:0x00000000 f29=0x00000000
     377455.000 ns	     37744	800072ec	20d30353	fsgnj.s	f6,f6,f13	  f6:0xbfb8f644 f13:0xc1800000  f6=0xbfb8f644
     377485.000 ns	     37747	800072f0	025b23b3	mulhsu	x7,x22,x5	 x22:0x9247c240  x5:0x00000001  x7=0xffffffff
     377505.000 ns	     37749	800072f4	dcce8a93	addi	x21,x29,-564	 x29:0x00000000 x21=0xfffffdcc
     377515.000 ns	     37750	800072f8	00fddb33	srl	x22,x27,x15	 x27:0x80041364 x15:0x001da8cf x22=0x00010008
     377525.000 ns	     37751	800072fc	65c62013	slti	x0,x12,1628	 x12:0x00000040
     377535.000 ns	     37752	80007300	613bf013	andi	x0,x23,1555	 x23:0x80000000
     377545.000 ns	     37753	80007304	401e85b3	sub	x11,x29,x1	 x29:0x00000000  x1:0x3f7fffae x11=0xc0800052
     377905.000 ns	     37789	80007308	02c8ca33	div	x20,x17,x12	 x17:0x00000000 x12:0x00000040 x20=0x00000000
     377935.000 ns	     37792	8000730c	f0088c53	fmv.w.x	f24,x17	 x17:0x00000000 f24=0x00000000
     377965.000 ns	     37795	80007310	a1001dd3	flt.s	x27,f0,f16	  f0:0x41997131 f16:0x00000000 x27=0x00000000
     377995.000 ns	     37798	80007314	0248b233	mulhu	x4,x17,x4	 x17:0x00000000  x4:0x00000200  x4=0x00000000
     378025.000 ns	     37801	80007318	20d12653	fsgnjx.s	f12,f2,f13	  f2:0xff800000 f13:0xc1800000 f12=0x7f800000
     378045.000 ns	     37803	8000731c	01af9293	slli	x5,x31,0x1a	 x31:0x00000001  x5=0x04000000
     378065.000 ns	     37805	80007320	035a92b3	mulh	x5,x21,x21	 x21:0xfffffdcc x21:0xfffffdcc  x5=0x00000000
     378115.000 ns	     37810	80007324	08af0853	fsub.s	f16,f30,f10	 f30:0x49ed4678 f10:0xff800000 f16=0x7f800000
     378145.000 ns	     37813	80007328	039ebeb3	mulhu	x29,x29,x25	 x29:0x00000000 x25:0x00000364 x29=0x00000000
     378165.000 ns	     37815	8000732c	af58f717	auipc	x14,0xaf58f	 x14=0x2f59632c
     378175.000 ns	     37816	80007330	00ea5193	srli	x3,x20,0xe	 x20:0x00000000  x3=0x00000000
     378195.000 ns	     37818	80007334	f00e08d3	fmv.w.x	f17,x28	 x28:0x80040fe4 f17=0x80040fe4
     378215.000 ns	     37820	80007338	009c4933	xor	x18,x24,x9	 x24:0x1bf94318  x9:0x1bf94000 x18=0x00000318
     378225.000 ns	     37821	8000733c	58633093	sltiu	x1,x6,1414	  x6:0x00000000  x1=0x00000001
     378235.000 ns	     37822	80007340	03930d93	addi	x27,x6,57	  x6:0x00000000 x27=0x00000039
     378255.000 ns	     37824	80007344	c00f1653	fcvt.w.s	x12,f30	 f30:0x49ed4678 x12=0x001da8cf
     378285.000 ns	     37827	80007348	c01df853	fcvt.wu.s	x16,f27	 f27:0x4ddfca00 x16=0x1bf94000
     378655.000 ns	     37864	8000734c	0362cab3	div	x21,x5,x22	  x5:0x00000000 x22:0x00010008 x21=0x00000000
     378675.000 ns	     37866	80007350	00c91c13	slli	x24,x18,0xc	 x18:0x00000318 x24=0x00318000
     378685.000 ns	     37867	80007354	407cdd33	sra	x26,x25,x7	 x25:0x00000364  x7:0xffffffff x26=0x00000000
     378705.000 ns	     37869	80007358	027c25b3	mulhsu	x11,x24,x7	 x24:0x1bf94318  x7:0xffffffff x11=0x00317fff
     378735.000 ns	     37872	8000735c	023aa8b3	mulhsu	x17,x21,x3	 x21:0x00000000  x3:0x00000000 x17=0x00000000
     379105.000 ns	     37909	80007360	032678b3	remu	x17,x12,x18	 x12:0x001da8cf x18:0x00000318 x17=0x000000bf
     379135.000 ns	     37912	80007364	02512133	mulhsu	x2,x2,x5	  x2:0x00000000  x5:0x00000000  x2=0x00000000
     379155.000 ns	     37914	80007368	3de2ac93	slti	x25,x5,990	  x5:0x00000000 x25=0x00000001
     379165.000 ns	     37915	8000736c	407ed433	sra	x8,x29,x7	 x29:0x00000000  x7:0xffffffff  x8=0x00000000
     379175.000 ns	     37916	80007370	008656b3	srl	x13,x12,x8	 x12:0x001da8cf  x8:0x00000000 x13=0x001da8cf
     379195.000 ns	     37918	80007374	02b70eb3	mul	x29,x14,x11	 x14:0x2f59632c x11:0x00317fff x29=0x7da89cd4
     379215.000 ns	     37920	80007378	00478533	add	x10,x15,x4	 x15:0x001da8cf  x4:0x00000000 x10=0x001da8cf
     379235.000 ns	     37922	8000737c	d01efa53	fcvt.s.wu	f20,x29	 x29:0x7da89cd4 f20=0x4efb5139
     379255.000 ns	     37924	80007380	01090033	add	x0,x18,x16	 x18:0x00000318 x16:0x1bf94000
     379265.000 ns	     37925	80007384	404885b3	sub	x11,x17,x4	 x17:0x000000bf  x4:0x00000000 x11=0x000000bf
     379285.000 ns	     37927	80007388	034ead33	mulhsu	x26,x29,x20	 x29:0x7da89cd4 x20:0x00000000 x26=0x00000000
     379305.000 ns	     37929	8000738c	0145eeb3	or	x29,x11,x20	 x11:0x00317fff x20:0x00000000 x29=0x000000bf
     379325.000 ns	     37931	80007390	20cc9c53	fsgnjn.s	f24,f25,f12	 f25:0x44204000 f12:0x7f800000 f24=0xc4204000
     379355.000 ns	     37934	80007394	a1508153	fle.s	x2,f1,f21	  f1:0x7fc00000 f21:0x00000000  x2=0x00000000
     379385.000 ns	     37937	80007398	d014f753	fcvt.s.wu	f14,x9	  x9:0x1bf94000 f14=0x4ddfca00
     379425.000 ns	     37941	8000739c	11a73d53	fmul.s	f26,f14,f26	 f14:0x44ac8000 f26:0xc4ac8000 f26=0xd316cb9d
     379455.000 ns	     37944	800073a0	e00886d3	fmv.x.w	x13,f17	 f17:0x80040fe4 x13=0x80040fe4
     379475.000 ns	     37946	800073a4	418f0633	sub	x12,x30,x24	 x30:0x1bf94000 x24:0x00318000 x12=0x1bc7c000
     379485.000 ns	     37947	800073a8	14b24f13	xori	x30,x4,331	  x4:0x00000000 x30=0x0000014b
     379495.000 ns	     37948	800073ac	679acd13	xori	x26,x21,1657	 x21:0x00000000 x26=0x00000679
     379515.000 ns	     37950	800073b0	a0488953	fle.s	x18,f17,f4	 f17:0x80040fe4  f4:0x3f7fffae x18=0x00000001
     379555.000 ns	     37954	800073b4	11e8af53	fmul.s	f30,f17,f30	 f17:0x80040fe4 f30:0x49ed4678 f30=0x8870f515
     379595.000 ns	     37958	800073b8	114a7553	fmul.s	f10,f20,f20	 f20:0x4efb5139 f20:0x4efb5139 f10=0x5e76b860
     379625.000 ns	     37961	800073bc	02ec0eb3	mul	x29,x24,x14	 x24:0x00318000 x14:0x2f59632c x29=0xad020000
     379645.000 ns	     37963	800073c0	01749d33	sll	x26,x9,x23	  x9:0x1bf94000 x23:0x80000000 x26=0x1bf94000
     379665.000 ns	     37965	800073c4	023498b3	mulh	x17,x9,x3	  x9:0x1bf94000  x3:0x00000000 x17=0x00000000
     379685.000 ns	     37967	800073c8	005da7b3	slt	x15,x27,x5	 x27:0x00000039  x5:0x00000000 x15=0x00000000
     379715.000 ns	     37970	800073cc	104d0c53	fmul.s	f24,f26,f4	 f26:0xd316cb9d  f4:0x3f7fffae f24=0xd316cb6d
     379735.000 ns	     37972	800073d0	0162d2b3	srl	x5,x5,x22	  x5:0x00000000 x22:0x00010008  x5=0x00000000
     379755.000 ns	     37974	800073d4	a02faad3	feq.s	x21,f31,f2	 f31:0x41800000  f2:0xff800000 x21=0x00000000
     379785.000 ns	     37977	800073d8	023001b3	mul	x3,x0,x3	  x0:0x00000000  x3:0x00000000  x3=0x00000000
     379815.000 ns	     37980	800073dc	c0137253	fcvt.wu.s	x4,f6	  f6:0xbfb8f644  x4=0x00000001
     379845.000 ns	     37983	800073e0	d01d83d3	fcvt.s.wu	f7,x27	 x27:0x00000039  f7=0x42640000
     379875.000 ns	     37986	800073e4	02fe36b3	mulhu	x13,x28,x15	 x28:0x80040fe4 x15:0x00000000 x13=0x00000000
     379895.000 ns	     37988	800073e8	0038dc13	srli	x24,x17,0x3	 x17:0x00000000 x24=0x00000000
     379915.000 ns	     37990	800073ec	d016f953	fcvt.s.wu	f18,x13	 x13:0x00000000 f18=0x00000000
     379945.000 ns	     37993	800073f0	03710f33	mul	x30,x2,x23	  x2:0x00000000 x23:0x80000000 x30=0x00000000
     380315.000 ns	     38030	800073f4	0290f133	remu	x2,x1,x9	  x1:0x00000001  x9:0x1bf94000  x2=0x00000001
     380335.000 ns	     38032	800073f8	00ccfdb3	and	x27,x25,x12	 x25:0x00000001 x12:0x1bc7c000 x27=0x00000000
     380355.000 ns	     38034	800073fc	21aaac53	fsgnjx.s	f24,f21,f26	 f21:0x00000000 f26:0xd316cb9d f24=0x80000000
     380385.000 ns	     38037	80007400	e0030fd3	fmv.x.w	x31,f6	  f6:0xbfb8f644 x31=0xbfb8f644
     380415.000 ns	     38040	80007404	d014bbd3	fcvt.s.wu	f23,x9	  x9:0x1bf94000 f23=0x4ddfca00
     380435.000 ns	     38042	80007408	00959933	sll	x18,x11,x9	 x11:0x000000bf  x9:0x1bf94000 x18=0x000000bf
     380455.000 ns	     38044	8000740c	f00a8c53	fmv.w.x	f24,x21	 x21:0x00000000 f24=0x00000000
     380485.000 ns	     38047	80007410	a1bf2853	feq.s	x16,f30,f27	 f30:0x8870f515 f27:0x4ddfca00 x16=0x00000000
     380505.000 ns	     38049	80007414	00198833	add	x16,x19,x1	 x19:0x80041024  x1:0x00000001 x16=0x80041025
     380525.000 ns	     38051	80007418	d00018d3	fcvt.s.w	f17,x0	  x0:0x00000000 f17=0x00000000
     380555.000 ns	     38054	8000741c	a1b82d53	feq.s	x26,f16,f27	 f16:0x7f800000 f27:0x4ddfca00 x26=0x00000000
     380575.000 ns	     38056	80007420	64440693	addi	x13,x8,1604	  x8:0x00000000 x13=0x00000644
     380585.000 ns	     38057	80007424	00b2a613	slti	x12,x5,11	  x5:0x00000000 x12=0x00000001
     380605.000 ns	     38059	80007428	202e1a53	fsgnjn.s	f20,f28,f2	 f28:0x7f800000  f2:0xff800000 f20=0x7f800000
     380625.000 ns	     38061	8000742c	01d19433	sll	x8,x3,x29	  x3:0x00000000 x29:0xad020000  x8=0x00000000
     380645.000 ns	     38063	80007430	a08707d3	fle.s	x15,f14,f8	 f14:0x4ddfca00  f8:0x41997131 x15=0x00000000
     380675.000 ns	     38066	80007434	e00a85d3	fmv.x.w	x11,f21	 f21:0x00000000 x11=0x00000000
     380695.000 ns	     38068	80007438	1be93c93	sltiu	x25,x18,446	 x18:0x000000bf x25=0x00000001
     380715.000 ns	     38070	8000743c	c00bc4d3	fcvt.w.s	x9,f23	 f23:0x4ddfca00  x9=0x1bf94000
     380735.000 ns	     38072	80007440	456f1897	auipc	x17,0x456f1	 x17=0xc56f8440
     380755.000 ns	     38074	80007444	038fe033	rem	x0,x31,x24	 x31:0xbfb8f644 x24:0x00000000
     380785.000 ns	     38077	80007448	c01e2153	fcvt.wu.s	x2,f28	 f28:0x7f800000  x2=0xffffffff
     380815.000 ns	     38080	8000744c	d01cf6d3	fcvt.s.wu	f13,x25	 x25:0x00000001 f13=0x3f800000
     380845.000 ns	     38083	80007450	03041233	mulh	x4,x8,x16	  x8:0x00000000 x16:0x80041025  x4=0x00000000
     380875.000 ns	     38086	80007454	a042afd3	feq.s	x31,f5,f4	  f5:0xc4204000  f4:0x3f7fffae x31=0x00000000
     380895.000 ns	     38088	80007458	00e85113	srli	x2,x16,0xe	 x16:0x80041025  x2=0x00020010
     380925.000 ns	     38091	8000745c	10cbf553	fmul.s	f10,f23,f12	 f23:0x4ddfca00 f12:0x7f800000 f10=0x7f800000
     380955.000 ns	     38094	80007460	21d21cd3	fsgnjn.s	f25,f4,f29	  f4:0x3f7fffae f29:0x00000000 f25=0xbf7fffae
     380975.000 ns	     38096	80007464	d1643c93	sltiu	x25,x8,-746	  x8:0x00000000 x25=0x00000001
     380995.000 ns	     38098	80007468	0287e033	rem	x0,x15,x8	 x15:0x00000000  x8:0x00000000
     381015.000 ns	     38100	8000746c	01925a33	srl	x20,x4,x25	  x4:0x00000000 x25:0x00000001 x20=0x00000000
     381025.000 ns	     38101	80007470	00483f33	sltu	x30,x16,x4	 x16:0x80041025  x4:0x00000000 x30=0x00000000
     381035.000 ns	     38102	80007474	00ce6ab3	or	x21,x28,x12	 x28:0x80040fe4 x12:0x00000001 x21=0x80040fe5
     381045.000 ns	     38103	80007478	009bd8b3	srl	x17,x23,x9	 x23:0x80000000  x9:0x1bf94000 x17=0x80000000
     381055.000 ns	     38104	8000747c	b76f6a13	ori	x20,x30,-1162	 x30:0x00000000 x20=0xfffffb76
     381065.000 ns	     38105	80007480	f51d0013	addi	x0,x26,-175	 x26:0x00000000
     381085.000 ns	     38107	80007484	e00c0053	fmv.x.w	x0,f24	 f24:0x00000000
     381125.000 ns	     38111	80007488	5807fdd3	fsqrt.s	f27,f15	 f15:0xc4e84000 f27=0x7fc00000
     381145.000 ns	     38113	8000748c	000a44b3	xor	x9,x20,x0	 x20:0xfffffb76  x0:0x00000000  x9=0xfffffb76
     381155.000 ns	     38114	80007490	005165b3	or	x11,x2,x5	  x2:0x00020010  x5:0x00000000 x11=0x00020010
     381165.000 ns	     38115	80007494	01190433	add	x8,x18,x17	 x18:0x000000bf x17:0x80000000  x8=0x800000bf
     381525.000 ns	     38151	80007498	02d05f33	divu	x30,x0,x13	  x0:0x00000000 x13:0x00000644 x30=0x00000000
     381555.000 ns	     38154	8000749c	e0099453	fclass.s	x8,f19	 f19:0x00000000  x8=0x00000010
     381595.000 ns	     38158	800074a0	5807f953	fsqrt.s	f18,f15	 f15:0xc4e84000 f18=0x7fc00000
     381625.000 ns	     38161	800074a4	283d0ad3	fmin.s	f21,f26,f3	 f26:0xd316cb9d  f3:0x44590000 f21=0xd316cb9d
     381675.000 ns	     38166	800074a8	09afadd3	fsub.s	f27,f31,f26	 f31:0x41800000 f26:0xd316cb9d f27=0x5316cb9d
     381695.000 ns	     38168	800074ac	01b1a633	slt	x12,x3,x27	  x3:0x00000000 x27:0x00000000 x12=0x00000000
     382055.000 ns	     38204	800074b0	0357e033	rem	x0,x15,x21	 x15:0x00000000 x21:0x80040fe5
     382075.000 ns	     38206	800074b4	320ae393	ori	x7,x21,800	 x21:0x80040fe5  x7=0x80040fe5
     382085.000 ns	     38207	800074b8	701e8193	addi	x3,x29,1793	 x29:0xad020000  x3=0xad020701
     382105.000 ns	     38209	800074bc	024c04b3	mul	x9,x24,x4	 x24:0x00000000  x4:0x00000000  x9=0x00000000
     382135.000 ns	     38212	800074c0	d00e41d3	fcvt.s.w	f3,x28	 x28:0x80040fe4  f3=0xcefff7e0
     382155.000 ns	     38214	800074c4	01b1e233	or	x4,x3,x27	  x3:0xad020701 x27:0x00000000  x4=0xad020701
     382165.000 ns	     38215	800074c8	40fc50b3	sra	x1,x24,x15	 x24:0x00000000 x15:0x00000000  x1=0x00000000
     382175.000 ns	     38216	800074cc	00b2a933	slt	x18,x5,x11	  x5:0x00000000 x11:0x00020010 x18=0x00000001
     382195.000 ns	     38218	800074d0	021e7833	remu	x16,x28,x1	 x28:0x80040fe4  x1:0x00000001 x16=0x80040fe4
     382215.000 ns	     38220	800074d4	00cacf33	xor	x30,x21,x12	 x21:0x80040fe5 x12:0x00000000 x30=0x80040fe5
     382235.000 ns	     38222	800074d8	a16da0d3	feq.s	x1,f27,f22	 f27:0x5316cb9d f22:0xc1800000  x1=0x00000000
     382265.000 ns	     38225	800074dc	285316d3	fmax.s	f13,f6,f5	  f6:0xbfb8f644  f5:0xc4204000 f13=0xbfb8f644
     382285.000 ns	     38227	800074e0	2a5f87b7	lui	x15,0x2a5f8	 x15=0x2a5f8000
     382305.000 ns	     38229	800074e4	c00e2ed3	fcvt.w.s	x29,f28	 f28:0x7f800000 x29=0x7fffffff
     382335.000 ns	     38232	800074e8	29570e53	fmin.s	f28,f14,f21	 f14:0x4ddfca00 f21:0xd316cb9d f28=0xd316cb9d
     382365.000 ns	     38235	800074ec	03fe8333	mul	x6,x29,x31	 x29:0x7fffffff x31:0x00000000  x6=0x00000000
     382385.000 ns	     38237	800074f0	c5fbb893	sltiu	x17,x23,-929	 x23:0x80000000 x17=0x00000001
     382395.000 ns	     38238	800074f4	3117e013	ori	x0,x15,785	 x15:0x2a5f8000
     382405.000 ns	     38239	800074f8	00e68cb3	add	x25,x13,x14	 x13:0x00000644 x14:0x2f59632c x25=0x2f596970
     382415.000 ns	     38240	800074fc	01ed9793	slli	x15,x27,0x1e	 x27:0x00000000 x15=0x00000000
     382425.000 ns	     38241	80007500	78b06213	ori	x4,x0,1931	  x0:0x00000000  x4=0x0000078b
     382435.000 ns	     38242	80007504	00908eb3	add	x29,x1,x9	  x1:0x00000000  x9:0x00000000 x29=0x00000000
     382445.000 ns	     38243	80007508	00000013	addi	x0,x0,0	  x0:0x00000000
     382775.000 ns	     38276	8000750c	18677fd3	fdiv.s	f31,f14,f6	 f14:0x4ddfca00  f6:0xbfb8f644 f31=0xcd79323e
     382805.000 ns	     38279	80007510	03a49333	mulh	x6,x9,x26	  x9:0x00000000 x26:0x00000000  x6=0x00000000
     382835.000 ns	     38282	80007514	d012fad3	fcvt.s.wu	f21,x5	  x5:0x00000000 f21=0x00000000
     382855.000 ns	     38284	80007518	446e0813	addi	x16,x28,1094	 x28:0x80040fe4 x16=0x8004142a
     382875.000 ns	     38286	8000751c	021e0633	mul	x12,x28,x1	 x28:0x80040fe4  x1:0x00000000 x12=0x00000000
     382895.000 ns	     38288	80007520	012b0093	addi	x1,x22,18	 x22:0x00010008  x1=0x0001001a
     382905.000 ns	     38289	80007524	01f0b533	sltu	x10,x1,x31	  x1:0x00000000 x31:0x00000000 x10=0x00000000
     382915.000 ns	     38290	80007528	01f2d793	srli	x15,x5,0x1f	  x5:0x00000000 x15=0x00000000
     382935.000 ns	     38292	8000752c	20df1953	fsgnjn.s	f18,f30,f13	 f30:0x8870f515 f13:0xbfb8f644 f18=0x0870f515
     382965.000 ns	     38295	80007530	20380ad3	fsgnj.s	f21,f16,f3	 f16:0x7f800000  f3:0xcefff7e0 f21=0xff800000
     382995.000 ns	     38298	80007534	03dc15b3	mulh	x11,x24,x29	 x24:0x00000000 x29:0x00000000 x11=0x00000000
     383025.000 ns	     38301	80007538	a16617d3	flt.s	x15,f12,f22	 f12:0x7f800000 f22:0xc1800000 x15=0x00000000
     383045.000 ns	     38303	8000753c	23841437	lui	x8,0x23841	  x8=0x23841000
     383065.000 ns	     38305	80007540	03b47c33	remu	x24,x8,x27	  x8:0x00000010 x27:0x00000000 x24=0x23841000
     383105.000 ns	     38309	80007544	118179d3	fmul.s	f19,f2,f24	  f2:0xff800000 f24:0x00000000 f19=0x7fc00000
     383125.000 ns	     38311	80007548	015660b3	or	x1,x12,x21	 x12:0x00000000 x21:0x80040fe5  x1=0x80040fe5
     383135.000 ns	     38312	8000754c	599ab693	sltiu	x13,x21,1433	 x21:0x80040fe5 x13=0x00000000
     383145.000 ns	     38313	80007550	00f64cb3	xor	x25,x12,x15	 x12:0x00000000 x15:0x00000000 x25=0x00000000
     383165.000 ns	     38315	80007554	c01206d3	fcvt.wu.s	x13,f4	  f4:0x3f7fffae x13=0x00000001
     383195.000 ns	     38318	80007558	2196acd3	fsgnjx.s	f25,f13,f25	 f13:0xbfb8f644 f25:0xbf7fffae f25=0x3fb8f644
     383215.000 ns	     38320	8000755c	1a25b793	sltiu	x15,x11,418	 x11:0x00000000 x15=0x00000001
     383225.000 ns	     38321	80007560	014811b3	sll	x3,x16,x20	 x16:0x8004142a x20:0xfffffb76  x3=0x0a800000
     383245.000 ns	     38323	80007564	c0097c53	fcvt.w.s	x24,f18	 f18:0x0870f515 x24=0x00000000
     383265.000 ns	     38325	80007568	aae64893	xori	x17,x12,-1362	 x12:0x00000000 x17=0xfffffaae
     383285.000 ns	     38327	8000756c	e00b0553	fmv.x.w	x10,f22	 f22:0xc1800000 x10=0xc1800000
     383315.000 ns	     38330	80007570	205d8dd3	fsgnj.s	f27,f27,f5	 f27:0x5316cb9d  f5:0xc4204000 f27=0xd316cb9d
     383345.000 ns	     38333	80007574	2050a0d3	fsgnjx.s	f1,f1,f5	  f1:0x7fc00000  f5:0xc4204000  f1=0xffc00000
     383375.000 ns	     38336	80007578	032413b3	mulh	x7,x8,x18	  x8:0x23841000 x18:0x00000001  x7=0x00000000
     383395.000 ns	     38338	8000757c	013b66b3	or	x13,x22,x19	 x22:0x00010008 x19:0x80041024 x13=0x8005102c
     383405.000 ns	     38339	80007580	00000013	addi	x0,x0,0	  x0:0x00000000
     383425.000 ns	     38341	80007584	297808d3	fmin.s	f17,f16,f23	 f16:0x7f800000 f23:0x4ddfca00 f17=0x4ddfca00
     383445.000 ns	     38343	80007588	e823fa93	andi	x21,x7,-382	  x7:0x00000000 x21=0x00000000
     383475.000 ns	     38346	8000758c	107bf953	fmul.s	f18,f23,f7	 f23:0x4ddfca00  f7:0x42640000 f18=0x50c74fe8
     383495.000 ns	     38348	80007590	00000013	addi	x0,x0,0	  x0:0x00000000
     383515.000 ns	     38350	80007594	034402b3	mul	x5,x8,x20	  x8:0x23841000 x20:0xfffffb76  x5=0xca8f6000
     383545.000 ns	     38353	80007598	20901153	fsgnjn.s	f2,f0,f9	  f0:0x41997131  f9:0x3f7fffae  f2=0xc1997131
     383575.000 ns	     38356	8000759c	2175a0d3	fsgnjx.s	f1,f11,f23	 f11:0xbf7fffae f23:0x4ddfca00  f1=0xbf7fffae
     383595.000 ns	     38358	800075a0	012ee033	or	x0,x29,x18	 x29:0x00000000 x18:0x00000001
     383605.000 ns	     38359	800075a4	008bd933	srl	x18,x23,x8	 x23:0x80000000  x8:0x23841000 x18=0x80000000
     383615.000 ns	     38360	800075a8	01ab44b3	xor	x9,x22,x26	 x22:0x00010008 x26:0x00000000  x9=0x00010008
     383635.000 ns	     38362	800075ac	d01e28d3	fcvt.s.wu	f17,x28	 x28:0x80040fe4 f17=0x4f000410
     383655.000 ns	     38364	800075b0	004c82b3	add	x5,x25,x4	 x25:0x00000000  x4:0x0000078b  x5=0x0000078b
     383675.000 ns	     38366	800075b4	c003ad53	fcvt.w.s	x26,f7	  f7:0x42640000 x26=0x00000039
     383705.000 ns	     38369	800075b8	f00b83d3	fmv.w.x	f7,x23	 x23:0x80000000  f7=0x80000000
     383745.000 ns	     38373	800075bc	11f5c553	fmul.s	f10,f11,f31	 f11:0xbf7fffae f31:0xcd79323e f10=0x4d7931ee
     383765.000 ns	     38375	800075c0	009c6933	or	x18,x24,x9	 x24:0x00000000  x9:0x00010008 x18=0x00010008
     383785.000 ns	     38377	800075c4	f0088dd3	fmv.w.x	f27,x17	 x17:0xfffffaae f27=0xfffffaae
     383805.000 ns	     38379	800075c8	009ca333	slt	x6,x25,x9	 x25:0x00000000  x9:0x00010008  x6=0x00000001
     383815.000 ns	     38380	800075cc	002c4317	auipc	x6,0x2c4	  x6=0x802cb5cc
     383835.000 ns	     38382	800075d0	02122133	mulhsu	x2,x4,x1	  x4:0x0000078b  x1:0x80040fe5  x2=0x000003c5
     383865.000 ns	     38385	800075d4	29231f53	fmax.s	f30,f6,f18	  f6:0xbfb8f644 f18:0x50c74fe8 f30=0x50c74fe8
     383885.000 ns	     38387	800075d8	01f02833	slt	x16,x0,x31	  x0:0x00000000 x31:0x00000000 x16=0x00000000
     383905.000 ns	     38389	800075dc	03881b33	mulh	x22,x16,x24	 x16:0x8004142a x24:0x00000000 x22=0x00000000
     383935.000 ns	     38392	800075e0	29ae91d3	fmax.s	f3,f29,f26	 f29:0x00000000 f26:0xd316cb9d  f3=0x00000000
     383965.000 ns	     38395	800075e4	d01b42d3	fcvt.s.wu	f5,x22	 x22:0x00000000  f5=0x00000000
     383985.000 ns	     38397	800075e8	40c3b293	sltiu	x5,x7,1036	  x7:0x00000000  x5=0x00000001
     383995.000 ns	     38398	800075ec	0100a633	slt	x12,x1,x16	  x1:0x80040fe5 x16:0x00000000 x12=0x00000001
     384015.000 ns	     38400	800075f0	290b9653	fmax.s	f12,f23,f16	 f23:0x4ddfca00 f16:0x7f800000 f12=0x7f800000
     384065.000 ns	     38405	800075f4	082bfbd3	fsub.s	f23,f23,f2	 f23:0x4ddfca00  f2:0xc1997131 f23=0x4ddfca00
     384095.000 ns	     38408	800075f8	03858f33	mul	x30,x11,x24	 x11:0x00000000 x24:0x00000000 x30=0x00000000
     384115.000 ns	     38410	800075fc	00a5d3b3	srl	x7,x11,x10	 x11:0x00000000 x10:0xc1800000  x7=0x00000000
     384125.000 ns	     38411	80007600	0300a413	slti	x8,x1,48	  x1:0x80040fe5  x8=0x00000001
     384135.000 ns	     38412	80007604	a3c18f93	addi	x31,x3,-1476	  x3:0x0a800000 x31=0x0a7ffa3c
     384145.000 ns	     38413	80007608	c8c5a093	slti	x1,x11,-884	 x11:0x00000000  x1=0x00000000
     384505.000 ns	     38449	8000760c	0341efb3	rem	x31,x3,x20	  x3:0x0a800000 x20:0xfffffb76 x31=0x00000196
     384525.000 ns	     38451	80007610	01b75613	srli	x12,x14,0x1b	 x14:0x2f59632c x12=0x00000005
     384535.000 ns	     38452	80007614	2b698293	addi	x5,x19,694	 x19:0x80041024  x5=0x800412da
     384545.000 ns	     38453	80007618	41325833	sra	x16,x4,x19	  x4:0x0000078b x19:0x80041024 x16=0x00000078
     384555.000 ns	     38454	8000761c	dca8bc13	sltiu	x24,x17,-566	 x17:0xfffffaae x24=0x00000001
     384565.000 ns	     38455	80007620	00828733	add	x14,x5,x8	  x5:0x800412da  x8:0x00000001 x14=0x800412db
     384585.000 ns	     38457	80007624	a01e8453	fle.s	x8,f29,f1	 f29:0x00000000  f1:0xbf7fffae  x8=0x00000000
     384615.000 ns	     38460	80007628	286d8353	fmin.s	f6,f27,f6	 f27:0xfffffaae  f6:0xbfb8f644  f6=0xbfb8f644
     384645.000 ns	     38463	8000762c	03a296b3	mulh	x13,x5,x26	  x5:0x800412da x26:0x00000039 x13=0xffffffe3
     384665.000 ns	     38465	80007630	76f24313	xori	x6,x4,1903	  x4:0x0000078b  x6=0x000000e4
     384675.000 ns	     38466	80007634	00bd6933	or	x18,x26,x11	 x26:0x00000039 x11:0x00000000 x18=0x00000039
     384695.000 ns	     38468	80007638	d0061053	fcvt.s.w	f0,x12	 x12:0x00000005  f0=0x40a00000
     384725.000 ns	     38471	8000763c	d004fa53	fcvt.s.w	f20,x9	  x9:0x00010008 f20=0x47800400
     384745.000 ns	     38473	80007640	004fc133	xor	x2,x31,x4	 x31:0x00000196  x4:0x0000078b  x2=0x0000061d
     384755.000 ns	     38474	80007644	a3850893	addi	x17,x10,-1480	 x10:0xc1800000 x17=0xc17ffa38
     384765.000 ns	     38475	80007648	00b46333	or	x6,x8,x11	  x8:0x00000000 x11:0x00000000  x6=0x00000000
     384775.000 ns	     38476	8000764c	410808b3	sub	x17,x16,x16	 x16:0x00000078 x16:0x00000078 x17=0x00000000
     384785.000 ns	     38477	80007650	009a6b33	or	x22,x20,x9	 x20:0xfffffb76  x9:0x00010008 x22=0xfffffb7e
     384825.000 ns	     38481	80007654	00fd1f53	fadd.s	f30,f26,f15	 f26:0xd316cb9d f15:0xc4e84000 f30=0xd316cb9d
     384845.000 ns	     38483	80007658	00e53633	sltu	x12,x10,x14	 x10:0xc1800000 x14:0x800412db x12=0x00000000
     384855.000 ns	     38484	8000765c	35785937	lui	x18,0x35785	 x18=0x35785000
     384875.000 ns	     38486	80007660	a1570153	fle.s	x2,f14,f21	 f14:0x4ddfca00 f21:0xff800000  x2=0x00000000
     384895.000 ns	     38488	80007664	cccbb293	sltiu	x5,x23,-820	 x23:0x80000000  x5=0x00000001
     384905.000 ns	     38489	80007668	bc05e037	lui	x0,0xbc05e	
     384925.000 ns	     38491	8000766c	208008d3	fsgnj.s	f17,f0,f8	  f0:0x40a00000  f8:0x41997131 f17=0x40a00000
     384945.000 ns	     38493	80007670	61ee6797	auipc	x15,0x61ee6	 x15=0xe1eed670
     384955.000 ns	     38494	80007674	41d757b3	sra	x15,x14,x29	 x14:0x800412db x29:0x00000000 x15=0x800412db
     384975.000 ns	     38496	80007678	c016c1d3	fcvt.wu.s	x3,f13	 f13:0xbfb8f644  x3=0x00000001
     385005.000 ns	     38499	8000767c	a06721d3	feq.s	x3,f14,f6	 f14:0x4ddfca00  f6:0xbfb8f644  x3=0x00000000
     385035.000 ns	     38502	80007680	d0138753	fcvt.s.wu	f14,x7	  x7:0x00000000 f14=0x00000000
     385075.000 ns	     38506	80007684	19873153	fdiv.s	f2,f14,f24	 f14:0x4ddfca00 f24:0x00000000  f2=0x7fc00000
     385105.000 ns	     38509	80007688	03929a33	mulh	x20,x5,x25	  x5:0x00000001 x25:0x00000000 x20=0x00000000
     385125.000 ns	     38511	8000768c	40d85893	srai	x17,x16,0xd	 x16:0x00000078 x17=0x00000000
     385145.000 ns	     38513	80007690	20311a53	fsgnjn.s	f20,f2,f3	  f2:0x7fc00000  f3:0x00000000 f20=0xffc00000
     385175.000 ns	     38516	80007694	205f14d3	fsgnjn.s	f9,f30,f5	 f30:0xd316cb9d  f5:0x00000000  f9=0xd316cb9d
     385195.000 ns	     38518	80007698	018bf0b3	and	x1,x23,x24	 x23:0x80000000 x24:0x00000001  x1=0x00000000
     385205.000 ns	     38519	8000769c	07858f93	addi	x31,x11,120	 x11:0x00000000 x31=0x00000078
     385245.000 ns	     38523	800076a0	084f9053	fsub.s	f0,f31,f4	 f31:0xcd79323e  f4:0x3f7fffae  f0=0xcd79323e
     385275.000 ns	     38526	800076a4	f00882d3	fmv.w.x	f5,x17	 x17:0x00000000  f5=0x00000000
     385295.000 ns	     38528	800076a8	001b5433	srl	x8,x22,x1	 x22:0xfffffb7e  x1:0x00000000  x8=0xfffffb7e
     385315.000 ns	     38530	800076ac	21c295d3	fsgnjn.s	f11,f5,f28	  f5:0x00000000 f28:0xd316cb9d f11=0x00000000
     385685.000 ns	     38567	800076b0	03f661b3	rem	x3,x12,x31	 x12:0x00000000 x31:0x00000078  x3=0x00000000
     385705.000 ns	     38569	800076b4	39c752b7	lui	x5,0x39c75	  x5=0x39c75000
     385715.000 ns	     38570	800076b8	4035eb13	ori	x22,x11,1027	 x11:0x00000000 x22=0x00000403
     385755.000 ns	     38574	800076bc	0103f753	fadd.s	f14,f7,f16	  f7:0x80000000 f16:0x7f800000 f14=0x7f800000
     385775.000 ns	     38576	800076c0	00079493	slli	x9,x15,0x0	 x15:0x800412db  x9=0x800412db
     385805.000 ns	     38579	800076c4	1891bfd3	fdiv.s	f31,f3,f9	  f3:0x00000000  f9:0xd316cb9d f31=0x80000000
     385835.000 ns	     38582	800076c8	21a72bd3	fsgnjx.s	f23,f14,f26	 f14:0x7f800000 f26:0xd316cb9d f23=0xff800000
     385865.000 ns	     38585	800076cc	e00681d3	fmv.x.w	x3,f13	 f13:0xbfb8f644  x3=0xbfb8f644
     385885.000 ns	     38587	800076d0	00acdcb3	srl	x25,x25,x10	 x25:0x00000000 x10:0xc1800000 x25=0x00000000
     385905.000 ns	     38589	800076d4	212995d3	fsgnjn.s	f11,f19,f18	 f19:0x7fc00000 f18:0x50c74fe8 f11=0xffc00000
     385925.000 ns	     38591	800076d8	42cd6713	ori	x14,x26,1068	 x26:0x00000039 x14=0x0000043d
     386285.000 ns	     38627	800076dc	03025fb3	divu	x31,x4,x16	  x4:0x0000078b x16:0x00000078 x31=0x00000010
     386655.000 ns	     38664	800076e0	038971b3	remu	x3,x18,x24	 x18:0x35785000 x24:0x00000001  x3=0x00000000
     386675.000 ns	     38666	800076e4	8f097793	andi	x15,x18,-1808	 x18:0x35785000 x15=0x35785000
     386685.000 ns	     38667	800076e8	013db433	sltu	x8,x27,x19	 x27:0x00000000 x19:0x80041024  x8=0x00000001
     386695.000 ns	     38668	800076ec	40a353b3	sra	x7,x6,x10	  x6:0x00000000 x10:0xc1800000  x7=0x00000000
     386705.000 ns	     38669	800076f0	6b2457b7	lui	x15,0x6b245	 x15=0x6b245000
     386715.000 ns	     38670	800076f4	007f5833	srl	x16,x30,x7	 x30:0x00000000  x7:0x00000000 x16=0x00000000
     386725.000 ns	     38671	800076f8	00000013	addi	x0,x0,0	  x0:0x00000000
     386735.000 ns	     38672	800076fc	41e3da33	sra	x20,x7,x30	  x7:0x00000000 x30:0x00000000 x20=0x00000000
     386755.000 ns	     38674	80007700	a1321353	flt.s	x6,f4,f19	  f4:0x3f7fffae f19:0x7fc00000  x6=0x00000000
     386785.000 ns	     38677	80007704	023848b3	div	x17,x16,x3	 x16:0x00000000  x3:0x00000000 x17=0xffffffff
     386815.000 ns	     38680	80007708	29d613d3	fmax.s	f7,f12,f29	 f12:0x7f800000 f29:0x00000000  f7=0x7f800000
     386835.000 ns	     38682	8000770c	00000013	addi	x0,x0,0	  x0:0x00000000
     386845.000 ns	     38683	80007710	009a1033	sll	x0,x20,x9	 x20:0x00000000  x9:0x800412db
     386865.000 ns	     38685	80007714	a1050153	fle.s	x2,f10,f16	 f10:0x4d7931ee f16:0x7f800000  x2=0x00000001
     386885.000 ns	     38687	80007718	4fb6bf97	auipc	x31,0x4fb6b	 x31=0xcfb72718
     386895.000 ns	     38688	8000771c	01db4793	xori	x15,x22,29	 x22:0x00000403 x15=0x0000041e
     386905.000 ns	     38689	80007720	00000013	addi	x0,x0,0	  x0:0x00000000
     386925.000 ns	     38691	80007724	02e530b3	mulhu	x1,x10,x14	 x10:0xc1800000 x14:0x0000043d  x1=0x00000334
     386955.000 ns	     38694	80007728	03033133	mulhu	x2,x6,x16	  x6:0x00000000 x16:0x00000000  x2=0x00000000
     386985.000 ns	     38697	8000772c	a0e88a53	fle.s	x20,f17,f14	 f17:0x40a00000 f14:0x7f800000 x20=0x00000001
     387015.000 ns	     38700	80007730	28759053	fmax.s	f0,f11,f7	 f11:0xffc00000  f7:0x7f800000  f0=0x7f800000
     387035.000 ns	     38702	80007734	daf44893	xori	x17,x8,-593	  x8:0x00000001 x17=0xfffffdae
     387055.000 ns	     38704	80007738	a1e91dd3	flt.s	x27,f18,f30	 f18:0x50c74fe8 f30:0xd316cb9d x27=0x00000000
     387085.000 ns	     38707	8000773c	21ee0e53	fsgnj.s	f28,f28,f30	 f28:0xd316cb9d f30:0xd316cb9d f28=0xd316cb9d
     387105.000 ns	     38709	80007740	005c9913	slli	x18,x25,0x5	 x25:0x00000000 x18=0x00000000
     387125.000 ns	     38711	80007744	02bc5533	divu	x10,x24,x11	 x24:0x00000001 x11:0x00000000 x10=0xffffffff
     387145.000 ns	     38713	80007748	00000013	addi	x0,x0,0	  x0:0x00000000
     387165.000 ns	     38715	8000774c	c01a70d3	fcvt.wu.s	x1,f20	 f20:0xffc00000  x1=0xffffffff
     387185.000 ns	     38717	80007750	00000013	addi	x0,x0,0	  x0:0x00000000
     387205.000 ns	     38719	80007754	281395d3	fmax.s	f11,f7,f1	  f7:0x7f800000  f1:0xbf7fffae f11=0x7f800000
     387235.000 ns	     38722	80007758	d008f8d3	fcvt.s.w	f17,x17	 x17:0xfffffdae f17=0xc4148000
     387265.000 ns	     38725	8000775c	e00d8153	fmv.x.w	x2,f27	 f27:0xfffffaae  x2=0xfffffaae
     387315.000 ns	     38730	80007760	01527153	fadd.s	f2,f4,f21	  f4:0x3f7fffae f21:0xff800000  f2=0xff800000
     387335.000 ns	     38732	80007764	004db1b3	sltu	x3,x27,x4	 x27:0x00000000  x4:0x0000078b  x3=0x00000001
     387355.000 ns	     38734	80007768	03cc8633	mul	x12,x25,x28	 x25:0x00000000 x28:0x80040fe4 x12=0x00000000
     387405.000 ns	     38739	8000776c	004af153	fadd.s	f2,f21,f4	 f21:0xff800000  f4:0x3f7fffae  f2=0xff800000
     387425.000 ns	     38741	80007770	011c9293	slli	x5,x25,0x11	 x25:0x00000000  x5=0x00000000
     387435.000 ns	     38742	80007774	015f3933	sltu	x18,x30,x21	 x30:0x00000000 x21:0x00000000 x18=0x00000000
     387795.000 ns	     38778	80007778	0382c633	div	x12,x5,x24	  x5:0x39c75000 x24:0x00000001 x12=0x00000000
     387825.000 ns	     38781	8000777c	a0af2c53	feq.s	x24,f30,f10	 f30:0xd316cb9d f10:0x4d7931ee x24=0x00000000
     387855.000 ns	     38784	80007780	0387bc33	mulhu	x24,x15,x24	 x15:0x0000041e x24:0x00000001 x24=0x00000000
     387875.000 ns	     38786	80007784	40b758b3	sra	x17,x14,x11	 x14:0x0000043d x11:0x00000000 x17=0x0000043d
     387885.000 ns	     38787	80007788	40150a33	sub	x20,x10,x1	 x10:0xffffffff  x1:0xffffffff x20=0x00000000
     387905.000 ns	     38789	8000778c	21398653	fsgnj.s	f12,f19,f19	 f19:0x7fc00000 f19:0x7fc00000 f12=0x7fc00000
     387935.000 ns	     38792	80007790	c0142fd3	fcvt.wu.s	x31,f8	  f8:0x41997131 x31=0x00000014
     388305.000 ns	     38829	80007794	02a67033	remu	x0,x12,x10	 x12:0x00000000 x10:0xffffffff
     388335.000 ns	     38832	80007798	292e9f53	fmax.s	f30,f29,f18	 f29:0x00000000 f18:0x50c74fe8 f30=0x50c74fe8
     388365.000 ns	     38835	8000779c	d00a7c53	fcvt.s.w	f24,x20	 x20:0x00000000 f24=0x00000000
     388385.000 ns	     38837	800077a0	001f6533	or	x10,x30,x1	 x30:0x00000000  x1:0xffffffff x10=0xffffffff
     388395.000 ns	     38838	800077a4	00b01c33	sll	x24,x0,x11	  x0:0x00000000 x11:0x00000000 x24=0x00000000
     388405.000 ns	     38839	800077a8	0029f5b3	and	x11,x19,x2	 x19:0x80041024  x2:0xfffffaae x11=0x80041024
     388425.000 ns	     38841	800077ac	e0088fd3	fmv.x.w	x31,f17	 f17:0xc4148000 x31=0xc4148000
     388445.000 ns	     38843	800077b0	40250ab3	sub	x21,x10,x2	 x10:0xffffffff  x2:0xfffffaae x21=0x00000551
     388475.000 ns	     38846	800077b4	58048f53	fsqrt.s	f30,f9	  f9:0xd316cb9d f30=0x7fc00000
     388505.000 ns	     38849	800077b8	03463033	mulhu	x0,x12,x20	 x12:0x00000000 x20:0x00000000
     388525.000 ns	     38851	800077bc	019b08b3	add	x17,x22,x25	 x22:0x00000403 x25:0x00000000 x17=0x00000403
     388885.000 ns	     38887	800077c0	0379fab3	remu	x21,x19,x23	 x19:0x80041024 x23:0x80000000 x21=0x00041024
     388905.000 ns	     38889	800077c4	013b7f33	and	x30,x22,x19	 x22:0x00000403 x19:0x80041024 x30=0x00000000
     388915.000 ns	     38890	800077c8	011b71b3	and	x3,x22,x17	 x22:0x00000403 x17:0x00000403  x3=0x00000403
     388945.000 ns	     38893	800077cc	182bf753	fdiv.s	f14,f23,f2	 f23:0xff800000  f2:0xff800000 f14=0x7fc00000
     388995.000 ns	     38898	800077d0	01d8f9d3	fadd.s	f19,f17,f29	 f17:0xc4148000 f29:0x00000000 f19=0xc4148000
     389365.000 ns	     38935	800077d4	02e06033	rem	x0,x0,x14	  x0:0x00000000 x14:0x0000043d
     389405.000 ns	     38939	800077d8	189df7d3	fdiv.s	f15,f27,f9	 f27:0xfffffaae  f9:0xd316cb9d f15=0x7fc00000
     389425.000 ns	     38941	800077dc	00000013	addi	x0,x0,0	  x0:0x00000000
     389785.000 ns	     38977	800077e0	035a56b3	divu	x13,x20,x21	 x20:0x00000000 x21:0x00041024 x13=0x00000000
     389805.000 ns	     38979	800077e4	01c21eb3	sll	x29,x4,x28	  x4:0x0000078b x28:0x80040fe4 x29=0x000078b0
     389825.000 ns	     38981	800077e8	030093b3	mulh	x7,x1,x16	  x1:0xffffffff x16:0x00000000  x7=0x00000000
     389865.000 ns	     38985	800077ec	1155cd53	fmul.s	f26,f11,f21	 f11:0x7f800000 f21:0xff800000 f26=0xff800000
     389895.000 ns	     38988	800077f0	02fa1c33	mulh	x24,x20,x15	 x20:0x00000000 x15:0x0000041e x24=0x00000000
     389945.000 ns	     38993	800077f4	08628553	fsub.s	f10,f5,f6	  f5:0x00000000  f6:0xbfb8f644 f10=0x3fb8f644
     389965.000 ns	     38995	800077f8	00569493	slli	x9,x13,0x5	 x13:0x00000000  x9=0x00000000
     390005.000 ns	     38999	800077fc	081571d3	fsub.s	f3,f10,f1	 f10:0x3fb8f644  f1:0xbf7fffae  f3=0x401c7b0d
     390025.000 ns	     39001	80007800	01831113	slli	x2,x6,0x18	  x6:0x00000000  x2=0x00000000
     390045.000 ns	     39003	80007804	03febf33	mulhu	x30,x29,x31	 x29:0x000078b0 x31:0xc4148000 x30=0x00005c70
     390065.000 ns	     39005	80007808	00000013	addi	x0,x0,0	  x0:0x00000000
     390085.000 ns	     39007	8000780c	0253a933	mulhsu	x18,x7,x5	  x7:0x00000000  x5:0x00000000 x18=0x00000000
     390115.000 ns	     39010	80007810	20ab83d3	fsgnj.s	f7,f23,f10	 f23:0xff800000 f10:0x3fb8f644  f7=0x7f800000
     390135.000 ns	     39012	80007814	00000013	addi	x0,x0,0	  x0:0x00000000
     390145.000 ns	     39013	80007818	01ddf733	and	x14,x27,x29	 x27:0x00000000 x29:0x000078b0 x14=0x00000000
     390155.000 ns	     39014	8000781c	01fbc2b3	xor	x5,x23,x31	 x23:0x80000000 x31:0xc4148000  x5=0x44148000
     390485.000 ns	     39047	80007820	183cfed3	fdiv.s	f29,f25,f3	 f25:0x3fb8f644  f3:0x401c7b0d f29=0x3ef1aa7c
     390505.000 ns	     39049	80007824	21f9b513	sltiu	x10,x19,543	 x19:0x80041024 x10=0x00000000
     390525.000 ns	     39051	80007828	e00e08d3	fmv.x.w	x17,f28	 f28:0xd316cb9d x17=0xd316cb9d
     390545.000 ns	     39053	8000782c	001f2533	slt	x10,x30,x1	 x30:0x00005c70  x1:0xffffffff x10=0x00000000
     390565.000 ns	     39055	80007830	026382b3	mul	x5,x7,x6	  x7:0x00000000  x6:0x00000000  x5=0x00000000
     390585.000 ns	     39057	80007834	c8997f93	andi	x31,x18,-887	 x18:0x00000000 x31=0x00000000
     390615.000 ns	     39060	80007838	58074c53	fsqrt.s	f24,f14	 f14:0x7fc00000 f24=0x7fc00000
     390645.000 ns	     39063	8000783c	290a86d3	fmin.s	f13,f21,f16	 f21:0xff800000 f16:0x7f800000 f13=0xff800000
     390685.000 ns	     39067	80007840	1992c6d3	fdiv.s	f13,f5,f25	  f5:0x00000000 f25:0x3fb8f644 f13=0x00000000
     390705.000 ns	     39069	80007844	7ae37617	auipc	x12,0x7ae37	 x12=0xfae3e844
     390715.000 ns	     39070	80007848	013682b3	add	x5,x13,x19	 x13:0x00000000 x19:0x80041024  x5=0x80041024
     390725.000 ns	     39071	8000784c	00a83133	sltu	x2,x16,x10	 x16:0x00000000 x10:0x00000000  x2=0x00000000
     390735.000 ns	     39072	80007850	007d5c33	srl	x24,x26,x7	 x26:0x00000039  x7:0x00000000 x24=0x00000039
     391095.000 ns	     39108	80007854	03376ab3	rem	x21,x14,x19	 x14:0x00000000 x19:0x80041024 x21=0x00000000
     391115.000 ns	     39110	80007858	a759ce93	xori	x29,x19,-1419	 x19:0x80041024 x29=0x7ffbea51
     391155.000 ns	     39114	8000785c	008075d3	fadd.s	f11,f0,f8	  f0:0x7f800000  f8:0x41997131 f11=0x7f800000
     391185.000 ns	     39117	80007860	c016fad3	fcvt.wu.s	x21,f13	 f13:0x00000000 x21=0x00000000
     391215.000 ns	     39120	80007864	29249ed3	fmax.s	f29,f9,f18	  f9:0xd316cb9d f18:0x50c74fe8 f29=0x50c74fe8
     391245.000 ns	     39123	80007868	026b6ab3	rem	x21,x22,x6	 x22:0x00000403  x6:0x00000000 x21=0x00000403
     391275.000 ns	     39126	8000786c	a10c00d3	fle.s	x1,f24,f16	 f24:0x7fc00000 f16:0x7f800000  x1=0x00000000
     391295.000 ns	     39128	80007870	00bcc8b3	xor	x17,x25,x11	 x25:0x00000000 x11:0x80041024 x17=0x80041024
     391305.000 ns	     39129	80007874	90d7a913	slti	x18,x15,-1779	 x15:0x0000041e x18=0x00000000
     391335.000 ns	     39132	80007878	18b571d3	fdiv.s	f3,f10,f11	 f10:0x3fb8f644 f11:0x7f800000  f3=0x00000000
     391355.000 ns	     39134	8000787c	011c0133	add	x2,x24,x17	 x24:0x00000039 x17:0x80041024  x2=0x8004105d
     391375.000 ns	     39136	80007880	21568253	fsgnj.s	f4,f13,f21	 f13:0x00000000 f21:0xff800000  f4=0x80000000
     391395.000 ns	     39138	80007884	40c85893	srai	x17,x16,0xc	 x16:0x00000000 x17=0x00000000
     391425.000 ns	     39141	80007888	5806fd53	fsqrt.s	f26,f13	 f13:0x00000000 f26=0x00000000
     391455.000 ns	     39144	8000788c	020b7033	remu	x0,x22,x0	 x22:0x00000403  x0:0x00000000
     391825.000 ns	     39181	80007890	03def033	remu	x0,x29,x29	 x29:0x7ffbea51 x29:0x7ffbea51
     391845.000 ns	     39183	80007894	416784b3	sub	x9,x15,x22	 x15:0x0000041e x22:0x00000403  x9=0x0000001b
     391865.000 ns	     39185	80007898	e0061cd3	fclass.s	x25,f12	 f12:0x7fc00000 x25=0x00000200
     391895.000 ns	     39188	8000789c	030611b3	mulh	x3,x12,x16	 x12:0xfae3e844 x16:0x00000000  x3=0x00000000
     391915.000 ns	     39190	800078a0	2f1b3917	auipc	x18,0x2f1b3	 x18=0xaf1ba8a0
     391935.000 ns	     39192	800078a4	d01af453	fcvt.s.wu	f8,x21	 x21:0x00000403  f8=0x44806000
     391965.000 ns	     39195	800078a8	025a8eb3	mul	x29,x21,x5	 x21:0x00000403  x5:0x80041024 x29=0x904cc06c
     391985.000 ns	     39197	800078ac	00a322b3	slt	x5,x6,x10	  x6:0x00000000 x10:0x00000000  x5=0x00000000
     392005.000 ns	     39199	800078b0	d01e95d3	fcvt.s.wu	f11,x29	 x29:0x904cc06c f11=0x4f104cc0
     392025.000 ns	     39201	800078b4	011b40b3	xor	x1,x22,x17	 x22:0x00000403 x17:0x00000000  x1=0x00000403
     392035.000 ns	     39202	800078b8	41db54b3	sra	x9,x22,x29	 x22:0x00000403 x29:0x904cc06c  x9=0x00000000
     392045.000 ns	     39203	800078bc	003afcb3	and	x25,x21,x3	 x21:0x00000403  x3:0x00000000 x25=0x00000000
     392065.000 ns	     39205	800078c0	024b3c33	mulhu	x24,x22,x4	 x22:0x00000403  x4:0x0000078b x24=0x00000000
     392095.000 ns	     39208	800078c4	28c80fd3	fmin.s	f31,f16,f12	 f16:0x7f800000 f12:0x7fc00000 f31=0x7f800000
     392125.000 ns	     39211	800078c8	206b0bd3	fsgnj.s	f23,f22,f6	 f22:0xc1800000  f6:0xbfb8f644 f23=0xc1800000
     392155.000 ns	     39214	800078cc	02794eb3	div	x29,x18,x7	 x18:0xaf1ba8a0  x7:0x00000000 x29=0xffffffff
     392175.000 ns	     39216	800078d0	0042eab3	or	x21,x5,x4	  x5:0x00000000  x4:0x0000078b x21=0x0000078b
     392535.000 ns	     39252	800078d4	02194633	div	x12,x18,x1	 x18:0xaf1ba8a0  x1:0x00000403 x12=0xffebd60a
     392565.000 ns	     39255	800078d8	0254a233	mulhsu	x4,x9,x5	  x9:0x00000000  x5:0x00000000  x4=0x00000000
     392595.000 ns	     39258	800078dc	20b224d3	fsgnjx.s	f9,f4,f11	  f4:0x80000000 f11:0x4f104cc0  f9=0x80000000
     392625.000 ns	     39261	800078e0	f00687d3	fmv.w.x	f15,x13	 x13:0x00000000 f15=0x00000000
     392675.000 ns	     39266	800078e4	08437b53	fsub.s	f22,f6,f4	  f6:0xbfb8f644  f4:0x80000000 f22=0xbfb8f644
     392705.000 ns	     39269	800078e8	027ac233	div	x4,x21,x7	 x21:0x0000078b  x7:0x00000000  x4=0xffffffff
     392735.000 ns	     39272	800078ec	02ea6f33	rem	x30,x20,x14	 x20:0x00000000 x14:0x00000000 x30=0x00000000
     392755.000 ns	     39274	800078f0	41250d33	sub	x26,x10,x18	 x10:0x00000000 x18:0xaf1ba8a0 x26=0x50e45760
     392765.000 ns	     39275	800078f4	00000013	addi	x0,x0,0	  x0:0x00000000
     392775.000 ns	     39276	800078f8	01ca0eb3	add	x29,x20,x28	 x20:0x00000000 x28:0x80040fe4 x29=0x80040fe4
     392795.000 ns	     39278	800078fc	03d80433	mul	x8,x16,x29	 x16:0x00000000 x29:0xffffffff  x8=0x00000000
     392825.000 ns	     39281	80007900	026ee8b3	rem	x17,x29,x6	 x29:0xffffffff  x6:0x00000000 x17=0x80040fe4
     392845.000 ns	     39283	80007904	015e5833	srl	x16,x28,x21	 x28:0x80040fe4 x21:0x0000078b x16=0x00100081
     392855.000 ns	     39284	80007908	00fa5eb3	srl	x29,x20,x15	 x20:0x00000000 x15:0x0000041e x29=0x00000000
     392865.000 ns	     39285	8000790c	01c55793	srli	x15,x10,0x1c	 x10:0x00000000 x15=0x00000000
     392875.000 ns	     39286	80007910	15183217	auipc	x4,0x15183	  x4=0x9518a910
     392895.000 ns	     39288	80007914	e0011253	fclass.s	x4,f2	  f2:0xff800000  x4=0x00000001
     392915.000 ns	     39290	80007918	41840db3	sub	x27,x8,x24	  x8:0x00000000 x24:0x00000000 x27=0x00000000
     392925.000 ns	     39291	8000791c	00e5d113	srli	x2,x11,0xe	 x11:0x80041024  x2=0x00020010
     392935.000 ns	     39292	80007920	aa263893	sltiu	x17,x12,-1374	 x12:0xffebd60a x17=0x00000001
     392965.000 ns	     39295	80007924	1054f853	fmul.s	f16,f9,f5	  f9:0x80000000  f5:0x00000000 f16=0x80000000
     392985.000 ns	     39297	80007928	40890d33	sub	x26,x18,x8	 x18:0xaf1ba8a0  x8:0x00000000 x26=0xaf1ba8a0
     392995.000 ns	     39298	8000792c	01f71913	slli	x18,x14,0x1f	 x14:0x00000000 x18=0x00000000
     393005.000 ns	     39299	80007930	ce315737	lui	x14,0xce315	 x14=0xce315000
     393015.000 ns	     39300	80007934	492dc493	xori	x9,x27,1170	 x27:0x00000000  x9=0x00000492
     393025.000 ns	     39301	80007938	01e14fb3	xor	x31,x2,x30	  x2:0x00020010 x30:0x00000000 x31=0x00020010
     393035.000 ns	     39302	8000793c	01b95b13	srli	x22,x18,0x1b	 x18:0x00000000 x22=0x00000000
     393055.000 ns	     39304	80007940	28579053	fmax.s	f0,f15,f5	 f15:0x00000000  f5:0x00000000  f0=0x00000000
     393425.000 ns	     39341	80007944	03715a33	divu	x20,x2,x23	  x2:0x00020010 x23:0x80000000 x20=0x00000000
     393445.000 ns	     39343	80007948	bdaa3393	sltiu	x7,x20,-1062	 x20:0x00000000  x7=0x00000001
     393465.000 ns	     39345	8000794c	029a15b3	mulh	x11,x20,x9	 x20:0x00000000  x9:0x00000492 x11=0x00000000
     393485.000 ns	     39347	80007950	406cdc93	srai	x25,x25,0x6	 x25:0x00000000 x25=0x00000000
     393505.000 ns	     39349	80007954	20e515d3	fsgnjn.s	f11,f10,f14	 f10:0x3fb8f644 f14:0x7fc00000 f11=0xbfb8f644
     393545.000 ns	     39353	80007958	19762e53	fdiv.s	f28,f12,f23	 f12:0x7fc00000 f23:0xc1800000 f28=0x7fc00000
     393565.000 ns	     39355	8000795c	40bcd4b3	sra	x9,x25,x11	 x25:0x00000000 x11:0x00000000  x9=0x00000000
     393575.000 ns	     39356	80007960	01e3d633	srl	x12,x7,x30	  x7:0x00000001 x30:0x00000000 x12=0x00000001
     393595.000 ns	     39358	80007964	f00f8953	fmv.w.x	f18,x31	 x31:0x00020010 f18=0x00020010
     393645.000 ns	     39363	80007968	00644d53	fadd.s	f26,f8,f6	  f8:0x44806000  f6:0xbfb8f644 f26=0x448031c2
     393665.000 ns	     39365	8000796c	00d296b3	sll	x13,x5,x13	  x5:0x00000000 x13:0x00000000 x13=0x00000000
     393675.000 ns	     39366	80007970	01a140b3	xor	x1,x2,x26	  x2:0x00020010 x26:0xaf1ba8a0  x1=0xaf19a8b0
     393705.000 ns	     39369	80007974	11748053	fmul.s	f0,f9,f23	  f9:0x80000000 f23:0xc1800000  f0=0x00000000
     393735.000 ns	     39372	80007978	e0078753	fmv.x.w	x14,f15	 f15:0x00000000 x14=0x00000000
     393755.000 ns	     39374	8000797c	01bcf833	and	x16,x25,x27	 x25:0x00000000 x27:0x00000000 x16=0x00000000
     393795.000 ns	     39378	80007980	00b60153	fadd.s	f2,f12,f11	 f12:0x7fc00000 f11:0xbfb8f644  f2=0x7fc00000
     393815.000 ns	     39380	80007984	0160c8b3	xor	x17,x1,x22	  x1:0xaf19a8b0 x22:0x00000000 x17=0xaf19a8b0
     393825.000 ns	     39381	80007988	006da7b3	slt	x15,x27,x6	 x27:0x00000000  x6:0x00000000 x15=0x00000000
     393855.000 ns	     39384	8000798c	108f7a53	fmul.s	f20,f30,f8	 f30:0x7fc00000  f8:0x44806000 f20=0x7fc00000
     393885.000 ns	     39387	80007990	21fd1bd3	fsgnjn.s	f23,f26,f31	 f26:0x448031c2 f31:0x7f800000 f23=0xc48031c2
     393905.000 ns	     39389	80007994	012e34b3	sltu	x9,x28,x18	 x28:0x80040fe4 x18:0x00000000  x9=0x00000000
     393925.000 ns	     39391	80007998	c00b9b53	fcvt.w.s	x22,f23	 f23:0xc48031c2 x22=0xfffffbff
     393955.000 ns	     39394	8000799c	a10da253	feq.s	x4,f27,f16	 f27:0xfffffaae f16:0x80000000  x4=0x00000000
     393985.000 ns	     39397	800079a0	0392d0b3	divu	x1,x5,x25	  x5:0x00000000 x25:0x00000000  x1=0xffffffff
     394005.000 ns	     39399	800079a4	01ccafb3	slt	x31,x25,x28	 x25:0x00000000 x28:0x80040fe4 x31=0x00000000
     394015.000 ns	     39400	800079a8	b1bb8237	lui	x4,0xb1bb8	  x4=0xb1bb8000
     394035.000 ns	     39402	800079ac	218285d3	fsgnj.s	f11,f5,f24	  f5:0x00000000 f24:0x7fc00000 f11=0x00000000
     394065.000 ns	     39405	800079b0	20bc9253	fsgnjn.s	f4,f25,f11	 f25:0x3fb8f644 f11:0xbfb8f644  f4=0xbfb8f644
     394085.000 ns	     39407	800079b4	00b70a33	add	x20,x14,x11	 x14:0x00000000 x11:0x00000000 x20=0x00000000
     394095.000 ns	     39408	800079b8	1e133493	sltiu	x9,x6,481	  x6:0x00000000  x9=0x00000001
     394115.000 ns	     39410	800079bc	03351633	mulh	x12,x10,x19	 x10:0x00000000 x19:0x80041024 x12=0x00000000
     394135.000 ns	     39412	800079c0	01cfb633	sltu	x12,x31,x28	 x31:0x00000000 x28:0x80040fe4 x12=0x00000001
     394155.000 ns	     39414	800079c4	e0001153	fclass.s	x2,f0	  f0:0x00000000  x2=0x00000010
     394185.000 ns	     39417	800079c8	e0080ed3	fmv.x.w	x29,f16	 f16:0x80000000 x29=0x80000000
     394205.000 ns	     39419	800079cc	fbdae413	ori	x8,x21,-67	 x21:0x0000078b  x8=0xffffffbf
     394225.000 ns	     39421	800079d0	02aa4fb3	div	x31,x20,x10	 x20:0x00000000 x10:0x00000000 x31=0xffffffff
     394245.000 ns	     39423	800079d4	5448a313	slti	x6,x17,1348	 x17:0xaf19a8b0  x6=0x00000001
     394285.000 ns	     39427	800079d8	096ef053	fsub.s	f0,f29,f22	 f29:0x50c74fe8 f22:0xbfb8f644  f0=0x50c74fe8
     394305.000 ns	     39429	800079dc	00c420b3	slt	x1,x8,x12	  x8:0xffffffbf x12:0x00000001  x1=0x00000001
     394325.000 ns	     39431	800079e0	03bda333	mulhsu	x6,x27,x27	 x27:0x00000000 x27:0x00000000  x6=0x00000000
     394345.000 ns	     39433	800079e4	008c3533	sltu	x10,x24,x8	 x24:0x00000000  x8:0xffffffbf x10=0x00000001
     394365.000 ns	     39435	800079e8	d01f2353	fcvt.s.wu	f6,x30	 x30:0x00000000  f6=0x00000000
     394385.000 ns	     39437	800079ec	82366313	ori	x6,x12,-2013	 x12:0x00000001  x6=0xfffff823
     394395.000 ns	     39438	800079f0	00080233	add	x4,x16,x0	 x16:0x00000000  x0:0x00000000  x4=0x00000000
     394415.000 ns	     39440	800079f4	02e3cf33	div	x30,x7,x14	  x7:0x00000001 x14:0x00000000 x30=0xffffffff
     394445.000 ns	     39443	800079f8	024d2fb3	mulhsu	x31,x26,x4	 x26:0xaf1ba8a0  x4:0xb1bb8000 x31=0x00000000
     394475.000 ns	     39446	800079fc	02fdd0b3	divu	x1,x27,x15	 x27:0x00000000 x15:0x00000000  x1=0xffffffff
     394505.000 ns	     39449	80007a00	d0041253	fcvt.s.w	f4,x8	  x8:0xffffffbf  f4=0xc2820000
     394545.000 ns	     39453	80007a04	18d97e53	fdiv.s	f28,f18,f13	 f18:0x00020010 f13:0x00000000 f28=0x7f800000
     395725.000 ns	     39571	80007a08	580570d3	fsqrt.s	f1,f10	 f10:0x3fb8f644  f1=0x3f99ddf8
     395745.000 ns	     39573	80007a0c	409301b3	sub	x3,x6,x9	  x6:0xfffff823  x9:0x00000001  x3=0xfffff822
     395785.000 ns	     39577	80007a10	01ec74d3	fadd.s	f9,f24,f30	 f24:0x7fc00000 f30:0x7fc00000  f9=0x7fc00000
     396155.000 ns	     39614	80007a14	0333d1b3	divu	x3,x7,x19	  x7:0x00000001 x19:0x80041024  x3=0x00000000
     396175.000 ns	     39616	80007a18	bc29be93	sltiu	x29,x19,-1086	 x19:0x80041024 x29=0x00000001
     396185.000 ns	     39617	80007a1c	41db8a33	sub	x20,x23,x29	 x23:0x80000000 x29:0x80000000 x20=0x7fffffff
     396205.000 ns	     39619	80007a20	029324b3	mulhsu	x9,x6,x9	  x6:0xfffff823  x9:0x00000001  x9=0xffffffff
     396235.000 ns	     39622	80007a24	02642ab3	mulhsu	x21,x8,x6	  x8:0xffffffbf  x6:0xfffff823 x21=0xffffffbf
     396255.000 ns	     39624	80007a28	0142e2b3	or	x5,x5,x20	  x5:0x00000000 x20:0x7fffffff  x5=0x7fffffff
     396295.000 ns	     39628	80007a2c	0033fbd3	fadd.s	f23,f7,f3	  f7:0x7f800000  f3:0x00000000 f23=0x7f800000
     396325.000 ns	     39631	80007a30	03bcb4b3	mulhu	x9,x25,x27	 x25:0x00000000 x27:0x00000000  x9=0x00000000
     396345.000 ns	     39633	80007a34	1fa5a117	auipc	x2,0x1fa5a	  x2=0x9fa61a34
     396355.000 ns	     39634	80007a38	fb69ab13	slti	x22,x19,-74	 x19:0x80041024 x22=0x00000001
     396375.000 ns	     39636	80007a3c	280e0cd3	fmin.s	f25,f28,f0	 f28:0x7f800000  f0:0x50c74fe8 f25=0x50c74fe8
     396405.000 ns	     39639	80007a40	28939ed3	fmax.s	f29,f7,f9	  f7:0x7f800000  f9:0x7fc00000 f29=0x7f800000
     396425.000 ns	     39641	80007a44	96b0e813	ori	x16,x1,-1685	  x1:0xffffffff x16=0xffffffff
     396435.000 ns	     39642	80007a48	014ddcb3	srl	x25,x27,x20	 x27:0x00000000 x20:0x7fffffff x25=0x00000000
     396455.000 ns	     39644	80007a4c	03bbe533	rem	x10,x23,x27	 x23:0x80000000 x27:0x00000000 x10=0x80000000
     396475.000 ns	     39646	80007a50	418f5a13	srai	x20,x30,0x18	 x30:0xffffffff x20=0xffffffff
     396485.000 ns	     39647	80007a54	4003dd13	srai	x26,x7,0x0	  x7:0x00000001 x26=0x00000001
     396525.000 ns	     39651	80007a58	08ce07d3	fsub.s	f15,f28,f12	 f28:0x7f800000 f12:0x7fc00000 f15=0x7fc00000
     396545.000 ns	     39653	80007a5c	41885933	sra	x18,x16,x24	 x16:0xffffffff x24:0x00000000 x18=0xffffffff
     396555.000 ns	     39654	80007a60	faac2937	lui	x18,0xfaac2	 x18=0xfaac2000
     396575.000 ns	     39656	80007a64	200cab53	fsgnjx.s	f22,f25,f0	 f25:0x50c74fe8  f0:0x50c74fe8 f22=0x50c74fe8
     396595.000 ns	     39658	80007a68	00c0d833	srl	x16,x1,x12	  x1:0xffffffff x12:0x00000001 x16=0x7fffffff
     396605.000 ns	     39659	80007a6c	023c8d13	addi	x26,x25,35	 x25:0x00000000 x26=0x00000023
     396615.000 ns	     39660	80007a70	01cdad33	slt	x26,x27,x28	 x27:0x00000000 x28:0x80040fe4 x26=0x00000000
     396655.000 ns	     39664	80007a74	00f0f1d3	fadd.s	f3,f1,f15	  f1:0x3f99ddf8 f15:0x7fc00000  f3=0x7fc00000
     396685.000 ns	     39667	80007a78	d014fa53	fcvt.s.wu	f20,x9	  x9:0x00000000 f20=0x00000000
     396705.000 ns	     39669	80007a7c	2c2d8417	auipc	x8,0x2c2d8	  x8=0xac2dfa7c
     396715.000 ns	     39670	80007a80	00469233	sll	x4,x13,x4	 x13:0x00000000  x4:0x00000000  x4=0x00000000
     396735.000 ns	     39672	80007a84	e0068553	fmv.x.w	x10,f13	 f13:0x00000000 x10=0x00000000
     396755.000 ns	     39674	80007a88	018b1093	slli	x1,x22,0x18	 x22:0x00000001  x1=0x01000000
     396775.000 ns	     39676	80007a8c	020f5433	divu	x8,x30,x0	 x30:0xffffffff  x0:0x00000000  x8=0xffffffff
     396795.000 ns	     39678	80007a90	0158b3b3	sltu	x7,x17,x21	 x17:0xaf19a8b0 x21:0xffffffbf  x7=0x00000001
     396815.000 ns	     39680	80007a94	02e44eb3	div	x29,x8,x14	  x8:0xffffffff x14:0x00000000 x29=0xffffffff
     396835.000 ns	     39682	80007a98	b04d4813	xori	x16,x26,-1276	 x26:0x00000000 x16=0xfffffb04
     396845.000 ns	     39683	80007a9c	0151da93	srli	x21,x3,0x15	  x3:0x00000000 x21=0x00000000
     396865.000 ns	     39685	80007aa0	02dc40b3	div	x1,x24,x13	 x24:0x00000000 x13:0x00000000  x1=0xffffffff
     397235.000 ns	     39722	80007aa4	02714db3	div	x27,x2,x7	  x2:0x9fa61a34  x7:0x00000001 x27=0x9fa61a34
     397255.000 ns	     39724	80007aa8	00941b13	slli	x22,x8,0x9	  x8:0xffffffff x22=0xfffffe00
     397275.000 ns	     39726	80007aac	20850753	fsgnj.s	f14,f10,f8	 f10:0x3fb8f644  f8:0x44806000 f14=0x3fb8f644
     397295.000 ns	     39728	80007ab0	007688b3	add	x17,x13,x7	 x13:0x00000000  x7:0x00000001 x17=0x00000001
     397315.000 ns	     39730	80007ab4	e00c1253	fclass.s	x4,f24	 f24:0x7fc00000  x4=0x00000200
     397345.000 ns	     39733	80007ab8	d019f153	fcvt.s.wu	f2,x19	 x19:0x80041024  f2=0x4f000410
     397375.000 ns	     39736	80007abc	e00d0a53	fmv.x.w	x20,f26	 f26:0x448031c2 x20=0x448031c2
     397395.000 ns	     39738	80007ac0	017e4fb3	xor	x31,x28,x23	 x28:0x80040fe4 x23:0x80000000 x31=0x00040fe4
     398565.000 ns	     39855	80007ac4	580b32d3	fsqrt.s	f5,f22	 f22:0x50c74fe8  f5=0x481fb97e
     398585.000 ns	     39857	80007ac8	e896bc93	sltiu	x25,x13,-375	 x13:0x00000000 x25=0x00000001
     398605.000 ns	     39859	80007acc	035bf1b3	remu	x3,x23,x21	 x23:0x80000000 x21:0x00000000  x3=0x80000000
     398625.000 ns	     39861	80007ad0	42554a93	xori	x21,x10,1061	 x10:0x00000000 x21=0x00000425
     399795.000 ns	     39978	80007ad4	58007e53	fsqrt.s	f28,f0	  f0:0x50c74fe8 f28=0x481fb97e
     399825.000 ns	     39981	80007ad8	20f09ed3	fsgnjn.s	f29,f1,f15	  f1:0x3f99ddf8 f15:0x7fc00000 f29=0xbf99ddf8
     399855.000 ns	     39984	80007adc	d0147253	fcvt.s.wu	f4,x8	  x8:0xffffffff  f4=0x4f7fffff
     399875.000 ns	     39986	80007ae0	01af1893	slli	x17,x30,0x1a	 x30:0xffffffff x17=0xfc000000
     399895.000 ns	     39988	80007ae4	a0ea8353	fle.s	x6,f21,f14	 f21:0xff800000 f14:0x3fb8f644  x6=0x00000001
     399915.000 ns	     39990	80007ae8	01d94fb3	xor	x31,x18,x29	 x18:0xfaac2000 x29:0xffffffff x31=0x0553dfff
     399945.000 ns	     39993	80007aec	1004f453	fmul.s	f8,f9,f0	  f9:0x7fc00000  f0:0x50c74fe8  f8=0x7fc00000
     400315.000 ns	     40030	80007af0	028947b3	div	x15,x18,x8	 x18:0xfaac2000  x8:0xffffffff x15=0x0553e000
     400345.000 ns	     40033	80007af4	207106d3	fsgnj.s	f13,f2,f7	  f2:0x4f000410  f7:0x7f800000 f13=0x4f000410
     400375.000 ns	     40036	80007af8	29f79d53	fmax.s	f26,f15,f31	 f15:0x7fc00000 f31:0x7f800000 f26=0x7f800000
     400395.000 ns	     40038	80007afc	0191d533	srl	x10,x3,x25	  x3:0x80000000 x25:0x00000001 x10=0x40000000
     400405.000 ns	     40039	80007b00	00032a33	slt	x20,x6,x0	  x6:0x00000001  x0:0x00000000 x20=0x00000000
     400425.000 ns	     40041	80007b04	e0099753	fclass.s	x14,f19	 f19:0xc4148000 x14=0x00000002
     400445.000 ns	     40043	80007b08	016dfcb3	and	x25,x27,x22	 x27:0x9fa61a34 x22:0xfffffe00 x25=0x9fa61a00
     400465.000 ns	     40045	80007b0c	21cc09d3	fsgnj.s	f19,f24,f28	 f24:0x7fc00000 f28:0x481fb97e f19=0x7fc00000
     400505.000 ns	     40049	80007b10	1967f3d3	fdiv.s	f7,f15,f22	 f15:0x7fc00000 f22:0x50c74fe8  f7=0x7fc00000
     400535.000 ns	     40052	80007b14	c0057ed3	fcvt.w.s	x29,f10	 f10:0x3fb8f644 x29=0x00000001
     400565.000 ns	     40055	80007b18	03009d33	mulh	x26,x1,x16	  x1:0xffffffff x16:0xfffffb04 x26=0x00000000
     400585.000 ns	     40057	80007b1c	23f22313	slti	x6,x4,575	  x4:0x00000200  x6=0x00000001
     400595.000 ns	     40058	80007b20	00000013	addi	x0,x0,0	  x0:0x00000000
     400615.000 ns	     40060	80007b24	c018b4d3	fcvt.wu.s	x9,f17	 f17:0xc4148000  x9=0x00000252
     400635.000 ns	     40062	80007b28	01de3b33	sltu	x22,x28,x29	 x28:0x80040fe4 x29:0x00000001 x22=0x00000000
     400655.000 ns	     40064	80007b2c	298816d3	fmax.s	f13,f16,f24	 f16:0x80000000 f24:0x7fc00000 f13=0x80000000
     401025.000 ns	     40101	80007b30	0331fc33	remu	x24,x3,x19	  x3:0x80000000 x19:0x80041024 x24=0x80000000
     401065.000 ns	     40105	80007b34	1863ced3	fdiv.s	f29,f7,f6	  f7:0x7fc00000  f6:0x00000000 f29=0x7fc00000
     401085.000 ns	     40107	80007b38	015692b3	sll	x5,x13,x21	 x13:0x00000000 x21:0x00000425  x5=0x00000000
     401095.000 ns	     40108	80007b3c	e57e2293	slti	x5,x28,-425	 x28:0x80040fe4  x5=0x00000001
     401115.000 ns	     40110	80007b40	02871eb3	mulh	x29,x14,x8	 x14:0x00000002  x8:0xffffffff x29=0xffffffff
     401145.000 ns	     40113	80007b44	c01b2153	fcvt.wu.s	x2,f22	 f22:0x50c74fe8  x2=0xffffffff
     401165.000 ns	     40115	80007b48	40628eb3	sub	x29,x5,x6	  x5:0x00000001  x6:0x00000001 x29=0x00000000
     401175.000 ns	     40116	80007b4c	00634cb3	xor	x25,x6,x6	  x6:0x00000001  x6:0x00000001 x25=0x00000000
     402345.000 ns	     40233	80007b50	58070953	fsqrt.s	f18,f14	 f14:0x3fb8f644 f18=0x3f99ddf8
     402365.000 ns	     40235	80007b54	34a57813	andi	x16,x10,842	 x10:0x40000000 x16=0x00000000
     402385.000 ns	     40237	80007b58	03ceaeb3	mulhsu	x29,x29,x28	 x29:0x00000000 x28:0x80040fe4 x29=0x00000000
     402415.000 ns	     40240	80007b5c	d00af653	fcvt.s.w	f12,x21	 x21:0x00000425 f12=0x4484a000
     402435.000 ns	     40242	80007b60	5ccd4113	xori	x2,x26,1484	 x26:0x00000000  x2=0x000005cc
     402445.000 ns	     40243	80007b64	00a61313	slli	x6,x12,0xa	 x12:0x00000001  x6=0x00000400
     402455.000 ns	     40244	80007b68	a45d7713	andi	x14,x26,-1467	 x26:0x00000000 x14=0x00000000
     402815.000 ns	     40280	80007b6c	025841b3	div	x3,x16,x5	 x16:0x00000000  x5:0x00000001  x3=0x00000000
     402835.000 ns	     40282	80007b70	01ae70b3	and	x1,x28,x26	 x28:0x80040fe4 x26:0x00000000  x1=0x00000000
     402865.000 ns	     40285	80007b74	116170d3	fmul.s	f1,f2,f22	  f2:0x4f000410 f22:0x50c74fe8  f1=0x6047563c
     402915.000 ns	     40290	80007b78	0078fc53	fadd.s	f24,f17,f7	 f17:0xc4148000  f7:0x7fc00000 f24=0x7fc00000
     402945.000 ns	     40293	80007b7c	21d729d3	fsgnjx.s	f19,f14,f29	 f14:0x3fb8f644 f29:0x7fc00000 f19=0x3fb8f644
     402965.000 ns	     40295	80007b80	01f393b3	sll	x7,x7,x31	  x7:0x00000001 x31:0x0553dfff  x7=0x80000000
     402975.000 ns	     40296	80007b84	019c01b3	add	x3,x24,x25	 x24:0x80000000 x25:0x00000000  x3=0x80000000
     402985.000 ns	     40297	80007b88	01809a93	slli	x21,x1,0x18	  x1:0x00000000 x21=0x00000000
     403005.000 ns	     40299	80007b8c	a00204d3	fle.s	x9,f4,f0	  f4:0x4f7fffff  f0:0x50c74fe8  x9=0x00000001
     403035.000 ns	     40302	80007b90	a0a61ad3	flt.s	x21,f12,f10	 f12:0x4484a000 f10:0x3fb8f644 x21=0x00000000
     403065.000 ns	     40305	80007b94	d00a7153	fcvt.s.w	f2,x20	 x20:0x00000000  f2=0x00000000
     403095.000 ns	     40308	80007b98	208ba4d3	fsgnjx.s	f9,f23,f8	 f23:0x7f800000  f8:0x7fc00000  f9=0x7f800000
     403125.000 ns	     40311	80007b9c	a18a8ad3	fle.s	x21,f21,f24	 f21:0xff800000 f24:0x7fc00000 x21=0x00000000
     403145.000 ns	     40313	80007ba0	0145d3b3	srl	x7,x11,x20	 x11:0x00000000 x20:0x00000000  x7=0x00000000
     403505.000 ns	     40349	80007ba4	038cd633	divu	x12,x25,x24	 x25:0x00000000 x24:0x80000000 x12=0x00000000
     403525.000 ns	     40351	80007ba8	40a6d933	sra	x18,x13,x10	 x13:0x00000000 x10:0x40000000 x18=0x00000000
     403535.000 ns	     40352	80007bac	000a3333	sltu	x6,x20,x0	 x20:0x00000000  x0:0x00000000  x6=0x00000000
     403555.000 ns	     40354	80007bb0	e00d0853	fmv.x.w	x16,f26	 f26:0x7f800000 x16=0x7f800000
     403575.000 ns	     40356	80007bb4	583cb213	sltiu	x4,x25,1411	 x25:0x00000000  x4=0x00000001
     403595.000 ns	     40358	80007bb8	03383333	mulhu	x6,x16,x19	 x16:0x7f800000 x19:0x80041024  x6=0x3fc20609
     403625.000 ns	     40361	80007bbc	a0ac0653	fle.s	x12,f24,f10	 f24:0x7fc00000 f10:0x3fb8f644 x12=0x00000000
     403655.000 ns	     40364	80007bc0	03b58b33	mul	x22,x11,x27	 x11:0x00000000 x27:0x9fa61a34 x22=0x00000000
     403675.000 ns	     40366	80007bc4	4375a613	slti	x12,x11,1079	 x11:0x00000000 x12=0x00000001
     403715.000 ns	     40370	80007bc8	01edcdd3	fadd.s	f27,f27,f30	 f27:0xfffffaae f30:0x7fc00000 f27=0x7fc00000
     403735.000 ns	     40372	80007bcc	acadc813	xori	x16,x27,-1334	 x27:0x9fa61a34 x16=0x6059e0fe
     403755.000 ns	     40374	80007bd0	f00f0753	fmv.w.x	f14,x30	 x30:0xffffffff f14=0xffffffff
     403775.000 ns	     40376	80007bd4	419d0133	sub	x2,x26,x25	 x26:0x00000000 x25:0x00000000  x2=0x00000000
     403785.000 ns	     40377	80007bd8	8240f217	auipc	x4,0x8240f	  x4=0x02416bd8
     403805.000 ns	     40379	80007bdc	a144aed3	feq.s	x29,f9,f20	  f9:0x7f800000 f20:0x00000000 x29=0x00000000
     403825.000 ns	     40381	80007be0	003b2433	slt	x8,x22,x3	 x22:0x00000000  x3:0x80000000  x8=0x00000000
     403845.000 ns	     40383	80007be4	a1a72253	feq.s	x4,f14,f26	 f14:0xffffffff f26:0x7f800000  x4=0x00000000
     403875.000 ns	     40386	80007be8	02e86cb3	rem	x25,x16,x14	 x16:0x6059e0fe x14:0x00000000 x25=0x6059e0fe
     403905.000 ns	     40389	80007bec	20e41ad3	fsgnjn.s	f21,f8,f14	  f8:0x7fc00000 f14:0xffffffff f21=0x7fc00000
     403935.000 ns	     40392	80007bf0	c00c7353	fcvt.w.s	x6,f24	 f24:0x7fc00000  x6=0x7fffffff
     403955.000 ns	     40394	80007bf4	79f51737	lui	x14,0x79f51	 x14=0x79f51000
     403965.000 ns	     40395	80007bf8	00000013	addi	x0,x0,0	  x0:0x00000000
     403995.000 ns	     40398	80007bfc	580a0953	fsqrt.s	f18,f20	 f20:0x00000000 f18=0x00000000
     404025.000 ns	     40401	80007c00	c0182053	fcvt.wu.s	x0,f16	 f16:0x80000000
     404045.000 ns	     40403	80007c04	00000013	addi	x0,x0,0	  x0:0x00000000
     404055.000 ns	     40404	80007c08	0190ac33	slt	x24,x1,x25	  x1:0x00000000 x25:0x6059e0fe x24=0x00000001
     404065.000 ns	     40405	80007c0c	00851293	slli	x5,x10,0x8	 x10:0x40000000  x5=0x00000000
     404075.000 ns	     40406	80007c10	00e13d33	sltu	x26,x2,x14	  x2:0x00000000 x14:0x79f51000 x26=0x00000001
     404095.000 ns	     40408	80007c14	03083333	mulhu	x6,x16,x16	 x16:0x6059e0fe x16:0x6059e0fe  x6=0x2443884c
     404115.000 ns	     40410	80007c18	40bf5933	sra	x18,x30,x11	 x30:0xffffffff x11:0x00000000 x18=0xffffffff
     404135.000 ns	     40412	80007c1c	c0052c53	fcvt.w.s	x24,f10	 f10:0x3fb8f644 x24=0x00000001
     404165.000 ns	     40415	80007c20	02b138b3	mulhu	x17,x2,x11	  x2:0x00000000 x11:0x00000000 x17=0x00000000
     404195.000 ns	     40418	80007c24	02519db3	mulh	x27,x3,x5	  x3:0x80000000  x5:0x00000000 x27=0x00000000
     404565.000 ns	     40455	80007c28	03f1d233	divu	x4,x3,x31	  x3:0x80000000 x31:0x0553dfff  x4=0x00000018
     404585.000 ns	     40457	80007c2c	001d6ab3	or	x21,x26,x1	 x26:0x00000001  x1:0x00000000 x21=0x00000001
     404605.000 ns	     40459	80007c30	28c885d3	fmin.s	f11,f17,f12	 f17:0xc4148000 f12:0x4484a000 f11=0xc4148000
     404635.000 ns	     40462	80007c34	f0070ed3	fmv.w.x	f29,x14	 x14:0x79f51000 f29=0x79f51000
     404675.000 ns	     40466	80007c38	116e7e53	fmul.s	f28,f28,f22	 f28:0x481fb97e f22:0x50c74fe8 f28=0x5978b618
     404715.000 ns	     40470	80007c3c	58073f53	fsqrt.s	f30,f14	 f14:0xffffffff f30=0x7fc00000
     404745.000 ns	     40473	80007c40	d01271d3	fcvt.s.wu	f3,x4	  x4:0x00000018  f3=0x41c00000
     404765.000 ns	     40475	80007c44	0148b833	sltu	x16,x17,x20	 x17:0x00000000 x20:0x00000000 x16=0x00000000
     404775.000 ns	     40476	80007c48	017a8033	add	x0,x21,x23	 x21:0x00000001 x23:0x80000000
     404815.000 ns	     40480	80007c4c	082f4ad3	fsub.s	f21,f30,f2	 f30:0x7fc00000  f2:0x00000000 f21=0x7fc00000
     404835.000 ns	     40482	80007c50	00d8d7b3	srl	x15,x17,x13	 x17:0x00000000 x13:0x00000000 x15=0x00000000
     404845.000 ns	     40483	80007c54	4cc94213	xori	x4,x18,1228	 x18:0xffffffff  x4=0xfffffb33
     404855.000 ns	     40484	80007c58	01eacb33	xor	x22,x21,x30	 x21:0x00000001 x30:0xffffffff x22=0xfffffffe
     404875.000 ns	     40486	80007c5c	f00980d3	fmv.w.x	f1,x19	 x19:0x80041024  f1=0x80041024
     404895.000 ns	     40488	80007c60	01dbbcb3	sltu	x25,x23,x29	 x23:0x80000000 x29:0x00000000 x25=0x00000000
     404905.000 ns	     40489	80007c64	00d0a8b3	slt	x17,x1,x13	  x1:0x00000000 x13:0x00000000 x17=0x00000000
     404925.000 ns	     40491	80007c68	02778633	mul	x12,x15,x7	 x15:0x00000000  x7:0x00000000 x12=0x00000000
     404945.000 ns	     40493	80007c6c	003515b3	sll	x11,x10,x3	 x10:0x40000000  x3:0x80000000 x11=0x40000000
     404965.000 ns	     40495	80007c70	295a9653	fmax.s	f12,f21,f21	 f21:0x7fc00000 f21:0x7fc00000 f12=0x7fc00000
     404995.000 ns	     40498	80007c74	c00cf053	fcvt.w.s	x0,f25	 f25:0x50c74fe8
     405015.000 ns	     40500	80007c78	41525133	sra	x2,x4,x21	  x4:0xfffffb33 x21:0x00000001  x2=0xfffffd99
     405035.000 ns	     40502	80007c7c	d01972d3	fcvt.s.wu	f5,x18	 x18:0xffffffff  f5=0x4f7fffff
     405065.000 ns	     40505	80007c80	f0060853	fmv.w.x	f16,x12	 x12:0x00000000 f16=0x00000000
     405105.000 ns	     40509	80007c84	11f8f053	fmul.s	f0,f17,f31	 f17:0xc4148000 f31:0x7f800000  f0=0xff800000
     405125.000 ns	     40511	80007c88	405cd433	sra	x8,x25,x5	 x25:0x00000000  x5:0x00000000  x8=0x00000000
     405145.000 ns	     40513	80007c8c	f0068cd3	fmv.w.x	f25,x13	 x13:0x00000000 f25=0x00000000
     405165.000 ns	     40515	80007c90	00ab6fb3	or	x31,x22,x10	 x22:0xfffffffe x10:0x40000000 x31=0xfffffffe
     405175.000 ns	     40516	80007c94	27acfd93	andi	x27,x25,634	 x25:0x00000000 x27=0x00000000
     405195.000 ns	     40518	80007c98	e00c96d3	fclass.s	x13,f25	 f25:0x00000000 x13=0x00000010
     405215.000 ns	     40520	80007c9c	b4b67213	andi	x4,x12,-1205	 x12:0x00000000  x4=0x00000000
     405235.000 ns	     40522	80007ca0	02a02fb3	mulhsu	x31,x0,x10	  x0:0x00000000 x10:0x40000000 x31=0x00000000
     405265.000 ns	     40525	80007ca4	c0027f53	fcvt.w.s	x30,f4	  f4:0x4f7fffff x30=0x7fffffff
     405295.000 ns	     40528	80007ca8	c0177753	fcvt.wu.s	x14,f14	 f14:0xffffffff x14=0xffffffff
     405325.000 ns	     40531	80007cac	a1d982d3	fle.s	x5,f19,f29	 f19:0x3fb8f644 f29:0x79f51000  x5=0x00000001
     405345.000 ns	     40533	80007cb0	45264f13	xori	x30,x12,1106	 x12:0x00000000 x30=0x00000452
     405355.000 ns	     40534	80007cb4	2f157093	andi	x1,x10,753	 x10:0x40000000  x1=0x00000000
     405365.000 ns	     40535	80007cb8	00a3edb3	or	x27,x7,x10	  x7:0x00000000 x10:0x40000000 x27=0x40000000
     405385.000 ns	     40537	80007cbc	c006a5d3	fcvt.w.s	x11,f13	 f13:0x80000000 x11=0x00000000
     405415.000 ns	     40540	80007cc0	d000cbd3	fcvt.s.w	f23,x1	  x1:0x00000000 f23=0x00000000
     405465.000 ns	     40545	80007cc4	0824f953	fsub.s	f18,f9,f2	  f9:0x7f800000  f2:0x00000000 f18=0x7f800000
     405485.000 ns	     40547	80007cc8	00bc52b3	srl	x5,x24,x11	 x24:0x00000001 x11:0x00000000  x5=0x00000001
     405525.000 ns	     40551	80007ccc	0813ffd3	fsub.s	f31,f7,f1	  f7:0x7fc00000  f1:0x80041024 f31=0x7fc00000
     405555.000 ns	     40554	80007cd0	c00aa2d3	fcvt.w.s	x5,f21	 f21:0x7fc00000  x5=0x7fffffff
     405575.000 ns	     40556	80007cd4	400c5593	srai	x11,x24,0x0	 x24:0x00000001 x11=0x00000001
     405595.000 ns	     40558	80007cd8	d009aa53	fcvt.s.w	f20,x19	 x19:0x80041024 f20=0xcefff7e0
     405625.000 ns	     40561	80007cdc	a01d05d3	fle.s	x11,f26,f1	 f26:0x7f800000  f1:0x80041024 x11=0x00000000
     405655.000 ns	     40564	80007ce0	d01b76d3	fcvt.s.wu	f13,x22	 x22:0xfffffffe f13=0x4f7fffff
     406025.000 ns	     40601	80007ce4	023e4cb3	div	x25,x28,x3	 x28:0x80040fe4  x3:0x80000000 x25=0x00000000
     406395.000 ns	     40638	80007ce8	0222f633	remu	x12,x5,x2	  x5:0x7fffffff  x2:0xfffffd99 x12=0x7fffffff
     406425.000 ns	     40641	80007cec	02837a33	remu	x20,x6,x8	  x6:0x2443884c  x8:0x00000000 x20=0x2443884c
     406445.000 ns	     40643	80007cf0	01123b33	sltu	x22,x4,x17	  x4:0x00000000 x17:0x00000000 x22=0x00000000
     406475.000 ns	     40646	80007cf4	10cb7153	fmul.s	f2,f22,f12	 f22:0x50c74fe8 f12:0x7fc00000  f2=0x7fc00000
     406515.000 ns	     40650	80007cf8	11fc9153	fmul.s	f2,f25,f31	 f25:0x00000000 f31:0x7fc00000  f2=0x7fc00000
     406545.000 ns	     40653	80007cfc	034324b3	mulhsu	x9,x6,x20	  x6:0x2443884c x20:0x2443884c  x9=0x05231026
     406565.000 ns	     40655	80007d00	0134b833	sltu	x16,x9,x19	  x9:0x00000001 x19:0x80041024 x16=0x00000001
     406575.000 ns	     40656	80007d04	41a15c13	srai	x24,x2,0x1a	  x2:0xfffffd99 x24=0xffffffff
     406585.000 ns	     40657	80007d08	ce417d13	andi	x26,x2,-796	  x2:0xfffffd99 x26=0xfffffc80
     406605.000 ns	     40659	80007d0c	03843933	mulhu	x18,x8,x24	  x8:0x00000000 x24:0x00000001 x18=0x00000000
     406975.000 ns	     40696	80007d10	02cb48b3	div	x17,x22,x12	 x22:0x00000000 x12:0x7fffffff x17=0x00000000
     406995.000 ns	     40698	80007d14	00000013	addi	x0,x0,0	  x0:0x00000000
     407005.000 ns	     40699	80007d18	00000013	addi	x0,x0,0	  x0:0x00000000
     407015.000 ns	     40700	80007d1c	418c5033	sra	x0,x24,x24	 x24:0xffffffff x24:0xffffffff
     407035.000 ns	     40702	80007d20	e00c10d3	fclass.s	x1,f24	 f24:0x7fc00000  x1=0x00000200
     407055.000 ns	     40704	80007d24	401b5713	srai	x14,x22,0x1	 x22:0x00000000 x14=0x00000000
     407075.000 ns	     40706	80007d28	28f48ad3	fmin.s	f21,f9,f15	  f9:0x7f800000 f15:0x7fc00000 f21=0x7f800000
     407105.000 ns	     40709	80007d2c	296392d3	fmax.s	f5,f7,f22	  f7:0x7fc00000 f22:0x50c74fe8  f5=0x50c74fe8
     407125.000 ns	     40711	80007d30	00562eb3	slt	x29,x12,x5	 x12:0x7fffffff  x5:0x7fffffff x29=0x00000000
     407135.000 ns	     40712	80007d34	00ca9133	sll	x2,x21,x12	 x21:0x00000001 x12:0x7fffffff  x2=0x80000000
     407155.000 ns	     40714	80007d38	03779733	mulh	x14,x15,x23	 x15:0x00000000 x23:0x80000000 x14=0x00000000
     407175.000 ns	     40716	80007d3c	0195c4b3	xor	x9,x11,x25	 x11:0x00000000 x25:0x00000000  x9=0x00000000
     407185.000 ns	     40717	80007d40	00f3c033	xor	x0,x7,x15	  x7:0x00000000 x15:0x00000000
     407205.000 ns	     40719	80007d44	03352cb3	mulhsu	x25,x10,x19	 x10:0x40000000 x19:0x80041024 x25=0x20010409
     407225.000 ns	     40721	80007d48	5134f837	lui	x16,0x5134f	 x16=0x5134f000
     407235.000 ns	     40722	80007d4c	cfaf4b13	xori	x22,x30,-774	 x30:0x00000452 x22=0xfffff8a8
     407255.000 ns	     40724	80007d50	02860cb3	mul	x25,x12,x8	 x12:0x7fffffff  x8:0x00000000 x25=0x00000000
     407275.000 ns	     40726	80007d54	d18c4a13	xori	x20,x24,-744	 x24:0xffffffff x20=0x000002e7
     407295.000 ns	     40728	80007d58	f0078453	fmv.w.x	f8,x15	 x15:0x00000000  f8=0x00000000
     407325.000 ns	     40731	80007d5c	02f34933	div	x18,x6,x15	  x6:0x2443884c x15:0x00000000 x18=0xffffffff
     407355.000 ns	     40734	80007d60	e0081dd3	fclass.s	x27,f16	 f16:0x00000000 x27=0x00000010
     407375.000 ns	     40736	80007d64	cc4efc13	andi	x24,x29,-828	 x29:0x00000000 x24=0x00000000
     407385.000 ns	     40737	80007d68	01489533	sll	x10,x17,x20	 x17:0x00000000 x20:0x000002e7 x10=0x00000000
     407405.000 ns	     40739	80007d6c	d005fcd3	fcvt.s.w	f25,x11	 x11:0x00000000 f25=0x00000000
     407425.000 ns	     40741	80007d70	0104dc33	srl	x24,x9,x16	  x9:0x00000000 x16:0x5134f000 x24=0x00000000
     407445.000 ns	     40743	80007d74	02f964b3	rem	x9,x18,x15	 x18:0xffffffff x15:0x00000000  x9=0xffffffff
     407475.000 ns	     40746	80007d78	28ef9ed3	fmax.s	f29,f31,f14	 f31:0x7fc00000 f14:0xffffffff f29=0x7fc00000
     407505.000 ns	     40749	80007d7c	037b1c33	mulh	x24,x22,x23	 x22:0xfffff8a8 x23:0x80000000 x24=0x000003ac
     407525.000 ns	     40751	80007d80	00f452b3	srl	x5,x8,x15	  x8:0x00000000 x15:0x00000000  x5=0x00000000
     407535.000 ns	     40752	80007d84	00bc1eb3	sll	x29,x24,x11	 x24:0x000003ac x11:0x00000000 x29=0x000003ac
     407545.000 ns	     40753	80007d88	00d04f33	xor	x30,x0,x13	  x0:0x00000000 x13:0x00000010 x30=0x00000010
     407555.000 ns	     40754	80007d8c	00000013	addi	x0,x0,0	  x0:0x00000000
     407565.000 ns	     40755	80007d90	411202b3	sub	x5,x4,x17	  x4:0x00000000 x17:0x00000000  x5=0x00000000
     407585.000 ns	     40757	80007d94	a18d9ed3	flt.s	x29,f27,f24	 f27:0x7fc00000 f24:0x7fc00000 x29=0x00000000
     407615.000 ns	     40760	80007d98	21c281d3	fsgnj.s	f3,f5,f28	  f5:0x50c74fe8 f28:0x5978b618  f3=0x50c74fe8
     407645.000 ns	     40763	80007d9c	022883b3	mul	x7,x17,x2	 x17:0x00000000  x2:0x80000000  x7=0x00000000
     407665.000 ns	     40765	80007da0	8282c893	xori	x17,x5,-2008	  x5:0x00000000 x17=0xfffff828
     407675.000 ns	     40766	80007da4	7892af93	slti	x31,x5,1929	  x5:0x00000000 x31=0x00000001
     407685.000 ns	     40767	80007da8	0146cd33	xor	x26,x13,x20	 x13:0x00000010 x20:0x000002e7 x26=0x000002f7
     407695.000 ns	     40768	80007dac	018d1893	slli	x17,x26,0x18	 x26:0xfffffc80 x17=0xf7000000
     407715.000 ns	     40770	80007db0	202d0153	fsgnj.s	f2,f26,f2	 f26:0x7f800000  f2:0x7fc00000  f2=0x7f800000
     407745.000 ns	     40773	80007db4	039c0233	mul	x4,x24,x25	 x24:0x000003ac x25:0x00000000  x4=0x00000000
     407775.000 ns	     40776	80007db8	a03a2653	feq.s	x12,f20,f3	 f20:0xcefff7e0  f3:0x50c74fe8 x12=0x00000000
     407805.000 ns	     40779	80007dbc	034cac33	mulhsu	x24,x25,x20	 x25:0x00000000 x20:0x000002e7 x24=0x00000000
     408175.000 ns	     40816	80007dc0	037d5533	divu	x10,x26,x23	 x26:0x000002f7 x23:0x80000000 x10=0x00000000
     408225.000 ns	     40821	80007dc4	01537453	fadd.s	f8,f6,f21	  f6:0x00000000 f21:0x7f800000  f8=0x7f800000
     408255.000 ns	     40824	80007dc8	202aabd3	fsgnjx.s	f23,f21,f2	 f21:0x7f800000  f2:0x7f800000 f23=0x7f800000
     408275.000 ns	     40826	80007dcc	62ca3693	sltiu	x13,x20,1580	 x20:0x000002e7 x13=0x00000001
     408285.000 ns	     40827	80007dd0	e9593013	sltiu	x0,x18,-363	 x18:0xffffffff
     408305.000 ns	     40829	80007dd4	038621b3	mulhsu	x3,x12,x24	 x12:0x00000000 x24:0x00000000  x3=0x00000000
     408325.000 ns	     40831	80007dd8	01f39293	slli	x5,x7,0x1f	  x7:0x00000000  x5=0x00000000
     408345.000 ns	     40833	80007ddc	e0028b53	fmv.x.w	x22,f5	  f5:0x50c74fe8 x22=0x50c74fe8
     408365.000 ns	     40835	80007de0	40a888b3	sub	x17,x17,x10	 x17:0xf7000000 x10:0x00000000 x17=0xf7000000
     408385.000 ns	     40837	80007de4	e0040ad3	fmv.x.w	x21,f8	  f8:0x7f800000 x21=0x7f800000
     408415.000 ns	     40840	80007de8	c006fb53	fcvt.w.s	x22,f13	 f13:0x4f7fffff x22=0x7fffffff
     408445.000 ns	     40843	80007dec	29fa1653	fmax.s	f12,f20,f31	 f20:0xcefff7e0 f31:0x7fc00000 f12=0xcefff7e0
     408465.000 ns	     40845	80007df0	017f38b3	sltu	x17,x30,x23	 x30:0x00000010 x23:0x80000000 x17=0x00000001
     408475.000 ns	     40846	80007df4	4a102313	slti	x6,x0,1185	  x0:0x00000000  x6=0x00000001
     408495.000 ns	     40848	80007df8	202585d3	fsgnj.s	f11,f11,f2	 f11:0xc4148000  f2:0x7f800000 f11=0x44148000
     408515.000 ns	     40850	80007dfc	00000013	addi	x0,x0,0	  x0:0x00000000
     408525.000 ns	     40851	80007e00	44bc2313	slti	x6,x24,1099	 x24:0x00000000  x6=0x00000001
     408535.000 ns	     40852	80007e04	00000013	addi	x0,x0,0	  x0:0x00000000
     408565.000 ns	     40855	80007e08	19d122d3	fdiv.s	f5,f2,f29	  f2:0x7f800000 f29:0x7fc00000  f5=0x7fc00000
     408595.000 ns	     40858	80007e0c	29c78153	fmin.s	f2,f15,f28	 f15:0x7fc00000 f28:0x5978b618  f2=0x5978b618
     408615.000 ns	     40860	80007e10	40570db3	sub	x27,x14,x5	 x14:0x00000000  x5:0x00000000 x27=0x00000000
     408625.000 ns	     40861	80007e14	00c3e3b3	or	x7,x7,x12	  x7:0x00000000 x12:0x00000000  x7=0x00000000
     408665.000 ns	     40865	80007e18	09edff53	fsub.s	f30,f27,f30	 f27:0x7fc00000 f30:0x7fc00000 f30=0x7fc00000
     408685.000 ns	     40867	80007e1c	4f604093	xori	x1,x0,1270	  x0:0x00000000  x1=0x000004f6
     408705.000 ns	     40869	80007e20	21ce1453	fsgnjn.s	f8,f28,f28	 f28:0x5978b618 f28:0x5978b618  f8=0xd978b618
     408735.000 ns	     40872	80007e24	29ea07d3	fmin.s	f15,f20,f30	 f20:0xcefff7e0 f30:0x7fc00000 f15=0xcefff7e0
     408765.000 ns	     40875	80007e28	296c1353	fmax.s	f6,f24,f22	 f24:0x7fc00000 f22:0x50c74fe8  f6=0x50c74fe8
     409135.000 ns	     40912	80007e2c	030ccb33	div	x22,x25,x16	 x25:0x00000000 x16:0x5134f000 x22=0x00000000
     409155.000 ns	     40914	80007e30	019273b3	and	x7,x4,x25	  x4:0x00000000 x25:0x00000000  x7=0x00000000
     409175.000 ns	     40916	80007e34	e00c0b53	fmv.x.w	x22,f24	 f24:0x7fc00000 x22=0x7fc00000
     409195.000 ns	     40918	80007e38	412407b3	sub	x15,x8,x18	  x8:0x00000000 x18:0xffffffff x15=0x00000001
     409215.000 ns	     40920	80007e3c	293d9b53	fmax.s	f22,f27,f19	 f27:0x7fc00000 f19:0x3fb8f644 f22=0x3fb8f644
     409245.000 ns	     40923	80007e40	0235c233	div	x4,x11,x3	 x11:0x00000000  x3:0x00000000  x4=0xffffffff
     409275.000 ns	     40926	80007e44	e00b0453	fmv.x.w	x8,f22	 f22:0x3fb8f644  x8=0x3fb8f644
     409305.000 ns	     40929	80007e48	d01fb3d3	fcvt.s.wu	f7,x31	 x31:0x00000001  f7=0x3f800000
     409325.000 ns	     40931	80007e4c	3c286f13	ori	x30,x16,962	 x16:0x5134f000 x30=0x5134f3c2
     409345.000 ns	     40933	80007e50	034483b3	mul	x7,x9,x20	  x9:0xffffffff x20:0x000002e7  x7=0xfffffd19
     409365.000 ns	     40935	80007e54	0184b233	sltu	x4,x9,x24	  x9:0xffffffff x24:0x00000000  x4=0x00000000
     409385.000 ns	     40937	80007e58	c017fdd3	fcvt.wu.s	x27,f15	 f15:0xcefff7e0 x27=0x7ffbf000
     409405.000 ns	     40939	80007e5c	00000013	addi	x0,x0,0	  x0:0x00000000
     409415.000 ns	     40940	80007e60	01bddc93	srli	x25,x27,0x1b	 x27:0x7ffbf000 x25=0x0000000f
     409435.000 ns	     40942	80007e64	0208ddb3	divu	x27,x17,x0	 x17:0x00000001  x0:0x00000000 x27=0xffffffff
     409485.000 ns	     40947	80007e68	099b2053	fsub.s	f0,f22,f25	 f22:0x3fb8f644 f25:0x00000000  f0=0x3fb8f644
     409505.000 ns	     40949	80007e6c	20c34d13	xori	x26,x6,524	  x6:0x00000001 x26=0x0000020d
     409515.000 ns	     40950	80007e70	00cc30b3	sltu	x1,x24,x12	 x24:0x00000000 x12:0x00000000  x1=0x00000000
     409535.000 ns	     40952	80007e74	038b2733	mulhsu	x14,x22,x24	 x22:0x7fc00000 x24:0x00000000 x14=0x00000000
     409565.000 ns	     40955	80007e78	20f9aed3	fsgnjx.s	f29,f19,f15	 f19:0x3fb8f644 f15:0xcefff7e0 f29=0xbfb8f644
     409585.000 ns	     40957	80007e7c	42b5f413	andi	x8,x11,1067	 x11:0x00000000  x8=0x00000000
     409595.000 ns	     40958	80007e80	000da8b3	slt	x17,x27,x0	 x27:0xffffffff  x0:0x00000000 x17=0x00000001
     409615.000 ns	     40960	80007e84	a1591a53	flt.s	x20,f18,f21	 f18:0x7f800000 f21:0x7f800000 x20=0x00000000
     409645.000 ns	     40963	80007e88	f00e8cd3	fmv.w.x	f25,x29	 x29:0x00000000 f25=0x00000000
     409675.000 ns	     40966	80007e8c	d01e06d3	fcvt.s.wu	f13,x28	 x28:0x80040fe4 f13=0x4f000410
     409705.000 ns	     40969	80007e90	d01c9e53	fcvt.s.wu	f28,x25	 x25:0x0000000f f28=0x41700000
     409725.000 ns	     40971	80007e94	00dd1933	sll	x18,x26,x13	 x26:0x0000020d x13:0x00000001 x18=0x0000041a
     409735.000 ns	     40972	80007e98	41eb86b3	sub	x13,x23,x30	 x23:0x80000000 x30:0x5134f3c2 x13=0x2ecb0c3e
     409745.000 ns	     40973	80007e9c	0c13c493	xori	x9,x7,193	  x7:0xfffffd19  x9=0xfffffdd8
     409755.000 ns	     40974	80007ea0	01afd0b3	srl	x1,x31,x26	 x31:0x00000001 x26:0x0000020d  x1=0x00000000
     409765.000 ns	     40975	80007ea4	00360033	add	x0,x12,x3	 x12:0x00000000  x3:0x00000000
     409785.000 ns	     40977	80007ea8	e00d8b53	fmv.x.w	x22,f27	 f27:0x7fc00000 x22=0x7fc00000
     409805.000 ns	     40979	80007eac	01271733	sll	x14,x14,x18	 x14:0x00000000 x18:0x0000041a x14=0x00000000
     409815.000 ns	     40980	80007eb0	01976633	or	x12,x14,x25	 x14:0x00000000 x25:0x0000000f x12=0x0000000f
     409825.000 ns	     40981	80007eb4	01bd1f33	sll	x30,x26,x27	 x26:0x0000020d x27:0xffffffff x30=0x80000000
     409845.000 ns	     40983	80007eb8	f00106d3	fmv.w.x	f13,x2	  x2:0x80000000 f13=0x80000000
     409885.000 ns	     40987	80007ebc	183fcb53	fdiv.s	f22,f31,f3	 f31:0x7fc00000  f3:0x50c74fe8 f22=0x7fc00000
     409905.000 ns	     40989	80007ec0	019bc5b3	xor	x11,x23,x25	 x23:0x80000000 x25:0x0000000f x11=0x8000000f
     409925.000 ns	     40991	80007ec4	02504533	div	x10,x0,x5	  x0:0x00000000  x5:0x00000000 x10=0xffffffff
     409945.000 ns	     40993	80007ec8	41a90133	sub	x2,x18,x26	 x18:0x0000041a x26:0x0000020d  x2=0x0000020d
     409955.000 ns	     40994	80007ecc	4158d093	srai	x1,x17,0x15	 x17:0x00000001  x1=0x00000000
     410315.000 ns	     41030	80007ed0	02fae833	rem	x16,x21,x15	 x21:0x7f800000 x15:0x00000001 x16=0x00000000
     410365.000 ns	     41035	80007ed4	01567853	fadd.s	f16,f12,f21	 f12:0xcefff7e0 f21:0x7f800000 f16=0x7f800000
     410395.000 ns	     41038	80007ed8	e00f0453	fmv.x.w	x8,f30	 f30:0x7fc00000  x8=0x7fc00000
     410435.000 ns	     41042	80007edc	107f8cd3	fmul.s	f25,f31,f7	 f31:0x7fc00000  f7:0x3f800000 f25=0x7fc00000
     410455.000 ns	     41044	80007ee0	41035b13	srai	x22,x6,0x10	  x6:0x00000001 x22=0x00000000
     410475.000 ns	     41046	80007ee4	0345f5b3	remu	x11,x11,x20	 x11:0x8000000f x20:0x00000000 x11=0x8000000f
     410515.000 ns	     41050	80007ee8	19cdcb53	fdiv.s	f22,f27,f28	 f27:0x7fc00000 f28:0x41700000 f22=0x7fc00000
     410545.000 ns	     41053	80007eec	e00f9d53	fclass.s	x26,f31	 f31:0x7fc00000 x26=0x00000200
     410565.000 ns	     41055	80007ef0	61cf4097	auipc	x1,0x61cf4	  x1=0xe1cfbef0
     410575.000 ns	     41056	80007ef4	01f344b3	xor	x9,x6,x31	  x6:0x00000001 x31:0x00000001  x9=0x00000000
     410615.000 ns	     41060	80007ef8	08022053	fsub.s	f0,f4,f0	  f4:0x4f7fffff  f0:0x3fb8f644  f0=0x4f7ffffe
     410635.000 ns	     41062	80007efc	a0ec0493	addi	x9,x24,-1522	 x24:0x00000000  x9=0xfffffa0e
     410655.000 ns	     41064	80007f00	e0098153	fmv.x.w	x2,f19	 f19:0x3fb8f644  x2=0x3fb8f644
     410685.000 ns	     41067	80007f04	d00ecfd3	fcvt.s.w	f31,x29	 x29:0x00000000 f31=0x00000000
     410715.000 ns	     41070	80007f08	d002bfd3	fcvt.s.w	f31,x5	  x5:0x00000000 f31=0x00000000
     410735.000 ns	     41072	80007f0c	01cd50b3	srl	x1,x26,x28	 x26:0x00000200 x28:0x80040fe4  x1=0x00000020
     410745.000 ns	     41073	80007f10	01c101b3	add	x3,x2,x28	  x2:0x3fb8f644 x28:0x80040fe4  x3=0xbfbd0628
     411105.000 ns	     41109	80007f14	031cc233	div	x4,x25,x17	 x25:0x0000000f x17:0x00000001  x4=0x0000000f
     411125.000 ns	     41111	80007f18	f5697f13	andi	x30,x18,-170	 x18:0x0000041a x30=0x00000412
     411145.000 ns	     41113	80007f1c	a05a97d3	flt.s	x15,f21,f5	 f21:0x7f800000  f5:0x7fc00000 x15=0x00000000
     411175.000 ns	     41116	80007f20	d01cfed3	fcvt.s.wu	f29,x25	 x25:0x0000000f f29=0x41700000
     411205.000 ns	     41119	80007f24	21642b53	fsgnjx.s	f22,f8,f22	  f8:0xd978b618 f22:0x7fc00000 f22=0xd978b618
     411245.000 ns	     41123	80007f28	10f14053	fmul.s	f0,f2,f15	  f2:0x5978b618 f15:0xcefff7e0  f0=0xe8f8ae33
     411265.000 ns	     41125	80007f2c	411cda33	sra	x20,x25,x17	 x25:0x0000000f x17:0x00000001 x20=0x00000007
     411305.000 ns	     41129	80007f30	010cf3d3	fadd.s	f7,f25,f16	 f25:0x7fc00000 f16:0x7f800000  f7=0x7fc00000
     411355.000 ns	     41134	80007f34	09474353	fsub.s	f6,f14,f20	 f14:0xffffffff f20:0xcefff7e0  f6=0x7fc00000
     411395.000 ns	     41138	80007f38	580ffa53	fsqrt.s	f20,f31	 f31:0x00000000 f20=0x00000000
     411765.000 ns	     41175	80007f3c	02dde5b3	rem	x11,x27,x13	 x27:0xffffffff x13:0x2ecb0c3e x11=0xffffffff
     411795.000 ns	     41178	80007f40	a0e49253	flt.s	x4,f9,f14	  f9:0x7f800000 f14:0xffffffff  x4=0x00000000
     411815.000 ns	     41180	80007f44	004206b3	add	x13,x4,x4	  x4:0x0000000f  x4:0x0000000f x13=0x00000000
     411835.000 ns	     41182	80007f48	f00e8153	fmv.w.x	f2,x29	 x29:0x00000000  f2=0x00000000
     411865.000 ns	     41185	80007f4c	03865eb3	divu	x29,x12,x24	 x12:0x0000000f x24:0x00000000 x29=0xffffffff
     412235.000 ns	     41222	80007f50	0228f933	remu	x18,x17,x2	 x17:0x00000001  x2:0x3fb8f644 x18=0x00000001
     412255.000 ns	     41224	80007f54	01d251b3	srl	x3,x4,x29	  x4:0x00000000 x29:0xffffffff  x3=0x00000000
     412265.000 ns	     41225	80007f58	d2832593	slti	x11,x6,-728	  x6:0x00000001 x11=0x00000000
     412275.000 ns	     41226	80007f5c	001430b3	sltu	x1,x8,x1	  x8:0x7fc00000  x1:0x00000020  x1=0x00000000
     412285.000 ns	     41227	80007f60	b2014713	xori	x14,x2,-1248	  x2:0x3fb8f644 x14=0xc0470d64
     412295.000 ns	     41228	80007f64	143fb893	sltiu	x17,x31,323	 x31:0x00000001 x17=0x00000001
     412305.000 ns	     41229	80007f68	002de8b3	or	x17,x27,x2	 x27:0xffffffff  x2:0x3fb8f644 x17=0xffffffff
     412335.000 ns	     41232	80007f6c	10512dd3	fmul.s	f27,f2,f5	  f2:0x00000000  f5:0x7fc00000 f27=0x7fc00000
     412355.000 ns	     41234	80007f70	003296b3	sll	x13,x5,x3	  x5:0x00000000  x3:0x00000000 x13=0x00000000
     412365.000 ns	     41235	80007f74	40995013	srai	x0,x18,0x9	 x18:0x00000001
     412385.000 ns	     41237	80007f78	0399b933	mulhu	x18,x19,x25	 x19:0x80041024 x25:0x0000000f x18=0x00000007
     412415.000 ns	     41240	80007f7c	212128d3	fsgnjx.s	f17,f2,f18	  f2:0x00000000 f18:0x7f800000 f17=0x00000000
     412435.000 ns	     41242	80007f80	01510c33	add	x24,x2,x21	  x2:0x3fb8f644 x21:0x7f800000 x24=0xbf38f644
     412455.000 ns	     41244	80007f84	039538b3	mulhu	x17,x10,x25	 x10:0xffffffff x25:0x0000000f x17=0x0000000e
     412475.000 ns	     41246	80007f88	9851f613	andi	x12,x3,-1659	  x3:0x00000000 x12=0x00000000
     412835.000 ns	     41282	80007f8c	034bdb33	divu	x22,x23,x20	 x23:0x80000000 x20:0x00000007 x22=0x12492492
     414015.000 ns	     41400	80007f90	580e2a53	fsqrt.s	f20,f28	 f28:0x41700000 f20=0x4029b49a
     414045.000 ns	     41403	80007f94	03c7bb33	mulhu	x22,x15,x28	 x15:0x00000000 x28:0x80040fe4 x22=0x00000000
     414065.000 ns	     41405	80007f98	01d79313	slli	x6,x15,0x1d	 x15:0x00000000  x6=0x00000000
     414075.000 ns	     41406	80007f9c	00afdc13	srli	x24,x31,0xa	 x31:0x00000001 x24=0x00000000
     414085.000 ns	     41407	80007fa0	01c85f33	srl	x30,x16,x28	 x16:0x00000000 x28:0x80040fe4 x30=0x00000000
     414095.000 ns	     41408	80007fa4	0032fdb3	and	x27,x5,x3	  x5:0x00000000  x3:0x00000000 x27=0x00000000
     414105.000 ns	     41409	80007fa8	eaac0417	auipc	x8,0xeaac0	  x8=0x6aac7fa8
     414115.000 ns	     41410	80007fac	790f4813	xori	x16,x30,1936	 x30:0x00000000 x16=0x00000790
     414125.000 ns	     41411	80007fb0	012ac0b3	xor	x1,x21,x18	 x21:0x7f800000 x18:0x00000007  x1=0x7f800007
     414135.000 ns	     41412	80007fb4	00000013	addi	x0,x0,0	  x0:0x00000000
     414165.000 ns	     41415	80007fb8	18a87053	fdiv.s	f0,f16,f10	 f16:0x7f800000 f10:0x3fb8f644  f0=0x7f800000
     414195.000 ns	     41418	80007fbc	e0039553	fclass.s	x10,f7	  f7:0x7fc00000 x10=0x00000200
     414565.000 ns	     41455	80007fc0	032058b3	divu	x17,x0,x18	  x0:0x00000000 x18:0x00000007 x17=0x00000000
     414595.000 ns	     41458	80007fc4	a0b880d3	fle.s	x1,f17,f11	 f17:0x00000000 f11:0x44148000  x1=0x00000001
     414625.000 ns	     41461	80007fc8	29991753	fmax.s	f14,f18,f25	 f18:0x7f800000 f25:0x7fc00000 f14=0x7f800000
     414675.000 ns	     41466	80007fcc	009b10d3	fadd.s	f1,f22,f9	 f22:0xd978b618  f9:0x7f800000  f1=0x7f800000
     414705.000 ns	     41469	80007fd0	02378fb3	mul	x31,x15,x3	 x15:0x00000000  x3:0x00000000 x31=0x00000000
     414725.000 ns	     41471	80007fd4	00c92ab3	slt	x21,x18,x12	 x18:0x00000007 x12:0x00000000 x21=0x00000000
     414735.000 ns	     41472	80007fd8	01a716b3	sll	x13,x14,x26	 x14:0xc0470d64 x26:0x00000200 x13=0xc0470d64
     414745.000 ns	     41473	80007fdc	ccd48093	addi	x1,x9,-819	  x9:0xfffffa0e  x1=0xfffff6db
     414765.000 ns	     41475	80007fe0	a0bfad53	feq.s	x26,f31,f11	 f31:0x00000000 f11:0x44148000 x26=0x00000000
     414815.000 ns	     41480	80007fe4	0159ba53	fadd.s	f20,f19,f21	 f19:0x3fb8f644 f21:0x7f800000 f20=0x7f800000
     414835.000 ns	     41482	80007fe8	01c73c33	sltu	x24,x14,x28	 x14:0xc0470d64 x28:0x80040fe4 x24=0x00000000
     414855.000 ns	     41484	80007fec	21eaa653	fsgnjx.s	f12,f21,f30	 f21:0x7f800000 f30:0x7fc00000 f12=0x7f800000
     415225.000 ns	     41521	80007ff0	02e4c3b3	div	x7,x9,x14	  x9:0xfffffa0e x14:0xc0470d64  x7=0x00000000
     415265.000 ns	     41525	80007ff4	580afad3	fsqrt.s	f21,f21	 f21:0x7f800000 f21=0x7f800000
     415295.000 ns	     41528	80007ff8	02b85eb3	divu	x29,x16,x11	 x16:0x00000790 x11:0x00000000 x29=0xffffffff
     415325.000 ns	     41531	80007ffc	29751cd3	fmax.s	f25,f10,f23	 f10:0x3fb8f644 f23:0x7f800000 f25=0x7f800000
     415345.000 ns	     41533	80008000	3f761797	auipc	x15,0x3f761	 x15=0xbf769000
     415365.000 ns	     41535	80008004	03360ab3	mul	x21,x12,x19	 x12:0x00000000 x19:0x80041024 x21=0x00000000
     415395.000 ns	     41538	80008008	c00f08d3	fcvt.w.s	x17,f30	 f30:0x7fc00000 x17=0x7fffffff
     415415.000 ns	     41540	8000800c	1061f713	andi	x14,x3,262	  x3:0x00000000 x14=0x00000000
     415425.000 ns	     41541	80008010	f3a1a113	slti	x2,x3,-198	  x3:0x00000000  x2=0x00000000
     415445.000 ns	     41543	80008014	28481753	fmax.s	f14,f16,f4	 f16:0x7f800000  f4:0x4f7fffff f14=0x7f800000
     415475.000 ns	     41546	80008018	29668753	fmin.s	f14,f13,f22	 f13:0x80000000 f22:0xd978b618 f14=0xd978b618
     415505.000 ns	     41549	8000801c	d01e3d53	fcvt.s.wu	f26,x28	 x28:0x80040fe4 f26=0x4f000410
     415535.000 ns	     41552	80008020	a0f52353	feq.s	x6,f10,f15	 f10:0x3fb8f644 f15:0xcefff7e0  x6=0x00000000
     415575.000 ns	     41556	80008024	111423d3	fmul.s	f7,f8,f17	  f8:0xd978b618 f17:0x00000000  f7=0x80000000
     415595.000 ns	     41558	80008028	01bbd093	srli	x1,x23,0x1b	 x23:0x80000000  x1=0x00000010
     415605.000 ns	     41559	8000802c	0127bcb3	sltu	x25,x15,x18	 x15:0xbf769000 x18:0x00000007 x25=0x00000000
     415645.000 ns	     41563	80008030	084b7a53	fsub.s	f20,f22,f4	 f22:0xd978b618  f4:0x4f7fffff f20=0xd978b627
     415675.000 ns	     41566	80008034	03c30633	mul	x12,x6,x28	  x6:0x00000000 x28:0x80040fe4 x12=0x00000000
     415705.000 ns	     41569	80008038	21741353	fsgnjn.s	f6,f8,f23	  f8:0xd978b618 f23:0x7f800000  f6=0xd978b618
     415755.000 ns	     41574	8000803c	01e27053	fadd.s	f0,f4,f30	  f4:0x4f7fffff f30:0x7fc00000  f0=0x7fc00000
     415785.000 ns	     41577	80008040	a11a0953	fle.s	x18,f20,f17	 f20:0xd978b627 f17:0x00000000 x18=0x00000001
     415815.000 ns	     41580	80008044	f00f87d3	fmv.w.x	f15,x31	 x31:0x00000000 f15=0x00000000
     415845.000 ns	     41583	80008048	a0f88f53	fle.s	x30,f17,f15	 f17:0x00000000 f15:0xcefff7e0 x30=0x00000001
     415895.000 ns	     41588	8000804c	01d0f9d3	fadd.s	f19,f1,f29	  f1:0x7f800000 f29:0x41700000 f19=0x7f800000
     415925.000 ns	     41591	80008050	03ff57b3	divu	x15,x30,x31	 x30:0x00000001 x31:0x00000000 x15=0xffffffff
     415955.000 ns	     41594	80008054	21119553	fsgnjn.s	f10,f3,f17	  f3:0x50c74fe8 f17:0x00000000 f10=0xd0c74fe8
     415975.000 ns	     41596	80008058	43f2a793	slti	x15,x5,1087	  x5:0x00000000 x15=0x00000001
     415985.000 ns	     41597	8000805c	504cd337	lui	x6,0x504cd	  x6=0x504cd000
     416005.000 ns	     41599	80008060	290b8f53	fmin.s	f30,f23,f16	 f23:0x7f800000 f16:0x7f800000 f30=0x7f800000
     416025.000 ns	     41601	80008064	f2240093	addi	x1,x8,-222	  x8:0x6aac7fa8  x1=0x6aac7eca
     416035.000 ns	     41602	80008068	01a1bab3	sltu	x21,x3,x26	  x3:0x00000000 x26:0x00000000 x21=0x00000000
     416055.000 ns	     41604	8000806c	029c8fb3	mul	x31,x25,x9	 x25:0x00000000  x9:0xfffffa0e x31=0x00000000
     416075.000 ns	     41606	80008070	002ccb33	xor	x22,x25,x2	 x25:0x00000000  x2:0x00000000 x22=0x00000000
     416105.000 ns	     41609	80008074	19f81453	fdiv.s	f8,f16,f31	 f16:0x7f800000 f31:0x00000000  f8=0x7f800000
     416135.000 ns	     41612	80008078	a11a9353	flt.s	x6,f21,f17	 f21:0x7f800000 f17:0x00000000  x6=0x00000000
     416155.000 ns	     41614	8000807c	015a72b3	and	x5,x20,x21	 x20:0x00000007 x21:0x00000000  x5=0x00000000
     416175.000 ns	     41616	80008080	02e7f133	remu	x2,x15,x14	 x15:0x00000001 x14:0x00000000  x2=0x00000001
     416205.000 ns	     41619	80008084	024e97b3	mulh	x15,x29,x4	 x29:0xffffffff  x4:0x00000000 x15=0x00000000
     416225.000 ns	     41621	80008088	ce5e4093	xori	x1,x28,-795	 x28:0x80040fe4  x1=0x7ffbf301
     416235.000 ns	     41622	8000808c	3f93c117	auipc	x2,0x3f93c	  x2=0xbf94408c
     416245.000 ns	     41623	80008090	cb837437	lui	x8,0xcb837	  x8=0xcb837000
     416265.000 ns	     41625	80008094	f0018653	fmv.w.x	f12,x3	  x3:0x00000000 f12=0x00000000
     416285.000 ns	     41627	80008098	4027d093	srai	x1,x15,0x2	 x15:0x00000000  x1=0x00000000
     417455.000 ns	     41744	8000809c	5805f8d3	fsqrt.s	f17,f11	 f11:0x44148000 f17=0x4152021c
     417825.000 ns	     41781	800080a0	0299ff33	remu	x30,x19,x9	 x19:0x80041024  x9:0xfffffa0e x30=0x80041024
     417845.000 ns	     41783	800080a4	01d81717	auipc	x14,0x1d81	 x14=0x81d890a4
     417865.000 ns	     41785	800080a8	a0551453	flt.s	x8,f10,f5	 f10:0xd0c74fe8  f5:0x7fc00000  x8=0x00000000
     417895.000 ns	     41788	800080ac	e00997d3	fclass.s	x15,f19	 f19:0x7f800000 x15=0x00000080
     417925.000 ns	     41791	800080b0	0217c133	div	x2,x15,x1	 x15:0x00000000  x1:0x00000000  x2=0xffffffff
     417945.000 ns	     41793	800080b4	4087d793	srai	x15,x15,0x8	 x15:0x00000080 x15=0x00000000
     417975.000 ns	     41796	800080b8	188cb453	fdiv.s	f8,f25,f8	 f25:0x7f800000  f8:0x7f800000  f8=0x7fc00000
     418005.000 ns	     41799	800080bc	20c42f53	fsgnjx.s	f30,f8,f12	  f8:0x7f800000 f12:0x00000000 f30=0x7fc00000
     418025.000 ns	     41801	800080c0	2c9b45b7	lui	x11,0x2c9b4	 x11=0x2c9b4000
     418045.000 ns	     41803	800080c4	204e8b53	fsgnj.s	f22,f29,f4	 f29:0x41700000  f4:0x4f7fffff f22=0x41700000
     418065.000 ns	     41805	800080c8	008581b3	add	x3,x11,x8	 x11:0x00000000  x8:0x00000000  x3=0x2c9b4000
     418085.000 ns	     41807	800080cc	027910b3	mulh	x1,x18,x7	 x18:0x00000001  x7:0x00000000  x1=0x00000000
     418115.000 ns	     41810	800080d0	d015fd53	fcvt.s.wu	f26,x11	 x11:0x2c9b4000 f26=0x4e326d00
     418135.000 ns	     41812	800080d4	2481c293	xori	x5,x3,584	  x3:0x2c9b4000  x5=0x2c9b4248
     418155.000 ns	     41814	800080d8	c00c84d3	fcvt.w.s	x9,f25	 f25:0x7f800000  x9=0x7fffffff
     418195.000 ns	     41818	800080dc	18d33cd3	fdiv.s	f25,f6,f13	  f6:0xd978b618 f13:0x80000000 f25=0x7f800000
     418225.000 ns	     41821	800080e0	203a9e53	fsgnjn.s	f28,f21,f3	 f21:0x7f800000  f3:0x50c74fe8 f28=0xff800000
     418245.000 ns	     41823	800080e4	012da0b3	slt	x1,x27,x18	 x27:0x00000000 x18:0x00000001  x1=0x00000001
     418265.000 ns	     41825	800080e8	f0028dd3	fmv.w.x	f27,x5	  x5:0x2c9b4248 f27=0x2c9b4248
     418285.000 ns	     41827	800080ec	0195b4b3	sltu	x9,x11,x25	 x11:0x2c9b4000 x25:0x00000000  x9=0x00000000
     418305.000 ns	     41829	800080f0	28df15d3	fmax.s	f11,f30,f13	 f30:0x7fc00000 f13:0x80000000 f11=0x80000000
     418325.000 ns	     41831	800080f4	408a08b3	sub	x17,x20,x8	 x20:0x00000007  x8:0x00000000 x17=0x00000007
     418345.000 ns	     41833	800080f8	2145a353	fsgnjx.s	f6,f11,f20	 f11:0x80000000 f20:0xd978b627  f6=0x00000000
     418365.000 ns	     41835	800080fc	019f1893	slli	x17,x30,0x19	 x30:0x80041024 x17=0x48000000
     418385.000 ns	     41837	80008100	c00338d3	fcvt.w.s	x17,f6	  f6:0x00000000 x17=0x00000000
     418405.000 ns	     41839	80008104	01e47db3	and	x27,x8,x30	  x8:0x00000000 x30:0x80041024 x27=0x00000000
     418445.000 ns	     41843	80008108	00880bd3	fadd.s	f23,f16,f8	 f16:0x7f800000  f8:0x7fc00000 f23=0x7fc00000
     418475.000 ns	     41846	8000810c	21cca553	fsgnjx.s	f10,f25,f28	 f25:0x7f800000 f28:0xff800000 f10=0xff800000
     418495.000 ns	     41848	80008110	40905913	srai	x18,x0,0x9	  x0:0x00000000 x18=0x00000000
     418535.000 ns	     41852	80008114	017cca53	fadd.s	f20,f25,f23	 f25:0x7f800000 f23:0x7fc00000 f20=0x7fc00000
     418555.000 ns	     41854	80008118	1d018213	addi	x4,x3,464	  x3:0x2c9b4000  x4=0x2c9b41d0
     418565.000 ns	     41855	8000811c	40b45a93	srai	x21,x8,0xb	  x8:0x00000000 x21=0x00000000
     418575.000 ns	     41856	80008120	0136db33	srl	x22,x13,x19	 x13:0xc0470d64 x19:0x80041024 x22=0x0c0470d6
     418595.000 ns	     41858	80008124	21970bd3	fsgnj.s	f23,f14,f25	 f14:0xd978b618 f25:0x7f800000 f23=0x5978b618
     418615.000 ns	     41860	80008128	c0707937	lui	x18,0xc0707	 x18=0xc0707000
     418635.000 ns	     41862	8000812c	28869753	fmax.s	f14,f13,f8	 f13:0x80000000  f8:0x7fc00000 f14=0x80000000
     418655.000 ns	     41864	80008130	00d35093	srli	x1,x6,0xd	  x6:0x00000000  x1=0x00000000
     418675.000 ns	     41866	80008134	03b2aeb3	mulhsu	x29,x5,x27	  x5:0x2c9b4248 x27:0x00000000 x29=0x00000000
     418705.000 ns	     41869	80008138	03136133	rem	x2,x6,x17	  x6:0x00000000 x17:0x00000000  x2=0x00000000
     418735.000 ns	     41872	8000813c	29e806d3	fmin.s	f13,f16,f30	 f16:0x7f800000 f30:0x7fc00000 f13=0x7f800000
     418765.000 ns	     41875	80008140	293a8053	fmin.s	f0,f21,f19	 f21:0x7f800000 f19:0x7f800000  f0=0x7f800000
     418785.000 ns	     41877	80008144	00a00ab3	add	x21,x0,x10	  x0:0x00000000 x10:0x00000200 x21=0x00000200
     418805.000 ns	     41879	80008148	29fc9753	fmax.s	f14,f25,f31	 f25:0x7f800000 f31:0x00000000 f14=0x7f800000
     418845.000 ns	     41883	8000814c	580637d3	fsqrt.s	f15,f12	 f12:0x00000000 f15=0x00000000
     418885.000 ns	     41887	80008150	104b04d3	fmul.s	f9,f22,f4	 f22:0x41700000  f4:0x4f7fffff  f9=0x516fffff
     418915.000 ns	     41890	80008154	f00d0bd3	fmv.w.x	f23,x26	 x26:0x00000000 f23=0x00000000
     418935.000 ns	     41892	80008158	f2c73813	sltiu	x16,x14,-212	 x14:0x81d890a4 x16=0x00000001
     418945.000 ns	     41893	8000815c	01b6dc33	srl	x24,x13,x27	 x13:0xc0470d64 x27:0x00000000 x24=0xc0470d64
     418965.000 ns	     41895	80008160	d01b8453	fcvt.s.wu	f8,x23	 x23:0x80000000  f8=0x4f000000
     418985.000 ns	     41897	80008164	01f00333	add	x6,x0,x31	  x0:0x00000000 x31:0x00000000  x6=0x00000000
     419005.000 ns	     41899	80008168	e0021453	fclass.s	x8,f4	  f4:0x4f7fffff  x8=0x00000040
     419025.000 ns	     41901	8000816c	59857293	andi	x5,x10,1432	 x10:0x00000200  x5=0x00000000
     419045.000 ns	     41903	80008170	202625d3	fsgnjx.s	f11,f12,f2	 f12:0x00000000  f2:0x00000000 f11=0x00000000
     419985.000 ns	     41997	80008174	580e8c53	fsqrt.s	f24,f29	 f29:0x41700000 f24=0x4029b49a
     420005.000 ns	     41999	80008178	004fd093	srli	x1,x31,0x4	 x31:0x00000000  x1=0x00000000
     420025.000 ns	     42001	8000817c	a11d8b53	fle.s	x22,f27,f17	 f27:0x2c9b4248 f17:0x4152021c x22=0x00000001
     420045.000 ns	     42003	80008180	01c89633	sll	x12,x17,x28	 x17:0x00000000 x28:0x80040fe4 x12=0x00000000
     420065.000 ns	     42005	80008184	03196eb3	rem	x29,x18,x17	 x18:0xc0707000 x17:0x00000000 x29=0xc0707000
     420105.000 ns	     42009	80008188	11c528d3	fmul.s	f17,f10,f28	 f10:0xff800000 f28:0xff800000 f17=0x7f800000
     420125.000 ns	     42011	8000818c	b3ee4d97	auipc	x27,0xb3ee4	 x27=0x33eec18c
     420145.000 ns	     42013	80008190	e00e9b53	fclass.s	x22,f29	 f29:0x41700000 x22=0x00000040
     420175.000 ns	     42016	80008194	a0c28653	fle.s	x12,f5,f12	  f5:0x7fc00000 f12:0x00000000 x12=0x00000000
     420225.000 ns	     42021	80008198	00461ad3	fadd.s	f21,f12,f4	 f12:0x00000000  f4:0x4f7fffff f21=0x4f7fffff
     420245.000 ns	     42023	8000819c	01331c33	sll	x24,x6,x19	  x6:0x00000000 x19:0x80041024 x24=0x00000000
     420275.000 ns	     42026	800081a0	19ba4bd3	fdiv.s	f23,f20,f27	 f20:0x7fc00000 f27:0x2c9b4248 f23=0x7fc00000
     420305.000 ns	     42029	800081a4	02bf2033	mulhsu	x0,x30,x11	 x30:0x80041024 x11:0x2c9b4000
     420335.000 ns	     42032	800081a8	d00126d3	fcvt.s.w	f13,x2	  x2:0x00000000 f13=0x00000000
     420365.000 ns	     42035	800081ac	03f14433	div	x8,x2,x31	  x2:0x00000000 x31:0x00000000  x8=0xffffffff
     420395.000 ns	     42038	800081b0	02996b33	rem	x22,x18,x9	 x18:0xc0707000  x9:0x00000000 x22=0xc0707000
     420415.000 ns	     42040	800081b4	ad30cf93	xori	x31,x1,-1325	  x1:0x00000000 x31=0xfffffad3
     420435.000 ns	     42042	800081b8	20769e53	fsgnjn.s	f28,f13,f7	 f13:0x00000000  f7:0x80000000 f28=0x00000000
     420465.000 ns	     42045	800081bc	d0021cd3	fcvt.s.w	f25,x4	  x4:0x2c9b41d0 f25=0x4e326d07
     420495.000 ns	     42048	800081c0	a094a153	feq.s	x2,f9,f9	  f9:0x516fffff  f9:0x516fffff  x2=0x00000001
     420525.000 ns	     42051	800081c4	026d4033	div	x0,x26,x6	 x26:0x00000000  x6:0x00000000
     420555.000 ns	     42054	800081c8	f00f83d3	fmv.w.x	f7,x31	 x31:0xfffffad3  f7=0xfffffad3
     420595.000 ns	     42058	800081cc	113d3953	fmul.s	f18,f26,f19	 f26:0x4e326d00 f19:0x7f800000 f18=0x7f800000
     420625.000 ns	     42061	800081d0	d002ac53	fcvt.s.w	f24,x5	  x5:0x00000000 f24=0x00000000
     420665.000 ns	     42065	800081d4	18b73f53	fdiv.s	f30,f14,f11	 f14:0x7f800000 f11:0x00000000 f30=0x7f800000
     420705.000 ns	     42069	800081d8	58097853	fsqrt.s	f16,f18	 f18:0x7f800000 f16=0x7f800000
     420755.000 ns	     42074	800081dc	08b474d3	fsub.s	f9,f8,f11	  f8:0x4f000000 f11:0x00000000  f9=0x4f000000
     420795.000 ns	     42078	800081e0	11cd7bd3	fmul.s	f23,f26,f28	 f26:0x4e326d00 f28:0x00000000 f23=0x00000000
     420835.000 ns	     42082	800081e4	1960afd3	fdiv.s	f31,f1,f22	  f1:0x7f800000 f22:0x41700000 f31=0x7f800000
     420865.000 ns	     42085	800081e8	c016fc53	fcvt.wu.s	x24,f13	 f13:0x00000000 x24=0x00000000
     420895.000 ns	     42088	800081ec	20800d53	fsgnj.s	f26,f0,f8	  f0:0x7f800000  f8:0x4f000000 f26=0x7f800000
     420915.000 ns	     42090	800081f0	00000013	addi	x0,x0,0	  x0:0x00000000
     420925.000 ns	     42091	800081f4	7690f413	andi	x8,x1,1897	  x1:0x00000000  x8=0x00000000
     420935.000 ns	     42092	800081f8	eac7eb13	ori	x22,x15,-340	 x15:0x00000000 x22=0xfffffeac
     420955.000 ns	     42094	800081fc	217fa853	fsgnjx.s	f16,f31,f23	 f31:0x7f800000 f23:0x00000000 f16=0x7f800000
     420985.000 ns	     42097	80008200	29e29bd3	fmax.s	f23,f5,f30	  f5:0x7fc00000 f30:0x7f800000 f23=0x7f800000
     421015.000 ns	     42100	80008204	e00a84d3	fmv.x.w	x9,f21	 f21:0x4f7fffff  x9=0x4f7fffff
     421035.000 ns	     42102	80008208	40330cb3	sub	x25,x6,x3	  x6:0x00000000  x3:0x2c9b4000 x25=0xd364c000
     421045.000 ns	     42103	8000820c	0058fab3	and	x21,x17,x5	 x17:0x00000000  x5:0x00000000 x21=0x00000000
     421405.000 ns	     42139	80008210	03c87833	remu	x16,x16,x28	 x16:0x00000001 x28:0x80040fe4 x16=0x00000001
     421435.000 ns	     42142	80008214	02128033	mul	x0,x5,x1	  x5:0x00000000  x1:0x00000000
     421465.000 ns	     42145	80008218	f0018f53	fmv.w.x	f30,x3	  x3:0x2c9b4000 f30=0x2c9b4000
     421485.000 ns	     42147	8000821c	93508913	addi	x18,x1,-1739	  x1:0x00000000 x18=0xfffff935
     421845.000 ns	     42183	80008220	03b0d2b3	divu	x5,x1,x27	  x1:0x00000000 x27:0x33eec18c  x5=0x00000000
     421865.000 ns	     42185	80008224	f2f60f93	addi	x31,x12,-209	 x12:0x00000000 x31=0xffffff2f
     421875.000 ns	     42186	80008228	01b1eb33	or	x22,x3,x27	  x3:0x2c9b4000 x27:0x33eec18c x22=0x3fffc18c
     423045.000 ns	     42303	8000822c	580b39d3	fsqrt.s	f19,f22	 f22:0x41700000 f19=0x4029b49a
     423065.000 ns	     42305	80008230	41eb5013	srai	x0,x22,0x1e	 x22:0xfffffeac
     423075.000 ns	     42306	80008234	0190c333	xor	x6,x1,x25	  x1:0x00000000 x25:0xd364c000  x6=0xd364c000
     423085.000 ns	     42307	80008238	004972b3	and	x5,x18,x4	 x18:0xfffff935  x4:0x2c9b41d0  x5=0x2c9b4110
     423095.000 ns	     42308	8000823c	006003b3	add	x7,x0,x6	  x0:0x00000000  x6:0x00000000  x7=0xd364c000
     423105.000 ns	     42309	80008240	bbf12113	slti	x2,x2,-1089	  x2:0x00000001  x2=0x00000000
     423125.000 ns	     42311	80008244	21fc95d3	fsgnjn.s	f11,f25,f31	 f25:0x4e326d07 f31:0x7f800000 f11=0xce326d07
     423155.000 ns	     42314	80008248	02dfa0b3	mulhsu	x1,x31,x13	 x31:0xffffff2f x13:0xc0470d64  x1=0xffffff63
     423185.000 ns	     42317	8000824c	c0114d53	fcvt.wu.s	x26,f2	  f2:0x00000000 x26=0x00000000
     423205.000 ns	     42319	80008250	006f7cb3	and	x25,x30,x6	 x30:0x80041024  x6:0xd364c000 x25=0x80040000
     423215.000 ns	     42320	80008254	00351713	slli	x14,x10,0x3	 x10:0x00000200 x14=0x00001000
     423225.000 ns	     42321	80008258	3010ad13	slti	x26,x1,769	  x1:0xffffff63 x26=0x00000001
     423235.000 ns	     42322	8000825c	407c0ab3	sub	x21,x24,x7	 x24:0x00000000  x7:0xd364c000 x21=0x2c9b4000
     423255.000 ns	     42324	80008260	0328b433	mulhu	x8,x17,x18	 x17:0x00000000 x18:0xfffff935  x8=0x00000000
     423285.000 ns	     42327	80008264	d0157cd3	fcvt.s.wu	f25,x10	 x10:0x00000200 f25=0x44000000
     423305.000 ns	     42329	80008268	019e9033	sll	x0,x29,x25	 x29:0xc0707000 x25:0x80040000
     423315.000 ns	     42330	8000826c	08beb137	lui	x2,0x8beb	  x2=0x08beb000
     423325.000 ns	     42331	80008270	55348e93	addi	x29,x9,1363	  x9:0x4f7fffff x29=0x4f800552
     423345.000 ns	     42333	80008274	212f24d3	fsgnjx.s	f9,f30,f18	 f30:0x2c9b4000 f18:0x7f800000  f9=0x2c9b4000
     423375.000 ns	     42336	80008278	034b0933	mul	x18,x22,x20	 x22:0x3fffc18c x20:0x00000007 x18=0xbffe4ad4
     423405.000 ns	     42339	8000827c	02f987b3	mul	x15,x19,x15	 x19:0x80041024 x15:0x00000000 x15=0x00000000
     423455.000 ns	     42344	80008280	085c2c53	fsub.s	f24,f24,f5	 f24:0x00000000  f5:0x7fc00000 f24=0x7fc00000
     423495.000 ns	     42348	80008284	190fca53	fdiv.s	f20,f31,f16	 f31:0x7f800000 f16:0x7f800000 f20=0x7fc00000
     423515.000 ns	     42350	80008288	770a8313	addi	x6,x21,1904	 x21:0x2c9b4000  x6=0x2c9b4770
     423535.000 ns	     42352	8000828c	e00100d3	fmv.x.w	x1,f2	  f2:0x00000000  x1=0x00000000
     423565.000 ns	     42355	80008290	0236a3b3	mulhsu	x7,x13,x3	 x13:0xc0470d64  x3:0x2c9b4000  x7=0xf4e59164
     423585.000 ns	     42357	80008294	0022b233	sltu	x4,x5,x2	  x5:0x2c9b4110  x2:0x08beb000  x4=0x00000000
     423595.000 ns	     42358	80008298	0197c7b3	xor	x15,x15,x25	 x15:0x00000000 x25:0x80040000 x15=0x80040000
     423605.000 ns	     42359	8000829c	00a25033	srl	x0,x4,x10	  x4:0x2c9b41d0 x10:0x00000200
     423615.000 ns	     42360	800082a0	83decab7	lui	x21,0x83dec	 x21=0x83dec000
     423625.000 ns	     42361	800082a4	00797f33	and	x30,x18,x7	 x18:0xbffe4ad4  x7:0xf4e59164 x30=0xb4e40044
     423635.000 ns	     42362	800082a8	3f110c97	auipc	x25,0x3f110	 x25=0xbf1182a8
     423655.000 ns	     42364	800082ac	022d9eb3	mulh	x29,x27,x2	 x27:0x33eec18c  x2:0x08beb000 x29=0x01c624f4
     423675.000 ns	     42366	800082b0	01e007b3	add	x15,x0,x30	  x0:0x00000000 x30:0xb4e40044 x15=0xb4e40044
     423685.000 ns	     42367	800082b4	407c5513	srai	x10,x24,0x7	 x24:0x00000000 x10=0x00000000
     423695.000 ns	     42368	800082b8	e283ad13	slti	x26,x7,-472	  x7:0xf4e59164 x26=0x00000001
     423705.000 ns	     42369	800082bc	4deacd17	auipc	x26,0x4deac	 x26=0xcdeb42bc
     423715.000 ns	     42370	800082c0	608f3913	sltiu	x18,x30,1544	 x30:0xb4e40044 x18=0x00000000
     423735.000 ns	     42372	800082c4	a0712a53	feq.s	x20,f2,f7	  f2:0x00000000  f7:0xfffffad3 x20=0x00000000
     423755.000 ns	     42374	800082c8	01b4a3b3	slt	x7,x9,x27	  x9:0x4f7fffff x27:0x33eec18c  x7=0x00000000
     423765.000 ns	     42375	800082cc	00d1d3b3	srl	x7,x3,x13	  x3:0x2c9b4000 x13:0xc0470d64  x7=0x02c9b400
     423775.000 ns	     42376	800082d0	a45e3693	sltiu	x13,x28,-1467	 x28:0x80040fe4 x13=0x00000001
     423795.000 ns	     42378	800082d4	031d6d33	rem	x26,x26,x17	 x26:0xcdeb42bc x17:0x00000000 x26=0xcdeb42bc
     423815.000 ns	     42380	800082d8	81a43613	sltiu	x12,x8,-2022	  x8:0x00000000 x12=0x00000001
     423825.000 ns	     42381	800082dc	4c79c237	lui	x4,0x4c79c	  x4=0x4c79c000
     423845.000 ns	     42383	800082e0	29b408d3	fmin.s	f17,f8,f27	  f8:0x4f000000 f27:0x2c9b4248 f17=0x2c9b4248
     423865.000 ns	     42385	800082e4	000947b3	xor	x15,x18,x0	 x18:0x00000000  x0:0x00000000 x15=0x00000000
     423875.000 ns	     42386	800082e8	40158c33	sub	x24,x11,x1	 x11:0x2c9b4000  x1:0x00000000 x24=0x2c9b4000
     423905.000 ns	     42389	800082ec	10a64253	fmul.s	f4,f12,f10	 f12:0x00000000 f10:0xff800000  f4=0x7fc00000
     423925.000 ns	     42391	800082f0	686eca93	xori	x21,x29,1670	 x29:0x01c624f4 x21=0x01c62272
     423935.000 ns	     42392	800082f4	01ee1c93	slli	x25,x28,0x1e	 x28:0x80040fe4 x25=0x00000000
     424295.000 ns	     42428	800082f8	030c6cb3	rem	x25,x24,x16	 x24:0x2c9b4000 x16:0x00000001 x25=0x00000000
     424345.000 ns	     42433	800082fc	005b15d3	fadd.s	f11,f22,f5	 f22:0x41700000  f5:0x7fc00000 f11=0x7fc00000
     424365.000 ns	     42435	80008300	415edf93	srai	x31,x29,0x15	 x29:0x01c624f4 x31=0x0000000e
     424385.000 ns	     42437	80008304	293b0053	fmin.s	f0,f22,f19	 f22:0x41700000 f19:0x4029b49a  f0=0x4029b49a
     424405.000 ns	     42439	80008308	013a43b3	xor	x7,x20,x19	 x20:0x00000000 x19:0x80041024  x7=0x80041024
     424415.000 ns	     42440	8000830c	00000013	addi	x0,x0,0	  x0:0x00000000
     424435.000 ns	     42442	80008310	d010fbd3	fcvt.s.wu	f23,x1	  x1:0x00000000 f23=0x00000000
     424465.000 ns	     42445	80008314	2090a253	fsgnjx.s	f4,f1,f9	  f1:0x7f800000  f9:0x2c9b4000  f4=0x7f800000
     424495.000 ns	     42448	80008318	d0171153	fcvt.s.wu	f2,x14	 x14:0x00001000  f2=0x45800000
     424515.000 ns	     42450	8000831c	00ac72b3	and	x5,x24,x10	 x24:0x2c9b4000 x10:0x00000000  x5=0x00000000
     424525.000 ns	     42451	80008320	018c87b3	add	x15,x25,x24	 x25:0x00000000 x24:0x2c9b4000 x15=0x2c9b4000
     424535.000 ns	     42452	80008324	016f10b3	sll	x1,x30,x22	 x30:0xb4e40044 x22:0x3fffc18c  x1=0x40044000
     424575.000 ns	     42456	80008328	01e27853	fadd.s	f16,f4,f30	  f4:0x7f800000 f30:0x2c9b4000 f16=0x7f800000
     424595.000 ns	     42458	8000832c	00221793	slli	x15,x4,0x2	  x4:0x4c79c000 x15=0x31e70000
     424615.000 ns	     42460	80008330	f00087d3	fmv.w.x	f15,x1	  x1:0x40044000 f15=0x40044000
     424645.000 ns	     42463	80008334	034e5fb3	divu	x31,x28,x20	 x28:0x80040fe4 x20:0x00000000 x31=0xffffffff
     424665.000 ns	     42465	80008338	00db0933	add	x18,x22,x13	 x22:0x3fffc18c x13:0x00000001 x18=0x3fffc18d
     424685.000 ns	     42467	8000833c	024d1833	mulh	x16,x26,x4	 x26:0xcdeb42bc  x4:0x4c79c000 x16=0xf10a0672
     424705.000 ns	     42469	80008340	41aa86b3	sub	x13,x21,x26	 x21:0x01c62272 x26:0xcdeb42bc x13=0x33dadfb6
     425875.000 ns	     42586	80008344	5804f6d3	fsqrt.s	f13,f9	  f9:0x2c9b4000 f13=0x358cf7a1
     425905.000 ns	     42589	80008348	a0981dd3	flt.s	x27,f16,f9	 f16:0x7f800000  f9:0x2c9b4000 x27=0x00000000
     425925.000 ns	     42591	8000834c	01199d33	sll	x26,x19,x17	 x19:0x80041024 x17:0x00000000 x26=0x80041024
     425935.000 ns	     42592	80008350	41c25533	sra	x10,x4,x28	  x4:0x4c79c000 x28:0x80040fe4 x10=0x04c79c00
     426295.000 ns	     42628	80008354	0380fcb3	remu	x25,x1,x24	  x1:0x40044000 x24:0x2c9b4000 x25=0x13690000
     426315.000 ns	     42630	80008358	c5368e93	addi	x29,x13,-941	 x13:0x33dadfb6 x29=0x33dadc09
     426325.000 ns	     42631	8000835c	00919333	sll	x6,x3,x9	  x3:0x2c9b4000  x9:0x4f7fffff  x6=0x00000000
     426685.000 ns	     42667	80008360	03d541b3	div	x3,x10,x29	 x10:0x04c79c00 x29:0x01c624f4  x3=0x00000000
     426715.000 ns	     42670	80008364	29fd1ed3	fmax.s	f29,f26,f31	 f26:0x7f800000 f31:0x7f800000 f29=0x7f800000
     426745.000 ns	     42673	80008368	036c22b3	mulhsu	x5,x24,x22	 x24:0x2c9b4000 x22:0x3fffc18c  x5=0x0b26c51e
     426775.000 ns	     42676	8000836c	a0eb8f53	fle.s	x30,f23,f14	 f23:0x00000000 f14:0x7f800000 x30=0x00000001
     426805.000 ns	     42679	80008370	a0868b53	fle.s	x22,f13,f8	 f13:0x358cf7a1  f8:0x4f000000 x22=0x00000001
     426825.000 ns	     42681	80008374	01b90333	add	x6,x18,x27	 x18:0x3fffc18d x27:0x00000000  x6=0x3fffc18d
     426845.000 ns	     42683	80008378	a01e2953	feq.s	x18,f28,f1	 f28:0x00000000  f1:0x7f800000 x18=0x00000000
     427215.000 ns	     42720	8000837c	03d3f4b3	remu	x9,x7,x29	  x7:0x80041024 x29:0x33dadc09  x9=0x184e5812
     427245.000 ns	     42723	80008380	022d8533	mul	x10,x27,x2	 x27:0x00000000  x2:0x08beb000 x10=0x00000000
     427275.000 ns	     42726	80008384	02b33233	mulhu	x4,x6,x11	  x6:0x3fffc18d x11:0x2c9b4000  x4=0x0b26c51e
     427305.000 ns	     42729	80008388	03b2e8b3	rem	x17,x5,x27	  x5:0x0b26c51e x27:0x00000000 x17=0x0b26c51e
     427335.000 ns	     42732	8000838c	e00f1953	fclass.s	x18,f30	 f30:0x2c9b4000 x18=0x00000040
     427355.000 ns	     42734	80008390	155dc093	xori	x1,x27,341	 x27:0x00000000  x1=0x00000155
     427375.000 ns	     42736	80008394	f00709d3	fmv.w.x	f19,x14	 x14:0x00001000 f19=0x00001000
     427745.000 ns	     42773	80008398	027d7933	remu	x18,x26,x7	 x26:0x80041024  x7:0x80041024 x18=0x00000000
     427765.000 ns	     42775	8000839c	ea7e8697	auipc	x13,0xea7e8	 x13=0x6a7f039c
     427775.000 ns	     42776	800083a0	005628b3	slt	x17,x12,x5	 x12:0x00000001  x5:0x0b26c51e x17=0x00000001
     427795.000 ns	     42778	800083a4	a01010d3	flt.s	x1,f0,f1	  f0:0x4029b49a  f1:0x7f800000  x1=0x00000001
     427825.000 ns	     42781	800083a8	218e8053	fsgnj.s	f0,f29,f24	 f29:0x7f800000 f24:0x7fc00000  f0=0x7f800000
     427845.000 ns	     42783	800083ac	01789f13	slli	x30,x17,0x17	 x17:0x00000001 x30=0x00800000
     427865.000 ns	     42785	800083b0	d00a4f53	fcvt.s.w	f30,x20	 x20:0x00000000 f30=0x00000000
     427895.000 ns	     42788	800083b4	e00d1ed3	fclass.s	x29,f26	 f26:0x7f800000 x29=0x00000080
     427915.000 ns	     42790	800083b8	01f6a033	slt	x0,x13,x31	 x13:0x6a7f039c x31:0xffffffff
     427955.000 ns	     42794	800083bc	013c7e53	fadd.s	f28,f24,f19	 f24:0x7fc00000 f19:0x00001000 f28=0x7fc00000
     427995.000 ns	     42798	800083c0	5805f853	fsqrt.s	f16,f11	 f11:0x7fc00000 f16=0x7fc00000
     428015.000 ns	     42800	800083c4	011108b3	add	x17,x2,x17	  x2:0x08beb000 x17:0x00000001 x17=0x08beb001
     428035.000 ns	     42802	800083c8	29cb93d3	fmax.s	f7,f23,f28	 f23:0x00000000 f28:0x7fc00000  f7=0x00000000
     428065.000 ns	     42805	800083cc	f0070c53	fmv.w.x	f24,x14	 x14:0x00001000 f24=0x00001000
     428095.000 ns	     42808	800083d0	e0070cd3	fmv.x.w	x25,f14	 f14:0x7f800000 x25=0x7f800000
     428115.000 ns	     42810	800083d4	002c0733	add	x14,x24,x2	 x24:0x2c9b4000  x2:0x08beb000 x14=0x3559f000
     428125.000 ns	     42811	800083d8	416e07b3	sub	x15,x28,x22	 x28:0x80040fe4 x22:0x00000001 x15=0x80040fe3
     428135.000 ns	     42812	800083dc	01ee25b3	slt	x11,x28,x30	 x28:0x80040fe4 x30:0x00800000 x11=0x00000001
     428145.000 ns	     42813	800083e0	00301413	slli	x8,x0,0x3	  x0:0x00000000  x8=0x00000000
     428165.000 ns	     42815	800083e4	039e0533	mul	x10,x28,x25	 x28:0x80040fe4 x25:0x7f800000 x10=0x0e000000
     428185.000 ns	     42817	800083e8	62bf6e93	ori	x29,x30,1579	 x30:0x00800000 x29=0x0080062b
     428195.000 ns	     42818	800083ec	00f91493	slli	x9,x18,0xf	 x18:0x00000000  x9=0x00000000
     428205.000 ns	     42819	800083f0	4175d613	srai	x12,x11,0x17	 x11:0x00000001 x12=0x00000000
     428225.000 ns	     42821	800083f4	28649453	fmax.s	f8,f9,f6	  f9:0x2c9b4000  f6:0x00000000  f8=0x2c9b4000
     428255.000 ns	     42824	800083f8	03f8b233	mulhu	x4,x17,x31	 x17:0x08beb001 x31:0xffffffff  x4=0x08beb000
     428285.000 ns	     42827	800083fc	d00df553	fcvt.s.w	f10,x27	 x27:0x00000000 f10=0x00000000
     428305.000 ns	     42829	80008400	d60e7f93	andi	x31,x28,-672	 x28:0x80040fe4 x31=0x80040d60
     428325.000 ns	     42831	80008404	03d6a8b3	mulhsu	x17,x13,x29	 x13:0x6a7f039c x29:0x0080062b x17=0x00354212
     428365.000 ns	     42835	80008408	580675d3	fsqrt.s	f11,f12	 f12:0x00000000 f11=0x00000000
     428395.000 ns	     42838	8000840c	02007533	remu	x10,x0,x0	  x0:0x00000000  x0:0x00000000 x10=0x00000000
     428415.000 ns	     42840	80008410	58087093	andi	x1,x16,1408	 x16:0xf10a0672  x1=0x00000400
     428775.000 ns	     42876	80008414	03e55b33	divu	x22,x10,x30	 x10:0x00000000 x30:0x00800000 x22=0x00000000
     428795.000 ns	     42878	80008418	01405633	srl	x12,x0,x20	  x0:0x00000000 x20:0x00000000 x12=0x00000000
     428805.000 ns	     42879	8000841c	00000013	addi	x0,x0,0	  x0:0x00000000
     428815.000 ns	     42880	80008420	019a17b3	sll	x15,x20,x25	 x20:0x00000000 x25:0x7f800000 x15=0x00000000
     428825.000 ns	     42881	80008424	0183acb3	slt	x25,x7,x24	  x7:0x80041024 x24:0x2c9b4000 x25=0x00000001
     428835.000 ns	     42882	80008428	016235b3	sltu	x11,x4,x22	  x4:0x08beb000 x22:0x00000000 x11=0x00000000
     428845.000 ns	     42883	8000842c	01c7df13	srli	x30,x15,0x1c	 x15:0x00000000 x30=0x00000000
     428875.000 ns	     42886	80008430	580bc153	fsqrt.s	f2,f23	 f23:0x00000000  f2=0x00000000
     428905.000 ns	     42889	80008434	d01173d3	fcvt.s.wu	f7,x2	  x2:0x08beb000  f7=0x4d0beb00
     428935.000 ns	     42892	80008438	032980b3	mul	x1,x19,x18	 x19:0x80041024 x18:0x00000000  x1=0x00000000
     428955.000 ns	     42894	8000843c	a37ae493	ori	x9,x21,-1481	 x21:0x01c62272  x9=0xfffffa77
     428965.000 ns	     42895	80008440	3fa0e513	ori	x10,x1,1018	  x1:0x00000000 x10=0x000003fa
     428985.000 ns	     42897	80008444	c0084c53	fcvt.w.s	x24,f16	 f16:0x7fc00000 x24=0x7fffffff
     429005.000 ns	     42899	80008448	e8136813	ori	x16,x6,-383	  x6:0x3fffc18d x16=0xffffff8d
     429045.000 ns	     42903	8000844c	08572f53	fsub.s	f30,f14,f5	 f14:0x7f800000  f5:0x7fc00000 f30=0x7fc00000
     429065.000 ns	     42905	80008450	009a8333	add	x6,x21,x9	 x21:0x01c62272  x9:0xfffffa77  x6=0x01c61ce9
     429075.000 ns	     42906	80008454	01c01d93	slli	x27,x0,0x1c	  x0:0x00000000 x27=0x00000000
     429085.000 ns	     42907	80008458	01977733	and	x14,x14,x25	 x14:0x3559f000 x25:0x00000001 x14=0x00000000
     429105.000 ns	     42909	8000845c	d014ff53	fcvt.s.wu	f30,x9	  x9:0xfffffa77 f30=0x4f7ffffa
     429125.000 ns	     42911	80008460	0091a3b3	slt	x7,x3,x9	  x3:0x00000000  x9:0xfffffa77  x7=0x00000000
     429145.000 ns	     42913	80008464	a1f0a753	feq.s	x14,f1,f31	  f1:0x7f800000 f31:0x7f800000 x14=0x00000001
     429165.000 ns	     42915	80008468	30bc2313	slti	x6,x24,779	 x24:0x7fffffff  x6=0x00000000
     429185.000 ns	     42917	8000846c	d01048d3	fcvt.s.wu	f17,x0	  x0:0x00000000 f17=0x00000000
     429205.000 ns	     42919	80008470	015e14b3	sll	x9,x28,x21	 x28:0x80040fe4 x21:0x01c62272  x9=0x3f900000
     429225.000 ns	     42921	80008474	28d985d3	fmin.s	f11,f19,f13	 f19:0x00001000 f13:0x358cf7a1 f11=0x00001000
     429245.000 ns	     42923	80008478	dbda8413	addi	x8,x21,-579	 x21:0x01c62272  x8=0x01c6202f
     429255.000 ns	     42924	8000847c	005c5913	srli	x18,x24,0x5	 x24:0x7fffffff x18=0x03ffffff
     429275.000 ns	     42926	80008480	a04c9ad3	flt.s	x21,f25,f4	 f25:0x44000000  f4:0x7f800000 x21=0x00000001
     429295.000 ns	     42928	80008484	41b40fb3	sub	x31,x8,x27	  x8:0x01c6202f x27:0x00000000 x31=0x01c6202f
     429305.000 ns	     42929	80008488	01c58133	add	x2,x11,x28	 x11:0x00000000 x28:0x80040fe4  x2=0x80040fe4
     429325.000 ns	     42931	8000848c	c000cdd3	fcvt.w.s	x27,f1	  f1:0x7f800000 x27=0x7fffffff
     429345.000 ns	     42933	80008490	f6d2f613	andi	x12,x5,-147	  x5:0x0b26c51e x12=0x0b26c50c
     429705.000 ns	     42969	80008494	02a2df33	divu	x30,x5,x10	  x5:0x0b26c51e x10:0x000003fa x30=0x0002cde6
     429725.000 ns	     42971	80008498	011231b3	sltu	x3,x4,x17	  x4:0x08beb000 x17:0x00354212  x3=0x00000000
     429745.000 ns	     42973	8000849c	02775b33	divu	x22,x14,x7	 x14:0x00000001  x7:0x00000000 x22=0xffffffff
     429765.000 ns	     42975	800084a0	abafcc13	xori	x24,x31,-1350	 x31:0x01c6202f x24=0xfe39da95
     429785.000 ns	     42977	800084a4	027408b3	mul	x17,x8,x7	  x8:0x01c6202f  x7:0x00000000 x17=0x00000000
     429815.000 ns	     42980	800084a8	031d0833	mul	x16,x26,x17	 x26:0x80041024 x17:0x00354212 x16=0x00000000
     429845.000 ns	     42983	800084ac	c012f853	fcvt.wu.s	x16,f5	  f5:0x7fc00000 x16=0xffffffff
     429875.000 ns	     42986	800084b0	a0352b53	feq.s	x22,f10,f3	 f10:0x00000000  f3:0x50c74fe8 x22=0x00000000
     429905.000 ns	     42989	800084b4	a1240cd3	fle.s	x25,f8,f18	  f8:0x2c9b4000 f18:0x7f800000 x25=0x00000001
     429935.000 ns	     42992	800084b8	213f93d3	fsgnjn.s	f7,f31,f19	 f31:0x7f800000 f19:0x00001000  f7=0xff800000
     429975.000 ns	     42996	800084bc	58027ed3	fsqrt.s	f29,f4	  f4:0x7f800000 f29=0x7f800000
     430005.000 ns	     42999	800084c0	a17caed3	feq.s	x29,f25,f23	 f25:0x44000000 f23:0x00000000 x29=0x00000000
     430045.000 ns	     43003	800084c4	580d24d3	fsqrt.s	f9,f26	 f26:0x7f800000  f9=0x7f800000
     430065.000 ns	     43005	800084c8	400c0933	sub	x18,x24,x0	 x24:0xfe39da95  x0:0x00000000 x18=0xfe39da95
     430075.000 ns	     43006	800084cc	4fcf6a93	ori	x21,x30,1276	 x30:0x0002cde6 x21=0x0002cdfe
     430085.000 ns	     43007	800084d0	010073b3	and	x7,x0,x16	  x0:0x00000000 x16:0xffffffff  x7=0x00000000
     430095.000 ns	     43008	800084d4	00f4fc33	and	x24,x9,x15	  x9:0x3f900000 x15:0x00000000 x24=0x00000000
     430115.000 ns	     43010	800084d8	e00d9053	fclass.s	x0,f27	 f27:0x2c9b4248
     430145.000 ns	     43013	800084dc	29fb03d3	fmin.s	f7,f22,f31	 f22:0x41700000 f31:0x7f800000  f7=0x41700000
     430175.000 ns	     43016	800084e0	034a8233	mul	x4,x21,x20	 x21:0x0002cdfe x20:0x00000000  x4=0x00000000
     430195.000 ns	     43018	800084e4	41e8da13	srai	x20,x17,0x1e	 x17:0x00000000 x20=0x00000000
     430215.000 ns	     43020	800084e8	032fbfb3	mulhu	x31,x31,x18	 x31:0x01c6202f x18:0xfe39da95 x31=0x01c2fa8f
     430235.000 ns	     43022	800084ec	48bf4d13	xori	x26,x30,1163	 x30:0x0002cde6 x26=0x0002c96d
     430255.000 ns	     43024	800084f0	c0177753	fcvt.wu.s	x14,f14	 f14:0x7f800000 x14=0xffffffff
     430625.000 ns	     43061	800084f4	0224e2b3	rem	x5,x9,x2	  x9:0x3f900000  x2:0x80040fe4  x5=0x3f900000
     430645.000 ns	     43063	800084f8	c5c8f293	andi	x5,x17,-932	 x17:0x00000000  x5=0x00000000
     430655.000 ns	     43064	800084fc	97cf8d13	addi	x26,x31,-1668	 x31:0x01c2fa8f x26=0x01c2f40b
     430665.000 ns	     43065	80008500	008adc93	srli	x25,x21,0x8	 x21:0x0002cdfe x25=0x000002cd
     430685.000 ns	     43067	80008504	a195aad3	feq.s	x21,f11,f25	 f11:0x00001000 f25:0x44000000 x21=0x00000000
     430715.000 ns	     43070	80008508	20758f53	fsgnj.s	f30,f11,f7	 f11:0x00001000  f7:0x41700000 f30=0x00001000
     430745.000 ns	     43073	8000850c	a1520553	fle.s	x10,f4,f21	  f4:0x7f800000 f21:0x4f7fffff x10=0x00000000
     430765.000 ns	     43075	80008510	01e35413	srli	x8,x6,0x1e	  x6:0x00000000  x8=0x00000000
     430785.000 ns	     43077	80008514	287e99d3	fmax.s	f19,f29,f7	 f29:0x7f800000  f7:0x41700000 f19=0x7f800000
     430815.000 ns	     43080	80008518	03830f33	mul	x30,x6,x24	  x6:0x00000000 x24:0x00000000 x30=0x00000000
     430835.000 ns	     43082	8000851c	fb2ef393	andi	x7,x29,-78	 x29:0x00000000  x7=0x00000000
     430845.000 ns	     43083	80008520	9602fa13	andi	x20,x5,-1696	  x5:0x00000000 x20=0x00000000
     430855.000 ns	     43084	80008524	d1deb393	sltiu	x7,x29,-739	 x29:0x00000000  x7=0x00000001
     430875.000 ns	     43086	80008528	21541353	fsgnjn.s	f6,f8,f21	  f8:0x2c9b4000 f21:0x4f7fffff  f6=0xac9b4000
     430905.000 ns	     43089	8000852c	c01f9c53	fcvt.wu.s	x24,f31	 f31:0x7f800000 x24=0xffffffff
     430925.000 ns	     43091	80008530	8a456213	ori	x4,x10,-1884	 x10:0x00000000  x4=0xfffff8a4
     430935.000 ns	     43092	80008534	00fb5f13	srli	x30,x22,0xf	 x22:0x00000000 x30=0x00000000
     430955.000 ns	     43094	80008538	e00f1a53	fclass.s	x20,f30	 f30:0x00001000 x20=0x00000020
     430975.000 ns	     43096	8000853c	014bbdb3	sltu	x27,x23,x20	 x23:0x80000000 x20:0x00000000 x27=0x00000000
     430985.000 ns	     43097	80008540	0009b5b3	sltu	x11,x19,x0	 x19:0x80041024  x0:0x00000000 x11=0x00000000
     430995.000 ns	     43098	80008544	00088cb3	add	x25,x17,x0	 x17:0x00000000  x0:0x00000000 x25=0x00000000
     431015.000 ns	     43100	80008548	02a5d0b3	divu	x1,x11,x10	 x11:0x00000000 x10:0x00000000  x1=0xffffffff
     431045.000 ns	     43103	8000854c	026facb3	mulhsu	x25,x31,x6	 x31:0x01c2fa8f  x6:0x00000000 x25=0x00000000
     431075.000 ns	     43106	80008550	218f1053	fsgnjn.s	f0,f30,f24	 f30:0x00001000 f24:0x00001000  f0=0x80001000
     431105.000 ns	     43109	80008554	d00dccd3	fcvt.s.w	f25,x27	 x27:0x00000000 f25=0x00000000
     431135.000 ns	     43112	80008558	02a4ec33	rem	x24,x9,x10	  x9:0x3f900000 x10:0x00000000 x24=0x3f900000
     431155.000 ns	     43114	8000855c	00868db3	add	x27,x13,x8	 x13:0x6a7f039c  x8:0x00000000 x27=0x6a7f039c
     431175.000 ns	     43116	80008560	a17720d3	feq.s	x1,f14,f23	 f14:0x7f800000 f23:0x00000000  x1=0x00000000
     431195.000 ns	     43118	80008564	40280233	sub	x4,x16,x2	 x16:0xffffffff  x2:0x80040fe4  x4=0x7ffbf01b
     431215.000 ns	     43120	80008568	a1db2653	feq.s	x12,f22,f29	 f22:0x41700000 f29:0x7f800000 x12=0x00000000
     431245.000 ns	     43123	8000856c	202411d3	fsgnjn.s	f3,f8,f2	  f8:0x2c9b4000  f2:0x00000000  f3=0xac9b4000
     431265.000 ns	     43125	80008570	a0216793	ori	x15,x2,-1534	  x2:0x80040fe4 x15=0xffffffe6
     431275.000 ns	     43126	80008574	01779913	slli	x18,x15,0x17	 x15:0x00000000 x18=0xf3000000
     431295.000 ns	     43128	80008578	02aadd33	divu	x26,x21,x10	 x21:0x00000000 x10:0x00000000 x26=0xffffffff
     431315.000 ns	     43130	8000857c	b4f7f117	auipc	x2,0xb4f7f	  x2=0x34f8757c
     431325.000 ns	     43131	80008580	419c5133	sra	x2,x24,x25	 x24:0x3f900000 x25:0x00000000  x2=0x3f900000
     431335.000 ns	     43132	80008584	4030dc93	srai	x25,x1,0x3	  x1:0x00000000 x25=0x00000000
     431355.000 ns	     43134	80008588	02bd5db3	divu	x27,x26,x11	 x26:0xffffffff x11:0x00000000 x27=0xffffffff
     431385.000 ns	     43137	8000858c	e00c1553	fclass.s	x10,f24	 f24:0x00001000 x10=0x00000020
     431405.000 ns	     43139	80008590	8c1f8337	lui	x6,0x8c1f8	  x6=0x8c1f8000
     431435.000 ns	     43142	80008594	18257853	fdiv.s	f16,f10,f2	 f10:0x00000000  f2:0x00000000 f16=0x7fc00000
     431465.000 ns	     43145	80008598	e0030253	fmv.x.w	x4,f6	  f6:0xac9b4000  x4=0xac9b4000
     431485.000 ns	     43147	8000859c	00571cb3	sll	x25,x14,x5	 x14:0xffffffff  x5:0x00000000 x25=0xffffffff
     431495.000 ns	     43148	800085a0	40c055b3	sra	x11,x0,x12	  x0:0x00000000 x12:0x00000000 x11=0x00000000
     431515.000 ns	     43150	800085a4	e00703d3	fmv.x.w	x7,f14	 f14:0x7f800000  x7=0x7f800000
     431545.000 ns	     43153	800085a8	e00685d3	fmv.x.w	x11,f13	 f13:0x358cf7a1 x11=0x358cf7a1
     431575.000 ns	     43156	800085ac	20b092d3	fsgnjn.s	f5,f1,f11	  f1:0x7f800000 f11:0x00001000  f5=0xff800000
     431595.000 ns	     43158	800085b0	40d452b3	sra	x5,x8,x13	  x8:0x00000000 x13:0x6a7f039c  x5=0x00000000
     431605.000 ns	     43159	800085b4	00b29c93	slli	x25,x5,0xb	  x5:0x00000000 x25=0x00000000
     431625.000 ns	     43161	800085b8	02527333	remu	x6,x4,x5	  x4:0xac9b4000  x5:0x00000000  x6=0xac9b4000
     431655.000 ns	     43164	800085bc	e0038ed3	fmv.x.w	x29,f7	  f7:0x41700000 x29=0x41700000
     431675.000 ns	     43166	800085c0	0085f4b3	and	x9,x11,x8	 x11:0x358cf7a1  x8:0x00000000  x9=0x00000000
     431695.000 ns	     43168	800085c4	d00279d3	fcvt.s.w	f19,x4	  x4:0xac9b4000 f19=0xcea6c980
     431725.000 ns	     43171	800085c8	a1c72053	feq.s	x0,f14,f28	 f14:0x7f800000 f28:0x7fc00000
     431755.000 ns	     43174	800085cc	21f2add3	fsgnjx.s	f27,f5,f31	  f5:0xff800000 f31:0x7f800000 f27=0xff800000
     431785.000 ns	     43177	800085d0	d0177ad3	fcvt.s.wu	f21,x14	 x14:0xffffffff f21=0x4f7fffff
     431805.000 ns	     43179	800085d4	01c67333	and	x6,x12,x28	 x12:0x00000000 x28:0x80040fe4  x6=0x00000000
     431815.000 ns	     43180	800085d8	01a2ca33	xor	x20,x5,x26	  x5:0x00000000 x26:0xffffffff x20=0xffffffff
     431825.000 ns	     43181	800085dc	002810b3	sll	x1,x16,x2	 x16:0xffffffff  x2:0x3f900000  x1=0xffffffff
     431845.000 ns	     43183	800085e0	e00f1053	fclass.s	x0,f30	 f30:0x00001000
     431865.000 ns	     43185	800085e4	0af40217	auipc	x4,0xaf40	  x4=0x8af485e4
     431875.000 ns	     43186	800085e8	00442a33	slt	x20,x8,x4	  x8:0x00000000  x4:0xac9b4000 x20=0x00000000
     431895.000 ns	     43188	800085ec	03c92cb3	mulhsu	x25,x18,x28	 x18:0xf3000000 x28:0x80040fe4 x25=0xf97fcb31
     431935.000 ns	     43192	800085f0	19617153	fdiv.s	f2,f2,f22	  f2:0x00000000 f22:0x41700000  f2=0x00000000
     431955.000 ns	     43194	800085f4	4111d493	srai	x9,x3,0x11	  x3:0x00000000  x9=0x00000000
     431965.000 ns	     43195	800085f8	cea43f17	auipc	x30,0xcea43	 x30=0x4ea4b5f8
     431975.000 ns	     43196	800085fc	01f91c13	slli	x24,x18,0x1f	 x18:0xf3000000 x24=0x00000000
     431995.000 ns	     43198	80008600	28d30553	fmin.s	f10,f6,f13	  f6:0xac9b4000 f13:0x358cf7a1 f10=0xac9b4000
     432365.000 ns	     43235	80008604	03a9cab3	div	x21,x19,x26	 x19:0x80041024 x26:0xffffffff x21=0x7ffbefdc
     432385.000 ns	     43237	80008608	41630a33	sub	x20,x6,x22	  x6:0x00000000 x22:0x00000000 x20=0x00000000
     432395.000 ns	     43238	8000860c	01718fb3	add	x31,x3,x23	  x3:0x00000000 x23:0x80000000 x31=0x80000000
     432405.000 ns	     43239	80008610	003666b3	or	x13,x12,x3	 x12:0x00000000  x3:0x00000000 x13=0x00000000
     432435.000 ns	     43242	80008614	580dffd3	fsqrt.s	f31,f27	 f27:0xff800000 f31=0x7fc00000
     432465.000 ns	     43245	80008618	20e10ad3	fsgnj.s	f21,f2,f14	  f2:0x00000000 f14:0x7f800000 f21=0x00000000
     432495.000 ns	     43248	8000861c	a0df8853	fle.s	x16,f31,f13	 f31:0x7fc00000 f13:0x358cf7a1 x16=0x00000000
     432525.000 ns	     43251	80008620	217085d3	fsgnj.s	f11,f1,f23	  f1:0x7f800000 f23:0x00000000 f11=0x7f800000
     432555.000 ns	     43254	80008624	a0379dd3	flt.s	x27,f15,f3	 f15:0x40044000  f3:0xac9b4000 x27=0x00000000
     432575.000 ns	     43256	80008628	fd297593	andi	x11,x18,-46	 x18:0xf3000000 x11=0xf3000000
     432595.000 ns	     43258	8000862c	21bd9d53	fsgnjn.s	f26,f27,f27	 f27:0xff800000 f27:0xff800000 f26=0x7f800000
     432615.000 ns	     43260	80008630	eeb1c413	xori	x8,x3,-277	  x3:0x00000000  x8=0xfffffeeb
     432635.000 ns	     43262	80008634	f0060953	fmv.w.x	f18,x12	 x12:0x00000000 f18=0x00000000
     432665.000 ns	     43265	80008638	21be0dd3	fsgnj.s	f27,f28,f27	 f28:0x7fc00000 f27:0xff800000 f27=0xffc00000
     432685.000 ns	     43267	8000863c	e15fab13	slti	x22,x31,-491	 x31:0x80000000 x22=0x00000001
     432705.000 ns	     43269	80008640	c01e78d3	fcvt.wu.s	x17,f28	 f28:0x7fc00000 x17=0xffffffff
     432735.000 ns	     43272	80008644	d01fb3d3	fcvt.s.wu	f7,x31	 x31:0x80000000  f7=0x4f000000
     432765.000 ns	     43275	80008648	d00df153	fcvt.s.w	f2,x27	 x27:0x00000000  f2=0x00000000
     432795.000 ns	     43278	8000864c	023c25b3	mulhsu	x11,x24,x3	 x24:0x00000000  x3:0x00000000 x11=0x00000000
     432815.000 ns	     43280	80008650	00ec41b3	xor	x3,x24,x14	 x24:0x00000000 x14:0xffffffff  x3=0xffffffff
     432825.000 ns	     43281	80008654	5508ea93	ori	x21,x17,1360	 x17:0xffffffff x21=0xffffffff
     432845.000 ns	     43283	80008658	a06baf53	feq.s	x30,f23,f6	 f23:0x00000000  f6:0xac9b4000 x30=0x00000000
     432875.000 ns	     43286	8000865c	c01b7853	fcvt.wu.s	x16,f22	 f22:0x41700000 x16=0x0000000f
     432895.000 ns	     43288	80008660	41120033	sub	x0,x4,x17	  x4:0x8af485e4 x17:0xffffffff
     433255.000 ns	     43324	80008664	02864f33	div	x30,x12,x8	 x12:0x00000000  x8:0xfffffeeb x30=0x00000000
     433275.000 ns	     43326	80008668	41e45593	srai	x11,x8,0x1e	  x8:0xfffffeeb x11=0xffffffff
     433295.000 ns	     43328	8000866c	02c79233	mulh	x4,x15,x12	 x15:0xffffffe6 x12:0x00000000  x4=0x00000000
     433325.000 ns	     43331	80008670	e00c0ad3	fmv.x.w	x21,f24	 f24:0x00001000 x21=0x00001000
     433355.000 ns	     43334	80008674	c0149cd3	fcvt.wu.s	x25,f9	  f9:0x7f800000 x25=0xffffffff
     433375.000 ns	     43336	80008678	00000013	addi	x0,x0,0	  x0:0x00000000
     433395.000 ns	     43338	8000867c	e0040953	fmv.x.w	x18,f8	  f8:0x2c9b4000 x18=0x2c9b4000
     433425.000 ns	     43341	80008680	a0b9acd3	feq.s	x25,f19,f11	 f19:0xcea6c980 f11:0x7f800000 x25=0x00000000
     433455.000 ns	     43344	80008684	d000fd53	fcvt.s.w	f26,x1	  x1:0xffffffff f26=0xbf800000
     433475.000 ns	     43346	80008688	00c4df93	srli	x31,x9,0xc	  x9:0x00000000 x31=0x00000000
     433495.000 ns	     43348	8000868c	e00a8453	fmv.x.w	x8,f21	 f21:0x00000000  x8=0x00000000
     433525.000 ns	     43351	80008690	296419d3	fmax.s	f19,f8,f22	  f8:0x2c9b4000 f22:0x41700000 f19=0x41700000
     433555.000 ns	     43354	80008694	e00e8753	fmv.x.w	x14,f29	 f29:0x7f800000 x14=0x7f800000
     433925.000 ns	     43391	80008698	02b1f033	remu	x0,x3,x11	  x3:0xffffffff x11:0xffffffff
     433945.000 ns	     43393	8000869c	407e81b3	sub	x3,x29,x7	 x29:0x41700000  x7:0x7f800000  x3=0xc1f00000
     433955.000 ns	     43394	800086a0	00c7e133	or	x2,x15,x12	 x15:0xffffffe6 x12:0x00000000  x2=0xffffffe6
     433975.000 ns	     43396	800086a4	020a6533	rem	x10,x20,x0	 x20:0x00000000  x0:0x00000000 x10=0x00000000
     434005.000 ns	     43399	800086a8	03151d33	mulh	x26,x10,x17	 x10:0x00000020 x17:0xffffffff x26=0x00000000
     434025.000 ns	     43401	800086ac	e0a57b13	andi	x22,x10,-502	 x10:0x00000000 x22=0x00000000
     434385.000 ns	     43437	800086b0	02e4e3b3	rem	x7,x9,x14	  x9:0x00000000 x14:0x7f800000  x7=0x00000000
     434425.000 ns	     43441	800086b4	58087bd3	fsqrt.s	f23,f16	 f16:0x7fc00000 f23=0x7fc00000
     434445.000 ns	     43443	800086b8	01329393	slli	x7,x5,0x13	  x5:0x00000000  x7=0x00000000
     434455.000 ns	     43444	800086bc	4192d6b3	sra	x13,x5,x25	  x5:0x00000000 x25:0x00000000 x13=0x00000000
     434465.000 ns	     43445	800086c0	0196bdb3	sltu	x27,x13,x25	 x13:0x00000000 x25:0x00000000 x27=0x00000000
     434475.000 ns	     43446	800086c4	00a3c6b3	xor	x13,x7,x10	  x7:0x00000000 x10:0x00000000 x13=0x00000000
     434495.000 ns	     43448	800086c8	029edc33	divu	x24,x29,x9	 x29:0x41700000  x9:0x00000000 x24=0xffffffff
     434515.000 ns	     43450	800086cc	9b930893	addi	x17,x6,-1607	  x6:0x00000000 x17=0xfffff9b9
     434525.000 ns	     43451	800086d0	01aa71b3	and	x3,x20,x26	 x20:0x00000000 x26:0x00000000  x3=0x00000000
     434555.000 ns	     43454	800086d4	11848bd3	fmul.s	f23,f9,f24	  f9:0x7f800000 f24:0x00001000 f23=0x7f800000
     434575.000 ns	     43456	800086d8	37f2e393	ori	x7,x5,895	  x5:0x00000000  x7=0x0000037f
     434595.000 ns	     43458	800086dc	200508d3	fsgnj.s	f17,f10,f0	 f10:0xac9b4000  f0:0x80001000 f17=0xac9b4000
     434625.000 ns	     43461	800086e0	21be2853	fsgnjx.s	f16,f28,f27	 f28:0x7fc00000 f27:0xffc00000 f16=0xffc00000
     434645.000 ns	     43463	800086e4	be69b397	auipc	x7,0xbe69b	  x7=0x3e6a36e4
     435005.000 ns	     43499	800086e8	02bee333	rem	x6,x29,x11	 x29:0x41700000 x11:0xffffffff  x6=0x00000000
     435025.000 ns	     43501	800086ec	97e2e093	ori	x1,x5,-1666	  x5:0x00000000  x1=0xfffff97e
     435045.000 ns	     43503	800086f0	284c8cd3	fmin.s	f25,f25,f4	 f25:0x00000000  f4:0x7f800000 f25=0x00000000
     435065.000 ns	     43505	800086f4	002d0a33	add	x20,x26,x2	 x26:0x00000000  x2:0xffffffe6 x20=0xffffffe6
     435085.000 ns	     43507	800086f8	a18a27d3	feq.s	x15,f20,f24	 f20:0x7fc00000 f24:0x00001000 x15=0x00000000
     435105.000 ns	     43509	800086fc	49de4493	xori	x9,x28,1181	 x28:0x80040fe4  x9=0x80040b79
     435115.000 ns	     43510	80008700	5ab42393	slti	x7,x8,1451	  x8:0x00000000  x7=0x00000001
     435145.000 ns	     43513	80008704	5808a453	fsqrt.s	f8,f17	 f17:0xac9b4000  f8=0x7fc00000
     435195.000 ns	     43518	80008708	00a7f1d3	fadd.s	f3,f15,f10	 f15:0x40044000 f10:0xac9b4000  f3=0x40043fff
     435215.000 ns	     43520	8000870c	1a59ff13	andi	x30,x19,421	 x19:0x80041024 x30=0x00000024
     435235.000 ns	     43522	80008710	a0729753	flt.s	x14,f5,f7	  f5:0xff800000  f7:0x4f000000 x14=0x00000001
     435255.000 ns	     43524	80008714	01dd5113	srli	x2,x26,0x1d	 x26:0x00000000  x2=0x00000000
     435265.000 ns	     43525	80008718	73a4e393	ori	x7,x9,1850	  x9:0x80040b79  x7=0x80040f7b
     435275.000 ns	     43526	8000871c	0113e8b3	or	x17,x7,x17	  x7:0x00000001 x17:0xfffff9b9 x17=0xfffffffb
     435315.000 ns	     43530	80008720	0903b4d3	fsub.s	f9,f7,f16	  f7:0x4f000000 f16:0xffc00000  f9=0x7fc00000
     435335.000 ns	     43532	80008724	01bbc633	xor	x12,x23,x27	 x23:0x80000000 x27:0x00000000 x12=0x80000000
     435345.000 ns	     43533	80008728	40ed5313	srai	x6,x26,0xe	 x26:0x00000000  x6=0x00000000
     435355.000 ns	     43534	8000872c	410da493	slti	x9,x27,1040	 x27:0x00000000  x9=0x00000001
     435365.000 ns	     43535	80008730	0178dd93	srli	x27,x17,0x17	 x17:0xfffffffb x27=0x000001ff
     435375.000 ns	     43536	80008734	417d8db3	sub	x27,x27,x23	 x27:0x00000000 x23:0x80000000 x27=0x800001ff
     435385.000 ns	     43537	80008738	3c7a6637	lui	x12,0x3c7a6	 x12=0x3c7a6000
     435395.000 ns	     43538	8000873c	2fe67c93	andi	x25,x12,766	 x12:0x80000000 x25=0x00000000
     435415.000 ns	     43540	80008740	03579cb3	mulh	x25,x15,x21	 x15:0x00000000 x21:0x00001000 x25=0x00000000
     435455.000 ns	     43544	80008744	108630d3	fmul.s	f1,f12,f8	 f12:0x00000000  f8:0x7fc00000  f1=0x7fc00000
     435485.000 ns	     43547	80008748	e0090453	fmv.x.w	x8,f18	 f18:0x00000000  x8=0x00000000
     435505.000 ns	     43549	8000874c	00fa4cb3	xor	x25,x20,x15	 x20:0xffffffe6 x15:0x00000000 x25=0xffffffe6
     435535.000 ns	     43552	80008750	58008b53	fsqrt.s	f22,f1	  f1:0x7fc00000 f22=0x7fc00000
     435555.000 ns	     43554	80008754	41c1dc93	srai	x25,x3,0x1c	  x3:0x00000000 x25=0x00000000
     435575.000 ns	     43556	80008758	294f8253	fmin.s	f4,f31,f20	 f31:0x7fc00000 f20:0x7fc00000  f4=0x7fc00000
     435945.000 ns	     43593	8000875c	03737d33	remu	x26,x6,x23	  x6:0x00000000 x23:0x80000000 x26=0x00000000
     435965.000 ns	     43595	80008760	7f717f93	andi	x31,x2,2039	  x2:0x00000000 x31=0x00000000
     435975.000 ns	     43596	80008764	3b36a517	auipc	x10,0x3b36a	 x10=0xbb372764
     435985.000 ns	     43597	80008768	4795f8b7	lui	x17,0x4795f	 x17=0x4795f000
     436005.000 ns	     43599	8000876c	f00f00d3	fmv.w.x	f1,x30	 x30:0x00000024  f1=0x00000024
     436045.000 ns	     43603	80008770	580b7053	fsqrt.s	f0,f22	 f22:0x7fc00000  f0=0x7fc00000
     436075.000 ns	     43606	80008774	2024ab53	fsgnjx.s	f22,f9,f2	  f9:0x7fc00000  f2:0x00000000 f22=0x7fc00000
     436095.000 ns	     43608	80008778	00734633	xor	x12,x6,x7	  x6:0x00000000  x7:0x80040f7b x12=0x80040f7b
     436115.000 ns	     43610	8000877c	03abeb33	rem	x22,x23,x26	 x23:0x80000000 x26:0x00000000 x22=0x80000000
     436135.000 ns	     43612	80008780	01d95cb3	srl	x25,x18,x29	 x18:0x2c9b4000 x29:0x41700000 x25=0x2c9b4000
     436155.000 ns	     43614	80008784	020da8b3	mulhsu	x17,x27,x0	 x27:0x800001ff  x0:0x00000000 x17=0x00000000
     436185.000 ns	     43617	80008788	29548753	fmin.s	f14,f9,f21	  f9:0x7fc00000 f21:0x00000000 f14=0x00000000
     436215.000 ns	     43620	8000878c	023a11b3	mulh	x3,x20,x3	 x20:0xffffffe6  x3:0x00000000  x3=0x00000000
     436245.000 ns	     43623	80008790	20888353	fsgnj.s	f6,f17,f8	 f17:0xac9b4000  f8:0x7fc00000  f6=0x2c9b4000
     436615.000 ns	     43660	80008794	03b0ffb3	remu	x31,x1,x27	  x1:0xfffff97e x27:0x800001ff x31=0x7ffff77f
     436635.000 ns	     43662	80008798	018d1013	slli	x0,x26,0x18	 x26:0x00000000
     436645.000 ns	     43663	8000879c	fd6d8e93	addi	x29,x27,-42	 x27:0x800001ff x29=0x800001d5
     436665.000 ns	     43665	800087a0	28d09153	fmax.s	f2,f1,f13	  f1:0x00000024 f13:0x358cf7a1  f2=0x358cf7a1
     436695.000 ns	     43668	800087a4	a1229ed3	flt.s	x29,f5,f18	  f5:0xff800000 f18:0x00000000 x29=0x00000001
     436735.000 ns	     43672	800087a8	1184be53	fmul.s	f28,f9,f24	  f9:0x7fc00000 f24:0x00001000 f28=0x7fc00000
     436755.000 ns	     43674	800087ac	c26f2a93	slti	x21,x30,-986	 x30:0x00000024 x21=0x00000000
     436775.000 ns	     43676	800087b0	285417d3	fmax.s	f15,f8,f5	  f8:0x7fc00000  f5:0xff800000 f15=0xff800000
     436805.000 ns	     43679	800087b4	e00b0a53	fmv.x.w	x20,f22	 f22:0x7fc00000 x20=0x7fc00000
     436825.000 ns	     43681	800087b8	00f117b3	sll	x15,x2,x15	  x2:0x00000000 x15:0x00000000 x15=0x00000000
     436835.000 ns	     43682	800087bc	c022bc93	sltiu	x25,x5,-1022	  x5:0x00000000 x25=0x00000001
     436855.000 ns	     43684	800087c0	033704b3	mul	x9,x14,x19	 x14:0x00000001 x19:0x80041024  x9=0x80041024
     436885.000 ns	     43687	800087c4	f0048fd3	fmv.w.x	f31,x9	  x9:0x00000001 f31=0x80041024
     436905.000 ns	     43689	800087c8	96478f93	addi	x31,x15,-1692	 x15:0x00000000 x31=0xfffff964
     436915.000 ns	     43690	800087cc	008c50b3	srl	x1,x24,x8	 x24:0xffffffff  x8:0x00000000  x1=0xffffffff
     436935.000 ns	     43692	800087d0	20ee0353	fsgnj.s	f6,f28,f14	 f28:0x7fc00000 f14:0x00000000  f6=0x7fc00000
     436955.000 ns	     43694	800087d4	006f86b3	add	x13,x31,x6	 x31:0xfffff964  x6:0x00000000 x13=0xfffff964
     436975.000 ns	     43696	800087d8	29ab9853	fmax.s	f16,f23,f26	 f23:0x7f800000 f26:0xbf800000 f16=0x7f800000
     436995.000 ns	     43698	800087dc	f4a24893	xori	x17,x4,-182	  x4:0x00000000 x17=0xffffff4a
     437005.000 ns	     43699	800087e0	bf4fce93	xori	x29,x31,-1036	 x31:0xfffff964 x29=0x00000290
     437015.000 ns	     43700	800087e4	40110033	sub	x0,x2,x1	  x2:0x00000000  x1:0xffffffff
     437025.000 ns	     43701	800087e8	01a8d913	srli	x18,x17,0x1a	 x17:0xffffff4a x18=0x0000003f
     437035.000 ns	     43702	800087ec	578e6f13	ori	x30,x28,1400	 x28:0x80040fe4 x30=0x80040ffc
     437065.000 ns	     43705	800087f0	580efb53	fsqrt.s	f22,f29	 f29:0x7f800000 f22=0x7f800000
     437435.000 ns	     43742	800087f4	03e1d333	divu	x6,x3,x30	  x3:0x00000000 x30:0x00000024  x6=0x00000000
     437465.000 ns	     43745	800087f8	c01dfa53	fcvt.wu.s	x20,f27	 f27:0xffc00000 x20=0xffffffff
     437485.000 ns	     43747	800087fc	0031db33	srl	x22,x3,x3	  x3:0x00000000  x3:0x00000000 x22=0x00000000
     437495.000 ns	     43748	80008800	3895cd13	xori	x26,x11,905	 x11:0xffffffff x26=0xfffffc76
     437515.000 ns	     43750	80008804	f0040dd3	fmv.w.x	f27,x8	  x8:0x00000000 f27=0x00000000
     437545.000 ns	     43753	80008808	213b21d3	fsgnjx.s	f3,f22,f19	 f22:0x7f800000 f19:0x41700000  f3=0x7f800000
     437915.000 ns	     43790	8000880c	033fe2b3	rem	x5,x31,x19	 x31:0xfffff964 x19:0x80041024  x5=0xfffff964
     437935.000 ns	     43792	80008810	07534417	auipc	x8,0x7534	  x8=0x8753c810
     437945.000 ns	     43793	80008814	00945613	srli	x12,x8,0x9	  x8:0x00000000 x12=0x0043a9e4
     437965.000 ns	     43795	80008818	03dc0fb3	mul	x31,x24,x29	 x24:0xffffffff x29:0x00000290 x31=0xfffffd70
     437995.000 ns	     43798	8000881c	c01d71d3	fcvt.wu.s	x3,f26	 f26:0xbf800000  x3=0x00000001
     438025.000 ns	     43801	80008820	21e5a353	fsgnjx.s	f6,f11,f30	 f11:0x7f800000 f30:0x00001000  f6=0x7f800000
     438055.000 ns	     43804	80008824	02d69333	mulh	x6,x13,x13	 x13:0xfffff964 x13:0xfffff964  x6=0x00000000
     438105.000 ns	     43809	80008828	016c7e53	fadd.s	f28,f24,f22	 f24:0x00001000 f22:0x7f800000 f28=0x7f800000
     438135.000 ns	     43812	8000882c	21582753	fsgnjx.s	f14,f16,f21	 f16:0x7f800000 f21:0x00000000 f14=0x7f800000
     438155.000 ns	     43814	80008830	00d51293	slli	x5,x10,0xd	 x10:0xbb372764  x5=0xe4ec8000
     438175.000 ns	     43816	80008834	a00ba7d3	feq.s	x15,f23,f0	 f23:0x7f800000  f0:0x7fc00000 x15=0x00000000
     438195.000 ns	     43818	80008838	40cbda93	srai	x21,x23,0xc	 x23:0x80000000 x21=0xfff80000
     438215.000 ns	     43820	8000883c	a0f703d3	fle.s	x7,f14,f15	 f14:0x7f800000 f15:0xff800000  x7=0x00000000
     438235.000 ns	     43822	80008840	0184d1b3	srl	x3,x9,x24	  x9:0x80041024 x24:0xffffffff  x3=0x00000001
     438255.000 ns	     43824	80008844	c011fdd3	fcvt.wu.s	x27,f3	  f3:0x7f800000 x27=0xffffffff
     438275.000 ns	     43826	80008848	b3a1f213	andi	x4,x3,-1222	  x3:0x00000001  x4=0x00000000
     438635.000 ns	     43862	8000884c	031c76b3	remu	x13,x24,x17	 x24:0xffffffff x17:0xffffff4a x13=0x000000b5
     439005.000 ns	     43899	80008850	03c3dab3	divu	x21,x7,x28	  x7:0x00000000 x28:0x80040fe4 x21=0x00000000
     439025.000 ns	     43901	80008854	5ccbaf13	slti	x30,x23,1484	 x23:0x80000000 x30=0x00000001
     439035.000 ns	     43902	80008858	01afa433	slt	x8,x31,x26	 x31:0xfffffd70 x26:0xfffffc76  x8=0x00000000
     439045.000 ns	     43903	8000885c	008fc833	xor	x16,x31,x8	 x31:0xfffffd70  x8:0x8753c810 x16=0xfffffd70
     439065.000 ns	     43905	80008860	a10fa053	feq.s	x0,f31,f16	 f31:0x80041024 f16:0x7f800000
     439435.000 ns	     43942	80008864	03185633	divu	x12,x16,x17	 x16:0x0000000f x17:0xffffff4a x12=0x00000000
     439485.000 ns	     43947	80008868	016a40d3	fadd.s	f1,f20,f22	 f20:0x7fc00000 f22:0x7f800000  f1=0x7fc00000
     439515.000 ns	     43950	8000886c	c006f653	fcvt.w.s	x12,f13	 f13:0x358cf7a1 x12=0x00000000
     439545.000 ns	     43953	80008870	032c08b3	mul	x17,x24,x18	 x24:0xffffffff x18:0x0000003f x17=0xffffffc1
     439575.000 ns	     43956	80008874	028d2833	mulhsu	x16,x26,x8	 x26:0xfffffc76  x8:0x00000000 x16=0x00000000
     439595.000 ns	     43958	80008878	01986433	or	x8,x16,x25	 x16:0xfffffd70 x25:0x00000001  x8=0x00000001
     439615.000 ns	     43960	8000887c	d01af153	fcvt.s.wu	f2,x21	 x21:0x00000000  f2=0x00000000
     439635.000 ns	     43962	80008880	aae23e93	sltiu	x29,x4,-1362	  x4:0x00000000 x29=0x00000001
     439655.000 ns	     43964	80008884	285198d3	fmax.s	f17,f3,f5	  f3:0x7f800000  f5:0xff800000 f17=0x7f800000
     439685.000 ns	     43967	80008888	282a1dd3	fmax.s	f27,f20,f2	 f20:0x7fc00000  f2:0x00000000 f27=0x00000000
     439715.000 ns	     43970	8000888c	287d8053	fmin.s	f0,f27,f7	 f27:0x00000000  f7:0x4f000000  f0=0x00000000
     439735.000 ns	     43972	80008890	74132113	slti	x2,x6,1857	  x6:0x00000000  x2=0x00000001
     439755.000 ns	     43974	80008894	a16398d3	flt.s	x17,f7,f22	  f7:0x4f000000 f22:0x7f800000 x17=0x00000001
     439775.000 ns	     43976	80008898	014914b3	sll	x9,x18,x20	 x18:0x0000003f x20:0xffffffff  x9=0x80000000
     439785.000 ns	     43977	8000889c	001a4d33	xor	x26,x20,x1	 x20:0xffffffff  x1:0xffffffff x26=0x00000000
     439795.000 ns	     43978	800088a0	01575f93	srli	x31,x14,0x15	 x14:0x00000001 x31=0x00000000
     439815.000 ns	     43980	800088a4	a09225d3	feq.s	x11,f4,f9	  f4:0x7fc00000  f9:0x7fc00000 x11=0x00000000
     440185.000 ns	     44017	800088a8	0373cb33	div	x22,x7,x23	  x7:0x00000000 x23:0x80000000 x22=0x00000000
     440205.000 ns	     44019	800088ac	004127b3	slt	x15,x2,x4	  x2:0x00000001  x4:0x00000000 x15=0x00000000
     440215.000 ns	     44020	800088b0	009dd1b3	srl	x3,x27,x9	 x27:0xffffffff  x9:0x80000000  x3=0xffffffff
     440225.000 ns	     44021	800088b4	41a081b3	sub	x3,x1,x26	  x1:0xffffffff x26:0x00000000  x3=0xffffffff
     440245.000 ns	     44023	800088b8	a1108dd3	fle.s	x27,f1,f17	  f1:0x7fc00000 f17:0x7f800000 x27=0x00000000
     440265.000 ns	     44025	800088bc	003cb2b3	sltu	x5,x25,x3	 x25:0x00000001  x3:0xffffffff  x5=0x00000001
     440285.000 ns	     44027	800088c0	d00ab253	fcvt.s.w	f4,x21	 x21:0x00000000  f4=0x00000000
     440305.000 ns	     44029	800088c4	015283b3	add	x7,x5,x21	  x5:0xe4ec8000 x21:0x00000000  x7=0x00000001
     440315.000 ns	     44030	800088c8	400d8433	sub	x8,x27,x0	 x27:0x00000000  x0:0x00000000  x8=0x00000000
     440345.000 ns	     44033	800088cc	11e218d3	fmul.s	f17,f4,f30	  f4:0x00000000 f30:0x00001000 f17=0x00000000
     440375.000 ns	     44036	800088d0	03694d33	div	x26,x18,x22	 x18:0x0000003f x22:0x00000000 x26=0xffffffff
     440405.000 ns	     44039	800088d4	03b73533	mulhu	x10,x14,x27	 x14:0x00000001 x27:0x00000000 x10=0x00000000
     440435.000 ns	     44042	800088d8	f00c02d3	fmv.w.x	f5,x24	 x24:0xffffffff  f5=0xffffffff
     440465.000 ns	     44045	800088dc	a1ef1ad3	flt.s	x21,f30,f30	 f30:0x00001000 f30:0x00001000 x21=0x00000000
     440485.000 ns	     44047	800088e0	8493ec13	ori	x24,x7,-1975	  x7:0x00000001 x24=0xfffff849
     440515.000 ns	     44050	800088e4	181df9d3	fdiv.s	f19,f27,f1	 f27:0x00000000  f1:0x7fc00000 f19=0x7fc00000
     440545.000 ns	     44053	800088e8	c012f753	fcvt.wu.s	x14,f5	  f5:0xffffffff x14=0xffffffff
     440565.000 ns	     44055	800088ec	40335813	srai	x16,x6,0x3	  x6:0x00000000 x16=0x00000000
     440585.000 ns	     44057	800088f0	20d91653	fsgnjn.s	f12,f18,f13	 f18:0x00000000 f13:0x358cf7a1 f12=0x80000000
     440605.000 ns	     44059	800088f4	3a383513	sltiu	x10,x16,931	 x16:0x00000000 x10=0x00000001
     440635.000 ns	     44062	800088f8	19a031d3	fdiv.s	f3,f0,f26	  f0:0x00000000 f26:0xbf800000  f3=0x80000000
     440655.000 ns	     44064	800088fc	414ed933	sra	x18,x29,x20	 x29:0x00000001 x20:0xffffffff x18=0x00000000
     440665.000 ns	     44065	80008900	e2fa7b13	andi	x22,x20,-465	 x20:0xffffffff x22=0xfffffe2f
     440675.000 ns	     44066	80008904	010c2833	slt	x16,x24,x16	 x24:0xfffff849 x16:0x00000000 x16=0x00000001
     440685.000 ns	     44067	80008908	1d474a93	xori	x21,x14,468	 x14:0xffffffff x21=0xfffffe2b
     440695.000 ns	     44068	8000890c	01185493	srli	x9,x16,0x11	 x16:0x00000000  x9=0x00000000
     440705.000 ns	     44069	80008910	01d241b3	xor	x3,x4,x29	  x4:0x00000000 x29:0x00000001  x3=0x00000001
     440725.000 ns	     44071	80008914	027e3433	mulhu	x8,x28,x7	 x28:0x80040fe4  x7:0x00000001  x8=0x00000000
     441095.000 ns	     44108	80008918	0337dfb3	divu	x31,x15,x19	 x15:0x00000000 x19:0x80041024 x31=0x00000000
     441115.000 ns	     44110	8000891c	40f45d93	srai	x27,x8,0xf	  x8:0x00000000 x27=0x00000000
     441125.000 ns	     44111	80008920	0134dfb3	srl	x31,x9,x19	  x9:0x00000000 x19:0x80041024 x31=0x00000000
     441135.000 ns	     44112	80008924	b2016693	ori	x13,x2,-1248	  x2:0x00000001 x13=0xfffffb21
     441155.000 ns	     44114	80008928	f00e06d3	fmv.w.x	f13,x28	 x28:0x80040fe4 f13=0x80040fe4
     441175.000 ns	     44116	8000892c	91008c97	auipc	x25,0x91008	 x25=0x1101092c
     441195.000 ns	     44118	80008930	e0058cd3	fmv.x.w	x25,f11	 f11:0x7f800000 x25=0x7f800000
     441245.000 ns	     44123	80008934	013f35d3	fadd.s	f11,f30,f19	 f30:0x00001000 f19:0x7fc00000 f11=0x7fc00000
     441265.000 ns	     44125	80008938	015964b3	or	x9,x18,x21	 x18:0x00000000 x21:0xfffffe2b  x9=0xfffffe2b
     441275.000 ns	     44126	8000893c	40b95633	sra	x12,x18,x11	 x18:0x00000000 x11:0x00000000 x12=0x00000000
     441285.000 ns	     44127	80008940	41a68733	sub	x14,x13,x26	 x13:0xfffffb21 x26:0xffffffff x14=0xfffffb22
     441295.000 ns	     44128	80008944	00000013	addi	x0,x0,0	  x0:0x00000000
     441315.000 ns	     44130	80008948	d0124ad3	fcvt.s.wu	f21,x4	  x4:0x00000000 f21=0x00000000
     441335.000 ns	     44132	8000894c	002d54b3	srl	x9,x26,x2	 x26:0xffffffff  x2:0x00000001  x9=0x7fffffff
     441375.000 ns	     44136	80008950	01a1fcd3	fadd.s	f25,f3,f26	  f3:0x80000000 f26:0xbf800000 f25=0xbf800000
     441395.000 ns	     44138	80008954	01bb67b3	or	x15,x22,x27	 x22:0xfffffe2f x27:0x00000000 x15=0xfffffe2f
     441415.000 ns	     44140	80008958	f0088e53	fmv.w.x	f28,x17	 x17:0x00000001 f28=0x00000001
     441445.000 ns	     44143	8000895c	c01d78d3	fcvt.wu.s	x17,f26	 f26:0xbf800000 x17=0x00000001
     441475.000 ns	     44146	80008960	e0070f53	fmv.x.w	x30,f14	 f14:0x7f800000 x30=0x7f800000
     441505.000 ns	     44149	80008964	03241c33	mulh	x24,x8,x18	  x8:0x00000000 x18:0x00000000 x24=0x00000000
     441535.000 ns	     44152	80008968	c01902d3	fcvt.wu.s	x5,f18	 f18:0x00000000  x5=0x00000000
     441555.000 ns	     44154	8000896c	00995433	srl	x8,x18,x9	 x18:0x00000000  x9:0x7fffffff  x8=0x00000000
     441575.000 ns	     44156	80008970	a1ac2c53	feq.s	x24,f24,f26	 f24:0x00001000 f26:0xbf800000 x24=0x00000000
     441595.000 ns	     44158	80008974	00a1b6b3	sltu	x13,x3,x10	  x3:0x00000001 x10:0x00000001 x13=0x00000000
     441605.000 ns	     44159	80008978	01551233	sll	x4,x10,x21	 x10:0x00000001 x21:0xfffffe2b  x4=0x00000800
     441615.000 ns	     44160	8000897c	c8716d93	ori	x27,x2,-889	  x2:0x00000001 x27=0xfffffc87
     441635.000 ns	     44162	80008980	29aa8253	fmin.s	f4,f21,f26	 f21:0x00000000 f26:0xbf800000  f4=0xbf800000
     441655.000 ns	     44164	80008984	011ed013	srli	x0,x29,0x11	 x29:0x00000001
     441665.000 ns	     44165	80008988	01bd92b3	sll	x5,x27,x27	 x27:0xfffffc87 x27:0xfffffc87  x5=0xfffe4380
     441675.000 ns	     44166	8000898c	41d6d6b3	sra	x13,x13,x29	 x13:0x00000000 x29:0x00000001 x13=0x00000000
     442035.000 ns	     44202	80008990	039f44b3	div	x9,x30,x25	 x30:0x7f800000 x25:0x7f800000  x9=0x00000001
     442065.000 ns	     44205	80008994	a0952ed3	feq.s	x29,f10,f9	 f10:0xac9b4000  f9:0x7fc00000 x29=0x00000000
     442095.000 ns	     44208	80008998	d00593d3	fcvt.s.w	f7,x11	 x11:0x00000000  f7=0x00000000
     442465.000 ns	     44245	8000899c	024744b3	div	x9,x14,x4	 x14:0xfffffb22  x4:0x00000800  x9=0x00000000
     442495.000 ns	     44248	800089a0	c01818d3	fcvt.wu.s	x17,f16	 f16:0x7f800000 x17=0xffffffff
     442525.000 ns	     44251	800089a4	03e7bc33	mulhu	x24,x15,x30	 x15:0xfffffe2f x30:0x7f800000 x24=0x7f7fff18
     442555.000 ns	     44254	800089a8	e00f04d3	fmv.x.w	x9,f30	 f30:0x00001000  x9=0x00001000
     442575.000 ns	     44256	800089ac	006d6db3	or	x27,x26,x6	 x26:0xffffffff  x6:0x00000000 x27=0xffffffff
     442585.000 ns	     44257	800089b0	6d44db17	auipc	x22,0x6d44d	 x22=0xed4559b0
     442595.000 ns	     44258	800089b4	085bcb13	xori	x22,x23,133	 x23:0x80000000 x22=0x80000085
     442635.000 ns	     44262	800089b8	01af9453	fadd.s	f8,f31,f26	 f31:0x80041024 f26:0xbf800000  f8=0xbf800000
     442665.000 ns	     44265	800089bc	a0a620d3	feq.s	x1,f12,f10	 f12:0x80000000 f10:0xac9b4000  x1=0x00000000
     442695.000 ns	     44268	800089c0	20b18753	fsgnj.s	f14,f3,f11	  f3:0x80000000 f11:0x7fc00000 f14=0x00000000
     442715.000 ns	     44270	800089c4	00476f33	or	x30,x14,x4	 x14:0xfffffb22  x4:0x00000800 x30=0xfffffb22
     442725.000 ns	     44271	800089c8	00801ab3	sll	x21,x0,x8	  x0:0x00000000  x8:0x00000000 x21=0x00000000
     442765.000 ns	     44275	800089cc	09187ad3	fsub.s	f21,f16,f17	 f16:0x7f800000 f17:0x00000000 f21=0x7f800000
     442785.000 ns	     44277	800089d0	015723b3	slt	x7,x14,x21	 x14:0xfffffb22 x21:0xfffffe2b  x7=0x00000001
     443115.000 ns	     44310	800089d4	18a69353	fdiv.s	f6,f13,f10	 f13:0x80040fe4 f10:0xac9b4000  f6=0x10b78297
     443145.000 ns	     44313	800089d8	f00c8253	fmv.w.x	f4,x25	 x25:0x7f800000  f4=0x7f800000
     443175.000 ns	     44316	800089dc	20e217d3	fsgnjn.s	f15,f4,f14	  f4:0xbf800000 f14:0x00000000 f15=0xff800000
     443195.000 ns	     44318	800089e0	41ae01b3	sub	x3,x28,x26	 x28:0x80040fe4 x26:0xffffffff  x3=0x80040fe5
     443205.000 ns	     44319	800089e4	419cd033	sra	x0,x25,x25	 x25:0x7f800000 x25:0x7f800000
     443225.000 ns	     44321	800089e8	20088153	fsgnj.s	f2,f17,f0	 f17:0x00000000  f0:0x00000000  f2=0x00000000
     443245.000 ns	     44323	800089ec	1e440293	addi	x5,x8,484	  x8:0x00000000  x5=0x000001e4
     443265.000 ns	     44325	800089f0	21db8fd3	fsgnj.s	f31,f23,f29	 f23:0x7f800000 f29:0x7f800000 f31=0x7f800000
     443295.000 ns	     44328	800089f4	21629dd3	fsgnjn.s	f27,f5,f22	  f5:0xffffffff f22:0x7f800000 f27=0xffffffff
     443315.000 ns	     44330	800089f8	006c3c33	sltu	x24,x24,x6	 x24:0x7f7fff18  x6:0x00000000 x24=0x00000000
     443325.000 ns	     44331	800089fc	01248eb3	add	x29,x9,x18	  x9:0x00001000 x18:0x00000000 x29=0x00001000
     443345.000 ns	     44333	80008a00	c017fed3	fcvt.wu.s	x29,f15	 f15:0xff800000 x29=0x00000000
     443365.000 ns	     44335	80008a04	bb4ea313	slti	x6,x29,-1100	 x29:0x00000000  x6=0x00000000
     443385.000 ns	     44337	80008a08	2036ac53	fsgnjx.s	f24,f13,f3	 f13:0x80040fe4  f3:0x80000000 f24=0x00040fe4
     443405.000 ns	     44339	80008a0c	016a5a93	srli	x21,x20,0x16	 x20:0xffffffff x21=0x000003ff
     443765.000 ns	     44375	80008a10	03377633	remu	x12,x14,x19	 x14:0xfffffb22 x19:0x80041024 x12=0x7ffbeafe
     443785.000 ns	     44377	80008a14	01420793	addi	x15,x4,20	  x4:0x00000800 x15=0x00000814
     443795.000 ns	     44378	80008a18	cb041a97	auipc	x21,0xcb041	 x21=0x4b049a18
     443805.000 ns	     44379	80008a1c	101d7f13	andi	x30,x26,257	 x26:0xffffffff x30=0x00000101
     443815.000 ns	     44380	80008a20	e810df17	auipc	x30,0xe810d	 x30=0x68115a20
     443825.000 ns	     44381	80008a24	009d5cb3	srl	x25,x26,x9	 x26:0xffffffff  x9:0x00001000 x25=0xffffffff
     443835.000 ns	     44382	80008a28	00a286b3	add	x13,x5,x10	  x5:0x000001e4 x10:0x00000001 x13=0x000001e5
     443845.000 ns	     44383	80008a2c	0186b5b3	sltu	x11,x13,x24	 x13:0x00000000 x24:0x00000000 x11=0x00000000
     443855.000 ns	     44384	80008a30	40265213	srai	x4,x12,0x2	 x12:0x7ffbeafe  x4=0x1ffefabf
     443865.000 ns	     44385	80008a34	4152d3b3	sra	x7,x5,x21	  x5:0x000001e4 x21:0x4b049a18  x7=0x00000000
     443875.000 ns	     44386	80008a38	96eb6c13	ori	x24,x22,-1682	 x22:0x80000085 x24=0xfffff9ef
     443895.000 ns	     44388	80008a3c	21262fd3	fsgnjx.s	f31,f12,f18	 f12:0x80000000 f18:0x00000000 f31=0x80000000
     443915.000 ns	     44390	80008a40	4d240013	addi	x0,x8,1234	  x8:0x00000000
     443935.000 ns	     44392	80008a44	c00ff7d3	fcvt.w.s	x15,f31	 f31:0x80000000 x15=0x00000000
     443965.000 ns	     44395	80008a48	d00b7bd3	fcvt.s.w	f23,x22	 x22:0x80000085 f23=0xcefffffe
     443995.000 ns	     44398	80008a4c	0228a933	mulhsu	x18,x17,x2	 x17:0xffffffff  x2:0x00000001 x18=0xffffffff
     444015.000 ns	     44400	80008a50	40e3d4b3	sra	x9,x7,x14	  x7:0x00000000 x14:0xfffffb22  x9=0x00000000
     444375.000 ns	     44436	80008a54	0304e533	rem	x10,x9,x16	  x9:0x00001000 x16:0x00000001 x10=0x00000000
     444405.000 ns	     44439	80008a58	290d9653	fmax.s	f12,f27,f16	 f27:0xffffffff f16:0x7f800000 f12=0x7f800000
     444435.000 ns	     44442	80008a5c	29cc0653	fmin.s	f12,f24,f28	 f24:0x00040fe4 f28:0x00000001 f12=0x00000001
     444455.000 ns	     44444	80008a60	c418e813	ori	x16,x17,-959	 x17:0xffffffff x16=0xffffffff
     444475.000 ns	     44446	80008a64	c00271d3	fcvt.w.s	x3,f4	  f4:0x7f800000  x3=0x7fffffff
     444495.000 ns	     44448	80008a68	01f31d33	sll	x26,x6,x31	  x6:0x00000000 x31:0x00000000 x26=0x00000000
     444505.000 ns	     44449	80008a6c	010906b3	add	x13,x18,x16	 x18:0xffffffff x16:0xffffffff x13=0xfffffffe
     444515.000 ns	     44450	80008a70	4bce6613	ori	x12,x28,1212	 x28:0x80040fe4 x12=0x80040ffc
     444525.000 ns	     44451	80008a74	9c90a217	auipc	x4,0x9c90a	  x4=0x1c912a74
     444535.000 ns	     44452	80008a78	1c4f2037	lui	x0,0x1c4f2	
     444545.000 ns	     44453	80008a7c	a4bf3f93	sltiu	x31,x30,-1461	 x30:0x68115a20 x31=0x00000001
     444555.000 ns	     44454	80008a80	00d45033	srl	x0,x8,x13	  x8:0x00000000 x13:0xfffffffe
     444565.000 ns	     44455	80008a84	3f55d0b7	lui	x1,0x3f55d	  x1=0x3f55d000
     444575.000 ns	     44456	80008a88	1e587e93	andi	x29,x16,485	 x16:0xffffffff x29=0x000001e5
     444595.000 ns	     44458	80008a8c	d0051153	fcvt.s.w	f2,x10	 x10:0x00000000  f2=0x00000000
     444965.000 ns	     44495	80008a90	0312e433	rem	x8,x5,x17	  x5:0x000001e4 x17:0xffffffff  x8=0x00000000
     444995.000 ns	     44498	80008a94	a055a853	feq.s	x16,f11,f5	 f11:0x7fc00000  f5:0xffffffff x16=0x00000000
     445015.000 ns	     44500	80008a98	01c094b3	sll	x9,x1,x28	  x1:0x3f55d000 x28:0x80040fe4  x9=0xf55d0000
     445035.000 ns	     44502	80008a9c	a1850553	fle.s	x10,f10,f24	 f10:0xac9b4000 f24:0x00040fe4 x10=0x00000001
     445055.000 ns	     44504	80008aa0	e2731397	auipc	x7,0xe2731	  x7=0x62739aa0
     445075.000 ns	     44506	80008aa4	20869d53	fsgnjn.s	f26,f13,f8	 f13:0x80040fe4  f8:0xbf800000 f26=0x00040fe4
     445095.000 ns	     44508	80008aa8	400251b3	sra	x3,x4,x0	  x4:0x1c912a74  x0:0x00000000  x3=0x1c912a74
     445105.000 ns	     44509	80008aac	0073e733	or	x14,x7,x7	  x7:0x62739aa0  x7:0x62739aa0 x14=0x62739aa0
     445115.000 ns	     44510	80008ab0	00600eb3	add	x29,x0,x6	  x0:0x00000000  x6:0x00000000 x29=0x00000000
     445125.000 ns	     44511	80008ab4	00000013	addi	x0,x0,0	  x0:0x00000000
     445135.000 ns	     44512	80008ab8	40408933	sub	x18,x1,x4	  x1:0x3f55d000  x4:0x1c912a74 x18=0x22c4a58c
     445175.000 ns	     44516	80008abc	08567253	fsub.s	f4,f12,f5	 f12:0x00000001  f5:0xffffffff  f4=0x7fc00000
     445205.000 ns	     44519	80008ac0	f0070653	fmv.w.x	f12,x14	 x14:0x62739aa0 f12=0x62739aa0
     445235.000 ns	     44522	80008ac4	d01d75d3	fcvt.s.wu	f11,x26	 x26:0x00000000 f11=0x00000000
     445255.000 ns	     44524	80008ac8	a98bb413	sltiu	x8,x23,-1384	 x23:0x80000000  x8=0x00000001
     445265.000 ns	     44525	80008acc	96bd4493	xori	x9,x26,-1685	 x26:0x00000000  x9=0xfffff96b
     445275.000 ns	     44526	80008ad0	00abda13	srli	x20,x23,0xa	 x23:0x80000000 x20=0x00200000
     445295.000 ns	     44528	80008ad4	02f81433	mulh	x8,x16,x15	 x16:0x00000000 x15:0x00000000  x8=0x00000000
     445325.000 ns	     44531	80008ad8	a1ce8053	fle.s	x0,f29,f28	 f29:0x7f800000 f28:0x00000001
     445345.000 ns	     44533	80008adc	9b8ca813	slti	x16,x25,-1608	 x25:0xffffffff x16=0x00000000
     445365.000 ns	     44535	80008ae0	022cba33	mulhu	x20,x25,x2	 x25:0xffffffff  x2:0x00000001 x20=0x00000000
     445735.000 ns	     44572	80008ae4	035cc3b3	div	x7,x25,x21	 x25:0xffffffff x21:0x4b049a18  x7=0x00000000
     445775.000 ns	     44576	80008ae8	18a9f8d3	fdiv.s	f17,f19,f10	 f19:0x7fc00000 f10:0xac9b4000 f17=0x7fc00000
     445805.000 ns	     44579	80008aec	e00300d3	fmv.x.w	x1,f6	  f6:0x10b78297  x1=0x10b78297
     445835.000 ns	     44582	80008af0	d0130bd3	fcvt.s.wu	f23,x6	  x6:0x00000000 f23=0x00000000
     445865.000 ns	     44585	80008af4	e00c0053	fmv.x.w	x0,f24	 f24:0x00040fe4
     445885.000 ns	     44587	80008af8	400ad493	srai	x9,x21,0x0	 x21:0x4b049a18  x9=0x4b049a18
     445895.000 ns	     44588	80008afc	aca64c93	xori	x25,x12,-1334	 x12:0x80040ffc x25=0x7ffbf536
     445925.000 ns	     44591	80008b00	198ef5d3	fdiv.s	f11,f29,f24	 f29:0x7f800000 f24:0x00040fe4 f11=0x7f800000
     445955.000 ns	     44594	80008b04	20e69c53	fsgnjn.s	f24,f13,f14	 f13:0x80040fe4 f14:0x00000000 f24=0x80040fe4
     445975.000 ns	     44596	80008b08	0139b1b3	sltu	x3,x19,x19	 x19:0x80041024 x19:0x80041024  x3=0x00000000
     445985.000 ns	     44597	80008b0c	01ca22b3	slt	x5,x20,x28	 x20:0x00000000 x28:0x80040fe4  x5=0x00000000
     445995.000 ns	     44598	80008b10	40ef56b3	sra	x13,x30,x14	 x30:0x68115a20 x14:0x62739aa0 x13=0x68115a20
     446015.000 ns	     44600	80008b14	28938ad3	fmin.s	f21,f7,f9	  f7:0x00000000  f9:0x7fc00000 f21=0x00000000
     446035.000 ns	     44602	80008b18	013572b3	and	x5,x10,x19	 x10:0x00000001 x19:0x80041024  x5=0x00000000
     446045.000 ns	     44603	80008b1c	012897b3	sll	x15,x17,x18	 x17:0xffffffff x18:0x22c4a58c x15=0xfffff000
     446065.000 ns	     44605	80008b20	0212bdb3	mulhu	x27,x5,x1	  x5:0x00000000  x1:0x10b78297 x27=0x00000000
     446095.000 ns	     44608	80008b24	f00587d3	fmv.w.x	f15,x11	 x11:0x00000000 f15=0x00000000
     446125.000 ns	     44611	80008b28	0221bb33	mulhu	x22,x3,x2	  x3:0x00000000  x2:0x00000001 x22=0x00000000
     446155.000 ns	     44614	80008b2c	206f8753	fsgnj.s	f14,f31,f6	 f31:0x80000000  f6:0x10b78297 f14=0x00000000
     446175.000 ns	     44616	80008b30	012d58b3	srl	x17,x26,x18	 x26:0x00000000 x18:0x22c4a58c x17=0x00000000
     446195.000 ns	     44618	80008b34	c00d3dd3	fcvt.w.s	x27,f26	 f26:0x00040fe4 x27=0x00000000
     446215.000 ns	     44620	80008b38	13efdc37	lui	x24,0x13efd	 x24=0x13efd000
     446235.000 ns	     44622	80008b3c	e00f81d3	fmv.x.w	x3,f31	 f31:0x80000000  x3=0x80000000
     446265.000 ns	     44625	80008b40	a1919153	flt.s	x2,f3,f25	  f3:0x80000000 f25:0xbf800000  x2=0x00000000
     446295.000 ns	     44628	80008b44	03ac9433	mulh	x8,x25,x26	 x25:0x7ffbf536 x26:0x00000000  x8=0x00000000
     446315.000 ns	     44630	80008b48	00249093	slli	x1,x9,0x2	  x9:0x4b049a18  x1=0x2c126860
     446335.000 ns	     44632	80008b4c	29cc9f53	fmax.s	f30,f25,f28	 f25:0xbf800000 f28:0x00000001 f30=0x00000001
     446365.000 ns	     44635	80008b50	e00f95d3	fclass.s	x11,f31	 f31:0x80000000 x11=0x00000008
     446395.000 ns	     44638	80008b54	d00c4053	fcvt.s.w	f0,x24	 x24:0x13efd000  f0=0x4d9f7e80
     446415.000 ns	     44640	80008b58	01dd42b3	xor	x5,x26,x29	 x26:0x00000000 x29:0x00000000  x5=0x00000000
     446445.000 ns	     44643	80008b5c	580b0653	fsqrt.s	f12,f22	 f22:0x7f800000 f12=0x7f800000
     446465.000 ns	     44645	80008b60	00000013	addi	x0,x0,0	  x0:0x00000000
     446485.000 ns	     44647	80008b64	29b110d3	fmax.s	f1,f2,f27	  f2:0x00000000 f27:0xffffffff  f1=0x00000000
     446535.000 ns	     44652	80008b68	088d70d3	fsub.s	f1,f26,f8	 f26:0x00040fe4  f8:0xbf800000  f1=0x3f800000
     446555.000 ns	     44654	80008b6c	4d8ee813	ori	x16,x29,1240	 x29:0x00000000 x16=0x000004d8
     446575.000 ns	     44656	80008b70	e0000453	fmv.x.w	x8,f0	  f0:0x4d9f7e80  x8=0x4d9f7e80
     446945.000 ns	     44693	80008b74	03c4f5b3	remu	x11,x9,x28	  x9:0x4b049a18 x28:0x80040fe4 x11=0x4b049a18
     446975.000 ns	     44696	80008b78	29e61ed3	fmax.s	f29,f12,f30	 f12:0x7f800000 f30:0x00000001 f29=0x7f800000
     447005.000 ns	     44699	80008b7c	a10d9053	flt.s	x0,f27,f16	 f27:0xffffffff f16:0x7f800000
     447055.000 ns	     44704	80008b80	08fe8b53	fsub.s	f22,f29,f15	 f29:0x7f800000 f15:0x00000000 f22=0x7f800000
     447075.000 ns	     44706	80008b84	00000013	addi	x0,x0,0	  x0:0x00000000
     447085.000 ns	     44707	80008b88	017411b3	sll	x3,x8,x23	  x8:0x4d9f7e80 x23:0x80000000  x3=0x4d9f7e80
     447095.000 ns	     44708	80008b8c	00000013	addi	x0,x0,0	  x0:0x00000000
     447125.000 ns	     44711	80008b90	580bb153	fsqrt.s	f2,f23	 f23:0x00000000  f2=0x00000000
     447145.000 ns	     44713	80008b94	3e2c3d13	sltiu	x26,x24,994	 x24:0x13efd000 x26=0x00000000
     447165.000 ns	     44715	80008b98	025a43b3	div	x7,x20,x5	 x20:0x00000000  x5:0x00000000  x7=0xffffffff
     447185.000 ns	     44717	80008b9c	40675293	srai	x5,x14,0x6	 x14:0x62739aa0  x5=0x0189ce6a
     447205.000 ns	     44719	80008ba0	296516d3	fmax.s	f13,f10,f22	 f10:0xac9b4000 f22:0x7f800000 f13=0x7f800000
     447235.000 ns	     44722	80008ba4	a1cb2c53	feq.s	x24,f22,f28	 f22:0x7f800000 f28:0x00000001 x24=0x00000000
     447265.000 ns	     44725	80008ba8	0388afb3	mulhsu	x31,x17,x24	 x17:0x00000000 x24:0x13efd000 x31=0x00000000
     447295.000 ns	     44728	80008bac	203a02d3	fsgnj.s	f5,f20,f3	 f20:0x7fc00000  f3:0x80000000  f5=0xffc00000
     447315.000 ns	     44730	80008bb0	01a7b2b3	sltu	x5,x15,x26	 x15:0xfffff000 x26:0x00000000  x5=0x00000000
     447325.000 ns	     44731	80008bb4	f4dd4693	xori	x13,x26,-179	 x26:0x00000000 x13=0xffffff4d
     447335.000 ns	     44732	80008bb8	0165fd33	and	x26,x11,x22	 x11:0x4b049a18 x22:0x00000000 x26=0x00000000
     447345.000 ns	     44733	80008bbc	b15b6813	ori	x16,x22,-1259	 x22:0x00000000 x16=0xfffffb15
     447365.000 ns	     44735	80008bc0	a017afd3	feq.s	x31,f15,f1	 f15:0x00000000  f1:0x3f800000 x31=0x00000000
     447385.000 ns	     44737	80008bc4	01a68233	add	x4,x13,x26	 x13:0xffffff4d x26:0x00000000  x4=0xffffff4d
     447745.000 ns	     44773	80008bc8	030bec33	rem	x24,x23,x16	 x23:0x80000000 x16:0xfffffb15 x24=0xfffffbe3
     448115.000 ns	     44810	80008bcc	0216cfb3	div	x31,x13,x1	 x13:0xffffff4d  x1:0x2c126860 x31=0x00000000
     448135.000 ns	     44812	80008bd0	01205533	srl	x10,x0,x18	  x0:0x00000000 x18:0x22c4a58c x10=0x00000000
     448155.000 ns	     44814	80008bd4	a0b68853	fle.s	x16,f13,f11	 f13:0x7f800000 f11:0x7f800000 x16=0x00000001
     448205.000 ns	     44819	80008bd8	0119fbd3	fadd.s	f23,f19,f17	 f19:0x7fc00000 f17:0x7fc00000 f23=0x7fc00000
     448245.000 ns	     44823	80008bdc	11e1f3d3	fmul.s	f7,f3,f30	  f3:0x80000000 f30:0x00000001  f7=0x80000000
     448275.000 ns	     44826	80008be0	021704b3	mul	x9,x14,x1	 x14:0x62739aa0  x1:0x2c126860  x9=0x416afc00
     448325.000 ns	     44831	80008be4	08dc3ed3	fsub.s	f29,f24,f13	 f24:0x80040fe4 f13:0x7f800000 f29=0xff800000
     448365.000 ns	     44835	80008be8	113179d3	fmul.s	f19,f2,f19	  f2:0x00000000 f19:0x7fc00000 f19=0x7fc00000
     448395.000 ns	     44838	80008bec	a1c51ed3	flt.s	x29,f10,f28	 f10:0xac9b4000 f28:0x00000001 x29=0x00000001
     448425.000 ns	     44841	80008bf0	20de10d3	fsgnjn.s	f1,f28,f13	 f28:0x00000001 f13:0x7f800000  f1=0x80000001
     448455.000 ns	     44844	80008bf4	02338eb3	mul	x29,x7,x3	  x7:0xffffffff  x3:0x4d9f7e80 x29=0xb2608180
     448505.000 ns	     44849	80008bf8	01f172d3	fadd.s	f5,f2,f31	  f2:0x00000000 f31:0x80000000  f5=0x80000000
     448525.000 ns	     44851	80008bfc	8c28e593	ori	x11,x17,-1854	 x17:0x00000000 x11=0xfffff8c2
     448555.000 ns	     44854	80008c00	118a7153	fmul.s	f2,f20,f24	 f20:0x7fc00000 f24:0x80040fe4  f2=0x7fc00000
     448925.000 ns	     44891	80008c04	02c2c633	div	x12,x5,x12	  x5:0x00000000 x12:0x80040ffc x12=0x00000000
     448945.000 ns	     44893	80008c08	00a75093	srli	x1,x14,0xa	 x14:0x62739aa0  x1=0x00189ce6
     448955.000 ns	     44894	80008c0c	017b1313	slli	x6,x22,0x17	 x22:0x00000000  x6=0x00000000
     448965.000 ns	     44895	80008c10	e8810713	addi	x14,x2,-376	  x2:0x00000000 x14=0xfffffe88
     448975.000 ns	     44896	80008c14	dcd5a613	slti	x12,x11,-563	 x11:0xfffff8c2 x12=0x00000001
     448985.000 ns	     44897	80008c18	9f21a6b7	lui	x13,0x9f21a	 x13=0x9f21a000
     449015.000 ns	     44900	80008c1c	19b00cd3	fdiv.s	f25,f0,f27	  f0:0x4d9f7e80 f27:0xffffffff f25=0x7fc00000
     449035.000 ns	     44902	80008c20	01861093	slli	x1,x12,0x18	 x12:0x00000001  x1=0x01000000
     449045.000 ns	     44903	80008c24	ea4e7813	andi	x16,x28,-348	 x28:0x80040fe4 x16=0x80040ea4
     449055.000 ns	     44904	80008c28	1f4af613	andi	x12,x21,500	 x21:0x4b049a18 x12=0x00000010
     449075.000 ns	     44906	80008c2c	20de26d3	fsgnjx.s	f13,f28,f13	 f28:0x00000001 f13:0x7f800000 f13=0x00000001
     449105.000 ns	     44909	80008c30	d01a76d3	fcvt.s.wu	f13,x20	 x20:0x00000000 f13=0x00000000
     449135.000 ns	     44912	80008c34	03789fb3	mulh	x31,x17,x23	 x17:0x00000000 x23:0x80000000 x31=0x00000000
     449175.000 ns	     44916	80008c38	10bf4a53	fmul.s	f20,f30,f11	 f30:0x00000001 f11:0x7f800000 f20=0x7f800000
     449205.000 ns	     44919	80008c3c	e0028fd3	fmv.x.w	x31,f5	  f5:0x80000000 x31=0x80000000
     449225.000 ns	     44921	80008c40	13c93613	sltiu	x12,x18,316	 x18:0x22c4a58c x12=0x00000000
     449245.000 ns	     44923	80008c44	03435ab3	divu	x21,x6,x20	  x6:0x00000000 x20:0x00000000 x21=0xffffffff
     449275.000 ns	     44926	80008c48	d0057b53	fcvt.s.w	f22,x10	 x10:0x00000000 f22=0x00000000
     449295.000 ns	     44928	80008c4c	019c9393	slli	x7,x25,0x19	 x25:0x7ffbf536  x7=0x6c000000
     449305.000 ns	     44929	80008c50	1733af93	slti	x31,x7,371	  x7:0xffffffff x31=0x00000000
     449345.000 ns	     44933	80008c54	01700d53	fadd.s	f26,f0,f23	  f0:0x4d9f7e80 f23:0x7fc00000 f26=0x7fc00000
     449385.000 ns	     44937	80008c58	11973653	fmul.s	f12,f14,f25	 f14:0x00000000 f25:0x7fc00000 f12=0x7fc00000
     449415.000 ns	     44940	80008c5c	d0072453	fcvt.s.w	f8,x14	 x14:0xfffffe88  f8=0xc3bc0000
     449445.000 ns	     44943	80008c60	c018f2d3	fcvt.wu.s	x5,f17	 f17:0x7fc00000  x5=0xffffffff
     449475.000 ns	     44946	80008c64	21839c53	fsgnjn.s	f24,f7,f24	  f7:0x80000000 f24:0x80040fe4 f24=0x00000000
     449845.000 ns	     44983	80008c68	021a41b3	div	x3,x20,x1	 x20:0x00000000  x1:0x01000000  x3=0x00000000
     449875.000 ns	     44986	80008c6c	e0039253	fclass.s	x4,f7	  f7:0x80000000  x4=0x00000008
     449895.000 ns	     44988	80008c70	76170693	addi	x13,x14,1889	 x14:0xfffffe88 x13=0x000005e9
     449915.000 ns	     44990	80008c74	a15e2dd3	feq.s	x27,f28,f21	 f28:0x00000001 f21:0x00000000 x27=0x00000000
     449935.000 ns	     44992	80008c78	4037d1b3	sra	x3,x15,x3	 x15:0xfffff000  x3:0x00000000  x3=0xfffff000
     450295.000 ns	     45028	80008c7c	021262b3	rem	x5,x4,x1	  x4:0x00000008  x1:0x01000000  x5=0x00000008
     450325.000 ns	     45031	80008c80	0340c633	div	x12,x1,x20	  x1:0x01000000 x20:0x00000000 x12=0xffffffff
     450375.000 ns	     45036	80008c84	01c2f6d3	fadd.s	f13,f5,f28	  f5:0x80000000 f28:0x00000001 f13=0x00000001
     450415.000 ns	     45040	80008c88	5803f5d3	fsqrt.s	f11,f7	  f7:0x80000000 f11=0x80000000
     450445.000 ns	     45043	80008c8c	20df90d3	fsgnjn.s	f1,f31,f13	 f31:0x80000000 f13:0x00000001  f1=0x80000000
     450465.000 ns	     45045	80008c90	013853b3	srl	x7,x16,x19	 x16:0x80040ea4 x19:0x80041024  x7=0x080040ea
     450485.000 ns	     45047	80008c94	28da1ed3	fmax.s	f29,f20,f13	 f20:0x7f800000 f13:0x00000001 f29=0x7f800000
     450515.000 ns	     45050	80008c98	a0171253	flt.s	x4,f14,f1	 f14:0x00000000  f1:0x80000000  x4=0x00000000
     450535.000 ns	     45052	80008c9c	007bb833	sltu	x16,x23,x7	 x23:0x80000000  x7:0x080040ea x16=0x00000000
     450555.000 ns	     45054	80008ca0	e00504d3	fmv.x.w	x9,f10	 f10:0xac9b4000  x9=0xac9b4000
     450585.000 ns	     45057	80008ca4	03730cb3	mul	x25,x6,x23	  x6:0x00000000 x23:0x80000000 x25=0x00000000
     450605.000 ns	     45059	80008ca8	41edda33	sra	x20,x27,x30	 x27:0x00000000 x30:0x68115a20 x20=0x00000000
     450625.000 ns	     45061	80008cac	03080833	mul	x16,x16,x16	 x16:0x00000000 x16:0x00000000 x16=0x00000000
     450645.000 ns	     45063	80008cb0	2ff8bd13	sltiu	x26,x17,767	 x17:0x00000000 x26=0x00000001
     450665.000 ns	     45065	80008cb4	e00d0553	fmv.x.w	x10,f26	 f26:0x7fc00000 x10=0x7fc00000
     450695.000 ns	     45068	80008cb8	a1cf2d53	feq.s	x26,f30,f28	 f30:0x00000001 f28:0x00000001 x26=0x00000001
     450715.000 ns	     45070	80008cbc	56702f93	slti	x31,x0,1383	  x0:0x00000000 x31=0x00000001
     450725.000 ns	     45071	80008cc0	01c27433	and	x8,x4,x28	  x4:0x00000000 x28:0x80040fe4  x8=0x00000000
     450735.000 ns	     45072	80008cc4	d02a6293	ori	x5,x20,-766	 x20:0x00000000  x5=0xfffffd02
     450745.000 ns	     45073	80008cc8	81944617	auipc	x12,0x81944	 x12=0x0194ccc8
     450765.000 ns	     45075	80008ccc	e00e9a53	fclass.s	x20,f29	 f29:0x7f800000 x20=0x00000080
     450795.000 ns	     45078	80008cd0	02468633	mul	x12,x13,x4	 x13:0x000005e9  x4:0x00000000 x12=0x00000000
     450815.000 ns	     45080	80008cd4	000ccdb3	xor	x27,x25,x0	 x25:0x00000000  x0:0x00000000 x27=0x00000000
     450825.000 ns	     45081	80008cd8	0c02b813	sltiu	x16,x5,192	  x5:0xfffffd02 x16=0x00000000
     450845.000 ns	     45083	80008cdc	03967a33	remu	x20,x12,x25	 x12:0x00000000 x25:0x00000000 x20=0x00000000
     450865.000 ns	     45085	80008ce0	01d0cd33	xor	x26,x1,x29	  x1:0x01000000 x29:0xb2608180 x26=0xb3608180
     450885.000 ns	     45087	80008ce4	02627033	remu	x0,x4,x6	  x4:0x00000000  x6:0x00000000
     450925.000 ns	     45091	80008ce8	58077053	fsqrt.s	f0,f14	 f14:0x00000000  f0=0x00000000
     450955.000 ns	     45094	80008cec	c0151cd3	fcvt.wu.s	x25,f10	 f10:0xac9b4000 x25=0x00000000
     450975.000 ns	     45096	80008cf0	01b16eb3	or	x29,x2,x27	  x2:0x00000000 x27:0x00000000 x29=0x00000000
     450985.000 ns	     45097	80008cf4	527ea493	slti	x9,x29,1319	 x29:0xb2608180  x9=0x00000001
     451015.000 ns	     45100	80008cf8	5809f2d3	fsqrt.s	f5,f19	 f19:0x7fc00000  f5=0x7fc00000
     451035.000 ns	     45102	80008cfc	014411b3	sll	x3,x8,x20	  x8:0x00000000 x20:0x00000000  x3=0x00000000
     451055.000 ns	     45104	80008d00	a0dc9453	flt.s	x8,f25,f13	 f25:0x7fc00000 f13:0x00000001  x8=0x00000000
     451075.000 ns	     45106	80008d04	9ce71697	auipc	x13,0x9ce71	 x13=0x1ce79d04
     451085.000 ns	     45107	80008d08	01084fb3	xor	x31,x16,x16	 x16:0x00000000 x16:0x00000000 x31=0x00000000
     451105.000 ns	     45109	80008d0c	29c41e53	fmax.s	f28,f8,f28	  f8:0xc3bc0000 f28:0x00000001 f28=0x00000001
     451135.000 ns	     45112	80008d10	294286d3	fmin.s	f13,f5,f20	  f5:0x7fc00000 f20:0x7f800000 f13=0x7f800000
     451155.000 ns	     45114	80008d14	bd42b693	sltiu	x13,x5,-1068	  x5:0xfffffd02 x13=0x00000000
     451165.000 ns	     45115	80008d18	015affb3	and	x31,x21,x21	 x21:0xffffffff x21:0xffffffff x31=0xffffffff
     451185.000 ns	     45117	80008d1c	d0197e53	fcvt.s.wu	f28,x18	 x18:0x22c4a58c f28=0x4e0b1296
     451215.000 ns	     45120	80008d20	c00b74d3	fcvt.w.s	x9,f22	 f22:0x00000000  x9=0x00000000
     451245.000 ns	     45123	80008d24	f00685d3	fmv.w.x	f11,x13	 x13:0x00000000 f11=0x00000000
     451265.000 ns	     45125	80008d28	00567eb3	and	x29,x12,x5	 x12:0x00000000  x5:0xfffffd02 x29=0x00000000
     451275.000 ns	     45126	80008d2c	22fcef97	auipc	x31,0x22fce	 x31=0xa2fd6d2c
     451285.000 ns	     45127	80008d30	44304893	xori	x17,x0,1091	  x0:0x00000000 x17=0x00000443
     451295.000 ns	     45128	80008d34	41288ab3	sub	x21,x17,x18	 x17:0x00000000 x18:0x22c4a58c x21=0xdd3b5eb7
     451305.000 ns	     45129	80008d38	00f393b3	sll	x7,x7,x15	  x7:0x080040ea x15:0xfffff000  x7=0x080040ea
     451315.000 ns	     45130	80008d3c	00529f93	slli	x31,x5,0x5	  x5:0xfffffd02 x31=0xffffa040
     451355.000 ns	     45134	80008d40	00089d53	fadd.s	f26,f17,f0	 f17:0x7fc00000  f0:0x00000000 f26=0x7fc00000
     451375.000 ns	     45136	80008d44	01bb3733	sltu	x14,x22,x27	 x22:0x00000000 x27:0x00000000 x14=0x00000000
     451385.000 ns	     45137	80008d48	00d1d593	srli	x11,x3,0xd	  x3:0x00000000 x11=0x00000000
     451395.000 ns	     45138	80008d4c	01a53b33	sltu	x22,x10,x26	 x10:0x7fc00000 x26:0xb3608180 x22=0x00000001
     451415.000 ns	     45140	80008d50	a0d302d3	fle.s	x5,f6,f13	  f6:0x10b78297 f13:0x7f800000  x5=0x00000001
     451455.000 ns	     45144	80008d54	18f8f453	fdiv.s	f8,f17,f15	 f17:0x7fc00000 f15:0x00000000  f8=0x7fc00000
     451485.000 ns	     45147	80008d58	027613b3	mulh	x7,x12,x7	 x12:0x00000000  x7:0x080040ea  x7=0x00000000
     451505.000 ns	     45149	80008d5c	01df9793	slli	x15,x31,0x1d	 x31:0xffffa040 x15=0x00000000
     451525.000 ns	     45151	80008d60	c01dfed3	fcvt.wu.s	x29,f27	 f27:0xffffffff x29=0xffffffff
     451545.000 ns	     45153	80008d64	0016fb33	and	x22,x13,x1	 x13:0x00000000  x1:0x01000000 x22=0x00000000
     451575.000 ns	     45156	80008d68	5805f6d3	fsqrt.s	f13,f11	 f11:0x00000000 f13=0x00000000
     451595.000 ns	     45158	80008d6c	01a9a733	slt	x14,x19,x26	 x19:0x80041024 x26:0xb3608180 x14=0x00000001
     451615.000 ns	     45160	80008d70	e00014d3	fclass.s	x9,f0	  f0:0x00000000  x9=0x00000010
     451635.000 ns	     45162	80008d74	01ff7233	and	x4,x30,x31	 x30:0x68115a20 x31:0xffffa040  x4=0x68110000
     451645.000 ns	     45163	80008d78	407fda93	srai	x21,x31,0x7	 x31:0xffffa040 x21=0xffffff40
     451655.000 ns	     45164	80008d7c	41dfca13	xori	x20,x31,1053	 x31:0xffffa040 x20=0xffffa45d
     451685.000 ns	     45167	80008d80	106ac653	fmul.s	f12,f21,f6	 f21:0x00000000  f6:0x10b78297 f12=0x00000000
     451705.000 ns	     45169	80008d84	f0677a93	andi	x21,x14,-250	 x14:0x00000001 x21=0x00000000
     451715.000 ns	     45170	80008d88	a49022b7	lui	x5,0xa4902	  x5=0xa4902000
     451735.000 ns	     45172	80008d8c	28fe9f53	fmax.s	f30,f29,f15	 f29:0x7f800000 f15:0x00000000 f30=0x7f800000
     451765.000 ns	     45175	80008d90	03e70133	mul	x2,x14,x30	 x14:0x00000001 x30:0x68115a20  x2=0x68115a20
     451795.000 ns	     45178	80008d94	c00b7dd3	fcvt.w.s	x27,f22	 f22:0x00000000 x27=0x00000000
     451815.000 ns	     45180	80008d98	004e5093	srli	x1,x28,0x4	 x28:0x80040fe4  x1=0x080040fe
     451825.000 ns	     45181	80008d9c	00000013	addi	x0,x0,0	  x0:0x00000000
     451845.000 ns	     45183	80008da0	d00ef9d3	fcvt.s.w	f19,x29	 x29:0xffffffff f19=0xbf800000
     451865.000 ns	     45185	80008da4	00a99b13	slli	x22,x19,0xa	 x19:0x80041024 x22=0x10409000
     452225.000 ns	     45221	80008da8	03276d33	rem	x26,x14,x18	 x14:0x00000001 x18:0x22c4a58c x26=0x00000001
     452245.000 ns	     45223	80008dac	0122a033	slt	x0,x5,x18	  x5:0xa4902000 x18:0x22c4a58c
     452275.000 ns	     45226	80008db0	5808ffd3	fsqrt.s	f31,f17	 f17:0x7fc00000 f31=0x7fc00000
     452315.000 ns	     45230	80008db4	19ddc653	fdiv.s	f12,f27,f29	 f27:0xffffffff f29:0x7f800000 f12=0x7fc00000
     452345.000 ns	     45233	80008db8	a14b1f53	flt.s	x30,f22,f20	 f22:0x00000000 f20:0x7f800000 x30=0x00000001
     452375.000 ns	     45236	80008dbc	20e38dd3	fsgnj.s	f27,f7,f14	  f7:0x80000000 f14:0x00000000 f27=0x00000000
     452395.000 ns	     45238	80008dc0	00d724b3	slt	x9,x14,x13	 x14:0x00000001 x13:0x00000000  x9=0x00000000
     452415.000 ns	     45240	80008dc4	f00685d3	fmv.w.x	f11,x13	 x13:0x00000000 f11=0x00000000
     452435.000 ns	     45242	80008dc8	40ff83b3	sub	x7,x31,x15	 x31:0xffffa040 x15:0x00000000  x7=0xffffa040
     452445.000 ns	     45243	80008dcc	00000013	addi	x0,x0,0	  x0:0x00000000
     452455.000 ns	     45244	80008dd0	0075ab33	slt	x22,x11,x7	 x11:0x00000000  x7:0x00000000 x22=0x00000000
     452475.000 ns	     45246	80008dd4	02ec2333	mulhsu	x6,x24,x14	 x24:0xfffffbe3 x14:0x00000001  x6=0xffffffff
     452505.000 ns	     45249	80008dd8	29621d53	fmax.s	f26,f4,f22	  f4:0x7fc00000 f22:0x00000000 f26=0x00000000
     452525.000 ns	     45251	80008ddc	0075dd13	srli	x26,x11,0x7	 x11:0x00000000 x26=0x00000000
     452885.000 ns	     45287	80008de0	02774533	div	x10,x14,x7	 x14:0x00000001  x7:0xffffa040 x10=0x00000000
     452915.000 ns	     45290	80008de4	c00f76d3	fcvt.w.s	x13,f30	 f30:0x7f800000 x13=0x7fffffff
     452935.000 ns	     45292	80008de8	01a21393	slli	x7,x4,0x1a	  x4:0x68110000  x7=0x00000000
     452955.000 ns	     45294	80008dec	20708553	fsgnj.s	f10,f1,f7	  f1:0x80000000  f7:0x80000000 f10=0x80000000
     452975.000 ns	     45296	80008df0	00ce5893	srli	x17,x28,0xc	 x28:0x80040fe4 x17=0x00080040
     453005.000 ns	     45299	80008df4	58077bd3	fsqrt.s	f23,f14	 f14:0x00000000 f23=0x00000000
     453025.000 ns	     45301	80008df8	011bd733	srl	x14,x23,x17	 x23:0x80000000 x17:0x00000443 x14=0x80000000
     453035.000 ns	     45302	80008dfc	40055d13	srai	x26,x10,0x0	 x10:0x00000000 x26=0x00000000
     453395.000 ns	     45338	80008e00	0247c633	div	x12,x15,x4	 x15:0x00000000  x4:0x68110000 x12=0x00000000
     453425.000 ns	     45341	80008e04	c01076d3	fcvt.wu.s	x13,f0	  f0:0x00000000 x13=0x00000000
     453445.000 ns	     45343	80008e08	fb8d7d93	andi	x27,x26,-72	 x26:0x00000000 x27=0x00000000
     453465.000 ns	     45345	80008e0c	217d11d3	fsgnjn.s	f3,f26,f23	 f26:0x00000000 f23:0x00000000  f3=0x80000000
     453485.000 ns	     45347	80008e10	00810333	add	x6,x2,x8	  x2:0x68115a20  x8:0x00000000  x6=0x68115a20
     453505.000 ns	     45349	80008e14	a0a02253	feq.s	x4,f0,f10	  f0:0x00000000 f10:0x80000000  x4=0x00000001
     453535.000 ns	     45352	80008e18	d01cccd3	fcvt.s.wu	f25,x25	 x25:0x00000000 f25=0x00000000
     453555.000 ns	     45354	80008e1c	d1dab493	sltiu	x9,x21,-739	 x21:0x00000000  x9=0x00000001
     453565.000 ns	     45355	80008e20	00535493	srli	x9,x6,0x5	  x6:0x68115a20  x9=0x03408ad1
     453575.000 ns	     45356	80008e24	4c972293	slti	x5,x14,1225	 x14:0x80000000  x5=0x00000001
     453595.000 ns	     45358	80008e28	e0099553	fclass.s	x10,f19	 f19:0xbf800000 x10=0x00000002
     453625.000 ns	     45361	80008e2c	20aa9bd3	fsgnjn.s	f23,f21,f10	 f21:0x00000000 f10:0x80000000 f23=0x00000000
     453645.000 ns	     45363	80008e30	cb62be93	sltiu	x29,x5,-842	  x5:0x00000001 x29=0x00000001
     453655.000 ns	     45364	80008e34	41985733	sra	x14,x16,x25	 x16:0x00000000 x25:0x00000000 x14=0x00000000
     453675.000 ns	     45366	80008e38	03969b33	mulh	x22,x13,x25	 x13:0x00000000 x25:0x00000000 x22=0x00000000
     453705.000 ns	     45369	80008e3c	c0199cd3	fcvt.wu.s	x25,f19	 f19:0xbf800000 x25=0x00000001
     454075.000 ns	     45406	80008e40	026cc7b3	div	x15,x25,x6	 x25:0x00000000  x6:0x68115a20 x15=0x00000000
     454125.000 ns	     45411	80008e44	086676d3	fsub.s	f13,f12,f6	 f12:0x7fc00000  f6:0x10b78297 f13=0x7fc00000
     454165.000 ns	     45415	80008e48	580eafd3	fsqrt.s	f31,f29	 f29:0x7f800000 f31=0x7f800000
     454215.000 ns	     45420	80008e4c	007f21d3	fadd.s	f3,f30,f7	 f30:0x7f800000  f7:0x80000000  f3=0x7f800000
     454245.000 ns	     45423	80008e50	20750bd3	fsgnj.s	f23,f10,f7	 f10:0x80000000  f7:0x80000000 f23=0x80000000
     454275.000 ns	     45426	80008e54	e0019753	fclass.s	x14,f3	  f3:0x7f800000 x14=0x00000080
     454305.000 ns	     45429	80008e58	20469753	fsgnjn.s	f14,f13,f4	 f13:0x7fc00000  f4:0x7fc00000 f14=0xffc00000
     454325.000 ns	     45431	80008e5c	01051fb3	sll	x31,x10,x16	 x10:0x00000002 x16:0x00000000 x31=0x00000002
     454335.000 ns	     45432	80008e60	01edf8b3	and	x17,x27,x30	 x27:0x00000000 x30:0x00000001 x17=0x00000000
     454345.000 ns	     45433	80008e64	0195ac33	slt	x24,x11,x25	 x11:0x00000000 x25:0x00000001 x24=0x00000001
     454365.000 ns	     45435	80008e68	28bb07d3	fmin.s	f15,f22,f11	 f22:0x00000000 f11:0x00000000 f15=0x00000000
     454385.000 ns	     45437	80008e6c	4005da93	srai	x21,x11,0x0	 x11:0x00000000 x21=0x00000000
     454425.000 ns	     45441	80008e70	0992bdd3	fsub.s	f27,f5,f25	  f5:0x7fc00000 f25:0x00000000 f27=0x7fc00000
     454455.000 ns	     45444	80008e74	a0b228d3	feq.s	x17,f4,f11	  f4:0x7fc00000 f11:0x00000000 x17=0x00000000
     454475.000 ns	     45446	80008e78	00c40333	add	x6,x8,x12	  x8:0x00000000 x12:0x00000000  x6=0x00000000
     454495.000 ns	     45448	80008e7c	c0090653	fcvt.w.s	x12,f18	 f18:0x00000000 x12=0x00000000
     454515.000 ns	     45450	80008e80	01562533	slt	x10,x12,x21	 x12:0x00000000 x21:0x00000000 x10=0x00000000
     454525.000 ns	     45451	80008e84	01686db3	or	x27,x16,x22	 x16:0x00000000 x22:0x00000000 x27=0x00000000
     454535.000 ns	     45452	80008e88	0e73f313	andi	x6,x7,231	  x7:0x00000000  x6=0x00000000
     454545.000 ns	     45453	80008e8c	2f216913	ori	x18,x2,754	  x2:0x68115a20 x18=0x68115af2
     454555.000 ns	     45454	80008e90	00000013	addi	x0,x0,0	  x0:0x00000000
     454575.000 ns	     45456	80008e94	a1309853	flt.s	x16,f1,f19	  f1:0x80000000 f19:0xbf800000 x16=0x00000000
     454615.000 ns	     45460	80008e98	10c63253	fmul.s	f4,f12,f12	 f12:0x7fc00000 f12:0x7fc00000  f4=0x7fc00000
     454635.000 ns	     45462	80008e9c	01c0c2b3	xor	x5,x1,x28	  x1:0x080040fe x28:0x80040fe4  x5=0x88044f1a
     454655.000 ns	     45464	80008ea0	c017cf53	fcvt.wu.s	x30,f15	 f15:0x00000000 x30=0x00000000
     454675.000 ns	     45466	80008ea4	4cecfa13	andi	x20,x25,1230	 x25:0x00000001 x20=0x00000000
     454695.000 ns	     45468	80008ea8	201a8f53	fsgnj.s	f30,f21,f1	 f21:0x00000000  f1:0x80000000 f30=0x80000000
     454715.000 ns	     45470	80008eac	01b0ecb3	or	x25,x1,x27	  x1:0x080040fe x27:0x00000000 x25=0x080040fe
     454735.000 ns	     45472	80008eb0	a0500b53	fle.s	x22,f0,f5	  f0:0x00000000  f5:0x7fc00000 x22=0x00000000
     454765.000 ns	     45475	80008eb4	28071453	fmax.s	f8,f14,f0	 f14:0xffc00000  f0:0x00000000  f8=0x00000000
     454795.000 ns	     45478	80008eb8	a15684d3	fle.s	x9,f13,f21	 f13:0x7fc00000 f21:0x00000000  x9=0x00000000
     454815.000 ns	     45480	80008ebc	01d56fb3	or	x31,x10,x29	 x10:0x00000000 x29:0x00000001 x31=0x00000001
     454825.000 ns	     45481	80008ec0	01df26b3	slt	x13,x30,x29	 x30:0x00000000 x29:0x00000001 x13=0x00000001
     454845.000 ns	     45483	80008ec4	025a8133	mul	x2,x21,x5	 x21:0x00000000  x5:0x88044f1a  x2=0x00000000
     454865.000 ns	     45485	80008ec8	00b56533	or	x10,x10,x11	 x10:0x00000000 x11:0x00000000 x10=0x00000000
     454885.000 ns	     45487	80008ecc	a077a553	feq.s	x10,f15,f7	 f15:0x00000000  f7:0x80000000 x10=0x00000001
     454925.000 ns	     45491	80008ed0	580b7a53	fsqrt.s	f20,f22	 f22:0x00000000 f20=0x00000000
     454955.000 ns	     45494	80008ed4	20772a53	fsgnjx.s	f20,f14,f7	 f14:0xffc00000  f7:0x80000000 f20=0x7fc00000
     454995.000 ns	     45498	80008ed8	19ab7353	fdiv.s	f6,f22,f26	 f22:0x00000000 f26:0x00000000  f6=0x7fc00000
     455025.000 ns	     45501	80008edc	28c31553	fmax.s	f10,f6,f12	  f6:0x10b78297 f12:0x7fc00000 f10=0x7fc00000
     455055.000 ns	     45504	80008ee0	a0798c53	fle.s	x24,f19,f7	 f19:0xbf800000  f7:0x80000000 x24=0x00000001
     455085.000 ns	     45507	80008ee4	039306b3	mul	x13,x6,x25	  x6:0x00000000 x25:0x080040fe x13=0x00000000
     455105.000 ns	     45509	80008ee8	00525793	srli	x15,x4,0x5	  x4:0x00000001 x15=0x00000000
     455115.000 ns	     45510	80008eec	0072dc33	srl	x24,x5,x7	  x5:0x88044f1a  x7:0x00000000 x24=0x88044f1a
     455145.000 ns	     45513	80008ef0	19f370d3	fdiv.s	f1,f6,f31	  f6:0x7fc00000 f31:0x7f800000  f1=0x7fc00000
     455175.000 ns	     45516	80008ef4	215a8353	fsgnj.s	f6,f21,f21	 f21:0x00000000 f21:0x00000000  f6=0x00000000
     455205.000 ns	     45519	80008ef8	e0028b53	fmv.x.w	x22,f5	  f5:0x7fc00000 x22=0x7fc00000
     455235.000 ns	     45522	80008efc	a09b2753	feq.s	x14,f22,f9	 f22:0x00000000  f9:0x7fc00000 x14=0x00000000
     455265.000 ns	     45525	80008f00	f0010bd3	fmv.w.x	f23,x2	  x2:0x00000000 f23=0x00000000
     455285.000 ns	     45527	80008f04	014ec3b3	xor	x7,x29,x20	 x29:0x00000001 x20:0x00000000  x7=0x00000001
     455305.000 ns	     45529	80008f08	d01c74d3	fcvt.s.wu	f9,x24	 x24:0x88044f1a  f9=0x4f08044f
     455335.000 ns	     45532	80008f0c	d000f7d3	fcvt.s.w	f15,x1	  x1:0x080040fe f15=0x4d00040f
     455355.000 ns	     45534	80008f10	00000013	addi	x0,x0,0	  x0:0x00000000
     455375.000 ns	     45536	80008f14	0216a1b3	mulhsu	x3,x13,x1	 x13:0x00000000  x1:0x080040fe  x3=0x00000000
     455425.000 ns	     45541	80008f18	00197cd3	fadd.s	f25,f18,f1	 f18:0x00000000  f1:0x7fc00000 f25=0x7fc00000
     455465.000 ns	     45545	80008f1c	580cb353	fsqrt.s	f6,f25	 f25:0x00000000  f6=0x7fc00000
     455835.000 ns	     45582	80008f20	03fb5d33	divu	x26,x22,x31	 x22:0x7fc00000 x31:0x00000001 x26=0x7fc00000
     455855.000 ns	     45584	80008f24	003c9a13	slli	x20,x25,0x3	 x25:0x080040fe x20=0x400207f0
     455875.000 ns	     45586	80008f28	285d0c53	fmin.s	f24,f26,f5	 f26:0x00000000  f5:0x7fc00000 f24=0x00000000
     455895.000 ns	     45588	80008f2c	01c50633	add	x12,x10,x28	 x10:0x00000001 x28:0x80040fe4 x12=0x80040fe5
     455915.000 ns	     45590	80008f30	e00718d3	fclass.s	x17,f14	 f14:0xffc00000 x17=0x00000200
     455935.000 ns	     45592	80008f34	010e1c33	sll	x24,x28,x16	 x28:0x80040fe4 x16:0x00000000 x24=0x80040fe4
     455945.000 ns	     45593	80008f38	01df52b3	srl	x5,x30,x29	 x30:0x00000000 x29:0x00000001  x5=0x00000000
     455965.000 ns	     45595	80008f3c	c012f853	fcvt.wu.s	x16,f5	  f5:0x7fc00000 x16=0xffffffff
     455985.000 ns	     45597	80008f40	012ba2b3	slt	x5,x23,x18	 x23:0x80000000 x18:0x68115af2  x5=0x00000001
     455995.000 ns	     45598	80008f44	04766293	ori	x5,x12,71	 x12:0x80040fe5  x5=0x80040fe7
     456015.000 ns	     45600	80008f48	d000f253	fcvt.s.w	f4,x1	  x1:0x080040fe  f4=0x4d00040f
     456045.000 ns	     45603	80008f4c	20c024d3	fsgnjx.s	f9,f0,f12	  f0:0x00000000 f12:0x7fc00000  f9=0x00000000
     456065.000 ns	     45605	80008f50	4fb55717	auipc	x14,0x4fb55	 x14=0xcfb5df50
     456105.000 ns	     45609	80008f54	010e7853	fadd.s	f16,f28,f16	 f28:0x4e0b1296 f16:0x7f800000 f16=0x7f800000
     456135.000 ns	     45612	80008f58	c01c3a53	fcvt.wu.s	x20,f24	 f24:0x00000000 x20=0x00000000
     456155.000 ns	     45614	80008f5c	e855b5b7	lui	x11,0xe855b	 x11=0xe855b000
     456175.000 ns	     45616	80008f60	282617d3	fmax.s	f15,f12,f2	 f12:0x7fc00000  f2:0x7fc00000 f15=0x7fc00000
     456205.000 ns	     45619	80008f64	c01b7ad3	fcvt.wu.s	x21,f22	 f22:0x00000000 x21=0x00000000
     456225.000 ns	     45621	80008f68	419e0a33	sub	x20,x28,x25	 x28:0x80040fe4 x25:0x080040fe x20=0x7803cee6
     456235.000 ns	     45622	80008f6c	018f8833	add	x16,x31,x24	 x31:0x00000001 x24:0x80040fe4 x16=0x80040fe5
     456255.000 ns	     45624	80008f70	034a8733	mul	x14,x21,x20	 x21:0x00000000 x20:0x00000000 x14=0x00000000
     456275.000 ns	     45626	80008f74	88d06613	ori	x12,x0,-1907	  x0:0x00000000 x12=0xfffff88d
     457445.000 ns	     45743	80008f78	580215d3	fsqrt.s	f11,f4	  f4:0x4d00040f f11=0x45b50a40
     457475.000 ns	     45746	80008f7c	03cd9cb3	mulh	x25,x27,x28	 x27:0x00000000 x28:0x80040fe4 x25=0x00000000
     457845.000 ns	     45783	80008f80	02ba5f33	divu	x30,x20,x11	 x20:0x7803cee6 x11:0xe855b000 x30=0x00000000
     457865.000 ns	     45785	80008f84	003fdd93	srli	x27,x31,0x3	 x31:0x00000001 x27=0x00000000
     457885.000 ns	     45787	80008f88	e00b9553	fclass.s	x10,f23	 f23:0x00000000 x10=0x00000010
     457915.000 ns	     45790	80008f8c	d019f853	fcvt.s.wu	f16,x19	 x19:0x80041024 f16=0x4f000410
     457935.000 ns	     45792	80008f90	410fd6b3	sra	x13,x31,x16	 x31:0x00000001 x16:0x80040fe5 x13=0x00000000
     457945.000 ns	     45793	80008f94	00830033	add	x0,x6,x8	  x6:0x00000000  x8:0x00000000
     457965.000 ns	     45795	80008f98	e00d8153	fmv.x.w	x2,f27	 f27:0x7fc00000  x2=0x7fc00000
     458335.000 ns	     45832	80008f9c	030a70b3	remu	x1,x20,x16	 x20:0x7803cee6 x16:0x80040fe5  x1=0x7803cee6
     458705.000 ns	     45869	80008fa0	02b4eb33	rem	x22,x9,x11	  x9:0x00000000 x11:0xe855b000 x22=0x00000000
     458725.000 ns	     45871	80008fa4	00e03f33	sltu	x30,x0,x14	  x0:0x00000000 x14:0x00000000 x30=0x00000000
     458755.000 ns	     45874	80008fa8	193a7253	fdiv.s	f4,f20,f19	 f20:0x7fc00000 f19:0xbf800000  f4=0x7fc00000
     458775.000 ns	     45876	80008fac	432ca293	slti	x5,x25,1074	 x25:0x00000000  x5=0x00000001
     458795.000 ns	     45878	80008fb0	29ca8453	fmin.s	f8,f21,f28	 f21:0x00000000 f28:0x4e0b1296  f8=0x00000000
     458825.000 ns	     45881	80008fb4	d006f6d3	fcvt.s.w	f13,x13	 x13:0x00000000 f13=0x00000000
     458845.000 ns	     45883	80008fb8	b2a7c713	xori	x14,x15,-1238	 x15:0x00000000 x14=0xfffffb2a
     458865.000 ns	     45885	80008fbc	f0098953	fmv.w.x	f18,x19	 x19:0x80041024 f18=0x80041024
     458885.000 ns	     45887	80008fc0	418dd0b3	sra	x1,x27,x24	 x27:0x00000000 x24:0x80040fe4  x1=0x00000000
     458895.000 ns	     45888	80008fc4	74c08c93	addi	x25,x1,1868	  x1:0x7803cee6 x25=0x0000074c
     458905.000 ns	     45889	80008fc8	3f1da193	slti	x3,x27,1009	 x27:0x00000000  x3=0x00000001
     458925.000 ns	     45891	80008fcc	a16e8cd3	fle.s	x25,f29,f22	 f29:0x7f800000 f22:0x00000000 x25=0x00000000
     458955.000 ns	     45894	80008fd0	0203a6b3	mulhsu	x13,x7,x0	  x7:0x00000001  x0:0x00000000 x13=0x00000000
     459005.000 ns	     45899	80008fd4	000b9e53	fadd.s	f28,f23,f0	 f23:0x00000000  f0:0x00000000 f28=0x00000000
     459035.000 ns	     45902	80008fd8	d00e1d53	fcvt.s.w	f26,x28	 x28:0x80040fe4 f26=0xcefff7e0
     459055.000 ns	     45904	80008fdc	008768b3	or	x17,x14,x8	 x14:0xfffffb2a  x8:0x00000000 x17=0xfffffb2a
     459075.000 ns	     45906	80008fe0	a1aba053	feq.s	x0,f23,f26	 f23:0x00000000 f26:0xcefff7e0
     459095.000 ns	     45908	80008fe4	dcb55317	auipc	x6,0xdcb55	  x6=0x5cb5dfe4
     459105.000 ns	     45909	80008fe8	41c753b3	sra	x7,x14,x28	 x14:0xfffffb2a x28:0x80040fe4  x7=0xffffffb2
     459465.000 ns	     45945	80008fec	03ac7533	remu	x10,x24,x26	 x24:0x80040fe4 x26:0x7fc00000 x10=0x00440fe4
     459495.000 ns	     45948	80008ff0	021b0033	mul	x0,x22,x1	 x22:0x00000000  x1:0x00000000
     459515.000 ns	     45950	80008ff4	017d04b3	add	x9,x26,x23	 x26:0x7fc00000 x23:0x80000000  x9=0xffc00000
     459525.000 ns	     45951	80008ff8	00000013	addi	x0,x0,0	  x0:0x00000000
     459565.000 ns	     45955	80008ffc	007976d3	fadd.s	f13,f18,f7	 f18:0x80041024  f7:0x80000000 f13=0x80041024
     459595.000 ns	     45958	80009000	f00a08d3	fmv.w.x	f17,x20	 x20:0x7803cee6 f17=0x7803cee6
     459615.000 ns	     45960	80009004	00000013	addi	x0,x0,0	  x0:0x00000000
     459625.000 ns	     45961	80009008	01394c33	xor	x24,x18,x19	 x18:0x68115af2 x19:0x80041024 x24=0xe8154ad6
     459635.000 ns	     45962	8000900c	00000013	addi	x0,x0,0	  x0:0x00000000
     459655.000 ns	     45964	80009010	03d513b3	mulh	x7,x10,x29	 x10:0x00440fe4 x29:0x00000001  x7=0x00000000
     459695.000 ns	     45968	80009014	5804ae53	fsqrt.s	f28,f9	  f9:0x00000000 f28=0x00000000
     459725.000 ns	     45971	80009018	a12011d3	flt.s	x3,f0,f18	  f0:0x00000000 f18:0x80041024  x3=0x00000000
     459755.000 ns	     45974	8000901c	0275f4b3	remu	x9,x11,x7	 x11:0xe855b000  x7:0x00000000  x9=0xe855b000
     459785.000 ns	     45977	80009020	21ce8dd3	fsgnj.s	f27,f29,f28	 f29:0x7f800000 f28:0x00000000 f27=0x7f800000
     459815.000 ns	     45980	80009024	219b2253	fsgnjx.s	f4,f22,f25	 f22:0x00000000 f25:0x7fc00000  f4=0x00000000
     459845.000 ns	     45983	80009028	a080a5d3	feq.s	x11,f1,f8	  f1:0x7fc00000  f8:0x00000000 x11=0x00000000
     459875.000 ns	     45986	8000902c	280c1a53	fmax.s	f20,f24,f0	 f24:0x00000000  f0:0x00000000 f20=0x00000000
     459905.000 ns	     45989	80009030	039e5833	divu	x16,x28,x25	 x28:0x80040fe4 x25:0x00000000 x16=0xffffffff
     459935.000 ns	     45992	80009034	a18f8853	fle.s	x16,f31,f24	 f31:0x7f800000 f24:0x00000000 x16=0x00000000
     459965.000 ns	     45995	80009038	d01277d3	fcvt.s.wu	f15,x4	  x4:0x00000001 f15=0x3f800000
     459995.000 ns	     45998	8000903c	e00b0a53	fmv.x.w	x20,f22	 f22:0x00000000 x20=0x00000000
     460015.000 ns	     46000	80009040	00502a33	slt	x20,x0,x5	  x0:0x00000000  x5:0x00000001 x20=0x00000001
     460025.000 ns	     46001	80009044	0104d0b3	srl	x1,x9,x16	  x9:0xe855b000 x16:0x00000000  x1=0xe855b000
     460035.000 ns	     46002	80009048	41178333	sub	x6,x15,x17	 x15:0x00000000 x17:0xfffffb2a  x6=0x000004d6
     460055.000 ns	     46004	8000904c	031f3433	mulhu	x8,x30,x17	 x30:0x00000000 x17:0xfffffb2a  x8=0x00000000
     460085.000 ns	     46007	80009050	02c81633	mulh	x12,x16,x12	 x16:0x00000000 x12:0xfffff88d x12=0x00000000
     460105.000 ns	     46009	80009054	002617b3	sll	x15,x12,x2	 x12:0xfffff88d  x2:0x7fc00000 x15=0x00000000
     460145.000 ns	     46013	80009058	00158153	fadd.s	f2,f11,f1	 f11:0x45b50a40  f1:0x7fc00000  f2=0x7fc00000
     460165.000 ns	     46015	8000905c	01d0f2b3	and	x5,x1,x29	  x1:0xe855b000 x29:0x00000001  x5=0x00000000
     460175.000 ns	     46016	80009060	41345813	srai	x16,x8,0x13	  x8:0x00000000 x16=0x00000000
     460195.000 ns	     46018	80009064	f0070dd3	fmv.w.x	f27,x14	 x14:0xfffffb2a f27=0xfffffb2a
     460225.000 ns	     46021	80009068	d004b5d3	fcvt.s.w	f11,x9	  x9:0xe855b000 f11=0xcdbd5280
     460255.000 ns	     46024	8000906c	284896d3	fmax.s	f13,f17,f4	 f17:0x7803cee6  f4:0x00000000 f13=0x7803cee6
     460295.000 ns	     46028	80009070	580ba953	fsqrt.s	f18,f23	 f23:0x00000000 f18=0x00000000
     460325.000 ns	     46031	80009074	0213b533	mulhu	x10,x7,x1	  x7:0x00000000  x1:0xe855b000 x10=0x00000000
     460345.000 ns	     46033	80009078	01f545b3	xor	x11,x10,x31	 x10:0x00440fe4 x31:0x00000001 x11=0x00000001
     460355.000 ns	     46034	8000907c	0089f233	and	x4,x19,x8	 x19:0x80041024  x8:0x00000000  x4=0x00000000
     460365.000 ns	     46035	80009080	0f1d2113	slti	x2,x26,241	 x26:0x7fc00000  x2=0x00000000
     460385.000 ns	     46037	80009084	02c08733	mul	x14,x1,x12	  x1:0xe855b000 x12:0x00000000 x14=0x00000000
     460405.000 ns	     46039	80009088	e91ed217	auipc	x4,0xe91ed	  x4=0x691f6088
     460415.000 ns	     46040	8000908c	0b0e8a13	addi	x20,x29,176	 x29:0x00000001 x20=0x000000b1
     460435.000 ns	     46042	80009090	02c55f33	divu	x30,x10,x12	 x10:0x00000000 x12:0x00000000 x30=0xffffffff
     460455.000 ns	     46044	80009094	016c4533	xor	x10,x24,x22	 x24:0xe8154ad6 x22:0x00000000 x10=0xe8154ad6
     460465.000 ns	     46045	80009098	01229093	slli	x1,x5,0x12	  x5:0x00000000  x1=0x00000000
     460475.000 ns	     46046	8000909c	8dd6a293	slti	x5,x13,-1827	 x13:0x00000000  x5=0x00000000
     460835.000 ns	     46082	800090a0	03f6d133	divu	x2,x13,x31	 x13:0x00000000 x31:0x00000001  x2=0x00000000
     460875.000 ns	     46086	800090a4	5801fb53	fsqrt.s	f22,f3	  f3:0x7f800000 f22=0x7f800000
     460905.000 ns	     46089	800090a8	d0189fd3	fcvt.s.wu	f31,x17	 x17:0xfffffb2a f31=0x4f7ffffb
     460925.000 ns	     46091	800090ac	004bd2b3	srl	x5,x23,x4	 x23:0x80000000  x4:0x691f6088  x5=0x00800000
     461285.000 ns	     46127	800090b0	03f952b3	divu	x5,x18,x31	 x18:0x68115af2 x31:0x00000001  x5=0x68115af2
     461305.000 ns	     46129	800090b4	41c30733	sub	x14,x6,x28	  x6:0x000004d6 x28:0x80040fe4 x14=0x7ffbf4f2
     461315.000 ns	     46130	800090b8	01826833	or	x16,x4,x24	  x4:0x691f6088 x24:0xe8154ad6 x16=0xe91f6ade
     461675.000 ns	     46166	800090bc	02b95633	divu	x12,x18,x11	 x18:0x68115af2 x11:0x00000001 x12=0x68115af2
     461695.000 ns	     46168	800090c0	00e15493	srli	x9,x2,0xe	  x2:0x00000000  x9=0x00000000
     461705.000 ns	     46169	800090c4	0087af33	slt	x30,x15,x8	 x15:0x00000000  x8:0x00000000 x30=0x00000000
     461725.000 ns	     46171	800090c8	e00a98d3	fclass.s	x17,f21	 f21:0x00000000 x17=0x00000010
     461745.000 ns	     46173	800090cc	7be5bb13	sltiu	x22,x11,1982	 x11:0x00000001 x22=0x00000001
     461765.000 ns	     46175	800090d0	03ab2a33	mulhsu	x20,x22,x26	 x22:0x00000000 x26:0x7fc00000 x20=0x00000000
     461785.000 ns	     46177	800090d4	7e827913	andi	x18,x4,2024	  x4:0x691f6088 x18=0x00000088
     461795.000 ns	     46178	800090d8	3bd498b7	lui	x17,0x3bd49	 x17=0x3bd49000
     461805.000 ns	     46179	800090dc	01979893	slli	x17,x15,0x19	 x15:0x00000000 x17=0x00000000
     461815.000 ns	     46180	800090e0	00df43b3	xor	x7,x30,x13	 x30:0x00000000 x13:0x00000000  x7=0x00000000
     461825.000 ns	     46181	800090e4	40508633	sub	x12,x1,x5	  x1:0x00000000  x5:0x68115af2 x12=0x97eea50e
     461845.000 ns	     46183	800090e8	03e0bf33	mulhu	x30,x1,x30	  x1:0x00000000 x30:0x00000000 x30=0x00000000
     461875.000 ns	     46186	800090ec	c00cf8d3	fcvt.w.s	x17,f25	 f25:0x7fc00000 x17=0x7fffffff
     461895.000 ns	     46188	800090f0	01559893	slli	x17,x11,0x15	 x11:0x00000001 x17=0x00200000
     461935.000 ns	     46192	800090f4	01301553	fadd.s	f10,f0,f19	  f0:0x00000000 f19:0xbf800000 f10=0xbf800000
     461955.000 ns	     46194	800090f8	00000013	addi	x0,x0,0	  x0:0x00000000
     461975.000 ns	     46196	800090fc	d01682d3	fcvt.s.wu	f5,x13	 x13:0x00000000  f5=0x00000000
     461995.000 ns	     46198	80009100	3b580113	addi	x2,x16,949	 x16:0xe91f6ade  x2=0xe91f6e93
     462015.000 ns	     46200	80009104	c00a1753	fcvt.w.s	x14,f20	 f20:0x00000000 x14=0x00000000
     462045.000 ns	     46203	80009108	a06296d3	flt.s	x13,f5,f6	  f5:0x00000000  f6:0x7fc00000 x13=0x00000000
     462065.000 ns	     46205	8000910c	00000013	addi	x0,x0,0	  x0:0x00000000
     462075.000 ns	     46206	80009110	008bd113	srli	x2,x23,0x8	 x23:0x80000000  x2=0x00800000
     462085.000 ns	     46207	80009114	3d3cae93	slti	x29,x25,979	 x25:0x00000000 x29=0x00000001
     462105.000 ns	     46209	80009118	a0442253	feq.s	x4,f8,f4	  f8:0x00000000  f4:0x00000000  x4=0x00000001
     462125.000 ns	     46211	8000911c	01e97833	and	x16,x18,x30	 x18:0x00000088 x30:0x00000000 x16=0x00000000
     462145.000 ns	     46213	80009120	e0070653	fmv.x.w	x12,f14	 f14:0xffc00000 x12=0xffc00000
     462175.000 ns	     46216	80009124	c00e8ed3	fcvt.w.s	x29,f29	 f29:0x7f800000 x29=0x7fffffff
     462215.000 ns	     46220	80009128	1046f553	fmul.s	f10,f13,f4	 f13:0x7803cee6  f4:0x00000000 f10=0x00000000
     462255.000 ns	     46224	8000912c	19d20153	fdiv.s	f2,f4,f29	  f4:0x00000000 f29:0x7f800000  f2=0x00000000
     462275.000 ns	     46226	80009130	7808b493	sltiu	x9,x17,1920	 x17:0x00200000  x9=0x00000000
     462295.000 ns	     46228	80009134	d01202d3	fcvt.s.wu	f5,x4	  x4:0x00000001  f5=0x3f800000
     462325.000 ns	     46231	80009138	285501d3	fmin.s	f3,f10,f5	 f10:0x00000000  f5:0x00000000  f3=0x00000000
     462345.000 ns	     46233	8000913c	17863293	sltiu	x5,x12,376	 x12:0xffc00000  x5=0x00000000
     462375.000 ns	     46236	80009140	105ab853	fmul.s	f16,f21,f5	 f21:0x00000000  f5:0x3f800000 f16=0x00000000
     462395.000 ns	     46238	80009144	ff2e7613	andi	x12,x28,-14	 x28:0x80040fe4 x12=0x80040fe0
     462415.000 ns	     46240	80009148	d016c8d3	fcvt.s.wu	f17,x13	 x13:0x00000000 f17=0x00000000
     462445.000 ns	     46243	8000914c	a0250153	fle.s	x2,f10,f2	 f10:0x00000000  f2:0x00000000  x2=0x00000001
     462495.000 ns	     46248	80009150	00acf8d3	fadd.s	f17,f25,f10	 f25:0x7fc00000 f10:0x00000000 f17=0x7fc00000
     462515.000 ns	     46250	80009154	00000013	addi	x0,x0,0	  x0:0x00000000
     462525.000 ns	     46251	80009158	019f6933	or	x18,x30,x25	 x30:0x00000000 x25:0x00000000 x18=0x00000000
     462535.000 ns	     46252	8000915c	00800b33	add	x22,x0,x8	  x0:0x00000000  x8:0x00000000 x22=0x00000000
     462555.000 ns	     46254	80009160	a1cb1553	flt.s	x10,f22,f28	 f22:0x7f800000 f28:0x00000000 x10=0x00000000
     462575.000 ns	     46256	80009164	406f05b3	sub	x11,x30,x6	 x30:0x00000000  x6:0x000004d6 x11=0xfffffb2a
     462585.000 ns	     46257	80009168	40cd5a93	srai	x21,x26,0xc	 x26:0x7fc00000 x21=0x0007fc00
     462595.000 ns	     46258	8000916c	7ae12193	slti	x3,x2,1966	  x2:0x00000001  x3=0x00000001
     462605.000 ns	     46259	80009170	00220333	add	x6,x4,x2	  x4:0x00000001  x2:0x00000001  x6=0x00000002
     462615.000 ns	     46260	80009174	4b4b5917	auipc	x18,0x4b4b5	 x18=0xcb4be174
     462625.000 ns	     46261	80009178	48ee8313	addi	x6,x29,1166	 x29:0x7fffffff  x6=0x8000048d
     462645.000 ns	     46263	8000917c	025695b3	mulh	x11,x13,x5	 x13:0x00000000  x5:0x00000000 x11=0x00000000
     462675.000 ns	     46266	80009180	20391c53	fsgnjn.s	f24,f18,f3	 f18:0x00000000  f3:0x00000000 f24=0x80000000
     462705.000 ns	     46269	80009184	c0170653	fcvt.wu.s	x12,f14	 f14:0xffc00000 x12=0xffffffff
     462735.000 ns	     46272	80009188	298c8a53	fmin.s	f20,f25,f24	 f25:0x7fc00000 f24:0x80000000 f20=0x80000000
     462755.000 ns	     46274	8000918c	01d902b3	add	x5,x18,x29	 x18:0xcb4be174 x29:0x7fffffff  x5=0x4b4be173
     462775.000 ns	     46276	80009190	e0000453	fmv.x.w	x8,f0	  f0:0x00000000  x8=0x00000000
     462815.000 ns	     46280	80009194	18eef153	fdiv.s	f2,f29,f14	 f29:0x7f800000 f14:0xffc00000  f2=0x7fc00000
     462845.000 ns	     46283	80009198	21292ed3	fsgnjx.s	f29,f18,f18	 f18:0x00000000 f18:0x00000000 f29=0x00000000
     462865.000 ns	     46285	8000919c	411f5f13	srai	x30,x30,0x11	 x30:0x00000000 x30=0x00000000
     462875.000 ns	     46286	800091a0	00e99193	slli	x3,x19,0xe	 x19:0x80041024  x3=0x04090000
     462885.000 ns	     46287	800091a4	c5387cb7	lui	x25,0xc5387	 x25=0xc5387000
     462895.000 ns	     46288	800091a8	41fd5593	srai	x11,x26,0x1f	 x26:0x7fc00000 x11=0x00000000
     462905.000 ns	     46289	800091ac	c660e393	ori	x7,x1,-922	  x1:0x00000000  x7=0xfffffc66
     462925.000 ns	     46291	800091b0	03fe07b3	mul	x15,x28,x31	 x28:0x80040fe4 x31:0x00000001 x15=0x80040fe4
     462945.000 ns	     46293	800091b4	00000013	addi	x0,x0,0	  x0:0x00000000
     462965.000 ns	     46295	800091b8	2150a553	fsgnjx.s	f10,f1,f21	  f1:0x7fc00000 f21:0x00000000 f10=0x7fc00000
     462985.000 ns	     46297	800091bc	01a29093	slli	x1,x5,0x1a	  x5:0x4b4be173  x1=0xcc000000
     463005.000 ns	     46299	800091c0	29508053	fmin.s	f0,f1,f21	  f1:0x7fc00000 f21:0x00000000  f0=0x00000000
     463375.000 ns	     46336	800091c4	03785533	divu	x10,x16,x23	 x16:0x00000000 x23:0x80000000 x10=0x00000000
     463405.000 ns	     46339	800091c8	036b65b3	rem	x11,x22,x22	 x22:0x00000000 x22:0x00000000 x11=0x00000000
     463435.000 ns	     46342	800091cc	c00ff053	fcvt.w.s	x0,f31	 f31:0x4f7ffffb
     463465.000 ns	     46345	800091d0	a1d195d3	flt.s	x11,f3,f29	  f3:0x00000000 f29:0x00000000 x11=0x00000000
     463485.000 ns	     46347	800091d4	31653537	lui	x10,0x31653	 x10=0x31653000
     463495.000 ns	     46348	800091d8	bd6da493	slti	x9,x27,-1066	 x27:0x00000000  x9=0x00000000
     463515.000 ns	     46350	800091dc	21d622d3	fsgnjx.s	f5,f12,f29	 f12:0x7fc00000 f29:0x00000000  f5=0x7fc00000
     463535.000 ns	     46352	800091e0	01b614b3	sll	x9,x12,x27	 x12:0xffffffff x27:0x00000000  x9=0xffffffff
     463545.000 ns	     46353	800091e4	01c46933	or	x18,x8,x28	  x8:0x00000000 x28:0x80040fe4 x18=0x80040fe4
     463565.000 ns	     46355	800091e8	c00bf453	fcvt.w.s	x8,f23	 f23:0x00000000  x8=0x00000000
     463595.000 ns	     46358	800091ec	29bd08d3	fmin.s	f17,f26,f27	 f26:0xcefff7e0 f27:0xfffffb2a f17=0xcefff7e0
     463625.000 ns	     46361	800091f0	e0018053	fmv.x.w	x0,f3	  f3:0x00000000
     463645.000 ns	     46363	800091f4	cf1c7313	andi	x6,x24,-783	 x24:0xe8154ad6  x6=0xe81548d0
     463675.000 ns	     46366	800091f8	1995f1d3	fdiv.s	f3,f11,f25	 f11:0xcdbd5280 f25:0x7fc00000  f3=0x7fc00000
     463705.000 ns	     46369	800091fc	02ce0d33	mul	x26,x28,x12	 x28:0x80040fe4 x12:0xffffffff x26=0x7ffbf01c
     463735.000 ns	     46372	80009200	02012833	mulhsu	x16,x2,x0	  x2:0x00000001  x0:0x00000000 x16=0x00000000
     463755.000 ns	     46374	80009204	726ae813	ori	x16,x21,1830	 x21:0x0007fc00 x16=0x0007ff26
     463775.000 ns	     46376	80009208	a07b0453	fle.s	x8,f22,f7	 f22:0x7f800000  f7:0x80000000  x8=0x00000000
     463825.000 ns	     46381	8000920c	08cf21d3	fsub.s	f3,f30,f12	 f30:0x80000000 f12:0x7fc00000  f3=0x7fc00000
     463855.000 ns	     46384	80009210	e00a1cd3	fclass.s	x25,f20	 f20:0x80000000 x25=0x00000008
     463885.000 ns	     46387	80009214	d002fa53	fcvt.s.w	f20,x5	  x5:0x4b4be173 f20=0x4e9697c2
     463925.000 ns	     46391	80009218	580b2ed3	fsqrt.s	f29,f22	 f22:0x7f800000 f29=0x7f800000
     464295.000 ns	     46428	8000921c	0239cd33	div	x26,x19,x3	 x19:0x80041024  x3:0x04090000 x26=0xffffffe1
     464315.000 ns	     46430	80009220	00000013	addi	x0,x0,0	  x0:0x00000000
     464345.000 ns	     46433	80009224	111df4d3	fmul.s	f9,f27,f17	 f27:0xfffffb2a f17:0xcefff7e0  f9=0x7fc00000
     464365.000 ns	     46435	80009228	011b5c93	srli	x25,x22,0x11	 x22:0x00000000 x25=0x00000000
     464375.000 ns	     46436	8000922c	0125c733	xor	x14,x11,x18	 x11:0x00000000 x18:0x80040fe4 x14=0x80040fe4
     464385.000 ns	     46437	80009230	41f55c93	srai	x25,x10,0x1f	 x10:0x31653000 x25=0x00000000
     464405.000 ns	     46439	80009234	a1268a53	fle.s	x20,f13,f18	 f13:0x7803cee6 f18:0x00000000 x20=0x00000000
     464445.000 ns	     46443	80009238	185188d3	fdiv.s	f17,f3,f5	  f3:0x7fc00000  f5:0x7fc00000 f17=0x7fc00000
     464465.000 ns	     46445	8000923c	01061a93	slli	x21,x12,0x10	 x12:0xffffffff x21=0xffff0000
     464505.000 ns	     46449	80009240	084c7fd3	fsub.s	f31,f24,f4	 f24:0x80000000  f4:0x00000000 f31=0x80000000
     464525.000 ns	     46451	80009244	00400433	add	x8,x0,x4	  x0:0x00000000  x4:0x00000001  x8=0x00000001
     464535.000 ns	     46452	80009248	00f265b3	or	x11,x4,x15	  x4:0x00000001 x15:0x80040fe4 x11=0x80040fe5
     464545.000 ns	     46453	8000924c	00990533	add	x10,x18,x9	 x18:0x80040fe4  x9:0xffffffff x10=0x80040fe3
     464555.000 ns	     46454	80009250	00555213	srli	x4,x10,0x5	 x10:0x31653000  x4=0x0400207f
     464565.000 ns	     46455	80009254	00f525b3	slt	x11,x10,x15	 x10:0x31653000 x15:0x80040fe4 x11=0x00000001
     464575.000 ns	     46456	80009258	00f7fd33	and	x26,x15,x15	 x15:0x80040fe4 x15:0x80040fe4 x26=0x80040fe4
     464595.000 ns	     46458	8000925c	21b90053	fsgnj.s	f0,f18,f27	 f18:0x00000000 f27:0xfffffb2a  f0=0x80000000
     464625.000 ns	     46461	80009260	f0090e53	fmv.w.x	f28,x18	 x18:0x80040fe4 f28=0x80040fe4
     464645.000 ns	     46463	80009264	009a9193	slli	x3,x21,0x9	 x21:0xffff0000  x3=0xfe000000
     464665.000 ns	     46465	80009268	280299d3	fmax.s	f19,f5,f0	  f5:0x7fc00000  f0:0x80000000 f19=0x80000000
     464695.000 ns	     46468	8000926c	20541553	fsgnjn.s	f10,f8,f5	  f8:0x00000000  f5:0x7fc00000 f10=0x80000000
     464725.000 ns	     46471	80009270	d00a4053	fcvt.s.w	f0,x20	 x20:0x00000000  f0=0x00000000
     464775.000 ns	     46476	80009274	09209353	fsub.s	f6,f1,f18	  f1:0x7fc00000 f18:0x00000000  f6=0x7fc00000
     464795.000 ns	     46478	80009278	7ebbf797	auipc	x15,0x7ebbf	 x15=0xfebc8278
     464825.000 ns	     46481	8000927c	580fa6d3	fsqrt.s	f13,f31	 f31:0x80000000 f13=0x80000000
     464855.000 ns	     46484	80009280	293d9853	fmax.s	f16,f27,f19	 f27:0xfffffb2a f19:0x80000000 f16=0x80000000
     464885.000 ns	     46487	80009284	031b0533	mul	x10,x22,x17	 x22:0x00000000 x17:0x00200000 x10=0x00000000
     464915.000 ns	     46490	80009288	03d49eb3	mulh	x29,x9,x29	  x9:0xffffffff x29:0x7fffffff x29=0xffffffff
     464955.000 ns	     46494	8000928c	580807d3	fsqrt.s	f15,f16	 f16:0x80000000 f15=0x80000000
     464985.000 ns	     46497	80009290	021f1333	mulh	x6,x30,x1	 x30:0x00000000  x1:0xcc000000  x6=0x00000000
     465015.000 ns	     46500	80009294	c00b08d3	fcvt.w.s	x17,f22	 f22:0x7f800000 x17=0x7fffffff
     465045.000 ns	     46503	80009298	f0038fd3	fmv.w.x	f31,x7	  x7:0xfffffc66 f31=0xfffffc66
     465075.000 ns	     46506	8000929c	a119add3	feq.s	x27,f19,f17	 f19:0x80000000 f17:0x7fc00000 x27=0x00000000
     465105.000 ns	     46509	800092a0	c01e72d3	fcvt.wu.s	x5,f28	 f28:0x80040fe4  x5=0x00000000
     465125.000 ns	     46511	800092a4	e117a713	slti	x14,x15,-495	 x15:0xfebc8278 x14=0x00000001
     465145.000 ns	     46513	800092a8	f00d0153	fmv.w.x	f2,x26	 x26:0x80040fe4  f2=0x80040fe4
     465165.000 ns	     46515	800092ac	00891093	slli	x1,x18,0x8	 x18:0x80040fe4  x1=0x040fe400
     465185.000 ns	     46517	800092b0	035c3533	mulhu	x10,x24,x21	 x24:0xe8154ad6 x21:0xffff0000 x10=0xe81462c0
     465235.000 ns	     46522	800092b4	00f528d3	fadd.s	f17,f10,f15	 f10:0x80000000 f15:0x80000000 f17=0x80000000
     465265.000 ns	     46525	800092b8	29e59e53	fmax.s	f28,f11,f30	 f11:0xcdbd5280 f30:0x80000000 f28=0x80000000
     465285.000 ns	     46527	800092bc	93d7b093	sltiu	x1,x15,-1731	 x15:0xfebc8278  x1=0x00000001
     465305.000 ns	     46529	800092c0	021a9fb3	mulh	x31,x21,x1	 x21:0xffff0000  x1:0x040fe400 x31=0xffffffff
     465325.000 ns	     46531	800092c4	b45a8493	addi	x9,x21,-1211	 x21:0xffff0000  x9=0xfffefb45
     465335.000 ns	     46532	800092c8	00a7b5b3	sltu	x11,x15,x10	 x15:0xfebc8278 x10:0xe81462c0 x11=0x00000000
     465355.000 ns	     46534	800092cc	02b002b3	mul	x5,x0,x11	  x0:0x00000000 x11:0x00000001  x5=0x00000000
     465375.000 ns	     46536	800092d0	00000013	addi	x0,x0,0	  x0:0x00000000
     465385.000 ns	     46537	800092d4	011be5b3	or	x11,x23,x17	 x23:0x80000000 x17:0x7fffffff x11=0xffffffff
     465745.000 ns	     46573	800092d8	03fa50b3	divu	x1,x20,x31	 x20:0x00000000 x31:0xffffffff  x1=0x00000000
     465765.000 ns	     46575	800092dc	01f790b3	sll	x1,x15,x31	 x15:0xfebc8278 x31:0xffffffff  x1=0x00000000
     465775.000 ns	     46576	800092e0	6f47e613	ori	x12,x15,1780	 x15:0xfebc8278 x12=0xfebc86fc
     465785.000 ns	     46577	800092e4	8a55e293	ori	x5,x11,-1883	 x11:0xffffffff  x5=0xffffffff
     465805.000 ns	     46579	800092e8	02549033	mulh	x0,x9,x5	  x9:0xfffefb45  x5:0x00000000
     465825.000 ns	     46581	800092ec	e4253d13	sltiu	x26,x10,-446	 x10:0xe81462c0 x26=0x00000001
     465845.000 ns	     46583	800092f0	a0e420d3	feq.s	x1,f8,f14	  f8:0x00000000 f14:0xffc00000  x1=0x00000000
     465885.000 ns	     46587	800092f4	58063453	fsqrt.s	f8,f12	 f12:0x7fc00000  f8=0x7fc00000
     465915.000 ns	     46590	800092f8	03ba7633	remu	x12,x20,x27	 x20:0x00000000 x27:0x00000000 x12=0x00000000
     465945.000 ns	     46593	800092fc	d0179a53	fcvt.s.wu	f20,x15	 x15:0xfebc8278 f20=0x4f7ebc82
     465965.000 ns	     46595	80009300	6371c217	auipc	x4,0x6371c	  x4=0xe3725300
     465985.000 ns	     46597	80009304	d00c10d3	fcvt.s.w	f1,x24	 x24:0xe8154ad6  f1=0xcdbf55a9
     466005.000 ns	     46599	80009308	00c0dcb3	srl	x25,x1,x12	  x1:0x00000000 x12:0x00000000 x25=0x00000000
     466015.000 ns	     46600	8000930c	0173a933	slt	x18,x7,x23	  x7:0xfffffc66 x23:0x80000000 x18=0x00000000
     466025.000 ns	     46601	80009310	0679ac93	slti	x25,x19,103	 x19:0x80041024 x25=0x00000001
     466045.000 ns	     46603	80009314	034960b3	rem	x1,x18,x20	 x18:0x80040fe4 x20:0x00000000  x1=0x00000000
     466075.000 ns	     46606	80009318	0202edb3	rem	x27,x5,x0	  x5:0xffffffff  x0:0x00000000 x27=0xffffffff
     466105.000 ns	     46609	8000931c	c019f7d3	fcvt.wu.s	x15,f19	 f19:0x80000000 x15=0x00000000
     466135.000 ns	     46612	80009320	c017fa53	fcvt.wu.s	x20,f15	 f15:0x80000000 x20=0x00000000
     466155.000 ns	     46614	80009324	00e58b33	add	x22,x11,x14	 x11:0xffffffff x14:0x00000001 x22=0x00000000
     466175.000 ns	     46616	80009328	20bd93d3	fsgnjn.s	f7,f27,f11	 f27:0xfffffb2a f11:0xcdbd5280  f7=0x7ffffb2a
     466205.000 ns	     46619	8000932c	f00b8a53	fmv.w.x	f20,x23	 x23:0x80000000 f20=0x80000000
     466225.000 ns	     46621	80009330	eec3e197	auipc	x3,0xeec3e	  x3=0x6ec47330
     466235.000 ns	     46622	80009334	05a6c713	xori	x14,x13,90	 x13:0x00000000 x14=0x0000005a
     466255.000 ns	     46624	80009338	20c88c53	fsgnj.s	f24,f17,f12	 f17:0x80000000 f12:0x7fc00000 f24=0x00000000
     466285.000 ns	     46627	8000933c	022fa333	mulhsu	x6,x31,x2	 x31:0xffffffff  x2:0x00000001  x6=0xffffffff
     466325.000 ns	     46631	80009340	183da253	fdiv.s	f4,f27,f3	 f27:0xfffffb2a  f3:0x7fc00000  f4=0x7fc00000
     466345.000 ns	     46633	80009344	3c162513	slti	x10,x12,961	 x12:0x00000000 x10=0x00000001
     466375.000 ns	     46636	80009348	5809cd53	fsqrt.s	f26,f19	 f19:0x80000000 f26=0x80000000
     466405.000 ns	     46639	8000934c	201622d3	fsgnjx.s	f5,f12,f1	 f12:0x7fc00000  f1:0xcdbf55a9  f5=0xffc00000
     466425.000 ns	     46641	80009350	00000013	addi	x0,x0,0	  x0:0x00000000
     466435.000 ns	     46642	80009354	00ae1333	sll	x6,x28,x10	 x28:0x80040fe4 x10:0x00000001  x6=0x00081fc8
     466455.000 ns	     46644	80009358	20c32053	fsgnjx.s	f0,f6,f12	  f6:0x7fc00000 f12:0x7fc00000  f0=0x7fc00000
     466475.000 ns	     46646	8000935c	005e18b3	sll	x17,x28,x5	 x28:0x80040fe4  x5:0xffffffff x17=0x00000000
     466485.000 ns	     46647	80009360	737f6913	ori	x18,x30,1847	 x30:0x00000000 x18=0x00000737
     466505.000 ns	     46649	80009364	c018c3d3	fcvt.wu.s	x7,f17	 f17:0x80000000  x7=0x00000000
     466535.000 ns	     46652	80009368	d01b76d3	fcvt.s.wu	f13,x22	 x22:0x00000000 f13=0x00000000
     466565.000 ns	     46655	8000936c	c01acad3	fcvt.wu.s	x21,f21	 f21:0x00000000 x21=0x00000000
     466585.000 ns	     46657	80009370	0173b1b3	sltu	x3,x7,x23	  x7:0x00000000 x23:0x80000000  x3=0x00000001
     466615.000 ns	     46660	80009374	58027853	fsqrt.s	f16,f4	  f4:0x7fc00000 f16=0x7fc00000
     466645.000 ns	     46663	80009378	c000fed3	fcvt.w.s	x29,f1	  f1:0xcdbf55a9 x29=0x17eab520
     467015.000 ns	     46700	8000937c	02e24733	div	x14,x4,x14	  x4:0xe3725300 x14:0x0000005a x14=0xffaec809
     467055.000 ns	     46704	80009380	580dc9d3	fsqrt.s	f19,f27	 f27:0xfffffb2a f19=0x7fc00000
     467075.000 ns	     46706	80009384	01841293	slli	x5,x8,0x18	  x8:0x00000001  x5=0x01000000
     467095.000 ns	     46708	80009388	a142aa53	feq.s	x20,f5,f20	  f5:0xffc00000 f20:0x80000000 x20=0x00000000
     467115.000 ns	     46710	8000938c	0061a3b3	slt	x7,x3,x6	  x3:0x00000001  x6:0x00081fc8  x7=0x00000001
     467125.000 ns	     46711	80009390	4b5aea93	ori	x21,x21,1205	 x21:0x00000000 x21=0x000004b5
     467145.000 ns	     46713	80009394	28781a53	fmax.s	f20,f16,f7	 f16:0x7fc00000  f7:0x7ffffb2a f20=0x7fc00000
     467175.000 ns	     46716	80009398	c01b4353	fcvt.wu.s	x6,f22	 f22:0x7f800000  x6=0xffffffff
     467205.000 ns	     46719	8000939c	28338cd3	fmin.s	f25,f7,f3	  f7:0x7ffffb2a  f3:0x7fc00000 f25=0x7fc00000
     467235.000 ns	     46722	800093a0	28960fd3	fmin.s	f31,f12,f9	 f12:0x7fc00000  f9:0x7fc00000 f31=0x7fc00000
     467255.000 ns	     46724	800093a4	b0c7ca13	xori	x20,x15,-1268	 x15:0x00000000 x20=0xfffffb0c
     467265.000 ns	     46725	800093a8	000de833	or	x16,x27,x0	 x27:0xffffffff  x0:0x00000000 x16=0xffffffff
     467275.000 ns	     46726	800093ac	40a70933	sub	x18,x14,x10	 x14:0xffaec809 x10:0x00000001 x18=0xffaec808
     467295.000 ns	     46728	800093b0	20ca1b53	fsgnjn.s	f22,f20,f12	 f20:0x7fc00000 f12:0x7fc00000 f22=0xffc00000
     467315.000 ns	     46730	800093b4	b99c2313	slti	x6,x24,-1127	 x24:0xe8154ad6  x6=0x00000001
     467325.000 ns	     46731	800093b8	28fd98b7	lui	x17,0x28fd9	 x17=0x28fd9000
     467345.000 ns	     46733	800093bc	03471633	mulh	x12,x14,x20	 x14:0xffaec809 x20:0xfffffb0c x12=0x00000001
     467385.000 ns	     46737	800093c0	185773d3	fdiv.s	f7,f14,f5	 f14:0xffc00000  f5:0xffc00000  f7=0x7fc00000
     467405.000 ns	     46739	800093c4	015caa33	slt	x20,x25,x21	 x25:0x00000001 x21:0x000004b5 x20=0x00000001
     467445.000 ns	     46743	800093c8	0919cdd3	fsub.s	f27,f19,f17	 f19:0x7fc00000 f17:0x80000000 f27=0x7fc00000
     467465.000 ns	     46745	800093cc	01b2fc33	and	x24,x5,x27	  x5:0x01000000 x27:0xffffffff x24=0x01000000
     467495.000 ns	     46748	800093d0	19fb7c53	fdiv.s	f24,f22,f31	 f22:0xffc00000 f31:0x7fc00000 f24=0x7fc00000
     467535.000 ns	     46752	800093d4	10a9f9d3	fmul.s	f19,f19,f10	 f19:0x7fc00000 f10:0x80000000 f19=0x7fc00000
     467555.000 ns	     46754	800093d8	00000013	addi	x0,x0,0	  x0:0x00000000
     467575.000 ns	     46756	800093dc	a0b69f53	flt.s	x30,f13,f11	 f13:0x00000000 f11:0xcdbd5280 x30=0x00000000
     467595.000 ns	     46758	800093e0	008a53b3	srl	x7,x20,x8	 x20:0x00000001  x8:0x00000001  x7=0x00000000
     467625.000 ns	     46761	800093e4	5804a353	fsqrt.s	f6,f9	  f9:0x7fc00000  f6=0x7fc00000
     467675.000 ns	     46766	800093e8	08457dd3	fsub.s	f27,f10,f4	 f10:0x80000000  f4:0x7fc00000 f27=0x7fc00000
     467695.000 ns	     46768	800093ec	fc47f893	andi	x17,x15,-60	 x15:0x00000000 x17=0x00000000
     467715.000 ns	     46770	800093f0	03f7b5b3	mulhu	x11,x15,x31	 x15:0x00000000 x31:0xffffffff x11=0x00000000
     467735.000 ns	     46772	800093f4	3a2b2613	slti	x12,x22,930	 x22:0x00000000 x12=0x00000001
     467755.000 ns	     46774	800093f8	e0078fd3	fmv.x.w	x31,f15	 f15:0x80000000 x31=0x80000000
     467775.000 ns	     46776	800093fc	01032837	lui	x16,0x1032	 x16=0x01032000
     467815.000 ns	     46780	80009400	01cbfa53	fadd.s	f20,f23,f28	 f23:0x00000000 f28:0x80000000 f20=0x80000000
     467845.000 ns	     46783	80009404	a0ca1fd3	flt.s	x31,f20,f12	 f20:0x7fc00000 f12:0x7fc00000 x31=0x00000000
     467875.000 ns	     46786	80009408	e0060a53	fmv.x.w	x20,f12	 f12:0x7fc00000 x20=0x7fc00000
     467905.000 ns	     46789	8000940c	f00000d3	fmv.w.x	f1,x0	  x0:0x00000000  f1=0x00000000
     467935.000 ns	     46792	80009410	024a2c33	mulhsu	x24,x20,x4	 x20:0x7fc00000  x4:0xe3725300 x24=0x71804ceb
     467955.000 ns	     46794	80009414	0016bcb3	sltu	x25,x13,x1	 x13:0x00000000  x1:0x00000000 x25=0x00000000
     467975.000 ns	     46796	80009418	037abab3	mulhu	x21,x21,x23	 x21:0x000004b5 x23:0x80000000 x21=0x0000025a
     468005.000 ns	     46799	8000941c	02d813b3	mulh	x7,x16,x13	 x16:0x01032000 x13:0x00000000  x7=0x00000000
     468025.000 ns	     46801	80009420	0144f0b3	and	x1,x9,x20	  x9:0xfffefb45 x20:0x7fc00000  x1=0x7fc00000
     468035.000 ns	     46802	80009424	00197c33	and	x24,x18,x1	 x18:0xffaec808  x1:0x00000000 x24=0x7f800000
     468045.000 ns	     46803	80009428	0033f0b3	and	x1,x7,x3	  x7:0x00000000  x3:0x00000001  x1=0x00000000
     468065.000 ns	     46805	8000942c	a1e61fd3	flt.s	x31,f12,f30	 f12:0x7fc00000 f30:0x80000000 x31=0x00000000
     468105.000 ns	     46809	80009430	580f7653	fsqrt.s	f12,f30	 f30:0x80000000 f12=0x80000000
     468135.000 ns	     46812	80009434	a1e49853	flt.s	x16,f9,f30	  f9:0x7fc00000 f30:0x80000000 x16=0x00000000
     468185.000 ns	     46817	80009438	08cc3ad3	fsub.s	f21,f24,f12	 f24:0x7fc00000 f12:0x80000000 f21=0x7fc00000
     468205.000 ns	     46819	8000943c	00000013	addi	x0,x0,0	  x0:0x00000000
     468225.000 ns	     46821	80009440	e00918d3	fclass.s	x17,f18	 f18:0x00000000 x17=0x00000010
     468245.000 ns	     46823	80009444	d3500d93	addi	x27,x0,-715	  x0:0x00000000 x27=0xfffffd35
     468275.000 ns	     46826	80009448	10a08fd3	fmul.s	f31,f1,f10	  f1:0x00000000 f10:0x80000000 f31=0x80000000
     468305.000 ns	     46829	8000944c	c00674d3	fcvt.w.s	x9,f12	 f12:0x80000000  x9=0x00000000
     468345.000 ns	     46833	80009450	58004cd3	fsqrt.s	f25,f0	  f0:0x7fc00000 f25=0x7fc00000
     468375.000 ns	     46836	80009454	a10405d3	fle.s	x11,f8,f16	  f8:0x7fc00000 f16:0x7fc00000 x11=0x00000000
     468395.000 ns	     46838	80009458	0187d633	srl	x12,x15,x24	 x15:0x00000000 x24:0x7f800000 x12=0x00000000
     468405.000 ns	     46839	8000945c	010736b3	sltu	x13,x14,x16	 x14:0xffaec809 x16:0x00000000 x13=0x00000000
     468425.000 ns	     46841	80009460	29ec0dd3	fmin.s	f27,f24,f30	 f24:0x7fc00000 f30:0x80000000 f27=0x80000000
     468445.000 ns	     46843	80009464	00000013	addi	x0,x0,0	  x0:0x00000000
     468455.000 ns	     46844	80009468	ce24eb37	lui	x22,0xce24e	 x22=0xce24e000
     468465.000 ns	     46845	8000946c	40075633	sra	x12,x14,x0	 x14:0xffaec809  x0:0x00000000 x12=0xffaec809
     468495.000 ns	     46848	80009470	11dd9853	fmul.s	f16,f27,f29	 f27:0x80000000 f29:0x7f800000 f16=0x7fc00000
     468525.000 ns	     46851	80009474	034aac33	mulhsu	x24,x21,x20	 x21:0x0000025a x20:0x7fc00000 x24=0x0000012c
     468555.000 ns	     46854	80009478	f00900d3	fmv.w.x	f1,x18	 x18:0xffaec808  f1=0xffaec808
     468585.000 ns	     46857	8000947c	d00cfbd3	fcvt.s.w	f23,x25	 x25:0x00000000 f23=0x00000000
     468605.000 ns	     46859	80009480	3d4a8613	addi	x12,x21,980	 x21:0x0000025a x12=0x0000062e
     468615.000 ns	     46860	80009484	6bdf8b13	addi	x22,x31,1725	 x31:0x00000000 x22=0x000006bd
     468625.000 ns	     46861	80009488	d812a513	slti	x10,x5,-639	  x5:0x01000000 x10=0x00000000
     468645.000 ns	     46863	8000948c	039b6cb3	rem	x25,x22,x25	 x22:0xce24e000 x25:0x00000000 x25=0x000006bd
     468675.000 ns	     46866	80009490	03fc8fb3	mul	x31,x25,x31	 x25:0x00000000 x31:0x00000000 x31=0x00000000
     468695.000 ns	     46868	80009494	0040efb3	or	x31,x1,x4	  x1:0x00000000  x4:0xe3725300 x31=0xe3725300
     468715.000 ns	     46870	80009498	02523033	mulhu	x0,x4,x5	  x4:0xe3725300  x5:0x01000000
     468735.000 ns	     46872	8000949c	41e556b3	sra	x13,x10,x30	 x10:0x00000000 x30:0x00000000 x13=0x00000000
     468755.000 ns	     46874	800094a0	21148c53	fsgnj.s	f24,f9,f17	  f9:0x7fc00000 f17:0x80000000 f24=0xffc00000
     469125.000 ns	     46911	800094a4	03c360b3	rem	x1,x6,x28	  x6:0x00000001 x28:0x80040fe4  x1=0x00000001
     469155.000 ns	     46914	800094a8	e00207d3	fmv.x.w	x15,f4	  f4:0x7fc00000 x15=0x7fc00000
     469175.000 ns	     46916	800094ac	00cb40b3	xor	x1,x22,x12	 x22:0x000006bd x12:0x0000062e  x1=0x00000093
     469195.000 ns	     46918	800094b0	a0442553	feq.s	x10,f8,f4	  f8:0x7fc00000  f4:0x7fc00000 x10=0x00000000
     469225.000 ns	     46921	800094b4	c01df1d3	fcvt.wu.s	x3,f27	 f27:0x80000000  x3=0x00000000
     469245.000 ns	     46923	800094b8	0181a933	slt	x18,x3,x24	  x3:0x00000001 x24:0x0000012c x18=0x00000001
     469255.000 ns	     46924	800094bc	6a1b8a13	addi	x20,x23,1697	 x23:0x80000000 x20=0x800006a1
     469265.000 ns	     46925	800094c0	bc13ae93	slti	x29,x7,-1087	  x7:0x00000000 x29=0x00000000
     469275.000 ns	     46926	800094c4	01978033	add	x0,x15,x25	 x15:0x7fc00000 x25:0x000006bd
     469295.000 ns	     46928	800094c8	a1370c53	fle.s	x24,f14,f19	 f14:0xffc00000 f19:0x7fc00000 x24=0x00000000
     469325.000 ns	     46931	800094cc	02005733	divu	x14,x0,x0	  x0:0x00000000  x0:0x00000000 x14=0xffffffff
     469345.000 ns	     46933	800094d0	01934db3	xor	x27,x6,x25	  x6:0x00000001 x25:0x000006bd x27=0x000006bc
     469365.000 ns	     46935	800094d4	024387b3	mul	x15,x7,x4	  x7:0x00000000  x4:0xe3725300 x15=0x00000000
     469395.000 ns	     46938	800094d8	03e3fb33	remu	x22,x7,x30	  x7:0x00000000 x30:0x00000000 x22=0x00000000
     469425.000 ns	     46941	800094dc	02368fb3	mul	x31,x13,x3	 x13:0x00000000  x3:0x00000000 x31=0x00000000
     469465.000 ns	     46945	800094e0	580efdd3	fsqrt.s	f27,f29	 f29:0x7f800000 f27=0x7f800000
     469495.000 ns	     46948	800094e4	03e6ff33	remu	x30,x13,x30	 x13:0x00000000 x30:0x00000000 x30=0x00000000
     469515.000 ns	     46950	800094e8	01ad85b3	add	x11,x27,x26	 x27:0x000006bc x26:0x00000001 x11=0x000006bd
     469555.000 ns	     46954	800094ec	01efffd3	fadd.s	f31,f31,f30	 f31:0x80000000 f30:0x80000000 f31=0x80000000
     469575.000 ns	     46956	800094f0	000a3033	sltu	x0,x20,x0	 x20:0x800006a1  x0:0x00000000
     469935.000 ns	     46992	800094f4	03b0cdb3	div	x27,x1,x27	  x1:0x00000093 x27:0x000006bc x27=0x00000000
     469965.000 ns	     46995	800094f8	a18591d3	flt.s	x3,f11,f24	 f11:0xcdbd5280 f24:0xffc00000  x3=0x00000000
     469985.000 ns	     46997	800094fc	a1078d13	addi	x26,x15,-1520	 x15:0x00000000 x26=0xfffffa10
     470005.000 ns	     46999	80009500	c0178653	fcvt.wu.s	x12,f15	 f15:0x80000000 x12=0x00000000
     470025.000 ns	     47001	80009504	012c8db3	add	x27,x25,x18	 x25:0x000006bd x18:0x00000001 x27=0x000006be
     470065.000 ns	     47005	80009508	0920bbd3	fsub.s	f23,f1,f18	  f1:0xffaec808 f18:0x00000000 f23=0x7fc00000
     470435.000 ns	     47042	8000950c	021ff033	remu	x0,x31,x1	 x31:0x00000000  x1:0x00000093
     470465.000 ns	     47045	80009510	c0180353	fcvt.wu.s	x6,f16	 f16:0x7fc00000  x6=0xffffffff
     470505.000 ns	     47049	80009514	197d7ad3	fdiv.s	f21,f26,f23	 f26:0x80000000 f23:0x7fc00000 f21=0x7fc00000
     470535.000 ns	     47052	80009518	c01f98d3	fcvt.wu.s	x17,f31	 f31:0x80000000 x17=0x00000000
     470555.000 ns	     47054	8000951c	410c8433	sub	x8,x25,x16	 x25:0x000006bd x16:0x00000000  x8=0x000006bd
     470565.000 ns	     47055	80009520	6aa12093	slti	x1,x2,1706	  x2:0x00000001  x1=0x00000001
     470585.000 ns	     47057	80009524	02c73633	mulhu	x12,x14,x12	 x14:0xffffffff x12:0x00000000 x12=0x00000000
     470605.000 ns	     47059	80009528	00000013	addi	x0,x0,0	  x0:0x00000000
     470625.000 ns	     47061	8000952c	c002cdd3	fcvt.w.s	x27,f5	  f5:0xffc00000 x27=0x7fffffff
     470995.000 ns	     47098	80009530	03a9fc33	remu	x24,x19,x26	 x19:0x80041024 x26:0xfffffa10 x24=0x80041024
     471015.000 ns	     47100	80009534	00343033	sltu	x0,x8,x3	  x8:0x000006bd  x3:0x00000000
     471035.000 ns	     47102	80009538	a0692653	feq.s	x12,f18,f6	 f18:0x00000000  f6:0x7fc00000 x12=0x00000000
     471065.000 ns	     47105	8000953c	d005f8d3	fcvt.s.w	f17,x11	 x11:0x000006bd f17=0x44d7a000
     471105.000 ns	     47109	80009540	580bf953	fsqrt.s	f18,f23	 f23:0x7fc00000 f18=0x7fc00000
     471125.000 ns	     47111	80009544	bb283393	sltiu	x7,x16,-1102	 x16:0x00000000  x7=0x00000001
     471145.000 ns	     47113	80009548	0204fdb3	remu	x27,x9,x0	  x9:0x00000000  x0:0x00000000 x27=0x00000000
     471195.000 ns	     47118	8000954c	00808d53	fadd.s	f26,f1,f8	  f1:0xffaec808  f8:0x7fc00000 f26=0x7fc00000
     471225.000 ns	     47121	80009550	02d6bab3	mulhu	x21,x13,x13	 x13:0x00000000 x13:0x00000000 x21=0x00000000
     471255.000 ns	     47124	80009554	21f705d3	fsgnj.s	f11,f14,f31	 f14:0xffc00000 f31:0x80000000 f11=0xffc00000
     471285.000 ns	     47127	80009558	a11304d3	fle.s	x9,f6,f17	  f6:0x7fc00000 f17:0x44d7a000  x9=0x00000000
     471325.000 ns	     47131	8000955c	11619353	fmul.s	f6,f3,f22	  f3:0x7fc00000 f22:0xffc00000  f6=0x7fc00000
     471345.000 ns	     47133	80009560	6f1d6813	ori	x16,x26,1777	 x26:0xfffffa10 x16=0xfffffef1
     471365.000 ns	     47135	80009564	f0020f53	fmv.w.x	f30,x4	  x4:0xe3725300 f30=0xe3725300
     471395.000 ns	     47138	80009568	a14cac53	feq.s	x24,f25,f20	 f25:0x7fc00000 f20:0x80000000 x24=0x00000000
     471435.000 ns	     47142	8000956c	101d31d3	fmul.s	f3,f26,f1	 f26:0x7fc00000  f1:0xffaec808  f3=0x7fc00000
     471465.000 ns	     47145	80009570	02632533	mulhsu	x10,x6,x6	  x6:0xffffffff  x6:0xffffffff x10=0xffffffff
     471495.000 ns	     47148	80009574	21ab0dd3	fsgnj.s	f27,f22,f26	 f22:0xffc00000 f26:0x7fc00000 f27=0x7fc00000
     471515.000 ns	     47150	80009578	41ad5433	sra	x8,x26,x26	 x26:0xfffffa10 x26:0xfffffa10  x8=0xffffffff
     471545.000 ns	     47153	8000957c	19f517d3	fdiv.s	f15,f10,f31	 f10:0x80000000 f31:0x80000000 f15=0x7fc00000
     471565.000 ns	     47155	80009580	01b107b3	add	x15,x2,x27	  x2:0x00000001 x27:0x00000000 x15=0x00000001
     471575.000 ns	     47156	80009584	253f6b13	ori	x22,x30,595	 x30:0x00000000 x22=0x00000253
     471595.000 ns	     47158	80009588	a1a188d3	fle.s	x17,f3,f26	  f3:0x7fc00000 f26:0x7fc00000 x17=0x00000000
     471625.000 ns	     47161	8000958c	287b05d3	fmin.s	f11,f22,f7	 f22:0xffc00000  f7:0x7fc00000 f11=0x7fc00000
     471645.000 ns	     47163	80009590	016ba833	slt	x16,x23,x22	 x23:0x80000000 x22:0x00000253 x16=0x00000001
     471665.000 ns	     47165	80009594	21901fd3	fsgnjn.s	f31,f0,f25	  f0:0x7fc00000 f25:0x7fc00000 f31=0xffc00000
     471695.000 ns	     47168	80009598	f00709d3	fmv.w.x	f19,x14	 x14:0xffffffff f19=0xffffffff
     471725.000 ns	     47171	8000959c	d016f3d3	fcvt.s.wu	f7,x13	 x13:0x00000000  f7=0x00000000
     471755.000 ns	     47174	800095a0	e0070c53	fmv.x.w	x24,f14	 f14:0xffc00000 x24=0xffc00000
     471805.000 ns	     47179	800095a4	095d7753	fsub.s	f14,f26,f21	 f26:0x7fc00000 f21:0x7fc00000 f14=0x7fc00000
     471855.000 ns	     47184	800095a8	015a4bd3	fadd.s	f23,f20,f21	 f20:0x80000000 f21:0x7fc00000 f23=0x7fc00000
     471885.000 ns	     47187	800095ac	e0061053	fclass.s	x0,f12	 f12:0x80000000
     471905.000 ns	     47189	800095b0	40af5693	srai	x13,x30,0xa	 x30:0x00000000 x13=0x00000000
     471925.000 ns	     47191	800095b4	030b1cb3	mulh	x25,x22,x16	 x22:0x00000253 x16:0x00000001 x25=0x00000000
     471945.000 ns	     47193	800095b8	84d58593	addi	x11,x11,-1971	 x11:0x000006bd x11=0xffffff0a
     471955.000 ns	     47194	800095bc	27760293	addi	x5,x12,631	 x12:0x00000000  x5=0x00000277
     471965.000 ns	     47195	800095c0	00513733	sltu	x14,x2,x5	  x2:0x00000001  x5:0x01000000 x14=0x00000001
     471975.000 ns	     47196	800095c4	010812b3	sll	x5,x16,x16	 x16:0x00000001 x16:0x00000001  x5=0x00000002
     471985.000 ns	     47197	800095c8	016d8f33	add	x30,x27,x22	 x27:0x00000000 x22:0x00000253 x30=0x00000253
     471995.000 ns	     47198	800095cc	905e2493	slti	x9,x28,-1787	 x28:0x80040fe4  x9=0x00000001
     472015.000 ns	     47200	800095d0	03d3e733	rem	x14,x7,x29	  x7:0x00000001 x29:0x00000000 x14=0x00000001
     472035.000 ns	     47202	800095d4	017b9493	slli	x9,x23,0x17	 x23:0x80000000  x9=0x00000000
     472055.000 ns	     47204	800095d8	a0d21cd3	flt.s	x25,f4,f13	  f4:0x7fc00000 f13:0x00000000 x25=0x00000000
     472085.000 ns	     47207	800095dc	205208d3	fsgnj.s	f17,f4,f5	  f4:0x7fc00000  f5:0xffc00000 f17=0xffc00000
     472115.000 ns	     47210	800095e0	c002f7d3	fcvt.w.s	x15,f5	  f5:0xffc00000 x15=0x7fffffff
     472135.000 ns	     47212	800095e4	00a13fb3	sltu	x31,x2,x10	  x2:0x00000001 x10:0xffffffff x31=0x00000001
     472145.000 ns	     47213	800095e8	e896cf13	xori	x30,x13,-375	 x13:0x00000000 x30=0xfffffe89
     472155.000 ns	     47214	800095ec	00389733	sll	x14,x17,x3	 x17:0x00000000  x3:0x00000000 x14=0x00000000
     472515.000 ns	     47250	800095f0	03e24733	div	x14,x4,x30	  x4:0xe3725300 x30:0x00000253 x14=0x00137e12
     472535.000 ns	     47252	800095f4	1999a693	slti	x13,x19,409	 x19:0x80041024 x13=0x00000001
     472565.000 ns	     47255	800095f8	18c1f153	fdiv.s	f2,f3,f12	  f3:0x7fc00000 f12:0x80000000  f2=0x7fc00000
     472585.000 ns	     47257	800095fc	ebf8cd93	xori	x27,x17,-321	 x17:0x00000000 x27=0xfffffebf
     472605.000 ns	     47259	80009600	e00906d3	fmv.x.w	x13,f18	 f18:0x7fc00000 x13=0x7fc00000
     472625.000 ns	     47261	80009604	003b9813	slli	x16,x23,0x3	 x23:0x80000000 x16=0x00000000
     472645.000 ns	     47263	80009608	a0d516d3	flt.s	x13,f10,f13	 f10:0x80000000 f13:0x00000000 x13=0x00000000
     472665.000 ns	     47265	8000960c	01e79193	slli	x3,x15,0x1e	 x15:0x7fffffff  x3=0xc0000000
     472685.000 ns	     47267	80009610	023e1f33	mulh	x30,x28,x3	 x28:0x80040fe4  x3:0x00000000 x30=0x1ffefc07
     472705.000 ns	     47269	80009614	8487c013	xori	x0,x15,-1976	 x15:0x7fffffff
     472725.000 ns	     47271	80009618	28e20ad3	fmin.s	f21,f4,f14	  f4:0x7fc00000 f14:0x7fc00000 f21=0x7fc00000
     472745.000 ns	     47273	8000961c	ee4be2b7	lui	x5,0xee4be	  x5=0xee4be000
     473105.000 ns	     47309	80009620	023acf33	div	x30,x21,x3	 x21:0x00000000  x3:0xc0000000 x30=0x00000000
     473135.000 ns	     47312	80009624	c01171d3	fcvt.wu.s	x3,f2	  f2:0x7fc00000  x3=0xffffffff
     473155.000 ns	     47314	80009628	dfeb7493	andi	x9,x22,-514	 x22:0x00000253  x9=0x00000052
     473165.000 ns	     47315	8000962c	3e800913	addi	x18,x0,1000	  x0:0x00000000 x18=0x000003e8
     473175.000 ns	     47316	80009630	379ca093	slti	x1,x25,889	 x25:0x00000000  x1=0x00000001
     473195.000 ns	     47318	80009634	0306f5b3	remu	x11,x13,x16	 x13:0x00000000 x16:0x00000000 x11=0x00000000
     473565.000 ns	     47355	80009638	028c7cb3	remu	x25,x24,x8	 x24:0xffc00000  x8:0xffffffff x25=0xffc00000
     473585.000 ns	     47357	8000963c	db706717	auipc	x14,0xdb706	 x14=0x5b70f63c
     473595.000 ns	     47358	80009640	4032d333	sra	x6,x5,x3	  x5:0xee4be000  x3:0xffffffff  x6=0xffffffff
     473605.000 ns	     47359	80009644	1afa0cb7	lui	x25,0x1afa0	 x25=0x1afa0000
     473625.000 ns	     47361	80009648	02d411b3	mulh	x3,x8,x13	  x8:0xffffffff x13:0x00000000  x3=0x00000000
     473645.000 ns	     47363	8000964c	56a7a593	slti	x11,x15,1386	 x15:0x7fffffff x11=0x00000000
     473655.000 ns	     47364	80009650	3cd13237	lui	x4,0x3cd13	  x4=0x3cd13000
     473665.000 ns	     47365	80009654	0095d1b3	srl	x3,x11,x9	 x11:0x00000000  x9:0x00000052  x3=0x00000000
     473685.000 ns	     47367	80009658	a1372553	feq.s	x10,f14,f19	 f14:0x7fc00000 f19:0xffffffff x10=0x00000000
     473705.000 ns	     47369	8000965c	01f85813	srli	x16,x16,0x1f	 x16:0x00000000 x16=0x00000000
     473715.000 ns	     47370	80009660	006086b3	add	x13,x1,x6	  x1:0x00000001  x6:0xffffffff x13=0x00000000
     473735.000 ns	     47372	80009664	020047b3	div	x15,x0,x0	  x0:0x00000000  x0:0x00000000 x15=0xffffffff
     473765.000 ns	     47375	80009668	d01f41d3	fcvt.s.wu	f3,x30	 x30:0x00000000  f3=0x00000000
     473795.000 ns	     47378	8000966c	29611b53	fmax.s	f22,f2,f22	  f2:0x7fc00000 f22:0xffc00000 f22=0x7fc00000
     473835.000 ns	     47382	80009670	10bffbd3	fmul.s	f23,f31,f11	 f31:0xffc00000 f11:0x7fc00000 f23=0x7fc00000
     473855.000 ns	     47384	80009674	00df9a13	slli	x20,x31,0xd	 x31:0x00000001 x20=0x00002000
     473865.000 ns	     47385	80009678	4906b693	sltiu	x13,x13,1168	 x13:0x00000000 x13=0x00000001
     473875.000 ns	     47386	8000967c	418e8eb3	sub	x29,x29,x24	 x29:0x00000000 x24:0xffc00000 x29=0x00400000
     473915.000 ns	     47390	80009680	097b4bd3	fsub.s	f23,f22,f23	 f22:0x7fc00000 f23:0x7fc00000 f23=0x7fc00000
     473945.000 ns	     47393	80009684	03e0e833	rem	x16,x1,x30	  x1:0x00000001 x30:0x00000000 x16=0x00000001
     473975.000 ns	     47396	80009688	f00a0dd3	fmv.w.x	f27,x20	 x20:0x00002000 f27=0x00002000
     473995.000 ns	     47398	8000968c	018f3b33	sltu	x22,x30,x24	 x30:0x00000000 x24:0xffc00000 x22=0x00000001
     474005.000 ns	     47399	80009690	71904f13	xori	x30,x0,1817	  x0:0x00000000 x30=0x00000719
     474015.000 ns	     47400	80009694	01bb1633	sll	x12,x22,x27	 x22:0x00000253 x27:0xfffffebf x12=0x80000000
     474035.000 ns	     47402	80009698	21892053	fsgnjx.s	f0,f18,f24	 f18:0x7fc00000 f24:0xffc00000  f0=0xffc00000
     474065.000 ns	     47405	8000969c	e00e86d3	fmv.x.w	x13,f29	 f29:0x7f800000 x13=0x7f800000
     474095.000 ns	     47408	800096a0	e00e90d3	fclass.s	x1,f29	 f29:0x7f800000  x1=0x00000080
     474125.000 ns	     47411	800096a4	024826b3	mulhsu	x13,x16,x4	 x16:0x00000001  x4:0x3cd13000 x13=0x00000000
     474155.000 ns	     47414	800096a8	f00104d3	fmv.w.x	f9,x2	  x2:0x00000001  f9=0x00000001
     474185.000 ns	     47417	800096ac	d00e4753	fcvt.s.w	f14,x28	 x28:0x80040fe4 f14=0xcefff7e0
     474205.000 ns	     47419	800096b0	a86a4813	xori	x16,x20,-1402	 x20:0x00002000 x16=0xffffda86
     474225.000 ns	     47421	800096b4	28561cd3	fmax.s	f25,f12,f5	 f12:0x80000000  f5:0xffc00000 f25=0x80000000
     474245.000 ns	     47423	800096b8	017f31b3	sltu	x3,x30,x23	 x30:0x00000719 x23:0x80000000  x3=0x00000001
     474265.000 ns	     47425	800096bc	284085d3	fmin.s	f11,f1,f4	  f1:0xffaec808  f4:0x7fc00000 f11=0x7fc00000
     474285.000 ns	     47427	800096c0	001b58b3	srl	x17,x22,x1	 x22:0x00000001  x1:0x00000080 x17=0x00000001
     474305.000 ns	     47429	800096c4	29011153	fmax.s	f2,f2,f16	  f2:0x7fc00000 f16:0x7fc00000  f2=0x7fc00000
     474325.000 ns	     47431	800096c8	b22a7613	andi	x12,x20,-1246	 x20:0x00002000 x12=0x00002000
     474355.000 ns	     47434	800096cc	58069653	fsqrt.s	f12,f13	 f13:0x00000000 f12=0x00000000
     474725.000 ns	     47471	800096d0	024d5733	divu	x14,x26,x4	 x26:0xfffffa10  x4:0x3cd13000 x14=0x00000004
     474755.000 ns	     47474	800096d4	02d28db3	mul	x27,x5,x13	  x5:0xee4be000 x13:0x00000000 x27=0x00000000
     474785.000 ns	     47477	800096d8	20ac1753	fsgnjn.s	f14,f24,f10	 f24:0xffc00000 f10:0x80000000 f14=0x7fc00000
     474815.000 ns	     47480	800096dc	2067ab53	fsgnjx.s	f22,f15,f6	 f15:0x7fc00000  f6:0x7fc00000 f22=0x7fc00000
     474845.000 ns	     47483	800096e0	28b79853	fmax.s	f16,f15,f11	 f15:0x7fc00000 f11:0x7fc00000 f16=0x7fc00000
     474865.000 ns	     47485	800096e4	3244b013	sltiu	x0,x9,804	  x9:0x00000052
     474885.000 ns	     47487	800096e8	e00a0753	fmv.x.w	x14,f20	 f20:0x80000000 x14=0x80000000
     474905.000 ns	     47489	800096ec	005e5e93	srli	x29,x28,0x5	 x28:0x80040fe4 x29=0x0400207f
     475265.000 ns	     47525	800096f0	024877b3	remu	x15,x16,x4	 x16:0xffffda86  x4:0x3cd13000 x15=0x0cbb1a86
     475285.000 ns	     47527	800096f4	0166d933	srl	x18,x13,x22	 x13:0x00000000 x22:0x00000001 x18=0x00000000
     475305.000 ns	     47529	800096f8	a0cd2fd3	feq.s	x31,f26,f12	 f26:0x7fc00000 f12:0x00000000 x31=0x00000000
     475335.000 ns	     47532	800096fc	d01ff4d3	fcvt.s.wu	f9,x31	 x31:0x00000001  f9=0x00000000
     475365.000 ns	     47535	80009700	21bb9e53	fsgnjn.s	f28,f23,f27	 f23:0x7fc00000 f27:0x00002000 f28=0xffc00000
     475395.000 ns	     47538	80009704	294c17d3	fmax.s	f15,f24,f20	 f24:0xffc00000 f20:0x80000000 f15=0x80000000
     475425.000 ns	     47541	80009708	03861f33	mulh	x30,x12,x24	 x12:0x00002000 x24:0xffc00000 x30=0xfffffff8
     475455.000 ns	     47544	8000970c	a1f71fd3	flt.s	x31,f14,f31	 f14:0x7fc00000 f31:0xffc00000 x31=0x00000000
     475485.000 ns	     47547	80009710	d00e7ed3	fcvt.s.w	f29,x28	 x28:0x80040fe4 f29=0xcefff7e0
     475515.000 ns	     47550	80009714	033d9cb3	mulh	x25,x27,x19	 x27:0x00000000 x19:0x80041024 x25=0x00000000
     475545.000 ns	     47553	80009718	e00696d3	fclass.s	x13,f13	 f13:0x00000000 x13=0x00000010
     475915.000 ns	     47590	8000971c	037165b3	rem	x11,x2,x23	  x2:0x00000001 x23:0x80000000 x11=0x00000001
     475965.000 ns	     47595	80009720	088979d3	fsub.s	f19,f18,f8	 f18:0x7fc00000  f8:0x7fc00000 f19=0x7fc00000
     475995.000 ns	     47598	80009724	21eb2353	fsgnjx.s	f6,f22,f30	 f22:0x7fc00000 f30:0xe3725300  f6=0xffc00000
     476015.000 ns	     47600	80009728	0909b293	sltiu	x5,x19,144	 x19:0x80041024  x5=0x00000000
     476055.000 ns	     47604	8000972c	01f5fcd3	fadd.s	f25,f11,f31	 f11:0x7fc00000 f31:0xffc00000 f25=0x7fc00000
     476075.000 ns	     47606	80009730	01988ab3	add	x21,x17,x25	 x17:0x00000001 x25:0x00000000 x21=0x00000001
     476085.000 ns	     47607	80009734	017a65b3	or	x11,x20,x23	 x20:0x00002000 x23:0x80000000 x11=0x80002000
     476105.000 ns	     47609	80009738	023fa4b3	mulhsu	x9,x31,x3	 x31:0x00000000  x3:0x00000001  x9=0x00000000
     476135.000 ns	     47612	8000973c	d01a1ed3	fcvt.s.wu	f29,x20	 x20:0x00002000 f29=0x46000000
     476165.000 ns	     47615	80009740	284a03d3	fmin.s	f7,f20,f4	 f20:0x80000000  f4:0x7fc00000  f7=0x80000000
     476195.000 ns	     47618	80009744	a0e210d3	flt.s	x1,f4,f14	  f4:0x7fc00000 f14:0x7fc00000  x1=0x00000000
     476225.000 ns	     47621	80009748	d0134453	fcvt.s.wu	f8,x6	  x6:0xffffffff  f8=0x4f800000
     476275.000 ns	     47626	8000974c	09bf7853	fsub.s	f16,f30,f27	 f30:0xe3725300 f27:0x00002000 f16=0xe3725300
     476295.000 ns	     47628	80009750	aa4fb837	lui	x16,0xaa4fb	 x16=0xaa4fb000
     476315.000 ns	     47630	80009754	e00b98d3	fclass.s	x17,f23	 f23:0x7fc00000 x17=0x00000200
     476345.000 ns	     47633	80009758	a0022553	feq.s	x10,f4,f0	  f4:0x7fc00000  f0:0xffc00000 x10=0x00000000
     476365.000 ns	     47635	8000975c	41e48b33	sub	x22,x9,x30	  x9:0x00000000 x30:0xfffffff8 x22=0x00000008
     476385.000 ns	     47637	80009760	a0f5aed3	feq.s	x29,f11,f15	 f11:0x7fc00000 f15:0x80000000 x29=0x00000000
     476405.000 ns	     47639	80009764	00b788b3	add	x17,x15,x11	 x15:0x0cbb1a86 x11:0x80002000 x17=0x8cbb3a86
     476415.000 ns	     47640	80009768	00000013	addi	x0,x0,0	  x0:0x00000000
     476435.000 ns	     47642	8000976c	03da6233	rem	x4,x20,x29	 x20:0x00002000 x29:0x00000000  x4=0x00002000
     476455.000 ns	     47644	80009770	9f647793	andi	x15,x8,-1546	  x8:0xffffffff x15=0xfffff9f6
     476465.000 ns	     47645	80009774	fe7ad717	auipc	x14,0xfe7ad	 x14=0x7e7b6774
     476485.000 ns	     47647	80009778	d0197cd3	fcvt.s.wu	f25,x18	 x18:0x00000000 f25=0x00000000
     476515.000 ns	     47650	8000977c	e00990d3	fclass.s	x1,f19	 f19:0x7fc00000  x1=0x00000200
     476545.000 ns	     47653	80009780	03ba0233	mul	x4,x20,x27	 x20:0x00002000 x27:0x00000000  x4=0x00000000
     476915.000 ns	     47690	80009784	03666f33	rem	x30,x12,x22	 x12:0x00002000 x22:0x00000008 x30=0x00000000
     476945.000 ns	     47693	80009788	e0038c53	fmv.x.w	x24,f7	  f7:0x80000000 x24=0x80000000
     476995.000 ns	     47698	8000978c	08fdb9d3	fsub.s	f19,f27,f15	 f27:0x00002000 f15:0x80000000 f19=0x00002000
     477025.000 ns	     47701	80009790	02c99233	mulh	x4,x19,x12	 x19:0x80041024 x12:0x00002000  x4=0xfffff000
     477045.000 ns	     47703	80009794	412686b3	sub	x13,x13,x18	 x13:0x00000010 x18:0x00000000 x13=0x00000010
     477055.000 ns	     47704	80009798	0064f6b3	and	x13,x9,x6	  x9:0x00000000  x6:0xffffffff x13=0x00000000
     477065.000 ns	     47705	8000979c	016781b3	add	x3,x15,x22	 x15:0xfffff9f6 x22:0x00000008  x3=0xfffff9fe
     477075.000 ns	     47706	800097a0	6b95ca13	xori	x20,x11,1721	 x11:0x80002000 x20=0x800026b9
     477105.000 ns	     47709	800097a4	19ea3153	fdiv.s	f2,f20,f30	 f20:0x80000000 f30:0xe3725300  f2=0x00000000
     477125.000 ns	     47711	800097a8	01468d33	add	x26,x13,x20	 x13:0x00000000 x20:0x00002000 x26=0x800026b9
     477145.000 ns	     47713	800097ac	29350253	fmin.s	f4,f10,f19	 f10:0x80000000 f19:0x00002000  f4=0x80000000
     477175.000 ns	     47716	800097b0	033c0333	mul	x6,x24,x19	 x24:0x80000000 x19:0x80041024  x6=0x00000000
     477205.000 ns	     47719	800097b4	a1c09853	flt.s	x16,f1,f28	  f1:0xffaec808 f28:0xffc00000 x16=0x00000000
     477235.000 ns	     47722	800097b8	218383d3	fsgnj.s	f7,f7,f24	  f7:0x80000000 f24:0xffc00000  f7=0x80000000
     477265.000 ns	     47725	800097bc	c00ef353	fcvt.w.s	x6,f29	 f29:0x46000000  x6=0x00002000
     477305.000 ns	     47729	800097c0	189c33d3	fdiv.s	f7,f24,f9	 f24:0xffc00000  f9:0x00000000  f7=0x7fc00000
     477325.000 ns	     47731	800097c4	5da83d13	sltiu	x26,x16,1498	 x16:0x00000000 x26=0x00000001
     477345.000 ns	     47733	800097c8	d016fd53	fcvt.s.wu	f26,x13	 x13:0x00000000 f26=0x00000000
     477395.000 ns	     47738	800097cc	011b8453	fadd.s	f8,f23,f17	 f23:0x7fc00000 f17:0xffc00000  f8=0x7fc00000
     477425.000 ns	     47741	800097d0	a17a83d3	fle.s	x7,f21,f23	 f21:0x7fc00000 f23:0x7fc00000  x7=0x00000000
     477445.000 ns	     47743	800097d4	01e5e5b3	or	x11,x11,x30	 x11:0x80002000 x30:0x00000000 x11=0x80002000
     477465.000 ns	     47745	800097d8	a1472753	feq.s	x14,f14,f20	 f14:0x7fc00000 f20:0x80000000 x14=0x00000000
     477485.000 ns	     47747	800097dc	932aaf97	auipc	x31,0x932aa	 x31=0x132b37dc
     477495.000 ns	     47748	800097e0	01e0eeb3	or	x29,x1,x30	  x1:0x00000200 x30:0x00000000 x29=0x00000200
     477855.000 ns	     47784	800097e4	03fdcdb3	div	x27,x27,x31	 x27:0x00000000 x31:0x00000000 x27=0x00000000
     477875.000 ns	     47786	800097e8	0025d033	srl	x0,x11,x2	 x11:0x80002000  x2:0x00000001
     477885.000 ns	     47787	800097ec	ef316013	ori	x0,x2,-269	  x2:0x00000001
     477895.000 ns	     47788	800097f0	923a0593	addi	x11,x20,-1757	 x20:0x800026b9 x11=0x80001fdc
     477925.000 ns	     47791	800097f4	187777d3	fdiv.s	f15,f14,f7	 f14:0x7fc00000  f7:0x7fc00000 f15=0x7fc00000
     477945.000 ns	     47793	800097f8	01cbdcb3	srl	x25,x23,x28	 x23:0x80000000 x28:0x80040fe4 x25=0x08000000
     477955.000 ns	     47794	800097fc	f4d77493	andi	x9,x14,-179	 x14:0x00000000  x9=0x00000000
     477965.000 ns	     47795	80009800	0111edb3	or	x27,x3,x17	  x3:0xfffff9fe x17:0x8cbb3a86 x27=0xfffffbfe
     477975.000 ns	     47796	80009804	cc362017	auipc	x0,0xcc362	
     477995.000 ns	     47798	80009808	034d2933	mulhsu	x18,x26,x20	 x26:0x00000001 x20:0x800026b9 x18=0x00000000
     478015.000 ns	     47800	8000980c	8c595d97	auipc	x27,0x8c595	 x27=0x0c59e80c
     478025.000 ns	     47801	80009810	40fb5cb3	sra	x25,x22,x15	 x22:0x00000008 x15:0xfffff9f6 x25=0x00000000
     478045.000 ns	     47803	80009814	28d21853	fmax.s	f16,f4,f13	  f4:0x80000000 f13:0x00000000 f16=0x00000000
     478065.000 ns	     47805	80009818	40075cb3	sra	x25,x14,x0	 x14:0x00000000  x0:0x00000000 x25=0x00000000
     478085.000 ns	     47807	8000981c	e00c9ad3	fclass.s	x21,f25	 f25:0x00000000 x21=0x00000010
     478105.000 ns	     47809	80009820	01b19f33	sll	x30,x3,x27	  x3:0xfffff9fe x27:0x0c59e80c x30=0xff9fe000
     478125.000 ns	     47811	80009824	a13b2453	feq.s	x8,f22,f19	 f22:0x7fc00000 f19:0x00002000  x8=0x00000000
     478145.000 ns	     47813	80009828	cc7b1c97	auipc	x25,0xcc7b1	 x25=0x4c7ba828
     478155.000 ns	     47814	8000982c	40805793	srai	x15,x0,0x8	  x0:0x00000000 x15=0x00000000
     478165.000 ns	     47815	80009830	41ae51b3	sra	x3,x28,x26	 x28:0x80040fe4 x26:0x00000001  x3=0xc00207f2
     478185.000 ns	     47817	80009834	204b9d53	fsgnjn.s	f26,f23,f4	 f23:0x7fc00000  f4:0x80000000 f26=0x7fc00000
     478205.000 ns	     47819	80009838	00d774b3	and	x9,x14,x13	 x14:0x00000000 x13:0x00000000  x9=0x00000000
     478215.000 ns	     47820	8000983c	0000c833	xor	x16,x1,x0	  x1:0x00000200  x0:0x00000000 x16=0x00000200
     478235.000 ns	     47822	80009840	29230453	fmin.s	f8,f6,f18	  f6:0xffc00000 f18:0x7fc00000  f8=0x7fc00000
     478255.000 ns	     47824	80009844	4085d413	srai	x8,x11,0x8	 x11:0x80001fdc  x8=0xff80001f
     478615.000 ns	     47860	80009848	026ff533	remu	x10,x31,x6	 x31:0x132b37dc  x6:0x00002000 x10=0x000017dc
     478635.000 ns	     47862	8000984c	0e333093	sltiu	x1,x6,227	  x6:0x00002000  x1=0x00000000
     478645.000 ns	     47863	80009850	014d5093	srli	x1,x26,0x14	 x26:0x00000001  x1=0x00000000
     478655.000 ns	     47864	80009854	324a0e93	addi	x29,x20,804	 x20:0x800026b9 x29=0x800029dd
     478675.000 ns	     47866	80009858	29b01753	fmax.s	f14,f0,f27	  f0:0xffc00000 f27:0x00002000 f14=0x00002000
     478695.000 ns	     47868	8000985c	013561b3	or	x3,x10,x19	 x10:0x000017dc x19:0x80041024  x3=0x800417fc
     478705.000 ns	     47869	80009860	00a62933	slt	x18,x12,x10	 x12:0x00002000 x10:0x000017dc x18=0x00000000
     479065.000 ns	     47905	80009864	03fc4ab3	div	x21,x24,x31	 x24:0x80000000 x31:0x132b37dc x21=0xfffffffa
     479095.000 ns	     47908	80009868	a0d103d3	fle.s	x7,f2,f13	  f2:0x00000000 f13:0x00000000  x7=0x00000001
     479115.000 ns	     47910	8000986c	01a69fb3	sll	x31,x13,x26	 x13:0x00000000 x26:0x00000001 x31=0x00000000
     479135.000 ns	     47912	80009870	a1669453	flt.s	x8,f13,f22	 f13:0x00000000 f22:0x7fc00000  x8=0x00000000
     479165.000 ns	     47915	80009874	217820d3	fsgnjx.s	f1,f16,f23	 f16:0x00000000 f23:0x7fc00000  f1=0x00000000
     479185.000 ns	     47917	80009878	0171b0b3	sltu	x1,x3,x23	  x3:0x800417fc x23:0x80000000  x1=0x00000000
     479205.000 ns	     47919	8000987c	c00a4953	fcvt.w.s	x18,f20	 f20:0x80000000 x18=0x00000000
     479225.000 ns	     47921	80009880	00f6b033	sltu	x0,x13,x15	 x13:0x00000000 x15:0x00000000
     479245.000 ns	     47923	80009884	e00e93d3	fclass.s	x7,f29	 f29:0x46000000  x7=0x00000040
     479265.000 ns	     47925	80009888	410e0db3	sub	x27,x28,x16	 x28:0x80040fe4 x16:0x00000200 x27=0x80040de4
     479275.000 ns	     47926	8000988c	01e0d533	srl	x10,x1,x30	  x1:0x00000000 x30:0xff9fe000 x10=0x00000000
     479305.000 ns	     47929	80009890	580a77d3	fsqrt.s	f15,f20	 f20:0x80000000 f15=0x80000000
     479675.000 ns	     47966	80009894	0339d3b3	divu	x7,x19,x19	 x19:0x80041024 x19:0x80041024  x7=0x00000001
     479695.000 ns	     47968	80009898	409cd113	srai	x2,x25,0x9	 x25:0x4c7ba828  x2=0x00263dd4
     479705.000 ns	     47969	8000989c	1a4afc13	andi	x24,x21,420	 x21:0xfffffffa x24=0x000001a0
     479725.000 ns	     47971	800098a0	21068053	fsgnj.s	f0,f13,f16	 f13:0x00000000 f16:0x00000000  f0=0x00000000
     479745.000 ns	     47973	800098a4	eb51b093	sltiu	x1,x3,-331	  x3:0x800417fc  x1=0x00000001
     479755.000 ns	     47974	800098a8	cd5dfb13	andi	x22,x27,-811	 x27:0x80040de4 x22=0x80040cc4
     479765.000 ns	     47975	800098ac	cfb93c93	sltiu	x25,x18,-773	 x18:0x00000000 x25=0x00000001
     479775.000 ns	     47976	800098b0	01208d33	add	x26,x1,x18	  x1:0x00000001 x18:0x00000000 x26=0x00000001
     479785.000 ns	     47977	800098b4	5152b413	sltiu	x8,x5,1301	  x5:0x00000000  x8=0x00000001
     480145.000 ns	     48013	800098b8	036cc633	div	x12,x25,x22	 x25:0x00000001 x22:0x80040cc4 x12=0x00000000
     480175.000 ns	     48016	800098bc	024f2b33	mulhsu	x22,x30,x4	 x30:0xff9fe000  x4:0xfffff000 x22=0xff9fe006
     480205.000 ns	     48019	800098c0	c00b76d3	fcvt.w.s	x13,f22	 f22:0x7fc00000 x13=0x7fffffff
     480225.000 ns	     48021	800098c4	00fba6b3	slt	x13,x23,x15	 x23:0x80000000 x15:0x00000000 x13=0x00000001
     480585.000 ns	     48057	800098c8	027c6eb3	rem	x29,x24,x7	 x24:0x000001a0  x7:0x00000001 x29=0x00000000
     480605.000 ns	     48059	800098cc	fe290313	addi	x6,x18,-30	 x18:0x00000000  x6=0xffffffe2
     480615.000 ns	     48060	800098d0	6ba514b7	lui	x9,0x6ba51	  x9=0x6ba51000
     480625.000 ns	     48061	800098d4	0039db13	srli	x22,x19,0x3	 x19:0x80041024 x22=0x10008204
     480635.000 ns	     48062	800098d8	73e63b13	sltiu	x22,x12,1854	 x12:0x00000000 x22=0x00000001
     480655.000 ns	     48064	800098dc	21c42bd3	fsgnjx.s	f23,f8,f28	  f8:0x7fc00000 f28:0xffc00000 f23=0xffc00000
     480685.000 ns	     48067	800098e0	c004f0d3	fcvt.w.s	x1,f9	  f9:0x00000000  x1=0x00000000
     480705.000 ns	     48069	800098e4	02f0b593	sltiu	x11,x1,47	  x1:0x00000001 x11=0x00000001
     480715.000 ns	     48070	800098e8	162d6913	ori	x18,x26,354	 x26:0x00000001 x18=0x00000163
     480735.000 ns	     48072	800098ec	03d2c6b3	div	x13,x5,x29	  x5:0x00000000 x29:0x00000000 x13=0xffffffff
     480775.000 ns	     48076	800098f0	117fb753	fmul.s	f14,f31,f23	 f31:0xffc00000 f23:0xffc00000 f14=0x7fc00000
     480795.000 ns	     48078	800098f4	011fcf33	xor	x30,x31,x17	 x31:0x00000000 x17:0x8cbb3a86 x30=0x8cbb3a86
     480835.000 ns	     48082	800098f8	084c73d3	fsub.s	f7,f24,f4	 f24:0xffc00000  f4:0x80000000  f7=0x7fc00000
     480855.000 ns	     48084	800098fc	40040fb3	sub	x31,x8,x0	  x8:0x00000001  x0:0x00000000 x31=0x00000001
     480875.000 ns	     48086	80009900	d0082a53	fcvt.s.w	f20,x16	 x16:0x00000200 f20=0x44000000
     481245.000 ns	     48123	80009904	03e6d433	divu	x8,x13,x30	 x13:0xffffffff x30:0x8cbb3a86  x8=0x00000001
     481265.000 ns	     48125	80009908	00d11433	sll	x8,x2,x13	  x2:0x00263dd4 x13:0xffffffff  x8=0x00000000
     481285.000 ns	     48127	8000990c	c0073b53	fcvt.w.s	x22,f14	 f14:0x7fc00000 x22=0x7fffffff
     481325.000 ns	     48131	80009910	580f99d3	fsqrt.s	f19,f31	 f31:0xffc00000 f19=0x7fc00000
     481355.000 ns	     48134	80009914	29950ed3	fmin.s	f29,f10,f25	 f10:0x80000000 f25:0x00000000 f29=0x80000000
     481385.000 ns	     48137	80009918	21910dd3	fsgnj.s	f27,f2,f25	  f2:0x00000000 f25:0x00000000 f27=0x00000000
     481425.000 ns	     48141	8000991c	11c67bd3	fmul.s	f23,f12,f28	 f12:0x00000000 f28:0xffc00000 f23=0x7fc00000
     481455.000 ns	     48144	80009920	c00b32d3	fcvt.w.s	x5,f22	 f22:0x7fc00000  x5=0x7fffffff
     481485.000 ns	     48147	80009924	037b8333	mul	x6,x23,x23	 x23:0x80000000 x23:0x80000000  x6=0x00000000
     481505.000 ns	     48149	80009928	00000013	addi	x0,x0,0	  x0:0x00000000
     481525.000 ns	     48151	8000992c	293e0d53	fmin.s	f26,f28,f19	 f28:0xffc00000 f19:0x7fc00000 f26=0x7fc00000
     481555.000 ns	     48154	80009930	a01fa953	feq.s	x18,f31,f1	 f31:0xffc00000  f1:0x00000000 x18=0x00000000
     481575.000 ns	     48156	80009934	007b20b3	slt	x1,x22,x7	 x22:0x7fffffff  x7:0x00000001  x1=0x00000000
     481595.000 ns	     48158	80009938	29ad19d3	fmax.s	f19,f26,f26	 f26:0x7fc00000 f26:0x7fc00000 f19=0x7fc00000
     481625.000 ns	     48161	8000993c	f0098cd3	fmv.w.x	f25,x19	 x19:0x80041024 f25=0x80041024
     481655.000 ns	     48164	80009940	e0028d53	fmv.x.w	x26,f5	  f5:0xffc00000 x26=0xffc00000
     481685.000 ns	     48167	80009944	f0040c53	fmv.w.x	f24,x8	  x8:0x00000000 f24=0x00000000
     481705.000 ns	     48169	80009948	65717693	andi	x13,x2,1623	  x2:0x00263dd4 x13=0x00000454
     481715.000 ns	     48170	8000994c	011d5093	srli	x1,x26,0x11	 x26:0xffc00000  x1=0x00007fe0
     482075.000 ns	     48206	80009950	03b84d33	div	x26,x16,x27	 x16:0x00000200 x27:0x80040de4 x26=0x00000000
     482095.000 ns	     48208	80009954	40028b33	sub	x22,x5,x0	  x5:0x7fffffff  x0:0x00000000 x22=0x7fffffff
     482105.000 ns	     48209	80009958	006cda13	srli	x20,x25,0x6	 x25:0x00000001 x20=0x00000000
     482115.000 ns	     48210	8000995c	019e83b3	add	x7,x29,x25	 x29:0x00000000 x25:0x00000001  x7=0x00000001
     482135.000 ns	     48212	80009960	f00d01d3	fmv.w.x	f3,x26	 x26:0x00000000  f3=0x00000000
     482155.000 ns	     48214	80009964	66654913	xori	x18,x10,1638	 x10:0x00000000 x18=0x00000666
     482175.000 ns	     48216	80009968	f00d8cd3	fmv.w.x	f25,x27	 x27:0x80040de4 f25=0x80040de4
     482205.000 ns	     48219	8000996c	208b1453	fsgnjn.s	f8,f22,f8	 f22:0x7fc00000  f8:0x7fc00000  f8=0xffc00000
     482225.000 ns	     48221	80009970	017d20b3	slt	x1,x26,x23	 x26:0x00000000 x23:0x80000000  x1=0x00000000
     482235.000 ns	     48222	80009974	01ea9133	sll	x2,x21,x30	 x21:0xfffffffa x30:0x8cbb3a86  x2=0xfffffe80
     482245.000 ns	     48223	80009978	01366533	or	x10,x12,x19	 x12:0x00000000 x19:0x80041024 x10=0x80041024
     482255.000 ns	     48224	8000997c	407dd033	sra	x0,x27,x7	 x27:0x80040de4  x7:0x00000001
     482265.000 ns	     48225	80009980	00f8a6b3	slt	x13,x17,x15	 x17:0x8cbb3a86 x15:0x00000000 x13=0x00000001
     482275.000 ns	     48226	80009984	b62d2013	slti	x0,x26,-1182	 x26:0x00000000
     482285.000 ns	     48227	80009988	40cd5313	srai	x6,x26,0xc	 x26:0x00000000  x6=0x00000000
     482295.000 ns	     48228	8000998c	31cb4e93	xori	x29,x22,796	 x22:0x7fffffff x29=0x7ffffce3
     482305.000 ns	     48229	80009990	00b9dab3	srl	x21,x19,x11	 x19:0x80041024 x11:0x00000001 x21=0x40020812
     482325.000 ns	     48231	80009994	2076ad53	fsgnjx.s	f26,f13,f7	 f13:0x00000000  f7:0x7fc00000 f26=0x00000000
     482345.000 ns	     48233	80009998	00b1f133	and	x2,x3,x11	  x3:0x800417fc x11:0x00000001  x2=0x00000000
     482355.000 ns	     48234	8000999c	01a30c33	add	x24,x6,x26	  x6:0x00000000 x26:0x00000000 x24=0x00000000
     482365.000 ns	     48235	800099a0	ecc29b17	auipc	x22,0xecc29	 x22=0x6cc329a0
     482375.000 ns	     48236	800099a4	01293133	sltu	x2,x18,x18	 x18:0x00000666 x18:0x00000666  x2=0x00000000
     482735.000 ns	     48272	800099a8	033bd1b3	divu	x3,x23,x19	 x23:0x80000000 x19:0x80041024  x3=0x00000000
     482755.000 ns	     48274	800099ac	0157cfb3	xor	x31,x15,x21	 x15:0x00000000 x21:0x40020812 x31=0x40020812
     482765.000 ns	     48275	800099b0	21bf4393	xori	x7,x30,539	 x30:0x8cbb3a86  x7=0x8cbb389d
     482785.000 ns	     48277	800099b4	20a81bd3	fsgnjn.s	f23,f16,f10	 f16:0x00000000 f10:0x80000000 f23=0x00000000
     482815.000 ns	     48280	800099b8	02167633	remu	x12,x12,x1	 x12:0x00000000  x1:0x00000000 x12=0x00000000
     482835.000 ns	     48282	800099bc	0054efb3	or	x31,x9,x5	  x9:0x6ba51000  x5:0x7fffffff x31=0x7fffffff
     482855.000 ns	     48284	800099c0	a0f52f53	feq.s	x30,f10,f15	 f10:0x80000000 f15:0x80000000 x30=0x00000001
     482875.000 ns	     48286	800099c4	4d9c97b7	lui	x15,0x4d9c9	 x15=0x4d9c9000
     482915.000 ns	     48290	800099c8	09bbf0d3	fsub.s	f1,f23,f27	 f23:0x00000000 f27:0x00000000  f1=0x80000000
     482935.000 ns	     48292	800099cc	00571893	slli	x17,x14,0x5	 x14:0x00000000 x17=0x00000000
     482945.000 ns	     48293	800099d0	01d8d193	srli	x3,x17,0x1d	 x17:0x8cbb3a86  x3=0x00000000
     482965.000 ns	     48295	800099d4	f00e8c53	fmv.w.x	f24,x29	 x29:0x7ffffce3 f24=0x7ffffce3
     482995.000 ns	     48298	800099d8	d0117053	fcvt.s.wu	f0,x2	  x2:0x00000000  f0=0x00000000
     483015.000 ns	     48300	800099dc	010318b3	sll	x17,x6,x16	  x6:0x00000000 x16:0x00000200 x17=0x00000000
     483035.000 ns	     48302	800099e0	29f098d3	fmax.s	f17,f1,f31	  f1:0x80000000 f31:0xffc00000 f17=0x80000000
     483055.000 ns	     48304	800099e4	987bc893	xori	x17,x23,-1657	 x23:0x80000000 x17=0x7ffff987
     483065.000 ns	     48305	800099e8	e24fe3b7	lui	x7,0xe24fe	  x7=0xe24fe000
     483085.000 ns	     48307	800099ec	024c9733	mulh	x14,x25,x4	 x25:0x00000001  x4:0xfffff000 x14=0xffffffff
     483105.000 ns	     48309	800099f0	765ccc37	lui	x24,0x765cc	 x24=0x765cc000
     483115.000 ns	     48310	800099f4	012b61b3	or	x3,x22,x18	 x22:0x6cc329a0 x18:0x00000666  x3=0x6cc32fe6
     483125.000 ns	     48311	800099f8	0126bb33	sltu	x22,x13,x18	 x13:0x00000001 x18:0x00000666 x22=0x00000001
     483485.000 ns	     48347	800099fc	03eb6433	rem	x8,x22,x30	 x22:0x6cc329a0 x30:0x00000001  x8=0x00000000
     483505.000 ns	     48349	80009a00	013b0833	add	x16,x22,x19	 x22:0x6cc329a0 x19:0x80041024 x16=0x80041025
     483525.000 ns	     48351	80009a04	e0070053	fmv.x.w	x0,f14	 f14:0x7fc00000
     483545.000 ns	     48353	80009a08	b18e3593	sltiu	x11,x28,-1256	 x28:0x80040fe4 x11=0x00000001
     483555.000 ns	     48354	80009a0c	416a0733	sub	x14,x20,x22	 x20:0x00000000 x22:0x00000001 x14=0xffffffff
     483565.000 ns	     48355	80009a10	412405b3	sub	x11,x8,x18	  x8:0x00000000 x18:0x00000666 x11=0xfffff99a
     483585.000 ns	     48357	80009a14	d00a95d3	fcvt.s.w	f11,x21	 x21:0x40020812 f11=0x4e800410
     483615.000 ns	     48360	80009a18	c01318d3	fcvt.wu.s	x17,f6	  f6:0xffc00000 x17=0xffffffff
     483635.000 ns	     48362	80009a1c	41a05713	srai	x14,x0,0x1a	  x0:0x00000000 x14=0x00000000
     483645.000 ns	     48363	80009a20	00889d33	sll	x26,x17,x8	 x17:0xffffffff  x8:0x00000000 x26=0xffffffff
     483665.000 ns	     48365	80009a24	21f19653	fsgnjn.s	f12,f3,f31	  f3:0x00000000 f31:0xffc00000 f12=0x00000000
     483695.000 ns	     48368	80009a28	e00e1553	fclass.s	x10,f28	 f28:0xffc00000 x10=0x00000200
     483725.000 ns	     48371	80009a2c	a10584d3	fle.s	x9,f11,f16	 f11:0x4e800410 f16:0x00000000  x9=0x00000000
     483745.000 ns	     48373	80009a30	0075e033	or	x0,x11,x7	 x11:0xfffff99a  x7:0xe24fe000
     483755.000 ns	     48374	80009a34	00625493	srli	x9,x4,0x6	  x4:0xfffff000  x9=0x03ffffc0
     484115.000 ns	     48410	80009a38	02fbccb3	div	x25,x23,x15	 x23:0x80000000 x15:0x4d9c9000 x25=0xffffffff
     484135.000 ns	     48412	80009a3c	0009c8b3	xor	x17,x19,x0	 x19:0x80041024  x0:0x00000000 x17=0x80041024
     484155.000 ns	     48414	80009a40	d00971d3	fcvt.s.w	f3,x18	 x18:0x00000666  f3=0x44ccc000
     484175.000 ns	     48416	80009a44	49e5be93	sltiu	x29,x11,1182	 x11:0xfffff99a x29=0x00000000
     484205.000 ns	     48419	80009a48	11551453	fmul.s	f8,f10,f21	 f10:0x80000000 f21:0x7fc00000  f8=0x7fc00000
     484225.000 ns	     48421	80009a4c	9bb60013	addi	x0,x12,-1605	 x12:0x00000000
     484235.000 ns	     48422	80009a50	cb5ba793	slti	x15,x23,-843	 x23:0x80000000 x15=0x00000001
     484245.000 ns	     48423	80009a54	00bf0a33	add	x20,x30,x11	 x30:0x00000001 x11:0xfffff99a x20=0xfffff99b
     484265.000 ns	     48425	80009a58	e00b06d3	fmv.x.w	x13,f22	 f22:0x7fc00000 x13=0x7fc00000
     484295.000 ns	     48428	80009a5c	0219c133	div	x2,x19,x1	 x19:0x80041024  x1:0x00000000  x2=0xffffffff
     484325.000 ns	     48431	80009a60	d005f9d3	fcvt.s.w	f19,x11	 x11:0xfffff99a f19=0xc4ccc000
     484345.000 ns	     48433	80009a64	017c33b3	sltu	x7,x24,x23	 x24:0x765cc000 x23:0x80000000  x7=0x00000001
     484375.000 ns	     48436	80009a68	58067653	fsqrt.s	f12,f12	 f12:0x00000000 f12=0x00000000
     484745.000 ns	     48473	80009a6c	0316c2b3	div	x5,x13,x17	 x13:0x7fc00000 x17:0x80041024  x5=0x00000000
     484775.000 ns	     48476	80009a70	d00378d3	fcvt.s.w	f17,x6	  x6:0x00000000 f17=0x00000000
     484805.000 ns	     48479	80009a74	e00e8253	fmv.x.w	x4,f29	 f29:0x80000000  x4=0x80000000
     484835.000 ns	     48482	80009a78	a09818d3	flt.s	x17,f16,f9	 f16:0x00000000  f9:0x00000000 x17=0x00000000
     485205.000 ns	     48519	80009a7c	02706133	rem	x2,x0,x7	  x0:0x00000000  x7:0x00000001  x2=0x00000000
     485255.000 ns	     48524	80009a80	08104fd3	fsub.s	f31,f0,f1	  f0:0x00000000  f1:0x80000000 f31=0x00000000
     485285.000 ns	     48527	80009a84	d004f6d3	fcvt.s.w	f13,x9	  x9:0x03ffffc0 f13=0x4c7ffff0
     485305.000 ns	     48529	80009a88	00778633	add	x12,x15,x7	 x15:0x00000001  x7:0x00000001 x12=0x00000002
     485315.000 ns	     48530	80009a8c	2909ce93	xori	x29,x19,656	 x19:0x80041024 x29=0x800412b4
     485335.000 ns	     48532	80009a90	e00490d3	fclass.s	x1,f9	  f9:0x00000000  x1=0x00000010
     485705.000 ns	     48569	80009a94	034de8b3	rem	x17,x27,x20	 x27:0x80040de4 x20:0xfffff99b x17=0xfffffbda
     485725.000 ns	     48571	80009a98	52942913	slti	x18,x8,1321	  x8:0x00000000 x18=0x00000001
     486085.000 ns	     48607	80009a9c	027265b3	rem	x11,x4,x7	  x4:0x80000000  x7:0x00000001 x11=0x00000000
     486105.000 ns	     48609	80009aa0	0123f8b3	and	x17,x7,x18	  x7:0x00000001 x18:0x00000666 x17=0x00000001
     486125.000 ns	     48611	80009aa4	d0132853	fcvt.s.wu	f16,x6	  x6:0x00000000 f16=0x00000000
     486145.000 ns	     48613	80009aa8	40240133	sub	x2,x8,x2	  x8:0x00000000  x2:0x00000000  x2=0x00000000
     486155.000 ns	     48614	80009aac	86008c93	addi	x25,x1,-1952	  x1:0x00000010 x25=0xfffff870
     486165.000 ns	     48615	80009ab0	407bd233	sra	x4,x23,x7	 x23:0x80000000  x7:0x00000001  x4=0xc0000000
     486195.000 ns	     48618	80009ab4	1187f9d3	fmul.s	f19,f15,f24	 f15:0x80000000 f24:0x7ffffce3 f19=0x7fc00000
     486215.000 ns	     48620	80009ab8	01c0d613	srli	x12,x1,0x1c	  x1:0x00000010 x12=0x00000000
     486575.000 ns	     48656	80009abc	02f2d0b3	divu	x1,x5,x15	  x5:0x00000000 x15:0x00000001  x1=0x00000000
     486595.000 ns	     48658	80009ac0	e9ed3e97	auipc	x29,0xe9ed3	 x29=0x69edcac0
     486605.000 ns	     48659	80009ac4	01854c33	xor	x24,x10,x24	 x10:0x00000200 x24:0x765cc000 x24=0x765cc200
     486615.000 ns	     48660	80009ac8	fd452913	slti	x18,x10,-44	 x10:0x00000200 x18=0x00000000
     486625.000 ns	     48661	80009acc	01121433	sll	x8,x4,x17	  x4:0xc0000000 x17:0x00000001  x8=0x80000000
     486635.000 ns	     48662	80009ad0	c03c3893	sltiu	x17,x24,-1021	 x24:0x765cc200 x17=0x00000001
     486655.000 ns	     48664	80009ad4	28b50fd3	fmin.s	f31,f10,f11	 f10:0x80000000 f11:0x4e800410 f31=0x80000000
     486685.000 ns	     48667	80009ad8	e0091953	fclass.s	x18,f18	 f18:0x7fc00000 x18=0x00000200
     486705.000 ns	     48669	80009adc	3691af17	auipc	x30,0x3691a	 x30=0xb6923adc
     486725.000 ns	     48671	80009ae0	29b197d3	fmax.s	f15,f3,f27	  f3:0x44ccc000 f27:0x00000000 f15=0x44ccc000
     486745.000 ns	     48673	80009ae4	cb172c93	slti	x25,x14,-847	 x14:0x00000000 x25=0x00000000
     486755.000 ns	     48674	80009ae8	00000013	addi	x0,x0,0	  x0:0x00000000
     486765.000 ns	     48675	80009aec	d0623913	sltiu	x18,x4,-762	  x4:0xc0000000 x18=0x00000001
     486785.000 ns	     48677	80009af0	a1931d53	flt.s	x26,f6,f25	  f6:0xffc00000 f25:0x80040de4 x26=0x00000000
     486815.000 ns	     48680	80009af4	03ea8533	mul	x10,x21,x30	 x21:0x40020812 x30:0xb6923adc x10=0xddd70378
     486845.000 ns	     48683	80009af8	e00d9253	fclass.s	x4,f27	 f27:0x00000000  x4=0x00000010
     486865.000 ns	     48685	80009afc	9f31ff17	auipc	x30,0x9f31f	 x30=0x1f328afc
     486885.000 ns	     48687	80009b00	a0b12353	feq.s	x6,f2,f11	  f2:0x00000000 f11:0x4e800410  x6=0x00000000
     486915.000 ns	     48690	80009b04	039f67b3	rem	x15,x30,x25	 x30:0xb6923adc x25:0x00000000 x15=0x1f328afc
     486935.000 ns	     48692	80009b08	e4e0b013	sltiu	x0,x1,-434	  x1:0x00000000
     486945.000 ns	     48693	80009b0c	bd576f13	ori	x30,x14,-1067	 x14:0x00000000 x30=0xfffffbd5
     486955.000 ns	     48694	80009b10	8f6be637	lui	x12,0x8f6be	 x12=0x8f6be000
     486975.000 ns	     48696	80009b14	d002f3d3	fcvt.s.w	f7,x5	  x5:0x00000000  f7=0x00000000
     486995.000 ns	     48698	80009b18	01c0a5b3	slt	x11,x1,x28	  x1:0x00000000 x28:0x80040fe4 x11=0x00000000
     487005.000 ns	     48699	80009b1c	005ee433	or	x8,x29,x5	 x29:0x69edcac0  x5:0x00000000  x8=0x69edcac0
     487015.000 ns	     48700	80009b20	00010833	add	x16,x2,x0	  x2:0x00000000  x0:0x00000000 x16=0x00000000
     487025.000 ns	     48701	80009b24	0175cdb3	xor	x27,x11,x23	 x11:0x00000000 x23:0x80000000 x27=0x80000000
     487035.000 ns	     48702	80009b28	001561b3	or	x3,x10,x1	 x10:0xddd70378  x1:0x00000000  x3=0xddd70378
     487395.000 ns	     48738	80009b2c	03854533	div	x10,x10,x24	 x10:0xddd70378 x24:0x765cc200 x10=0x00000000
     487445.000 ns	     48743	80009b30	09bbac53	fsub.s	f24,f23,f27	 f23:0x00000000 f27:0x00000000 f24=0x80000000
     487475.000 ns	     48746	80009b34	c01c7b53	fcvt.wu.s	x22,f24	 f24:0x7ffffce3 x22=0x00000000
     487515.000 ns	     48750	80009b38	19877dd3	fdiv.s	f27,f14,f24	 f14:0x7fc00000 f24:0x80000000 f27=0x7fc00000
     487535.000 ns	     48752	80009b3c	00ac5713	srli	x14,x24,0xa	 x24:0x765cc200 x14=0x001d9730
     487555.000 ns	     48754	80009b40	a1628cd3	fle.s	x25,f5,f22	  f5:0xffc00000 f22:0x7fc00000 x25=0x00000000
     487575.000 ns	     48756	80009b44	00000013	addi	x0,x0,0	  x0:0x00000000
     487595.000 ns	     48758	80009b48	02ff38b3	mulhu	x17,x30,x15	 x30:0xfffffbd5 x15:0x1f328afc x17=0x1f328a79
     487645.000 ns	     48763	80009b4c	01aa70d3	fadd.s	f1,f20,f26	 f20:0x44000000 f26:0x00000000  f1=0x44000000
     487665.000 ns	     48765	80009b50	01507ab3	and	x21,x0,x21	  x0:0x00000000 x21:0x40020812 x21=0x00000000
     487695.000 ns	     48768	80009b54	58027bd3	fsqrt.s	f23,f4	  f4:0x80000000 f23=0x80000000
     487725.000 ns	     48771	80009b58	03941eb3	mulh	x29,x8,x25	  x8:0x69edcac0 x25:0x00000000 x29=0x00000000
     487745.000 ns	     48773	80009b5c	d5e46c93	ori	x25,x8,-674	  x8:0x69edcac0 x25=0xffffffde
     487755.000 ns	     48774	80009b60	4196db13	srai	x22,x13,0x19	 x13:0x7fc00000 x22=0x0000003f
     487775.000 ns	     48776	80009b64	21342753	fsgnjx.s	f14,f8,f19	  f8:0x7fc00000 f19:0x7fc00000 f14=0x7fc00000
     487805.000 ns	     48779	80009b68	c012c753	fcvt.wu.s	x14,f5	  f5:0xffc00000 x14=0xffffffff
     487835.000 ns	     48782	80009b6c	c00bc953	fcvt.w.s	x18,f23	 f23:0x80000000 x18=0x00000000
     487855.000 ns	     48784	80009b70	01ec34b3	sltu	x9,x24,x30	 x24:0x765cc200 x30:0xfffffbd5  x9=0x00000001
     487875.000 ns	     48786	80009b74	f0080f53	fmv.w.x	f30,x16	 x16:0x00000000 f30=0x00000000
     487895.000 ns	     48788	80009b78	7aa94113	xori	x2,x18,1962	 x18:0x00000000  x2=0x000007aa
     487905.000 ns	     48789	80009b7c	76aca713	slti	x14,x25,1898	 x25:0xffffffde x14=0x00000001
     487915.000 ns	     48790	80009b80	00f8f0b3	and	x1,x17,x15	 x17:0x1f328a79 x15:0x1f328afc  x1=0x1f328a78
     487925.000 ns	     48791	80009b84	f6e22813	slti	x16,x4,-146	  x4:0x00000010 x16=0x00000000
     487945.000 ns	     48793	80009b88	a0d91653	flt.s	x12,f18,f13	 f18:0x7fc00000 f13:0x4c7ffff0 x12=0x00000000
     487965.000 ns	     48795	80009b8c	41a5d913	srai	x18,x11,0x1a	 x11:0x00000000 x18=0x00000000
     487985.000 ns	     48797	80009b90	0300d3b3	divu	x7,x1,x16	  x1:0x1f328a78 x16:0x00000000  x7=0xffffffff
     488015.000 ns	     48800	80009b94	214d91d3	fsgnjn.s	f3,f27,f20	 f27:0x7fc00000 f20:0x44000000  f3=0xffc00000
     488055.000 ns	     48804	80009b98	19f9f253	fdiv.s	f4,f19,f31	 f19:0x7fc00000 f31:0x80000000  f4=0x7fc00000
     488075.000 ns	     48806	80009b9c	01d79a13	slli	x20,x15,0x1d	 x15:0x1f328afc x20=0x80000000
     488095.000 ns	     48808	80009ba0	a093a753	feq.s	x14,f7,f9	  f7:0x00000000  f9:0x00000000 x14=0x00000001
     488135.000 ns	     48812	80009ba4	11537fd3	fmul.s	f31,f6,f21	  f6:0xffc00000 f21:0x7fc00000 f31=0x7fc00000
     488505.000 ns	     48849	80009ba8	0244deb3	divu	x29,x9,x4	  x9:0x00000001  x4:0x00000010 x29=0x00000000
     488535.000 ns	     48852	80009bac	21c12bd3	fsgnjx.s	f23,f2,f28	  f2:0x00000000 f28:0xffc00000 f23=0x80000000
     488905.000 ns	     48889	80009bb0	033c7c33	remu	x24,x24,x19	 x24:0x765cc200 x19:0x80041024 x24=0x765cc200
     488935.000 ns	     48892	80009bb4	e00f1b53	fclass.s	x22,f30	 f30:0x00000000 x22=0x00000010
     488965.000 ns	     48895	80009bb8	29a395d3	fmax.s	f11,f7,f26	  f7:0x00000000 f26:0x00000000 f11=0x00000000
     489015.000 ns	     48900	80009bbc	0112fbd3	fadd.s	f23,f5,f17	  f5:0xffc00000 f17:0x00000000 f23=0x7fc00000
     489045.000 ns	     48903	80009bc0	d006ccd3	fcvt.s.w	f25,x13	 x13:0x7fc00000 f25=0x4eff8000
     489065.000 ns	     48905	80009bc4	a58e94b7	lui	x9,0xa58e9	  x9=0xa58e9000
     489085.000 ns	     48907	80009bc8	e0010a53	fmv.x.w	x20,f2	  f2:0x00000000 x20=0x00000000
     489115.000 ns	     48910	80009bcc	e00f91d3	fclass.s	x3,f31	 f31:0x7fc00000  x3=0x00000200
     489135.000 ns	     48912	80009bd0	008c5213	srli	x4,x24,0x8	 x24:0x765cc200  x4=0x00765cc2
     489495.000 ns	     48948	80009bd4	0319f933	remu	x18,x19,x17	 x19:0x80041024 x17:0x1f328a79 x18=0x0339e640
     489515.000 ns	     48950	80009bd8	0103c233	xor	x4,x7,x16	  x7:0xffffffff x16:0x00000000  x4=0xffffffff
     489525.000 ns	     48951	80009bdc	015e0733	add	x14,x28,x21	 x28:0x80040fe4 x21:0x00000000 x14=0x80040fe4
     489535.000 ns	     48952	80009be0	004cd433	srl	x8,x25,x4	 x25:0xffffffde  x4:0x00765cc2  x8=0x00000001
     489545.000 ns	     48953	80009be4	0190a533	slt	x10,x1,x25	  x1:0x1f328a78 x25:0xffffffde x10=0x00000000
     489565.000 ns	     48955	80009be8	d00cf0d3	fcvt.s.w	f1,x25	 x25:0xffffffde  f1=0xc2080000
     489595.000 ns	     48958	80009bec	030c58b3	divu	x17,x24,x16	 x24:0x765cc200 x16:0x00000000 x17=0xffffffff
     489615.000 ns	     48960	80009bf0	009753b3	srl	x7,x14,x9	 x14:0x80040fe4  x9:0xa58e9000  x7=0x80040fe4
     489645.000 ns	     48963	80009bf4	1908fbd3	fdiv.s	f23,f17,f16	 f17:0x00000000 f16:0x00000000 f23=0x7fc00000
     489675.000 ns	     48966	80009bf8	28af0f53	fmin.s	f30,f30,f10	 f30:0x00000000 f10:0x80000000 f30=0x80000000
     489705.000 ns	     48969	80009bfc	0286a633	mulhsu	x12,x13,x8	 x13:0x7fc00000  x8:0x00000001 x12=0x00000000
     489735.000 ns	     48972	80009c00	28e88ad3	fmin.s	f21,f17,f14	 f17:0x00000000 f14:0x7fc00000 f21=0x00000000
     489765.000 ns	     48975	80009c04	29590ad3	fmin.s	f21,f18,f21	 f18:0x7fc00000 f21:0x7fc00000 f21=0x00000000
     489795.000 ns	     48978	80009c08	e00818d3	fclass.s	x17,f16	 f16:0x00000000 x17=0x00000010
     489825.000 ns	     48981	80009c0c	a09b8cd3	fle.s	x25,f23,f9	 f23:0x7fc00000  f9:0x00000000 x25=0x00000000
     489855.000 ns	     48984	80009c10	f00c0353	fmv.w.x	f6,x24	 x24:0x765cc200  f6=0x765cc200
     489895.000 ns	     48988	80009c14	580d75d3	fsqrt.s	f11,f26	 f26:0x00000000 f11=0x00000000
     489915.000 ns	     48990	80009c18	007c4033	xor	x0,x24,x7	 x24:0x765cc200  x7:0x80040fe4
     489935.000 ns	     48992	80009c1c	c004f7d3	fcvt.w.s	x15,f9	  f9:0x00000000 x15=0x00000000
     489965.000 ns	     48995	80009c20	a17b90d3	flt.s	x1,f23,f23	 f23:0x7fc00000 f23:0x7fc00000  x1=0x00000000
     489995.000 ns	     48998	80009c24	02b028b3	mulhsu	x17,x0,x11	  x0:0x00000000 x11:0x00000000 x17=0x00000000
     490045.000 ns	     49003	80009c28	08f64553	fsub.s	f10,f12,f15	 f12:0x00000000 f15:0x44ccc000 f10=0xc4ccc000
     490065.000 ns	     49005	80009c2c	0003fab3	and	x21,x7,x0	  x7:0x80040fe4  x0:0x00000000 x21=0x00000000
     490425.000 ns	     49041	80009c30	03ff78b3	remu	x17,x30,x31	 x30:0xfffffbd5 x31:0x7fffffff x17=0x7ffffbd6
     490455.000 ns	     49044	80009c34	02b2d6b3	divu	x13,x5,x11	  x5:0x00000000 x11:0x00000000 x13=0xffffffff
     490475.000 ns	     49046	80009c38	01efa4b3	slt	x9,x31,x30	 x31:0x7fffffff x30:0xfffffbd5  x9=0x00000000
     490485.000 ns	     49047	80009c3c	35a43e93	sltiu	x29,x8,858	  x8:0x00000001 x29=0x00000001
     490845.000 ns	     49083	80009c40	027955b3	divu	x11,x18,x7	 x18:0x0339e640  x7:0x80040fe4 x11=0x00000000
     490865.000 ns	     49085	80009c44	010a5213	srli	x4,x20,0x10	 x20:0x00000000  x4=0x00000000
     490875.000 ns	     49086	80009c48	00b6d193	srli	x3,x13,0xb	 x13:0xffffffff  x3=0x001fffff
     490885.000 ns	     49087	80009c4c	019681b3	add	x3,x13,x25	 x13:0xffffffff x25:0x00000000  x3=0xffffffff
     490895.000 ns	     49088	80009c50	00000013	addi	x0,x0,0	  x0:0x00000000
     490905.000 ns	     49089	80009c54	00364133	xor	x2,x12,x3	 x12:0x00000000  x3:0x001fffff  x2=0xffffffff
     490915.000 ns	     49090	80009c58	cb2f0413	addi	x8,x30,-846	 x30:0xfffffbd5  x8=0xfffff887
     490925.000 ns	     49091	80009c5c	00f21413	slli	x8,x4,0xf	  x4:0x00000000  x8=0x00000000
     490945.000 ns	     49093	80009c60	e0038b53	fmv.x.w	x22,f7	  f7:0x00000000 x22=0x00000000
     490965.000 ns	     49095	80009c64	f6681a37	lui	x20,0xf6681	 x20=0xf6681000
     490975.000 ns	     49096	80009c68	00e9db13	srli	x22,x19,0xe	 x19:0x80041024 x22=0x00020010
     490985.000 ns	     49097	80009c6c	41355013	srai	x0,x10,0x13	 x10:0x00000000
     490995.000 ns	     49098	80009c70	9d047213	andi	x4,x8,-1584	  x8:0x00000000  x4=0x00000000
     491015.000 ns	     49100	80009c74	0256e233	rem	x4,x13,x5	 x13:0xffffffff  x5:0x00000000  x4=0xffffffff
     491035.000 ns	     49102	80009c78	40ed8733	sub	x14,x27,x14	 x27:0x80000000 x14:0x80040fe4 x14=0xfffbf01c
     491055.000 ns	     49104	80009c7c	02faad33	mulhsu	x26,x21,x15	 x21:0x00000000 x15:0x00000000 x26=0x00000000
     491105.000 ns	     49109	80009c80	08938053	fsub.s	f0,f7,f9	  f7:0x00000000  f9:0x00000000  f0=0x80000000
     491125.000 ns	     49111	80009c84	20523293	sltiu	x5,x4,517	  x4:0xffffffff  x5=0x00000000
     491145.000 ns	     49113	80009c88	29b183d3	fmin.s	f7,f3,f27	  f3:0xffc00000 f27:0x7fc00000  f7=0x7fc00000
     491165.000 ns	     49115	80009c8c	0137d5b3	srl	x11,x15,x19	 x15:0x00000000 x19:0x80041024 x11=0x00000000
     491185.000 ns	     49117	80009c90	29b89dd3	fmax.s	f27,f17,f27	 f17:0x00000000 f27:0x7fc00000 f27=0x00000000
     491205.000 ns	     49119	80009c94	657dbc93	sltiu	x25,x27,1623	 x27:0x80000000 x25=0x00000000
     491565.000 ns	     49155	80009c98	023f6633	rem	x12,x30,x3	 x30:0xfffffbd5  x3:0xffffffff x12=0x00000000
     491595.000 ns	     49158	80009c9c	21c18053	fsgnj.s	f0,f3,f28	  f3:0xffc00000 f28:0xffc00000  f0=0xffc00000
     491625.000 ns	     49161	80009ca0	20a01853	fsgnjn.s	f16,f0,f10	  f0:0x80000000 f10:0xc4ccc000 f16=0x7fc00000
     491645.000 ns	     49163	80009ca4	00148f33	add	x30,x9,x1	  x9:0x00000000  x1:0x00000000 x30=0x00000000
     491655.000 ns	     49164	80009ca8	01859d13	slli	x26,x11,0x18	 x11:0x00000000 x26=0x00000000
     491665.000 ns	     49165	80009cac	41aad6b3	sra	x13,x21,x26	 x21:0x00000000 x26:0x00000000 x13=0x00000000
     491675.000 ns	     49166	80009cb0	bfec3437	lui	x8,0xbfec3	  x8=0xbfec3000
     491695.000 ns	     49168	80009cb4	a0681a53	flt.s	x20,f16,f6	 f16:0x7fc00000  f6:0x765cc200 x20=0x00000000
     491715.000 ns	     49170	80009cb8	00019f93	slli	x31,x3,0x0	  x3:0xffffffff x31=0xffffffff
     491735.000 ns	     49172	80009cbc	039583b3	mul	x7,x11,x25	 x11:0x00000000 x25:0x00000000  x7=0x00000000
     491755.000 ns	     49174	80009cc0	01cd8cb3	add	x25,x27,x28	 x27:0x80000000 x28:0x80040fe4 x25=0x00040fe4
     491775.000 ns	     49176	80009cc4	a0c995d3	flt.s	x11,f19,f12	 f19:0x7fc00000 f12:0x00000000 x11=0x00000000
     492145.000 ns	     49213	80009cc8	02ee4033	div	x0,x28,x14	 x28:0x80040fe4 x14:0xfffbf01c
     492175.000 ns	     49216	80009ccc	215e8753	fsgnj.s	f14,f29,f21	 f29:0x80000000 f21:0x00000000 f14=0x00000000
     492195.000 ns	     49218	80009cd0	008ab333	sltu	x6,x21,x8	 x21:0x00000000  x8:0xbfec3000  x6=0x00000001
     492215.000 ns	     49220	80009cd4	a1eea053	feq.s	x0,f29,f30	 f29:0x80000000 f30:0x80000000
     492255.000 ns	     49224	80009cd8	106ff7d3	fmul.s	f15,f31,f6	 f31:0x7fc00000  f6:0x765cc200 f15=0x7fc00000
     492275.000 ns	     49226	80009cdc	40e90433	sub	x8,x18,x14	 x18:0x0339e640 x14:0xfffbf01c  x8=0x033df624
     492295.000 ns	     49228	80009ce0	a06facd3	feq.s	x25,f31,f6	 f31:0x7fc00000  f6:0x765cc200 x25=0x00000000
     492315.000 ns	     49230	80009ce4	0056bcb3	sltu	x25,x13,x5	 x13:0x00000000  x5:0x00000000 x25=0x00000000
     492345.000 ns	     49233	80009ce8	580f8f53	fsqrt.s	f30,f31	 f31:0x7fc00000 f30=0x7fc00000
     492365.000 ns	     49235	80009cec	7adf7a93	andi	x21,x30,1965	 x30:0x00000000 x21=0x00000000
     492375.000 ns	     49236	80009cf0	4102fa93	andi	x21,x5,1040	  x5:0x00000000 x21=0x00000000
     492385.000 ns	     49237	80009cf4	0128af33	slt	x30,x17,x18	 x17:0x7ffffbd6 x18:0x0339e640 x30=0x00000000
     492395.000 ns	     49238	80009cf8	409b02b3	sub	x5,x22,x9	 x22:0x00020010  x9:0x00000000  x5=0x00020010
     492415.000 ns	     49240	80009cfc	03759f33	mulh	x30,x11,x23	 x11:0x00000000 x23:0x80000000 x30=0x00000000
     492445.000 ns	     49243	80009d00	29109953	fmax.s	f18,f1,f17	  f1:0xc2080000 f17:0x00000000 f18=0x00000000
     492475.000 ns	     49246	80009d04	a1719153	flt.s	x2,f3,f23	  f3:0xffc00000 f23:0x7fc00000  x2=0x00000000
     492495.000 ns	     49248	80009d08	8d6ec713	xori	x14,x29,-1834	 x29:0x00000001 x14=0xfffff8d7
     492855.000 ns	     49284	80009d0c	03b7e2b3	rem	x5,x15,x27	 x15:0x00000000 x27:0x80000000  x5=0x00000000
     492885.000 ns	     49287	80009d10	a1c9a753	feq.s	x14,f19,f28	 f19:0x7fc00000 f28:0xffc00000 x14=0x00000000
     492905.000 ns	     49289	80009d14	ec2c8d93	addi	x27,x25,-318	 x25:0x00000000 x27=0xfffffec2
     492925.000 ns	     49291	80009d18	28421b53	fmax.s	f22,f4,f4	  f4:0x7fc00000  f4:0x7fc00000 f22=0x7fc00000
     492945.000 ns	     49293	80009d1c	019981b3	add	x3,x19,x25	 x19:0x80041024 x25:0x00000000  x3=0x80041024
     492965.000 ns	     49295	80009d20	f00783d3	fmv.w.x	f7,x15	 x15:0x00000000  f7=0x00000000
     492995.000 ns	     49298	80009d24	29bd9ed3	fmax.s	f29,f27,f27	 f27:0x00000000 f27:0x00000000 f29=0x00000000
     493025.000 ns	     49301	80009d28	a1a5a053	feq.s	x0,f11,f26	 f11:0x00000000 f26:0x00000000
     493395.000 ns	     49338	80009d2c	0325e633	rem	x12,x11,x18	 x11:0x00000000 x18:0x0339e640 x12=0x00000000
     493425.000 ns	     49341	80009d30	d00b21d3	fcvt.s.w	f3,x22	 x22:0x00020010  f3=0x48000400
     493455.000 ns	     49344	80009d34	29768353	fmin.s	f6,f13,f23	 f13:0x4c7ffff0 f23:0x7fc00000  f6=0x4c7ffff0
     493485.000 ns	     49347	80009d38	28669cd3	fmax.s	f25,f13,f6	 f13:0x4c7ffff0  f6:0x765cc200 f25=0x4c7ffff0
     493515.000 ns	     49350	80009d3c	02370533	mul	x10,x14,x3	 x14:0x00000000  x3:0x80041024 x10=0x00000000
     493545.000 ns	     49353	80009d40	02af2f33	mulhsu	x30,x30,x10	 x30:0x00000000 x10:0x00000000 x30=0x00000000
     493575.000 ns	     49356	80009d44	d0000b53	fcvt.s.w	f22,x0	  x0:0x00000000 f22=0x00000000
     493595.000 ns	     49358	80009d48	86ae1737	lui	x14,0x86ae1	 x14=0x86ae1000
     493605.000 ns	     49359	80009d4c	21334913	xori	x18,x6,531	  x6:0x00000001 x18=0x00000212
     493615.000 ns	     49360	80009d50	01ca7233	and	x4,x20,x28	 x20:0x00000000 x28:0x80040fe4  x4=0x00000000
     493635.000 ns	     49362	80009d54	286496d3	fmax.s	f13,f9,f6	  f9:0x00000000  f6:0x4c7ffff0 f13=0x4c7ffff0
     493655.000 ns	     49364	80009d58	17aebeb7	lui	x29,0x17aeb	 x29=0x17aeb000
     493665.000 ns	     49365	80009d5c	b312ccb7	lui	x25,0xb312c	 x25=0xb312c000
     493675.000 ns	     49366	80009d60	99a38513	addi	x10,x7,-1638	  x7:0x00000000 x10=0xfffff99a
     493705.000 ns	     49369	80009d64	19af76d3	fdiv.s	f13,f30,f26	 f30:0x7fc00000 f26:0x00000000 f13=0x7fc00000
     494075.000 ns	     49406	80009d68	0327dfb3	divu	x31,x15,x18	 x15:0x00000000 x18:0x00000212 x31=0x00000000
     494445.000 ns	     49443	80009d6c	03d4c333	div	x6,x9,x29	  x9:0x00000000 x29:0x17aeb000  x6=0x00000000
     494465.000 ns	     49445	80009d70	e1854913	xori	x18,x10,-488	 x10:0xfffff99a x18=0x00000782
     494485.000 ns	     49447	80009d74	28a28153	fmin.s	f2,f5,f10	  f5:0xffc00000 f10:0xc4ccc000  f2=0xc4ccc000
     494505.000 ns	     49449	80009d78	0180e933	or	x18,x1,x24	  x1:0x00000000 x24:0x765cc200 x18=0x765cc200
     494525.000 ns	     49451	80009d7c	a0d91ed3	flt.s	x29,f18,f13	 f18:0x00000000 f13:0x7fc00000 x29=0x00000000
     494555.000 ns	     49454	80009d80	02fb6833	rem	x16,x22,x15	 x22:0x00020010 x15:0x00000000 x16=0x00020010
     494595.000 ns	     49458	80009d84	580df853	fsqrt.s	f16,f27	 f27:0x00000000 f16=0x00000000
     494625.000 ns	     49461	80009d88	d0160653	fcvt.s.wu	f12,x12	 x12:0x00000000 f12=0x00000000
     494665.000 ns	     49465	80009d8c	118ca2d3	fmul.s	f5,f25,f24	 f25:0x4c7ffff0 f24:0x80000000  f5=0x80000000
     494685.000 ns	     49467	80009d90	00109d13	slli	x26,x1,0x1	  x1:0x00000000 x26=0x00000000
     494705.000 ns	     49469	80009d94	a07893d3	flt.s	x7,f17,f7	 f17:0x00000000  f7:0x00000000  x7=0x00000000
     494725.000 ns	     49471	80009d98	0129a433	slt	x8,x19,x18	 x19:0x80041024 x18:0x765cc200  x8=0x00000001
     494745.000 ns	     49473	80009d9c	03e67833	remu	x16,x12,x30	 x12:0x00000000 x30:0x00000000 x16=0x00000000
     494795.000 ns	     49478	80009da0	09f1b0d3	fsub.s	f1,f3,f31	  f3:0x48000400 f31:0x7fc00000  f1=0x7fc00000
     494845.000 ns	     49483	80009da4	094d80d3	fsub.s	f1,f27,f20	 f27:0x00000000 f20:0x44000000  f1=0xc4000000
     494875.000 ns	     49486	80009da8	0303fb33	remu	x22,x7,x16	  x7:0x00000000 x16:0x00000000 x22=0x00000000
     494905.000 ns	     49489	80009dac	024d07b3	mul	x15,x26,x4	 x26:0x00000000  x4:0x00000000 x15=0x00000000
     494935.000 ns	     49492	80009db0	e00e1253	fclass.s	x4,f28	 f28:0xffc00000  x4=0x00000200
     494965.000 ns	     49495	80009db4	c01b9b53	fcvt.wu.s	x22,f23	 f23:0x7fc00000 x22=0xffffffff
     494985.000 ns	     49497	80009db8	01c09f33	sll	x30,x1,x28	  x1:0x00000000 x28:0x80040fe4 x30=0x00000000
     495025.000 ns	     49501	80009dbc	08e276d3	fsub.s	f13,f4,f14	  f4:0x7fc00000 f14:0x00000000 f13=0x7fc00000
     495045.000 ns	     49503	80009dc0	306adb37	lui	x22,0x306ad	 x22=0x306ad000
     495065.000 ns	     49505	80009dc4	e0020f53	fmv.x.w	x30,f4	  f4:0x7fc00000 x30=0x7fc00000
     495095.000 ns	     49508	80009dc8	21bc2dd3	fsgnjx.s	f27,f24,f27	 f24:0x80000000 f27:0x00000000 f27=0x80000000
     495125.000 ns	     49511	80009dcc	021e3433	mulhu	x8,x28,x1	 x28:0x80040fe4  x1:0x00000000  x8=0x00000000
     495145.000 ns	     49513	80009dd0	f70b0f93	addi	x31,x22,-144	 x22:0x306ad000 x31=0x306acf70
     495155.000 ns	     49514	80009dd4	00512733	slt	x14,x2,x5	  x2:0x00000000  x5:0x00000000 x14=0x00000000
     495165.000 ns	     49515	80009dd8	982cbdb7	lui	x27,0x982cb	 x27=0x982cb000
     495195.000 ns	     49518	80009ddc	19d0f6d3	fdiv.s	f13,f1,f29	  f1:0xc4000000 f29:0x00000000 f13=0xff800000
     495225.000 ns	     49521	80009de0	20dc1253	fsgnjn.s	f4,f24,f13	 f24:0x80000000 f13:0x7fc00000  f4=0x00000000
     495245.000 ns	     49523	80009de4	002e31b3	sltu	x3,x28,x2	 x28:0x80040fe4  x2:0x00000000  x3=0x00000000
     495265.000 ns	     49525	80009de8	c007c053	fcvt.w.s	x0,f15	 f15:0x7fc00000
     495635.000 ns	     49562	80009dec	03335533	divu	x10,x6,x19	  x6:0x00000000 x19:0x80041024 x10=0x00000000
     495665.000 ns	     49565	80009df0	03c2a133	mulhsu	x2,x5,x28	  x5:0x00000000 x28:0x80040fe4  x2=0x00000000
     495685.000 ns	     49567	80009df4	40dedfb3	sra	x31,x29,x13	 x29:0x00000000 x13:0x00000000 x31=0x00000000
     495695.000 ns	     49568	80009df8	13018a93	addi	x21,x3,304	  x3:0x00000000 x21=0x00000130
     495725.000 ns	     49571	80009dfc	18ed7153	fdiv.s	f2,f26,f14	 f26:0x00000000 f14:0x00000000  f2=0x7fc00000
     495745.000 ns	     49573	80009e00	2e694793	xori	x15,x18,742	 x18:0x765cc200 x15=0x765cc0e6
     495785.000 ns	     49577	80009e04	08a44553	fsub.s	f10,f8,f10	  f8:0x7fc00000 f10:0xc4ccc000 f10=0x7fc00000
     495815.000 ns	     49580	80009e08	c01872d3	fcvt.wu.s	x5,f16	 f16:0x00000000  x5=0x00000000
     495835.000 ns	     49582	80009e0c	00bea233	slt	x4,x29,x11	 x29:0x00000000 x11:0x00000000  x4=0x00000000
     495855.000 ns	     49584	80009e10	c00af353	fcvt.w.s	x6,f21	 f21:0x00000000  x6=0x00000000
     495885.000 ns	     49587	80009e14	20ec2653	fsgnjx.s	f12,f24,f14	 f24:0x80000000 f14:0x00000000 f12=0x80000000
     495905.000 ns	     49589	80009e18	f6200713	addi	x14,x0,-158	  x0:0x00000000 x14=0xffffff62
     495925.000 ns	     49591	80009e1c	c00877d3	fcvt.w.s	x15,f16	 f16:0x00000000 x15=0x00000000
     495945.000 ns	     49593	80009e20	01c17c33	and	x24,x2,x28	  x2:0x00000000 x28:0x80040fe4 x24=0x00000000
     495975.000 ns	     49596	80009e24	1957f253	fdiv.s	f4,f15,f21	 f15:0x7fc00000 f21:0x00000000  f4=0x7fc00000
     496005.000 ns	     49599	80009e28	282185d3	fmin.s	f11,f3,f2	  f3:0x48000400  f2:0x7fc00000 f11=0x48000400
     496055.000 ns	     49604	80009e2c	00859f53	fadd.s	f30,f11,f8	 f11:0x00000000  f8:0x7fc00000 f30=0x7fc00000
     496085.000 ns	     49607	80009e30	c0013253	fcvt.w.s	x4,f2	  f2:0x7fc00000  x4=0x7fffffff
     496115.000 ns	     49610	80009e34	21950a53	fsgnj.s	f20,f10,f25	 f10:0x7fc00000 f25:0x4c7ffff0 f20=0x7fc00000
     496145.000 ns	     49613	80009e38	2019a0d3	fsgnjx.s	f1,f19,f1	 f19:0x7fc00000  f1:0xc4000000  f1=0xffc00000
     496185.000 ns	     49617	80009e3c	18f297d3	fdiv.s	f15,f5,f15	  f5:0x80000000 f15:0x7fc00000 f15=0x7fc00000
     496205.000 ns	     49619	80009e40	00f50433	add	x8,x10,x15	 x10:0x00000000 x15:0x00000000  x8=0x00000000
     496215.000 ns	     49620	80009e44	0114d6b3	srl	x13,x9,x17	  x9:0x00000000 x17:0x7ffffbd6 x13=0x00000000
     496225.000 ns	     49621	80009e48	01c2dd33	srl	x26,x5,x28	  x5:0x00000000 x28:0x80040fe4 x26=0x00000000
     496245.000 ns	     49623	80009e4c	21771853	fsgnjn.s	f16,f14,f23	 f14:0x00000000 f23:0x7fc00000 f16=0x80000000
     496275.000 ns	     49626	80009e50	c007a6d3	fcvt.w.s	x13,f15	 f15:0x7fc00000 x13=0x7fffffff
     496295.000 ns	     49628	80009e54	00d6f433	and	x8,x13,x13	 x13:0x00000000 x13:0x00000000  x8=0x7fffffff
     496315.000 ns	     49630	80009e58	02bef233	remu	x4,x29,x11	 x29:0x00000000 x11:0x00000000  x4=0x00000000
     496345.000 ns	     49633	80009e5c	201b0553	fsgnj.s	f10,f22,f1	 f22:0x00000000  f1:0xffc00000 f10=0x80000000
     496385.000 ns	     49637	80009e60	19c9fad3	fdiv.s	f21,f19,f28	 f19:0x7fc00000 f28:0xffc00000 f21=0x7fc00000
     496405.000 ns	     49639	80009e64	eaca2a13	slti	x20,x20,-340	 x20:0x00000000 x20=0x00000000
     496415.000 ns	     49640	80009e68	f1fefc93	andi	x25,x29,-225	 x29:0x00000000 x25=0x00000000
     496435.000 ns	     49642	80009e6c	e00306d3	fmv.x.w	x13,f6	  f6:0x4c7ffff0 x13=0x4c7ffff0
     496465.000 ns	     49645	80009e70	0293c233	div	x4,x7,x9	  x7:0x00000000  x9:0x00000000  x4=0xffffffff
     496485.000 ns	     49647	80009e74	00000013	addi	x0,x0,0	  x0:0x00000000
     496495.000 ns	     49648	80009e78	eecf7813	andi	x16,x30,-276	 x30:0x7fc00000 x16=0x7fc00000
     496515.000 ns	     49650	80009e7c	f00c0e53	fmv.w.x	f28,x24	 x24:0x00000000 f28=0x00000000
     496545.000 ns	     49653	80009e80	020876b3	remu	x13,x16,x0	 x16:0x00000000  x0:0x00000000 x13=0x7fc00000
     496595.000 ns	     49658	80009e84	01bbf2d3	fadd.s	f5,f23,f27	 f23:0x7fc00000 f27:0x80000000  f5=0x7fc00000
     496615.000 ns	     49660	80009e88	7709ec13	ori	x24,x19,1904	 x19:0x80041024 x24=0x80041774
     496635.000 ns	     49662	80009e8c	d006f4d3	fcvt.s.w	f9,x13	 x13:0x7fc00000  f9=0x4eff8000
     496655.000 ns	     49664	80009e90	0132c2b3	xor	x5,x5,x19	  x5:0x00000000 x19:0x80041024  x5=0x80041024
     496665.000 ns	     49665	80009e94	00b4fdb3	and	x27,x9,x11	  x9:0x00000000 x11:0x00000000 x27=0x00000000
     496675.000 ns	     49666	80009e98	00000b97	auipc	x23,0x0	 x23=0x80009e98
     496685.000 ns	     49667	80009e9c	00cb8b93	addi	x23,x23,12	 x23:0x80000000 x23=0x80009ea4
     496695.000 ns	     49668	80009ea0	000b8067	jalr	x0,x23,0	 x23:0x80000000
     496745.000 ns	     49673	80009ea4	00100193	addi	x3,x0,1	  x0:0x00000000  x3=0x00000001
     496755.000 ns	     49674	80009ea8	00000073	ecall	
     496765.000 ns	     49675	80009eac	00036f17	auipc	x30,0x36	 x30=0x8003feac
     496775.000 ns	     49676	80009eb0	143f2a23	sw	x3,340(x30)	 x30:0x7fc00000  x3:0x00000001 PA:0xxxxxxxxx
     496795.000 ns	     49678	80009eb4	ff9ff06f	jal	x0,80009eb0	
     496845.000 ns	     49683	80009eac	00036f17	auipc	x30,0x36	 x30=0x8003feac
     496855.000 ns	     49684	80009eb0	143f2a23	sw	x3,340(x30)	 x30:0x8003feac  x3:0x00000001 PA:0xxxxxxxxx
     496875.000 ns	     49686	80009eb4	ff9ff06f	jal	x0,80009eb0	
     496925.000 ns	     49691	80009eac	00036f17	auipc	x30,0x36	 x30=0x8003feac
     496935.000 ns	     49692	80009eb0	143f2a23	sw	x3,340(x30)	 x30:0x8003feac  x3:0x00000001 PA:0xxxxxxxxx
     496955.000 ns	     49694	80009eb4	ff9ff06f	jal	x0,80009eb0	
     497005.000 ns	     49699	80009eac	00036f17	auipc	x30,0x36	 x30=0x8003feac
     497015.000 ns	     49700	80009eb0	143f2a23	sw	x3,340(x30)	 x30:0x8003feac  x3:0x00000001 PA:0xxxxxxxxx
     497035.000 ns	     49702	80009eb4	ff9ff06f	jal	x0,80009eb0	
     497085.000 ns	     49707	80009eac	00036f17	auipc	x30,0x36	 x30=0x8003feac
     497095.000 ns	     49708	80009eb0	143f2a23	sw	x3,340(x30)	 x30:0x8003feac  x3:0x00000001 PA:0xxxxxxxxx
     497115.000 ns	     49710	80009eb4	ff9ff06f	jal	x0,80009eb0	
     497165.000 ns	     49715	80009eac	00036f17	auipc	x30,0x36	 x30=0x8003feac
     497175.000 ns	     49716	80009eb0	143f2a23	sw	x3,340(x30)	 x30:0x8003feac  x3:0x00000001 PA:0xxxxxxxxx
     497195.000 ns	     49718	80009eb4	ff9ff06f	jal	x0,80009eb0	
     497245.000 ns	     49723	80009eac	00036f17	auipc	x30,0x36	 x30=0x8003feac
     497255.000 ns	     49724	80009eb0	143f2a23	sw	x3,340(x30)	 x30:0x8003feac  x3:0x00000001 PA:0xxxxxxxxx
     497275.000 ns	     49726	80009eb4	ff9ff06f	jal	x0,80009eb0	
     497325.000 ns	     49731	80009eac	00036f17	auipc	x30,0x36	 x30=0x8003feac
     497335.000 ns	     49732	80009eb0	143f2a23	sw	x3,340(x30)	 x30:0x8003feac  x3:0x00000001 PA:0xxxxxxxxx
     497355.000 ns	     49734	80009eb4	ff9ff06f	jal	x0,80009eb0	
     497405.000 ns	     49739	80009eac	00036f17	auipc	x30,0x36	 x30=0x8003feac
     497415.000 ns	     49740	80009eb0	143f2a23	sw	x3,340(x30)	 x30:0x8003feac  x3:0x00000001 PA:0xxxxxxxxx
     497435.000 ns	     49742	80009eb4	ff9ff06f	jal	x0,80009eb0	
     497485.000 ns	     49747	80009eac	00036f17	auipc	x30,0x36	 x30=0x8003feac
     497495.000 ns	     49748	80009eb0	143f2a23	sw	x3,340(x30)	 x30:0x8003feac  x3:0x00000001 PA:0xxxxxxxxx
     497515.000 ns	     49750	80009eb4	ff9ff06f	jal	x0,80009eb0	
     497565.000 ns	     49755	80009eac	00036f17	auipc	x30,0x36	 x30=0x8003feac
     497575.000 ns	     49756	80009eb0	143f2a23	sw	x3,340(x30)	 x30:0x8003feac  x3:0x00000001 PA:0xxxxxxxxx
     497595.000 ns	     49758	80009eb4	ff9ff06f	jal	x0,80009eb0	
     497645.000 ns	     49763	80009eac	00036f17	auipc	x30,0x36	 x30=0x8003feac
     497655.000 ns	     49764	80009eb0	143f2a23	sw	x3,340(x30)	 x30:0x8003feac  x3:0x00000001 PA:0xxxxxxxxx
     497675.000 ns	     49766	80009eb4	ff9ff06f	jal	x0,80009eb0	
     497725.000 ns	     49771	80009eac	00036f17	auipc	x30,0x36	 x30=0x8003feac
     497735.000 ns	     49772	80009eb0	143f2a23	sw	x3,340(x30)	 x30:0x8003feac  x3:0x00000001 PA:0xxxxxxxxx
     497755.000 ns	     49774	80009eb4	ff9ff06f	jal	x0,80009eb0	
     497805.000 ns	     49779	80009eac	00036f17	auipc	x30,0x36	 x30=0x8003feac
     497815.000 ns	     49780	80009eb0	143f2a23	sw	x3,340(x30)	 x30:0x8003feac  x3:0x00000001 PA:0xxxxxxxxx
     497835.000 ns	     49782	80009eb4	ff9ff06f	jal	x0,80009eb0	
     497885.000 ns	     49787	80009eac	00036f17	auipc	x30,0x36	 x30=0x8003feac
     497895.000 ns	     49788	80009eb0	143f2a23	sw	x3,340(x30)	 x30:0x8003feac  x3:0x00000001 PA:0xxxxxxxxx
     497915.000 ns	     49790	80009eb4	ff9ff06f	jal	x0,80009eb0	
     497965.000 ns	     49795	80009eac	00036f17	auipc	x30,0x36	 x30=0x8003feac
     497975.000 ns	     49796	80009eb0	143f2a23	sw	x3,340(x30)	 x30:0x8003feac  x3:0x00000001 PA:0xxxxxxxxx
     497995.000 ns	     49798	80009eb4	ff9ff06f	jal	x0,80009eb0	
     498045.000 ns	     49803	80009eac	00036f17	auipc	x30,0x36	 x30=0x8003feac
     498055.000 ns	     49804	80009eb0	143f2a23	sw	x3,340(x30)	 x30:0x8003feac  x3:0x00000001 PA:0xxxxxxxxx
     498075.000 ns	     49806	80009eb4	ff9ff06f	jal	x0,80009eb0	
     498125.000 ns	     49811	80009eac	00036f17	auipc	x30,0x36	 x30=0x8003feac
     498135.000 ns	     49812	80009eb0	143f2a23	sw	x3,340(x30)	 x30:0x8003feac  x3:0x00000001 PA:0xxxxxxxxx
     498155.000 ns	     49814	80009eb4	ff9ff06f	jal	x0,80009eb0	
     498205.000 ns	     49819	80009eac	00036f17	auipc	x30,0x36	 x30=0x8003feac
     498215.000 ns	     49820	80009eb0	143f2a23	sw	x3,340(x30)	 x30:0x8003feac  x3:0x00000001 PA:0xxxxxxxxx
     498235.000 ns	     49822	80009eb4	ff9ff06f	jal	x0,80009eb0	
     498285.000 ns	     49827	80009eac	00036f17	auipc	x30,0x36	 x30=0x8003feac
     498295.000 ns	     49828	80009eb0	143f2a23	sw	x3,340(x30)	 x30:0x8003feac  x3:0x00000001 PA:0xxxxxxxxx
     498315.000 ns	     49830	80009eb4	ff9ff06f	jal	x0,80009eb0	
     498365.000 ns	     49835	80009eac	00036f17	auipc	x30,0x36	 x30=0x8003feac
     498375.000 ns	     49836	80009eb0	143f2a23	sw	x3,340(x30)	 x30:0x8003feac  x3:0x00000001 PA:0xxxxxxxxx
     498395.000 ns	     49838	80009eb4	ff9ff06f	jal	x0,80009eb0	
     498445.000 ns	     49843	80009eac	00036f17	auipc	x30,0x36	 x30=0x8003feac
     498455.000 ns	     49844	80009eb0	143f2a23	sw	x3,340(x30)	 x30:0x8003feac  x3:0x00000001 PA:0xxxxxxxxx
     498475.000 ns	     49846	80009eb4	ff9ff06f	jal	x0,80009eb0	
     498525.000 ns	     49851	80009eac	00036f17	auipc	x30,0x36	 x30=0x8003feac
     498535.000 ns	     49852	80009eb0	143f2a23	sw	x3,340(x30)	 x30:0x8003feac  x3:0x00000001 PA:0xxxxxxxxx
     498555.000 ns	     49854	80009eb4	ff9ff06f	jal	x0,80009eb0	
     498605.000 ns	     49859	80009eac	00036f17	auipc	x30,0x36	 x30=0x8003feac
     498615.000 ns	     49860	80009eb0	143f2a23	sw	x3,340(x30)	 x30:0x8003feac  x3:0x00000001 PA:0xxxxxxxxx
     498635.000 ns	     49862	80009eb4	ff9ff06f	jal	x0,80009eb0	
     498685.000 ns	     49867	80009eac	00036f17	auipc	x30,0x36	 x30=0x8003feac
     498695.000 ns	     49868	80009eb0	143f2a23	sw	x3,340(x30)	 x30:0x8003feac  x3:0x00000001 PA:0xxxxxxxxx
     498715.000 ns	     49870	80009eb4	ff9ff06f	jal	x0,80009eb0	
     498765.000 ns	     49875	80009eac	00036f17	auipc	x30,0x36	 x30=0x8003feac
     498775.000 ns	     49876	80009eb0	143f2a23	sw	x3,340(x30)	 x30:0x8003feac  x3:0x00000001 PA:0xxxxxxxxx
     498795.000 ns	     49878	80009eb4	ff9ff06f	jal	x0,80009eb0	
     498845.000 ns	     49883	80009eac	00036f17	auipc	x30,0x36	 x30=0x8003feac
     498855.000 ns	     49884	80009eb0	143f2a23	sw	x3,340(x30)	 x30:0x8003feac  x3:0x00000001 PA:0xxxxxxxxx
     498875.000 ns	     49886	80009eb4	ff9ff06f	jal	x0,80009eb0	
     498925.000 ns	     49891	80009eac	00036f17	auipc	x30,0x36	 x30=0x8003feac
     498935.000 ns	     49892	80009eb0	143f2a23	sw	x3,340(x30)	 x30:0x8003feac  x3:0x00000001 PA:0xxxxxxxxx
     498955.000 ns	     49894	80009eb4	ff9ff06f	jal	x0,80009eb0	
     499005.000 ns	     49899	80009eac	00036f17	auipc	x30,0x36	 x30=0x8003feac
     499015.000 ns	     49900	80009eb0	143f2a23	sw	x3,340(x30)	 x30:0x8003feac  x3:0x00000001 PA:0xxxxxxxxx
     499035.000 ns	     49902	80009eb4	ff9ff06f	jal	x0,80009eb0	
     499085.000 ns	     49907	80009eac	00036f17	auipc	x30,0x36	 x30=0x8003feac
     499095.000 ns	     49908	80009eb0	143f2a23	sw	x3,340(x30)	 x30:0x8003feac  x3:0x00000001 PA:0xxxxxxxxx
     499115.000 ns	     49910	80009eb4	ff9ff06f	jal	x0,80009eb0	
     499165.000 ns	     49915	80009eac	00036f17	auipc	x30,0x36	 x30=0x8003feac
     499175.000 ns	     49916	80009eb0	143f2a23	sw	x3,340(x30)	 x30:0x8003feac  x3:0x00000001 PA:0xxxxxxxxx
     499195.000 ns	     49918	80009eb4	ff9ff06f	jal	x0,80009eb0	
     499245.000 ns	     49923	80009eac	00036f17	auipc	x30,0x36	 x30=0x8003feac
     499255.000 ns	     49924	80009eb0	143f2a23	sw	x3,340(x30)	 x30:0x8003feac  x3:0x00000001 PA:0xxxxxxxxx
     499275.000 ns	     49926	80009eb4	ff9ff06f	jal	x0,80009eb0	
     499325.000 ns	     49931	80009eac	00036f17	auipc	x30,0x36	 x30=0x8003feac
     499335.000 ns	     49932	80009eb0	143f2a23	sw	x3,340(x30)	 x30:0x8003feac  x3:0x00000001 PA:0xxxxxxxxx
     499355.000 ns	     49934	80009eb4	ff9ff06f	jal	x0,80009eb0	
     499405.000 ns	     49939	80009eac	00036f17	auipc	x30,0x36	 x30=0x8003feac
     499415.000 ns	     49940	80009eb0	143f2a23	sw	x3,340(x30)	 x30:0x8003feac  x3:0x00000001 PA:0xxxxxxxxx
     499435.000 ns	     49942	80009eb4	ff9ff06f	jal	x0,80009eb0	
     499485.000 ns	     49947	80009eac	00036f17	auipc	x30,0x36	 x30=0x8003feac
     499495.000 ns	     49948	80009eb0	143f2a23	sw	x3,340(x30)	 x30:0x8003feac  x3:0x00000001 PA:0xxxxxxxxx
     499515.000 ns	     49950	80009eb4	ff9ff06f	jal	x0,80009eb0	
     499565.000 ns	     49955	80009eac	00036f17	auipc	x30,0x36	 x30=0x8003feac
     499575.000 ns	     49956	80009eb0	143f2a23	sw	x3,340(x30)	 x30:0x8003feac  x3:0x00000001 PA:0xxxxxxxxx
     499595.000 ns	     49958	80009eb4	ff9ff06f	jal	x0,80009eb0	
     499645.000 ns	     49963	80009eac	00036f17	auipc	x30,0x36	 x30=0x8003feac
     499655.000 ns	     49964	80009eb0	143f2a23	sw	x3,340(x30)	 x30:0x8003feac  x3:0x00000001 PA:0xxxxxxxxx
     499675.000 ns	     49966	80009eb4	ff9ff06f	jal	x0,80009eb0	
     499725.000 ns	     49971	80009eac	00036f17	auipc	x30,0x36	 x30=0x8003feac
     499735.000 ns	     49972	80009eb0	143f2a23	sw	x3,340(x30)	 x30:0x8003feac  x3:0x00000001 PA:0xxxxxxxxx
     499755.000 ns	     49974	80009eb4	ff9ff06f	jal	x0,80009eb0	
     499805.000 ns	     49979	80009eac	00036f17	auipc	x30,0x36	 x30=0x8003feac
     499815.000 ns	     49980	80009eb0	143f2a23	sw	x3,340(x30)	 x30:0x8003feac  x3:0x00000001 PA:0xxxxxxxxx
     499835.000 ns	     49982	80009eb4	ff9ff06f	jal	x0,80009eb0	
     499885.000 ns	     49987	80009eac	00036f17	auipc	x30,0x36	 x30=0x8003feac
     499895.000 ns	     49988	80009eb0	143f2a23	sw	x3,340(x30)	 x30:0x8003feac  x3:0x00000001 PA:0xxxxxxxxx
     499915.000 ns	     49990	80009eb4	ff9ff06f	jal	x0,80009eb0	
     499965.000 ns	     49995	80009eac	00036f17	auipc	x30,0x36	 x30=0x8003feac
     499975.000 ns	     49996	80009eb0	143f2a23	sw	x3,340(x30)	 x30:0x8003feac  x3:0x00000001 PA:0xxxxxxxxx
